ACTION START 1200 0 START
ACTION QUERY 1200 10 federal minimum wage increase
ACTION SERP 1200 15 EXAMINE_SERP
ACTION SNIPPET 1200 15 SNIPPET_RELEVANT 1d30ab72-c8be-11e3-a75e-463587891b57
ACTION DOC 1200 35 EXAMINING_DOCUMENT 1d30ab72-c8be-11e3-a75e-463587891b57
ACTION MARK 1200 38 CONSIDERED_RELEVANT 1d30ab72-c8be-11e3-a75e-463587891b57
ACTION SNIPPET 1200 38 SNIPPET_RELEVANT 2a79762a7546e4086f174c4038ae9ce4
ACTION DOC 1200 58 EXAMINING_DOCUMENT 2a79762a7546e4086f174c4038ae9ce4
ACTION MARK 1200 61 CONSIDERED_RELEVANT 2a79762a7546e4086f174c4038ae9ce4
ACTION SNIPPET 1200 61 SNIPPET_RELEVANT 78e5e508f4f1c6bb16a2d7aa9b63b369
ACTION DOC 1200 81 EXAMINING_DOCUMENT 78e5e508f4f1c6bb16a2d7aa9b63b369
ACTION SNIPPET 1200 81 SNIPPET_RELEVANT 6eb3473e881821f1d1547e53301c8168
ACTION DOC 1200 101 EXAMINING_DOCUMENT 6eb3473e881821f1d1547e53301c8168
ACTION SNIPPET 1200 101 SNIPPET_RELEVANT a3fc6c69c936ad8fdbcaf128297753a8
ACTION DOC 1200 121 EXAMINING_DOCUMENT a3fc6c69c936ad8fdbcaf128297753a8
ACTION SNIPPET 1200 121 SNIPPET_RELEVANT 52cf139a3f32908199e19939d7a92daf
ACTION DOC 1200 141 EXAMINING_DOCUMENT 52cf139a3f32908199e19939d7a92daf
ACTION MARK 1200 144 CONSIDERED_RELEVANT 52cf139a3f32908199e19939d7a92daf
ACTION QUERY 1200 154 minimum wage hike
ACTION SERP 1200 159 EXAMINE_SERP
ACTION SNIPPET 1200 159 SNIPPET_RELEVANT edd0acb2f46d27a25510943a9028f55f
ACTION DOC 1200 179 EXAMINING_DOCUMENT edd0acb2f46d27a25510943a9028f55f
ACTION SNIPPET 1200 179 SEEN_PREVIOUSLY a3fc6c69c936ad8fdbcaf128297753a8
ACTION SNIPPET 1200 179 SNIPPET_RELEVANT e5d635447d63698c97a560b43567ed80
ACTION DOC 1200 199 EXAMINING_DOCUMENT e5d635447d63698c97a560b43567ed80
ACTION SNIPPET 1200 199 SNIPPET_RELEVANT 000cdb1509b83f2cb4bcbe0b37d81415
ACTION DOC 1200 219 EXAMINING_DOCUMENT 000cdb1509b83f2cb4bcbe0b37d81415
ACTION SNIPPET 1200 219 SNIPPET_RELEVANT f176e10e4df387e4372daf223e1ffae5
ACTION DOC 1200 239 EXAMINING_DOCUMENT f176e10e4df387e4372daf223e1ffae5
ACTION SNIPPET 1200 239 SNIPPET_RELEVANT be34219a-b5ac-11e3-8cb6-284052554d74
ACTION DOC 1200 259 EXAMINING_DOCUMENT be34219a-b5ac-11e3-8cb6-284052554d74
ACTION SNIPPET 1200 259 SNIPPET_RELEVANT 14b85f03761ab636f353a75895e2ab13
ACTION DOC 1200 279 EXAMINING_DOCUMENT 14b85f03761ab636f353a75895e2ab13
ACTION MARK 1200 282 CONSIDERED_RELEVANT 14b85f03761ab636f353a75895e2ab13
ACTION QUERY 1200 292 Congress wage increase
ACTION SERP 1200 297 EXAMINE_SERP
ACTION SNIPPET 1200 297 SNIPPET_RELEVANT 04cacfa2-6514-11e4-9fdc-d43b053ecb4d
ACTION DOC 1200 317 EXAMINING_DOCUMENT 04cacfa2-6514-11e4-9fdc-d43b053ecb4d
ACTION SNIPPET 1200 317 SNIPPET_RELEVANT 55b00fcc-88a1-11e3-833c-33098f9e5267
ACTION DOC 1200 337 EXAMINING_DOCUMENT 55b00fcc-88a1-11e3-833c-33098f9e5267
ACTION MARK 1200 340 CONSIDERED_RELEVANT 55b00fcc-88a1-11e3-833c-33098f9e5267
ACTION SNIPPET 1200 340 SEEN_PREVIOUSLY 52cf139a3f32908199e19939d7a92daf
ACTION SNIPPET 1200 340 SNIPPET_RELEVANT d89b5fa8-9c8f-11e2-9a79-eb5280c81c63
ACTION DOC 1200 360 EXAMINING_DOCUMENT d89b5fa8-9c8f-11e2-9a79-eb5280c81c63
ACTION SNIPPET 1200 360 SNIPPET_RELEVANT 1410f298-4dd9-11e1-970f-5aedabc3a02c
ACTION DOC 1200 380 EXAMINING_DOCUMENT 1410f298-4dd9-11e1-970f-5aedabc3a02c
ACTION SNIPPET 1200 380 SEEN_PREVIOUSLY 1d30ab72-c8be-11e3-a75e-463587891b57
ACTION SNIPPET 1200 380 SNIPPET_RELEVANT 1f7ab14bc5a447d578810f08b20c8700
ACTION DOC 1200 400 EXAMINING_DOCUMENT 1f7ab14bc5a447d578810f08b20c8700
ACTION SNIPPET 1200 400 SNIPPET_RELEVANT c345e9ccde4d5779e5ee139b849390e3
ACTION DOC 1200 420 EXAMINING_DOCUMENT c345e9ccde4d5779e5ee139b849390e3
ACTION QUERY 1200 430 President minimum wage
ACTION SERP 1200 435 EXAMINE_SERP
ACTION SNIPPET 1200 435 SEEN_PREVIOUSLY 52cf139a3f32908199e19939d7a92daf
ACTION SNIPPET 1200 435 SNIPPET_RELEVANT 2102fad750315b38c2f1afdcb10e45d2
ACTION DOC 1200 455 EXAMINING_DOCUMENT 2102fad750315b38c2f1afdcb10e45d2
ACTION SNIPPET 1200 455 SNIPPET_RELEVANT 53b1787a2b75f762846ee88cb8a76264
ACTION DOC 1200 475 EXAMINING_DOCUMENT 53b1787a2b75f762846ee88cb8a76264
ACTION MARK 1200 478 CONSIDERED_RELEVANT 53b1787a2b75f762846ee88cb8a76264
ACTION SNIPPET 1200 478 SNIPPET_RELEVANT d0dfeb0b360c2fbb3893556a9acc6e59
ACTION DOC 1200 498 EXAMINING_DOCUMENT d0dfeb0b360c2fbb3893556a9acc6e59
ACTION MARK 1200 501 CONSIDERED_RELEVANT d0dfeb0b360c2fbb3893556a9acc6e59
ACTION SNIPPET 1200 501 SNIPPET_RELEVANT 64fe0e8e85701350f7e6239478b3ba19
ACTION DOC 1200 521 EXAMINING_DOCUMENT 64fe0e8e85701350f7e6239478b3ba19
ACTION MARK 1200 524 CONSIDERED_RELEVANT 64fe0e8e85701350f7e6239478b3ba19
ACTION SNIPPET 1200 524 SNIPPET_RELEVANT 7df9bb1153c468445112cbe0b59ee529
ACTION DOC 1200 544 EXAMINING_DOCUMENT 7df9bb1153c468445112cbe0b59ee529
ACTION MARK 1200 547 CONSIDERED_RELEVANT 7df9bb1153c468445112cbe0b59ee529
ACTION SNIPPET 1200 547 SEEN_PREVIOUSLY 1d30ab72-c8be-11e3-a75e-463587891b57
ACTION SNIPPET 1200 547 SNIPPET_RELEVANT 8b2e0db9c1f6612cb49b6d078cf941b0
ACTION DOC 1200 567 EXAMINING_DOCUMENT 8b2e0db9c1f6612cb49b6d078cf941b0
ACTION MARK 1200 570 CONSIDERED_RELEVANT 8b2e0db9c1f6612cb49b6d078cf941b0
ACTION QUERY 1200 580 wage increase bill
ACTION SERP 1200 585 EXAMINE_SERP
ACTION SNIPPET 1200 585 SNIPPET_RELEVANT 5478648acabc53e28953928e85fcfdcc
ACTION DOC 1200 605 EXAMINING_DOCUMENT 5478648acabc53e28953928e85fcfdcc
ACTION MARK 1200 608 CONSIDERED_RELEVANT 5478648acabc53e28953928e85fcfdcc
ACTION SNIPPET 1200 608 SNIPPET_RELEVANT 17a60d60-2abb-11e3-8ade-a1f23cda135e
ACTION DOC 1200 628 EXAMINING_DOCUMENT 17a60d60-2abb-11e3-8ade-a1f23cda135e
ACTION SNIPPET 1200 628 SNIPPET_RELEVANT 170d6fc2-56f0-11e3-8304-caf30787c0a9
ACTION DOC 1200 648 EXAMINING_DOCUMENT 170d6fc2-56f0-11e3-8304-caf30787c0a9
ACTION SNIPPET 1200 648 SNIPPET_RELEVANT d890395a-fb7a-11e5-9140-e61d062438bb
ACTION DOC 1200 668 EXAMINING_DOCUMENT d890395a-fb7a-11e5-9140-e61d062438bb
ACTION SNIPPET 1200 668 SNIPPET_RELEVANT 0c1f678c-52e0-11e3-a7f0-b790929232e1
ACTION DOC 1200 688 EXAMINING_DOCUMENT 0c1f678c-52e0-11e3-a7f0-b790929232e1
ACTION SNIPPET 1200 688 SNIPPET_RELEVANT 104274c042c1cf438b656e6f27b3d23e
ACTION DOC 1200 708 EXAMINING_DOCUMENT 104274c042c1cf438b656e6f27b3d23e
ACTION MARK 1200 711 CONSIDERED_RELEVANT 104274c042c1cf438b656e6f27b3d23e
ACTION QUERY 1200 721 federal wage boost
ACTION SERP 1200 726 EXAMINE_SERP
ACTION SNIPPET 1200 726 SNIPPET_RELEVANT 666b26215e86a684691c852a7f4e1485
ACTION DOC 1200 746 EXAMINING_DOCUMENT 666b26215e86a684691c852a7f4e1485
ACTION MARK 1200 749 CONSIDERED_RELEVANT 666b26215e86a684691c852a7f4e1485
ACTION SNIPPET 1200 749 SNIPPET_RELEVANT f7994b34-87cd-11e3-916e-e01534b1e132
ACTION DOC 1200 769 EXAMINING_DOCUMENT f7994b34-87cd-11e3-916e-e01534b1e132
ACTION MARK 1200 772 CONSIDERED_RELEVANT f7994b34-87cd-11e3-916e-e01534b1e132
ACTION SNIPPET 1200 772 SNIPPET_RELEVANT f5d3c7d2eeec58af59b6b03a05c6610a
ACTION DOC 1200 792 EXAMINING_DOCUMENT f5d3c7d2eeec58af59b6b03a05c6610a
ACTION SNIPPET 1200 792 SNIPPET_RELEVANT 321529c957510ec6b6ec9afa5ded8ca7
ACTION DOC 1200 812 EXAMINING_DOCUMENT 321529c957510ec6b6ec9afa5ded8ca7
ACTION MARK 1200 815 CONSIDERED_RELEVANT 321529c957510ec6b6ec9afa5ded8ca7
ACTION SNIPPET 1200 815 SNIPPET_RELEVANT 69746d42-a5a0-11e4-a06b-9df2002b86a0
ACTION DOC 1200 835 EXAMINING_DOCUMENT 69746d42-a5a0-11e4-a06b-9df2002b86a0
ACTION SNIPPET 1200 835 SNIPPET_RELEVANT bfd41b8e-fcb2-11e3-b1f4-8e77c632c07b
ACTION DOC 1200 855 EXAMINING_DOCUMENT bfd41b8e-fcb2-11e3-b1f4-8e77c632c07b
ACTION QUERY 1200 865 minimum wage legislation
ACTION SERP 1200 870 EXAMINE_SERP
ACTION SNIPPET 1200 870 SNIPPET_RELEVANT 8c7668033e3235cfd5b4a0ce2888c1e9
ACTION DOC 1200 890 EXAMINING_DOCUMENT 8c7668033e3235cfd5b4a0ce2888c1e9
ACTION SNIPPET 1200 890 SEEN_PREVIOUSLY f7994b34-87cd-11e3-916e-e01534b1e132
ACTION SNIPPET 1200 890 SNIPPET_RELEVANT 60504790-bcd0-11e3-bcec-b71ee10e9bc3
ACTION DOC 1200 910 EXAMINING_DOCUMENT 60504790-bcd0-11e3-bcec-b71ee10e9bc3
ACTION SNIPPET 1200 910 SEEN_PREVIOUSLY 2a79762a7546e4086f174c4038ae9ce4
ACTION SNIPPET 1200 910 SNIPPET_RELEVANT 58ee4d6c-30f3-11e3-89ae-16e186e117d8
ACTION DOC 1200 930 EXAMINING_DOCUMENT 58ee4d6c-30f3-11e3-89ae-16e186e117d8
ACTION SNIPPET 1200 930 SEEN_PREVIOUSLY d0dfeb0b360c2fbb3893556a9acc6e59
ACTION SNIPPET 1200 930 SNIPPET_RELEVANT de848ad4-7d76-11e3-93c1-0e888170b723
ACTION DOC 1200 950 EXAMINING_DOCUMENT de848ad4-7d76-11e3-93c1-0e888170b723
ACTION SNIPPET 1200 950 SNIPPET_RELEVANT 30ff70ac-037a-11e3-a07f-49ddc7417125
ACTION DOC 1200 970 EXAMINING_DOCUMENT 30ff70ac-037a-11e3-a07f-49ddc7417125
ACTION MARK 1200 973 CONSIDERED_RELEVANT 30ff70ac-037a-11e3-a07f-49ddc7417125
ACTION SNIPPET 1200 973 SNIPPET_RELEVANT 0314abd6-a563-11e3-84d4-e59b1709222c
ACTION DOC 1200 993 EXAMINING_DOCUMENT 0314abd6-a563-11e3-84d4-e59b1709222c
ACTION QUERY 1200 1003 US minimum wage increase
ACTION SERP 1200 1008 EXAMINE_SERP
ACTION SNIPPET 1200 1008 SNIPPET_RELEVANT 02543bd104e494ae881997102fbfc3f4
ACTION DOC 1200 1028 EXAMINING_DOCUMENT 02543bd104e494ae881997102fbfc3f4
ACTION SNIPPET 1200 1028 SEEN_PREVIOUSLY 2a79762a7546e4086f174c4038ae9ce4
ACTION SNIPPET 1200 1028 SNIPPET_RELEVANT a097ea5166396153893626e83bf0341b
ACTION DOC 1200 1048 EXAMINING_DOCUMENT a097ea5166396153893626e83bf0341b
ACTION SNIPPET 1200 1048 SNIPPET_RELEVANT a47aba212aba9c31656e2f4de000cc09
ACTION DOC 1200 1068 EXAMINING_DOCUMENT a47aba212aba9c31656e2f4de000cc09
ACTION SNIPPET 1200 1068 SNIPPET_RELEVANT e1932966146f7b803e95383ea15a496f
ACTION DOC 1200 1088 EXAMINING_DOCUMENT e1932966146f7b803e95383ea15a496f
ACTION SNIPPET 1200 1088 SNIPPET_RELEVANT ebc6734c-5d37-11e3-bc56-c6ca94801fac
ACTION DOC 1200 1108 EXAMINING_DOCUMENT ebc6734c-5d37-11e3-bc56-c6ca94801fac
ACTION SNIPPET 1200 1108 SNIPPET_RELEVANT 6d58cc6a-f68e-11e5-a3ce-f06b5ba21f33
ACTION DOC 1200 1128 EXAMINING_DOCUMENT 6d58cc6a-f68e-11e5-a3ce-f06b5ba21f33
ACTION QUERY 1200 1138 Congress minimum wage vote
ACTION SERP 1200 1143 EXAMINE_SERP
ACTION SNIPPET 1200 1143 SEEN_PREVIOUSLY 5478648acabc53e28953928e85fcfdcc
ACTION SNIPPET 1200 1143 SEEN_PREVIOUSLY 04cacfa2-6514-11e4-9fdc-d43b053ecb4d
ACTION SNIPPET 1200 1143 SNIPPET_RELEVANT 530229c0fd7afc7c435fc35c3492a874
ACTION DOC 1200 1163 EXAMINING_DOCUMENT 530229c0fd7afc7c435fc35c3492a874
ACTION SNIPPET 1200 1163 SNIPPET_RELEVANT 733423faa0ab9f9dafb0eb5770dbb12a
ACTION DOC 1200 1183 EXAMINING_DOCUMENT 733423faa0ab9f9dafb0eb5770dbb12a
ACTION MARK 1200 1186 CONSIDERED_RELEVANT 733423faa0ab9f9dafb0eb5770dbb12a
ACTION SNIPPET 1200 1186 SNIPPET_RELEVANT 05332d50-ce64-11e3-b812-0c92213941f4
ACTION DOC 1200 1206 EXAMINING_DOCUMENT 05332d50-ce64-11e3-b812-0c92213941f4
INFO SUMMARY 
INFO TOTAL_QUERIES_ISSUED 9
INFO TOTAL_SNIPPETS_EXAMINED 62
INFO TOTAL_DOCUMENTS_EXAMINED 51
INFO TOTAL_DOCUMENTS_MARKED_RELEVANT 17
INFO TOTAL_ATTRACTIVE_SERP_IMPRESSIONS 9
INFO TOTAL_UNATTRACTIVE_SERP_IMPRESSIONS 0
