ACTION START 1200 0 START
ACTION QUERY 1200 10 Jason Rezaian release
ACTION SERP 1200 15 EXAMINE_SERP
ACTION SNIPPET 1200 15 SNIPPET_RELEVANT 24a861de-2b0e-11e5-a5ea-cf74396e59ec
ACTION DOC 1200 35 EXAMINING_DOCUMENT 24a861de-2b0e-11e5-a5ea-cf74396e59ec
ACTION SNIPPET 1200 35 SNIPPET_RELEVANT b06f153dcaa4b0b5f00840c1d4ba6d6d
ACTION DOC 1200 55 EXAMINING_DOCUMENT b06f153dcaa4b0b5f00840c1d4ba6d6d
ACTION SNIPPET 1200 55 SNIPPET_RELEVANT 811bb46e-2cd7-11e5-bd33-395c05608059
ACTION DOC 1200 75 EXAMINING_DOCUMENT 811bb46e-2cd7-11e5-bd33-395c05608059
ACTION MARK 1200 78 CONSIDERED_RELEVANT 811bb46e-2cd7-11e5-bd33-395c05608059
ACTION SNIPPET 1200 78 SNIPPET_RELEVANT a8f788d9d04f18d6e0d31bd1c64f5d48
ACTION DOC 1200 98 EXAMINING_DOCUMENT a8f788d9d04f18d6e0d31bd1c64f5d48
ACTION MARK 1200 101 CONSIDERED_RELEVANT a8f788d9d04f18d6e0d31bd1c64f5d48
ACTION SNIPPET 1200 101 SNIPPET_RELEVANT 14126822-7403-11e5-8d93-0af317ed58c9
ACTION DOC 1200 121 EXAMINING_DOCUMENT 14126822-7403-11e5-8d93-0af317ed58c9
ACTION SNIPPET 1200 121 SNIPPET_RELEVANT f37a4092-65be-11e4-bb14-4cfea1e742d5
ACTION DOC 1200 141 EXAMINING_DOCUMENT f37a4092-65be-11e4-bb14-4cfea1e742d5
ACTION QUERY 1200 151 Jason Rezaian released
ACTION SERP 1200 156 EXAMINE_SERP
ACTION SNIPPET 1200 156 SEEN_PREVIOUSLY 24a861de-2b0e-11e5-a5ea-cf74396e59ec
ACTION SNIPPET 1200 156 SEEN_PREVIOUSLY b06f153dcaa4b0b5f00840c1d4ba6d6d
ACTION SNIPPET 1200 156 SEEN_PREVIOUSLY 811bb46e-2cd7-11e5-bd33-395c05608059
ACTION SNIPPET 1200 156 SEEN_PREVIOUSLY a8f788d9d04f18d6e0d31bd1c64f5d48
ACTION SNIPPET 1200 156 SEEN_PREVIOUSLY 14126822-7403-11e5-8d93-0af317ed58c9
ACTION SNIPPET 1200 156 SEEN_PREVIOUSLY f37a4092-65be-11e4-bb14-4cfea1e742d5
ACTION SNIPPET 1200 156 SNIPPET_RELEVANT 097cde8e-70f6-11e5-9cbb-790369643cf9
ACTION DOC 1200 176 EXAMINING_DOCUMENT 097cde8e-70f6-11e5-9cbb-790369643cf9
ACTION SNIPPET 1200 176 SNIPPET_RELEVANT 9435a5a8-037b-11e5-a428-c984eb077d4e
ACTION DOC 1200 196 EXAMINING_DOCUMENT 9435a5a8-037b-11e5-a428-c984eb077d4e
ACTION SNIPPET 1200 196 SNIPPET_RELEVANT b69943ee-e5f5-4a86-9c35-64cd3496f332
ACTION DOC 1200 216 EXAMINING_DOCUMENT b69943ee-e5f5-4a86-9c35-64cd3496f332
ACTION SNIPPET 1200 216 SNIPPET_RELEVANT bfb5c112-912f-11e5-befa-99ceebcbb272
ACTION DOC 1200 236 EXAMINING_DOCUMENT bfb5c112-912f-11e5-befa-99ceebcbb272
ACTION SNIPPET 1200 236 SNIPPET_RELEVANT b47273ba-c09e-11e5-bcda-62a36b394160
ACTION DOC 1200 256 EXAMINING_DOCUMENT b47273ba-c09e-11e5-bcda-62a36b394160
ACTION MARK 1200 259 CONSIDERED_RELEVANT b47273ba-c09e-11e5-bcda-62a36b394160
ACTION SNIPPET 1200 259 SNIPPET_RELEVANT 4572c4d6-45e4-11e5-8ab4-c73967a143d3
ACTION DOC 1200 279 EXAMINING_DOCUMENT 4572c4d6-45e4-11e5-8ab4-c73967a143d3
ACTION QUERY 1200 289 Iran prisoner swap
ACTION SERP 1200 294 EXAMINE_SERP
ACTION SNIPPET 1200 294 SNIPPET_RELEVANT 704c031049d05736cf25dc6923a823bb
ACTION DOC 1200 314 EXAMINING_DOCUMENT 704c031049d05736cf25dc6923a823bb
ACTION SNIPPET 1200 314 SNIPPET_RELEVANT b31db0fa-528b-11e5-8c19-0b6825aa4a3a
ACTION DOC 1200 334 EXAMINING_DOCUMENT b31db0fa-528b-11e5-8c19-0b6825aa4a3a
ACTION SNIPPET 1200 334 SNIPPET_RELEVANT 7eb096a357f9c2114e6d1153c6fa4f71
ACTION DOC 1200 354 EXAMINING_DOCUMENT 7eb096a357f9c2114e6d1153c6fa4f71
ACTION MARK 1200 357 CONSIDERED_RELEVANT 7eb096a357f9c2114e6d1153c6fa4f71
ACTION SNIPPET 1200 357 SNIPPET_RELEVANT 58a38eb6-c071-11e5-83d4-42e3bceea902
ACTION DOC 1200 377 EXAMINING_DOCUMENT 58a38eb6-c071-11e5-83d4-42e3bceea902
ACTION MARK 1200 380 CONSIDERED_RELEVANT 58a38eb6-c071-11e5-83d4-42e3bceea902
ACTION SNIPPET 1200 380 SNIPPET_RELEVANT 7add92b8617cf9b7f236daa4aaf108d9
ACTION DOC 1200 400 EXAMINING_DOCUMENT 7add92b8617cf9b7f236daa4aaf108d9
ACTION MARK 1200 403 CONSIDERED_RELEVANT 7add92b8617cf9b7f236daa4aaf108d9
ACTION SNIPPET 1200 403 SNIPPET_RELEVANT 2ea76f7e-70ab-11e7-8f39-eeb7d3a2d304
ACTION DOC 1200 423 EXAMINING_DOCUMENT 2ea76f7e-70ab-11e7-8f39-eeb7d3a2d304
ACTION QUERY 1200 433 Washington Post journalist release
ACTION SERP 1200 438 EXAMINE_SERP
ACTION SNIPPET 1200 438 SNIPPET_RELEVANT 1db2cd6a-4b00-11e2-b709-667035ff9029
ACTION DOC 1200 458 EXAMINING_DOCUMENT 1db2cd6a-4b00-11e2-b709-667035ff9029
ACTION SNIPPET 1200 458 SNIPPET_RELEVANT 15273ede-350d-11e5-8e66-07b4603ec92a
ACTION DOC 1200 478 EXAMINING_DOCUMENT 15273ede-350d-11e5-8e66-07b4603ec92a
ACTION SNIPPET 1200 478 SNIPPET_RELEVANT 1a13511e-1356-11e4-8936-26932bcfd6ed
ACTION DOC 1200 498 EXAMINING_DOCUMENT 1a13511e-1356-11e4-8936-26932bcfd6ed
ACTION SNIPPET 1200 498 SNIPPET_RELEVANT a9b7886e5dce5bf85225fae801736804
ACTION DOC 1200 518 EXAMINING_DOCUMENT a9b7886e5dce5bf85225fae801736804
ACTION SNIPPET 1200 518 SNIPPET_RELEVANT f808791e521eaa3912e1be156f956e70
ACTION DOC 1200 538 EXAMINING_DOCUMENT f808791e521eaa3912e1be156f956e70
ACTION MARK 1200 541 CONSIDERED_RELEVANT f808791e521eaa3912e1be156f956e70
ACTION SNIPPET 1200 541 SNIPPET_RELEVANT 23e9a939e445d3660b94aa7970a1c987
ACTION DOC 1200 561 EXAMINING_DOCUMENT 23e9a939e445d3660b94aa7970a1c987
ACTION QUERY 1200 571 Washington Post journalist freed
ACTION SERP 1200 576 EXAMINE_SERP
ACTION SNIPPET 1200 576 SNIPPET_RELEVANT e383eac3c83f07adf53dfc2184d7a4f8
ACTION DOC 1200 596 EXAMINING_DOCUMENT e383eac3c83f07adf53dfc2184d7a4f8
ACTION SNIPPET 1200 596 SNIPPET_RELEVANT 0d052e2e-7d44-11e7-83c7-5bd5460f0d7e
ACTION DOC 1200 616 EXAMINING_DOCUMENT 0d052e2e-7d44-11e7-83c7-5bd5460f0d7e
ACTION SNIPPET 1200 616 SNIPPET_RELEVANT 128e09476433c59129756aa965dd2577
ACTION DOC 1200 636 EXAMINING_DOCUMENT 128e09476433c59129756aa965dd2577
ACTION SNIPPET 1200 636 SNIPPET_RELEVANT 1a24684a-0875-11e5-a7ad-b430fc1d3f5c
ACTION DOC 1200 656 EXAMINING_DOCUMENT 1a24684a-0875-11e5-a7ad-b430fc1d3f5c
ACTION SNIPPET 1200 656 SNIPPET_RELEVANT 26b1ca9a-432b-11e4-9a15-137aa0153527
ACTION DOC 1200 676 EXAMINING_DOCUMENT 26b1ca9a-432b-11e4-9a15-137aa0153527
ACTION SNIPPET 1200 676 SNIPPET_RELEVANT 93d53c7e-48ff-11e2-b6f0-e851e741d196
ACTION DOC 1200 696 EXAMINING_DOCUMENT 93d53c7e-48ff-11e2-b6f0-e851e741d196
ACTION QUERY 1200 706 Rezaian Iran imprisonment
ACTION SERP 1200 711 EXAMINE_SERP
ACTION SNIPPET 1200 711 SNIPPET_RELEVANT abf36bdd93d2f577ea4eb4cf99915201
ACTION DOC 1200 731 EXAMINING_DOCUMENT abf36bdd93d2f577ea4eb4cf99915201
ACTION MARK 1200 734 CONSIDERED_RELEVANT abf36bdd93d2f577ea4eb4cf99915201
ACTION SNIPPET 1200 734 SNIPPET_RELEVANT c24673cdeeb90bbfc3d8286832dff410
ACTION DOC 1200 754 EXAMINING_DOCUMENT c24673cdeeb90bbfc3d8286832dff410
ACTION MARK 1200 757 CONSIDERED_RELEVANT c24673cdeeb90bbfc3d8286832dff410
ACTION SNIPPET 1200 757 SNIPPET_RELEVANT 47ccf7fe-c99f-11e4-b2a1-bed1aaea2816
ACTION DOC 1200 777 EXAMINING_DOCUMENT 47ccf7fe-c99f-11e4-b2a1-bed1aaea2816
ACTION MARK 1200 780 CONSIDERED_RELEVANT 47ccf7fe-c99f-11e4-b2a1-bed1aaea2816
ACTION SNIPPET 1200 780 SNIPPET_RELEVANT d71c4f58-2fd5-11e5-97ae-30a30cca95d7
ACTION DOC 1200 800 EXAMINING_DOCUMENT d71c4f58-2fd5-11e5-97ae-30a30cca95d7
ACTION MARK 1200 803 CONSIDERED_RELEVANT d71c4f58-2fd5-11e5-97ae-30a30cca95d7
ACTION SNIPPET 1200 803 SNIPPET_RELEVANT 5e586246-6b7b-11e5-9bfe-e59f5e244f92
ACTION DOC 1200 823 EXAMINING_DOCUMENT 5e586246-6b7b-11e5-9bfe-e59f5e244f92
ACTION MARK 1200 826 CONSIDERED_RELEVANT 5e586246-6b7b-11e5-9bfe-e59f5e244f92
ACTION QUERY 1200 836 Washington Post journalist Iran
ACTION SERP 1200 841 EXAMINE_SERP
ACTION SNIPPET 1200 841 SEEN_PREVIOUSLY 15273ede-350d-11e5-8e66-07b4603ec92a
ACTION SNIPPET 1200 841 SEEN_PREVIOUSLY f808791e521eaa3912e1be156f956e70
ACTION SNIPPET 1200 841 SEEN_PREVIOUSLY 1a13511e-1356-11e4-8936-26932bcfd6ed
ACTION SNIPPET 1200 841 SNIPPET_RELEVANT 09d9a502-0afc-11e5-a7ad-b430fc1d3f5c
ACTION DOC 1200 861 EXAMINING_DOCUMENT 09d9a502-0afc-11e5-a7ad-b430fc1d3f5c
ACTION SNIPPET 1200 861 SNIPPET_RELEVANT d1bf586a-1673-11e4-9e3b-7f2f110c6265
ACTION DOC 1200 881 EXAMINING_DOCUMENT d1bf586a-1673-11e4-9e3b-7f2f110c6265
ACTION SNIPPET 1200 881 SNIPPET_RELEVANT 3c2724ea-3f44-11e5-8d45-d815146f81fa
ACTION DOC 1200 901 EXAMINING_DOCUMENT 3c2724ea-3f44-11e5-8d45-d815146f81fa
ACTION SNIPPET 1200 901 SNIPPET_RELEVANT 4e072972a052b6a212be039752fb6ce9
ACTION DOC 1200 921 EXAMINING_DOCUMENT 4e072972a052b6a212be039752fb6ce9
ACTION MARK 1200 924 CONSIDERED_RELEVANT 4e072972a052b6a212be039752fb6ce9
ACTION SNIPPET 1200 924 SNIPPET_RELEVANT f525282c-054f-11e5-8bda-c7b4e9a8f7ac
ACTION DOC 1200 944 EXAMINING_DOCUMENT f525282c-054f-11e5-8bda-c7b4e9a8f7ac
ACTION SNIPPET 1200 944 SNIPPET_RELEVANT 31992446-b07f-11e4-886b-c22184f27c35
ACTION DOC 1200 964 EXAMINING_DOCUMENT 31992446-b07f-11e4-886b-c22184f27c35
ACTION QUERY 1200 974 Rezaian imprisonment conditions
ACTION SERP 1200 979 EXAMINE_SERP
ACTION SNIPPET 1200 979 SEEN_PREVIOUSLY 24a861de-2b0e-11e5-a5ea-cf74396e59ec
ACTION SNIPPET 1200 979 SNIPPET_RELEVANT f71282da068683dfe19bd325635814d4
ACTION DOC 1200 999 EXAMINING_DOCUMENT f71282da068683dfe19bd325635814d4
ACTION MARK 1200 1002 CONSIDERED_RELEVANT f71282da068683dfe19bd325635814d4
ACTION SNIPPET 1200 1002 SEEN_PREVIOUSLY abf36bdd93d2f577ea4eb4cf99915201
ACTION SNIPPET 1200 1002 SEEN_PREVIOUSLY c24673cdeeb90bbfc3d8286832dff410
ACTION SNIPPET 1200 1002 SNIPPET_RELEVANT aec72e08-e299-11e4-b510-962fcfabc310
ACTION DOC 1200 1022 EXAMINING_DOCUMENT aec72e08-e299-11e4-b510-962fcfabc310
ACTION MARK 1200 1025 CONSIDERED_RELEVANT aec72e08-e299-11e4-b510-962fcfabc310
ACTION SNIPPET 1200 1025 SEEN_PREVIOUSLY f808791e521eaa3912e1be156f956e70
ACTION SNIPPET 1200 1025 SEEN_PREVIOUSLY 47ccf7fe-c99f-11e4-b2a1-bed1aaea2816
ACTION SNIPPET 1200 1025 SNIPPET_RELEVANT c998188c-98d9-11e4-8005-1924ede3e54a
ACTION DOC 1200 1045 EXAMINING_DOCUMENT c998188c-98d9-11e4-8005-1924ede3e54a
ACTION SNIPPET 1200 1045 SNIPPET_RELEVANT c9b61f40-bd58-11e5-83d4-42e3bceea902
ACTION DOC 1200 1065 EXAMINING_DOCUMENT c9b61f40-bd58-11e5-83d4-42e3bceea902
ACTION MARK 1200 1068 CONSIDERED_RELEVANT c9b61f40-bd58-11e5-83d4-42e3bceea902
ACTION SNIPPET 1200 1068 SEEN_PREVIOUSLY d71c4f58-2fd5-11e5-97ae-30a30cca95d7
ACTION SNIPPET 1200 1068 SEEN_PREVIOUSLY 811bb46e-2cd7-11e5-bd33-395c05608059
ACTION SNIPPET 1200 1068 SNIPPET_RELEVANT b1652690-ee9e-11e4-8abc-d6aa3bad79dd
ACTION DOC 1200 1088 EXAMINING_DOCUMENT b1652690-ee9e-11e4-8abc-d6aa3bad79dd
ACTION SNIPPET 1200 1088 SEEN_PREVIOUSLY 5e586246-6b7b-11e5-9bfe-e59f5e244f92
ACTION SNIPPET 1200 1088 SNIPPET_RELEVANT e4ac4628-bd79-11e5-98c8-7fab78677d51
ACTION DOC 1200 1108 EXAMINING_DOCUMENT e4ac4628-bd79-11e5-98c8-7fab78677d51
ACTION MARK 1200 1111 CONSIDERED_RELEVANT e4ac4628-bd79-11e5-98c8-7fab78677d51
ACTION QUERY 1200 1121 Jason Rezaian Iran release
ACTION SERP 1200 1126 EXAMINE_SERP
ACTION SNIPPET 1200 1126 SEEN_PREVIOUSLY 24a861de-2b0e-11e5-a5ea-cf74396e59ec
ACTION SNIPPET 1200 1126 SEEN_PREVIOUSLY b06f153dcaa4b0b5f00840c1d4ba6d6d
ACTION SNIPPET 1200 1126 SEEN_PREVIOUSLY 097cde8e-70f6-11e5-9cbb-790369643cf9
ACTION SNIPPET 1200 1126 SEEN_PREVIOUSLY f71282da068683dfe19bd325635814d4
ACTION SNIPPET 1200 1126 SEEN_PREVIOUSLY 811bb46e-2cd7-11e5-bd33-395c05608059
ACTION SNIPPET 1200 1126 SNIPPET_RELEVANT 608ecece-1495-4468-89b2-2d327c439983
ACTION DOC 1200 1146 EXAMINING_DOCUMENT 608ecece-1495-4468-89b2-2d327c439983
ACTION SNIPPET 1200 1146 SNIPPET_RELEVANT 2428154a-5fb4-11e4-91f7-5d89b5e8c251
ACTION DOC 1200 1166 EXAMINING_DOCUMENT 2428154a-5fb4-11e4-91f7-5d89b5e8c251
ACTION MARK 1200 1169 CONSIDERED_RELEVANT 2428154a-5fb4-11e4-91f7-5d89b5e8c251
ACTION SNIPPET 1200 1169 SEEN_PREVIOUSLY 14126822-7403-11e5-8d93-0af317ed58c9
ACTION SNIPPET 1200 1169 SEEN_PREVIOUSLY bfb5c112-912f-11e5-befa-99ceebcbb272
ACTION SNIPPET 1200 1169 SNIPPET_RELEVANT 1a189c6d-589a-4625-a8b1-1b8713ea4de7
ACTION DOC 1200 1189 EXAMINING_DOCUMENT 1a189c6d-589a-4625-a8b1-1b8713ea4de7
ACTION MARK 1200 1192 CONSIDERED_RELEVANT 1a189c6d-589a-4625-a8b1-1b8713ea4de7
ACTION SNIPPET 1200 1192 SNIPPET_RELEVANT 2cd4f522-42b3-11e5-8ab4-c73967a143d3
ACTION DOC 1200 1212 EXAMINING_DOCUMENT 2cd4f522-42b3-11e5-8ab4-c73967a143d3
INFO SUMMARY 
INFO TOTAL_QUERIES_ISSUED 9
INFO TOTAL_SNIPPETS_EXAMINED 75
INFO TOTAL_DOCUMENTS_EXAMINED 51
INFO TOTAL_DOCUMENTS_MARKED_RELEVANT 20
INFO TOTAL_ATTRACTIVE_SERP_IMPRESSIONS 9
INFO TOTAL_UNATTRACTIVE_SERP_IMPRESSIONS 0
