ACTION START 1200 0 START
ACTION QUERY 1200 10 email scam reports
ACTION SERP 1200 15 EXAMINE_SERP
ACTION SNIPPET 1200 15 SNIPPET_RELEVANT a9611516a7d5d6a8879608ca9fb6e7d9
ACTION DOC 1200 35 EXAMINING_DOCUMENT a9611516a7d5d6a8879608ca9fb6e7d9
ACTION SNIPPET 1200 35 SNIPPET_RELEVANT 1abd11cf2e16e95a2b2079114e381ae4
ACTION DOC 1200 55 EXAMINING_DOCUMENT 1abd11cf2e16e95a2b2079114e381ae4
ACTION SNIPPET 1200 55 SNIPPET_RELEVANT 46da49f1355db6c82e3bc6447fae953b
ACTION DOC 1200 75 EXAMINING_DOCUMENT 46da49f1355db6c82e3bc6447fae953b
ACTION SNIPPET 1200 75 SNIPPET_RELEVANT 7ef04be78833df2c0aab3f4a14693c5c
ACTION DOC 1200 95 EXAMINING_DOCUMENT 7ef04be78833df2c0aab3f4a14693c5c
ACTION SNIPPET 1200 95 SNIPPET_RELEVANT 2160940db5ddc6f70a1a599aa89bcae7
ACTION DOC 1200 115 EXAMINING_DOCUMENT 2160940db5ddc6f70a1a599aa89bcae7
ACTION MARK 1200 118 CONSIDERED_RELEVANT 2160940db5ddc6f70a1a599aa89bcae7
ACTION SNIPPET 1200 118 SNIPPET_RELEVANT 72bfab22-4b90-11e1-8d55-edfca0e33083
ACTION DOC 1200 138 EXAMINING_DOCUMENT 72bfab22-4b90-11e1-8d55-edfca0e33083
ACTION QUERY 1200 148 email scam losses
ACTION SERP 1200 153 EXAMINE_SERP
ACTION SNIPPET 1200 153 SNIPPET_RELEVANT c6bf4a4bf542b7c67987c222d73def4b
ACTION DOC 1200 173 EXAMINING_DOCUMENT c6bf4a4bf542b7c67987c222d73def4b
ACTION MARK 1200 176 CONSIDERED_RELEVANT c6bf4a4bf542b7c67987c222d73def4b
ACTION SNIPPET 1200 176 SNIPPET_RELEVANT 0ff6fb7a-4380-11e6-8856-f26de2537a9d
ACTION DOC 1200 196 EXAMINING_DOCUMENT 0ff6fb7a-4380-11e6-8856-f26de2537a9d
ACTION SNIPPET 1200 196 SEEN_PREVIOUSLY a9611516a7d5d6a8879608ca9fb6e7d9
ACTION SNIPPET 1200 196 SEEN_PREVIOUSLY 1abd11cf2e16e95a2b2079114e381ae4
ACTION SNIPPET 1200 196 SEEN_PREVIOUSLY 46da49f1355db6c82e3bc6447fae953b
ACTION SNIPPET 1200 196 SNIPPET_RELEVANT 97f37b438bb3a9e1ce875256fe294e41
ACTION DOC 1200 216 EXAMINING_DOCUMENT 97f37b438bb3a9e1ce875256fe294e41
ACTION SNIPPET 1200 216 SEEN_PREVIOUSLY 7ef04be78833df2c0aab3f4a14693c5c
ACTION SNIPPET 1200 216 SNIPPET_RELEVANT 6e189ae3de05c9ed8667b23571f29c0a
ACTION DOC 1200 236 EXAMINING_DOCUMENT 6e189ae3de05c9ed8667b23571f29c0a
ACTION SNIPPET 1200 236 SEEN_PREVIOUSLY 2160940db5ddc6f70a1a599aa89bcae7
ACTION SNIPPET 1200 236 SNIPPET_RELEVANT a2f2ce812b1389c39857d322e86395ab
ACTION DOC 1200 256 EXAMINING_DOCUMENT a2f2ce812b1389c39857d322e86395ab
ACTION SNIPPET 1200 256 SNIPPET_RELEVANT bc5053c2-b987-11e5-99f3-184bc379b12d
ACTION DOC 1200 276 EXAMINING_DOCUMENT bc5053c2-b987-11e5-99f3-184bc379b12d
ACTION QUERY 1200 286 online phishing attacks
ACTION SERP 1200 291 EXAMINE_SERP
ACTION SNIPPET 1200 291 SNIPPET_RELEVANT 4429d20361413e021d3683942fcb7881
ACTION DOC 1200 311 EXAMINING_DOCUMENT 4429d20361413e021d3683942fcb7881
ACTION SNIPPET 1200 311 SNIPPET_RELEVANT 370ab72e-3250-11e1-a274-61fcdeecc5f5
ACTION DOC 1200 331 EXAMINING_DOCUMENT 370ab72e-3250-11e1-a274-61fcdeecc5f5
ACTION MARK 1200 334 CONSIDERED_RELEVANT 370ab72e-3250-11e1-a274-61fcdeecc5f5
ACTION SNIPPET 1200 334 SNIPPET_RELEVANT 4531925c-777c-11e1-883d-f22537a8ca20
ACTION DOC 1200 354 EXAMINING_DOCUMENT 4531925c-777c-11e1-883d-f22537a8ca20
ACTION MARK 1200 357 CONSIDERED_RELEVANT 4531925c-777c-11e1-883d-f22537a8ca20
ACTION SNIPPET 1200 357 SNIPPET_RELEVANT e7353fc1d67b848bfe822a762efe0910
ACTION DOC 1200 377 EXAMINING_DOCUMENT e7353fc1d67b848bfe822a762efe0910
ACTION SNIPPET 1200 377 SNIPPET_RELEVANT aee94536-a52c-11e6-8042-f4d111c862d1
ACTION DOC 1200 397 EXAMINING_DOCUMENT aee94536-a52c-11e6-8042-f4d111c862d1
ACTION SNIPPET 1200 397 SNIPPET_RELEVANT 54801a69fdde1909e15e04712a1d87a1
ACTION DOC 1200 417 EXAMINING_DOCUMENT 54801a69fdde1909e15e04712a1d87a1
ACTION QUERY 1200 427 email scam victims
ACTION SERP 1200 432 EXAMINE_SERP
ACTION SNIPPET 1200 432 SEEN_PREVIOUSLY 0ff6fb7a-4380-11e6-8856-f26de2537a9d
ACTION SNIPPET 1200 432 SEEN_PREVIOUSLY bc5053c2-b987-11e5-99f3-184bc379b12d
ACTION SNIPPET 1200 432 SNIPPET_RELEVANT 6260abb2-b019-11e6-8616-52b15787add0
ACTION DOC 1200 452 EXAMINING_DOCUMENT 6260abb2-b019-11e6-8616-52b15787add0
ACTION MARK 1200 455 CONSIDERED_RELEVANT 6260abb2-b019-11e6-8616-52b15787add0
ACTION SNIPPET 1200 455 SEEN_PREVIOUSLY a9611516a7d5d6a8879608ca9fb6e7d9
ACTION SNIPPET 1200 455 SEEN_PREVIOUSLY 1abd11cf2e16e95a2b2079114e381ae4
ACTION SNIPPET 1200 455 SEEN_PREVIOUSLY 46da49f1355db6c82e3bc6447fae953b
ACTION SNIPPET 1200 455 SEEN_PREVIOUSLY 97f37b438bb3a9e1ce875256fe294e41
ACTION SNIPPET 1200 455 SNIPPET_RELEVANT e99d3f3a-89a6-11e6-bff0-d53f592f176e
ACTION DOC 1200 475 EXAMINING_DOCUMENT e99d3f3a-89a6-11e6-bff0-d53f592f176e
ACTION SNIPPET 1200 475 SEEN_PREVIOUSLY 7ef04be78833df2c0aab3f4a14693c5c
ACTION SNIPPET 1200 475 SEEN_PREVIOUSLY 6e189ae3de05c9ed8667b23571f29c0a
ACTION SNIPPET 1200 475 SNIPPET_RELEVANT 187106142028fba6f83698585675f044
ACTION DOC 1200 495 EXAMINING_DOCUMENT 187106142028fba6f83698585675f044
ACTION SNIPPET 1200 495 SNIPPET_RELEVANT 2780d489b28ef497d25aae0f09d01a37
ACTION DOC 1200 515 EXAMINING_DOCUMENT 2780d489b28ef497d25aae0f09d01a37
ACTION SNIPPET 1200 515 SNIPPET_RELEVANT fc061574-0981-11e2-a10c-fa5a255a9258
ACTION DOC 1200 535 EXAMINING_DOCUMENT fc061574-0981-11e2-a10c-fa5a255a9258
ACTION MARK 1200 538 CONSIDERED_RELEVANT fc061574-0981-11e2-a10c-fa5a255a9258
ACTION SNIPPET 1200 538 SEEN_PREVIOUSLY c6bf4a4bf542b7c67987c222d73def4b
ACTION SNIPPET 1200 538 SEEN_PREVIOUSLY 2160940db5ddc6f70a1a599aa89bcae7
ACTION SNIPPET 1200 538 SNIPPET_RELEVANT 95b3fdd9cea297b3ed1a35206a6d075c
ACTION DOC 1200 558 EXAMINING_DOCUMENT 95b3fdd9cea297b3ed1a35206a6d075c
ACTION MARK 1200 561 CONSIDERED_RELEVANT 95b3fdd9cea297b3ed1a35206a6d075c
ACTION QUERY 1200 571 fraudulent email schemes
ACTION SERP 1200 576 EXAMINE_SERP
ACTION SNIPPET 1200 576 SNIPPET_RELEVANT 86aa81cbe6672be1ad11aa7da1e9356a
ACTION DOC 1200 596 EXAMINING_DOCUMENT 86aa81cbe6672be1ad11aa7da1e9356a
ACTION SNIPPET 1200 596 SNIPPET_RELEVANT 3b5f7abb0de60fd55f2f4348b0b600ed
ACTION DOC 1200 616 EXAMINING_DOCUMENT 3b5f7abb0de60fd55f2f4348b0b600ed
ACTION SNIPPET 1200 616 SNIPPET_RELEVANT ec03e17e-b06f-11e3-a49e-76adc9210f19
ACTION DOC 1200 636 EXAMINING_DOCUMENT ec03e17e-b06f-11e3-a49e-76adc9210f19
ACTION SNIPPET 1200 636 SNIPPET_RELEVANT c8e63c17470879d888e2434b973350e9
ACTION DOC 1200 656 EXAMINING_DOCUMENT c8e63c17470879d888e2434b973350e9
ACTION SNIPPET 1200 656 SNIPPET_RELEVANT b00e692c675f5734aea5858bab2d4e09
ACTION DOC 1200 676 EXAMINING_DOCUMENT b00e692c675f5734aea5858bab2d4e09
ACTION SNIPPET 1200 676 SNIPPET_RELEVANT ff12747588571c0a0243eb69bf78ff26
ACTION DOC 1200 696 EXAMINING_DOCUMENT ff12747588571c0a0243eb69bf78ff26
ACTION QUERY 1200 706 online phishing fraud
ACTION SERP 1200 711 EXAMINE_SERP
ACTION SNIPPET 1200 711 SEEN_PREVIOUSLY 4531925c-777c-11e1-883d-f22537a8ca20
ACTION SNIPPET 1200 711 SNIPPET_RELEVANT 5f46867cd16b58efd812a3de64ff32a8
ACTION DOC 1200 731 EXAMINING_DOCUMENT 5f46867cd16b58efd812a3de64ff32a8
ACTION SNIPPET 1200 731 SNIPPET_RELEVANT a11ad1e30debeb3042ef32dae169208d
ACTION DOC 1200 751 EXAMINING_DOCUMENT a11ad1e30debeb3042ef32dae169208d
ACTION SNIPPET 1200 751 SEEN_PREVIOUSLY c6bf4a4bf542b7c67987c222d73def4b
ACTION SNIPPET 1200 751 SNIPPET_RELEVANT 07c4d30f2bea53b9eeaacd1a565b00de
ACTION DOC 1200 771 EXAMINING_DOCUMENT 07c4d30f2bea53b9eeaacd1a565b00de
ACTION SNIPPET 1200 771 SNIPPET_RELEVANT 37c9a034-a14a-11e2-82bc-511538ae90a4
ACTION DOC 1200 791 EXAMINING_DOCUMENT 37c9a034-a14a-11e2-82bc-511538ae90a4
ACTION MARK 1200 794 CONSIDERED_RELEVANT 37c9a034-a14a-11e2-82bc-511538ae90a4
ACTION SNIPPET 1200 794 SEEN_PREVIOUSLY 370ab72e-3250-11e1-a274-61fcdeecc5f5
ACTION SNIPPET 1200 794 SNIPPET_RELEVANT 4d28153907f43267cd2185d39f6409e5
ACTION DOC 1200 814 EXAMINING_DOCUMENT 4d28153907f43267cd2185d39f6409e5
ACTION SNIPPET 1200 814 SNIPPET_RELEVANT 7376f7814691bc05b30910b50db163c2
ACTION DOC 1200 834 EXAMINING_DOCUMENT 7376f7814691bc05b30910b50db163c2
ACTION QUERY 1200 844 financial loss email fraud
ACTION SERP 1200 849 EXAMINE_SERP
ACTION SNIPPET 1200 849 SNIPPET_RELEVANT 06c06e7d7c48441dfaeb8c8479806525
ACTION DOC 1200 869 EXAMINING_DOCUMENT 06c06e7d7c48441dfaeb8c8479806525
ACTION SNIPPET 1200 869 SNIPPET_RELEVANT 8b91c2b4-feac-11e6-8ebe-6e0dbe4f2bca
ACTION DOC 1200 889 EXAMINING_DOCUMENT 8b91c2b4-feac-11e6-8ebe-6e0dbe4f2bca
ACTION SNIPPET 1200 889 SNIPPET_RELEVANT 36434686-f23e-11e6-8d72-263470bf0401
ACTION DOC 1200 909 EXAMINING_DOCUMENT 36434686-f23e-11e6-8d72-263470bf0401
ACTION SNIPPET 1200 909 SNIPPET_RELEVANT 8a6813a66f9dc4789985566eaeb825b1
ACTION DOC 1200 929 EXAMINING_DOCUMENT 8a6813a66f9dc4789985566eaeb825b1
ACTION SNIPPET 1200 929 SNIPPET_RELEVANT 69b9455a2113af8172b0494d2bc25ec1
ACTION DOC 1200 949 EXAMINING_DOCUMENT 69b9455a2113af8172b0494d2bc25ec1
ACTION SNIPPET 1200 949 SNIPPET_RELEVANT 881d9358-9df2-11e6-a0ed-ab0774c1eaa5
ACTION DOC 1200 969 EXAMINING_DOCUMENT 881d9358-9df2-11e6-a0ed-ab0774c1eaa5
ACTION QUERY 1200 979 online phishing losses
ACTION SERP 1200 984 EXAMINE_SERP
ACTION SNIPPET 1200 984 SEEN_PREVIOUSLY 370ab72e-3250-11e1-a274-61fcdeecc5f5
ACTION SNIPPET 1200 984 SEEN_PREVIOUSLY 37c9a034-a14a-11e2-82bc-511538ae90a4
ACTION SNIPPET 1200 984 SEEN_PREVIOUSLY 4531925c-777c-11e1-883d-f22537a8ca20
ACTION SNIPPET 1200 984 SEEN_PREVIOUSLY c6bf4a4bf542b7c67987c222d73def4b
ACTION SNIPPET 1200 984 SNIPPET_RELEVANT 335fcc94-3a51-11e3-b6a9-da62c264f40e
ACTION DOC 1200 1004 EXAMINING_DOCUMENT 335fcc94-3a51-11e3-b6a9-da62c264f40e
ACTION SNIPPET 1200 1004 SEEN_PREVIOUSLY a11ad1e30debeb3042ef32dae169208d
ACTION SNIPPET 1200 1004 SNIPPET_RELEVANT 70658243c518a13540990f051a3d1c0c
ACTION DOC 1200 1024 EXAMINING_DOCUMENT 70658243c518a13540990f051a3d1c0c
ACTION SNIPPET 1200 1024 SNIPPET_RELEVANT c27b22ecfe14a9da81da37bd6dd776cd
ACTION DOC 1200 1044 EXAMINING_DOCUMENT c27b22ecfe14a9da81da37bd6dd776cd
ACTION SNIPPET 1200 1044 SNIPPET_RELEVANT 8a5f853ca6a1f261409cbe85c17890fb
ACTION DOC 1200 1064 EXAMINING_DOCUMENT 8a5f853ca6a1f261409cbe85c17890fb
ACTION SNIPPET 1200 1064 SEEN_PREVIOUSLY e7353fc1d67b848bfe822a762efe0910
ACTION SNIPPET 1200 1064 SEEN_PREVIOUSLY 4429d20361413e021d3683942fcb7881
ACTION SNIPPET 1200 1064 SEEN_PREVIOUSLY aee94536-a52c-11e6-8042-f4d111c862d1
ACTION SNIPPET 1200 1064 SNIPPET_RELEVANT 808546c46fd104610e97b34303fb5ae5
ACTION DOC 1200 1084 EXAMINING_DOCUMENT 808546c46fd104610e97b34303fb5ae5
ACTION SNIPPET 1200 1084 SNIPPET_RELEVANT af37c513807629fbe4d9d91cada30e1c
ACTION DOC 1200 1104 EXAMINING_DOCUMENT af37c513807629fbe4d9d91cada30e1c
ACTION QUERY 1200 1114 email scam financial loss
ACTION SERP 1200 1119 EXAMINE_SERP
ACTION SNIPPET 1200 1119 SEEN_PREVIOUSLY 2160940db5ddc6f70a1a599aa89bcae7
ACTION SNIPPET 1200 1119 SEEN_PREVIOUSLY c6bf4a4bf542b7c67987c222d73def4b
ACTION SNIPPET 1200 1119 SNIPPET_RELEVANT bb2e6a1a3ebf3864a1b2c2f2e59887e5
ACTION DOC 1200 1139 EXAMINING_DOCUMENT bb2e6a1a3ebf3864a1b2c2f2e59887e5
ACTION MARK 1200 1142 CONSIDERED_RELEVANT bb2e6a1a3ebf3864a1b2c2f2e59887e5
ACTION SNIPPET 1200 1142 SEEN_PREVIOUSLY 0ff6fb7a-4380-11e6-8856-f26de2537a9d
ACTION SNIPPET 1200 1142 SEEN_PREVIOUSLY bc5053c2-b987-11e5-99f3-184bc379b12d
ACTION SNIPPET 1200 1142 SEEN_PREVIOUSLY 72bfab22-4b90-11e1-8d55-edfca0e33083
ACTION SNIPPET 1200 1142 SNIPPET_RELEVANT bb19bcf0-2ffc-11e1-8149-868dd2c9e12e
ACTION DOC 1200 1162 EXAMINING_DOCUMENT bb19bcf0-2ffc-11e1-8149-868dd2c9e12e
ACTION SNIPPET 1200 1162 SEEN_PREVIOUSLY a9611516a7d5d6a8879608ca9fb6e7d9
ACTION SNIPPET 1200 1162 SEEN_PREVIOUSLY 1abd11cf2e16e95a2b2079114e381ae4
ACTION SNIPPET 1200 1162 SEEN_PREVIOUSLY 46da49f1355db6c82e3bc6447fae953b
ACTION SNIPPET 1200 1162 SEEN_PREVIOUSLY 97f37b438bb3a9e1ce875256fe294e41
ACTION SNIPPET 1200 1162 SEEN_PREVIOUSLY 7ef04be78833df2c0aab3f4a14693c5c
ACTION SNIPPET 1200 1162 SEEN_PREVIOUSLY 6e189ae3de05c9ed8667b23571f29c0a
ACTION SNIPPET 1200 1162 SNIPPET_RELEVANT d51509efac05213766c179dd2a4eb06c
ACTION DOC 1200 1182 EXAMINING_DOCUMENT d51509efac05213766c179dd2a4eb06c
ACTION SNIPPET 1200 1182 SNIPPET_RELEVANT fc3d2406188983670a72c37587608693
ACTION DOC 1200 1202 EXAMINING_DOCUMENT fc3d2406188983670a72c37587608693
INFO SUMMARY 
INFO TOTAL_QUERIES_ISSUED 9
INFO TOTAL_SNIPPETS_EXAMINED 89
INFO TOTAL_DOCUMENTS_EXAMINED 52
INFO TOTAL_DOCUMENTS_MARKED_RELEVANT 9
INFO TOTAL_ATTRACTIVE_SERP_IMPRESSIONS 9
INFO TOTAL_UNATTRACTIVE_SERP_IMPRESSIONS 0
