ACTION START 1200 0 START
ACTION QUERY 1200 10 airport security measures
ACTION SERP 1200 15 EXAMINE_SERP
ACTION SNIPPET 1200 15 SNIPPET_RELEVANT 0814a51a-6260-11e7-84a1-a26b75ad39fe
ACTION DOC 1200 35 EXAMINING_DOCUMENT 0814a51a-6260-11e7-84a1-a26b75ad39fe
ACTION MARK 1200 38 CONSIDERED_RELEVANT 0814a51a-6260-11e7-84a1-a26b75ad39fe
ACTION SNIPPET 1200 38 SNIPPET_RELEVANT 1c2a1c388c3b6aa0171217d615dfe163
ACTION DOC 1200 58 EXAMINING_DOCUMENT 1c2a1c388c3b6aa0171217d615dfe163
ACTION MARK 1200 61 CONSIDERED_RELEVANT 1c2a1c388c3b6aa0171217d615dfe163
ACTION SNIPPET 1200 61 SNIPPET_RELEVANT 3a3d23be8e51f34403d256a44d87cdf4
ACTION DOC 1200 81 EXAMINING_DOCUMENT 3a3d23be8e51f34403d256a44d87cdf4
ACTION MARK 1200 84 CONSIDERED_RELEVANT 3a3d23be8e51f34403d256a44d87cdf4
ACTION SNIPPET 1200 84 SNIPPET_RELEVANT e8023cac-5c14-11e7-9fc6-c7ef4bc58d13
ACTION DOC 1200 104 EXAMINING_DOCUMENT e8023cac-5c14-11e7-9fc6-c7ef4bc58d13
ACTION MARK 1200 107 CONSIDERED_RELEVANT e8023cac-5c14-11e7-9fc6-c7ef4bc58d13
ACTION SNIPPET 1200 107 SNIPPET_RELEVANT 2861aed4b4d9e4cc8787f27467359594
ACTION DOC 1200 127 EXAMINING_DOCUMENT 2861aed4b4d9e4cc8787f27467359594
ACTION MARK 1200 130 CONSIDERED_RELEVANT 2861aed4b4d9e4cc8787f27467359594
ACTION QUERY 1200 140 flight safety protocols
ACTION SERP 1200 145 EXAMINE_SERP
ACTION SNIPPET 1200 145 SNIPPET_RELEVANT 022767b786301a72a87df32536aa3223
ACTION DOC 1200 165 EXAMINING_DOCUMENT 022767b786301a72a87df32536aa3223
ACTION SNIPPET 1200 165 SNIPPET_RELEVANT f725e9036ecc5a834d11f94b2a53e57f
ACTION DOC 1200 185 EXAMINING_DOCUMENT f725e9036ecc5a834d11f94b2a53e57f
ACTION SNIPPET 1200 185 SNIPPET_RELEVANT 7bb0e438b7c8723e68ac6f3963f3c887
ACTION DOC 1200 205 EXAMINING_DOCUMENT 7bb0e438b7c8723e68ac6f3963f3c887
ACTION SNIPPET 1200 205 SNIPPET_RELEVANT 6e99fa3f88fac9c59665748680294cc5
ACTION DOC 1200 225 EXAMINING_DOCUMENT 6e99fa3f88fac9c59665748680294cc5
ACTION SNIPPET 1200 225 SNIPPET_RELEVANT 05b29ae8-7ef1-11e4-9f38-95a187e4c1f7
ACTION DOC 1200 245 EXAMINING_DOCUMENT 05b29ae8-7ef1-11e4-9f38-95a187e4c1f7
ACTION SNIPPET 1200 245 SNIPPET_RELEVANT 2f3868e190ef5e72ddd5f5c08557a931
ACTION DOC 1200 265 EXAMINING_DOCUMENT 2f3868e190ef5e72ddd5f5c08557a931
ACTION QUERY 1200 275 enhanced screening techniques
ACTION SERP 1200 280 EXAMINE_SERP
ACTION SNIPPET 1200 280 SNIPPET_RELEVANT 4a76f1b8-52cc-11e2-a613-ec8d394535c6
ACTION DOC 1200 300 EXAMINING_DOCUMENT 4a76f1b8-52cc-11e2-a613-ec8d394535c6
ACTION SNIPPET 1200 300 SNIPPET_RELEVANT a0fe501d514ad748ed97295ee9038246
ACTION DOC 1200 320 EXAMINING_DOCUMENT a0fe501d514ad748ed97295ee9038246
ACTION SNIPPET 1200 320 SNIPPET_RELEVANT fa8b855a-80b5-11e4-b936-f3afab0155a7
ACTION DOC 1200 340 EXAMINING_DOCUMENT fa8b855a-80b5-11e4-b936-f3afab0155a7
ACTION SNIPPET 1200 340 SNIPPET_RELEVANT 4d0e5f66-5b5e-11e2-9fa9-5fbdc9530eb9
ACTION DOC 1200 360 EXAMINING_DOCUMENT 4d0e5f66-5b5e-11e2-9fa9-5fbdc9530eb9
ACTION SNIPPET 1200 360 SNIPPET_RELEVANT cd2b3528ab62534de99f938fcaac4c7b
ACTION DOC 1200 380 EXAMINING_DOCUMENT cd2b3528ab62534de99f938fcaac4c7b
ACTION SNIPPET 1200 380 SNIPPET_RELEVANT 5e5347ca-94da-11e4-927a-4fa2638cd1b0
ACTION DOC 1200 400 EXAMINING_DOCUMENT 5e5347ca-94da-11e4-927a-4fa2638cd1b0
ACTION QUERY 1200 410 flight screening technology
ACTION SERP 1200 415 EXAMINE_SERP
ACTION SNIPPET 1200 415 SNIPPET_RELEVANT 522a615a-bd71-11e2-97d4-a479289a31f9
ACTION DOC 1200 435 EXAMINING_DOCUMENT 522a615a-bd71-11e2-97d4-a479289a31f9
ACTION SNIPPET 1200 435 SNIPPET_RELEVANT efd338e364b2604c6e3aa5545c9f684c
ACTION DOC 1200 455 EXAMINING_DOCUMENT efd338e364b2604c6e3aa5545c9f684c
ACTION SNIPPET 1200 455 SNIPPET_RELEVANT 19881f8f26be88701292532784830cf5
ACTION DOC 1200 475 EXAMINING_DOCUMENT 19881f8f26be88701292532784830cf5
ACTION SNIPPET 1200 475 SNIPPET_RELEVANT a49d06ba-8f88-11e3-84e1-27626c5ef5fb
ACTION DOC 1200 495 EXAMINING_DOCUMENT a49d06ba-8f88-11e3-84e1-27626c5ef5fb
ACTION MARK 1200 498 CONSIDERED_RELEVANT a49d06ba-8f88-11e3-84e1-27626c5ef5fb
ACTION SNIPPET 1200 498 SNIPPET_RELEVANT f739e922-a4f5-11e5-9c4e-be37f66848bb
ACTION DOC 1200 518 EXAMINING_DOCUMENT f739e922-a4f5-11e5-9c4e-be37f66848bb
ACTION MARK 1200 521 CONSIDERED_RELEVANT f739e922-a4f5-11e5-9c4e-be37f66848bb
ACTION SNIPPET 1200 521 SNIPPET_RELEVANT 8444d1915d8f5cbd2e0572480580ef24
ACTION DOC 1200 541 EXAMINING_DOCUMENT 8444d1915d8f5cbd2e0572480580ef24
ACTION MARK 1200 544 CONSIDERED_RELEVANT 8444d1915d8f5cbd2e0572480580ef24
ACTION QUERY 1200 554 Airport security measures
ACTION SERP 1200 559 EXAMINE_SERP
ACTION SNIPPET 1200 559 SEEN_PREVIOUSLY 0814a51a-6260-11e7-84a1-a26b75ad39fe
ACTION SNIPPET 1200 559 SEEN_PREVIOUSLY 1c2a1c388c3b6aa0171217d615dfe163
ACTION SNIPPET 1200 559 SEEN_PREVIOUSLY 3a3d23be8e51f34403d256a44d87cdf4
ACTION SNIPPET 1200 559 SEEN_PREVIOUSLY e8023cac-5c14-11e7-9fc6-c7ef4bc58d13
ACTION SNIPPET 1200 559 SEEN_PREVIOUSLY 2861aed4b4d9e4cc8787f27467359594
ACTION SNIPPET 1200 559 SNIPPET_RELEVANT 1ad9d0f2-054e-11e4-a0dd-f2b22a257353
ACTION DOC 1200 579 EXAMINING_DOCUMENT 1ad9d0f2-054e-11e4-a0dd-f2b22a257353
ACTION MARK 1200 582 CONSIDERED_RELEVANT 1ad9d0f2-054e-11e4-a0dd-f2b22a257353
ACTION SNIPPET 1200 582 SNIPPET_RELEVANT a817091ff6e514c97fe2edb706547c2a
ACTION DOC 1200 602 EXAMINING_DOCUMENT a817091ff6e514c97fe2edb706547c2a
ACTION SNIPPET 1200 602 SNIPPET_RELEVANT 185a14ae-5f4b-11e7-84a1-a26b75ad39fe
ACTION DOC 1200 622 EXAMINING_DOCUMENT 185a14ae-5f4b-11e7-84a1-a26b75ad39fe
ACTION MARK 1200 625 CONSIDERED_RELEVANT 185a14ae-5f4b-11e7-84a1-a26b75ad39fe
ACTION SNIPPET 1200 625 SNIPPET_RELEVANT d9439bb1b235ce43080e0d03ad793319
ACTION DOC 1200 645 EXAMINING_DOCUMENT d9439bb1b235ce43080e0d03ad793319
ACTION MARK 1200 648 CONSIDERED_RELEVANT d9439bb1b235ce43080e0d03ad793319
ACTION SNIPPET 1200 648 SNIPPET_RELEVANT ed408c80-1d3c-11e2-b647-bb1668e64058
ACTION DOC 1200 668 EXAMINING_DOCUMENT ed408c80-1d3c-11e2-b647-bb1668e64058
ACTION MARK 1200 671 CONSIDERED_RELEVANT ed408c80-1d3c-11e2-b647-bb1668e64058
ACTION SNIPPET 1200 671 SNIPPET_RELEVANT 4120d4ea1b766740ef0fbb9dc20b9e10
ACTION DOC 1200 691 EXAMINING_DOCUMENT 4120d4ea1b766740ef0fbb9dc20b9e10
ACTION MARK 1200 694 CONSIDERED_RELEVANT 4120d4ea1b766740ef0fbb9dc20b9e10
ACTION QUERY 1200 704 Airport Security Measures
ACTION SERP 1200 709 EXAMINE_SERP
ACTION SNIPPET 1200 709 SEEN_PREVIOUSLY 0814a51a-6260-11e7-84a1-a26b75ad39fe
ACTION SNIPPET 1200 709 SEEN_PREVIOUSLY 1c2a1c388c3b6aa0171217d615dfe163
ACTION SNIPPET 1200 709 SEEN_PREVIOUSLY 3a3d23be8e51f34403d256a44d87cdf4
ACTION SNIPPET 1200 709 SEEN_PREVIOUSLY e8023cac-5c14-11e7-9fc6-c7ef4bc58d13
ACTION SNIPPET 1200 709 SEEN_PREVIOUSLY 2861aed4b4d9e4cc8787f27467359594
ACTION SNIPPET 1200 709 SEEN_PREVIOUSLY 1ad9d0f2-054e-11e4-a0dd-f2b22a257353
ACTION SNIPPET 1200 709 SEEN_PREVIOUSLY a817091ff6e514c97fe2edb706547c2a
ACTION SNIPPET 1200 709 SEEN_PREVIOUSLY 185a14ae-5f4b-11e7-84a1-a26b75ad39fe
ACTION SNIPPET 1200 709 SEEN_PREVIOUSLY d9439bb1b235ce43080e0d03ad793319
ACTION SNIPPET 1200 709 SEEN_PREVIOUSLY ed408c80-1d3c-11e2-b647-bb1668e64058
ACTION SNIPPET 1200 709 SEEN_PREVIOUSLY 4120d4ea1b766740ef0fbb9dc20b9e10
ACTION SNIPPET 1200 709 SNIPPET_RELEVANT a96b484c-5890-11e4-8264-deed989ae9a2
ACTION DOC 1200 729 EXAMINING_DOCUMENT a96b484c-5890-11e4-8264-deed989ae9a2
ACTION SNIPPET 1200 729 SNIPPET_RELEVANT befaf098-fdb9-11e5-80e4-c381214de1a3
ACTION DOC 1200 749 EXAMINING_DOCUMENT befaf098-fdb9-11e5-80e4-c381214de1a3
ACTION MARK 1200 752 CONSIDERED_RELEVANT befaf098-fdb9-11e5-80e4-c381214de1a3
ACTION SNIPPET 1200 752 SNIPPET_RELEVANT d4efd080-0dcb-11e7-9d5a-a83e627dc120
ACTION DOC 1200 772 EXAMINING_DOCUMENT d4efd080-0dcb-11e7-9d5a-a83e627dc120
ACTION MARK 1200 775 CONSIDERED_RELEVANT d4efd080-0dcb-11e7-9d5a-a83e627dc120
ACTION SNIPPET 1200 775 SNIPPET_RELEVANT e6b1f52823a64bef434245fa058fbfec
ACTION DOC 1200 795 EXAMINING_DOCUMENT e6b1f52823a64bef434245fa058fbfec
ACTION SNIPPET 1200 795 SNIPPET_RELEVANT 83b0fd3a-2364-11e2-ac85-e669876c6a24
ACTION DOC 1200 815 EXAMINING_DOCUMENT 83b0fd3a-2364-11e2-ac85-e669876c6a24
ACTION MARK 1200 818 CONSIDERED_RELEVANT 83b0fd3a-2364-11e2-ac85-e669876c6a24
ACTION SNIPPET 1200 818 SNIPPET_RELEVANT 960a655e37a62111439e35f268d4952a
ACTION DOC 1200 838 EXAMINING_DOCUMENT 960a655e37a62111439e35f268d4952a
ACTION QUERY 1200 848 flight safety enhancements
ACTION SERP 1200 853 EXAMINE_SERP
ACTION SNIPPET 1200 853 SEEN_PREVIOUSLY 1c2a1c388c3b6aa0171217d615dfe163
ACTION SNIPPET 1200 853 SNIPPET_RELEVANT 5b08c5ca-f0e0-11e3-9ebc-2ee6f81ed217
ACTION DOC 1200 873 EXAMINING_DOCUMENT 5b08c5ca-f0e0-11e3-9ebc-2ee6f81ed217
ACTION SNIPPET 1200 873 SNIPPET_RELEVANT d3a3efe91e36b7828450f2b4da52decf
ACTION DOC 1200 893 EXAMINING_DOCUMENT d3a3efe91e36b7828450f2b4da52decf
ACTION SNIPPET 1200 893 SNIPPET_RELEVANT e7535abb4f38bfd45ac7d5a9e5a40881
ACTION DOC 1200 913 EXAMINING_DOCUMENT e7535abb4f38bfd45ac7d5a9e5a40881
ACTION SNIPPET 1200 913 SNIPPET_RELEVANT 00e458fe-ba13-11e5-829c-26ffb874a18d
ACTION DOC 1200 933 EXAMINING_DOCUMENT 00e458fe-ba13-11e5-829c-26ffb874a18d
ACTION SNIPPET 1200 933 SNIPPET_RELEVANT fca695af719febd43cadc4d57cb7d34e
ACTION DOC 1200 953 EXAMINING_DOCUMENT fca695af719febd43cadc4d57cb7d34e
ACTION MARK 1200 956 CONSIDERED_RELEVANT fca695af719febd43cadc4d57cb7d34e
ACTION SNIPPET 1200 956 SNIPPET_RELEVANT d41add54-b232-11e4-886b-c22184f27c35
ACTION DOC 1200 976 EXAMINING_DOCUMENT d41add54-b232-11e4-886b-c22184f27c35
ACTION QUERY 1200 986 terrorism prevention airports
ACTION SERP 1200 991 EXAMINE_SERP
ACTION SNIPPET 1200 991 SNIPPET_RELEVANT d6f53d5ad2ac5fdd36bffdef733b3ea8
ACTION DOC 1200 1011 EXAMINING_DOCUMENT d6f53d5ad2ac5fdd36bffdef733b3ea8
ACTION SNIPPET 1200 1011 SNIPPET_RELEVANT 4ba9f1a8-4bdb-11e3-9890-a1e0997fb0c0
ACTION DOC 1200 1031 EXAMINING_DOCUMENT 4ba9f1a8-4bdb-11e3-9890-a1e0997fb0c0
ACTION SNIPPET 1200 1031 SNIPPET_RELEVANT a4450c72-3e0d-11e6-a66f-aa6c1883b6b1
ACTION DOC 1200 1051 EXAMINING_DOCUMENT a4450c72-3e0d-11e6-a66f-aa6c1883b6b1
ACTION MARK 1200 1054 CONSIDERED_RELEVANT a4450c72-3e0d-11e6-a66f-aa6c1883b6b1
ACTION SNIPPET 1200 1054 SEEN_PREVIOUSLY 960a655e37a62111439e35f268d4952a
ACTION SNIPPET 1200 1054 SNIPPET_RELEVANT 3b6974ffb40416e2a1c112aeb9b053cf
ACTION DOC 1200 1074 EXAMINING_DOCUMENT 3b6974ffb40416e2a1c112aeb9b053cf
ACTION SNIPPET 1200 1074 SNIPPET_RELEVANT 99bf495c18873e39102fc2ad3585b4a3
ACTION DOC 1200 1094 EXAMINING_DOCUMENT 99bf495c18873e39102fc2ad3585b4a3
ACTION SNIPPET 1200 1094 SNIPPET_RELEVANT e4a02d08e7b9c4e459dc7d070188ea89
ACTION DOC 1200 1114 EXAMINING_DOCUMENT e4a02d08e7b9c4e459dc7d070188ea89
ACTION QUERY 1200 1124 international airport screening
ACTION SERP 1200 1129 EXAMINE_SERP
ACTION SNIPPET 1200 1129 SEEN_PREVIOUSLY a96b484c-5890-11e4-8264-deed989ae9a2
ACTION SNIPPET 1200 1129 SNIPPET_RELEVANT e0b227a7795a4c966be96ef0d6c8974a
ACTION DOC 1200 1149 EXAMINING_DOCUMENT e0b227a7795a4c966be96ef0d6c8974a
ACTION MARK 1200 1152 CONSIDERED_RELEVANT e0b227a7795a4c966be96ef0d6c8974a
ACTION SNIPPET 1200 1152 SNIPPET_RELEVANT f7878e1cb4bdf00e3a00f1979c159dbe
ACTION DOC 1200 1172 EXAMINING_DOCUMENT f7878e1cb4bdf00e3a00f1979c159dbe
ACTION SNIPPET 1200 1172 SNIPPET_RELEVANT 1632bcd73f19976002e9dcc61fc1aa04
ACTION DOC 1200 1192 EXAMINING_DOCUMENT 1632bcd73f19976002e9dcc61fc1aa04
ACTION SNIPPET 1200 1192 SNIPPET_RELEVANT 98ccf25d44dacd445230b7fc2b303829
ACTION DOC 1200 1212 EXAMINING_DOCUMENT 98ccf25d44dacd445230b7fc2b303829
INFO SUMMARY 
INFO TOTAL_QUERIES_ISSUED 9
INFO TOTAL_SNIPPETS_EXAMINED 70
INFO TOTAL_DOCUMENTS_EXAMINED 51
INFO TOTAL_DOCUMENTS_MARKED_RELEVANT 19
INFO TOTAL_ATTRACTIVE_SERP_IMPRESSIONS 9
INFO TOTAL_UNATTRACTIVE_SERP_IMPRESSIONS 0
