ACTION START 1200 0 START
ACTION QUERY 1200 10 airport security measures
ACTION SERP 1200 15 EXAMINE_SERP
ACTION SNIPPET 1200 15 SNIPPET_RELEVANT 0814a51a-6260-11e7-84a1-a26b75ad39fe
ACTION DOC 1200 35 EXAMINING_DOCUMENT 0814a51a-6260-11e7-84a1-a26b75ad39fe
ACTION MARK 1200 38 CONSIDERED_RELEVANT 0814a51a-6260-11e7-84a1-a26b75ad39fe
ACTION SNIPPET 1200 38 SNIPPET_RELEVANT 1c2a1c388c3b6aa0171217d615dfe163
ACTION DOC 1200 58 EXAMINING_DOCUMENT 1c2a1c388c3b6aa0171217d615dfe163
ACTION MARK 1200 61 CONSIDERED_RELEVANT 1c2a1c388c3b6aa0171217d615dfe163
ACTION SNIPPET 1200 61 SNIPPET_RELEVANT 3a3d23be8e51f34403d256a44d87cdf4
ACTION DOC 1200 81 EXAMINING_DOCUMENT 3a3d23be8e51f34403d256a44d87cdf4
ACTION MARK 1200 84 CONSIDERED_RELEVANT 3a3d23be8e51f34403d256a44d87cdf4
ACTION SNIPPET 1200 84 SNIPPET_RELEVANT e8023cac-5c14-11e7-9fc6-c7ef4bc58d13
ACTION DOC 1200 104 EXAMINING_DOCUMENT e8023cac-5c14-11e7-9fc6-c7ef4bc58d13
ACTION MARK 1200 107 CONSIDERED_RELEVANT e8023cac-5c14-11e7-9fc6-c7ef4bc58d13
ACTION SNIPPET 1200 107 SNIPPET_RELEVANT 2861aed4b4d9e4cc8787f27467359594
ACTION DOC 1200 127 EXAMINING_DOCUMENT 2861aed4b4d9e4cc8787f27467359594
ACTION MARK 1200 130 CONSIDERED_RELEVANT 2861aed4b4d9e4cc8787f27467359594
ACTION QUERY 1200 140 flight safety protocols
ACTION SERP 1200 145 EXAMINE_SERP
ACTION SNIPPET 1200 145 SNIPPET_RELEVANT 022767b786301a72a87df32536aa3223
ACTION DOC 1200 165 EXAMINING_DOCUMENT 022767b786301a72a87df32536aa3223
ACTION SNIPPET 1200 165 SNIPPET_RELEVANT f725e9036ecc5a834d11f94b2a53e57f
ACTION DOC 1200 185 EXAMINING_DOCUMENT f725e9036ecc5a834d11f94b2a53e57f
ACTION SNIPPET 1200 185 SNIPPET_RELEVANT 7bb0e438b7c8723e68ac6f3963f3c887
ACTION DOC 1200 205 EXAMINING_DOCUMENT 7bb0e438b7c8723e68ac6f3963f3c887
ACTION SNIPPET 1200 205 SNIPPET_RELEVANT 6e99fa3f88fac9c59665748680294cc5
ACTION DOC 1200 225 EXAMINING_DOCUMENT 6e99fa3f88fac9c59665748680294cc5
ACTION SNIPPET 1200 225 SNIPPET_RELEVANT 05b29ae8-7ef1-11e4-9f38-95a187e4c1f7
ACTION DOC 1200 245 EXAMINING_DOCUMENT 05b29ae8-7ef1-11e4-9f38-95a187e4c1f7
ACTION SNIPPET 1200 245 SNIPPET_RELEVANT 2f3868e190ef5e72ddd5f5c08557a931
ACTION DOC 1200 265 EXAMINING_DOCUMENT 2f3868e190ef5e72ddd5f5c08557a931
ACTION MARK 1200 268 CONSIDERED_RELEVANT 2f3868e190ef5e72ddd5f5c08557a931
ACTION QUERY 1200 278 flight safety screening
ACTION SERP 1200 283 EXAMINE_SERP
ACTION SNIPPET 1200 283 SNIPPET_RELEVANT ee240db8-d3cc-11e4-ab77-9646eea6a4c7
ACTION DOC 1200 303 EXAMINING_DOCUMENT ee240db8-d3cc-11e4-ab77-9646eea6a4c7
ACTION SNIPPET 1200 303 SNIPPET_RELEVANT adb09e9f117bbbee3aec1c2feb079545
ACTION DOC 1200 323 EXAMINING_DOCUMENT adb09e9f117bbbee3aec1c2feb079545
ACTION SNIPPET 1200 323 SNIPPET_RELEVANT e1b70d76-4e31-11e4-babe-e91da079cb8a
ACTION DOC 1200 343 EXAMINING_DOCUMENT e1b70d76-4e31-11e4-babe-e91da079cb8a
ACTION SNIPPET 1200 343 SNIPPET_RELEVANT 4d5418b2-d3f7-11e4-8fce-3941fc548f1c
ACTION DOC 1200 363 EXAMINING_DOCUMENT 4d5418b2-d3f7-11e4-8fce-3941fc548f1c
ACTION SNIPPET 1200 363 SNIPPET_RELEVANT 5b9b761eed65ce10d2bc718517bf11c5
ACTION DOC 1200 383 EXAMINING_DOCUMENT 5b9b761eed65ce10d2bc718517bf11c5
ACTION SNIPPET 1200 383 SNIPPET_RELEVANT 55060b1b9b7ab3583dd919815c773d72
ACTION DOC 1200 403 EXAMINING_DOCUMENT 55060b1b9b7ab3583dd919815c773d72
ACTION MARK 1200 406 CONSIDERED_RELEVANT 55060b1b9b7ab3583dd919815c773d72
ACTION QUERY 1200 416 international flight screening
ACTION SERP 1200 421 EXAMINE_SERP
ACTION SNIPPET 1200 421 SNIPPET_RELEVANT 185a14ae-5f4b-11e7-84a1-a26b75ad39fe
ACTION DOC 1200 441 EXAMINING_DOCUMENT 185a14ae-5f4b-11e7-84a1-a26b75ad39fe
ACTION MARK 1200 444 CONSIDERED_RELEVANT 185a14ae-5f4b-11e7-84a1-a26b75ad39fe
ACTION SNIPPET 1200 444 SNIPPET_RELEVANT acbeed9c-5227-11e4-809b-8cc0a295c773
ACTION DOC 1200 464 EXAMINING_DOCUMENT acbeed9c-5227-11e4-809b-8cc0a295c773
ACTION SNIPPET 1200 464 SEEN_PREVIOUSLY e8023cac-5c14-11e7-9fc6-c7ef4bc58d13
ACTION SNIPPET 1200 464 SNIPPET_RELEVANT 93f9b9178c8fb6ab51af214438b0b14b
ACTION DOC 1200 484 EXAMINING_DOCUMENT 93f9b9178c8fb6ab51af214438b0b14b
ACTION SNIPPET 1200 484 SNIPPET_RELEVANT 3fda8b02e50d14fafef10f318e1220cb
ACTION DOC 1200 504 EXAMINING_DOCUMENT 3fda8b02e50d14fafef10f318e1220cb
ACTION MARK 1200 507 CONSIDERED_RELEVANT 3fda8b02e50d14fafef10f318e1220cb
ACTION SNIPPET 1200 507 SEEN_PREVIOUSLY e1b70d76-4e31-11e4-babe-e91da079cb8a
ACTION SNIPPET 1200 507 SNIPPET_RELEVANT 4a27cd8e6f3beaeba3c21a3bae6676e6
ACTION DOC 1200 527 EXAMINING_DOCUMENT 4a27cd8e6f3beaeba3c21a3bae6676e6
ACTION SNIPPET 1200 527 SNIPPET_RELEVANT e0b227a7795a4c966be96ef0d6c8974a
ACTION DOC 1200 547 EXAMINING_DOCUMENT e0b227a7795a4c966be96ef0d6c8974a
ACTION QUERY 1200 557 airport security screening
ACTION SERP 1200 562 EXAMINE_SERP
ACTION SNIPPET 1200 562 SNIPPET_RELEVANT f73cad84-e76c-11e4-9a6a-c1ab95a0600b
ACTION DOC 1200 582 EXAMINING_DOCUMENT f73cad84-e76c-11e4-9a6a-c1ab95a0600b
ACTION MARK 1200 585 CONSIDERED_RELEVANT f73cad84-e76c-11e4-9a6a-c1ab95a0600b
ACTION SNIPPET 1200 585 SNIPPET_RELEVANT ca1630d4031c24604ef5ada04489929b
ACTION DOC 1200 605 EXAMINING_DOCUMENT ca1630d4031c24604ef5ada04489929b
ACTION SNIPPET 1200 605 SNIPPET_RELEVANT a96b484c-5890-11e4-8264-deed989ae9a2
ACTION DOC 1200 625 EXAMINING_DOCUMENT a96b484c-5890-11e4-8264-deed989ae9a2
ACTION SNIPPET 1200 625 SNIPPET_RELEVANT d9439bb1b235ce43080e0d03ad793319
ACTION DOC 1200 645 EXAMINING_DOCUMENT d9439bb1b235ce43080e0d03ad793319
ACTION MARK 1200 648 CONSIDERED_RELEVANT d9439bb1b235ce43080e0d03ad793319
ACTION SNIPPET 1200 648 SNIPPET_RELEVANT c73fa254-72ca-11e1-ab86-1f92b6642693
ACTION DOC 1200 668 EXAMINING_DOCUMENT c73fa254-72ca-11e1-ab86-1f92b6642693
ACTION MARK 1200 671 CONSIDERED_RELEVANT c73fa254-72ca-11e1-ab86-1f92b6642693
ACTION SNIPPET 1200 671 SNIPPET_RELEVANT d50271a2-66da-11e5-9ef3-fde182507eac
ACTION DOC 1200 691 EXAMINING_DOCUMENT d50271a2-66da-11e5-9ef3-fde182507eac
ACTION MARK 1200 694 CONSIDERED_RELEVANT d50271a2-66da-11e5-9ef3-fde182507eac
ACTION QUERY 1200 704 airport security technology
ACTION SERP 1200 709 EXAMINE_SERP
ACTION SNIPPET 1200 709 SNIPPET_RELEVANT 2eca61a4-6f86-11e1-9118-82b72e1e284a
ACTION DOC 1200 729 EXAMINING_DOCUMENT 2eca61a4-6f86-11e1-9118-82b72e1e284a
ACTION MARK 1200 732 CONSIDERED_RELEVANT 2eca61a4-6f86-11e1-9118-82b72e1e284a
ACTION SNIPPET 1200 732 SNIPPET_RELEVANT 0afdf388-30c2-11e1-b034-d347de95dcfe
ACTION DOC 1200 752 EXAMINING_DOCUMENT 0afdf388-30c2-11e1-b034-d347de95dcfe
ACTION MARK 1200 755 CONSIDERED_RELEVANT 0afdf388-30c2-11e1-b034-d347de95dcfe
ACTION SNIPPET 1200 755 SNIPPET_RELEVANT c79b3da6-6f1a-11e2-8b8d-e0b59a1b8e2a
ACTION DOC 1200 775 EXAMINING_DOCUMENT c79b3da6-6f1a-11e2-8b8d-e0b59a1b8e2a
ACTION MARK 1200 778 CONSIDERED_RELEVANT c79b3da6-6f1a-11e2-8b8d-e0b59a1b8e2a
ACTION SNIPPET 1200 778 SNIPPET_RELEVANT a3394dc4-807a-11e2-b99e-6baf4ebe42df
ACTION DOC 1200 798 EXAMINING_DOCUMENT a3394dc4-807a-11e2-b99e-6baf4ebe42df
ACTION MARK 1200 801 CONSIDERED_RELEVANT a3394dc4-807a-11e2-b99e-6baf4ebe42df
ACTION SNIPPET 1200 801 SNIPPET_RELEVANT 83b0fd3a-2364-11e2-ac85-e669876c6a24
ACTION DOC 1200 821 EXAMINING_DOCUMENT 83b0fd3a-2364-11e2-ac85-e669876c6a24
ACTION MARK 1200 824 CONSIDERED_RELEVANT 83b0fd3a-2364-11e2-ac85-e669876c6a24
ACTION QUERY 1200 834 Airport security measures
ACTION SERP 1200 839 EXAMINE_SERP
ACTION SNIPPET 1200 839 SEEN_PREVIOUSLY 0814a51a-6260-11e7-84a1-a26b75ad39fe
ACTION SNIPPET 1200 839 SEEN_PREVIOUSLY 1c2a1c388c3b6aa0171217d615dfe163
ACTION SNIPPET 1200 839 SEEN_PREVIOUSLY 3a3d23be8e51f34403d256a44d87cdf4
ACTION SNIPPET 1200 839 SEEN_PREVIOUSLY e8023cac-5c14-11e7-9fc6-c7ef4bc58d13
ACTION SNIPPET 1200 839 SEEN_PREVIOUSLY 2861aed4b4d9e4cc8787f27467359594
ACTION SNIPPET 1200 839 SNIPPET_RELEVANT 1ad9d0f2-054e-11e4-a0dd-f2b22a257353
ACTION DOC 1200 859 EXAMINING_DOCUMENT 1ad9d0f2-054e-11e4-a0dd-f2b22a257353
ACTION MARK 1200 862 CONSIDERED_RELEVANT 1ad9d0f2-054e-11e4-a0dd-f2b22a257353
ACTION SNIPPET 1200 862 SNIPPET_RELEVANT a817091ff6e514c97fe2edb706547c2a
ACTION DOC 1200 882 EXAMINING_DOCUMENT a817091ff6e514c97fe2edb706547c2a
ACTION SNIPPET 1200 882 SEEN_PREVIOUSLY 185a14ae-5f4b-11e7-84a1-a26b75ad39fe
ACTION SNIPPET 1200 882 SEEN_PREVIOUSLY d9439bb1b235ce43080e0d03ad793319
ACTION SNIPPET 1200 882 SNIPPET_RELEVANT ed408c80-1d3c-11e2-b647-bb1668e64058
ACTION DOC 1200 902 EXAMINING_DOCUMENT ed408c80-1d3c-11e2-b647-bb1668e64058
ACTION MARK 1200 905 CONSIDERED_RELEVANT ed408c80-1d3c-11e2-b647-bb1668e64058
ACTION SNIPPET 1200 905 SNIPPET_RELEVANT 4120d4ea1b766740ef0fbb9dc20b9e10
ACTION DOC 1200 925 EXAMINING_DOCUMENT 4120d4ea1b766740ef0fbb9dc20b9e10
ACTION MARK 1200 928 CONSIDERED_RELEVANT 4120d4ea1b766740ef0fbb9dc20b9e10
ACTION SNIPPET 1200 928 SEEN_PREVIOUSLY a96b484c-5890-11e4-8264-deed989ae9a2
ACTION SNIPPET 1200 928 SNIPPET_RELEVANT befaf098-fdb9-11e5-80e4-c381214de1a3
ACTION DOC 1200 948 EXAMINING_DOCUMENT befaf098-fdb9-11e5-80e4-c381214de1a3
ACTION MARK 1200 951 CONSIDERED_RELEVANT befaf098-fdb9-11e5-80e4-c381214de1a3
ACTION SNIPPET 1200 951 SNIPPET_RELEVANT d4efd080-0dcb-11e7-9d5a-a83e627dc120
ACTION DOC 1200 971 EXAMINING_DOCUMENT d4efd080-0dcb-11e7-9d5a-a83e627dc120
ACTION MARK 1200 974 CONSIDERED_RELEVANT d4efd080-0dcb-11e7-9d5a-a83e627dc120
ACTION QUERY 1200 984 air travel safety enhancements
ACTION SERP 1200 989 EXAMINE_SERP
ACTION SNIPPET 1200 989 SNIPPET_RELEVANT 3ad7c138-d1db-11e5-90d3-34c2c42653ac
ACTION DOC 1200 1009 EXAMINING_DOCUMENT 3ad7c138-d1db-11e5-90d3-34c2c42653ac
ACTION SNIPPET 1200 1009 SNIPPET_RELEVANT fca695af719febd43cadc4d57cb7d34e
ACTION DOC 1200 1029 EXAMINING_DOCUMENT fca695af719febd43cadc4d57cb7d34e
ACTION MARK 1200 1032 CONSIDERED_RELEVANT fca695af719febd43cadc4d57cb7d34e
ACTION SNIPPET 1200 1032 SNIPPET_RELEVANT 94338494-9bc2-11e2-9bda-edd1a7fb557d
ACTION DOC 1200 1052 EXAMINING_DOCUMENT 94338494-9bc2-11e2-9bda-edd1a7fb557d
ACTION SNIPPET 1200 1052 SEEN_PREVIOUSLY 1c2a1c388c3b6aa0171217d615dfe163
ACTION SNIPPET 1200 1052 SEEN_PREVIOUSLY 0814a51a-6260-11e7-84a1-a26b75ad39fe
ACTION SNIPPET 1200 1052 SNIPPET_RELEVANT fd77f58c-6f49-11e4-ad12-3734c461eab6
ACTION DOC 1200 1072 EXAMINING_DOCUMENT fd77f58c-6f49-11e4-ad12-3734c461eab6
ACTION SNIPPET 1200 1072 SNIPPET_RELEVANT 5dc8fe80-adc8-11e2-8bf6-e70cb6ae066e
ACTION DOC 1200 1092 EXAMINING_DOCUMENT 5dc8fe80-adc8-11e2-8bf6-e70cb6ae066e
ACTION SNIPPET 1200 1092 SNIPPET_RELEVANT 7dcafe2c6cd0268722c6bac26cabdbbe
ACTION DOC 1200 1112 EXAMINING_DOCUMENT 7dcafe2c6cd0268722c6bac26cabdbbe
ACTION QUERY 1200 1122 international flight safety
ACTION SERP 1200 1127 EXAMINE_SERP
ACTION SNIPPET 1200 1127 SNIPPET_RELEVANT 5e3a0e7c-8bf6-11e5-acff-673ae92ddd2b
ACTION DOC 1200 1147 EXAMINING_DOCUMENT 5e3a0e7c-8bf6-11e5-acff-673ae92ddd2b
ACTION SNIPPET 1200 1147 SNIPPET_RELEVANT 3918d6b5b8403bba17f1deab2f277480
ACTION DOC 1200 1167 EXAMINING_DOCUMENT 3918d6b5b8403bba17f1deab2f277480
ACTION SNIPPET 1200 1167 SNIPPET_RELEVANT 38b0736a0bd0a066819c8aa65437e161
ACTION DOC 1200 1187 EXAMINING_DOCUMENT 38b0736a0bd0a066819c8aa65437e161
ACTION SNIPPET 1200 1187 SEEN_PREVIOUSLY 1c2a1c388c3b6aa0171217d615dfe163
ACTION SNIPPET 1200 1187 SNIPPET_RELEVANT 180ae98e-c964-11e5-ae11-57b6aeab993f
ACTION DOC 1200 1207 EXAMINING_DOCUMENT 180ae98e-c964-11e5-ae11-57b6aeab993f
INFO SUMMARY 
INFO TOTAL_QUERIES_ISSUED 9
INFO TOTAL_SNIPPETS_EXAMINED 63
INFO TOTAL_DOCUMENTS_EXAMINED 50
INFO TOTAL_DOCUMENTS_MARKED_RELEVANT 24
INFO TOTAL_ATTRACTIVE_SERP_IMPRESSIONS 9
INFO TOTAL_UNATTRACTIVE_SERP_IMPRESSIONS 0
