ACTION START 1200 0 START
ACTION QUERY 1200 10 food stamps increase
ACTION SERP 1200 15 EXAMINE_SERP
ACTION SNIPPET 1200 15 SNIPPET_RELEVANT fd39a3e8-a250-11e3-84d4-e59b1709222c
ACTION DOC 1200 35 EXAMINING_DOCUMENT fd39a3e8-a250-11e3-84d4-e59b1709222c
ACTION MARK 1200 38 CONSIDERED_RELEVANT fd39a3e8-a250-11e3-84d4-e59b1709222c
ACTION SNIPPET 1200 38 SNIPPET_RELEVANT 216260efaa9bc4168fa6ad0fc18fc8eb
ACTION DOC 1200 58 EXAMINING_DOCUMENT 216260efaa9bc4168fa6ad0fc18fc8eb
ACTION MARK 1200 61 CONSIDERED_RELEVANT 216260efaa9bc4168fa6ad0fc18fc8eb
ACTION SNIPPET 1200 61 SNIPPET_RELEVANT abbdd3a35167a6dbc7491f4be7c6eded
ACTION DOC 1200 81 EXAMINING_DOCUMENT abbdd3a35167a6dbc7491f4be7c6eded
ACTION MARK 1200 84 CONSIDERED_RELEVANT abbdd3a35167a6dbc7491f4be7c6eded
ACTION SNIPPET 1200 84 SNIPPET_RELEVANT 70a5ff34-41cb-11e3-a624-41d661b0bb78
ACTION DOC 1200 104 EXAMINING_DOCUMENT 70a5ff34-41cb-11e3-a624-41d661b0bb78
ACTION SNIPPET 1200 104 SNIPPET_RELEVANT 0d5e994829c3ed41d7e016f711b4cda9
ACTION DOC 1200 124 EXAMINING_DOCUMENT 0d5e994829c3ed41d7e016f711b4cda9
ACTION SNIPPET 1200 124 SNIPPET_RELEVANT ae473baa82bc53da910dd692583fed2f
ACTION DOC 1200 144 EXAMINING_DOCUMENT ae473baa82bc53da910dd692583fed2f
ACTION QUERY 1200 154 SNAP benefits rise
ACTION SERP 1200 159 EXAMINE_SERP
ACTION SNIPPET 1200 159 SNIPPET_RELEVANT 6fdc62d37aaf685b809c501abe13c56c
ACTION DOC 1200 179 EXAMINING_DOCUMENT 6fdc62d37aaf685b809c501abe13c56c
ACTION MARK 1200 182 CONSIDERED_RELEVANT 6fdc62d37aaf685b809c501abe13c56c
ACTION SNIPPET 1200 182 SNIPPET_RELEVANT e8b42978f0ae3ef19921d25716ee861f
ACTION DOC 1200 202 EXAMINING_DOCUMENT e8b42978f0ae3ef19921d25716ee861f
ACTION SNIPPET 1200 202 SNIPPET_RELEVANT 50e916ffb415566f87d3a742671407c9
ACTION DOC 1200 222 EXAMINING_DOCUMENT 50e916ffb415566f87d3a742671407c9
ACTION MARK 1200 225 CONSIDERED_RELEVANT 50e916ffb415566f87d3a742671407c9
ACTION SNIPPET 1200 225 SNIPPET_RELEVANT 541c6c37751a0c6c536645bd1e7c5add
ACTION DOC 1200 245 EXAMINING_DOCUMENT 541c6c37751a0c6c536645bd1e7c5add
ACTION SNIPPET 1200 245 SNIPPET_RELEVANT 2fac427c55375bcaa32e486d8577abf5
ACTION DOC 1200 265 EXAMINING_DOCUMENT 2fac427c55375bcaa32e486d8577abf5
ACTION SNIPPET 1200 265 SNIPPET_RELEVANT ec55f826-b90a-11e3-9a05-c739f29ccb08
ACTION DOC 1200 285 EXAMINING_DOCUMENT ec55f826-b90a-11e3-9a05-c739f29ccb08
ACTION MARK 1200 288 CONSIDERED_RELEVANT ec55f826-b90a-11e3-9a05-c739f29ccb08
ACTION QUERY 1200 298 food assistance growth
ACTION SERP 1200 303 EXAMINE_SERP
ACTION SNIPPET 1200 303 SNIPPET_RELEVANT 549eb6ede3688409ba4c706b596d45a2
ACTION DOC 1200 323 EXAMINING_DOCUMENT 549eb6ede3688409ba4c706b596d45a2
ACTION SNIPPET 1200 323 SNIPPET_RELEVANT c664009eedd385af7d6f234fb16dd3a8
ACTION DOC 1200 343 EXAMINING_DOCUMENT c664009eedd385af7d6f234fb16dd3a8
ACTION MARK 1200 346 CONSIDERED_RELEVANT c664009eedd385af7d6f234fb16dd3a8
ACTION SNIPPET 1200 346 SNIPPET_RELEVANT 6ab1f4c2-b723-11e6-a677-b608fbb3aaf6
ACTION DOC 1200 366 EXAMINING_DOCUMENT 6ab1f4c2-b723-11e6-a677-b608fbb3aaf6
ACTION SNIPPET 1200 366 SNIPPET_RELEVANT f2217d815071a4ee058a9ce32cde534c
ACTION DOC 1200 386 EXAMINING_DOCUMENT f2217d815071a4ee058a9ce32cde534c
ACTION MARK 1200 389 CONSIDERED_RELEVANT f2217d815071a4ee058a9ce32cde534c
ACTION SNIPPET 1200 389 SNIPPET_RELEVANT e3ac28aa-eb04-11e2-818e-aa29e855f3ab
ACTION DOC 1200 409 EXAMINING_DOCUMENT e3ac28aa-eb04-11e2-818e-aa29e855f3ab
ACTION MARK 1200 412 CONSIDERED_RELEVANT e3ac28aa-eb04-11e2-818e-aa29e855f3ab
ACTION SNIPPET 1200 412 SNIPPET_RELEVANT 276214d2-1be3-11e4-ae54-0cfe1f974f8a
ACTION DOC 1200 432 EXAMINING_DOCUMENT 276214d2-1be3-11e4-ae54-0cfe1f974f8a
ACTION QUERY 1200 442 welfare program expansion
ACTION SERP 1200 447 EXAMINE_SERP
ACTION SNIPPET 1200 447 SNIPPET_RELEVANT dfdcd99eb69698a530c3c9cf58555acb
ACTION DOC 1200 467 EXAMINING_DOCUMENT dfdcd99eb69698a530c3c9cf58555acb
ACTION SNIPPET 1200 467 SNIPPET_RELEVANT 3218f4d6c5e2e6bed118fd6fe499acbd
ACTION DOC 1200 487 EXAMINING_DOCUMENT 3218f4d6c5e2e6bed118fd6fe499acbd
ACTION SNIPPET 1200 487 SNIPPET_RELEVANT 64f0f5396867cfaf45395ac6ee7044d1
ACTION DOC 1200 507 EXAMINING_DOCUMENT 64f0f5396867cfaf45395ac6ee7044d1
ACTION SNIPPET 1200 507 SNIPPET_RELEVANT 1ef7d32725db449e8ae98d4a9f69c4c5
ACTION DOC 1200 527 EXAMINING_DOCUMENT 1ef7d32725db449e8ae98d4a9f69c4c5
ACTION SNIPPET 1200 527 SNIPPET_RELEVANT 81bb09c519d5adef8f25f7d1f52bb547
ACTION DOC 1200 547 EXAMINING_DOCUMENT 81bb09c519d5adef8f25f7d1f52bb547
ACTION SNIPPET 1200 547 SNIPPET_RELEVANT 213806362586be0f892d642eb0b6d27f
ACTION DOC 1200 567 EXAMINING_DOCUMENT 213806362586be0f892d642eb0b6d27f
ACTION MARK 1200 570 CONSIDERED_RELEVANT 213806362586be0f892d642eb0b6d27f
ACTION QUERY 1200 580 poverty reduction efforts
ACTION SERP 1200 585 EXAMINE_SERP
ACTION SNIPPET 1200 585 SNIPPET_RELEVANT c9bde573e202764cea35c8c55b09ddf2
ACTION DOC 1200 605 EXAMINING_DOCUMENT c9bde573e202764cea35c8c55b09ddf2
ACTION SNIPPET 1200 605 SNIPPET_RELEVANT 4a19077afbc8cfec07a3807a119b236f
ACTION DOC 1200 625 EXAMINING_DOCUMENT 4a19077afbc8cfec07a3807a119b236f
ACTION SNIPPET 1200 625 SNIPPET_RELEVANT 4a7c98d7d3a3db72bddfdbacc403d923
ACTION DOC 1200 645 EXAMINING_DOCUMENT 4a7c98d7d3a3db72bddfdbacc403d923
ACTION SNIPPET 1200 645 SNIPPET_RELEVANT e4aebb70da6c9bedc9e70427941497d6
ACTION DOC 1200 665 EXAMINING_DOCUMENT e4aebb70da6c9bedc9e70427941497d6
ACTION SNIPPET 1200 665 SNIPPET_RELEVANT e55a97b0-6085-11e5-8e9e-dce8a2a2a679
ACTION DOC 1200 685 EXAMINING_DOCUMENT e55a97b0-6085-11e5-8e9e-dce8a2a2a679
ACTION SNIPPET 1200 685 SNIPPET_RELEVANT 4286e758-0ed9-11e5-adec-e82f8395c032
ACTION DOC 1200 705 EXAMINING_DOCUMENT 4286e758-0ed9-11e5-adec-e82f8395c032
ACTION QUERY 1200 715 government aid boost
ACTION SERP 1200 720 EXAMINE_SERP
ACTION SNIPPET 1200 720 SNIPPET_RELEVANT 0910e498a76e081f49d7c21dbcf6a37c
ACTION DOC 1200 740 EXAMINING_DOCUMENT 0910e498a76e081f49d7c21dbcf6a37c
ACTION SNIPPET 1200 740 SNIPPET_RELEVANT 666b26215e86a684691c852a7f4e1485
ACTION DOC 1200 760 EXAMINING_DOCUMENT 666b26215e86a684691c852a7f4e1485
ACTION SNIPPET 1200 760 SNIPPET_RELEVANT bd3091fb04280c22374f109610c48833
ACTION DOC 1200 780 EXAMINING_DOCUMENT bd3091fb04280c22374f109610c48833
ACTION SNIPPET 1200 780 SNIPPET_RELEVANT f7994b34-87cd-11e3-916e-e01534b1e132
ACTION DOC 1200 800 EXAMINING_DOCUMENT f7994b34-87cd-11e3-916e-e01534b1e132
ACTION SNIPPET 1200 800 SNIPPET_RELEVANT 69453502-7a9e-11e1-9362-cd989ac6bfb2
ACTION DOC 1200 820 EXAMINING_DOCUMENT 69453502-7a9e-11e1-9362-cd989ac6bfb2
ACTION SNIPPET 1200 820 SNIPPET_RELEVANT e3d4da22-2f90-11e3-bbed-a8a60c601153
ACTION DOC 1200 840 EXAMINING_DOCUMENT e3d4da22-2f90-11e3-bbed-a8a60c601153
ACTION QUERY 1200 850 nutrition support increase
ACTION SERP 1200 855 EXAMINE_SERP
ACTION SNIPPET 1200 855 SNIPPET_RELEVANT 5d11140a-b747-11e1-9e4c-5a6a137d65e1
ACTION DOC 1200 875 EXAMINING_DOCUMENT 5d11140a-b747-11e1-9e4c-5a6a137d65e1
ACTION SNIPPET 1200 875 SNIPPET_RELEVANT 44433a17e9ad356c3bd15c0cc0501879
ACTION DOC 1200 895 EXAMINING_DOCUMENT 44433a17e9ad356c3bd15c0cc0501879
ACTION SNIPPET 1200 895 SNIPPET_RELEVANT f5a38012-e5e0-11e3-a86b-362fd5443d19
ACTION DOC 1200 915 EXAMINING_DOCUMENT f5a38012-e5e0-11e3-a86b-362fd5443d19
ACTION SNIPPET 1200 915 SNIPPET_RELEVANT 52d3e4d34b294aa1e4f501387f598148
ACTION DOC 1200 935 EXAMINING_DOCUMENT 52d3e4d34b294aa1e4f501387f598148
ACTION SNIPPET 1200 935 SNIPPET_RELEVANT 78ea82bf2cf9790e91f9900573eac930
ACTION DOC 1200 955 EXAMINING_DOCUMENT 78ea82bf2cf9790e91f9900573eac930
ACTION SNIPPET 1200 955 SNIPPET_RELEVANT 9590933c-dd80-11e1-af1d-753c613ff6d8
ACTION DOC 1200 975 EXAMINING_DOCUMENT 9590933c-dd80-11e1-af1d-753c613ff6d8
ACTION QUERY 1200 985 low-income family help
ACTION SERP 1200 990 EXAMINE_SERP
ACTION SNIPPET 1200 990 SNIPPET_RELEVANT 5cefb43a-50a2-11e4-8c24-487e92bc997b
ACTION DOC 1200 1010 EXAMINING_DOCUMENT 5cefb43a-50a2-11e4-8c24-487e92bc997b
ACTION SNIPPET 1200 1010 SNIPPET_RELEVANT 79d7cdc0-94e7-11e3-84e1-27626c5ef5fb
ACTION DOC 1200 1030 EXAMINING_DOCUMENT 79d7cdc0-94e7-11e3-84e1-27626c5ef5fb
ACTION SNIPPET 1200 1030 SNIPPET_RELEVANT 0f59bc999d674f55dcf0f1000e0b723c
ACTION DOC 1200 1050 EXAMINING_DOCUMENT 0f59bc999d674f55dcf0f1000e0b723c
ACTION SNIPPET 1200 1050 SNIPPET_RELEVANT 95b7a25c-09d9-11e3-9941-6711ed662e71
ACTION DOC 1200 1070 EXAMINING_DOCUMENT 95b7a25c-09d9-11e3-9941-6711ed662e71
ACTION SNIPPET 1200 1070 SNIPPET_RELEVANT a30336ae-1ed7-11e6-8c7b-6931e66333e7
ACTION DOC 1200 1090 EXAMINING_DOCUMENT a30336ae-1ed7-11e6-8c7b-6931e66333e7
ACTION SNIPPET 1200 1090 SNIPPET_RELEVANT 1c9f4a65f82d1dcebee0c2bc4efef496
ACTION DOC 1200 1110 EXAMINING_DOCUMENT 1c9f4a65f82d1dcebee0c2bc4efef496
ACTION QUERY 1200 1120 low-income family help
ACTION SERP 1200 1125 EXAMINE_SERP
ACTION SNIPPET 1200 1125 SEEN_PREVIOUSLY 5cefb43a-50a2-11e4-8c24-487e92bc997b
ACTION SNIPPET 1200 1125 SEEN_PREVIOUSLY 79d7cdc0-94e7-11e3-84e1-27626c5ef5fb
ACTION SNIPPET 1200 1125 SEEN_PREVIOUSLY 0f59bc999d674f55dcf0f1000e0b723c
ACTION SNIPPET 1200 1125 SEEN_PREVIOUSLY 95b7a25c-09d9-11e3-9941-6711ed662e71
ACTION SNIPPET 1200 1125 SEEN_PREVIOUSLY a30336ae-1ed7-11e6-8c7b-6931e66333e7
ACTION SNIPPET 1200 1125 SEEN_PREVIOUSLY 1c9f4a65f82d1dcebee0c2bc4efef496
ACTION SNIPPET 1200 1125 SNIPPET_RELEVANT 668d96d7627cec2dc95d5a0cf20af7a5
ACTION DOC 1200 1145 EXAMINING_DOCUMENT 668d96d7627cec2dc95d5a0cf20af7a5
ACTION SNIPPET 1200 1145 SNIPPET_RELEVANT 9398566bfe819c56510cb56efd9ddc3b
ACTION DOC 1200 1165 EXAMINING_DOCUMENT 9398566bfe819c56510cb56efd9ddc3b
ACTION SNIPPET 1200 1165 SNIPPET_RELEVANT fe077f14-f0cc-11e3-bf76-447a5df6411f
ACTION DOC 1200 1185 EXAMINING_DOCUMENT fe077f14-f0cc-11e3-bf76-447a5df6411f
ACTION SNIPPET 1200 1185 SNIPPET_RELEVANT 4a937da9d2134ba29571d23378fc507b
ACTION DOC 1200 1205 EXAMINING_DOCUMENT 4a937da9d2134ba29571d23378fc507b
INFO SUMMARY 
INFO TOTAL_QUERIES_ISSUED 9
INFO TOTAL_SNIPPETS_EXAMINED 58
INFO TOTAL_DOCUMENTS_EXAMINED 52
INFO TOTAL_DOCUMENTS_MARKED_RELEVANT 10
INFO TOTAL_ATTRACTIVE_SERP_IMPRESSIONS 9
INFO TOTAL_UNATTRACTIVE_SERP_IMPRESSIONS 0
