ACTION START 1200 0 START
ACTION QUERY 1200 10 Africa polio vaccination
ACTION SERP 1200 15 EXAMINE_SERP
ACTION SNIPPET 1200 15 SNIPPET_RELEVANT af98ec8e-f3d2-11e2-a2f1-a7acf9bd5d3a
ACTION DOC 1200 35 EXAMINING_DOCUMENT af98ec8e-f3d2-11e2-a2f1-a7acf9bd5d3a
ACTION SNIPPET 1200 35 SNIPPET_RELEVANT 29ce21d447826288e355432ea5096e87
ACTION DOC 1200 55 EXAMINING_DOCUMENT 29ce21d447826288e355432ea5096e87
ACTION SNIPPET 1200 55 SNIPPET_RELEVANT 84f0006a-5843-11e7-b38e-35fd8e0c288f
ACTION DOC 1200 75 EXAMINING_DOCUMENT 84f0006a-5843-11e7-b38e-35fd8e0c288f
ACTION SNIPPET 1200 75 SNIPPET_RELEVANT ba18fd9c-412e-11e5-8e7d-9c033e6745d8
ACTION DOC 1200 95 EXAMINING_DOCUMENT ba18fd9c-412e-11e5-8e7d-9c033e6745d8
ACTION SNIPPET 1200 95 SNIPPET_RELEVANT ec74de16-caf0-11e2-9f1a-1a7cdee20287
ACTION DOC 1200 115 EXAMINING_DOCUMENT ec74de16-caf0-11e2-9f1a-1a7cdee20287
ACTION MARK 1200 118 CONSIDERED_RELEVANT ec74de16-caf0-11e2-9f1a-1a7cdee20287
ACTION SNIPPET 1200 118 SNIPPET_RELEVANT 8b52fd18281fe8371cb37e209c2eee6e
ACTION DOC 1200 138 EXAMINING_DOCUMENT 8b52fd18281fe8371cb37e209c2eee6e
ACTION QUERY 1200 148 polio vaccine objections
ACTION SERP 1200 153 EXAMINE_SERP
ACTION SNIPPET 1200 153 SEEN_PREVIOUSLY ec74de16-caf0-11e2-9f1a-1a7cdee20287
ACTION SNIPPET 1200 153 SNIPPET_RELEVANT 2b3c4f16-2ddb-11e2-b631-2aad9d9c73ac
ACTION DOC 1200 173 EXAMINING_DOCUMENT 2b3c4f16-2ddb-11e2-b631-2aad9d9c73ac
ACTION SNIPPET 1200 173 SNIPPET_RELEVANT 64459ae6cd846dd281e97de99d578fde
ACTION DOC 1200 193 EXAMINING_DOCUMENT 64459ae6cd846dd281e97de99d578fde
ACTION SNIPPET 1200 193 SNIPPET_RELEVANT db795b95d8ff923f0f5127e28008bbb0
ACTION DOC 1200 213 EXAMINING_DOCUMENT db795b95d8ff923f0f5127e28008bbb0
ACTION SNIPPET 1200 213 SEEN_PREVIOUSLY 29ce21d447826288e355432ea5096e87
ACTION SNIPPET 1200 213 SNIPPET_RELEVANT 154c04bb24d151c201b584733d90dbbf
ACTION DOC 1200 233 EXAMINING_DOCUMENT 154c04bb24d151c201b584733d90dbbf
ACTION SNIPPET 1200 233 SNIPPET_RELEVANT 9ec150152cd55cd9f5cd85bb8e62bc1e
ACTION DOC 1200 253 EXAMINING_DOCUMENT 9ec150152cd55cd9f5cd85bb8e62bc1e
ACTION SNIPPET 1200 253 SNIPPET_RELEVANT 4183ea610c65bc8d494c03ea5465f25a
ACTION DOC 1200 273 EXAMINING_DOCUMENT 4183ea610c65bc8d494c03ea5465f25a
ACTION QUERY 1200 283 African religious beliefs
ACTION SERP 1200 288 EXAMINE_SERP
ACTION SNIPPET 1200 288 SNIPPET_RELEVANT 07f579fc-55e5-11e1-bd5e-b39477a49e6d
ACTION DOC 1200 308 EXAMINING_DOCUMENT 07f579fc-55e5-11e1-bd5e-b39477a49e6d
ACTION SNIPPET 1200 308 SNIPPET_RELEVANT aa15610c3b175fc008846b28fdcbfcbb
ACTION DOC 1200 328 EXAMINING_DOCUMENT aa15610c3b175fc008846b28fdcbfcbb
ACTION SNIPPET 1200 328 SNIPPET_RELEVANT fc578acc-46da-11e1-8cb4-cd666424bf3a
ACTION DOC 1200 348 EXAMINING_DOCUMENT fc578acc-46da-11e1-8cb4-cd666424bf3a
ACTION SNIPPET 1200 348 SNIPPET_RELEVANT 89eeadd8-437b-11e1-9091-3ad6d04900db
ACTION DOC 1200 368 EXAMINING_DOCUMENT 89eeadd8-437b-11e1-9091-3ad6d04900db
ACTION SNIPPET 1200 368 SNIPPET_RELEVANT 6449ebb2b365ab28c5174bcac9b21fa6
ACTION DOC 1200 388 EXAMINING_DOCUMENT 6449ebb2b365ab28c5174bcac9b21fa6
ACTION SNIPPET 1200 388 SNIPPET_RELEVANT e00830feb8fbdafb0bc8875d28baf2bc
ACTION DOC 1200 408 EXAMINING_DOCUMENT e00830feb8fbdafb0bc8875d28baf2bc
ACTION QUERY 1200 418 vaccination programs Africa
ACTION SERP 1200 423 EXAMINE_SERP
ACTION SNIPPET 1200 423 SNIPPET_RELEVANT 188cd56a-b0ff-11e6-be1c-8cec35b1ad25
ACTION DOC 1200 443 EXAMINING_DOCUMENT 188cd56a-b0ff-11e6-be1c-8cec35b1ad25
ACTION SNIPPET 1200 443 SNIPPET_RELEVANT 013613f4-29e5-11e2-bab2-eda299503684
ACTION DOC 1200 463 EXAMINING_DOCUMENT 013613f4-29e5-11e2-bab2-eda299503684
ACTION SNIPPET 1200 463 SNIPPET_RELEVANT bb620592-c925-11e6-8bee-54e800ef2a63
ACTION DOC 1200 483 EXAMINING_DOCUMENT bb620592-c925-11e6-8bee-54e800ef2a63
ACTION SNIPPET 1200 483 SNIPPET_RELEVANT 9825098b47b331301d877ec4382f679a
ACTION DOC 1200 503 EXAMINING_DOCUMENT 9825098b47b331301d877ec4382f679a
ACTION SNIPPET 1200 503 SNIPPET_RELEVANT a6bc3acbddf653c28c0cd9b6a05ac216
ACTION DOC 1200 523 EXAMINING_DOCUMENT a6bc3acbddf653c28c0cd9b6a05ac216
ACTION SNIPPET 1200 523 SNIPPET_RELEVANT 7d3e0978-58a7-11e4-bd61-346aee66ba29
ACTION DOC 1200 543 EXAMINING_DOCUMENT 7d3e0978-58a7-11e4-bd61-346aee66ba29
ACTION QUERY 1200 553 polio religion conflict
ACTION SERP 1200 558 EXAMINE_SERP
ACTION SNIPPET 1200 558 SNIPPET_RELEVANT bf22a2a8-4193-11e3-8b74-d89d714ca4dd
ACTION DOC 1200 578 EXAMINING_DOCUMENT bf22a2a8-4193-11e3-8b74-d89d714ca4dd
ACTION SNIPPET 1200 578 SNIPPET_RELEVANT 3c1d507c-8515-11e3-9dd4-e7278db80d86
ACTION DOC 1200 598 EXAMINING_DOCUMENT 3c1d507c-8515-11e3-9dd4-e7278db80d86
ACTION SNIPPET 1200 598 SEEN_PREVIOUSLY ec74de16-caf0-11e2-9f1a-1a7cdee20287
ACTION SNIPPET 1200 598 SNIPPET_RELEVANT a03c3010-40b8-11e3-b028-de922d7a3f47
ACTION DOC 1200 618 EXAMINING_DOCUMENT a03c3010-40b8-11e3-b028-de922d7a3f47
ACTION SNIPPET 1200 618 SNIPPET_RELEVANT fc783ec6-f00f-11e3-914c-1fbd0614e2d4
ACTION DOC 1200 638 EXAMINING_DOCUMENT fc783ec6-f00f-11e3-914c-1fbd0614e2d4
ACTION SNIPPET 1200 638 SNIPPET_RELEVANT 3d2be217e546bbe22e51be9ef3fdd04b
ACTION DOC 1200 658 EXAMINING_DOCUMENT 3d2be217e546bbe22e51be9ef3fdd04b
ACTION SNIPPET 1200 658 SNIPPET_RELEVANT 11dad10c-b197-11e1-a474-1d6470acef29
ACTION DOC 1200 678 EXAMINING_DOCUMENT 11dad10c-b197-11e1-a474-1d6470acef29
ACTION QUERY 1200 688 vaccine refusal Africa
ACTION SERP 1200 693 EXAMINE_SERP
ACTION SNIPPET 1200 693 SEEN_PREVIOUSLY ec74de16-caf0-11e2-9f1a-1a7cdee20287
ACTION SNIPPET 1200 693 SEEN_PREVIOUSLY bb620592-c925-11e6-8bee-54e800ef2a63
ACTION SNIPPET 1200 693 SEEN_PREVIOUSLY a6bc3acbddf653c28c0cd9b6a05ac216
ACTION SNIPPET 1200 693 SEEN_PREVIOUSLY 7d3e0978-58a7-11e4-bd61-346aee66ba29
ACTION SNIPPET 1200 693 SNIPPET_RELEVANT 457169d4-983c-11e4-8005-1924ede3e54a
ACTION DOC 1200 713 EXAMINING_DOCUMENT 457169d4-983c-11e4-8005-1924ede3e54a
ACTION SNIPPET 1200 713 SEEN_PREVIOUSLY 188cd56a-b0ff-11e6-be1c-8cec35b1ad25
ACTION SNIPPET 1200 713 SNIPPET_RELEVANT 02f9b6f656590ab1fcbbdaff8c711bde
ACTION DOC 1200 733 EXAMINING_DOCUMENT 02f9b6f656590ab1fcbbdaff8c711bde
ACTION SNIPPET 1200 733 SNIPPET_RELEVANT 00bb6bfe6762e2ef7d16a087bb5d9dd2
ACTION DOC 1200 753 EXAMINING_DOCUMENT 00bb6bfe6762e2ef7d16a087bb5d9dd2
ACTION SNIPPET 1200 753 SEEN_PREVIOUSLY af98ec8e-f3d2-11e2-a2f1-a7acf9bd5d3a
ACTION SNIPPET 1200 753 SNIPPET_RELEVANT b045621a-18f3-11e4-9e3b-7f2f110c6265
ACTION DOC 1200 773 EXAMINING_DOCUMENT b045621a-18f3-11e4-9e3b-7f2f110c6265
ACTION SNIPPET 1200 773 SNIPPET_RELEVANT 14ac3f7727646d6cccf7d04609a68fa9
ACTION DOC 1200 793 EXAMINING_DOCUMENT 14ac3f7727646d6cccf7d04609a68fa9
ACTION SNIPPET 1200 793 SNIPPET_RELEVANT c40a1ffd4d0f5cf7c722434f9bebe3ca
ACTION DOC 1200 813 EXAMINING_DOCUMENT c40a1ffd4d0f5cf7c722434f9bebe3ca
ACTION QUERY 1200 823 polio eradication challenges
ACTION SERP 1200 828 EXAMINE_SERP
ACTION SNIPPET 1200 828 SEEN_PREVIOUSLY 64459ae6cd846dd281e97de99d578fde
ACTION SNIPPET 1200 828 SEEN_PREVIOUSLY db795b95d8ff923f0f5127e28008bbb0
ACTION SNIPPET 1200 828 SNIPPET_RELEVANT 916c15692729c255117f42c2324fadd0
ACTION DOC 1200 848 EXAMINING_DOCUMENT 916c15692729c255117f42c2324fadd0
ACTION SNIPPET 1200 848 SNIPPET_RELEVANT 9b6a065e-4e3e-11e4-8c24-487e92bc997b
ACTION DOC 1200 868 EXAMINING_DOCUMENT 9b6a065e-4e3e-11e4-8c24-487e92bc997b
ACTION SNIPPET 1200 868 SEEN_PREVIOUSLY 11dad10c-b197-11e1-a474-1d6470acef29
ACTION SNIPPET 1200 868 SEEN_PREVIOUSLY 29ce21d447826288e355432ea5096e87
ACTION SNIPPET 1200 868 SNIPPET_RELEVANT bcdc7492-a08a-11e2-bd52-614156372695
ACTION DOC 1200 888 EXAMINING_DOCUMENT bcdc7492-a08a-11e2-bd52-614156372695
ACTION SNIPPET 1200 888 SEEN_PREVIOUSLY 84f0006a-5843-11e7-b38e-35fd8e0c288f
ACTION SNIPPET 1200 888 SNIPPET_RELEVANT 000da51c-f93f-11e2-a954-358d90d5d72d
ACTION DOC 1200 908 EXAMINING_DOCUMENT 000da51c-f93f-11e2-a954-358d90d5d72d
ACTION SNIPPET 1200 908 SNIPPET_RELEVANT 3d29c984-06ba-11e3-9259-e2aafe5a5f84
ACTION DOC 1200 928 EXAMINING_DOCUMENT 3d29c984-06ba-11e3-9259-e2aafe5a5f84
ACTION SNIPPET 1200 928 SNIPPET_RELEVANT 97d6af20-600b-11e6-af8e-54aa2e849447
ACTION DOC 1200 948 EXAMINING_DOCUMENT 97d6af20-600b-11e6-af8e-54aa2e849447
ACTION QUERY 1200 958 Africa immunization programs
ACTION SERP 1200 963 EXAMINE_SERP
ACTION SNIPPET 1200 963 SNIPPET_RELEVANT 3ad82700-982e-11e4-8005-1924ede3e54a
ACTION DOC 1200 983 EXAMINING_DOCUMENT 3ad82700-982e-11e4-8005-1924ede3e54a
ACTION SNIPPET 1200 983 SNIPPET_RELEVANT 01268e1e80a2a2058b9376ce9c5db7ac
ACTION DOC 1200 1003 EXAMINING_DOCUMENT 01268e1e80a2a2058b9376ce9c5db7ac
ACTION SNIPPET 1200 1003 SEEN_PREVIOUSLY af98ec8e-f3d2-11e2-a2f1-a7acf9bd5d3a
ACTION SNIPPET 1200 1003 SNIPPET_RELEVANT 172f1b2779584daac196e83dbf50d778
ACTION DOC 1200 1023 EXAMINING_DOCUMENT 172f1b2779584daac196e83dbf50d778
ACTION SNIPPET 1200 1023 SNIPPET_RELEVANT 096f7bb952a2fccbe9032e1bd12ef692
ACTION DOC 1200 1043 EXAMINING_DOCUMENT 096f7bb952a2fccbe9032e1bd12ef692
ACTION SNIPPET 1200 1043 SNIPPET_RELEVANT 7328bb920ac7dbdd551db55d1976830d
ACTION DOC 1200 1063 EXAMINING_DOCUMENT 7328bb920ac7dbdd551db55d1976830d
ACTION SNIPPET 1200 1063 SNIPPET_RELEVANT 63a0bb54-3c02-11e3-a94f-b58017bfee6c
ACTION DOC 1200 1083 EXAMINING_DOCUMENT 63a0bb54-3c02-11e3-a94f-b58017bfee6c
ACTION QUERY 1200 1093 religious barriers vaccines
ACTION SERP 1200 1098 EXAMINE_SERP
ACTION SNIPPET 1200 1098 SNIPPET_RELEVANT 2b308e22ab86860c36ce8aa7976ed99b
ACTION DOC 1200 1118 EXAMINING_DOCUMENT 2b308e22ab86860c36ce8aa7976ed99b
ACTION SNIPPET 1200 1118 SNIPPET_RELEVANT cfa472f766ec10a3f57b0d074fb415cb
ACTION DOC 1200 1138 EXAMINING_DOCUMENT cfa472f766ec10a3f57b0d074fb415cb
ACTION SNIPPET 1200 1138 SNIPPET_RELEVANT 7c82e8bbaeb38f99dc21af0a70e75c16
ACTION DOC 1200 1158 EXAMINING_DOCUMENT 7c82e8bbaeb38f99dc21af0a70e75c16
ACTION SNIPPET 1200 1158 SNIPPET_RELEVANT 0ee72af3e1baf6d362b1b4564c447614
ACTION DOC 1200 1178 EXAMINING_DOCUMENT 0ee72af3e1baf6d362b1b4564c447614
ACTION SNIPPET 1200 1178 SNIPPET_RELEVANT 96598e80-1c30-11e5-93b7-5eddc056ad8a
ACTION DOC 1200 1198 EXAMINING_DOCUMENT 96598e80-1c30-11e5-93b7-5eddc056ad8a
ACTION SNIPPET 1200 1198 SNIPPET_RELEVANT b9eb3d3a797951e63ab45c1044d9b369
ACTION DOC 1200 1218 EXAMINING_DOCUMENT b9eb3d3a797951e63ab45c1044d9b369
INFO SUMMARY 
INFO TOTAL_QUERIES_ISSUED 9
INFO TOTAL_SNIPPETS_EXAMINED 69
INFO TOTAL_DOCUMENTS_EXAMINED 54
INFO TOTAL_DOCUMENTS_MARKED_RELEVANT 1
INFO TOTAL_ATTRACTIVE_SERP_IMPRESSIONS 9
INFO TOTAL_UNATTRACTIVE_SERP_IMPRESSIONS 0
