ACTION START 1200 0 START
ACTION QUERY 1200 10 heroic acts
ACTION SERP 1200 15 EXAMINE_SERP
ACTION SNIPPET 1200 15 SNIPPET_RELEVANT c2127e88-8b55-11e2-b63f-f53fb9f2fcb4
ACTION DOC 1200 35 EXAMINING_DOCUMENT c2127e88-8b55-11e2-b63f-f53fb9f2fcb4
ACTION SNIPPET 1200 35 SNIPPET_RELEVANT f7fda5121215b09571dd5e8d724228ee
ACTION DOC 1200 55 EXAMINING_DOCUMENT f7fda5121215b09571dd5e8d724228ee
ACTION MARK 1200 58 CONSIDERED_RELEVANT f7fda5121215b09571dd5e8d724228ee
ACTION SNIPPET 1200 58 SNIPPET_RELEVANT 39e2af7a2e181dd78d2bfd77b659bfa5
ACTION DOC 1200 78 EXAMINING_DOCUMENT 39e2af7a2e181dd78d2bfd77b659bfa5
ACTION MARK 1200 81 CONSIDERED_RELEVANT 39e2af7a2e181dd78d2bfd77b659bfa5
ACTION SNIPPET 1200 81 SNIPPET_RELEVANT 4084a7627ab6a184983ad133b32deef3
ACTION DOC 1200 101 EXAMINING_DOCUMENT 4084a7627ab6a184983ad133b32deef3
ACTION SNIPPET 1200 101 SNIPPET_RELEVANT 0492dc0f0f128f28840bae616b1b8cf2
ACTION DOC 1200 121 EXAMINING_DOCUMENT 0492dc0f0f128f28840bae616b1b8cf2
ACTION MARK 1200 124 CONSIDERED_RELEVANT 0492dc0f0f128f28840bae616b1b8cf2
ACTION SNIPPET 1200 124 SNIPPET_RELEVANT 0d300965b15e3591c4e3ffc4a21fa13d
ACTION DOC 1200 144 EXAMINING_DOCUMENT 0d300965b15e3591c4e3ffc4a21fa13d
ACTION MARK 1200 147 CONSIDERED_RELEVANT 0d300965b15e3591c4e3ffc4a21fa13d
ACTION QUERY 1200 157 selfless heroic acts
ACTION SERP 1200 162 EXAMINE_SERP
ACTION SNIPPET 1200 162 SNIPPET_RELEVANT dd55ae18d214f0a5030e2ef8b555f9b5
ACTION DOC 1200 182 EXAMINING_DOCUMENT dd55ae18d214f0a5030e2ef8b555f9b5
ACTION MARK 1200 185 CONSIDERED_RELEVANT dd55ae18d214f0a5030e2ef8b555f9b5
ACTION SNIPPET 1200 185 SNIPPET_RELEVANT 93e234f0-d78e-11e3-8a78-8fe50322a72c
ACTION DOC 1200 205 EXAMINING_DOCUMENT 93e234f0-d78e-11e3-8a78-8fe50322a72c
ACTION SNIPPET 1200 205 SNIPPET_RELEVANT 231a3c20900cb5977b1ea7e0e7608f76
ACTION DOC 1200 225 EXAMINING_DOCUMENT 231a3c20900cb5977b1ea7e0e7608f76
ACTION SNIPPET 1200 225 SNIPPET_RELEVANT 87089cee-4792-11e6-bdb9-701687974517
ACTION DOC 1200 245 EXAMINING_DOCUMENT 87089cee-4792-11e6-bdb9-701687974517
ACTION MARK 1200 248 CONSIDERED_RELEVANT 87089cee-4792-11e6-bdb9-701687974517
ACTION SNIPPET 1200 248 SNIPPET_RELEVANT 6f5ad5c7d6f1266172481b369d7ddde1
ACTION DOC 1200 268 EXAMINING_DOCUMENT 6f5ad5c7d6f1266172481b369d7ddde1
ACTION SNIPPET 1200 268 SNIPPET_RELEVANT e6778d33a87290103b670dc7086cd82b
ACTION DOC 1200 288 EXAMINING_DOCUMENT e6778d33a87290103b670dc7086cd82b
ACTION QUERY 1200 298 heroic deeds
ACTION SERP 1200 303 EXAMINE_SERP
ACTION SNIPPET 1200 303 SNIPPET_RELEVANT b2c6cfd957b61641cdbe29473aeda45d
ACTION DOC 1200 323 EXAMINING_DOCUMENT b2c6cfd957b61641cdbe29473aeda45d
ACTION MARK 1200 326 CONSIDERED_RELEVANT b2c6cfd957b61641cdbe29473aeda45d
ACTION SNIPPET 1200 326 SNIPPET_RELEVANT 08ff867d8066789382e157521b142589
ACTION DOC 1200 346 EXAMINING_DOCUMENT 08ff867d8066789382e157521b142589
ACTION MARK 1200 349 CONSIDERED_RELEVANT 08ff867d8066789382e157521b142589
ACTION SNIPPET 1200 349 SNIPPET_RELEVANT e58548e678a33dd35eb19d992a0ba05f
ACTION DOC 1200 369 EXAMINING_DOCUMENT e58548e678a33dd35eb19d992a0ba05f
ACTION MARK 1200 372 CONSIDERED_RELEVANT e58548e678a33dd35eb19d992a0ba05f
ACTION SNIPPET 1200 372 SNIPPET_RELEVANT dfe68746-45cb-11e5-9f53-d1e3ddfd0cda
ACTION DOC 1200 392 EXAMINING_DOCUMENT dfe68746-45cb-11e5-9f53-d1e3ddfd0cda
ACTION MARK 1200 395 CONSIDERED_RELEVANT dfe68746-45cb-11e5-9f53-d1e3ddfd0cda
ACTION SNIPPET 1200 395 SNIPPET_RELEVANT d7d8efdf313b4b3e08442e9dbcb7cb88
ACTION DOC 1200 415 EXAMINING_DOCUMENT d7d8efdf313b4b3e08442e9dbcb7cb88
ACTION SNIPPET 1200 415 SEEN_PREVIOUSLY 93e234f0-d78e-11e3-8a78-8fe50322a72c
ACTION SNIPPET 1200 415 SNIPPET_RELEVANT 42eb3602f1b6b6bdce97ebc5c9d8b82f
ACTION DOC 1200 435 EXAMINING_DOCUMENT 42eb3602f1b6b6bdce97ebc5c9d8b82f
ACTION MARK 1200 438 CONSIDERED_RELEVANT 42eb3602f1b6b6bdce97ebc5c9d8b82f
ACTION QUERY 1200 448 heroic rescue stories
ACTION SERP 1200 453 EXAMINE_SERP
ACTION SNIPPET 1200 453 SNIPPET_RELEVANT 5d5d97e6b7cc00172011a4261e24ef1b
ACTION DOC 1200 473 EXAMINING_DOCUMENT 5d5d97e6b7cc00172011a4261e24ef1b
ACTION MARK 1200 476 CONSIDERED_RELEVANT 5d5d97e6b7cc00172011a4261e24ef1b
ACTION SNIPPET 1200 476 SNIPPET_RELEVANT 2cdefd493ad8cffeb13cd89a621d7caa
ACTION DOC 1200 496 EXAMINING_DOCUMENT 2cdefd493ad8cffeb13cd89a621d7caa
ACTION SNIPPET 1200 496 SNIPPET_RELEVANT 399ec5c3141bbad8f9aad131d742c3c1
ACTION DOC 1200 516 EXAMINING_DOCUMENT 399ec5c3141bbad8f9aad131d742c3c1
ACTION MARK 1200 519 CONSIDERED_RELEVANT 399ec5c3141bbad8f9aad131d742c3c1
ACTION SNIPPET 1200 519 SNIPPET_RELEVANT 69f4682dc9c9c4f373f538f33b5f98c7
ACTION DOC 1200 539 EXAMINING_DOCUMENT 69f4682dc9c9c4f373f538f33b5f98c7
ACTION MARK 1200 542 CONSIDERED_RELEVANT 69f4682dc9c9c4f373f538f33b5f98c7
ACTION SNIPPET 1200 542 SNIPPET_RELEVANT 2be4b5aedd67c979fa0f81a1fb376b38
ACTION DOC 1200 562 EXAMINING_DOCUMENT 2be4b5aedd67c979fa0f81a1fb376b38
ACTION MARK 1200 565 CONSIDERED_RELEVANT 2be4b5aedd67c979fa0f81a1fb376b38
ACTION SNIPPET 1200 565 SNIPPET_RELEVANT 9db47e7290fc2e69e8e5a8d2e73fafc5
ACTION DOC 1200 585 EXAMINING_DOCUMENT 9db47e7290fc2e69e8e5a8d2e73fafc5
ACTION MARK 1200 588 CONSIDERED_RELEVANT 9db47e7290fc2e69e8e5a8d2e73fafc5
ACTION QUERY 1200 598 brave rescues
ACTION SERP 1200 603 EXAMINE_SERP
ACTION SNIPPET 1200 603 SNIPPET_RELEVANT 228cb8602dbe5359f3197c3068d12ef1
ACTION DOC 1200 623 EXAMINING_DOCUMENT 228cb8602dbe5359f3197c3068d12ef1
ACTION MARK 1200 626 CONSIDERED_RELEVANT 228cb8602dbe5359f3197c3068d12ef1
ACTION SNIPPET 1200 626 SNIPPET_RELEVANT 2c13ecd6f5cae504153da050c5ca2ee8
ACTION DOC 1200 646 EXAMINING_DOCUMENT 2c13ecd6f5cae504153da050c5ca2ee8
ACTION MARK 1200 649 CONSIDERED_RELEVANT 2c13ecd6f5cae504153da050c5ca2ee8
ACTION SNIPPET 1200 649 SNIPPET_RELEVANT 53c454d51c1ea39efa1bbf3cbe060d3b
ACTION DOC 1200 669 EXAMINING_DOCUMENT 53c454d51c1ea39efa1bbf3cbe060d3b
ACTION SNIPPET 1200 669 SNIPPET_RELEVANT abd0d9ee-af8c-11e1-80eb-46875d0c7789
ACTION DOC 1200 689 EXAMINING_DOCUMENT abd0d9ee-af8c-11e1-80eb-46875d0c7789
ACTION SNIPPET 1200 689 SNIPPET_RELEVANT 37f9e27e-acdd-11e1-9369-05cf05b03c2e
ACTION DOC 1200 709 EXAMINING_DOCUMENT 37f9e27e-acdd-11e1-9369-05cf05b03c2e
ACTION MARK 1200 712 CONSIDERED_RELEVANT 37f9e27e-acdd-11e1-9369-05cf05b03c2e
ACTION SNIPPET 1200 712 SNIPPET_RELEVANT 7cc674f71cd7e6f22831bc7e9bfcbbbf
ACTION DOC 1200 732 EXAMINING_DOCUMENT 7cc674f71cd7e6f22831bc7e9bfcbbbf
ACTION QUERY 1200 742 individual bravery
ACTION SERP 1200 747 EXAMINE_SERP
ACTION SNIPPET 1200 747 SNIPPET_RELEVANT f9cf7fc86f144b663175a2b45a4707e0
ACTION DOC 1200 767 EXAMINING_DOCUMENT f9cf7fc86f144b663175a2b45a4707e0
ACTION SNIPPET 1200 767 SNIPPET_RELEVANT 9d66e220-5a70-11e6-831d-0324760ca856
ACTION DOC 1200 787 EXAMINING_DOCUMENT 9d66e220-5a70-11e6-831d-0324760ca856
ACTION MARK 1200 790 CONSIDERED_RELEVANT 9d66e220-5a70-11e6-831d-0324760ca856
ACTION SNIPPET 1200 790 SNIPPET_RELEVANT 5924baf42fb966f8da9293336098a1c9
ACTION DOC 1200 810 EXAMINING_DOCUMENT 5924baf42fb966f8da9293336098a1c9
ACTION SNIPPET 1200 810 SNIPPET_RELEVANT 361087cc-f781-11e5-8b23-538270a1ca31
ACTION DOC 1200 830 EXAMINING_DOCUMENT 361087cc-f781-11e5-8b23-538270a1ca31
ACTION MARK 1200 833 CONSIDERED_RELEVANT 361087cc-f781-11e5-8b23-538270a1ca31
ACTION SNIPPET 1200 833 SNIPPET_RELEVANT e4d9479f9e22ea78c5693d2d2bcb7192
ACTION DOC 1200 853 EXAMINING_DOCUMENT e4d9479f9e22ea78c5693d2d2bcb7192
ACTION SNIPPET 1200 853 SNIPPET_RELEVANT 66b2ed0ccbfa60bb264294e4923f6b27
ACTION DOC 1200 873 EXAMINING_DOCUMENT 66b2ed0ccbfa60bb264294e4923f6b27
ACTION QUERY 1200 883 real life heroes
ACTION SERP 1200 888 EXAMINE_SERP
ACTION SNIPPET 1200 888 SNIPPET_RELEVANT ba6c87aa174eca79980feb2b6849876e
ACTION DOC 1200 908 EXAMINING_DOCUMENT ba6c87aa174eca79980feb2b6849876e
ACTION MARK 1200 911 CONSIDERED_RELEVANT ba6c87aa174eca79980feb2b6849876e
ACTION SNIPPET 1200 911 SNIPPET_RELEVANT 61e04f31ebe57a333e70bf702d957f7b
ACTION DOC 1200 931 EXAMINING_DOCUMENT 61e04f31ebe57a333e70bf702d957f7b
ACTION SNIPPET 1200 931 SNIPPET_RELEVANT 55d864fe-99f6-11e1-9c00-4876538800d6
ACTION DOC 1200 951 EXAMINING_DOCUMENT 55d864fe-99f6-11e1-9c00-4876538800d6
ACTION SNIPPET 1200 951 SNIPPET_RELEVANT bf04ae2cc96fd52bae147463db82850a
ACTION DOC 1200 971 EXAMINING_DOCUMENT bf04ae2cc96fd52bae147463db82850a
ACTION MARK 1200 974 CONSIDERED_RELEVANT bf04ae2cc96fd52bae147463db82850a
ACTION SNIPPET 1200 974 SNIPPET_RELEVANT 6db76f51228569e293d197e272f9905e
ACTION DOC 1200 994 EXAMINING_DOCUMENT 6db76f51228569e293d197e272f9905e
ACTION MARK 1200 997 CONSIDERED_RELEVANT 6db76f51228569e293d197e272f9905e
ACTION SNIPPET 1200 997 SNIPPET_RELEVANT bb58461382143d5dfe132af0951c556f
ACTION DOC 1200 1017 EXAMINING_DOCUMENT bb58461382143d5dfe132af0951c556f
ACTION QUERY 1200 1027 courageous rescues
ACTION SERP 1200 1032 EXAMINE_SERP
ACTION SNIPPET 1200 1032 SNIPPET_RELEVANT 9d048e82-689d-11e1-beb5-e37e35fd6c91
ACTION DOC 1200 1052 EXAMINING_DOCUMENT 9d048e82-689d-11e1-beb5-e37e35fd6c91
ACTION SNIPPET 1200 1052 SNIPPET_RELEVANT a9a9fbc8-0dcc-11e4-8341-b8072b1e7348
ACTION DOC 1200 1072 EXAMINING_DOCUMENT a9a9fbc8-0dcc-11e4-8341-b8072b1e7348
ACTION SNIPPET 1200 1072 SNIPPET_RELEVANT 8712cb14-25ff-11e7-928e-3624539060e8
ACTION DOC 1200 1092 EXAMINING_DOCUMENT 8712cb14-25ff-11e7-928e-3624539060e8
ACTION SNIPPET 1200 1092 SNIPPET_RELEVANT 33ce265a-a2fa-11e3-84d4-e59b1709222c
ACTION DOC 1200 1112 EXAMINING_DOCUMENT 33ce265a-a2fa-11e3-84d4-e59b1709222c
ACTION SNIPPET 1200 1112 SNIPPET_RELEVANT 7466edc6-2b84-11e7-b605-33413c691853
ACTION DOC 1200 1132 EXAMINING_DOCUMENT 7466edc6-2b84-11e7-b605-33413c691853
ACTION MARK 1200 1135 CONSIDERED_RELEVANT 7466edc6-2b84-11e7-b605-33413c691853
ACTION SNIPPET 1200 1135 SNIPPET_RELEVANT 894701490ab616c27f9ac162d2d34f6a
ACTION DOC 1200 1155 EXAMINING_DOCUMENT 894701490ab616c27f9ac162d2d34f6a
ACTION QUERY 1200 1165 humanitarian efforts
ACTION SERP 1200 1170 EXAMINE_SERP
ACTION SNIPPET 1200 1170 SNIPPET_RELEVANT 1086ef4a-4e8f-11e1-80cd-f184a803a05e
ACTION DOC 1200 1190 EXAMINING_DOCUMENT 1086ef4a-4e8f-11e1-80cd-f184a803a05e
ACTION SNIPPET 1200 1190 SNIPPET_RELEVANT ba45d682-ea07-11e5-b0fd-073d5930a7b7
ACTION DOC 1200 1210 EXAMINING_DOCUMENT ba45d682-ea07-11e5-b0fd-073d5930a7b7
INFO SUMMARY 
INFO TOTAL_QUERIES_ISSUED 9
INFO TOTAL_SNIPPETS_EXAMINED 51
INFO TOTAL_DOCUMENTS_EXAMINED 50
INFO TOTAL_DOCUMENTS_MARKED_RELEVANT 25
INFO TOTAL_ATTRACTIVE_SERP_IMPRESSIONS 9
INFO TOTAL_UNATTRACTIVE_SERP_IMPRESSIONS 0
