ACTION START 1200 0 START
ACTION QUERY 1200 10 human smuggling incidents
ACTION SERP 1200 15 EXAMINE_SERP
ACTION SNIPPET 1200 15 SNIPPET_RELEVANT 4989ebfeb752e6b317d1ef3997b21a01
ACTION DOC 1200 35 EXAMINING_DOCUMENT 4989ebfeb752e6b317d1ef3997b21a01
ACTION MARK 1200 38 CONSIDERED_RELEVANT 4989ebfeb752e6b317d1ef3997b21a01
ACTION SNIPPET 1200 38 SNIPPET_RELEVANT 398c72c4-517f-11e5-b225-90edbd49f362
ACTION DOC 1200 58 EXAMINING_DOCUMENT 398c72c4-517f-11e5-b225-90edbd49f362
ACTION MARK 1200 61 CONSIDERED_RELEVANT 398c72c4-517f-11e5-b225-90edbd49f362
ACTION SNIPPET 1200 61 SNIPPET_RELEVANT 4c60c80a-616f-11e5-8e9e-dce8a2a2a679
ACTION DOC 1200 81 EXAMINING_DOCUMENT 4c60c80a-616f-11e5-8e9e-dce8a2a2a679
ACTION SNIPPET 1200 81 SNIPPET_RELEVANT 89d74e8bb75d5daceb3d27636555a20d
ACTION DOC 1200 101 EXAMINING_DOCUMENT 89d74e8bb75d5daceb3d27636555a20d
ACTION SNIPPET 1200 101 SNIPPET_RELEVANT 58bbcc82-7098-11e7-9eac-d56bd5568db8
ACTION DOC 1200 121 EXAMINING_DOCUMENT 58bbcc82-7098-11e7-9eac-d56bd5568db8
ACTION MARK 1200 124 CONSIDERED_RELEVANT 58bbcc82-7098-11e7-9eac-d56bd5568db8
ACTION SNIPPET 1200 124 SNIPPET_RELEVANT 2823909bac31051f388c283a440fdf4b
ACTION DOC 1200 144 EXAMINING_DOCUMENT 2823909bac31051f388c283a440fdf4b
ACTION MARK 1200 147 CONSIDERED_RELEVANT 2823909bac31051f388c283a440fdf4b
ACTION QUERY 1200 157 illegal border crossing
ACTION SERP 1200 162 EXAMINE_SERP
ACTION SNIPPET 1200 162 SNIPPET_RELEVANT 6bf467863027d6076051e9121804b22b
ACTION DOC 1200 182 EXAMINING_DOCUMENT 6bf467863027d6076051e9121804b22b
ACTION SNIPPET 1200 182 SNIPPET_RELEVANT 2733b22c50dd3a4e56a4b58a06be75a8
ACTION DOC 1200 202 EXAMINING_DOCUMENT 2733b22c50dd3a4e56a4b58a06be75a8
ACTION SNIPPET 1200 202 SNIPPET_RELEVANT 84a5201aea14ac37cf414d1b8ca5f2c6
ACTION DOC 1200 222 EXAMINING_DOCUMENT 84a5201aea14ac37cf414d1b8ca5f2c6
ACTION SNIPPET 1200 222 SNIPPET_RELEVANT b1cb16c64b1fa083b8c22a290176e506
ACTION DOC 1200 242 EXAMINING_DOCUMENT b1cb16c64b1fa083b8c22a290176e506
ACTION SNIPPET 1200 242 SNIPPET_RELEVANT 9fc6e964-1eb7-11e7-ad74-3a742a6e93a7
ACTION DOC 1200 262 EXAMINING_DOCUMENT 9fc6e964-1eb7-11e7-ad74-3a742a6e93a7
ACTION SNIPPET 1200 262 SNIPPET_RELEVANT d500f8db1dc391e4b73b1ff463b39044
ACTION DOC 1200 282 EXAMINING_DOCUMENT d500f8db1dc391e4b73b1ff463b39044
ACTION QUERY 1200 292 smuggling migrants for financial gain
ACTION SERP 1200 297 EXAMINE_SERP
ACTION SNIPPET 1200 297 SEEN_PREVIOUSLY 4989ebfeb752e6b317d1ef3997b21a01
ACTION SNIPPET 1200 297 SNIPPET_RELEVANT 3864768a7d556cf62cf7f9b614bdc363
ACTION DOC 1200 317 EXAMINING_DOCUMENT 3864768a7d556cf62cf7f9b614bdc363
ACTION MARK 1200 320 CONSIDERED_RELEVANT 3864768a7d556cf62cf7f9b614bdc363
ACTION SNIPPET 1200 320 SNIPPET_RELEVANT 9025771d48cbb6a4c607ad6e84bc6a3e
ACTION DOC 1200 340 EXAMINING_DOCUMENT 9025771d48cbb6a4c607ad6e84bc6a3e
ACTION MARK 1200 343 CONSIDERED_RELEVANT 9025771d48cbb6a4c607ad6e84bc6a3e
ACTION SNIPPET 1200 343 SNIPPET_RELEVANT 64394f1d4d06887664ebc0b734f8e262
ACTION DOC 1200 363 EXAMINING_DOCUMENT 64394f1d4d06887664ebc0b734f8e262
ACTION MARK 1200 366 CONSIDERED_RELEVANT 64394f1d4d06887664ebc0b734f8e262
ACTION SNIPPET 1200 366 SNIPPET_RELEVANT 8dd14336a93ea072cd12731c8e0481aa
ACTION DOC 1200 386 EXAMINING_DOCUMENT 8dd14336a93ea072cd12731c8e0481aa
ACTION MARK 1200 389 CONSIDERED_RELEVANT 8dd14336a93ea072cd12731c8e0481aa
ACTION SNIPPET 1200 389 SNIPPET_RELEVANT 367659ea3e72e997c13be1fb25822006
ACTION DOC 1200 409 EXAMINING_DOCUMENT 367659ea3e72e997c13be1fb25822006
ACTION MARK 1200 412 CONSIDERED_RELEVANT 367659ea3e72e997c13be1fb25822006
ACTION QUERY 1200 422 US-Mexico border smuggling
ACTION SERP 1200 427 EXAMINE_SERP
ACTION SNIPPET 1200 427 SNIPPET_RELEVANT 62009aacb6583363d09129a7edeed31e
ACTION DOC 1200 447 EXAMINING_DOCUMENT 62009aacb6583363d09129a7edeed31e
ACTION MARK 1200 450 CONSIDERED_RELEVANT 62009aacb6583363d09129a7edeed31e
ACTION SNIPPET 1200 450 SNIPPET_RELEVANT 1005a8b99740b627f4e5a5553f7e9493
ACTION DOC 1200 470 EXAMINING_DOCUMENT 1005a8b99740b627f4e5a5553f7e9493
ACTION SNIPPET 1200 470 SNIPPET_RELEVANT 6a0ae8a649a9b91ec857db0c1978f997
ACTION DOC 1200 490 EXAMINING_DOCUMENT 6a0ae8a649a9b91ec857db0c1978f997
ACTION SNIPPET 1200 490 SNIPPET_RELEVANT 617e725a04e97cfd9e721fbc9dbb34b6
ACTION DOC 1200 510 EXAMINING_DOCUMENT 617e725a04e97cfd9e721fbc9dbb34b6
ACTION SNIPPET 1200 510 SNIPPET_RELEVANT 7649ae2b82ffd609e2b501d730f38fc8
ACTION DOC 1200 530 EXAMINING_DOCUMENT 7649ae2b82ffd609e2b501d730f38fc8
ACTION SNIPPET 1200 530 SNIPPET_RELEVANT 93b3eec0f56d64aa228ad1d11103cd2f
ACTION DOC 1200 550 EXAMINING_DOCUMENT 93b3eec0f56d64aa228ad1d11103cd2f
ACTION QUERY 1200 560 migrant deaths trafficking
ACTION SERP 1200 565 EXAMINE_SERP
ACTION SNIPPET 1200 565 SNIPPET_RELEVANT c965f9666d2369dc313d6e21171477d9
ACTION DOC 1200 585 EXAMINING_DOCUMENT c965f9666d2369dc313d6e21171477d9
ACTION SNIPPET 1200 585 SNIPPET_RELEVANT 333d1ef6-e93c-11e4-8581-633c536add4b
ACTION DOC 1200 605 EXAMINING_DOCUMENT 333d1ef6-e93c-11e4-8581-633c536add4b
ACTION SNIPPET 1200 605 SNIPPET_RELEVANT a4843bea-e25a-11e5-9c36-e1902f6b6571
ACTION DOC 1200 625 EXAMINING_DOCUMENT a4843bea-e25a-11e5-9c36-e1902f6b6571
ACTION MARK 1200 628 CONSIDERED_RELEVANT a4843bea-e25a-11e5-9c36-e1902f6b6571
ACTION SNIPPET 1200 628 SNIPPET_RELEVANT ede363e0-e86b-11e4-8581-633c536add4b
ACTION DOC 1200 648 EXAMINING_DOCUMENT ede363e0-e86b-11e4-8581-633c536add4b
ACTION SNIPPET 1200 648 SNIPPET_RELEVANT 1f1f872c-4580-11e7-8de1-cec59a9bf4b1
ACTION DOC 1200 668 EXAMINING_DOCUMENT 1f1f872c-4580-11e7-8de1-cec59a9bf4b1
ACTION MARK 1200 671 CONSIDERED_RELEVANT 1f1f872c-4580-11e7-8de1-cec59a9bf4b1
ACTION SNIPPET 1200 671 SNIPPET_RELEVANT add90812-fdc3-11e6-9b78-824ccab94435
ACTION DOC 1200 691 EXAMINING_DOCUMENT add90812-fdc3-11e6-9b78-824ccab94435
ACTION MARK 1200 694 CONSIDERED_RELEVANT add90812-fdc3-11e6-9b78-824ccab94435
ACTION QUERY 1200 704 migrant deaths Europe
ACTION SERP 1200 709 EXAMINE_SERP
ACTION SNIPPET 1200 709 SNIPPET_RELEVANT c5845e4d12a7acb42b80293a73dcb588
ACTION DOC 1200 729 EXAMINING_DOCUMENT c5845e4d12a7acb42b80293a73dcb588
ACTION SNIPPET 1200 729 SEEN_PREVIOUSLY c965f9666d2369dc313d6e21171477d9
ACTION SNIPPET 1200 729 SNIPPET_RELEVANT 53c454d51c1ea39efa1bbf3cbe060d3b
ACTION DOC 1200 749 EXAMINING_DOCUMENT 53c454d51c1ea39efa1bbf3cbe060d3b
ACTION MARK 1200 752 CONSIDERED_RELEVANT 53c454d51c1ea39efa1bbf3cbe060d3b
ACTION SNIPPET 1200 752 SNIPPET_RELEVANT 5d0751576c1ec6f9305754a436725a6f
ACTION DOC 1200 772 EXAMINING_DOCUMENT 5d0751576c1ec6f9305754a436725a6f
ACTION MARK 1200 775 CONSIDERED_RELEVANT 5d0751576c1ec6f9305754a436725a6f
ACTION SNIPPET 1200 775 SNIPPET_RELEVANT d8a0fd4d51767523c94c428de7744260
ACTION DOC 1200 795 EXAMINING_DOCUMENT d8a0fd4d51767523c94c428de7744260
ACTION MARK 1200 798 CONSIDERED_RELEVANT d8a0fd4d51767523c94c428de7744260
ACTION SNIPPET 1200 798 SNIPPET_RELEVANT 3c649ca6a7bf082907b6ff8f6e9343ae
ACTION DOC 1200 818 EXAMINING_DOCUMENT 3c649ca6a7bf082907b6ff8f6e9343ae
ACTION MARK 1200 821 CONSIDERED_RELEVANT 3c649ca6a7bf082907b6ff8f6e9343ae
ACTION SNIPPET 1200 821 SNIPPET_RELEVANT f210537084fc0ef6d822f4629a2b0020
ACTION DOC 1200 841 EXAMINING_DOCUMENT f210537084fc0ef6d822f4629a2b0020
ACTION MARK 1200 844 CONSIDERED_RELEVANT f210537084fc0ef6d822f4629a2b0020
ACTION QUERY 1200 854 human trafficking
ACTION SERP 1200 859 EXAMINE_SERP
ACTION SNIPPET 1200 859 SNIPPET_RELEVANT 527645b2-725b-11e3-8def-a33011492df2
ACTION DOC 1200 879 EXAMINING_DOCUMENT 527645b2-725b-11e3-8def-a33011492df2
ACTION MARK 1200 882 CONSIDERED_RELEVANT 527645b2-725b-11e3-8def-a33011492df2
ACTION SNIPPET 1200 882 SNIPPET_RELEVANT b981f890-4b2d-11e4-b72e-d60a9229cc10
ACTION DOC 1200 902 EXAMINING_DOCUMENT b981f890-4b2d-11e4-b72e-d60a9229cc10
ACTION MARK 1200 905 CONSIDERED_RELEVANT b981f890-4b2d-11e4-b72e-d60a9229cc10
ACTION SNIPPET 1200 905 SNIPPET_RELEVANT 493651d4-9755-11e4-8005-1924ede3e54a
ACTION DOC 1200 925 EXAMINING_DOCUMENT 493651d4-9755-11e4-8005-1924ede3e54a
ACTION SNIPPET 1200 925 SNIPPET_RELEVANT e2a9bb1e-2a9d-4c88-b7c6-583eea3aa9fe
ACTION DOC 1200 945 EXAMINING_DOCUMENT e2a9bb1e-2a9d-4c88-b7c6-583eea3aa9fe
ACTION SNIPPET 1200 945 SNIPPET_RELEVANT 0a149608-883f-11e3-a5bd-844629433ba3
ACTION DOC 1200 965 EXAMINING_DOCUMENT 0a149608-883f-11e3-a5bd-844629433ba3
ACTION SNIPPET 1200 965 SNIPPET_RELEVANT 1a914402-3d5c-11e1-84a4-02de40db9b91
ACTION DOC 1200 985 EXAMINING_DOCUMENT 1a914402-3d5c-11e1-84a4-02de40db9b91
ACTION MARK 1200 988 CONSIDERED_RELEVANT 1a914402-3d5c-11e1-84a4-02de40db9b91
ACTION QUERY 1200 998 refugee crisis
ACTION SERP 1200 1003 EXAMINE_SERP
ACTION SNIPPET 1200 1003 SNIPPET_RELEVANT 7ebb2539c0fb084a0c2faa3203a30499
ACTION DOC 1200 1023 EXAMINING_DOCUMENT 7ebb2539c0fb084a0c2faa3203a30499
ACTION SNIPPET 1200 1023 SNIPPET_RELEVANT e253c15a-573d-11e5-b8c9-944725fcd3b9
ACTION DOC 1200 1043 EXAMINING_DOCUMENT e253c15a-573d-11e5-b8c9-944725fcd3b9
ACTION SNIPPET 1200 1043 SNIPPET_RELEVANT b9515f76-7d97-11e5-afce-2afd1d3eb896
ACTION DOC 1200 1063 EXAMINING_DOCUMENT b9515f76-7d97-11e5-afce-2afd1d3eb896
ACTION SNIPPET 1200 1063 SNIPPET_RELEVANT 951df0a23dbf98eeefbeeed5fe82d1b0
ACTION DOC 1200 1083 EXAMINING_DOCUMENT 951df0a23dbf98eeefbeeed5fe82d1b0
ACTION SNIPPET 1200 1083 SNIPPET_RELEVANT 913f0965c483b7d88b956a97286da408
ACTION DOC 1200 1103 EXAMINING_DOCUMENT 913f0965c483b7d88b956a97286da408
ACTION SNIPPET 1200 1103 SNIPPET_RELEVANT 6bbd903845cfc8fd041e530d611458be
ACTION DOC 1200 1123 EXAMINING_DOCUMENT 6bbd903845cfc8fd041e530d611458be
ACTION QUERY 1200 1133 border crossing crimes
ACTION SERP 1200 1138 EXAMINE_SERP
ACTION SNIPPET 1200 1138 SNIPPET_RELEVANT 96164e9e522dbd408ab37b5fce0d1ac0
ACTION DOC 1200 1158 EXAMINING_DOCUMENT 96164e9e522dbd408ab37b5fce0d1ac0
ACTION SNIPPET 1200 1158 SNIPPET_RELEVANT d431d0c8f8c0e1b4977f4da971884199
ACTION DOC 1200 1178 EXAMINING_DOCUMENT d431d0c8f8c0e1b4977f4da971884199
ACTION SNIPPET 1200 1178 SEEN_PREVIOUSLY 9fc6e964-1eb7-11e7-ad74-3a742a6e93a7
ACTION SNIPPET 1200 1178 SNIPPET_RELEVANT 4481bcf3e788482b357bcffc3b327068
ACTION DOC 1200 1198 EXAMINING_DOCUMENT 4481bcf3e788482b357bcffc3b327068
ACTION SNIPPET 1200 1198 SNIPPET_RELEVANT a93a3bd4cc35a25a5b7d6898c0309d14
ACTION DOC 1200 1218 EXAMINING_DOCUMENT a93a3bd4cc35a25a5b7d6898c0309d14
INFO SUMMARY 
INFO TOTAL_QUERIES_ISSUED 9
INFO TOTAL_SNIPPETS_EXAMINED 54
INFO TOTAL_DOCUMENTS_EXAMINED 51
INFO TOTAL_DOCUMENTS_MARKED_RELEVANT 21
INFO TOTAL_ATTRACTIVE_SERP_IMPRESSIONS 9
INFO TOTAL_UNATTRACTIVE_SERP_IMPRESSIONS 0
