ACTION START 1200 0 START
ACTION QUERY 1200 10 inventions 1990s
ACTION SERP 1200 15 EXAMINE_SERP
ACTION SNIPPET 1200 15 SNIPPET_NOT_RELEVANT dcf7f3d1a850507c7b048412a20fec47
ACTION SNIPPET 1200 15 SNIPPET_NOT_RELEVANT eeeb7c0d27ee4b1ca5032615879fb5c7
ACTION SNIPPET 1200 15 SNIPPET_NOT_RELEVANT 58c09613691399d3cf2c6cefa47e2df2
ACTION SNIPPET 1200 15 SNIPPET_NOT_RELEVANT 2b73c75b126291cae073bf8053602652
ACTION SNIPPET 1200 15 SNIPPET_NOT_RELEVANT ef6b31e8-7bdd-11e4-9a27-6fdbc612bff8
ACTION SNIPPET 1200 15 SNIPPET_NOT_RELEVANT 45c43d5213b9cb37066c48ce19bbfc08
ACTION SNIPPET 1200 15 SNIPPET_NOT_RELEVANT f4b36b7a-a0bd-11e4-903f-9f2faf7cd9fe
ACTION SNIPPET 1200 15 SNIPPET_RELEVANT 0669e164-22cf-11e3-966c-9c4293c47ebe
ACTION DOC 1200 35 EXAMINING_DOCUMENT 0669e164-22cf-11e3-966c-9c4293c47ebe
ACTION MARK 1200 38 CONSIDERED_RELEVANT 0669e164-22cf-11e3-966c-9c4293c47ebe
ACTION SNIPPET 1200 38 SNIPPET_NOT_RELEVANT 22debe82-d69f-11e1-b2d5-2419d227d8b0
ACTION SNIPPET 1200 38 SNIPPET_NOT_RELEVANT ba1daa9f5cecb7bdf629289595309fc5
ACTION SNIPPET 1200 38 SNIPPET_NOT_RELEVANT 2a4aecd4-e9c2-11e4-9a6a-c1ab95a0600b
ACTION SNIPPET 1200 38 SNIPPET_NOT_RELEVANT 6b4f2b8c-63f6-11e6-8b27-bb8ba39497a2
ACTION SNIPPET 1200 38 SNIPPET_NOT_RELEVANT 0ba58d8c-0192-11e6-b823-707c79ce3504
ACTION SNIPPET 1200 38 SNIPPET_NOT_RELEVANT dd9b69ee-5acb-11e3-a66d-156b463c78aa
ACTION SNIPPET 1200 38 SNIPPET_NOT_RELEVANT 9e2ea0bf867ffc650832d46ee0ce7425
ACTION SNIPPET 1200 38 SNIPPET_NOT_RELEVANT 46467d81367ff98a9ddd141726e43a44
ACTION SNIPPET 1200 38 SNIPPET_NOT_RELEVANT c172b1227376deda9eca646650d75450
ACTION SNIPPET 1200 38 SNIPPET_NOT_RELEVANT d4cf52ced9622ef282d01ef067176c76
ACTION SNIPPET 1200 38 SNIPPET_NOT_RELEVANT 4313f8c5a8d6cbdbb6933332a7bc2baa
ACTION SNIPPET 1200 38 SNIPPET_NOT_RELEVANT c7f8a04e-9d25-11e1-b54a-149a85cdfc5e
ACTION SNIPPET 1200 38 SNIPPET_NOT_RELEVANT 5804bc5a9b17634314e68d9060bacc7e
ACTION SNIPPET 1200 38 SNIPPET_NOT_RELEVANT 4c123682-c6e4-11e6-bf4b-2c064d32a4bf
ACTION SNIPPET 1200 38 SNIPPET_NOT_RELEVANT 9e5c55d2-d43d-11e2-a73e-826d299ff459
ACTION SNIPPET 1200 38 SNIPPET_NOT_RELEVANT 50731412-6632-11e5-8325-a42b5a459b1e
ACTION SNIPPET 1200 38 SNIPPET_NOT_RELEVANT 5f082de8-b8fd-11e3-899e-bb708e3539dd
ACTION SNIPPET 1200 38 SNIPPET_NOT_RELEVANT 8451f4cefc0e568b78f5a09d662a9bdb
ACTION SNIPPET 1200 38 SNIPPET_NOT_RELEVANT 7d583dfa-130e-11e3-880b-7503237cc69d
ACTION SNIPPET 1200 38 SNIPPET_NOT_RELEVANT 6040eb064a7bbf7f43c12f4c30ec0d06
ACTION SNIPPET 1200 38 SNIPPET_NOT_RELEVANT d4c30d870e9e123673990e624bc3ffb3
ACTION SNIPPET 1200 38 SNIPPET_NOT_RELEVANT fe17f1ec912e7ffc16e7a66bb1e1deea
ACTION SNIPPET 1200 38 SNIPPET_NOT_RELEVANT e9a9c18a-71d1-11e5-ba14-318f8e87a2fc
ACTION SNIPPET 1200 38 SNIPPET_NOT_RELEVANT 02fdb875e42bb1dc62699f93ade2321b
ACTION SNIPPET 1200 38 SNIPPET_NOT_RELEVANT 51e126e6-2c06-11e1-9952-55d90a4e2d6d
ACTION SNIPPET 1200 38 SNIPPET_NOT_RELEVANT 903c48d0-59b5-11e6-9767-f6c947fd0cb8
ACTION SNIPPET 1200 38 SNIPPET_NOT_RELEVANT 739f14e8-8276-11e1-b088-8660630b7284
ACTION SNIPPET 1200 38 SNIPPET_NOT_RELEVANT 0b7299e2-1a9b-11e5-bd7f-4611a60dd8e5
ACTION SNIPPET 1200 38 SNIPPET_NOT_RELEVANT 85b782ec-a72f-11e4-a2b2-776095f393b2
ACTION SNIPPET 1200 38 SNIPPET_NOT_RELEVANT a6a381e9ab74e0d7b0a4ea519b265ad9
ACTION SNIPPET 1200 38 SNIPPET_NOT_RELEVANT 5a1ea9bc3b4b0fa1d1c1a82ffb69f2d6
ACTION SNIPPET 1200 38 SNIPPET_NOT_RELEVANT ac84135e-438c-11e6-88d0-6adee48be8bc
ACTION SNIPPET 1200 38 SNIPPET_NOT_RELEVANT 5d1c86e8-f868-11e1-8b93-c4f4ab1c8d13
ACTION SNIPPET 1200 38 SNIPPET_NOT_RELEVANT a3da1c52-ad3a-11e3-9627-c65021d6d572
ACTION SNIPPET 1200 38 SNIPPET_NOT_RELEVANT 5af6b9ce-38d2-11e2-b01f-5f55b193f58f
ACTION SNIPPET 1200 38 SNIPPET_NOT_RELEVANT 1439b508-0264-11e2-9b24-ff730c7f6312
ACTION SNIPPET 1200 38 SNIPPET_NOT_RELEVANT d259a3802069992e3754dc399bcb5f33
ACTION SNIPPET 1200 38 SNIPPET_NOT_RELEVANT 113e7560-4b92-11e7-987c-42ab5745db2e
ACTION SNIPPET 1200 38 SNIPPET_NOT_RELEVANT edc76d36-16da-11e6-9e16-2e5a123aac62
ACTION SNIPPET 1200 38 SNIPPET_NOT_RELEVANT 6d9662cf9d6c0605ce9d33fc7e046af3
ACTION SNIPPET 1200 38 SNIPPET_NOT_RELEVANT 340faf27a70b9b6960baafe447e55f88
ACTION SNIPPET 1200 38 SNIPPET_NOT_RELEVANT 5644f64063928de63a554c75b34afda2
ACTION SNIPPET 1200 38 SNIPPET_NOT_RELEVANT 0bc8dd3e-a42e-11e1-aef3-06a23666ac1d
ACTION SNIPPET 1200 38 SNIPPET_NOT_RELEVANT 9ecac9ea-a1b4-11e4-903f-9f2faf7cd9fe
ACTION SNIPPET 1200 38 SNIPPET_NOT_RELEVANT 0799e2bc-2dd6-11e2-9ac2-1c61452669c3
ACTION SNIPPET 1200 38 SNIPPET_NOT_RELEVANT 000c86ea-55df-11e2-bf3e-76c0a789346f
ACTION SNIPPET 1200 38 SNIPPET_RELEVANT 3c4e2889d89da11f366b2348a448c307
ACTION DOC 1200 58 EXAMINING_DOCUMENT 3c4e2889d89da11f366b2348a448c307
ACTION MARK 1200 61 CONSIDERED_RELEVANT 3c4e2889d89da11f366b2348a448c307
ACTION SNIPPET 1200 61 SNIPPET_NOT_RELEVANT 4fc5634e-7d6c-11e4-b821-503cc7efed9e
ACTION SNIPPET 1200 61 SNIPPET_NOT_RELEVANT 127135fc-0219-11e7-ad5b-d22680e18d10
ACTION SNIPPET 1200 61 SNIPPET_NOT_RELEVANT 87c55a0e239e31d0cab5adadf7b8eb0b
ACTION SNIPPET 1200 61 SNIPPET_NOT_RELEVANT 4b48cb9c-fcd8-11e1-b153-218509a954e1
ACTION SNIPPET 1200 61 SNIPPET_NOT_RELEVANT 5d93c3225b3c6fd5072c9f1f87ff6a66
ACTION SNIPPET 1200 61 SNIPPET_NOT_RELEVANT 66e394d8-45d4-11e1-b0ef-752cfddb1b51
ACTION SNIPPET 1200 61 SNIPPET_NOT_RELEVANT 98b9f0cc-792e-11e2-9a75-dab0201670da
ACTION SNIPPET 1200 61 SNIPPET_NOT_RELEVANT 868aec8706ed9d89dbb9ec4acdddcb8b
ACTION SNIPPET 1200 61 SNIPPET_NOT_RELEVANT bd23aa9aa60dc2a8e46bc5a0f2774b50
ACTION SNIPPET 1200 61 SNIPPET_NOT_RELEVANT 1e93200d1daa9c173abd33a99228a658
ACTION SNIPPET 1200 61 SNIPPET_NOT_RELEVANT 93d431ea-c491-11e2-9fe2-6ee52d0eb7c1
ACTION SNIPPET 1200 61 SNIPPET_NOT_RELEVANT 4e815cca-6a2f-11e6-ba32-5a4bf5aad4fa
ACTION SNIPPET 1200 61 SNIPPET_NOT_RELEVANT 9b600fbffef5570bbf1110377f230292
ACTION SNIPPET 1200 61 SNIPPET_NOT_RELEVANT 6766dd58-37af-11e1-b32c-a37ca28b472a
ACTION SNIPPET 1200 61 SNIPPET_NOT_RELEVANT f64fa51871d16a645058aaa77a01f62e
ACTION SNIPPET 1200 61 SNIPPET_NOT_RELEVANT e4e22a88c80ef71ac55edba662bd3023
ACTION SNIPPET 1200 61 SNIPPET_NOT_RELEVANT 1b31a7c95253239f2d5cb85143c007c2
ACTION SNIPPET 1200 61 SNIPPET_NOT_RELEVANT e877d76b698acf46fbc386f00aadc44c
ACTION SNIPPET 1200 61 SNIPPET_NOT_RELEVANT fb4bf140-40d9-11e3-a624-41d661b0bb78
ACTION SNIPPET 1200 61 SNIPPET_NOT_RELEVANT 563bd2c052c448c4e69ec8397e312e75
ACTION SNIPPET 1200 61 SNIPPET_RELEVANT 95bb1271c88509492fa877b3ec78f3b9
ACTION DOC 1200 81 EXAMINING_DOCUMENT 95bb1271c88509492fa877b3ec78f3b9
ACTION MARK 1200 84 CONSIDERED_RELEVANT 95bb1271c88509492fa877b3ec78f3b9
ACTION SNIPPET 1200 84 SNIPPET_RELEVANT 7d7a127ea0d1e5fc5008590b6d9fbf01
ACTION DOC 1200 104 EXAMINING_DOCUMENT 7d7a127ea0d1e5fc5008590b6d9fbf01
ACTION MARK 1200 107 CONSIDERED_RELEVANT 7d7a127ea0d1e5fc5008590b6d9fbf01
ACTION SNIPPET 1200 107 SNIPPET_NOT_RELEVANT 9044d0da-59f9-11e4-8264-deed989ae9a2
ACTION SNIPPET 1200 107 SNIPPET_NOT_RELEVANT 4ab64b52-b654-11e1-9e4c-5a6a137d65e1
ACTION SNIPPET 1200 107 SNIPPET_NOT_RELEVANT 8a795217a1edc8f319d3b90268423fec
ACTION SNIPPET 1200 107 SNIPPET_NOT_RELEVANT 60bf609a-1334-11e7-833c-503e1f6394c9
ACTION SNIPPET 1200 107 SNIPPET_NOT_RELEVANT 8dd9d65f8af708eb64222645fa33bc9e
ACTION SNIPPET 1200 107 SNIPPET_NOT_RELEVANT c915efbae0a2278b29349c91afb354b4
ACTION SNIPPET 1200 107 SNIPPET_NOT_RELEVANT 9834ac4566a2480d618a0e90a849f6de
ACTION SNIPPET 1200 107 SNIPPET_NOT_RELEVANT 797c2ff4d6abe50d35a93d685c6dbfae
ACTION SNIPPET 1200 107 SNIPPET_NOT_RELEVANT 8cff0f675ec77f377c591f066d2a5776
ACTION SNIPPET 1200 107 SNIPPET_NOT_RELEVANT 7d9763a8-0050-11e2-9367-4e1bafb958db
ACTION SNIPPET 1200 107 SNIPPET_NOT_RELEVANT 1465861e91ff9707e8608c80cc334252
ACTION SNIPPET 1200 107 SNIPPET_NOT_RELEVANT f2a30c2e-2de0-11e3-8ade-a1f23cda135e
ACTION SNIPPET 1200 107 SNIPPET_NOT_RELEVANT f6986b815ee82fec8eee52bf637c1482
ACTION SNIPPET 1200 107 SNIPPET_NOT_RELEVANT f9621cd2-9dbc-11e5-bce4-708fe33e3288
ACTION SNIPPET 1200 107 SNIPPET_NOT_RELEVANT ae3851925a4b3ff7433fd49ae1a97115
ACTION SNIPPET 1200 107 SNIPPET_NOT_RELEVANT 5dbaf402-2781-11e2-b2a0-ae18d6159439
ACTION SNIPPET 1200 107 SNIPPET_NOT_RELEVANT 408faa6340e9a675717e0afeff1cf1fa
ACTION SNIPPET 1200 107 SNIPPET_NOT_RELEVANT fb4055e6-9279-11e3-b3f7-f5107432ca45
ACTION SNIPPET 1200 107 SNIPPET_NOT_RELEVANT 4f995ae66a3eabeba2380fa8dd48bb03
ACTION SNIPPET 1200 107 SNIPPET_NOT_RELEVANT 52b3c7575d958ee8177d371bfbc2cf7b
ACTION SNIPPET 1200 107 SNIPPET_NOT_RELEVANT dfdda1ea-ceb3-11e6-b8a2-8c2a61b0436f
ACTION SNIPPET 1200 107 SNIPPET_NOT_RELEVANT 2c0ad9c0-dda9-11e2-b197-f248b21f94c4
ACTION SNIPPET 1200 107 SNIPPET_NOT_RELEVANT 1b96daec-bc39-11e4-bdfa-b8e8f594e6ee
INFO SERP_END_REACHED 
ACTION QUERY 1200 117 scientific discoveries recent
ACTION SERP 1200 122 EXAMINE_SERP
ACTION SNIPPET 1200 122 SNIPPET_NOT_RELEVANT d042f956-2476-11e7-a1b3-faff0034e2de
ACTION SNIPPET 1200 122 SNIPPET_NOT_RELEVANT c8f7b7fa-c796-11e1-a236-b0358d0f242a
ACTION SNIPPET 1200 122 SNIPPET_RELEVANT 7b3610b5465cdfc4fc69a2f76d247522
ACTION DOC 1200 142 EXAMINING_DOCUMENT 7b3610b5465cdfc4fc69a2f76d247522
ACTION MARK 1200 145 CONSIDERED_RELEVANT 7b3610b5465cdfc4fc69a2f76d247522
ACTION SNIPPET 1200 145 SNIPPET_RELEVANT caae5550-10dc-11e3-b4cb-fd7ce041d814
ACTION DOC 1200 165 EXAMINING_DOCUMENT caae5550-10dc-11e3-b4cb-fd7ce041d814
ACTION MARK 1200 168 CONSIDERED_RELEVANT caae5550-10dc-11e3-b4cb-fd7ce041d814
ACTION SNIPPET 1200 168 SNIPPET_NOT_RELEVANT 647e8a22-dcc9-11e6-918c-99ede3c8cafa
ACTION SNIPPET 1200 168 SNIPPET_NOT_RELEVANT e5456e8a-c030-11e4-9ec2-b418f57a4a99
ACTION SNIPPET 1200 168 SNIPPET_NOT_RELEVANT 49155bff51b90be9890e2d1e6c4ce0e9
ACTION SNIPPET 1200 168 SNIPPET_NOT_RELEVANT e7d726312d2b6714d409de9c7ab362a6
ACTION SNIPPET 1200 168 SNIPPET_NOT_RELEVANT 4db4685bee67eefb3adb69ea6452130d
ACTION SNIPPET 1200 168 SNIPPET_NOT_RELEVANT 1522d182b30c269696a8ed9bb5c5970b
ACTION SNIPPET 1200 168 SNIPPET_NOT_RELEVANT b5406642-c6c1-11e1-a236-b0358d0f242a
ACTION SNIPPET 1200 168 SNIPPET_NOT_RELEVANT 4006dd265855cf784bcdb98e1c87ba50
ACTION SNIPPET 1200 168 SNIPPET_NOT_RELEVANT e86220b0-6956-11e1-acc6-32fefc7ccd67
ACTION SNIPPET 1200 168 SNIPPET_NOT_RELEVANT 014b5030-8144-11e4-9f38-95a187e4c1f7
ACTION SNIPPET 1200 168 SNIPPET_NOT_RELEVANT e07b4146-93c8-11e1-b382-2e0ef1d95168
ACTION SNIPPET 1200 168 SNIPPET_NOT_RELEVANT 3f67fece20ed922086fc381dce722e90
ACTION SNIPPET 1200 168 SNIPPET_NOT_RELEVANT 6ced7d5e77dc9c27c32e27a35c398210
ACTION SNIPPET 1200 168 SNIPPET_NOT_RELEVANT 5b57692d97accf7f2121c10c2091707b
ACTION SNIPPET 1200 168 SNIPPET_NOT_RELEVANT 81bc540f9ea57e2d198c6c628550e7cd
ACTION SNIPPET 1200 168 SNIPPET_RELEVANT 707bc9e6-02c6-11e4-b8ff-89afd3fad6bd
ACTION DOC 1200 188 EXAMINING_DOCUMENT 707bc9e6-02c6-11e4-b8ff-89afd3fad6bd
ACTION MARK 1200 191 CONSIDERED_RELEVANT 707bc9e6-02c6-11e4-b8ff-89afd3fad6bd
ACTION SNIPPET 1200 191 SNIPPET_NOT_RELEVANT e575b2fc-db07-11e3-bda1-9b46b2066796
ACTION SNIPPET 1200 191 SNIPPET_NOT_RELEVANT e8f21e48183e35384edbe621c44d27ac
ACTION SNIPPET 1200 191 SNIPPET_NOT_RELEVANT 5c2e740fa072014d5831d55b2046b61c
ACTION SNIPPET 1200 191 SNIPPET_NOT_RELEVANT 2a6c80bbd56ed0037187649b4e4e8403
ACTION SNIPPET 1200 191 SNIPPET_NOT_RELEVANT d73f3ec281a659852f7b015e8f263150
ACTION SNIPPET 1200 191 SNIPPET_NOT_RELEVANT 7bc99154-82e1-11e2-a350-49866afab584
ACTION SNIPPET 1200 191 SNIPPET_NOT_RELEVANT 6c1103765c3f5d7da37bfb64fea0497e
ACTION SNIPPET 1200 191 SNIPPET_NOT_RELEVANT fa879624a793ae4989f84cc1014e21d7
ACTION SNIPPET 1200 191 SNIPPET_NOT_RELEVANT ff8357c8-c05e-11e1-98e3-74b25aefc547
ACTION SNIPPET 1200 191 SNIPPET_NOT_RELEVANT 3eabbc6802bacde8e0d5d2d6db01b384
ACTION SNIPPET 1200 191 SNIPPET_RELEVANT 36cb8819895c8a72bb8ec8effc721772
ACTION DOC 1200 211 EXAMINING_DOCUMENT 36cb8819895c8a72bb8ec8effc721772
ACTION MARK 1200 214 CONSIDERED_RELEVANT 36cb8819895c8a72bb8ec8effc721772
ACTION SNIPPET 1200 214 SNIPPET_NOT_RELEVANT 2e1f79dfe63c1ad7096077dd34607f65
ACTION SNIPPET 1200 214 SNIPPET_NOT_RELEVANT 8fff37b38d56d3afe9ad9cd66d009e5f
ACTION SNIPPET 1200 214 SNIPPET_NOT_RELEVANT 59beb507c22e70cc1b0b961ccddac701
ACTION SNIPPET 1200 214 SNIPPET_NOT_RELEVANT 9badf1b8-7d19-11e2-82e8-61a46c2cde3d
ACTION SNIPPET 1200 214 SNIPPET_NOT_RELEVANT 4c4f7a2c-e034-11e3-810f-764fe508b82d
ACTION SNIPPET 1200 214 SNIPPET_NOT_RELEVANT 61fb211a46249a45e1ab03d0f89cb5e0
ACTION SNIPPET 1200 214 SNIPPET_NOT_RELEVANT 3ee91d0a-ddb8-11e6-ad42-f3375f271c9c
ACTION SNIPPET 1200 214 SNIPPET_RELEVANT 59e527b2305dbacf9eab6e4abea7d8b1
ACTION DOC 1200 234 EXAMINING_DOCUMENT 59e527b2305dbacf9eab6e4abea7d8b1
ACTION MARK 1200 237 CONSIDERED_RELEVANT 59e527b2305dbacf9eab6e4abea7d8b1
ACTION QUERY 1200 247 new technology 90s
ACTION SERP 1200 252 EXAMINE_SERP
ACTION SNIPPET 1200 252 SNIPPET_NOT_RELEVANT 5f2e7600-c722-11e3-8b9a-8e0977a24aeb
ACTION SNIPPET 1200 252 SNIPPET_NOT_RELEVANT b05b12a6-9a9b-11e5-94f0-9eeaff906ef3
ACTION SNIPPET 1200 252 SNIPPET_NOT_RELEVANT 0b18ed0c-5640-11e1-ada7-51a8b156d31a
ACTION SNIPPET 1200 252 SNIPPET_NOT_RELEVANT 4aa8eefc-78b9-11e3-8963-b4b654bcc9b2
ACTION SNIPPET 1200 252 SNIPPET_NOT_RELEVANT feb734ee-c1d8-11e4-ad5c-3b8ce89f1b89
ACTION SNIPPET 1200 252 SNIPPET_NOT_RELEVANT 15c4ba7cc1117611d9c673a611d11d27
ACTION SNIPPET 1200 252 SNIPPET_NOT_RELEVANT c650b8cc1ac9af56757078c5b7e5f03b
ACTION SNIPPET 1200 252 SNIPPET_NOT_RELEVANT 66915172-ae53-11e1-936a-45aa2b40de38
ACTION SNIPPET 1200 252 SNIPPET_NOT_RELEVANT 2d304c78-2ff2-11e2-a30e-5ca76eeec857
ACTION SNIPPET 1200 252 SNIPPET_NOT_RELEVANT 55204750-4fab-11e7-b74e-0d2785d3083d
ACTION SNIPPET 1200 252 SNIPPET_NOT_RELEVANT 8895371deaf70ba3bbe02ef412d19988
ACTION SNIPPET 1200 252 SNIPPET_NOT_RELEVANT 6210c848-ba20-11e1-abd4-aecc81b4466d
ACTION SNIPPET 1200 252 SNIPPET_NOT_RELEVANT 34040ef59a0efc8046178789e3ca3f75
ACTION SNIPPET 1200 252 SNIPPET_NOT_RELEVANT 6c47706a-f659-11e3-8aa9-dad2ec039789
ACTION SNIPPET 1200 252 SNIPPET_NOT_RELEVANT 80c488ba-a2d2-11e2-82bc-511538ae90a4
ACTION SNIPPET 1200 252 SNIPPET_NOT_RELEVANT f43c7a1e-80f9-11e2-a671-0307392de8de
ACTION SNIPPET 1200 252 SNIPPET_NOT_RELEVANT 003471c6-ef72-11e4-8050-839e9234b303
ACTION SNIPPET 1200 252 SNIPPET_NOT_RELEVANT 6f57335e-1df2-11e6-82c2-a7dcb313287d
ACTION SNIPPET 1200 252 SNIPPET_NOT_RELEVANT e3b9449c7099e563793fe29afcf18137
ACTION SNIPPET 1200 252 SNIPPET_NOT_RELEVANT 1b222d22-e462-11e4-81ea-0649268f729e
ACTION SNIPPET 1200 252 SNIPPET_NOT_RELEVANT 83a3422855c929b36eaca43b9b7d9730
ACTION SNIPPET 1200 252 SNIPPET_NOT_RELEVANT 9404feb2-6198-11e2-9940-6fc488f3fecd
ACTION SNIPPET 1200 252 SNIPPET_NOT_RELEVANT 5b57f3ac-4abf-11e2-b709-667035ff9029
ACTION SNIPPET 1200 252 SNIPPET_NOT_RELEVANT 0aaa0120-1be8-11e3-a628-7e6dde8f889d
ACTION SNIPPET 1200 252 SNIPPET_NOT_RELEVANT df23d772012c9ff3b8e7595207e512ec
ACTION SNIPPET 1200 252 SNIPPET_NOT_RELEVANT e158ac1c-ae6b-11e1-80eb-46875d0c7789
ACTION SNIPPET 1200 252 SNIPPET_NOT_RELEVANT a107bc2d5bdf67b85833db4fedd64336
ACTION SNIPPET 1200 252 SNIPPET_NOT_RELEVANT 2ce5089c-45f8-11e1-b0ef-752cfddb1b51
ACTION SNIPPET 1200 252 SNIPPET_NOT_RELEVANT 703a855c1253f33f649b108f5d8931a8
ACTION SNIPPET 1200 252 SNIPPET_NOT_RELEVANT 087b8bb0-7bae-11e7-9d08-b79f191668ed
ACTION SNIPPET 1200 252 SNIPPET_NOT_RELEVANT 6f1307dcb3cdbb0d92dc090cbd561158
ACTION SNIPPET 1200 252 SNIPPET_NOT_RELEVANT 3fde908e-9fed-11e3-9ba6-800d1192d08b
ACTION SNIPPET 1200 252 SNIPPET_NOT_RELEVANT 64476ffc1d68b00eb8ddba123c69fcc9
ACTION SNIPPET 1200 252 SNIPPET_NOT_RELEVANT 6a3280b2-5073-11e3-9fe0-fd2ca728e67c
ACTION SNIPPET 1200 252 SNIPPET_NOT_RELEVANT 4b11c2ab19863c507049e353178acab3
ACTION SNIPPET 1200 252 SNIPPET_NOT_RELEVANT 89d09826-75a9-11e4-8893-97bf0c02cc5f
ACTION SNIPPET 1200 252 SNIPPET_NOT_RELEVANT 2c6701a8-2976-11e5-a5ea-cf74396e59ec
ACTION SNIPPET 1200 252 SNIPPET_NOT_RELEVANT 3d145952-324e-11e5-8353-1215475949f4
ACTION SNIPPET 1200 252 SNIPPET_NOT_RELEVANT 6879e9443a58a107ee6a1bcf2ebdb4e3
ACTION SNIPPET 1200 252 SNIPPET_NOT_RELEVANT 7c895f50-14b5-11e3-880b-7503237cc69d
ACTION SNIPPET 1200 252 SNIPPET_NOT_RELEVANT f7f6e3b0-9095-11e6-9c85-ac42097b8cc0
ACTION SNIPPET 1200 252 SNIPPET_NOT_RELEVANT f2dea57a-e80f-11e2-a301-ea5a8116d211
ACTION SNIPPET 1200 252 SNIPPET_NOT_RELEVANT 383c35ca09631bf5f7a39eb37c9891ee
ACTION SNIPPET 1200 252 SNIPPET_NOT_RELEVANT 2ecaf712-0e4b-11e3-85b6-d27422650fd5
ACTION SNIPPET 1200 252 SNIPPET_NOT_RELEVANT 9a0b7b48-78c7-11e1-a01f-52d5c6187537
ACTION SNIPPET 1200 252 SNIPPET_NOT_RELEVANT d890a48e49bd4e1b5b028fed1d2deb5b
ACTION SNIPPET 1200 252 SNIPPET_NOT_RELEVANT b018ac5e-7a9c-11e1-9362-cd989ac6bfb2
ACTION SNIPPET 1200 252 SNIPPET_NOT_RELEVANT 90cde21c-9daf-11e5-a3c5-c77f2cc5a43c
ACTION SNIPPET 1200 252 SNIPPET_NOT_RELEVANT 2592216064e98cb4a19998e7e7ea955a
ACTION SNIPPET 1200 252 SNIPPET_NOT_RELEVANT c6479dce-b5f4-11e3-b899-20667de76985
ACTION SNIPPET 1200 252 SNIPPET_NOT_RELEVANT 24652d0e-cfae-11e3-937f-d3026234b51c
ACTION SNIPPET 1200 252 SNIPPET_NOT_RELEVANT 9a42f1139a490442e8f0e7e3d3c37cf3
ACTION SNIPPET 1200 252 SNIPPET_NOT_RELEVANT fd427e1c-2c5a-11e3-97a3-ff2758228523
ACTION SNIPPET 1200 252 SNIPPET_NOT_RELEVANT 4ea2ca1a7c8e0f35ca334364b123e0f0
ACTION SNIPPET 1200 252 SNIPPET_NOT_RELEVANT 09475e26-64dd-11e2-b84d-21c7b65985ee
ACTION SNIPPET 1200 252 SNIPPET_NOT_RELEVANT 41b4ee6a-8fa4-11e4-ba53-a477d66580ed
ACTION SNIPPET 1200 252 SNIPPET_NOT_RELEVANT fdc2526c3cb0d6042f74b2d8cb05f3f4
ACTION SNIPPET 1200 252 SNIPPET_NOT_RELEVANT 2919a20f57ec020a81c371b652eb9b32
ACTION SNIPPET 1200 252 SNIPPET_NOT_RELEVANT 917e4f20-08f6-11e4-8a6a-19355c7e870a
ACTION SNIPPET 1200 252 SNIPPET_NOT_RELEVANT 31e356cc-add6-11e2-98ef-d1072ed3cc27
ACTION SNIPPET 1200 252 SNIPPET_NOT_RELEVANT a9955a6e-7743-11e1-862c-76c4e0e725cd
ACTION SNIPPET 1200 252 SNIPPET_NOT_RELEVANT 759b9a8e-bb3b-11e6-91ee-1adddfe36cbe
ACTION SNIPPET 1200 252 SNIPPET_NOT_RELEVANT 05b6d542ea10a59079693fdd70da691a
ACTION SNIPPET 1200 252 SNIPPET_NOT_RELEVANT 0112853e-f634-11e3-8aa9-dad2ec039789
ACTION SNIPPET 1200 252 SNIPPET_NOT_RELEVANT 0b7209ec-ff9e-11e2-96a8-d3b921c0924a
ACTION SNIPPET 1200 252 SNIPPET_NOT_RELEVANT 10bac4a3238152626ec9a4f55fe9993d
ACTION SNIPPET 1200 252 SNIPPET_NOT_RELEVANT c6f32988-3f46-11e4-9587-5dafd96295f0
ACTION SNIPPET 1200 252 SNIPPET_NOT_RELEVANT 16c5595e-d69e-11e1-b2d5-2419d227d8b0
ACTION SNIPPET 1200 252 SNIPPET_NOT_RELEVANT af1c0738-7d38-11e3-93c1-0e888170b723
ACTION SNIPPET 1200 252 SNIPPET_NOT_RELEVANT e5e5d5dd824de6719a909ae1c2186d83
ACTION SNIPPET 1200 252 SNIPPET_NOT_RELEVANT 2ad3712e-0b27-11e3-8974-f97ab3b3c677
ACTION SNIPPET 1200 252 SNIPPET_NOT_RELEVANT 9e89a59b7d02086ba45121f5ccbba59e
ACTION SNIPPET 1200 252 SNIPPET_NOT_RELEVANT c1ebc00c-7b99-11e2-9a75-dab0201670da
ACTION SNIPPET 1200 252 SNIPPET_NOT_RELEVANT 50083a20-b935-11e4-a200-c008a01a6692
ACTION SNIPPET 1200 252 SNIPPET_NOT_RELEVANT 3dffc1686cacffef2369810692a2e560
ACTION SNIPPET 1200 252 SNIPPET_NOT_RELEVANT 8d1d508a-f1e7-11e5-89c3-a647fcce95e0
ACTION SNIPPET 1200 252 SNIPPET_NOT_RELEVANT 8fe88938-bf30-11e3-bcec-b71ee10e9bc3
ACTION SNIPPET 1200 252 SNIPPET_NOT_RELEVANT a4ec79ae6fdef7ca0d860f5066d6de76
ACTION SNIPPET 1200 252 SNIPPET_NOT_RELEVANT 77f2104c-1077-11e2-9a39-1f5a7f6fe945
ACTION SNIPPET 1200 252 SNIPPET_NOT_RELEVANT e322c746-83ab-11e3-9dd4-e7278db80d86
ACTION SNIPPET 1200 252 SNIPPET_NOT_RELEVANT f3adb5ea5f0841a01ed5ad7521792a65
ACTION SNIPPET 1200 252 SNIPPET_NOT_RELEVANT eed44f54-0272-11e6-b823-707c79ce3504
ACTION SNIPPET 1200 252 SNIPPET_NOT_RELEVANT e2ff1326-fc6b-11e3-8176-f2c941cf35f1
ACTION SNIPPET 1200 252 SNIPPET_NOT_RELEVANT f35167fbf3efb65ea00b00f8b8eadda7
ACTION SNIPPET 1200 252 SNIPPET_NOT_RELEVANT 8a26b48e14e00b73040c8aad2b27634d
ACTION SNIPPET 1200 252 SNIPPET_NOT_RELEVANT d9b4f58e399e6847df3f9e5d4cc55e43
ACTION SNIPPET 1200 252 SNIPPET_NOT_RELEVANT fa4051ab71f7e0caa8a902a138a62cd0
ACTION SNIPPET 1200 252 SNIPPET_NOT_RELEVANT 9b6b4b202aa9f318a70efb40243d76c9
ACTION SNIPPET 1200 252 SNIPPET_NOT_RELEVANT d06b2cf3858a56a4a5f8e5fc2a56ac48
ACTION SNIPPET 1200 252 SNIPPET_NOT_RELEVANT c40ed040-6b13-11e2-95b3-272d604a10a3
ACTION SNIPPET 1200 252 SNIPPET_NOT_RELEVANT dcf046044da84733313b3ff4ebab4c74
ACTION SNIPPET 1200 252 SNIPPET_NOT_RELEVANT b0eb993c-6a22-11e1-b756-60ee4e23a039
ACTION SNIPPET 1200 252 SNIPPET_NOT_RELEVANT 9ab6750a-8217-11e4-9f38-95a187e4c1f7
ACTION SNIPPET 1200 252 SNIPPET_NOT_RELEVANT 69cd8f70-0b53-11e6-a6b6-2e6de3695b0e
ACTION SNIPPET 1200 252 SNIPPET_NOT_RELEVANT b1fa2d16-7828-11e1-8ca7-e7ce935c8941
ACTION SNIPPET 1200 252 SNIPPET_NOT_RELEVANT 0367f0676684fbbb959bf59a4d35e28a
ACTION SNIPPET 1200 252 SNIPPET_NOT_RELEVANT d4dddc14-5687-11e1-b179-a3550fc9144e
ACTION SNIPPET 1200 252 SNIPPET_NOT_RELEVANT 951635bc-acfe-11e2-a198-99893f10d6dd
ACTION SNIPPET 1200 252 SNIPPET_NOT_RELEVANT 1250df9e-3412-11e6-8ff7-7b6c1998b7a0
ACTION SNIPPET 1200 252 SNIPPET_NOT_RELEVANT a73b1ce8-e840-11e3-afc6-a1dd9407abcf
INFO SERP_END_REACHED 
ACTION QUERY 1200 262 patented inventions 1990
ACTION SERP 1200 267 EXAMINE_SERP
ACTION SNIPPET 1200 267 SNIPPET_NOT_RELEVANT 02fdb875e42bb1dc62699f93ade2321b
ACTION SNIPPET 1200 267 SNIPPET_NOT_RELEVANT 5f082de8-b8fd-11e3-899e-bb708e3539dd
ACTION SNIPPET 1200 267 SNIPPET_NOT_RELEVANT 739f14e8-8276-11e1-b088-8660630b7284
ACTION SNIPPET 1200 267 SNIPPET_NOT_RELEVANT a3da1c52-ad3a-11e3-9627-c65021d6d572
ACTION SNIPPET 1200 267 SNIPPET_NOT_RELEVANT 9e5c55d2-d43d-11e2-a73e-826d299ff459
ACTION SNIPPET 1200 267 SNIPPET_NOT_RELEVANT 87c55a0e239e31d0cab5adadf7b8eb0b
ACTION SNIPPET 1200 267 SNIPPET_NOT_RELEVANT 7d9763a8-0050-11e2-9367-4e1bafb958db
ACTION SNIPPET 1200 267 SNIPPET_NOT_RELEVANT efbf7f50a3ff6d024ed1a25810deb192
ACTION SNIPPET 1200 267 SNIPPET_NOT_RELEVANT d2861d42bf5784db61b4ac2ef4f31294
ACTION SNIPPET 1200 267 SNIPPET_NOT_RELEVANT 3f4191fb6397cc5523ce5f4d7aeb96d1
ACTION SNIPPET 1200 267 SNIPPET_NOT_RELEVANT 5a4a4188-9087-11e1-88c6-9279bbd8c8e4
ACTION SNIPPET 1200 267 SNIPPET_NOT_RELEVANT d259a3802069992e3754dc399bcb5f33
ACTION SNIPPET 1200 267 SNIPPET_NOT_RELEVANT 35dd4d42-a60a-11e2-8302-3c7e0ea97057
ACTION SNIPPET 1200 267 SNIPPET_NOT_RELEVANT 7b7b5e98-f7e4-11e3-a606-946fd632f9f1
ACTION SNIPPET 1200 267 SNIPPET_NOT_RELEVANT 14c3fb4c-f0ac-11e1-ba17-c7bb037a1d5b
ACTION SNIPPET 1200 267 SNIPPET_NOT_RELEVANT 4fac18115bd7896806022247322c83ad
ACTION SNIPPET 1200 267 SNIPPET_NOT_RELEVANT 797c2ff4d6abe50d35a93d685c6dbfae
ACTION SNIPPET 1200 267 SNIPPET_NOT_RELEVANT 8cff0f675ec77f377c591f066d2a5776
ACTION SNIPPET 1200 267 SNIPPET_NOT_RELEVANT 4dbcbe43e7b958d2408508430e6f624b
ACTION SNIPPET 1200 267 SNIPPET_NOT_RELEVANT a282fe56-c57b-11e3-9f37-7ce307c56815
ACTION SNIPPET 1200 267 SNIPPET_NOT_RELEVANT 2fea7e759b204421c4a183557e2078e2
ACTION SNIPPET 1200 267 SNIPPET_NOT_RELEVANT 75f6c9cd08a04389529481e6dbdea29c
ACTION SNIPPET 1200 267 SNIPPET_NOT_RELEVANT f55080f8-2701-11e4-8b10-7db129976abb
ACTION SNIPPET 1200 267 SNIPPET_NOT_RELEVANT 139a730016882cda10c0a1a4724438ea
ACTION SNIPPET 1200 267 SNIPPET_NOT_RELEVANT 259cee2321143696f0dd38ebcf22e779
ACTION SNIPPET 1200 267 SNIPPET_NOT_RELEVANT 99c55f7e-3f39-11e4-b03f-de718edeb92f
ACTION SNIPPET 1200 267 SNIPPET_NOT_RELEVANT 72cebbb4-a85c-11e3-8599-ce7295b6851c
ACTION SNIPPET 1200 267 SNIPPET_NOT_RELEVANT c84d7710-bbdb-11e2-97d4-a479289a31f9
ACTION SNIPPET 1200 267 SNIPPET_NOT_RELEVANT a1e3d3a4-988b-11e1-9c00-4876538800d6
ACTION SNIPPET 1200 267 SNIPPET_NOT_RELEVANT 20f245f6afadc8749a631f3259177ddb
ACTION SNIPPET 1200 267 SNIPPET_NOT_RELEVANT 0368127368a57a81c231f858079e86a7
ACTION SNIPPET 1200 267 SNIPPET_NOT_RELEVANT 9ba07cf9c6c2c358623c80a53cdc9ca9
ACTION SNIPPET 1200 267 SNIPPET_NOT_RELEVANT 72a007da-f563-11e2-a2f1-a7acf9bd5d3a
ACTION SNIPPET 1200 267 SNIPPET_NOT_RELEVANT dd9b69ee-5acb-11e3-a66d-156b463c78aa
ACTION SNIPPET 1200 267 SNIPPET_NOT_RELEVANT 60991ae5e9cfdfea1aaa03bbe747ee30
ACTION SNIPPET 1200 267 SNIPPET_NOT_RELEVANT b6d40d6a-cc4d-11e6-b8a2-8c2a61b0436f
ACTION SNIPPET 1200 267 SNIPPET_NOT_RELEVANT 0e39652e077ae85df0274ce2cf6a292a
ACTION SNIPPET 1200 267 SNIPPET_NOT_RELEVANT 0b7344da-3a7b-11e2-a263-f0ebffed2f15
ACTION SNIPPET 1200 267 SNIPPET_NOT_RELEVANT 9e80cf92-ce21-11e2-8845-d970ccb04497
ACTION SNIPPET 1200 267 SNIPPET_NOT_RELEVANT 903c48d0-59b5-11e6-9767-f6c947fd0cb8
ACTION SNIPPET 1200 267 SNIPPET_NOT_RELEVANT 27f066837549969704f9788235069b40
ACTION SNIPPET 1200 267 SNIPPET_NOT_RELEVANT 8e18e5ecbdfbbb1c9dac929f0a3ee356
ACTION SNIPPET 1200 267 SNIPPET_NOT_RELEVANT b55abf1e6faa6ce8bc78ce54403b7cca
ACTION SNIPPET 1200 267 SNIPPET_NOT_RELEVANT d83d90382a1178da89669ff1cb7b6ce6
ACTION SNIPPET 1200 267 SNIPPET_NOT_RELEVANT 0de655836c68625237dbda42bdd1d34a
ACTION SNIPPET 1200 267 SNIPPET_NOT_RELEVANT d3452458-7ade-11e2-82e8-61a46c2cde3d
ACTION SNIPPET 1200 267 SNIPPET_NOT_RELEVANT 4369eb38-7e03-11e3-9556-4a4bf7bcbd84
ACTION SNIPPET 1200 267 SNIPPET_NOT_RELEVANT 28a3c6fd34a8bb9eb9d71db278deb11c
ACTION SNIPPET 1200 267 SNIPPET_NOT_RELEVANT 11daca048f3f1b2370757cf378d640d9
ACTION SNIPPET 1200 267 SNIPPET_NOT_RELEVANT 13a64182d67ec1ed3c7562c47e98adb3
ACTION SNIPPET 1200 267 SNIPPET_NOT_RELEVANT 1330fb74-2b26-11e5-a5ea-cf74396e59ec
ACTION SNIPPET 1200 267 SNIPPET_NOT_RELEVANT ec89ac26-de8f-11e2-b2d4-ea6d8f477a01
ACTION SNIPPET 1200 267 SNIPPET_NOT_RELEVANT db1eceba-c07f-11e5-9443-7074c3645405
ACTION SNIPPET 1200 267 SNIPPET_NOT_RELEVANT f108c3fcdefef45a1b79a3c9225f4e62
ACTION SNIPPET 1200 267 SNIPPET_NOT_RELEVANT 6d9662cf9d6c0605ce9d33fc7e046af3
ACTION SNIPPET 1200 267 SNIPPET_NOT_RELEVANT aa7373c6-71f9-11e5-9cbb-790369643cf9
ACTION SNIPPET 1200 267 SNIPPET_NOT_RELEVANT 0219e06feabdeae01c13be4b97cfadec
ACTION SNIPPET 1200 267 SNIPPET_NOT_RELEVANT 2dd51e5e-09e7-11e3-8974-f97ab3b3c677
ACTION SNIPPET 1200 267 SNIPPET_NOT_RELEVANT aa3917ddd73c85a7f2936bd1f72c6bff
ACTION SNIPPET 1200 267 SNIPPET_NOT_RELEVANT 331e21f8-742f-11e5-8d93-0af317ed58c9
ACTION SNIPPET 1200 267 SNIPPET_NOT_RELEVANT fc10ab6aec0731c0966cee95ca93f3aa
ACTION SNIPPET 1200 267 SNIPPET_NOT_RELEVANT f37eaee4-3fdb-11e2-ae43-cf491b837f7b
ACTION SNIPPET 1200 267 SNIPPET_NOT_RELEVANT 87cc4a3e-6bec-11e2-8740-9b58f43c191a
ACTION SNIPPET 1200 267 SNIPPET_NOT_RELEVANT e9a9c18a-71d1-11e5-ba14-318f8e87a2fc
ACTION SNIPPET 1200 267 SNIPPET_NOT_RELEVANT 1e93200d1daa9c173abd33a99228a658
ACTION SNIPPET 1200 267 SNIPPET_NOT_RELEVANT b06dc402-fff7-11e5-b823-707c79ce3504
ACTION SNIPPET 1200 267 SNIPPET_NOT_RELEVANT 6bd3cefd82b3e0ecf9aadffc62ad304e
ACTION SNIPPET 1200 267 SNIPPET_NOT_RELEVANT b854a98d06eeb9273b039827a4dbeeb0
ACTION SNIPPET 1200 267 SNIPPET_NOT_RELEVANT 7951f2b04cdf8db8440710e1fd6ff893
ACTION SNIPPET 1200 267 SNIPPET_NOT_RELEVANT b42bc486-6c80-11e1-8970-1c405b6eaeac
ACTION SNIPPET 1200 267 SNIPPET_NOT_RELEVANT 8ca35fbe-7d54-11e3-93c1-0e888170b723
ACTION SNIPPET 1200 267 SNIPPET_NOT_RELEVANT 08fcdcf55a3b8ae78ed07d31a371336f
ACTION SNIPPET 1200 267 SNIPPET_NOT_RELEVANT 9ab51a98-c24c-11e2-8c3b-0b5e9247e8ca
ACTION SNIPPET 1200 267 SNIPPET_NOT_RELEVANT 013c0d552fe9f4af651aa83064e9a235
ACTION SNIPPET 1200 267 SNIPPET_NOT_RELEVANT 815994ba-53e7-11e4-ba4b-f6333e2c0453
ACTION SNIPPET 1200 267 SNIPPET_NOT_RELEVANT eb7e31e42ddb2e4b15646c8afe1296d6
ACTION SNIPPET 1200 267 SNIPPET_NOT_RELEVANT 49b14bf4-f348-11e1-adc6-87dfa8eff430
ACTION SNIPPET 1200 267 SNIPPET_NOT_RELEVANT 8dd9d65f8af708eb64222645fa33bc9e
ACTION SNIPPET 1200 267 SNIPPET_NOT_RELEVANT 435d566ff5960649738c323f6e1932ab
ACTION SNIPPET 1200 267 SNIPPET_NOT_RELEVANT 14c7adea-86fb-11e4-a702-fa31ff4ae98e
ACTION SNIPPET 1200 267 SNIPPET_NOT_RELEVANT 747140ced89afe71e03157a158abc75d
ACTION SNIPPET 1200 267 SNIPPET_NOT_RELEVANT 4b48cb9c-fcd8-11e1-b153-218509a954e1
ACTION SNIPPET 1200 267 SNIPPET_NOT_RELEVANT e526fd56-f6b2-11e5-9804-537defcc3cf6
ACTION SNIPPET 1200 267 SNIPPET_NOT_RELEVANT 5e852c66-a3bb-11e2-be47-b44febada3a8
ACTION SNIPPET 1200 267 SNIPPET_NOT_RELEVANT 6766dd58-37af-11e1-b32c-a37ca28b472a
ACTION SNIPPET 1200 267 SNIPPET_NOT_RELEVANT a6fdd2468360bbd743ff1cfc219d01d0
ACTION SNIPPET 1200 267 SNIPPET_NOT_RELEVANT 9864ac32-006b-11e4-b8ff-89afd3fad6bd
ACTION SNIPPET 1200 267 SNIPPET_NOT_RELEVANT 40621359a2e119f4eaf7ad8aa22c024f
ACTION SNIPPET 1200 267 SNIPPET_NOT_RELEVANT 2ec72b9a-64ac-11e6-be4e-23fc4d4d12b4
ACTION SNIPPET 1200 267 SNIPPET_NOT_RELEVANT bf5f13de-9ab6-11e2-9219-51eb8387e8f1
ACTION SNIPPET 1200 267 SNIPPET_NOT_RELEVANT 720429858fd1306fd0feea08d12a40e2
ACTION SNIPPET 1200 267 SNIPPET_NOT_RELEVANT b39334b4-594f-11e4-b812-38518ae74c67
ACTION SNIPPET 1200 267 SNIPPET_NOT_RELEVANT f4b36b7a-a0bd-11e4-903f-9f2faf7cd9fe
ACTION SNIPPET 1200 267 SNIPPET_NOT_RELEVANT 35ecc1376ad434a0bc08f31b36aebc00
ACTION SNIPPET 1200 267 SEEN_PREVIOUSLY 0669e164-22cf-11e3-966c-9c4293c47ebe
ACTION SNIPPET 1200 267 SNIPPET_NOT_RELEVANT 17408b999a4950a46653c53eba5e09cc
ACTION SNIPPET 1200 267 SNIPPET_NOT_RELEVANT c436dd8a11745df76c16a686cbd0b824
ACTION SNIPPET 1200 267 SNIPPET_NOT_RELEVANT cda0cf22-fee4-11e2-9a3e-916de805f65d
ACTION SNIPPET 1200 267 SNIPPET_NOT_RELEVANT 6c843c91cacd4d58b06f4d5f00bb59f8
ACTION SNIPPET 1200 267 SNIPPET_NOT_RELEVANT 37d0977c-6667-11e2-889b-f23c246aa446
INFO SERP_END_REACHED 
ACTION QUERY 1200 277 recent scientific breakthroughs
ACTION SERP 1200 282 EXAMINE_SERP
ACTION SNIPPET 1200 282 SNIPPET_NOT_RELEVANT ac731c26-cbdd-11e3-93eb-6c0037dde2ad
ACTION SNIPPET 1200 282 SNIPPET_NOT_RELEVANT 921de7e2-0282-11e6-8bb1-f124a43f84dc
ACTION SNIPPET 1200 282 SNIPPET_NOT_RELEVANT f33317e2bb7f88d9a012e2c7142d4868
ACTION SNIPPET 1200 282 SNIPPET_NOT_RELEVANT 610e7880cd78a6ed7f4295ab80632ea5
ACTION SNIPPET 1200 282 SNIPPET_RELEVANT 06f69005e86601d876dfe8c67d2040cd
ACTION DOC 1200 302 EXAMINING_DOCUMENT 06f69005e86601d876dfe8c67d2040cd
ACTION MARK 1200 305 CONSIDERED_RELEVANT 06f69005e86601d876dfe8c67d2040cd
ACTION SNIPPET 1200 305 SNIPPET_NOT_RELEVANT f27a5dd46d09a664bb457586b1d4b9a6
ACTION SNIPPET 1200 305 SNIPPET_NOT_RELEVANT 1d0ef4afd1fc7a0a2bdd719434049cb5
ACTION SNIPPET 1200 305 SNIPPET_NOT_RELEVANT 0de8c859d7f4a1a6a82e0562296b48cf
ACTION SNIPPET 1200 305 SNIPPET_NOT_RELEVANT b73fa67141a56ec3f71a6828025af80b
ACTION SNIPPET 1200 305 SNIPPET_NOT_RELEVANT 81999cf5fc2b1b7afd15f3edae1f9b77
ACTION SNIPPET 1200 305 SNIPPET_NOT_RELEVANT f2b9041188da694af02ac4eda7d5199e
ACTION SNIPPET 1200 305 SNIPPET_RELEVANT ee0a526614cc0c7b27d6095f81bffa9f
ACTION DOC 1200 325 EXAMINING_DOCUMENT ee0a526614cc0c7b27d6095f81bffa9f
ACTION MARK 1200 328 CONSIDERED_RELEVANT ee0a526614cc0c7b27d6095f81bffa9f
ACTION SNIPPET 1200 328 SNIPPET_NOT_RELEVANT 228740194a4b8c9d12320c70012bcac0
ACTION SNIPPET 1200 328 SNIPPET_NOT_RELEVANT 1e5c52e5746baa0d28fbcd96f9f0087f
ACTION SNIPPET 1200 328 SNIPPET_NOT_RELEVANT 97ddba8e-6a25-11e2-ada3-d86a4806d5ee
ACTION SNIPPET 1200 328 SNIPPET_NOT_RELEVANT 5113af76ab40155e945ba7f1fa1d4b98
ACTION SNIPPET 1200 328 SNIPPET_NOT_RELEVANT bf30ba18-8ea1-11e3-b227-12a45d109e03
ACTION SNIPPET 1200 328 SNIPPET_RELEVANT 3fa8aa69c2c48f5f38bc00d338944bb0
ACTION DOC 1200 348 EXAMINING_DOCUMENT 3fa8aa69c2c48f5f38bc00d338944bb0
ACTION MARK 1200 351 CONSIDERED_RELEVANT 3fa8aa69c2c48f5f38bc00d338944bb0
ACTION SNIPPET 1200 351 SEEN_PREVIOUSLY 59e527b2305dbacf9eab6e4abea7d8b1
ACTION SNIPPET 1200 351 SNIPPET_NOT_RELEVANT 7cd306f4648bf9abdc061d4efaf96ac5
ACTION SNIPPET 1200 351 SNIPPET_NOT_RELEVANT cc09a2d8-5d56-11e5-b38e-06883aacba64
ACTION SNIPPET 1200 351 SNIPPET_NOT_RELEVANT fec991e7ad9fb553c8ccd9836d3d8212
ACTION SNIPPET 1200 351 SNIPPET_NOT_RELEVANT 7774e79b64790a8fb55f6910e3c195d1
ACTION SNIPPET 1200 351 SNIPPET_NOT_RELEVANT 2f493ce0e54545e0736bd14a8e72a1be
ACTION SNIPPET 1200 351 SNIPPET_NOT_RELEVANT ebd6075e50d0d81f21e1126d56762775
ACTION SNIPPET 1200 351 SNIPPET_NOT_RELEVANT fec783472be6d76f16674c7c47ae010d
ACTION SNIPPET 1200 351 SNIPPET_NOT_RELEVANT 03b7acc69ad7525d3191d626b47b661a
ACTION SNIPPET 1200 351 SNIPPET_NOT_RELEVANT f207a631980aa88bcdbfbfc62b994b80
ACTION SNIPPET 1200 351 SNIPPET_NOT_RELEVANT 564523eb3b9f6878df9cf4bbd9782982
ACTION SNIPPET 1200 351 SNIPPET_NOT_RELEVANT ac49dd4c021b6a5382ede80eaec4c0bf
ACTION SNIPPET 1200 351 SNIPPET_NOT_RELEVANT 28fe2806afe31c1f69c285ca424e7327
ACTION SNIPPET 1200 351 SNIPPET_NOT_RELEVANT 199d9b6291af65fc2539b9f4345aee2a
ACTION SNIPPET 1200 351 SNIPPET_NOT_RELEVANT e68d80f4e6625ae752c23c559cd6b5d9
ACTION SNIPPET 1200 351 SNIPPET_NOT_RELEVANT 37fcf7f9a2ed94bc16a1b76118a62020
ACTION SNIPPET 1200 351 SNIPPET_NOT_RELEVANT 32a282d4cb0aea6936b7293fc918d91a
ACTION SNIPPET 1200 351 SNIPPET_NOT_RELEVANT 8fff297e-7195-11e3-8def-a33011492df2
ACTION SNIPPET 1200 351 SNIPPET_NOT_RELEVANT 9738fe82-ab2b-11e5-bff5-905b92f5f94b
ACTION SNIPPET 1200 351 SNIPPET_NOT_RELEVANT 0f3c0dd4c273b70101e382ad7e0c5c54
ACTION SNIPPET 1200 351 SNIPPET_RELEVANT 6efd1506-68e9-11e3-ae56-22de072140a2
ACTION DOC 1200 371 EXAMINING_DOCUMENT 6efd1506-68e9-11e3-ae56-22de072140a2
ACTION MARK 1200 374 CONSIDERED_RELEVANT 6efd1506-68e9-11e3-ae56-22de072140a2
ACTION SNIPPET 1200 374 SNIPPET_NOT_RELEVANT 35a003885f3fc99254e7ea10c6626f41
ACTION SNIPPET 1200 374 SNIPPET_NOT_RELEVANT e1f08ff0-d2ab-11e1-8027-448f64b7cc2e
ACTION SNIPPET 1200 374 SNIPPET_NOT_RELEVANT 2e1f79dfe63c1ad7096077dd34607f65
ACTION SNIPPET 1200 374 SNIPPET_NOT_RELEVANT 6766dd58-37af-11e1-b32c-a37ca28b472a
ACTION SNIPPET 1200 374 SNIPPET_NOT_RELEVANT 8e7754163db7ac87883caa89fd21fe51
ACTION SNIPPET 1200 374 SNIPPET_NOT_RELEVANT d1ea5030f257c179cc1d7dfd79a32e58
ACTION SNIPPET 1200 374 SNIPPET_NOT_RELEVANT 32b306e2e747165a424cc34e3e1e76d7
ACTION SNIPPET 1200 374 SNIPPET_NOT_RELEVANT fcd9444412c24231f19f163a7879bcfd
ACTION SNIPPET 1200 374 SNIPPET_NOT_RELEVANT c176c048b8cc9c300a44352efe62ab34
ACTION SNIPPET 1200 374 SNIPPET_NOT_RELEVANT 9d7654ccb4b93e52933b93c463af1aaa
ACTION SNIPPET 1200 374 SNIPPET_NOT_RELEVANT 3724810e5da97638ce4274d822f35fda
ACTION SNIPPET 1200 374 SNIPPET_NOT_RELEVANT 75328dcad7b47ccee959d936fc80f99e
ACTION SNIPPET 1200 374 SNIPPET_NOT_RELEVANT 4e51c2553a11049c9165213954049ea2
ACTION SNIPPET 1200 374 SNIPPET_NOT_RELEVANT 7626fa18af5e626932659fdbfe7e51f4
ACTION SNIPPET 1200 374 SNIPPET_NOT_RELEVANT ddf53eacdfa55cba3aabda7f764c21d5
ACTION SNIPPET 1200 374 SNIPPET_NOT_RELEVANT 134586ce43b580ef2d6371d75ac060cd
ACTION SNIPPET 1200 374 SNIPPET_NOT_RELEVANT 7124e3748f86334c23f1e0ce2d999848
ACTION SNIPPET 1200 374 SNIPPET_NOT_RELEVANT 640628744a1f9be6ac53fe2172ff3d23
ACTION SNIPPET 1200 374 SNIPPET_NOT_RELEVANT b4c2fe21e5942e51d72d71079e43152f
ACTION SNIPPET 1200 374 SNIPPET_NOT_RELEVANT 2533529341fc623d860de322c1883320
ACTION SNIPPET 1200 374 SNIPPET_NOT_RELEVANT 759b2116a93918d3b1fb6af67f54143a
ACTION SNIPPET 1200 374 SNIPPET_NOT_RELEVANT fe20fd99130411c90119b2211a3e0030
ACTION SNIPPET 1200 374 SNIPPET_NOT_RELEVANT 781bd196a690a9f7949b0f37a3e647f0
ACTION SNIPPET 1200 374 SNIPPET_NOT_RELEVANT c63a1efc48ac4e2b1906b01b36ee439f
ACTION SNIPPET 1200 374 SNIPPET_NOT_RELEVANT 894b738a35603fc640e4899cdd982e8d
ACTION SNIPPET 1200 374 SNIPPET_NOT_RELEVANT 4429728c6c22ccd6c1e34e53680f8cea
ACTION SNIPPET 1200 374 SNIPPET_NOT_RELEVANT e2f3b63a069f14df25da148a8851370d
ACTION SNIPPET 1200 374 SNIPPET_NOT_RELEVANT 63f1a46311b9f1ec898ef28551a1e29b
ACTION SNIPPET 1200 374 SNIPPET_NOT_RELEVANT c9581b69deed4814e87aef032ff56d5c
ACTION SNIPPET 1200 374 SNIPPET_NOT_RELEVANT f755eca33dc75e7ac7b2c0d757b44090
ACTION SNIPPET 1200 374 SNIPPET_NOT_RELEVANT 02ae97afb1f9130c242a46804cc5db58
ACTION SNIPPET 1200 374 SNIPPET_NOT_RELEVANT 09f91820870c2af2e39c4a89f3e5e8fb
ACTION SNIPPET 1200 374 SNIPPET_NOT_RELEVANT 0c16f62d2fe527922a519635828e7627
ACTION SNIPPET 1200 374 SNIPPET_NOT_RELEVANT 9bddff79fc630e424d11c7a1da3f09f0
ACTION SNIPPET 1200 374 SNIPPET_NOT_RELEVANT 0e4ee1151d5894539af17458301c8179
ACTION SNIPPET 1200 374 SNIPPET_NOT_RELEVANT 527b3babef1128388342bed9c61317a2
ACTION SNIPPET 1200 374 SNIPPET_NOT_RELEVANT 1d0a385c6f0fe61267bdc578f2a96ff7
ACTION SNIPPET 1200 374 SNIPPET_NOT_RELEVANT c792354368ff250f82a10ffc9aa03dcc
ACTION SNIPPET 1200 374 SNIPPET_NOT_RELEVANT 61c25ce4fab7d4edd05ebe19e84f7203
ACTION SNIPPET 1200 374 SNIPPET_NOT_RELEVANT cd937e554364990a1e2f1450b6cf0a67
ACTION SNIPPET 1200 374 SNIPPET_RELEVANT 0536e710-f438-11e4-bcc4-e8141e5eb0c9
ACTION DOC 1200 394 EXAMINING_DOCUMENT 0536e710-f438-11e4-bcc4-e8141e5eb0c9
ACTION MARK 1200 397 CONSIDERED_RELEVANT 0536e710-f438-11e4-bcc4-e8141e5eb0c9
ACTION QUERY 1200 407 invention news 1995
ACTION SERP 1200 412 EXAMINE_SERP
ACTION SNIPPET 1200 412 SNIPPET_NOT_RELEVANT 65fc88d2-0aa8-11e3-8974-f97ab3b3c677
ACTION SNIPPET 1200 412 SNIPPET_NOT_RELEVANT 58c09613691399d3cf2c6cefa47e2df2
ACTION SNIPPET 1200 412 SNIPPET_NOT_RELEVANT 35207cbc-e19d-11e1-a25e-15067bb31849
ACTION SNIPPET 1200 412 SNIPPET_NOT_RELEVANT 9f5a3dc26985832be34090183deeebec
ACTION SNIPPET 1200 412 SNIPPET_NOT_RELEVANT f4b36b7a-a0bd-11e4-903f-9f2faf7cd9fe
ACTION SNIPPET 1200 412 SNIPPET_NOT_RELEVANT 45c43d5213b9cb37066c48ce19bbfc08
ACTION SNIPPET 1200 412 SNIPPET_NOT_RELEVANT c94fdbdc1268c28a8a9183c5f2a343fa
ACTION SNIPPET 1200 412 SNIPPET_NOT_RELEVANT 524637b2-3b22-11e2-a263-f0ebffed2f15
ACTION SNIPPET 1200 412 SNIPPET_NOT_RELEVANT 01d5788e-3b87-11e5-9c2d-ed991d848c48
ACTION SNIPPET 1200 412 SNIPPET_NOT_RELEVANT 9aa1e2d4-2615-11e3-ad0d-b7c8d2a594b9
ACTION SNIPPET 1200 412 SNIPPET_NOT_RELEVANT edc442c0-bec3-11e4-bdfa-b8e8f594e6ee
ACTION SNIPPET 1200 412 SNIPPET_NOT_RELEVANT 268801ae-83f0-11e5-9afb-0c971f713d0c
ACTION SNIPPET 1200 412 SNIPPET_NOT_RELEVANT 00fc559381cce9fb56a03d0f7f8bfdb3
ACTION SNIPPET 1200 412 SNIPPET_NOT_RELEVANT 4ded24440f013d75c0d48d0cf93dd353
ACTION SNIPPET 1200 412 SNIPPET_NOT_RELEVANT e9a9c18a-71d1-11e5-ba14-318f8e87a2fc
ACTION SNIPPET 1200 412 SNIPPET_NOT_RELEVANT ac84135e-438c-11e6-88d0-6adee48be8bc
ACTION SNIPPET 1200 412 SNIPPET_NOT_RELEVANT 42b2bb56-ed47-11e5-b0fd-073d5930a7b7
ACTION SNIPPET 1200 412 SNIPPET_NOT_RELEVANT 0bc8dd3e-a42e-11e1-aef3-06a23666ac1d
ACTION SNIPPET 1200 412 SNIPPET_NOT_RELEVANT 0799e2bc-2dd6-11e2-9ac2-1c61452669c3
ACTION SNIPPET 1200 412 SNIPPET_NOT_RELEVANT 4fc5634e-7d6c-11e4-b821-503cc7efed9e
ACTION SNIPPET 1200 412 SNIPPET_NOT_RELEVANT 4b48cb9c-fcd8-11e1-b153-218509a954e1
ACTION SNIPPET 1200 412 SNIPPET_NOT_RELEVANT 5b44cb18-f294-11e4-bcc4-e8141e5eb0c9
ACTION SNIPPET 1200 412 SNIPPET_NOT_RELEVANT 1e93200d1daa9c173abd33a99228a658
ACTION SNIPPET 1200 412 SNIPPET_NOT_RELEVANT 6766dd58-37af-11e1-b32c-a37ca28b472a
ACTION SNIPPET 1200 412 SNIPPET_NOT_RELEVANT 9044d0da-59f9-11e4-8264-deed989ae9a2
ACTION SNIPPET 1200 412 SNIPPET_NOT_RELEVANT 4ab64b52-b654-11e1-9e4c-5a6a137d65e1
ACTION SNIPPET 1200 412 SNIPPET_NOT_RELEVANT c915efbae0a2278b29349c91afb354b4
ACTION SNIPPET 1200 412 SNIPPET_NOT_RELEVANT 14170578-cc57-11e1-b7dd-ef7ef87186df
ACTION SNIPPET 1200 412 SNIPPET_NOT_RELEVANT fb4055e6-9279-11e3-b3f7-f5107432ca45
ACTION SNIPPET 1200 412 SNIPPET_NOT_RELEVANT cc55014a-806a-11e2-b99e-6baf4ebe42df
ACTION SNIPPET 1200 412 SNIPPET_NOT_RELEVANT 6b36eacda6afc6c3b8d4537980f2fe71
ACTION SNIPPET 1200 412 SNIPPET_NOT_RELEVANT c872ceba-c619-11e6-bf4b-2c064d32a4bf
ACTION SNIPPET 1200 412 SNIPPET_NOT_RELEVANT 35dd4d42-a60a-11e2-8302-3c7e0ea97057
ACTION SNIPPET 1200 412 SNIPPET_NOT_RELEVANT 097eb752-3231-11e6-8ff7-7b6c1998b7a0
ACTION SNIPPET 1200 412 SNIPPET_RELEVANT 301f96ac-00f3-11e6-b823-707c79ce3504
ACTION DOC 1200 432 EXAMINING_DOCUMENT 301f96ac-00f3-11e6-b823-707c79ce3504
ACTION MARK 1200 435 CONSIDERED_RELEVANT 301f96ac-00f3-11e6-b823-707c79ce3504
ACTION SNIPPET 1200 435 SNIPPET_NOT_RELEVANT 8a8e6858-ba8b-11e3-9a05-c739f29ccb08
ACTION SNIPPET 1200 435 SNIPPET_NOT_RELEVANT df08b76151492f976f63c943fdd74e95
ACTION SNIPPET 1200 435 SNIPPET_NOT_RELEVANT e45ded84-9f73-11e1-952b-57ee08f4af2e
ACTION SNIPPET 1200 435 SNIPPET_NOT_RELEVANT f55080f8-2701-11e4-8b10-7db129976abb
ACTION SNIPPET 1200 435 SNIPPET_NOT_RELEVANT 6f1712c0-d167-11e4-ab77-9646eea6a4c7
ACTION SNIPPET 1200 435 SNIPPET_NOT_RELEVANT 86d4e0f0-3acf-11e5-8e98-115a3cf7d7ae
ACTION SNIPPET 1200 435 SNIPPET_NOT_RELEVANT 201a6ddb5efe36d5ea7e7de42c205164
ACTION SNIPPET 1200 435 SNIPPET_NOT_RELEVANT 37f54d0a-70c7-11e2-ac36-3d8d9dcaa2e2
ACTION SNIPPET 1200 435 SNIPPET_NOT_RELEVANT e8529784-4850-11e1-9a35-ee3df431dcec
ACTION SNIPPET 1200 435 SNIPPET_NOT_RELEVANT 85b782ec-a72f-11e4-a2b2-776095f393b2
ACTION SNIPPET 1200 435 SNIPPET_NOT_RELEVANT a10f20131bf2acf5ea81621b8b36080f
ACTION SNIPPET 1200 435 SNIPPET_NOT_RELEVANT 1054c3ec-71ff-11e1-b747-ee64265ae6c6
ACTION SNIPPET 1200 435 SNIPPET_NOT_RELEVANT 51e126e6-2c06-11e1-9952-55d90a4e2d6d
ACTION SNIPPET 1200 435 SNIPPET_NOT_RELEVANT 09f6f5c0-d9ab-11e5-891a-4ed04f4213e8
ACTION SNIPPET 1200 435 SNIPPET_NOT_RELEVANT 221cfe9328326e5f62a81423f8023ac9
ACTION SNIPPET 1200 435 SNIPPET_NOT_RELEVANT 14c3fb4c-f0ac-11e1-ba17-c7bb037a1d5b
ACTION SNIPPET 1200 435 SNIPPET_NOT_RELEVANT f944828a-8659-11e2-98a3-b3db6b9ac586
ACTION SNIPPET 1200 435 SNIPPET_NOT_RELEVANT ac3b668c-44ab-11e3-95a9-3f15b5618ba8
ACTION SNIPPET 1200 435 SNIPPET_NOT_RELEVANT 4e0f35c2-ff86-11e6-99b4-9e613afeb09f
ACTION SNIPPET 1200 435 SNIPPET_NOT_RELEVANT 093a471c-f1e8-11e1-a612-3cfc842a6d89
ACTION SNIPPET 1200 435 SNIPPET_NOT_RELEVANT b16b9384-2c37-11e3-8ade-a1f23cda135e
ACTION SNIPPET 1200 435 SNIPPET_NOT_RELEVANT 6ea4a25e-2ca6-11e5-a250-42bd812efc09
ACTION SNIPPET 1200 435 SNIPPET_NOT_RELEVANT 2ed8491c-d8a2-11e4-b3f2-607bd612aeac
ACTION SNIPPET 1200 435 SNIPPET_NOT_RELEVANT e64973b1230be0f3b71e3a38768601af
ACTION SNIPPET 1200 435 SNIPPET_NOT_RELEVANT abb4c41c-0106-11e3-96a8-d3b921c0924a
ACTION SNIPPET 1200 435 SNIPPET_NOT_RELEVANT 6d9662cf9d6c0605ce9d33fc7e046af3
ACTION SNIPPET 1200 435 SNIPPET_NOT_RELEVANT 2510e012-a69e-11e6-8fc0-7be8f848c492
ACTION SNIPPET 1200 435 SNIPPET_NOT_RELEVANT 8d33ddf4-656f-11e6-8b27-bb8ba39497a2
ACTION SNIPPET 1200 435 SNIPPET_NOT_RELEVANT 48ccba825a9a650125f68e87939b2360
ACTION SNIPPET 1200 435 SNIPPET_NOT_RELEVANT 5ebd69e4-c484-11e1-8c16-5080b717c13e
ACTION SNIPPET 1200 435 SNIPPET_NOT_RELEVANT 6f9789e92f13378c361a51596e4acf86
ACTION SNIPPET 1200 435 SNIPPET_NOT_RELEVANT 0e930b36-c6cd-11e1-916d-a4bc61efcad8
ACTION SNIPPET 1200 435 SNIPPET_NOT_RELEVANT d7d4a3f0-ec80-11e1-aca7-272630dfd152
ACTION SNIPPET 1200 435 SNIPPET_NOT_RELEVANT 478fe22e-e721-11e5-b0fd-073d5930a7b7
ACTION SNIPPET 1200 435 SNIPPET_NOT_RELEVANT 0d85dfd6-34e8-11e3-8a0e-4e2cf80831fc
ACTION SNIPPET 1200 435 SNIPPET_NOT_RELEVANT 25cc58dc-d165-11e6-9cb0-54ab630851e8
ACTION SNIPPET 1200 435 SNIPPET_NOT_RELEVANT 920e943849eff99fd5f65ea9608fd19a
ACTION SNIPPET 1200 435 SNIPPET_NOT_RELEVANT f5735cb93d21fdc06c63e82421a84e2d
ACTION SNIPPET 1200 435 SNIPPET_NOT_RELEVANT 2dd340d8-09b1-11e3-89fe-abb4a5067014
ACTION SNIPPET 1200 435 SNIPPET_NOT_RELEVANT 5a1ea9bc3b4b0fa1d1c1a82ffb69f2d6
ACTION SNIPPET 1200 435 SNIPPET_NOT_RELEVANT 646132bc-2177-11e3-966c-9c4293c47ebe
ACTION SNIPPET 1200 435 SNIPPET_NOT_RELEVANT ef6b31e8-7bdd-11e4-9a27-6fdbc612bff8
ACTION SNIPPET 1200 435 SNIPPET_NOT_RELEVANT ae9b5860-fdf3-11e6-8ebe-6e0dbe4f2bca
ACTION SNIPPET 1200 435 SNIPPET_NOT_RELEVANT 03c2d79d17cdba3d58d6db46c3e47b1f
ACTION SNIPPET 1200 435 SNIPPET_NOT_RELEVANT 058a5cdd68e6de2b866ddb2891a17858
ACTION SNIPPET 1200 435 SNIPPET_NOT_RELEVANT 6d12132c-8905-11e3-916e-e01534b1e132
ACTION SNIPPET 1200 435 SNIPPET_NOT_RELEVANT 5b26fb236993960c14af3d7183b3d909
ACTION SNIPPET 1200 435 SNIPPET_NOT_RELEVANT 93d431ea-c491-11e2-9fe2-6ee52d0eb7c1
ACTION SNIPPET 1200 435 SNIPPET_NOT_RELEVANT 9b600fbffef5570bbf1110377f230292
ACTION SNIPPET 1200 435 SNIPPET_NOT_RELEVANT 95d4ea2e-1988-11e3-8685-5021e0c41964
ACTION SNIPPET 1200 435 SNIPPET_NOT_RELEVANT 12b81da128b2f949cc8110ac9db89182
ACTION SNIPPET 1200 435 SNIPPET_NOT_RELEVANT ea7b1a8a-a40e-11e1-8d1f-323629c66cb9
ACTION SNIPPET 1200 435 SNIPPET_NOT_RELEVANT cd457ea0-8c95-11e6-bf8a-3d26847eeed4
ACTION SNIPPET 1200 435 SNIPPET_NOT_RELEVANT c0bbd260e8d370700e3f3b4e08017aff
ACTION SNIPPET 1200 435 SNIPPET_NOT_RELEVANT 0ce618c126f369de3a0352220c3b43b3
ACTION SNIPPET 1200 435 SNIPPET_NOT_RELEVANT ec75d8da-73f5-11e3-8b3f-b1666705ca3b
ACTION SNIPPET 1200 435 SNIPPET_NOT_RELEVANT 8dd9d65f8af708eb64222645fa33bc9e
ACTION SNIPPET 1200 435 SNIPPET_NOT_RELEVANT 6b538ba2-a583-11e3-a5fa-55f0c77bf39c
ACTION SNIPPET 1200 435 SNIPPET_NOT_RELEVANT 903c48d0-59b5-11e6-9767-f6c947fd0cb8
ACTION SNIPPET 1200 435 SNIPPET_NOT_RELEVANT 0764ab4c-d2d2-11e6-9cb0-54ab630851e8
ACTION SNIPPET 1200 435 SNIPPET_NOT_RELEVANT 43a31f86-bec9-11e4-b274-e5209a3bc9a9
ACTION SNIPPET 1200 435 SNIPPET_NOT_RELEVANT 7e604cd8-435f-11e4-b437-1a7368204804
ACTION SNIPPET 1200 435 SNIPPET_NOT_RELEVANT 2db6ccf0-13c1-11e7-833c-503e1f6394c9
ACTION SNIPPET 1200 435 SNIPPET_NOT_RELEVANT 6691fe6e-bb80-11e4-9dfb-03366e719af8
ACTION SNIPPET 1200 435 SNIPPET_NOT_RELEVANT 551898ce-353c-11e5-94ce-834ad8f5c50e
INFO SERP_END_REACHED 
ACTION QUERY 1200 445 science discoveries 1990s
ACTION SERP 1200 450 EXAMINE_SERP
ACTION SNIPPET 1200 450 SNIPPET_NOT_RELEVANT d5adfb2c-9368-11e3-84e1-27626c5ef5fb
ACTION SNIPPET 1200 450 SNIPPET_NOT_RELEVANT 32b918ee-b91e-11e3-9a05-c739f29ccb08
ACTION SNIPPET 1200 450 SNIPPET_NOT_RELEVANT ea0fab68-efe6-11e2-9008-61e94a7ea20d
ACTION SNIPPET 1200 450 SEEN_PREVIOUSLY caae5550-10dc-11e3-b4cb-fd7ce041d814
ACTION SNIPPET 1200 450 SNIPPET_NOT_RELEVANT 2d2e0892-fbce-11e3-b1f4-8e77c632c07b
ACTION SNIPPET 1200 450 SNIPPET_NOT_RELEVANT 41659da6-a7e1-11e4-a2b2-776095f393b2
ACTION SNIPPET 1200 450 SNIPPET_NOT_RELEVANT c7b1ba4934645d893fe943b99dfd5dde
ACTION SNIPPET 1200 450 SNIPPET_RELEVANT 574b0274-cb6f-11e1-aea8-34e2e47d1571
ACTION DOC 1200 470 EXAMINING_DOCUMENT 574b0274-cb6f-11e1-aea8-34e2e47d1571
ACTION MARK 1200 473 CONSIDERED_RELEVANT 574b0274-cb6f-11e1-aea8-34e2e47d1571
ACTION SNIPPET 1200 473 SNIPPET_NOT_RELEVANT 5bb3a83965ea8d990642c9214be0606e
ACTION SNIPPET 1200 473 SNIPPET_NOT_RELEVANT ceb70ede-e8f9-11e4-aae1-d642717d8afa
ACTION SNIPPET 1200 473 SNIPPET_NOT_RELEVANT 0fa59c4c-1137-11e6-8967-7ac733c56f12
ACTION SNIPPET 1200 473 SNIPPET_NOT_RELEVANT 2afb2c3c6bd62539a6b30ee843609286
ACTION SNIPPET 1200 473 SNIPPET_NOT_RELEVANT d042f956-2476-11e7-a1b3-faff0034e2de
ACTION SNIPPET 1200 473 SNIPPET_NOT_RELEVANT e5456e8a-c030-11e4-9ec2-b418f57a4a99
ACTION SNIPPET 1200 473 SNIPPET_NOT_RELEVANT fac0ed56-801f-11e1-9877-d2a289f31732
ACTION SNIPPET 1200 473 SNIPPET_NOT_RELEVANT 03df9332-44ef-11e5-8ab4-c73967a143d3
ACTION SNIPPET 1200 473 SNIPPET_NOT_RELEVANT 25084e12-60f0-11e3-8beb-3f9a9942850f
ACTION SNIPPET 1200 473 SNIPPET_NOT_RELEVANT 9ef4f27c-b18a-11e2-baf7-5bc2a9dc6f44
ACTION SNIPPET 1200 473 SNIPPET_NOT_RELEVANT 127135fc-0219-11e7-ad5b-d22680e18d10
ACTION SNIPPET 1200 473 SNIPPET_RELEVANT 3ca3d0ebc7dcd14846d60e513de526d4
ACTION DOC 1200 493 EXAMINING_DOCUMENT 3ca3d0ebc7dcd14846d60e513de526d4
ACTION MARK 1200 496 CONSIDERED_RELEVANT 3ca3d0ebc7dcd14846d60e513de526d4
ACTION SNIPPET 1200 496 SNIPPET_NOT_RELEVANT 9554a9e0262dd2f0408a021cdf9c0ebb
ACTION SNIPPET 1200 496 SNIPPET_NOT_RELEVANT 9df2fc00fbe1d77e3d42998425173608
ACTION SNIPPET 1200 496 SNIPPET_NOT_RELEVANT 761dbe4b1dff54039495d1f45e1154d7
ACTION SNIPPET 1200 496 SNIPPET_RELEVANT 5b45faca-5be7-11e1-8557-51c0c444d247
ACTION DOC 1200 516 EXAMINING_DOCUMENT 5b45faca-5be7-11e1-8557-51c0c444d247
ACTION MARK 1200 519 CONSIDERED_RELEVANT 5b45faca-5be7-11e1-8557-51c0c444d247
ACTION SNIPPET 1200 519 SNIPPET_RELEVANT f8a878816bd5c4972b319550cc08e43c
ACTION DOC 1200 539 EXAMINING_DOCUMENT f8a878816bd5c4972b319550cc08e43c
ACTION MARK 1200 542 CONSIDERED_RELEVANT f8a878816bd5c4972b319550cc08e43c
ACTION SNIPPET 1200 542 SNIPPET_NOT_RELEVANT 0795ec4713b4b936c79ac8e0de9fcae5
ACTION SNIPPET 1200 542 SNIPPET_NOT_RELEVANT e32fe132-6c2b-11e5-9bfe-e59f5e244f92
ACTION SNIPPET 1200 542 SNIPPET_NOT_RELEVANT 39ddf300-2d15-11e3-b139-029811dbb57f
ACTION SNIPPET 1200 542 SNIPPET_NOT_RELEVANT bb98b3e6841522c8c4494b4ecfb06bb6
ACTION SNIPPET 1200 542 SNIPPET_NOT_RELEVANT e575b2fc-db07-11e3-bda1-9b46b2066796
ACTION SNIPPET 1200 542 SNIPPET_NOT_RELEVANT 014b5030-8144-11e4-9f38-95a187e4c1f7
ACTION SNIPPET 1200 542 SNIPPET_NOT_RELEVANT ebfc0266-8a50-11e1-8871-ffb04a516cb8
ACTION SNIPPET 1200 542 SNIPPET_NOT_RELEVANT 42b7d18b9858f5bc61f7399a0b80159f
ACTION SNIPPET 1200 542 SNIPPET_NOT_RELEVANT b8c904fc-aee3-11e3-b8b3-44b1d1cd4c1f
ACTION SNIPPET 1200 542 SNIPPET_NOT_RELEVANT 7cd9033c-2218-11e3-966c-9c4293c47ebe
ACTION SNIPPET 1200 542 SNIPPET_NOT_RELEVANT 1a48bfa8-3bd4-11e7-8854-21f359183e8c
ACTION SNIPPET 1200 542 SNIPPET_NOT_RELEVANT fe5fbe30-9dbb-11e4-96cc-e858eba91ced
ACTION SNIPPET 1200 542 SNIPPET_NOT_RELEVANT 89acb9f4-b338-11e2-bbf2-a6f9e9d79e19
ACTION SNIPPET 1200 542 SNIPPET_NOT_RELEVANT b5406642-c6c1-11e1-a236-b0358d0f242a
ACTION SNIPPET 1200 542 SNIPPET_NOT_RELEVANT 6e83c9fa6e2588560637a8ca17f7ebe2
ACTION SNIPPET 1200 542 SNIPPET_NOT_RELEVANT 4b2533f0-4e64-11e4-babe-e91da079cb8a
ACTION SNIPPET 1200 542 SNIPPET_NOT_RELEVANT b82f685c-45fd-11e1-b0ef-752cfddb1b51
ACTION SNIPPET 1200 542 SNIPPET_NOT_RELEVANT e8e23f0c-9c11-11e4-96cc-e858eba91ced
ACTION SNIPPET 1200 542 SNIPPET_NOT_RELEVANT a0f48a70-695a-11e1-acc6-32fefc7ccd67
ACTION SNIPPET 1200 542 SNIPPET_NOT_RELEVANT 56775e09177de843c13a1c830a3de69a
ACTION SNIPPET 1200 542 SNIPPET_NOT_RELEVANT 9cb106aa20c8b4423a5cad480fdf6066
ACTION SNIPPET 1200 542 SNIPPET_NOT_RELEVANT 9ecac9ea-a1b4-11e4-903f-9f2faf7cd9fe
ACTION SNIPPET 1200 542 SNIPPET_NOT_RELEVANT 6d19635e-d0e7-11e4-a62f-ee745911a4ff
ACTION SNIPPET 1200 542 SNIPPET_NOT_RELEVANT c60b50be-e573-11e2-aef3-339619eab080
ACTION SNIPPET 1200 542 SNIPPET_NOT_RELEVANT ff1ac99ee9362e491a8d31a87ce5e766
ACTION SNIPPET 1200 542 SNIPPET_NOT_RELEVANT ab7552c4-bb38-11e6-94ac-3d324840106c
ACTION SNIPPET 1200 542 SNIPPET_NOT_RELEVANT 32e0f22a-ea39-11e6-b82f-687d6e6a3e7c
ACTION SNIPPET 1200 542 SNIPPET_NOT_RELEVANT d9d823f47366060b7aebde279881865a
ACTION SNIPPET 1200 542 SNIPPET_NOT_RELEVANT bccea33ede3f8c8dfc601c3f5e29da10
ACTION SNIPPET 1200 542 SNIPPET_NOT_RELEVANT d0e48e845999af75eebfb3b41bd1fc38
ACTION SNIPPET 1200 542 SNIPPET_RELEVANT 1d96aa72-2f98-11e3-8906-3daa2bcde110
ACTION DOC 1200 562 EXAMINING_DOCUMENT 1d96aa72-2f98-11e3-8906-3daa2bcde110
ACTION MARK 1200 565 CONSIDERED_RELEVANT 1d96aa72-2f98-11e3-8906-3daa2bcde110
ACTION QUERY 1200 575 innovations 1990
ACTION SERP 1200 580 EXAMINE_SERP
ACTION SNIPPET 1200 580 SNIPPET_NOT_RELEVANT 2d3ba67ecb4f44cb64537a6b76fa5737
ACTION SNIPPET 1200 580 SNIPPET_NOT_RELEVANT 9fca0b1d24c104759cdafa31961a40d7
ACTION SNIPPET 1200 580 SNIPPET_NOT_RELEVANT 15c4ba7cc1117611d9c673a611d11d27
ACTION SNIPPET 1200 580 SNIPPET_NOT_RELEVANT 5dbbd4e0-5297-11e1-bd4f-8a7d53f6d6c2
ACTION SNIPPET 1200 580 SNIPPET_NOT_RELEVANT c17cbea9-6ee6-479c-81fa-54051df598c5
ACTION SNIPPET 1200 580 SNIPPET_NOT_RELEVANT c0034cf9558568d3bad6703113194d03
ACTION SNIPPET 1200 580 SNIPPET_NOT_RELEVANT dcf7f3d1a850507c7b048412a20fec47
ACTION SNIPPET 1200 580 SNIPPET_NOT_RELEVANT 27107689488b166662d066cee92bda05
ACTION SNIPPET 1200 580 SNIPPET_NOT_RELEVANT 5804bc5a9b17634314e68d9060bacc7e
ACTION SNIPPET 1200 580 SNIPPET_NOT_RELEVANT 724762cf4f8c75d1b596e2d98ab7ba8a
ACTION SNIPPET 1200 580 SNIPPET_NOT_RELEVANT edc76d36-16da-11e6-9e16-2e5a123aac62
ACTION SNIPPET 1200 580 SNIPPET_NOT_RELEVANT 7f0b330e315d7ccd019f4fd4cb6dea5e
ACTION SNIPPET 1200 580 SNIPPET_NOT_RELEVANT 5da57e333ced80b448a399b381186edf
ACTION SNIPPET 1200 580 SNIPPET_NOT_RELEVANT f457b214-baea-11e1-a171-6ccd2ec343ba
ACTION SNIPPET 1200 580 SNIPPET_NOT_RELEVANT 774580dccd1ca670a28677294365329c
ACTION SNIPPET 1200 580 SNIPPET_NOT_RELEVANT 46467d81367ff98a9ddd141726e43a44
ACTION SNIPPET 1200 580 SNIPPET_NOT_RELEVANT 312c5f2885a03738fe14dfea2d09b960
ACTION SNIPPET 1200 580 SNIPPET_NOT_RELEVANT 6476df8f427ed3a63407d77bd3bd9fdd
ACTION SNIPPET 1200 580 SNIPPET_NOT_RELEVANT c7e8ee3cec7f7b4f9c8c1abefdcc8908
ACTION SNIPPET 1200 580 SNIPPET_NOT_RELEVANT bef5fc8a-6963-11e1-8970-1c405b6eaeac
ACTION SNIPPET 1200 580 SNIPPET_NOT_RELEVANT 8aaa9a7b522e9c01e32456bc57479fb2
ACTION SNIPPET 1200 580 SNIPPET_NOT_RELEVANT 2eb29ef052841324d060289df5815455
ACTION SNIPPET 1200 580 SNIPPET_NOT_RELEVANT 9ae75186-52ef-11e4-809b-8cc0a295c773
ACTION SNIPPET 1200 580 SNIPPET_NOT_RELEVANT 41dd559609bb20bb5f5f94117a2cb2a9
ACTION SNIPPET 1200 580 SNIPPET_NOT_RELEVANT 79251cd9b2bcf7b58798e791f17ff751
ACTION SNIPPET 1200 580 SNIPPET_NOT_RELEVANT 1ef419a49bd72be58d2d8f0f19288cb1
ACTION SNIPPET 1200 580 SNIPPET_NOT_RELEVANT e12fcb9a3e985db81573cc1096b29a83
ACTION SNIPPET 1200 580 SNIPPET_NOT_RELEVANT aed3e01bcde7de962defbbf6432927ac
ACTION SNIPPET 1200 580 SNIPPET_NOT_RELEVANT ccdc6e1a-4701-11e3-a196-3544a03c2351
ACTION SNIPPET 1200 580 SNIPPET_NOT_RELEVANT fd9b0058d34b7ece5cb882287474fb09
ACTION SNIPPET 1200 580 SNIPPET_NOT_RELEVANT dfc0810a476733a6398171941cad35fa
ACTION SNIPPET 1200 580 SNIPPET_NOT_RELEVANT e7a53acab890a5382c7ad5e566224277
ACTION SNIPPET 1200 580 SNIPPET_NOT_RELEVANT f9a3410507029432cf34362b989c3b23
ACTION SNIPPET 1200 580 SNIPPET_NOT_RELEVANT 8cb738571f54eb0719ba74b1fe6c9baf
ACTION SNIPPET 1200 580 SNIPPET_NOT_RELEVANT 8bdca4f8894487d5880c293239bf9603
ACTION SNIPPET 1200 580 SNIPPET_NOT_RELEVANT 75c605b7c7f2826aceff68c194fa6b21
ACTION SNIPPET 1200 580 SNIPPET_NOT_RELEVANT 43a69ea4c15879eedc44c00410f27f22
ACTION SNIPPET 1200 580 SNIPPET_NOT_RELEVANT 2574b77e5cdf30932b608f876b7c9b19
ACTION SNIPPET 1200 580 SNIPPET_NOT_RELEVANT 5027218e-22b5-11e6-9e7f-57890b612299
ACTION SNIPPET 1200 580 SNIPPET_NOT_RELEVANT e5e176c0-960a-11e1-815b-a895cf01086e
ACTION SNIPPET 1200 580 SNIPPET_NOT_RELEVANT 4a39e8fe-2da6-11e2-9ac2-1c61452669c3
ACTION SNIPPET 1200 580 SNIPPET_NOT_RELEVANT 1e867e9bd355cdf2d71a38366397e53c
ACTION SNIPPET 1200 580 SNIPPET_NOT_RELEVANT f3feab6d42933fbf7ad21896685f7009
ACTION SNIPPET 1200 580 SNIPPET_NOT_RELEVANT 659a2202-f335-11e3-914c-1fbd0614e2d4
ACTION SNIPPET 1200 580 SNIPPET_NOT_RELEVANT 85c629d6-c4a6-11e2-914f-a7aba60512a7
ACTION SNIPPET 1200 580 SNIPPET_NOT_RELEVANT 86d41afa-7239-11e2-8b8d-e0b59a1b8e2a
ACTION SNIPPET 1200 580 SNIPPET_NOT_RELEVANT e9eef50dab88c9a50354b997ae431d32
ACTION SNIPPET 1200 580 SNIPPET_NOT_RELEVANT 19b354e0ba0411ffff2921b12e1d63a0
ACTION SNIPPET 1200 580 SNIPPET_NOT_RELEVANT db7bcc336d47c2a1ebaeb4fc1857368b
ACTION SNIPPET 1200 580 SNIPPET_NOT_RELEVANT e95bc83612d951dde42184a820556b7a
ACTION SNIPPET 1200 580 SNIPPET_NOT_RELEVANT 72d647a2-1bc2-11e3-a628-7e6dde8f889d
ACTION SNIPPET 1200 580 SNIPPET_NOT_RELEVANT ba6d4520-0137-11e3-96a8-d3b921c0924a
ACTION SNIPPET 1200 580 SNIPPET_NOT_RELEVANT 5644f64063928de63a554c75b34afda2
ACTION SNIPPET 1200 580 SNIPPET_NOT_RELEVANT 47066d47606d9a2bec10c554020cc540
ACTION SNIPPET 1200 580 SNIPPET_NOT_RELEVANT 7c8a2a9c-1686-11e4-9349-84d4a85be981
ACTION SNIPPET 1200 580 SNIPPET_NOT_RELEVANT b507347dccdc51489d2c5fb6b120ddbb
ACTION SNIPPET 1200 580 SNIPPET_NOT_RELEVANT c56a8574-1a31-11e3-8685-5021e0c41964
ACTION SNIPPET 1200 580 SNIPPET_NOT_RELEVANT 2070a39e9e933ae00095ee0132889330
ACTION SNIPPET 1200 580 SNIPPET_NOT_RELEVANT bef33a55e87658e63f03f34e2cced8f0
ACTION SNIPPET 1200 580 SNIPPET_NOT_RELEVANT 82c6f01fd9aeffc226d76db0ef9810e7
ACTION SNIPPET 1200 580 SNIPPET_NOT_RELEVANT 296c162c-1ed5-11e2-ba31-3083ca97c314
ACTION SNIPPET 1200 580 SNIPPET_NOT_RELEVANT 5ad9b772-2e01-11e4-bb9b-997ae96fad33
ACTION SNIPPET 1200 580 SNIPPET_NOT_RELEVANT 8a545084e0b824eb154398613b8684bc
ACTION SNIPPET 1200 580 SNIPPET_NOT_RELEVANT 0a27947c-c452-11e1-8c16-5080b717c13e
ACTION SNIPPET 1200 580 SNIPPET_NOT_RELEVANT 76c86dc0219ed2de05eff6be46b2304e
ACTION SNIPPET 1200 580 SNIPPET_NOT_RELEVANT d699189a575e4b765a9fe78e44e7d075
ACTION SNIPPET 1200 580 SNIPPET_NOT_RELEVANT dca348b8-59dc-11e2-9fa9-5fbdc9530eb9
ACTION SNIPPET 1200 580 SNIPPET_NOT_RELEVANT 85de27c4-3e2a-11e1-b362-2b7f6df5e075
ACTION SNIPPET 1200 580 SNIPPET_NOT_RELEVANT 02fdb875e42bb1dc62699f93ade2321b
ACTION SNIPPET 1200 580 SNIPPET_NOT_RELEVANT 3057ddca-81e2-11e2-b99e-6baf4ebe42df
ACTION SNIPPET 1200 580 SNIPPET_NOT_RELEVANT b824492e8586cd00b57c109740381742
ACTION SNIPPET 1200 580 SNIPPET_NOT_RELEVANT 6ebf454c-9aae-11e6-9980-50913d68eacb
ACTION SNIPPET 1200 580 SNIPPET_NOT_RELEVANT 5d23fd476f9d769347fbb05b67d84c23
ACTION SNIPPET 1200 580 SNIPPET_NOT_RELEVANT 2b224f3b0242a59191c32ff53d7901df
ACTION SNIPPET 1200 580 SNIPPET_NOT_RELEVANT 7bc843762daff8255c2175c6dafdc6a9
ACTION SNIPPET 1200 580 SNIPPET_NOT_RELEVANT a49cd39a-1967-11e2-bd10-5ff056538b7c
ACTION SNIPPET 1200 580 SNIPPET_NOT_RELEVANT 011bf8dc-c7d5-11e2-9f1a-1a7cdee20287
ACTION SNIPPET 1200 580 SNIPPET_NOT_RELEVANT 492f5e67c9e404a48ed2a3d495558456
ACTION SNIPPET 1200 580 SNIPPET_NOT_RELEVANT fafc5e507bb5bfbb36883459789490ee
ACTION SNIPPET 1200 580 SNIPPET_NOT_RELEVANT ee9bf9f2-81fa-11e2-a350-49866afab584
ACTION SNIPPET 1200 580 SNIPPET_NOT_RELEVANT 9f334f7e596c43a8bff49f80af47bd3a
ACTION SNIPPET 1200 580 SNIPPET_NOT_RELEVANT fcf89ed6-e7fb-11e1-936a-b801f1abab19
ACTION SNIPPET 1200 580 SNIPPET_NOT_RELEVANT f4e0ec47b075bce2499bc5d288b0c05a
ACTION SNIPPET 1200 580 SNIPPET_NOT_RELEVANT cd565d3032826e34551f68f80e07b7ed
ACTION SNIPPET 1200 580 SNIPPET_NOT_RELEVANT 5af6b9ce-38d2-11e2-b01f-5f55b193f58f
ACTION SNIPPET 1200 580 SNIPPET_NOT_RELEVANT 0be13b03ce86d12de194fcc47af66fbb
ACTION SNIPPET 1200 580 SNIPPET_NOT_RELEVANT be85a288-a9fc-11e3-9e82-8064fcd31b5b
ACTION SNIPPET 1200 580 SNIPPET_NOT_RELEVANT 4fb6349a-a95b-11e3-8599-ce7295b6851c
ACTION SNIPPET 1200 580 SNIPPET_NOT_RELEVANT ca69b552-8abd-11e3-833c-33098f9e5267
ACTION SNIPPET 1200 580 SNIPPET_NOT_RELEVANT 692f3334-49fa-11e2-b6f0-e851e741d196
ACTION SNIPPET 1200 580 SNIPPET_NOT_RELEVANT bf5832da-5865-11e4-8264-deed989ae9a2
ACTION SNIPPET 1200 580 SNIPPET_NOT_RELEVANT bfdc18cb73a2b1d941a68f78f11c67e5
ACTION SNIPPET 1200 580 SNIPPET_NOT_RELEVANT 146f22184190d515c844e61fc7be7ca5
ACTION SNIPPET 1200 580 SNIPPET_NOT_RELEVANT f8c61794-51fa-11e7-91eb-9611861a988f
ACTION SNIPPET 1200 580 SNIPPET_NOT_RELEVANT 3f24cd48-4ba7-11e7-9669-250d0b15f83b
ACTION SNIPPET 1200 580 SNIPPET_NOT_RELEVANT a4a86ef899348328503bdc310103d271
ACTION SNIPPET 1200 580 SNIPPET_NOT_RELEVANT 4ebf9162-efe8-11e2-bed3-b9b6fe264871
ACTION SNIPPET 1200 580 SNIPPET_NOT_RELEVANT 42cdb37bfc20ab3cc4a7c0a835ab6514
ACTION SNIPPET 1200 580 SNIPPET_NOT_RELEVANT e15f1a68-fde2-11e6-8f41-ea6ed597e4ca
ACTION SNIPPET 1200 580 SNIPPET_NOT_RELEVANT 9e5c55d2-d43d-11e2-a73e-826d299ff459
INFO SERP_END_REACHED 
ACTION QUERY 1200 590 breakthroughs in science
ACTION SERP 1200 595 EXAMINE_SERP
ACTION SNIPPET 1200 595 SEEN_PREVIOUSLY ee0a526614cc0c7b27d6095f81bffa9f
ACTION SNIPPET 1200 595 SEEN_PREVIOUSLY 3fa8aa69c2c48f5f38bc00d338944bb0
ACTION SNIPPET 1200 595 SNIPPET_NOT_RELEVANT 1d0ef4afd1fc7a0a2bdd719434049cb5
ACTION SNIPPET 1200 595 SNIPPET_NOT_RELEVANT 1e5c52e5746baa0d28fbcd96f9f0087f
ACTION SNIPPET 1200 595 SNIPPET_NOT_RELEVANT 921de7e2-0282-11e6-8bb1-f124a43f84dc
ACTION SNIPPET 1200 595 SNIPPET_NOT_RELEVANT ac731c26-cbdd-11e3-93eb-6c0037dde2ad
ACTION SNIPPET 1200 595 SNIPPET_NOT_RELEVANT 0de8c859d7f4a1a6a82e0562296b48cf
ACTION SNIPPET 1200 595 SNIPPET_NOT_RELEVANT 9f44ecf9571b6be9ee2b1e02b0b97976
ACTION SNIPPET 1200 595 SNIPPET_NOT_RELEVANT f33317e2bb7f88d9a012e2c7142d4868
ACTION SNIPPET 1200 595 SNIPPET_NOT_RELEVANT 610e7880cd78a6ed7f4295ab80632ea5
ACTION SNIPPET 1200 595 SEEN_PREVIOUSLY 06f69005e86601d876dfe8c67d2040cd
ACTION SNIPPET 1200 595 SNIPPET_NOT_RELEVANT f27a5dd46d09a664bb457586b1d4b9a6
ACTION SNIPPET 1200 595 SNIPPET_NOT_RELEVANT ab29643dab8ff4fc5d105a60d4b96d35
ACTION SNIPPET 1200 595 SNIPPET_NOT_RELEVANT 81999cf5fc2b1b7afd15f3edae1f9b77
ACTION SNIPPET 1200 595 SNIPPET_NOT_RELEVANT fec783472be6d76f16674c7c47ae010d
ACTION SNIPPET 1200 595 SNIPPET_NOT_RELEVANT 97ddba8e-6a25-11e2-ada3-d86a4806d5ee
ACTION SNIPPET 1200 595 SNIPPET_NOT_RELEVANT eaa97ffec09afa1138aade44cba4a96a
ACTION SNIPPET 1200 595 SNIPPET_NOT_RELEVANT 33de007e-790e-11e1-9362-cd989ac6bfb2
ACTION SNIPPET 1200 595 SNIPPET_RELEVANT 42edf70414c9b5a1ce41510e459530ee
ACTION DOC 1200 615 EXAMINING_DOCUMENT 42edf70414c9b5a1ce41510e459530ee
ACTION MARK 1200 618 CONSIDERED_RELEVANT 42edf70414c9b5a1ce41510e459530ee
ACTION SNIPPET 1200 618 SNIPPET_NOT_RELEVANT 7cbec4de021a2a4f84eb583b0d590b05
ACTION SNIPPET 1200 618 SNIPPET_NOT_RELEVANT 25feca56-5bef-11e1-9ed1-a4ccd12f70b0
ACTION SNIPPET 1200 618 SNIPPET_NOT_RELEVANT ebd6075e50d0d81f21e1126d56762775
ACTION SNIPPET 1200 618 SNIPPET_NOT_RELEVANT 7f0393e6-6414-11e3-91b3-f2bb96304e34
ACTION SNIPPET 1200 618 SNIPPET_NOT_RELEVANT b6ec301fd7b57b1889035ca3d128cff1
ACTION SNIPPET 1200 618 SNIPPET_RELEVANT 7f500771faecbd62575d75b9b6f58c63
ACTION DOC 1200 638 EXAMINING_DOCUMENT 7f500771faecbd62575d75b9b6f58c63
ACTION MARK 1200 641 CONSIDERED_RELEVANT 7f500771faecbd62575d75b9b6f58c63
ACTION SNIPPET 1200 641 SNIPPET_NOT_RELEVANT ed19f96d364a3c966c536df491f9ae46
ACTION SNIPPET 1200 641 SNIPPET_NOT_RELEVANT 43d8d3301132cc349e032d7e3c9ccd7d
ACTION SNIPPET 1200 641 SNIPPET_NOT_RELEVANT c9581b69deed4814e87aef032ff56d5c
ACTION SNIPPET 1200 641 SNIPPET_NOT_RELEVANT 3c3fa072-5188-11e1-b56b-bfafcb3820a0
ACTION SNIPPET 1200 641 SNIPPET_NOT_RELEVANT 96636f89ea10a0390e0b214f32551356
ACTION SNIPPET 1200 641 SNIPPET_NOT_RELEVANT 119b95193c27388be1a164326be444b8
ACTION SNIPPET 1200 641 SNIPPET_NOT_RELEVANT 67f9ce7e75358f60758c79daeb72ee3f
ACTION SNIPPET 1200 641 SNIPPET_NOT_RELEVANT 2e84f107e0772e7284e5cac5e9ea9b4b
ACTION SNIPPET 1200 641 SNIPPET_NOT_RELEVANT 6894a4e8b35de30e7c15b1fd5a689a6b
ACTION SNIPPET 1200 641 SNIPPET_NOT_RELEVANT a5f488babbdd7ef0f34f7d61cd93b063
ACTION SNIPPET 1200 641 SNIPPET_NOT_RELEVANT 9bcc39b21a2b97019e337d3cfdf55c46
ACTION SNIPPET 1200 641 SNIPPET_NOT_RELEVANT bc800e8f765fac4c09f5adbd1154528e
ACTION SNIPPET 1200 641 SNIPPET_NOT_RELEVANT 6cee6b66-1e6e-11e5-84d5-eb37ee8eaa61
ACTION SNIPPET 1200 641 SNIPPET_NOT_RELEVANT 228740194a4b8c9d12320c70012bcac0
ACTION SNIPPET 1200 641 SNIPPET_NOT_RELEVANT a0f5a829a76440c984722a5340683e13
ACTION SNIPPET 1200 641 SNIPPET_NOT_RELEVANT e670e3f0ed58dc9ee92c949610c79f2d
ACTION SNIPPET 1200 641 SNIPPET_NOT_RELEVANT 03b7acc69ad7525d3191d626b47b661a
ACTION SNIPPET 1200 641 SNIPPET_NOT_RELEVANT 1d05247db58fa7aa0702144a96d8eaae
ACTION SNIPPET 1200 641 SNIPPET_NOT_RELEVANT e68d80f4e6625ae752c23c559cd6b5d9
ACTION SNIPPET 1200 641 SNIPPET_NOT_RELEVANT 37fcf7f9a2ed94bc16a1b76118a62020
ACTION SNIPPET 1200 641 SNIPPET_NOT_RELEVANT 32a282d4cb0aea6936b7293fc918d91a
ACTION SNIPPET 1200 641 SNIPPET_NOT_RELEVANT 199d9b6291af65fc2539b9f4345aee2a
ACTION SNIPPET 1200 641 SNIPPET_NOT_RELEVANT 28fe2806afe31c1f69c285ca424e7327
ACTION SNIPPET 1200 641 SNIPPET_NOT_RELEVANT ac49dd4c021b6a5382ede80eaec4c0bf
ACTION SNIPPET 1200 641 SNIPPET_NOT_RELEVANT 7d8bf592-1383-11e5-89f3-61410da94eb1
ACTION SNIPPET 1200 641 SNIPPET_NOT_RELEVANT 96d8f72766940a7558b0ff90f6e3255d
ACTION SNIPPET 1200 641 SNIPPET_NOT_RELEVANT ecf93a76-aee3-11e3-9627-c65021d6d572
ACTION SNIPPET 1200 641 SNIPPET_RELEVANT 7413f5e4-deec-11e4-be40-566e2653afe5
ACTION DOC 1200 661 EXAMINING_DOCUMENT 7413f5e4-deec-11e4-be40-566e2653afe5
ACTION MARK 1200 664 CONSIDERED_RELEVANT 7413f5e4-deec-11e4-be40-566e2653afe5
ACTION SNIPPET 1200 664 SNIPPET_NOT_RELEVANT 3d812cf6-50ea-11e1-bd4f-8a7d53f6d6c2
ACTION SNIPPET 1200 664 SNIPPET_NOT_RELEVANT 2776a502ddce526c7d369fef16fd586d
ACTION SNIPPET 1200 664 SNIPPET_NOT_RELEVANT bb0506ba-f4ee-11e4-84a6-6d7c67c50db0
ACTION SNIPPET 1200 664 SNIPPET_NOT_RELEVANT 9dfa74c48126ab83dd377cbb1a1c57d0
ACTION SNIPPET 1200 664 SNIPPET_NOT_RELEVANT 4acb2e4ec3f6dec8eb7b0422301ea5c8
ACTION SNIPPET 1200 664 SNIPPET_NOT_RELEVANT cc09a2d8-5d56-11e5-b38e-06883aacba64
ACTION SNIPPET 1200 664 SNIPPET_NOT_RELEVANT 2e1f79dfe63c1ad7096077dd34607f65
ACTION SNIPPET 1200 664 SNIPPET_NOT_RELEVANT 2d16dc3c-27a7-11e7-a1b3-faff0034e2de
ACTION SNIPPET 1200 664 SNIPPET_NOT_RELEVANT b1f516f5a395832ac3b2bee171135140
ACTION SNIPPET 1200 664 SNIPPET_NOT_RELEVANT 183c5f128e58fd95ac11ea72198deb24
ACTION SNIPPET 1200 664 SNIPPET_NOT_RELEVANT 953207ee-c30a-11e6-8422-eac61c0ef74d
ACTION SNIPPET 1200 664 SNIPPET_NOT_RELEVANT d0e48e845999af75eebfb3b41bd1fc38
ACTION SNIPPET 1200 664 SNIPPET_NOT_RELEVANT 35fb8aed8f301c109733fc96c8e642ff
ACTION SNIPPET 1200 664 SNIPPET_NOT_RELEVANT 9535c49db51f26ca5a6ac2714d6f3526
ACTION SNIPPET 1200 664 SNIPPET_NOT_RELEVANT 890ee803cec321285091c61a97c33cff
ACTION SNIPPET 1200 664 SNIPPET_NOT_RELEVANT 7403b0ac4224af42fc6389428ca8355c
ACTION SNIPPET 1200 664 SNIPPET_NOT_RELEVANT e40dad0fea0c9a0fbbe3274501612ce2
ACTION SNIPPET 1200 664 SNIPPET_NOT_RELEVANT 51b0f48763aa63397884f4c566cdcd03
ACTION SNIPPET 1200 664 SNIPPET_NOT_RELEVANT 4e48c248ceff73c3102d2f862b73ec64
ACTION SNIPPET 1200 664 SNIPPET_NOT_RELEVANT 40fec984-a0c3-11e4-903f-9f2faf7cd9fe
ACTION SNIPPET 1200 664 SNIPPET_NOT_RELEVANT 7e9a451fdfa90fa83ae198aa8863ebcf
ACTION SNIPPET 1200 664 SNIPPET_NOT_RELEVANT 3510186c-37de-11e2-8a97-363b0f9a0ab3
ACTION SNIPPET 1200 664 SNIPPET_RELEVANT f06d6a2e-4e75-11e4-8c24-487e92bc997b
ACTION DOC 1200 684 EXAMINING_DOCUMENT f06d6a2e-4e75-11e4-8c24-487e92bc997b
ACTION MARK 1200 687 CONSIDERED_RELEVANT f06d6a2e-4e75-11e4-8c24-487e92bc997b
ACTION SNIPPET 1200 687 SNIPPET_NOT_RELEVANT fec991e7ad9fb553c8ccd9836d3d8212
ACTION SNIPPET 1200 687 SNIPPET_NOT_RELEVANT ef8f28f8-c769-11e1-bb4a-cc81fa853421
ACTION SNIPPET 1200 687 SNIPPET_NOT_RELEVANT 5dd81a28-f86f-11e6-aa1e-5f735ee31334
ACTION SNIPPET 1200 687 SNIPPET_NOT_RELEVANT 8e9ecc3d03a23485661fd17a142ebcce
ACTION SNIPPET 1200 687 SNIPPET_NOT_RELEVANT bd8edc12-c47c-11e1-8c16-5080b717c13e
ACTION SNIPPET 1200 687 SNIPPET_NOT_RELEVANT 164fbb11ce8e0b0c4ede8a8656be2fec
ACTION SNIPPET 1200 687 SNIPPET_NOT_RELEVANT 95f5b802-ca06-11e2-8da7-d274bc611a47
ACTION SNIPPET 1200 687 SNIPPET_NOT_RELEVANT 38dd3fa0-2484-11e7-a1b3-faff0034e2de
ACTION SNIPPET 1200 687 SEEN_PREVIOUSLY 59e527b2305dbacf9eab6e4abea7d8b1
ACTION SNIPPET 1200 687 SNIPPET_NOT_RELEVANT 978167ec46b8789d99ed7aca78f1a4bb
ACTION SNIPPET 1200 687 SNIPPET_NOT_RELEVANT 6e7b5228-0555-11e5-8bda-c7b4e9a8f7ac
ACTION SNIPPET 1200 687 SNIPPET_NOT_RELEVANT 623a2c06784cd19f189bee4fd81c6329
ACTION SNIPPET 1200 687 SNIPPET_NOT_RELEVANT 7774e79b64790a8fb55f6910e3c195d1
ACTION SNIPPET 1200 687 SNIPPET_NOT_RELEVANT a878a4ae-de78-11e2-b197-f248b21f94c4
ACTION SNIPPET 1200 687 SNIPPET_NOT_RELEVANT f13d099a-5b13-11e5-b38e-06883aacba64
ACTION SNIPPET 1200 687 SNIPPET_NOT_RELEVANT 133c4134-0903-11e7-a15f-a58d4a988474
ACTION SNIPPET 1200 687 SNIPPET_NOT_RELEVANT f53e81ba-6957-11e1-acc6-32fefc7ccd67
ACTION SNIPPET 1200 687 SNIPPET_NOT_RELEVANT ddf67ea8-d7eb-11e4-ba28-f2a685dc7f89
ACTION SNIPPET 1200 687 SNIPPET_NOT_RELEVANT ccd81f92-f726-11e3-a606-946fd632f9f1
ACTION SNIPPET 1200 687 SNIPPET_RELEVANT fce45872a94be44e9875652ef36c1a25
ACTION DOC 1200 707 EXAMINING_DOCUMENT fce45872a94be44e9875652ef36c1a25
ACTION MARK 1200 710 CONSIDERED_RELEVANT fce45872a94be44e9875652ef36c1a25
INFO OUT_OF_QUERIES 
INFO SUMMARY 
INFO TOTAL_QUERIES_ISSUED 9
INFO TOTAL_SNIPPETS_EXAMINED 771
INFO TOTAL_DOCUMENTS_EXAMINED 25
INFO TOTAL_DOCUMENTS_MARKED_RELEVANT 25
INFO TOTAL_ATTRACTIVE_SERP_IMPRESSIONS 9
INFO TOTAL_UNATTRACTIVE_SERP_IMPRESSIONS 0
INFO TOTAL_TREC_RELEVANT_DOCS 25
INFO TOTAL_UNIQ_TREC_RELEVANT_DOCS 25
INFO PRECISION_TREC_RELEVANT_DOCS 1.0
