ACTION START 1200 0 START
ACTION QUERY 1200 10 human stampede
ACTION SERP 1200 15 EXAMINE_SERP
ACTION SNIPPET 1200 15 SNIPPET_RELEVANT 1c3f906e626e01a8d8c9c0f0d31f0f71
ACTION DOC 1200 35 EXAMINING_DOCUMENT 1c3f906e626e01a8d8c9c0f0d31f0f71
ACTION MARK 1200 38 CONSIDERED_RELEVANT 1c3f906e626e01a8d8c9c0f0d31f0f71
ACTION SNIPPET 1200 38 SNIPPET_RELEVANT a79b1b7d8cc5273d4995fec5e122e44b
ACTION DOC 1200 58 EXAMINING_DOCUMENT a79b1b7d8cc5273d4995fec5e122e44b
ACTION MARK 1200 61 CONSIDERED_RELEVANT a79b1b7d8cc5273d4995fec5e122e44b
ACTION SNIPPET 1200 61 SNIPPET_RELEVANT 7a81e87ba8ecc0a82da3dd96df00d1fa
ACTION DOC 1200 81 EXAMINING_DOCUMENT 7a81e87ba8ecc0a82da3dd96df00d1fa
ACTION SNIPPET 1200 81 SNIPPET_RELEVANT 231c3fd2-2c3e-11e3-8ade-a1f23cda135e
ACTION DOC 1200 101 EXAMINING_DOCUMENT 231c3fd2-2c3e-11e3-8ade-a1f23cda135e
ACTION SNIPPET 1200 101 SNIPPET_RELEVANT f61b6da2-9ca6-11e4-a7ee-526210d665b4
ACTION DOC 1200 121 EXAMINING_DOCUMENT f61b6da2-9ca6-11e4-a7ee-526210d665b4
ACTION MARK 1200 124 CONSIDERED_RELEVANT f61b6da2-9ca6-11e4-a7ee-526210d665b4
ACTION SNIPPET 1200 124 SNIPPET_RELEVANT 54b75712e707ed16c802aa76bfc7cbb1
ACTION DOC 1200 144 EXAMINING_DOCUMENT 54b75712e707ed16c802aa76bfc7cbb1
ACTION MARK 1200 147 CONSIDERED_RELEVANT 54b75712e707ed16c802aa76bfc7cbb1
ACTION QUERY 1200 157 stampede deaths
ACTION SERP 1200 162 EXAMINE_SERP
ACTION SNIPPET 1200 162 SEEN_PREVIOUSLY 1c3f906e626e01a8d8c9c0f0d31f0f71
ACTION SNIPPET 1200 162 SNIPPET_RELEVANT 73f1338a-6356-11e5-9757-e49273f05f65
ACTION DOC 1200 182 EXAMINING_DOCUMENT 73f1338a-6356-11e5-9757-e49273f05f65
ACTION MARK 1200 185 CONSIDERED_RELEVANT 73f1338a-6356-11e5-9757-e49273f05f65
ACTION SNIPPET 1200 185 SNIPPET_RELEVANT 28eb7cce-62a7-11e5-9757-e49273f05f65
ACTION DOC 1200 205 EXAMINING_DOCUMENT 28eb7cce-62a7-11e5-9757-e49273f05f65
ACTION MARK 1200 208 CONSIDERED_RELEVANT 28eb7cce-62a7-11e5-9757-e49273f05f65
ACTION SNIPPET 1200 208 SEEN_PREVIOUSLY 54b75712e707ed16c802aa76bfc7cbb1
ACTION SNIPPET 1200 208 SEEN_PREVIOUSLY f61b6da2-9ca6-11e4-a7ee-526210d665b4
ACTION SNIPPET 1200 208 SNIPPET_RELEVANT 65263aa2-ad4b-11e3-a49e-76adc9210f19
ACTION DOC 1200 228 EXAMINING_DOCUMENT 65263aa2-ad4b-11e3-a49e-76adc9210f19
ACTION SNIPPET 1200 228 SNIPPET_RELEVANT cd65ac343aa65e723eadcbf05104bc16
ACTION DOC 1200 248 EXAMINING_DOCUMENT cd65ac343aa65e723eadcbf05104bc16
ACTION MARK 1200 251 CONSIDERED_RELEVANT cd65ac343aa65e723eadcbf05104bc16
ACTION SNIPPET 1200 251 SNIPPET_RELEVANT b537ec82-9384-11e4-a900-9960214d4cd7
ACTION DOC 1200 271 EXAMINING_DOCUMENT b537ec82-9384-11e4-a900-9960214d4cd7
ACTION MARK 1200 274 CONSIDERED_RELEVANT b537ec82-9384-11e4-a900-9960214d4cd7
ACTION SNIPPET 1200 274 SNIPPET_RELEVANT 9c821676-c9d5-11e5-b9ab-26591104bb19
ACTION DOC 1200 294 EXAMINING_DOCUMENT 9c821676-c9d5-11e5-b9ab-26591104bb19
ACTION MARK 1200 297 CONSIDERED_RELEVANT 9c821676-c9d5-11e5-b9ab-26591104bb19
ACTION QUERY 1200 307 crowd crush
ACTION SERP 1200 312 EXAMINE_SERP
ACTION SNIPPET 1200 312 SEEN_PREVIOUSLY 1c3f906e626e01a8d8c9c0f0d31f0f71
ACTION SNIPPET 1200 312 SNIPPET_RELEVANT 8ff32afa1334f0049cc37b57e6838a37
ACTION DOC 1200 332 EXAMINING_DOCUMENT 8ff32afa1334f0049cc37b57e6838a37
ACTION SNIPPET 1200 332 SNIPPET_RELEVANT c90c11c8f2e3754c2122f98eb0ec8807
ACTION DOC 1200 352 EXAMINING_DOCUMENT c90c11c8f2e3754c2122f98eb0ec8807
ACTION SNIPPET 1200 352 SNIPPET_RELEVANT 895e372786ead6f6f2c0a9c3e76cf658
ACTION DOC 1200 372 EXAMINING_DOCUMENT 895e372786ead6f6f2c0a9c3e76cf658
ACTION SNIPPET 1200 372 SNIPPET_RELEVANT bdb9f0bff7706d05c2452cf94b079b5c
ACTION DOC 1200 392 EXAMINING_DOCUMENT bdb9f0bff7706d05c2452cf94b079b5c
ACTION SNIPPET 1200 392 SNIPPET_RELEVANT 5395da50e875509019dba64a872b9631
ACTION DOC 1200 412 EXAMINING_DOCUMENT 5395da50e875509019dba64a872b9631
ACTION SNIPPET 1200 412 SEEN_PREVIOUSLY cd65ac343aa65e723eadcbf05104bc16
ACTION SNIPPET 1200 412 SNIPPET_RELEVANT e9024bc6-166a-11e4-85b6-c1451e622637
ACTION DOC 1200 432 EXAMINING_DOCUMENT e9024bc6-166a-11e4-85b6-c1451e622637
ACTION QUERY 1200 442 fatal stampedes
ACTION SERP 1200 447 EXAMINE_SERP
ACTION SNIPPET 1200 447 SEEN_PREVIOUSLY cd65ac343aa65e723eadcbf05104bc16
ACTION SNIPPET 1200 447 SEEN_PREVIOUSLY 7a81e87ba8ecc0a82da3dd96df00d1fa
ACTION SNIPPET 1200 447 SNIPPET_RELEVANT 17a13bc0-9106-11e4-a412-4b735edc7175
ACTION DOC 1200 467 EXAMINING_DOCUMENT 17a13bc0-9106-11e4-a412-4b735edc7175
ACTION MARK 1200 470 CONSIDERED_RELEVANT 17a13bc0-9106-11e4-a412-4b735edc7175
ACTION SNIPPET 1200 470 SEEN_PREVIOUSLY 1c3f906e626e01a8d8c9c0f0d31f0f71
ACTION SNIPPET 1200 470 SEEN_PREVIOUSLY a79b1b7d8cc5273d4995fec5e122e44b
ACTION SNIPPET 1200 470 SEEN_PREVIOUSLY f61b6da2-9ca6-11e4-a7ee-526210d665b4
ACTION SNIPPET 1200 470 SNIPPET_RELEVANT 810933004ee52c3bc56e4f333ac51509
ACTION DOC 1200 490 EXAMINING_DOCUMENT 810933004ee52c3bc56e4f333ac51509
ACTION MARK 1200 493 CONSIDERED_RELEVANT 810933004ee52c3bc56e4f333ac51509
ACTION SNIPPET 1200 493 SEEN_PREVIOUSLY 54b75712e707ed16c802aa76bfc7cbb1
ACTION SNIPPET 1200 493 SNIPPET_RELEVANT d527cdf5e2e4d414796a3d4a2f413c25
ACTION DOC 1200 513 EXAMINING_DOCUMENT d527cdf5e2e4d414796a3d4a2f413c25
ACTION SNIPPET 1200 513 SNIPPET_RELEVANT 7301a1e7-5577-4464-8029-e3db99a6b7cb
ACTION DOC 1200 533 EXAMINING_DOCUMENT 7301a1e7-5577-4464-8029-e3db99a6b7cb
ACTION MARK 1200 536 CONSIDERED_RELEVANT 7301a1e7-5577-4464-8029-e3db99a6b7cb
ACTION SNIPPET 1200 536 SEEN_PREVIOUSLY 73f1338a-6356-11e5-9757-e49273f05f65
ACTION SNIPPET 1200 536 SEEN_PREVIOUSLY b537ec82-9384-11e4-a900-9960214d4cd7
ACTION SNIPPET 1200 536 SEEN_PREVIOUSLY 28eb7cce-62a7-11e5-9757-e49273f05f65
ACTION SNIPPET 1200 536 SNIPPET_RELEVANT d7f41eb1f29ea630857d8cf0a1d783a7
ACTION DOC 1200 556 EXAMINING_DOCUMENT d7f41eb1f29ea630857d8cf0a1d783a7
ACTION SNIPPET 1200 556 SNIPPET_RELEVANT 5e8f029982d19cd89736ae9f84f60662
ACTION DOC 1200 576 EXAMINING_DOCUMENT 5e8f029982d19cd89736ae9f84f60662
ACTION MARK 1200 579 CONSIDERED_RELEVANT 5e8f029982d19cd89736ae9f84f60662
ACTION QUERY 1200 589 public place tragedies
ACTION SERP 1200 594 EXAMINE_SERP
ACTION SNIPPET 1200 594 SNIPPET_RELEVANT 18abb7a67743ccc01d59c813df7bc9a2
ACTION DOC 1200 614 EXAMINING_DOCUMENT 18abb7a67743ccc01d59c813df7bc9a2
ACTION SNIPPET 1200 614 SNIPPET_RELEVANT c27aebe36908873572e0d9eb5476ac68
ACTION DOC 1200 634 EXAMINING_DOCUMENT c27aebe36908873572e0d9eb5476ac68
ACTION SNIPPET 1200 634 SNIPPET_RELEVANT c60a0555a171d050e00a94df413c57ff
ACTION DOC 1200 654 EXAMINING_DOCUMENT c60a0555a171d050e00a94df413c57ff
ACTION SNIPPET 1200 654 SNIPPET_RELEVANT e1750a156697a79664d49ad870fc36bb
ACTION DOC 1200 674 EXAMINING_DOCUMENT e1750a156697a79664d49ad870fc36bb
ACTION SNIPPET 1200 674 SNIPPET_RELEVANT 664d0ceef2848d6daf114b5d7806101e
ACTION DOC 1200 694 EXAMINING_DOCUMENT 664d0ceef2848d6daf114b5d7806101e
ACTION SNIPPET 1200 694 SNIPPET_RELEVANT a1679f9e-8992-11e6-875e-2c1bfe943b66
ACTION DOC 1200 714 EXAMINING_DOCUMENT a1679f9e-8992-11e6-875e-2c1bfe943b66
ACTION QUERY 1200 724 concert stampede
ACTION SERP 1200 729 EXAMINE_SERP
ACTION SNIPPET 1200 729 SEEN_PREVIOUSLY 9c821676-c9d5-11e5-b9ab-26591104bb19
ACTION SNIPPET 1200 729 SNIPPET_RELEVANT 53cc9a5a-17f7-11e4-85b6-c1451e622637
ACTION DOC 1200 749 EXAMINING_DOCUMENT 53cc9a5a-17f7-11e4-85b6-c1451e622637
ACTION MARK 1200 752 CONSIDERED_RELEVANT 53cc9a5a-17f7-11e4-85b6-c1451e622637
ACTION SNIPPET 1200 752 SNIPPET_RELEVANT b619e97ee40a149524246a7549c90088
ACTION DOC 1200 772 EXAMINING_DOCUMENT b619e97ee40a149524246a7549c90088
ACTION SNIPPET 1200 772 SEEN_PREVIOUSLY 1c3f906e626e01a8d8c9c0f0d31f0f71
ACTION SNIPPET 1200 772 SEEN_PREVIOUSLY a79b1b7d8cc5273d4995fec5e122e44b
ACTION SNIPPET 1200 772 SEEN_PREVIOUSLY f61b6da2-9ca6-11e4-a7ee-526210d665b4
ACTION SNIPPET 1200 772 SEEN_PREVIOUSLY 54b75712e707ed16c802aa76bfc7cbb1
ACTION SNIPPET 1200 772 SEEN_PREVIOUSLY 7301a1e7-5577-4464-8029-e3db99a6b7cb
ACTION SNIPPET 1200 772 SEEN_PREVIOUSLY 73f1338a-6356-11e5-9757-e49273f05f65
ACTION SNIPPET 1200 772 SEEN_PREVIOUSLY b537ec82-9384-11e4-a900-9960214d4cd7
ACTION SNIPPET 1200 772 SEEN_PREVIOUSLY 28eb7cce-62a7-11e5-9757-e49273f05f65
ACTION SNIPPET 1200 772 SEEN_PREVIOUSLY d7f41eb1f29ea630857d8cf0a1d783a7
ACTION SNIPPET 1200 772 SEEN_PREVIOUSLY 5e8f029982d19cd89736ae9f84f60662
ACTION SNIPPET 1200 772 SNIPPET_RELEVANT c6909c606391b83bb95671153c4a1c9e
ACTION DOC 1200 792 EXAMINING_DOCUMENT c6909c606391b83bb95671153c4a1c9e
ACTION SNIPPET 1200 792 SNIPPET_RELEVANT 484ba62c-913b-11e4-a412-4b735edc7175
ACTION DOC 1200 812 EXAMINING_DOCUMENT 484ba62c-913b-11e4-a412-4b735edc7175
ACTION MARK 1200 815 CONSIDERED_RELEVANT 484ba62c-913b-11e4-a412-4b735edc7175
ACTION SNIPPET 1200 815 SNIPPET_RELEVANT 0629163c711e686d72338cfa295f762a
ACTION DOC 1200 835 EXAMINING_DOCUMENT 0629163c711e686d72338cfa295f762a
ACTION SNIPPET 1200 835 SNIPPET_RELEVANT 08b145e6-9afb-11e1-bf13-663ec2f5fb28
ACTION DOC 1200 855 EXAMINING_DOCUMENT 08b145e6-9afb-11e1-bf13-663ec2f5fb28
ACTION QUERY 1200 865 stadium stampede
ACTION SERP 1200 870 EXAMINE_SERP
ACTION SNIPPET 1200 870 SEEN_PREVIOUSLY 1c3f906e626e01a8d8c9c0f0d31f0f71
ACTION SNIPPET 1200 870 SNIPPET_RELEVANT 35c30219eb5c379a91a9e68d78624fb1
ACTION DOC 1200 890 EXAMINING_DOCUMENT 35c30219eb5c379a91a9e68d78624fb1
ACTION SNIPPET 1200 890 SNIPPET_RELEVANT 5bbd17a2207871b292e8ea51042b2387
ACTION DOC 1200 910 EXAMINING_DOCUMENT 5bbd17a2207871b292e8ea51042b2387
ACTION SNIPPET 1200 910 SNIPPET_RELEVANT 74d80d72cb4caf53f42c845ab706d3ec
ACTION DOC 1200 930 EXAMINING_DOCUMENT 74d80d72cb4caf53f42c845ab706d3ec
ACTION SNIPPET 1200 930 SNIPPET_RELEVANT bf3cf4c63b9cc3b8f4a547a7c0f57154
ACTION DOC 1200 950 EXAMINING_DOCUMENT bf3cf4c63b9cc3b8f4a547a7c0f57154
ACTION SNIPPET 1200 950 SNIPPET_RELEVANT f1d8f7cb6573e41de30c2aaf98831ad7
ACTION DOC 1200 970 EXAMINING_DOCUMENT f1d8f7cb6573e41de30c2aaf98831ad7
ACTION MARK 1200 973 CONSIDERED_RELEVANT f1d8f7cb6573e41de30c2aaf98831ad7
ACTION SNIPPET 1200 973 SEEN_PREVIOUSLY 810933004ee52c3bc56e4f333ac51509
ACTION SNIPPET 1200 973 SNIPPET_RELEVANT 3536c1c31ffa7e85eed605cffb1192e2
ACTION DOC 1200 993 EXAMINING_DOCUMENT 3536c1c31ffa7e85eed605cffb1192e2
ACTION QUERY 1200 1003 event disasters
ACTION SERP 1200 1008 EXAMINE_SERP
ACTION SNIPPET 1200 1008 SNIPPET_RELEVANT ff02e7cb5163122e40174f921fe0e663
ACTION DOC 1200 1028 EXAMINING_DOCUMENT ff02e7cb5163122e40174f921fe0e663
ACTION SNIPPET 1200 1028 SNIPPET_RELEVANT 6a0493059b0977b5cb01268ec60a544a
ACTION DOC 1200 1048 EXAMINING_DOCUMENT 6a0493059b0977b5cb01268ec60a544a
ACTION SNIPPET 1200 1048 SNIPPET_RELEVANT 3a769560ea59bff6f3310649d85af6a1
ACTION DOC 1200 1068 EXAMINING_DOCUMENT 3a769560ea59bff6f3310649d85af6a1
ACTION SNIPPET 1200 1068 SNIPPET_RELEVANT a1279b0528d87540a212b348987f953e
ACTION DOC 1200 1088 EXAMINING_DOCUMENT a1279b0528d87540a212b348987f953e
ACTION SNIPPET 1200 1088 SNIPPET_RELEVANT ddf0224ffb245a44231a53ffe852a702
ACTION DOC 1200 1108 EXAMINING_DOCUMENT ddf0224ffb245a44231a53ffe852a702
ACTION SNIPPET 1200 1108 SNIPPET_RELEVANT 567bb148-ddb4-11e1-9ff9-1dcd8858ad02
ACTION DOC 1200 1128 EXAMINING_DOCUMENT 567bb148-ddb4-11e1-9ff9-1dcd8858ad02
ACTION QUERY 1200 1138 mass casualties
ACTION SERP 1200 1143 EXAMINE_SERP
ACTION SNIPPET 1200 1143 SNIPPET_RELEVANT b9ae1c5179f1e17cee5abc5dc0eba89a
ACTION DOC 1200 1163 EXAMINING_DOCUMENT b9ae1c5179f1e17cee5abc5dc0eba89a
ACTION SNIPPET 1200 1163 SNIPPET_RELEVANT 782ff7de6b6fe9a6df0707a37eb9d42c
ACTION DOC 1200 1183 EXAMINING_DOCUMENT 782ff7de6b6fe9a6df0707a37eb9d42c
ACTION SNIPPET 1200 1183 SNIPPET_RELEVANT 19924de19c25344a21a42359a697a47a
ACTION DOC 1200 1203 EXAMINING_DOCUMENT 19924de19c25344a21a42359a697a47a
INFO SUMMARY 
INFO TOTAL_QUERIES_ISSUED 9
INFO TOTAL_SNIPPETS_EXAMINED 78
INFO TOTAL_DOCUMENTS_EXAMINED 51
INFO TOTAL_DOCUMENTS_MARKED_RELEVANT 16
INFO TOTAL_ATTRACTIVE_SERP_IMPRESSIONS 9
INFO TOTAL_UNATTRACTIVE_SERP_IMPRESSIONS 0
