ACTION START 1200 0 START
ACTION QUERY 1200 10 tunnel disasters
ACTION SERP 1200 15 EXAMINE_SERP
ACTION SNIPPET 1200 15 SNIPPET_RELEVANT 4398c84e-81da-11e6-a52d-9a865a0ed0d4
ACTION DOC 1200 35 EXAMINING_DOCUMENT 4398c84e-81da-11e6-a52d-9a865a0ed0d4
ACTION MARK 1200 38 CONSIDERED_RELEVANT 4398c84e-81da-11e6-a52d-9a865a0ed0d4
ACTION SNIPPET 1200 38 SNIPPET_RELEVANT 61d983e5a1fe6acdaa6396cba48a1cdb
ACTION DOC 1200 58 EXAMINING_DOCUMENT 61d983e5a1fe6acdaa6396cba48a1cdb
ACTION SNIPPET 1200 58 SNIPPET_RELEVANT 60c539a6-9b2d-11e4-a7ee-526210d665b4
ACTION DOC 1200 78 EXAMINING_DOCUMENT 60c539a6-9b2d-11e4-a7ee-526210d665b4
ACTION MARK 1200 81 CONSIDERED_RELEVANT 60c539a6-9b2d-11e4-a7ee-526210d665b4
ACTION SNIPPET 1200 81 SNIPPET_RELEVANT da62e630-423f-11e7-8c25-44d09ff5a4a8
ACTION DOC 1200 101 EXAMINING_DOCUMENT da62e630-423f-11e7-8c25-44d09ff5a4a8
ACTION MARK 1200 104 CONSIDERED_RELEVANT da62e630-423f-11e7-8c25-44d09ff5a4a8
ACTION SNIPPET 1200 104 SNIPPET_RELEVANT 050aa508-a0e9-11e4-b146-577832eafcb4
ACTION DOC 1200 124 EXAMINING_DOCUMENT 050aa508-a0e9-11e4-b146-577832eafcb4
ACTION MARK 1200 127 CONSIDERED_RELEVANT 050aa508-a0e9-11e4-b146-577832eafcb4
ACTION SNIPPET 1200 127 SNIPPET_RELEVANT f1c0daae-3587-11e7-b412-62beef8121f7
ACTION DOC 1200 147 EXAMINING_DOCUMENT f1c0daae-3587-11e7-b412-62beef8121f7
ACTION MARK 1200 150 CONSIDERED_RELEVANT f1c0daae-3587-11e7-b412-62beef8121f7
ACTION QUERY 1200 160 transportation accidents
ACTION SERP 1200 165 EXAMINE_SERP
ACTION SNIPPET 1200 165 SNIPPET_RELEVANT 9143d6b57c6629d2bfa1ba3b5f68a673
ACTION DOC 1200 185 EXAMINING_DOCUMENT 9143d6b57c6629d2bfa1ba3b5f68a673
ACTION SNIPPET 1200 185 SNIPPET_RELEVANT c4a7cb273b3c2355b875edefe0d428b9
ACTION DOC 1200 205 EXAMINING_DOCUMENT c4a7cb273b3c2355b875edefe0d428b9
ACTION SNIPPET 1200 205 SNIPPET_RELEVANT 5753e130-8457-11e3-bbe5-6a2a3141e3a9
ACTION DOC 1200 225 EXAMINING_DOCUMENT 5753e130-8457-11e3-bbe5-6a2a3141e3a9
ACTION SNIPPET 1200 225 SNIPPET_RELEVANT ab77b414-46d2-11e5-8e7d-9c033e6745d8
ACTION DOC 1200 245 EXAMINING_DOCUMENT ab77b414-46d2-11e5-8e7d-9c033e6745d8
ACTION SNIPPET 1200 245 SNIPPET_RELEVANT 131629de250611ba451b80e216ec33f5
ACTION DOC 1200 265 EXAMINING_DOCUMENT 131629de250611ba451b80e216ec33f5
ACTION SNIPPET 1200 265 SNIPPET_RELEVANT 1d9d557bc0cd46b1d830de28027fcfba
ACTION DOC 1200 285 EXAMINING_DOCUMENT 1d9d557bc0cd46b1d830de28027fcfba
ACTION MARK 1200 288 CONSIDERED_RELEVANT 1d9d557bc0cd46b1d830de28027fcfba
ACTION QUERY 1200 298 infrastructure failures
ACTION SERP 1200 303 EXAMINE_SERP
ACTION SNIPPET 1200 303 SNIPPET_RELEVANT 63af0197fa42f6b1ce68a72845670615
ACTION DOC 1200 323 EXAMINING_DOCUMENT 63af0197fa42f6b1ce68a72845670615
ACTION SNIPPET 1200 323 SNIPPET_RELEVANT 7dd6499c367718b948f968eb1beb2a90
ACTION DOC 1200 343 EXAMINING_DOCUMENT 7dd6499c367718b948f968eb1beb2a90
ACTION SNIPPET 1200 343 SNIPPET_RELEVANT 4e37537a-b3df-11e5-9388-466021d971de
ACTION DOC 1200 363 EXAMINING_DOCUMENT 4e37537a-b3df-11e5-9388-466021d971de
ACTION SNIPPET 1200 363 SNIPPET_RELEVANT 0a511c30-5f01-11e2-b05a-605528f6b712
ACTION DOC 1200 383 EXAMINING_DOCUMENT 0a511c30-5f01-11e2-b05a-605528f6b712
ACTION SNIPPET 1200 383 SNIPPET_RELEVANT 0c83af1718cfbf99c6035850d9a2a061
ACTION DOC 1200 403 EXAMINING_DOCUMENT 0c83af1718cfbf99c6035850d9a2a061
ACTION SNIPPET 1200 403 SNIPPET_RELEVANT 57a12f94-00b6-11e5-8c77-bf274685e1df
ACTION DOC 1200 423 EXAMINING_DOCUMENT 57a12f94-00b6-11e5-8c77-bf274685e1df
ACTION QUERY 1200 433 tunnel collapses
ACTION SERP 1200 438 EXAMINE_SERP
ACTION SNIPPET 1200 438 SNIPPET_RELEVANT bd1d0706-fc04-11e3-932c-0a55b81f48ce
ACTION DOC 1200 458 EXAMINING_DOCUMENT bd1d0706-fc04-11e3-932c-0a55b81f48ce
ACTION SNIPPET 1200 458 SEEN_PREVIOUSLY f1c0daae-3587-11e7-b412-62beef8121f7
ACTION SNIPPET 1200 458 SNIPPET_RELEVANT b2218560c3c32bc3da4da051a0544ee8
ACTION DOC 1200 478 EXAMINING_DOCUMENT b2218560c3c32bc3da4da051a0544ee8
ACTION SNIPPET 1200 478 SNIPPET_RELEVANT 5f116d52-3976-11e2-b01f-5f55b193f58f
ACTION DOC 1200 498 EXAMINING_DOCUMENT 5f116d52-3976-11e2-b01f-5f55b193f58f
ACTION SNIPPET 1200 498 SNIPPET_RELEVANT b7f60bac-0543-11e6-a12f-ea5aed7958dc
ACTION DOC 1200 518 EXAMINING_DOCUMENT b7f60bac-0543-11e6-a12f-ea5aed7958dc
ACTION SNIPPET 1200 518 SNIPPET_RELEVANT 9e0c8a2c8e689ac27a197b091986222f
ACTION DOC 1200 538 EXAMINING_DOCUMENT 9e0c8a2c8e689ac27a197b091986222f
ACTION SNIPPET 1200 538 SNIPPET_RELEVANT f78ee398-ba2d-11e1-abd4-aecc81b4466d
ACTION DOC 1200 558 EXAMINING_DOCUMENT f78ee398-ba2d-11e1-abd4-aecc81b4466d
ACTION MARK 1200 561 CONSIDERED_RELEVANT f78ee398-ba2d-11e1-abd4-aecc81b4466d
ACTION QUERY 1200 571 train crashes
ACTION SERP 1200 576 EXAMINE_SERP
ACTION SNIPPET 1200 576 SNIPPET_RELEVANT 7cc9d78adc730c0196d40b1f66909d3a
ACTION DOC 1200 596 EXAMINING_DOCUMENT 7cc9d78adc730c0196d40b1f66909d3a
ACTION MARK 1200 599 CONSIDERED_RELEVANT 7cc9d78adc730c0196d40b1f66909d3a
ACTION SNIPPET 1200 599 SNIPPET_RELEVANT a4f06bebafc25ffd2191b99d2f64d589
ACTION DOC 1200 619 EXAMINING_DOCUMENT a4f06bebafc25ffd2191b99d2f64d589
ACTION MARK 1200 622 CONSIDERED_RELEVANT a4f06bebafc25ffd2191b99d2f64d589
ACTION SNIPPET 1200 622 SNIPPET_RELEVANT 8a36bc9c2f60a31132a26fbbac4b718b
ACTION DOC 1200 642 EXAMINING_DOCUMENT 8a36bc9c2f60a31132a26fbbac4b718b
ACTION SNIPPET 1200 642 SNIPPET_RELEVANT 73a57b04-cf0b-11e5-b2bc-988409ee911b
ACTION DOC 1200 662 EXAMINING_DOCUMENT 73a57b04-cf0b-11e5-b2bc-988409ee911b
ACTION SNIPPET 1200 662 SNIPPET_RELEVANT fba917345688a03c173f107699d9c9f4
ACTION DOC 1200 682 EXAMINING_DOCUMENT fba917345688a03c173f107699d9c9f4
ACTION SNIPPET 1200 682 SNIPPET_RELEVANT 3fd07f78ffe2606ea84ea5ccf4e4936f
ACTION DOC 1200 702 EXAMINING_DOCUMENT 3fd07f78ffe2606ea84ea5ccf4e4936f
ACTION QUERY 1200 712 subway incidents
ACTION SERP 1200 717 EXAMINE_SERP
ACTION SNIPPET 1200 717 SNIPPET_RELEVANT 69d8e04d83b6ecd54fd5503a03de5174
ACTION DOC 1200 737 EXAMINING_DOCUMENT 69d8e04d83b6ecd54fd5503a03de5174
ACTION MARK 1200 740 CONSIDERED_RELEVANT 69d8e04d83b6ecd54fd5503a03de5174
ACTION SNIPPET 1200 740 SNIPPET_RELEVANT ecc91a79b42c8e3f589c723948621e5a
ACTION DOC 1200 760 EXAMINING_DOCUMENT ecc91a79b42c8e3f589c723948621e5a
ACTION SNIPPET 1200 760 SNIPPET_RELEVANT 8bf26a3ea847d092c44c113ca86f927f
ACTION DOC 1200 780 EXAMINING_DOCUMENT 8bf26a3ea847d092c44c113ca86f927f
ACTION SNIPPET 1200 780 SNIPPET_RELEVANT b2822ac95c4b7b7d0c0d1c8e5959ea1e
ACTION DOC 1200 800 EXAMINING_DOCUMENT b2822ac95c4b7b7d0c0d1c8e5959ea1e
ACTION SNIPPET 1200 800 SNIPPET_RELEVANT 9f7149ec-5c6b-11e5-b38e-06883aacba64
ACTION DOC 1200 820 EXAMINING_DOCUMENT 9f7149ec-5c6b-11e5-b38e-06883aacba64
ACTION MARK 1200 823 CONSIDERED_RELEVANT 9f7149ec-5c6b-11e5-b38e-06883aacba64
ACTION SNIPPET 1200 823 SNIPPET_RELEVANT 6034d4e3131af1cfeb087c0fc46e452c
ACTION DOC 1200 843 EXAMINING_DOCUMENT 6034d4e3131af1cfeb087c0fc46e452c
ACTION QUERY 1200 853 highway tunnel accidents
ACTION SERP 1200 858 EXAMINE_SERP
ACTION SNIPPET 1200 858 SNIPPET_RELEVANT 2749aae3338d144ae90ef04e943075f5
ACTION DOC 1200 878 EXAMINING_DOCUMENT 2749aae3338d144ae90ef04e943075f5
ACTION MARK 1200 881 CONSIDERED_RELEVANT 2749aae3338d144ae90ef04e943075f5
ACTION SNIPPET 1200 881 SNIPPET_RELEVANT 5b1101cda74540f56e6b8547ce8781f1
ACTION DOC 1200 901 EXAMINING_DOCUMENT 5b1101cda74540f56e6b8547ce8781f1
ACTION SNIPPET 1200 901 SNIPPET_RELEVANT ecf2e841a04751ab407cb6af21593f24
ACTION DOC 1200 921 EXAMINING_DOCUMENT ecf2e841a04751ab407cb6af21593f24
ACTION SNIPPET 1200 921 SNIPPET_RELEVANT ca01902a-7e0c-11e3-95c6-0a7aa80874bc
ACTION DOC 1200 941 EXAMINING_DOCUMENT ca01902a-7e0c-11e3-95c6-0a7aa80874bc
ACTION MARK 1200 944 CONSIDERED_RELEVANT ca01902a-7e0c-11e3-95c6-0a7aa80874bc
ACTION SNIPPET 1200 944 SNIPPET_RELEVANT 2f965c6f567ebf4a4602219d9a77baae
ACTION DOC 1200 964 EXAMINING_DOCUMENT 2f965c6f567ebf4a4602219d9a77baae
ACTION MARK 1200 967 CONSIDERED_RELEVANT 2f965c6f567ebf4a4602219d9a77baae
ACTION SNIPPET 1200 967 SNIPPET_RELEVANT bdc62ebe-e96b-11e2-8f22-de4bd2a2bd39
ACTION DOC 1200 987 EXAMINING_DOCUMENT bdc62ebe-e96b-11e2-8f22-de4bd2a2bd39
ACTION MARK 1200 990 CONSIDERED_RELEVANT bdc62ebe-e96b-11e2-8f22-de4bd2a2bd39
ACTION QUERY 1200 1000 bridge failures
ACTION SERP 1200 1005 EXAMINE_SERP
ACTION SNIPPET 1200 1005 SEEN_PREVIOUSLY 4e37537a-b3df-11e5-9388-466021d971de
ACTION SNIPPET 1200 1005 SNIPPET_RELEVANT 2af26d3e-7cc0-11e4-b821-503cc7efed9e
ACTION DOC 1200 1025 EXAMINING_DOCUMENT 2af26d3e-7cc0-11e4-b821-503cc7efed9e
ACTION SNIPPET 1200 1025 SEEN_PREVIOUSLY 63af0197fa42f6b1ce68a72845670615
ACTION SNIPPET 1200 1025 SEEN_PREVIOUSLY 7dd6499c367718b948f968eb1beb2a90
ACTION SNIPPET 1200 1025 SNIPPET_RELEVANT 34943c11250c21c9dbac5ec5c35c6e67
ACTION DOC 1200 1045 EXAMINING_DOCUMENT 34943c11250c21c9dbac5ec5c35c6e67
ACTION SNIPPET 1200 1045 SNIPPET_RELEVANT 906737f6-9ffa-11e3-b8d8-94577ff66b28
ACTION DOC 1200 1065 EXAMINING_DOCUMENT 906737f6-9ffa-11e3-b8d8-94577ff66b28
ACTION SNIPPET 1200 1065 SNIPPET_RELEVANT edf971d8-464a-11e6-8856-f26de2537a9d
ACTION DOC 1200 1085 EXAMINING_DOCUMENT edf971d8-464a-11e6-8856-f26de2537a9d
ACTION SNIPPET 1200 1085 SNIPPET_RELEVANT fb7e6d6b32e3b04798ae54f8a2e0006e
ACTION DOC 1200 1105 EXAMINING_DOCUMENT fb7e6d6b32e3b04798ae54f8a2e0006e
ACTION SNIPPET 1200 1105 SNIPPET_RELEVANT aff35766cbe79ab164a4b637549c6514
ACTION DOC 1200 1125 EXAMINING_DOCUMENT aff35766cbe79ab164a4b637549c6514
ACTION QUERY 1200 1135 road tunnel disasters
ACTION SERP 1200 1140 EXAMINE_SERP
ACTION SNIPPET 1200 1140 SNIPPET_RELEVANT 979001e8-ebba-11e6-9973-c5efb7ccfb0d
ACTION DOC 1200 1160 EXAMINING_DOCUMENT 979001e8-ebba-11e6-9973-c5efb7ccfb0d
ACTION SNIPPET 1200 1160 SNIPPET_RELEVANT 80f53e64-69dc-11e5-8325-a42b5a459b1e
ACTION DOC 1200 1180 EXAMINING_DOCUMENT 80f53e64-69dc-11e5-8325-a42b5a459b1e
ACTION SNIPPET 1200 1180 SEEN_PREVIOUSLY 4398c84e-81da-11e6-a52d-9a865a0ed0d4
ACTION SNIPPET 1200 1180 SEEN_PREVIOUSLY 61d983e5a1fe6acdaa6396cba48a1cdb
ACTION SNIPPET 1200 1180 SEEN_PREVIOUSLY 60c539a6-9b2d-11e4-a7ee-526210d665b4
ACTION SNIPPET 1200 1180 SNIPPET_RELEVANT 19d1b0803c05919bcd72c6888d4c9a55
ACTION DOC 1200 1200 EXAMINING_DOCUMENT 19d1b0803c05919bcd72c6888d4c9a55
INFO SUMMARY 
INFO TOTAL_QUERIES_ISSUED 9
INFO TOTAL_SNIPPETS_EXAMINED 58
INFO TOTAL_DOCUMENTS_EXAMINED 51
INFO TOTAL_DOCUMENTS_MARKED_RELEVANT 15
INFO TOTAL_ATTRACTIVE_SERP_IMPRESSIONS 9
INFO TOTAL_UNATTRACTIVE_SERP_IMPRESSIONS 0
