ACTION START 1200 0 START
ACTION QUERY 1200 10 tunnel disasters
ACTION SERP 1200 15 EXAMINE_SERP
ACTION SNIPPET 1200 15 SNIPPET_RELEVANT 4398c84e-81da-11e6-a52d-9a865a0ed0d4
ACTION DOC 1200 35 EXAMINING_DOCUMENT 4398c84e-81da-11e6-a52d-9a865a0ed0d4
ACTION MARK 1200 38 CONSIDERED_RELEVANT 4398c84e-81da-11e6-a52d-9a865a0ed0d4
ACTION SNIPPET 1200 38 SNIPPET_RELEVANT 61d983e5a1fe6acdaa6396cba48a1cdb
ACTION DOC 1200 58 EXAMINING_DOCUMENT 61d983e5a1fe6acdaa6396cba48a1cdb
ACTION SNIPPET 1200 58 SNIPPET_RELEVANT 60c539a6-9b2d-11e4-a7ee-526210d665b4
ACTION DOC 1200 78 EXAMINING_DOCUMENT 60c539a6-9b2d-11e4-a7ee-526210d665b4
ACTION MARK 1200 81 CONSIDERED_RELEVANT 60c539a6-9b2d-11e4-a7ee-526210d665b4
ACTION SNIPPET 1200 81 SNIPPET_RELEVANT da62e630-423f-11e7-8c25-44d09ff5a4a8
ACTION DOC 1200 101 EXAMINING_DOCUMENT da62e630-423f-11e7-8c25-44d09ff5a4a8
ACTION MARK 1200 104 CONSIDERED_RELEVANT da62e630-423f-11e7-8c25-44d09ff5a4a8
ACTION SNIPPET 1200 104 SNIPPET_RELEVANT 050aa508-a0e9-11e4-b146-577832eafcb4
ACTION DOC 1200 124 EXAMINING_DOCUMENT 050aa508-a0e9-11e4-b146-577832eafcb4
ACTION MARK 1200 127 CONSIDERED_RELEVANT 050aa508-a0e9-11e4-b146-577832eafcb4
ACTION SNIPPET 1200 127 SNIPPET_RELEVANT f1c0daae-3587-11e7-b412-62beef8121f7
ACTION DOC 1200 147 EXAMINING_DOCUMENT f1c0daae-3587-11e7-b412-62beef8121f7
ACTION QUERY 1200 157 tunnel fire accidents
ACTION SERP 1200 162 EXAMINE_SERP
ACTION SNIPPET 1200 162 SNIPPET_RELEVANT da7d4b3a49bafa2120bbe336fe529161
ACTION DOC 1200 182 EXAMINING_DOCUMENT da7d4b3a49bafa2120bbe336fe529161
ACTION MARK 1200 185 CONSIDERED_RELEVANT da7d4b3a49bafa2120bbe336fe529161
ACTION SNIPPET 1200 185 SNIPPET_RELEVANT 6aa768ab1d57fa7753a98db6edd13fd5
ACTION DOC 1200 205 EXAMINING_DOCUMENT 6aa768ab1d57fa7753a98db6edd13fd5
ACTION MARK 1200 208 CONSIDERED_RELEVANT 6aa768ab1d57fa7753a98db6edd13fd5
ACTION SNIPPET 1200 208 SNIPPET_RELEVANT 88ae94a8-2c61-11e3-8ade-a1f23cda135e
ACTION DOC 1200 228 EXAMINING_DOCUMENT 88ae94a8-2c61-11e3-8ade-a1f23cda135e
ACTION MARK 1200 231 CONSIDERED_RELEVANT 88ae94a8-2c61-11e3-8ade-a1f23cda135e
ACTION SNIPPET 1200 231 SNIPPET_RELEVANT 4abed1fa-2de0-11e3-8ade-a1f23cda135e
ACTION DOC 1200 251 EXAMINING_DOCUMENT 4abed1fa-2de0-11e3-8ade-a1f23cda135e
ACTION MARK 1200 254 CONSIDERED_RELEVANT 4abed1fa-2de0-11e3-8ade-a1f23cda135e
ACTION SNIPPET 1200 254 SNIPPET_RELEVANT 2f965c6f567ebf4a4602219d9a77baae
ACTION DOC 1200 274 EXAMINING_DOCUMENT 2f965c6f567ebf4a4602219d9a77baae
ACTION MARK 1200 277 CONSIDERED_RELEVANT 2f965c6f567ebf4a4602219d9a77baae
ACTION QUERY 1200 287 train tunnel accidents
ACTION SERP 1200 292 EXAMINE_SERP
ACTION SNIPPET 1200 292 SNIPPET_RELEVANT 47983f4dff9f6ca0274fef214d317174
ACTION DOC 1200 312 EXAMINING_DOCUMENT 47983f4dff9f6ca0274fef214d317174
ACTION SNIPPET 1200 312 SNIPPET_RELEVANT 943064d92e4caef2acbe55c513ce77fa
ACTION DOC 1200 332 EXAMINING_DOCUMENT 943064d92e4caef2acbe55c513ce77fa
ACTION MARK 1200 335 CONSIDERED_RELEVANT 943064d92e4caef2acbe55c513ce77fa
ACTION SNIPPET 1200 335 SNIPPET_RELEVANT 2749aae3338d144ae90ef04e943075f5
ACTION DOC 1200 355 EXAMINING_DOCUMENT 2749aae3338d144ae90ef04e943075f5
ACTION SNIPPET 1200 355 SEEN_PREVIOUSLY 2f965c6f567ebf4a4602219d9a77baae
ACTION SNIPPET 1200 355 SNIPPET_RELEVANT f7690e6caf60681aedb66e2f639d0ccf
ACTION DOC 1200 375 EXAMINING_DOCUMENT f7690e6caf60681aedb66e2f639d0ccf
ACTION MARK 1200 378 CONSIDERED_RELEVANT f7690e6caf60681aedb66e2f639d0ccf
ACTION SNIPPET 1200 378 SEEN_PREVIOUSLY 88ae94a8-2c61-11e3-8ade-a1f23cda135e
ACTION SNIPPET 1200 378 SNIPPET_RELEVANT 07a3467ffa8eaeb5746e2bbd6eb85ae3
ACTION DOC 1200 398 EXAMINING_DOCUMENT 07a3467ffa8eaeb5746e2bbd6eb85ae3
ACTION MARK 1200 401 CONSIDERED_RELEVANT 07a3467ffa8eaeb5746e2bbd6eb85ae3
ACTION SNIPPET 1200 401 SNIPPET_RELEVANT eb65241e-1bfb-11e5-93b7-5eddc056ad8a
ACTION DOC 1200 421 EXAMINING_DOCUMENT eb65241e-1bfb-11e5-93b7-5eddc056ad8a
ACTION MARK 1200 424 CONSIDERED_RELEVANT eb65241e-1bfb-11e5-93b7-5eddc056ad8a
ACTION QUERY 1200 434 tunnel fire disasters
ACTION SERP 1200 439 EXAMINE_SERP
ACTION SNIPPET 1200 439 SEEN_PREVIOUSLY 60c539a6-9b2d-11e4-a7ee-526210d665b4
ACTION SNIPPET 1200 439 SEEN_PREVIOUSLY da62e630-423f-11e7-8c25-44d09ff5a4a8
ACTION SNIPPET 1200 439 SEEN_PREVIOUSLY eb65241e-1bfb-11e5-93b7-5eddc056ad8a
ACTION SNIPPET 1200 439 SNIPPET_RELEVANT 48bb8f5c-a49e-11e4-a06b-9df2002b86a0
ACTION DOC 1200 459 EXAMINING_DOCUMENT 48bb8f5c-a49e-11e4-a06b-9df2002b86a0
ACTION MARK 1200 462 CONSIDERED_RELEVANT 48bb8f5c-a49e-11e4-a06b-9df2002b86a0
ACTION SNIPPET 1200 462 SNIPPET_RELEVANT a435f21ab36d7b6bc8edcdc27ad2e17f
ACTION DOC 1200 482 EXAMINING_DOCUMENT a435f21ab36d7b6bc8edcdc27ad2e17f
ACTION MARK 1200 485 CONSIDERED_RELEVANT a435f21ab36d7b6bc8edcdc27ad2e17f
ACTION SNIPPET 1200 485 SNIPPET_RELEVANT 463d7bee-ad3d-11e4-ad71-7b9eba0f87d6
ACTION DOC 1200 505 EXAMINING_DOCUMENT 463d7bee-ad3d-11e4-ad71-7b9eba0f87d6
ACTION MARK 1200 508 CONSIDERED_RELEVANT 463d7bee-ad3d-11e4-ad71-7b9eba0f87d6
ACTION SNIPPET 1200 508 SNIPPET_RELEVANT 4354d59c8716e8cada3e01167cbc6e1f
ACTION DOC 1200 528 EXAMINING_DOCUMENT 4354d59c8716e8cada3e01167cbc6e1f
ACTION MARK 1200 531 CONSIDERED_RELEVANT 4354d59c8716e8cada3e01167cbc6e1f
ACTION SNIPPET 1200 531 SNIPPET_RELEVANT f0b5a92637ba6764237454233ec936d3
ACTION DOC 1200 551 EXAMINING_DOCUMENT f0b5a92637ba6764237454233ec936d3
ACTION MARK 1200 554 CONSIDERED_RELEVANT f0b5a92637ba6764237454233ec936d3
ACTION QUERY 1200 564 transportation tunnel collapses
ACTION SERP 1200 569 EXAMINE_SERP
ACTION SNIPPET 1200 569 SNIPPET_RELEVANT a557e75e-8f3e-11e3-b46a-5a3d0d2130da
ACTION DOC 1200 589 EXAMINING_DOCUMENT a557e75e-8f3e-11e3-b46a-5a3d0d2130da
ACTION SNIPPET 1200 589 SNIPPET_RELEVANT f78ee398-ba2d-11e1-abd4-aecc81b4466d
ACTION DOC 1200 609 EXAMINING_DOCUMENT f78ee398-ba2d-11e1-abd4-aecc81b4466d
ACTION MARK 1200 612 CONSIDERED_RELEVANT f78ee398-ba2d-11e1-abd4-aecc81b4466d
ACTION SNIPPET 1200 612 SNIPPET_RELEVANT bd1d0706-fc04-11e3-932c-0a55b81f48ce
ACTION DOC 1200 632 EXAMINING_DOCUMENT bd1d0706-fc04-11e3-932c-0a55b81f48ce
ACTION SNIPPET 1200 632 SEEN_PREVIOUSLY f1c0daae-3587-11e7-b412-62beef8121f7
ACTION SNIPPET 1200 632 SNIPPET_RELEVANT a43a6744-27ba-11e2-9972-71bf64ea091c
ACTION DOC 1200 652 EXAMINING_DOCUMENT a43a6744-27ba-11e2-9972-71bf64ea091c
ACTION SNIPPET 1200 652 SEEN_PREVIOUSLY 2749aae3338d144ae90ef04e943075f5
ACTION SNIPPET 1200 652 SNIPPET_RELEVANT b2218560c3c32bc3da4da051a0544ee8
ACTION DOC 1200 672 EXAMINING_DOCUMENT b2218560c3c32bc3da4da051a0544ee8
ACTION SNIPPET 1200 672 SNIPPET_RELEVANT c74cc8e7367b9da6a0616f95ef3c90ad
ACTION DOC 1200 692 EXAMINING_DOCUMENT c74cc8e7367b9da6a0616f95ef3c90ad
ACTION QUERY 1200 702 transportation tunnel accidents
ACTION SERP 1200 707 EXAMINE_SERP
ACTION SNIPPET 1200 707 SEEN_PREVIOUSLY 2749aae3338d144ae90ef04e943075f5
ACTION SNIPPET 1200 707 SEEN_PREVIOUSLY 943064d92e4caef2acbe55c513ce77fa
ACTION SNIPPET 1200 707 SEEN_PREVIOUSLY 6aa768ab1d57fa7753a98db6edd13fd5
ACTION SNIPPET 1200 707 SNIPPET_RELEVANT 010c781c-0ecd-11e5-a0dc-2b6f404ff5cf
ACTION DOC 1200 727 EXAMINING_DOCUMENT 010c781c-0ecd-11e5-a0dc-2b6f404ff5cf
ACTION MARK 1200 730 CONSIDERED_RELEVANT 010c781c-0ecd-11e5-a0dc-2b6f404ff5cf
ACTION SNIPPET 1200 730 SEEN_PREVIOUSLY 47983f4dff9f6ca0274fef214d317174
ACTION SNIPPET 1200 730 SNIPPET_RELEVANT adb47363a41ba8affbe016cb84d0e474
ACTION DOC 1200 750 EXAMINING_DOCUMENT adb47363a41ba8affbe016cb84d0e474
ACTION SNIPPET 1200 750 SNIPPET_RELEVANT 516ce882-8454-11e3-a273-6ffd9cf9f4ba
ACTION DOC 1200 770 EXAMINING_DOCUMENT 516ce882-8454-11e3-a273-6ffd9cf9f4ba
ACTION MARK 1200 773 CONSIDERED_RELEVANT 516ce882-8454-11e3-a273-6ffd9cf9f4ba
ACTION SNIPPET 1200 773 SEEN_PREVIOUSLY 88ae94a8-2c61-11e3-8ade-a1f23cda135e
ACTION SNIPPET 1200 773 SEEN_PREVIOUSLY 4abed1fa-2de0-11e3-8ade-a1f23cda135e
ACTION SNIPPET 1200 773 SNIPPET_RELEVANT 3eaefd8e-9b4b-11e4-86a3-1b56f64925f6
ACTION DOC 1200 793 EXAMINING_DOCUMENT 3eaefd8e-9b4b-11e4-86a3-1b56f64925f6
ACTION MARK 1200 796 CONSIDERED_RELEVANT 3eaefd8e-9b4b-11e4-86a3-1b56f64925f6
ACTION SNIPPET 1200 796 SNIPPET_RELEVANT e46f5512-6b57-11e4-a31c-77759fc1eacc
ACTION DOC 1200 816 EXAMINING_DOCUMENT e46f5512-6b57-11e4-a31c-77759fc1eacc
ACTION MARK 1200 819 CONSIDERED_RELEVANT e46f5512-6b57-11e4-a31c-77759fc1eacc
ACTION SNIPPET 1200 819 SNIPPET_RELEVANT 8fe99225f2ef163401ae6983e423fbfb
ACTION DOC 1200 839 EXAMINING_DOCUMENT 8fe99225f2ef163401ae6983e423fbfb
ACTION MARK 1200 842 CONSIDERED_RELEVANT 8fe99225f2ef163401ae6983e423fbfb
ACTION QUERY 1200 852 train tunnel disasters
ACTION SERP 1200 857 EXAMINE_SERP
ACTION SNIPPET 1200 857 SEEN_PREVIOUSLY 60c539a6-9b2d-11e4-a7ee-526210d665b4
ACTION SNIPPET 1200 857 SEEN_PREVIOUSLY 4398c84e-81da-11e6-a52d-9a865a0ed0d4
ACTION SNIPPET 1200 857 SEEN_PREVIOUSLY 050aa508-a0e9-11e4-b146-577832eafcb4
ACTION SNIPPET 1200 857 SNIPPET_RELEVANT db8d3474-1ab0-11e5-ab92-c75ae6ab94b5
ACTION DOC 1200 877 EXAMINING_DOCUMENT db8d3474-1ab0-11e5-ab92-c75ae6ab94b5
ACTION MARK 1200 880 CONSIDERED_RELEVANT db8d3474-1ab0-11e5-ab92-c75ae6ab94b5
ACTION SNIPPET 1200 880 SEEN_PREVIOUSLY eb65241e-1bfb-11e5-93b7-5eddc056ad8a
ACTION SNIPPET 1200 880 SEEN_PREVIOUSLY da62e630-423f-11e7-8c25-44d09ff5a4a8
ACTION SNIPPET 1200 880 SEEN_PREVIOUSLY f0b5a92637ba6764237454233ec936d3
ACTION SNIPPET 1200 880 SEEN_PREVIOUSLY 48bb8f5c-a49e-11e4-a06b-9df2002b86a0
ACTION SNIPPET 1200 880 SNIPPET_RELEVANT b2c848cc0b7a97a9c8a4f2b2a9f46e09
ACTION DOC 1200 900 EXAMINING_DOCUMENT b2c848cc0b7a97a9c8a4f2b2a9f46e09
ACTION MARK 1200 903 CONSIDERED_RELEVANT b2c848cc0b7a97a9c8a4f2b2a9f46e09
ACTION SNIPPET 1200 903 SEEN_PREVIOUSLY 463d7bee-ad3d-11e4-ad71-7b9eba0f87d6
ACTION SNIPPET 1200 903 SEEN_PREVIOUSLY 4354d59c8716e8cada3e01167cbc6e1f
ACTION SNIPPET 1200 903 SNIPPET_RELEVANT 1c3f797e-1501-11e5-89f3-61410da94eb1
ACTION DOC 1200 923 EXAMINING_DOCUMENT 1c3f797e-1501-11e5-89f3-61410da94eb1
ACTION MARK 1200 926 CONSIDERED_RELEVANT 1c3f797e-1501-11e5-89f3-61410da94eb1
ACTION SNIPPET 1200 926 SNIPPET_RELEVANT 9c491ad8-b21b-11e4-827f-93f454140e2b
ACTION DOC 1200 946 EXAMINING_DOCUMENT 9c491ad8-b21b-11e4-827f-93f454140e2b
ACTION MARK 1200 949 CONSIDERED_RELEVANT 9c491ad8-b21b-11e4-827f-93f454140e2b
ACTION SNIPPET 1200 949 SEEN_PREVIOUSLY a435f21ab36d7b6bc8edcdc27ad2e17f
ACTION SNIPPET 1200 949 SNIPPET_RELEVANT e18a0e2e-d760-11e6-9a36-1d296534b31e
ACTION DOC 1200 969 EXAMINING_DOCUMENT e18a0e2e-d760-11e6-9a36-1d296534b31e
ACTION MARK 1200 972 CONSIDERED_RELEVANT e18a0e2e-d760-11e6-9a36-1d296534b31e
ACTION QUERY 1200 982 subway tunnel disasters
ACTION SERP 1200 987 EXAMINE_SERP
ACTION SNIPPET 1200 987 SEEN_PREVIOUSLY 050aa508-a0e9-11e4-b146-577832eafcb4
ACTION SNIPPET 1200 987 SEEN_PREVIOUSLY 60c539a6-9b2d-11e4-a7ee-526210d665b4
ACTION SNIPPET 1200 987 SEEN_PREVIOUSLY 48bb8f5c-a49e-11e4-a06b-9df2002b86a0
ACTION SNIPPET 1200 987 SNIPPET_RELEVANT 2f6f275e-dfe2-11e5-8d98-4b3d9215ade1
ACTION DOC 1200 1007 EXAMINING_DOCUMENT 2f6f275e-dfe2-11e5-8d98-4b3d9215ade1
ACTION SNIPPET 1200 1007 SNIPPET_RELEVANT f34b7bd8004c900a605cdc9d353bac8c
ACTION DOC 1200 1027 EXAMINING_DOCUMENT f34b7bd8004c900a605cdc9d353bac8c
ACTION SNIPPET 1200 1027 SNIPPET_RELEVANT ef18c8dd64641f2e7ae4c61510fd5aa8
ACTION DOC 1200 1047 EXAMINING_DOCUMENT ef18c8dd64641f2e7ae4c61510fd5aa8
ACTION SNIPPET 1200 1047 SNIPPET_RELEVANT 504a8268-da3b-11e5-925f-1d10062cc82d
ACTION DOC 1200 1067 EXAMINING_DOCUMENT 504a8268-da3b-11e5-925f-1d10062cc82d
ACTION SNIPPET 1200 1067 SNIPPET_RELEVANT 770092e04152834bb27ee3cb0a1340af
ACTION DOC 1200 1087 EXAMINING_DOCUMENT 770092e04152834bb27ee3cb0a1340af
ACTION SNIPPET 1200 1087 SEEN_PREVIOUSLY b2c848cc0b7a97a9c8a4f2b2a9f46e09
ACTION SNIPPET 1200 1087 SNIPPET_RELEVANT a25a286c-eaf6-11e5-b0fd-073d5930a7b7
ACTION DOC 1200 1107 EXAMINING_DOCUMENT a25a286c-eaf6-11e5-b0fd-073d5930a7b7
ACTION MARK 1200 1110 CONSIDERED_RELEVANT a25a286c-eaf6-11e5-b0fd-073d5930a7b7
ACTION QUERY 1200 1120 subway tunnel collapses
ACTION SERP 1200 1125 EXAMINE_SERP
ACTION SNIPPET 1200 1125 SEEN_PREVIOUSLY ef18c8dd64641f2e7ae4c61510fd5aa8
ACTION SNIPPET 1200 1125 SEEN_PREVIOUSLY a25a286c-eaf6-11e5-b0fd-073d5930a7b7
ACTION SNIPPET 1200 1125 SNIPPET_RELEVANT aeea443bb4e40d58c56fc497e17c3df5
ACTION DOC 1200 1145 EXAMINING_DOCUMENT aeea443bb4e40d58c56fc497e17c3df5
ACTION SNIPPET 1200 1145 SNIPPET_RELEVANT ed3b2b7c0f85bfa17798962d877a355e
ACTION DOC 1200 1165 EXAMINING_DOCUMENT ed3b2b7c0f85bfa17798962d877a355e
ACTION SNIPPET 1200 1165 SEEN_PREVIOUSLY 2f6f275e-dfe2-11e5-8d98-4b3d9215ade1
ACTION SNIPPET 1200 1165 SNIPPET_RELEVANT 7f995a11c1b02f44dee76920bd780bc1
ACTION DOC 1200 1185 EXAMINING_DOCUMENT 7f995a11c1b02f44dee76920bd780bc1
ACTION SNIPPET 1200 1185 SNIPPET_RELEVANT 9f7149ec-5c6b-11e5-b38e-06883aacba64
ACTION DOC 1200 1205 EXAMINING_DOCUMENT 9f7149ec-5c6b-11e5-b38e-06883aacba64
INFO SUMMARY 
INFO TOTAL_QUERIES_ISSUED 9
INFO TOTAL_SNIPPETS_EXAMINED 79
INFO TOTAL_DOCUMENTS_EXAMINED 49
INFO TOTAL_DOCUMENTS_MARKED_RELEVANT 31
INFO TOTAL_ATTRACTIVE_SERP_IMPRESSIONS 9
INFO TOTAL_UNATTRACTIVE_SERP_IMPRESSIONS 0
