ACTION START 1200 0 START
ACTION QUERY 1200 10 human trafficking
ACTION SERP 1200 15 EXAMINE_SERP
ACTION SNIPPET 1200 15 SNIPPET_RELEVANT 527645b2-725b-11e3-8def-a33011492df2
ACTION DOC 1200 35 EXAMINING_DOCUMENT 527645b2-725b-11e3-8def-a33011492df2
ACTION SNIPPET 1200 35 SNIPPET_RELEVANT b981f890-4b2d-11e4-b72e-d60a9229cc10
ACTION DOC 1200 55 EXAMINING_DOCUMENT b981f890-4b2d-11e4-b72e-d60a9229cc10
ACTION MARK 1200 58 CONSIDERED_RELEVANT b981f890-4b2d-11e4-b72e-d60a9229cc10
ACTION SNIPPET 1200 58 SNIPPET_RELEVANT 493651d4-9755-11e4-8005-1924ede3e54a
ACTION DOC 1200 78 EXAMINING_DOCUMENT 493651d4-9755-11e4-8005-1924ede3e54a
ACTION SNIPPET 1200 78 SNIPPET_RELEVANT e2a9bb1e-2a9d-4c88-b7c6-583eea3aa9fe
ACTION DOC 1200 98 EXAMINING_DOCUMENT e2a9bb1e-2a9d-4c88-b7c6-583eea3aa9fe
ACTION SNIPPET 1200 98 SNIPPET_RELEVANT 0a149608-883f-11e3-a5bd-844629433ba3
ACTION DOC 1200 118 EXAMINING_DOCUMENT 0a149608-883f-11e3-a5bd-844629433ba3
ACTION SNIPPET 1200 118 SNIPPET_RELEVANT 1a914402-3d5c-11e1-84a4-02de40db9b91
ACTION DOC 1200 138 EXAMINING_DOCUMENT 1a914402-3d5c-11e1-84a4-02de40db9b91
ACTION QUERY 1200 148 human smuggling incidents
ACTION SERP 1200 153 EXAMINE_SERP
ACTION SNIPPET 1200 153 SNIPPET_RELEVANT 4989ebfeb752e6b317d1ef3997b21a01
ACTION DOC 1200 173 EXAMINING_DOCUMENT 4989ebfeb752e6b317d1ef3997b21a01
ACTION MARK 1200 176 CONSIDERED_RELEVANT 4989ebfeb752e6b317d1ef3997b21a01
ACTION SNIPPET 1200 176 SNIPPET_RELEVANT 398c72c4-517f-11e5-b225-90edbd49f362
ACTION DOC 1200 196 EXAMINING_DOCUMENT 398c72c4-517f-11e5-b225-90edbd49f362
ACTION MARK 1200 199 CONSIDERED_RELEVANT 398c72c4-517f-11e5-b225-90edbd49f362
ACTION SNIPPET 1200 199 SNIPPET_RELEVANT 4c60c80a-616f-11e5-8e9e-dce8a2a2a679
ACTION DOC 1200 219 EXAMINING_DOCUMENT 4c60c80a-616f-11e5-8e9e-dce8a2a2a679
ACTION SNIPPET 1200 219 SNIPPET_RELEVANT 89d74e8bb75d5daceb3d27636555a20d
ACTION DOC 1200 239 EXAMINING_DOCUMENT 89d74e8bb75d5daceb3d27636555a20d
ACTION SNIPPET 1200 239 SNIPPET_RELEVANT 58bbcc82-7098-11e7-9eac-d56bd5568db8
ACTION DOC 1200 259 EXAMINING_DOCUMENT 58bbcc82-7098-11e7-9eac-d56bd5568db8
ACTION MARK 1200 262 CONSIDERED_RELEVANT 58bbcc82-7098-11e7-9eac-d56bd5568db8
ACTION SNIPPET 1200 262 SNIPPET_RELEVANT 2823909bac31051f388c283a440fdf4b
ACTION DOC 1200 282 EXAMINING_DOCUMENT 2823909bac31051f388c283a440fdf4b
ACTION MARK 1200 285 CONSIDERED_RELEVANT 2823909bac31051f388c283a440fdf4b
ACTION QUERY 1200 295 mass human smuggling
ACTION SERP 1200 300 EXAMINE_SERP
ACTION SNIPPET 1200 300 SEEN_PREVIOUSLY 89d74e8bb75d5daceb3d27636555a20d
ACTION SNIPPET 1200 300 SEEN_PREVIOUSLY 58bbcc82-7098-11e7-9eac-d56bd5568db8
ACTION SNIPPET 1200 300 SEEN_PREVIOUSLY 2823909bac31051f388c283a440fdf4b
ACTION SNIPPET 1200 300 SNIPPET_RELEVANT 5d1e8f56-f949-11e6-bf01-d47f8cf9b643
ACTION DOC 1200 320 EXAMINING_DOCUMENT 5d1e8f56-f949-11e6-bf01-d47f8cf9b643
ACTION SNIPPET 1200 320 SEEN_PREVIOUSLY 398c72c4-517f-11e5-b225-90edbd49f362
ACTION SNIPPET 1200 320 SNIPPET_RELEVANT 9025771d48cbb6a4c607ad6e84bc6a3e
ACTION DOC 1200 340 EXAMINING_DOCUMENT 9025771d48cbb6a4c607ad6e84bc6a3e
ACTION MARK 1200 343 CONSIDERED_RELEVANT 9025771d48cbb6a4c607ad6e84bc6a3e
ACTION SNIPPET 1200 343 SNIPPET_RELEVANT 64394f1d4d06887664ebc0b734f8e262
ACTION DOC 1200 363 EXAMINING_DOCUMENT 64394f1d4d06887664ebc0b734f8e262
ACTION MARK 1200 366 CONSIDERED_RELEVANT 64394f1d4d06887664ebc0b734f8e262
ACTION SNIPPET 1200 366 SNIPPET_RELEVANT b35b0c50-3892-11e6-af02-1df55f0c77ff
ACTION DOC 1200 386 EXAMINING_DOCUMENT b35b0c50-3892-11e6-af02-1df55f0c77ff
ACTION SNIPPET 1200 386 SNIPPET_RELEVANT 5e87b379-bfea-4ac9-bae6-1d43ff31cc94
ACTION DOC 1200 406 EXAMINING_DOCUMENT 5e87b379-bfea-4ac9-bae6-1d43ff31cc94
ACTION MARK 1200 409 CONSIDERED_RELEVANT 5e87b379-bfea-4ac9-bae6-1d43ff31cc94
ACTION SNIPPET 1200 409 SEEN_PREVIOUSLY 4989ebfeb752e6b317d1ef3997b21a01
ACTION SNIPPET 1200 409 SNIPPET_RELEVANT a8118854-1ad4-11e7-9887-1a5314b56a08
ACTION DOC 1200 429 EXAMINING_DOCUMENT a8118854-1ad4-11e7-9887-1a5314b56a08
ACTION MARK 1200 432 CONSIDERED_RELEVANT a8118854-1ad4-11e7-9887-1a5314b56a08
ACTION QUERY 1200 442 smuggling ring busts
ACTION SERP 1200 447 EXAMINE_SERP
ACTION SNIPPET 1200 447 SNIPPET_RELEVANT 7362f00e-3198-11e7-8674-437ddb6e813e
ACTION DOC 1200 467 EXAMINING_DOCUMENT 7362f00e-3198-11e7-8674-437ddb6e813e
ACTION SNIPPET 1200 467 SNIPPET_RELEVANT b79e5be31ec7508efec7cafb79a2c15a
ACTION DOC 1200 487 EXAMINING_DOCUMENT b79e5be31ec7508efec7cafb79a2c15a
ACTION MARK 1200 490 CONSIDERED_RELEVANT b79e5be31ec7508efec7cafb79a2c15a
ACTION SNIPPET 1200 490 SNIPPET_RELEVANT 9ed9ba92-6000-11e2-b05a-605528f6b712
ACTION DOC 1200 510 EXAMINING_DOCUMENT 9ed9ba92-6000-11e2-b05a-605528f6b712
ACTION SNIPPET 1200 510 SNIPPET_RELEVANT c1676b6b94bc03f7615106e0f6d83f07
ACTION DOC 1200 530 EXAMINING_DOCUMENT c1676b6b94bc03f7615106e0f6d83f07
ACTION SNIPPET 1200 530 SEEN_PREVIOUSLY a8118854-1ad4-11e7-9887-1a5314b56a08
ACTION SNIPPET 1200 530 SNIPPET_RELEVANT 68350300ee0528e56a9f64ac82a02f90
ACTION DOC 1200 550 EXAMINING_DOCUMENT 68350300ee0528e56a9f64ac82a02f90
ACTION SNIPPET 1200 550 SNIPPET_RELEVANT dc42d5a6-e840-11e4-aae1-d642717d8afa
ACTION DOC 1200 570 EXAMINING_DOCUMENT dc42d5a6-e840-11e4-aae1-d642717d8afa
ACTION QUERY 1200 580 smuggling ring arrests
ACTION SERP 1200 585 EXAMINE_SERP
ACTION SNIPPET 1200 585 SEEN_PREVIOUSLY a8118854-1ad4-11e7-9887-1a5314b56a08
ACTION SNIPPET 1200 585 SEEN_PREVIOUSLY dc42d5a6-e840-11e4-aae1-d642717d8afa
ACTION SNIPPET 1200 585 SEEN_PREVIOUSLY 7362f00e-3198-11e7-8674-437ddb6e813e
ACTION SNIPPET 1200 585 SEEN_PREVIOUSLY b79e5be31ec7508efec7cafb79a2c15a
ACTION SNIPPET 1200 585 SNIPPET_RELEVANT f73cad84-e76c-11e4-9a6a-c1ab95a0600b
ACTION DOC 1200 605 EXAMINING_DOCUMENT f73cad84-e76c-11e4-9a6a-c1ab95a0600b
ACTION SNIPPET 1200 605 SNIPPET_RELEVANT 73cf379e-daaf-11e2-9df4-895344c13c30
ACTION DOC 1200 625 EXAMINING_DOCUMENT 73cf379e-daaf-11e2-9df4-895344c13c30
ACTION SNIPPET 1200 625 SEEN_PREVIOUSLY 9ed9ba92-6000-11e2-b05a-605528f6b712
ACTION SNIPPET 1200 625 SNIPPET_RELEVANT 05d01110d9c060da7dbe6d8b5a7c44b0
ACTION DOC 1200 645 EXAMINING_DOCUMENT 05d01110d9c060da7dbe6d8b5a7c44b0
ACTION SNIPPET 1200 645 SNIPPET_RELEVANT dbc41a56-2f9d-11e4-bb9b-997ae96fad33
ACTION DOC 1200 665 EXAMINING_DOCUMENT dbc41a56-2f9d-11e4-bb9b-997ae96fad33
ACTION SNIPPET 1200 665 SNIPPET_RELEVANT 260e88e4-d0ad-11e3-9e25-188ebe1fa93b
ACTION DOC 1200 685 EXAMINING_DOCUMENT 260e88e4-d0ad-11e3-9e25-188ebe1fa93b
ACTION SNIPPET 1200 685 SNIPPET_RELEVANT 5b845a6a9f323f4e4cbe439786872304
ACTION DOC 1200 705 EXAMINING_DOCUMENT 5b845a6a9f323f4e4cbe439786872304
ACTION QUERY 1200 715 human trafficking incidents
ACTION SERP 1200 720 EXAMINE_SERP
ACTION SNIPPET 1200 720 SNIPPET_RELEVANT 035ce5e8-5ea2-11e3-bc56-c6ca94801fac
ACTION DOC 1200 740 EXAMINING_DOCUMENT 035ce5e8-5ea2-11e3-bc56-c6ca94801fac
ACTION MARK 1200 743 CONSIDERED_RELEVANT 035ce5e8-5ea2-11e3-bc56-c6ca94801fac
ACTION SNIPPET 1200 743 SNIPPET_RELEVANT 13063bca1914cd9329f82508a130935e
ACTION DOC 1200 763 EXAMINING_DOCUMENT 13063bca1914cd9329f82508a130935e
ACTION SNIPPET 1200 763 SNIPPET_RELEVANT 7a0a7a61eb0213d4586ffdd1c089ede2
ACTION DOC 1200 783 EXAMINING_DOCUMENT 7a0a7a61eb0213d4586ffdd1c089ede2
ACTION MARK 1200 786 CONSIDERED_RELEVANT 7a0a7a61eb0213d4586ffdd1c089ede2
ACTION SNIPPET 1200 786 SNIPPET_RELEVANT 9998d7f04328e1ebaeebd9137d14c86c
ACTION DOC 1200 806 EXAMINING_DOCUMENT 9998d7f04328e1ebaeebd9137d14c86c
ACTION MARK 1200 809 CONSIDERED_RELEVANT 9998d7f04328e1ebaeebd9137d14c86c
ACTION SNIPPET 1200 809 SNIPPET_RELEVANT 3f383d7a-5f48-11e6-af8e-54aa2e849447
ACTION DOC 1200 829 EXAMINING_DOCUMENT 3f383d7a-5f48-11e6-af8e-54aa2e849447
ACTION MARK 1200 832 CONSIDERED_RELEVANT 3f383d7a-5f48-11e6-af8e-54aa2e849447
ACTION SNIPPET 1200 832 SNIPPET_RELEVANT 5cd65a36-b372-11e2-bbf2-a6f9e9d79e19
ACTION DOC 1200 852 EXAMINING_DOCUMENT 5cd65a36-b372-11e2-bbf2-a6f9e9d79e19
ACTION MARK 1200 855 CONSIDERED_RELEVANT 5cd65a36-b372-11e2-bbf2-a6f9e9d79e19
ACTION QUERY 1200 865 smuggling ring busted
ACTION SERP 1200 870 EXAMINE_SERP
ACTION SNIPPET 1200 870 SEEN_PREVIOUSLY 7362f00e-3198-11e7-8674-437ddb6e813e
ACTION SNIPPET 1200 870 SEEN_PREVIOUSLY b79e5be31ec7508efec7cafb79a2c15a
ACTION SNIPPET 1200 870 SEEN_PREVIOUSLY 9ed9ba92-6000-11e2-b05a-605528f6b712
ACTION SNIPPET 1200 870 SEEN_PREVIOUSLY c1676b6b94bc03f7615106e0f6d83f07
ACTION SNIPPET 1200 870 SEEN_PREVIOUSLY a8118854-1ad4-11e7-9887-1a5314b56a08
ACTION SNIPPET 1200 870 SEEN_PREVIOUSLY 68350300ee0528e56a9f64ac82a02f90
ACTION SNIPPET 1200 870 SEEN_PREVIOUSLY dc42d5a6-e840-11e4-aae1-d642717d8afa
ACTION SNIPPET 1200 870 SNIPPET_RELEVANT 4f18ec62-3496-11e6-95c0-2a6873031302
ACTION DOC 1200 890 EXAMINING_DOCUMENT 4f18ec62-3496-11e6-95c0-2a6873031302
ACTION SNIPPET 1200 890 SNIPPET_RELEVANT 60467c4ec1c0565332868972e8aba747
ACTION DOC 1200 910 EXAMINING_DOCUMENT 60467c4ec1c0565332868972e8aba747
ACTION SNIPPET 1200 910 SNIPPET_RELEVANT 92ee4dce-194c-11e7-855e-4824bbb5d748
ACTION DOC 1200 930 EXAMINING_DOCUMENT 92ee4dce-194c-11e7-855e-4824bbb5d748
ACTION SNIPPET 1200 930 SNIPPET_RELEVANT 86a7640b1164f5f9be6bae40b4e32761
ACTION DOC 1200 950 EXAMINING_DOCUMENT 86a7640b1164f5f9be6bae40b4e32761
ACTION SNIPPET 1200 950 SNIPPET_RELEVANT 611a5845cc70265f194bb61c4604cf79
ACTION DOC 1200 970 EXAMINING_DOCUMENT 611a5845cc70265f194bb61c4604cf79
ACTION SNIPPET 1200 970 SEEN_PREVIOUSLY 73cf379e-daaf-11e2-9df4-895344c13c30
ACTION SNIPPET 1200 970 SNIPPET_RELEVANT 7d20ad5c312662be6439da64612a8106
ACTION DOC 1200 990 EXAMINING_DOCUMENT 7d20ad5c312662be6439da64612a8106
ACTION QUERY 1200 1000 illegal migration routes
ACTION SERP 1200 1005 EXAMINE_SERP
ACTION SNIPPET 1200 1005 SNIPPET_RELEVANT 23c6a8de-d92b-11e2-a016-92547bf094cc
ACTION DOC 1200 1025 EXAMINING_DOCUMENT 23c6a8de-d92b-11e2-a016-92547bf094cc
ACTION SNIPPET 1200 1025 SNIPPET_RELEVANT 478131c8-8929-11e3-916e-e01534b1e132
ACTION DOC 1200 1045 EXAMINING_DOCUMENT 478131c8-8929-11e3-916e-e01534b1e132
ACTION SNIPPET 1200 1045 SNIPPET_RELEVANT fdc4e54e-ef1d-11e6-9973-c5efb7ccfb0d
ACTION DOC 1200 1065 EXAMINING_DOCUMENT fdc4e54e-ef1d-11e6-9973-c5efb7ccfb0d
ACTION SNIPPET 1200 1065 SNIPPET_RELEVANT 367659ea3e72e997c13be1fb25822006
ACTION DOC 1200 1085 EXAMINING_DOCUMENT 367659ea3e72e997c13be1fb25822006
ACTION MARK 1200 1088 CONSIDERED_RELEVANT 367659ea3e72e997c13be1fb25822006
ACTION SNIPPET 1200 1088 SNIPPET_RELEVANT 54be7f17-da92-49f5-ae1e-6651a49656f4
ACTION DOC 1200 1108 EXAMINING_DOCUMENT 54be7f17-da92-49f5-ae1e-6651a49656f4
ACTION MARK 1200 1111 CONSIDERED_RELEVANT 54be7f17-da92-49f5-ae1e-6651a49656f4
ACTION SNIPPET 1200 1111 SNIPPET_RELEVANT 5201645a-953a-11e5-8aa0-5d0946560a97
ACTION DOC 1200 1131 EXAMINING_DOCUMENT 5201645a-953a-11e5-8aa0-5d0946560a97
ACTION QUERY 1200 1141 illegal migration news
ACTION SERP 1200 1146 EXAMINE_SERP
ACTION SNIPPET 1200 1146 SNIPPET_RELEVANT 39f8df70-898a-11e5-9a07-453018f9a0ec
ACTION DOC 1200 1166 EXAMINING_DOCUMENT 39f8df70-898a-11e5-9a07-453018f9a0ec
ACTION SNIPPET 1200 1166 SNIPPET_RELEVANT dfa12a0a-39be-11e7-a59b-26e0451a96fd
ACTION DOC 1200 1186 EXAMINING_DOCUMENT dfa12a0a-39be-11e7-a59b-26e0451a96fd
ACTION SNIPPET 1200 1186 SEEN_PREVIOUSLY 23c6a8de-d92b-11e2-a016-92547bf094cc
ACTION SNIPPET 1200 1186 SNIPPET_RELEVANT c34cbc8a-bf98-11e5-98c8-7fab78677d51
ACTION DOC 1200 1206 EXAMINING_DOCUMENT c34cbc8a-bf98-11e5-98c8-7fab78677d51
INFO SUMMARY 
INFO TOTAL_QUERIES_ISSUED 9
INFO TOTAL_SNIPPETS_EXAMINED 71
INFO TOTAL_DOCUMENTS_EXAMINED 51
INFO TOTAL_DOCUMENTS_MARKED_RELEVANT 17
INFO TOTAL_ATTRACTIVE_SERP_IMPRESSIONS 9
INFO TOTAL_UNATTRACTIVE_SERP_IMPRESSIONS 0
