ACTION START 1200 0 START
ACTION QUERY 1200 10 social media teen suicide
ACTION SERP 1200 15 EXAMINE_SERP
ACTION SNIPPET 1200 15 SNIPPET_RELEVANT 00bad2988aff6a1fc691996241db0c32
ACTION DOC 1200 35 EXAMINING_DOCUMENT 00bad2988aff6a1fc691996241db0c32
ACTION SNIPPET 1200 35 SNIPPET_RELEVANT 5e9bf47d5caf3814de5b9c76f0c6d251
ACTION DOC 1200 55 EXAMINING_DOCUMENT 5e9bf47d5caf3814de5b9c76f0c6d251
ACTION SNIPPET 1200 55 SNIPPET_RELEVANT 50ec1b07340f8a13e87527fca0be10ec
ACTION DOC 1200 75 EXAMINING_DOCUMENT 50ec1b07340f8a13e87527fca0be10ec
ACTION SNIPPET 1200 75 SNIPPET_RELEVANT 11007169a19aa8d7ca42d2169e6445a4
ACTION DOC 1200 95 EXAMINING_DOCUMENT 11007169a19aa8d7ca42d2169e6445a4
ACTION SNIPPET 1200 95 SNIPPET_RELEVANT 806c9e02-f27c-11e3-914c-1fbd0614e2d4
ACTION DOC 1200 115 EXAMINING_DOCUMENT 806c9e02-f27c-11e3-914c-1fbd0614e2d4
ACTION SNIPPET 1200 115 SNIPPET_RELEVANT 1011d4d0-c412-11e3-bcec-b71ee10e9bc3
ACTION DOC 1200 135 EXAMINING_DOCUMENT 1011d4d0-c412-11e3-bcec-b71ee10e9bc3
ACTION QUERY 1200 145 social media bullying suicide
ACTION SERP 1200 150 EXAMINE_SERP
ACTION SNIPPET 1200 150 SNIPPET_RELEVANT e722bce3a4f01d7f9089ce82bd23a36d
ACTION DOC 1200 170 EXAMINING_DOCUMENT e722bce3a4f01d7f9089ce82bd23a36d
ACTION SNIPPET 1200 170 SEEN_PREVIOUSLY 50ec1b07340f8a13e87527fca0be10ec
ACTION SNIPPET 1200 170 SNIPPET_RELEVANT d54544776f7b79b73558fa669522f2e7
ACTION DOC 1200 190 EXAMINING_DOCUMENT d54544776f7b79b73558fa669522f2e7
ACTION SNIPPET 1200 190 SEEN_PREVIOUSLY 5e9bf47d5caf3814de5b9c76f0c6d251
ACTION SNIPPET 1200 190 SNIPPET_RELEVANT c903fd3681a8d1a543bd0f19e3e15c33
ACTION DOC 1200 210 EXAMINING_DOCUMENT c903fd3681a8d1a543bd0f19e3e15c33
ACTION SNIPPET 1200 210 SNIPPET_RELEVANT 764cf6e08bcb0a9a27056cb700660445
ACTION DOC 1200 230 EXAMINING_DOCUMENT 764cf6e08bcb0a9a27056cb700660445
ACTION SNIPPET 1200 230 SNIPPET_RELEVANT 59f9fa6d5baacf4ab5101c7e13d10e91
ACTION DOC 1200 250 EXAMINING_DOCUMENT 59f9fa6d5baacf4ab5101c7e13d10e91
ACTION SNIPPET 1200 250 SNIPPET_RELEVANT 57634dbab8bad9646965b06138da9316
ACTION DOC 1200 270 EXAMINING_DOCUMENT 57634dbab8bad9646965b06138da9316
ACTION QUERY 1200 280 cyberbullying suicide cases
ACTION SERP 1200 285 EXAMINE_SERP
ACTION SNIPPET 1200 285 SNIPPET_RELEVANT 65f755fc-1cd6-11e3-a628-7e6dde8f889d
ACTION DOC 1200 305 EXAMINING_DOCUMENT 65f755fc-1cd6-11e3-a628-7e6dde8f889d
ACTION MARK 1200 308 CONSIDERED_RELEVANT 65f755fc-1cd6-11e3-a628-7e6dde8f889d
ACTION SNIPPET 1200 308 SNIPPET_RELEVANT db04525b3c63a794d6e23c5da80c1b1e
ACTION DOC 1200 328 EXAMINING_DOCUMENT db04525b3c63a794d6e23c5da80c1b1e
ACTION MARK 1200 331 CONSIDERED_RELEVANT db04525b3c63a794d6e23c5da80c1b1e
ACTION SNIPPET 1200 331 SEEN_PREVIOUSLY 5e9bf47d5caf3814de5b9c76f0c6d251
ACTION SNIPPET 1200 331 SNIPPET_RELEVANT 5b7ecb8d3b42e432ebdb0920576711c3
ACTION DOC 1200 351 EXAMINING_DOCUMENT 5b7ecb8d3b42e432ebdb0920576711c3
ACTION SNIPPET 1200 351 SNIPPET_RELEVANT b0715daee17a65466f8ae8781cce1e7d
ACTION DOC 1200 371 EXAMINING_DOCUMENT b0715daee17a65466f8ae8781cce1e7d
ACTION SNIPPET 1200 371 SNIPPET_RELEVANT bb534ec6-2c2b-11e7-a616-d7c8a68c1a66
ACTION DOC 1200 391 EXAMINING_DOCUMENT bb534ec6-2c2b-11e7-a616-d7c8a68c1a66
ACTION SNIPPET 1200 391 SNIPPET_RELEVANT bd3caa6600273d3661bfc6ebc66cf78c
ACTION DOC 1200 411 EXAMINING_DOCUMENT bd3caa6600273d3661bfc6ebc66cf78c
ACTION MARK 1200 414 CONSIDERED_RELEVANT bd3caa6600273d3661bfc6ebc66cf78c
ACTION QUERY 1200 424 cyberbullying teen suicide
ACTION SERP 1200 429 EXAMINE_SERP
ACTION SNIPPET 1200 429 SEEN_PREVIOUSLY 5e9bf47d5caf3814de5b9c76f0c6d251
ACTION SNIPPET 1200 429 SEEN_PREVIOUSLY db04525b3c63a794d6e23c5da80c1b1e
ACTION SNIPPET 1200 429 SEEN_PREVIOUSLY bb534ec6-2c2b-11e7-a616-d7c8a68c1a66
ACTION SNIPPET 1200 429 SEEN_PREVIOUSLY b0715daee17a65466f8ae8781cce1e7d
ACTION SNIPPET 1200 429 SNIPPET_RELEVANT fd6fba2bff33e9b33df7f2aca8b7b5a2
ACTION DOC 1200 449 EXAMINING_DOCUMENT fd6fba2bff33e9b33df7f2aca8b7b5a2
ACTION SNIPPET 1200 449 SEEN_PREVIOUSLY 5b7ecb8d3b42e432ebdb0920576711c3
ACTION SNIPPET 1200 449 SNIPPET_RELEVANT f0c2d1dd006762ab79b9984e4fbb0c45
ACTION DOC 1200 469 EXAMINING_DOCUMENT f0c2d1dd006762ab79b9984e4fbb0c45
ACTION SNIPPET 1200 469 SNIPPET_RELEVANT 1ffa583a-9362-11e3-b46a-5a3d0d2130da
ACTION DOC 1200 489 EXAMINING_DOCUMENT 1ffa583a-9362-11e3-b46a-5a3d0d2130da
ACTION SNIPPET 1200 489 SNIPPET_RELEVANT 53477568-a3a6-11e1-9e73-f4e3879b34a3
ACTION DOC 1200 509 EXAMINING_DOCUMENT 53477568-a3a6-11e1-9e73-f4e3879b34a3
ACTION SNIPPET 1200 509 SEEN_PREVIOUSLY 65f755fc-1cd6-11e3-a628-7e6dde8f889d
ACTION SNIPPET 1200 509 SEEN_PREVIOUSLY bd3caa6600273d3661bfc6ebc66cf78c
ACTION SNIPPET 1200 509 SNIPPET_RELEVANT 68fa5455d8457cb1a323988a03a41e05
ACTION DOC 1200 529 EXAMINING_DOCUMENT 68fa5455d8457cb1a323988a03a41e05
ACTION SNIPPET 1200 529 SNIPPET_RELEVANT d4e62035c9bf6675e0094514405e0066
ACTION DOC 1200 549 EXAMINING_DOCUMENT d4e62035c9bf6675e0094514405e0066
ACTION QUERY 1200 559 social media bullying death
ACTION SERP 1200 564 EXAMINE_SERP
ACTION SNIPPET 1200 564 SEEN_PREVIOUSLY c903fd3681a8d1a543bd0f19e3e15c33
ACTION SNIPPET 1200 564 SEEN_PREVIOUSLY 764cf6e08bcb0a9a27056cb700660445
ACTION SNIPPET 1200 564 SEEN_PREVIOUSLY b0715daee17a65466f8ae8781cce1e7d
ACTION SNIPPET 1200 564 SNIPPET_RELEVANT 301091236b9131cc4805a243beb9296e
ACTION DOC 1200 584 EXAMINING_DOCUMENT 301091236b9131cc4805a243beb9296e
ACTION SNIPPET 1200 584 SNIPPET_RELEVANT 7a5bdeca-c83a-11e5-88ff-e2d1b4289c2f
ACTION DOC 1200 604 EXAMINING_DOCUMENT 7a5bdeca-c83a-11e5-88ff-e2d1b4289c2f
ACTION SNIPPET 1200 604 SNIPPET_RELEVANT df2ce31141406bf4cc26a308310658ae
ACTION DOC 1200 624 EXAMINING_DOCUMENT df2ce31141406bf4cc26a308310658ae
ACTION SNIPPET 1200 624 SNIPPET_RELEVANT 1f799cc1-2d0f-4cdb-8933-9ec55250c7f6
ACTION DOC 1200 644 EXAMINING_DOCUMENT 1f799cc1-2d0f-4cdb-8933-9ec55250c7f6
ACTION SNIPPET 1200 644 SNIPPET_RELEVANT b028360f63352e367fb8f409df6acb1f
ACTION DOC 1200 664 EXAMINING_DOCUMENT b028360f63352e367fb8f409df6acb1f
ACTION SNIPPET 1200 664 SNIPPET_RELEVANT 384f96ed6343ac2df8efb0529278afb1
ACTION DOC 1200 684 EXAMINING_DOCUMENT 384f96ed6343ac2df8efb0529278afb1
ACTION QUERY 1200 694 teenage cyberbullying cases
ACTION SERP 1200 699 EXAMINE_SERP
ACTION SNIPPET 1200 699 SNIPPET_RELEVANT 129ecc05cc76a1018decb3956170d6e4
ACTION DOC 1200 719 EXAMINING_DOCUMENT 129ecc05cc76a1018decb3956170d6e4
ACTION SNIPPET 1200 719 SNIPPET_RELEVANT 8134dda4c43f9218694c5a98975aac25
ACTION DOC 1200 739 EXAMINING_DOCUMENT 8134dda4c43f9218694c5a98975aac25
ACTION SNIPPET 1200 739 SNIPPET_RELEVANT 481de9c5a82672dd2c6fd7257cbea587
ACTION DOC 1200 759 EXAMINING_DOCUMENT 481de9c5a82672dd2c6fd7257cbea587
ACTION SNIPPET 1200 759 SNIPPET_RELEVANT 74bc423941bfe25fba5f1b0a25335ae4
ACTION DOC 1200 779 EXAMINING_DOCUMENT 74bc423941bfe25fba5f1b0a25335ae4
ACTION SNIPPET 1200 779 SNIPPET_RELEVANT 593a20fc-5951-11e4-b812-38518ae74c67
ACTION DOC 1200 799 EXAMINING_DOCUMENT 593a20fc-5951-11e4-b812-38518ae74c67
ACTION SNIPPET 1200 799 SEEN_PREVIOUSLY 65f755fc-1cd6-11e3-a628-7e6dde8f889d
ACTION SNIPPET 1200 799 SNIPPET_RELEVANT 39abcdb6-0cc0-11e6-bc53-db634ca94a2a
ACTION DOC 1200 819 EXAMINING_DOCUMENT 39abcdb6-0cc0-11e6-bc53-db634ca94a2a
ACTION QUERY 1200 829 social media cyberbullying suicide
ACTION SERP 1200 834 EXAMINE_SERP
ACTION SNIPPET 1200 834 SEEN_PREVIOUSLY 5e9bf47d5caf3814de5b9c76f0c6d251
ACTION SNIPPET 1200 834 SEEN_PREVIOUSLY b0715daee17a65466f8ae8781cce1e7d
ACTION SNIPPET 1200 834 SEEN_PREVIOUSLY bd3caa6600273d3661bfc6ebc66cf78c
ACTION SNIPPET 1200 834 SEEN_PREVIOUSLY 50ec1b07340f8a13e87527fca0be10ec
ACTION SNIPPET 1200 834 SEEN_PREVIOUSLY 5b7ecb8d3b42e432ebdb0920576711c3
ACTION SNIPPET 1200 834 SEEN_PREVIOUSLY fd6fba2bff33e9b33df7f2aca8b7b5a2
ACTION SNIPPET 1200 834 SNIPPET_RELEVANT 3adcd3f8-cda9-11e4-8730-4f473416e759
ACTION DOC 1200 854 EXAMINING_DOCUMENT 3adcd3f8-cda9-11e4-8730-4f473416e759
ACTION SNIPPET 1200 854 SEEN_PREVIOUSLY db04525b3c63a794d6e23c5da80c1b1e
ACTION SNIPPET 1200 854 SEEN_PREVIOUSLY 65f755fc-1cd6-11e3-a628-7e6dde8f889d
ACTION SNIPPET 1200 854 SEEN_PREVIOUSLY d4e62035c9bf6675e0094514405e0066
ACTION SNIPPET 1200 854 SNIPPET_RELEVANT 2b5fa6fe-07d1-11e6-bdcb-0133da18418d
ACTION DOC 1200 874 EXAMINING_DOCUMENT 2b5fa6fe-07d1-11e6-bdcb-0133da18418d
ACTION SNIPPET 1200 874 SNIPPET_RELEVANT d7e0221a-1fe3-11e3-94a2-6c66b668ea55
ACTION DOC 1200 894 EXAMINING_DOCUMENT d7e0221a-1fe3-11e3-94a2-6c66b668ea55
ACTION SNIPPET 1200 894 SNIPPET_RELEVANT a7b194905dd4e74abe50ac301ee64db9
ACTION DOC 1200 914 EXAMINING_DOCUMENT a7b194905dd4e74abe50ac301ee64db9
ACTION SNIPPET 1200 914 SNIPPET_RELEVANT c5ea832dc5dad1d94ce65d38c8d4e370
ACTION DOC 1200 934 EXAMINING_DOCUMENT c5ea832dc5dad1d94ce65d38c8d4e370
ACTION SNIPPET 1200 934 SEEN_PREVIOUSLY 1ffa583a-9362-11e3-b46a-5a3d0d2130da
ACTION SNIPPET 1200 934 SNIPPET_RELEVANT 7072b0b0-e020-11e1-a19c-fcfa365396c8
ACTION DOC 1200 954 EXAMINING_DOCUMENT 7072b0b0-e020-11e1-a19c-fcfa365396c8
ACTION QUERY 1200 964 online harassment suicide
ACTION SERP 1200 969 EXAMINE_SERP
ACTION SNIPPET 1200 969 SNIPPET_RELEVANT a6f1356bc970b583f5b890f0ed9c8e6e
ACTION DOC 1200 989 EXAMINING_DOCUMENT a6f1356bc970b583f5b890f0ed9c8e6e
ACTION MARK 1200 992 CONSIDERED_RELEVANT a6f1356bc970b583f5b890f0ed9c8e6e
ACTION SNIPPET 1200 992 SEEN_PREVIOUSLY 5b7ecb8d3b42e432ebdb0920576711c3
ACTION SNIPPET 1200 992 SNIPPET_RELEVANT 11c73a16-3956-11e6-a254-2b336e293a3c
ACTION DOC 1200 1012 EXAMINING_DOCUMENT 11c73a16-3956-11e6-a254-2b336e293a3c
ACTION SNIPPET 1200 1012 SNIPPET_RELEVANT c444e426-0af9-11e6-8ab8-9ad050f76d7d
ACTION DOC 1200 1032 EXAMINING_DOCUMENT c444e426-0af9-11e6-8ab8-9ad050f76d7d
ACTION SNIPPET 1200 1032 SNIPPET_RELEVANT 9c54deae-0bed-11e6-bfa1-4efa856caf2a
ACTION DOC 1200 1052 EXAMINING_DOCUMENT 9c54deae-0bed-11e6-bfa1-4efa856caf2a
ACTION SNIPPET 1200 1052 SNIPPET_RELEVANT 280ea4c8-1c7b-11e6-b6e0-c53b7ef63b45
ACTION DOC 1200 1072 EXAMINING_DOCUMENT 280ea4c8-1c7b-11e6-b6e0-c53b7ef63b45
ACTION SNIPPET 1200 1072 SNIPPET_RELEVANT 7176de8adefbd8e37aa4288abaa34934
ACTION DOC 1200 1092 EXAMINING_DOCUMENT 7176de8adefbd8e37aa4288abaa34934
ACTION QUERY 1200 1102 social media bullying cases
ACTION SERP 1200 1107 EXAMINE_SERP
ACTION SNIPPET 1200 1107 SEEN_PREVIOUSLY a7b194905dd4e74abe50ac301ee64db9
ACTION SNIPPET 1200 1107 SEEN_PREVIOUSLY c5ea832dc5dad1d94ce65d38c8d4e370
ACTION SNIPPET 1200 1107 SEEN_PREVIOUSLY b0715daee17a65466f8ae8781cce1e7d
ACTION SNIPPET 1200 1107 SEEN_PREVIOUSLY df2ce31141406bf4cc26a308310658ae
ACTION SNIPPET 1200 1107 SNIPPET_RELEVANT 9e93f2e6-7c3e-11e2-9a75-dab0201670da
ACTION DOC 1200 1127 EXAMINING_DOCUMENT 9e93f2e6-7c3e-11e2-9a75-dab0201670da
ACTION SNIPPET 1200 1127 SNIPPET_RELEVANT 0a3ac57014964fa33f39aca291f8e426
ACTION DOC 1200 1147 EXAMINING_DOCUMENT 0a3ac57014964fa33f39aca291f8e426
ACTION SNIPPET 1200 1147 SEEN_PREVIOUSLY c903fd3681a8d1a543bd0f19e3e15c33
ACTION SNIPPET 1200 1147 SEEN_PREVIOUSLY 764cf6e08bcb0a9a27056cb700660445
ACTION SNIPPET 1200 1147 SNIPPET_RELEVANT 363070647cd319f6f8a66e03aef76e5e
ACTION DOC 1200 1167 EXAMINING_DOCUMENT 363070647cd319f6f8a66e03aef76e5e
ACTION SNIPPET 1200 1167 SNIPPET_RELEVANT f6b4ac293609892657389fcbf12e5551
ACTION DOC 1200 1187 EXAMINING_DOCUMENT f6b4ac293609892657389fcbf12e5551
ACTION SNIPPET 1200 1187 SNIPPET_RELEVANT 38dbd6518eafb73e2b78781735220cd2
ACTION DOC 1200 1207 EXAMINING_DOCUMENT 38dbd6518eafb73e2b78781735220cd2
INFO SUMMARY 
INFO TOTAL_QUERIES_ISSUED 9
INFO TOTAL_SNIPPETS_EXAMINED 84
INFO TOTAL_DOCUMENTS_EXAMINED 53
INFO TOTAL_DOCUMENTS_MARKED_RELEVANT 4
INFO TOTAL_ATTRACTIVE_SERP_IMPRESSIONS 9
INFO TOTAL_UNATTRACTIVE_SERP_IMPRESSIONS 0
