ACTION START 1200 0 START
ACTION QUERY 1200 10 transportation tunnel disasters
ACTION SERP 1200 15 EXAMINE_SERP
ACTION SNIPPET 1200 15 SNIPPET_RELEVANT 60c539a6-9b2d-11e4-a7ee-526210d665b4
ACTION DOC 1200 35 EXAMINING_DOCUMENT 60c539a6-9b2d-11e4-a7ee-526210d665b4
ACTION MARK 1200 38 CONSIDERED_RELEVANT 60c539a6-9b2d-11e4-a7ee-526210d665b4
ACTION SNIPPET 1200 38 SNIPPET_RELEVANT 4398c84e-81da-11e6-a52d-9a865a0ed0d4
ACTION DOC 1200 58 EXAMINING_DOCUMENT 4398c84e-81da-11e6-a52d-9a865a0ed0d4
ACTION MARK 1200 61 CONSIDERED_RELEVANT 4398c84e-81da-11e6-a52d-9a865a0ed0d4
ACTION SNIPPET 1200 61 SNIPPET_RELEVANT 61d983e5a1fe6acdaa6396cba48a1cdb
ACTION DOC 1200 81 EXAMINING_DOCUMENT 61d983e5a1fe6acdaa6396cba48a1cdb
ACTION SNIPPET 1200 81 SNIPPET_RELEVANT 2686c2d4-2b2c-11e5-bd33-395c05608059
ACTION DOC 1200 101 EXAMINING_DOCUMENT 2686c2d4-2b2c-11e5-bd33-395c05608059
ACTION SNIPPET 1200 101 SNIPPET_RELEVANT f34b7bd8004c900a605cdc9d353bac8c
ACTION DOC 1200 121 EXAMINING_DOCUMENT f34b7bd8004c900a605cdc9d353bac8c
ACTION SNIPPET 1200 121 SNIPPET_RELEVANT 050aa508-a0e9-11e4-b146-577832eafcb4
ACTION DOC 1200 141 EXAMINING_DOCUMENT 050aa508-a0e9-11e4-b146-577832eafcb4
ACTION MARK 1200 144 CONSIDERED_RELEVANT 050aa508-a0e9-11e4-b146-577832eafcb4
ACTION QUERY 1200 154 tunnel accidents
ACTION SERP 1200 159 EXAMINE_SERP
ACTION SNIPPET 1200 159 SNIPPET_RELEVANT 2f965c6f567ebf4a4602219d9a77baae
ACTION DOC 1200 179 EXAMINING_DOCUMENT 2f965c6f567ebf4a4602219d9a77baae
ACTION MARK 1200 182 CONSIDERED_RELEVANT 2f965c6f567ebf4a4602219d9a77baae
ACTION SNIPPET 1200 182 SNIPPET_RELEVANT 3ac36cba005e8e635395f91e5e090621
ACTION DOC 1200 202 EXAMINING_DOCUMENT 3ac36cba005e8e635395f91e5e090621
ACTION MARK 1200 205 CONSIDERED_RELEVANT 3ac36cba005e8e635395f91e5e090621
ACTION SNIPPET 1200 205 SNIPPET_RELEVANT da7d4b3a49bafa2120bbe336fe529161
ACTION DOC 1200 225 EXAMINING_DOCUMENT da7d4b3a49bafa2120bbe336fe529161
ACTION MARK 1200 228 CONSIDERED_RELEVANT da7d4b3a49bafa2120bbe336fe529161
ACTION SNIPPET 1200 228 SNIPPET_RELEVANT e9e217d896890084d215dd3d47d674a8
ACTION DOC 1200 248 EXAMINING_DOCUMENT e9e217d896890084d215dd3d47d674a8
ACTION MARK 1200 251 CONSIDERED_RELEVANT e9e217d896890084d215dd3d47d674a8
ACTION SNIPPET 1200 251 SNIPPET_RELEVANT aeb4e3ec72dff943e1182842e5429b1e
ACTION DOC 1200 271 EXAMINING_DOCUMENT aeb4e3ec72dff943e1182842e5429b1e
ACTION MARK 1200 274 CONSIDERED_RELEVANT aeb4e3ec72dff943e1182842e5429b1e
ACTION QUERY 1200 284 tunnel fire accidents
ACTION SERP 1200 289 EXAMINE_SERP
ACTION SNIPPET 1200 289 SEEN_PREVIOUSLY da7d4b3a49bafa2120bbe336fe529161
ACTION SNIPPET 1200 289 SNIPPET_RELEVANT 6aa768ab1d57fa7753a98db6edd13fd5
ACTION DOC 1200 309 EXAMINING_DOCUMENT 6aa768ab1d57fa7753a98db6edd13fd5
ACTION MARK 1200 312 CONSIDERED_RELEVANT 6aa768ab1d57fa7753a98db6edd13fd5
ACTION SNIPPET 1200 312 SNIPPET_RELEVANT 88ae94a8-2c61-11e3-8ade-a1f23cda135e
ACTION DOC 1200 332 EXAMINING_DOCUMENT 88ae94a8-2c61-11e3-8ade-a1f23cda135e
ACTION MARK 1200 335 CONSIDERED_RELEVANT 88ae94a8-2c61-11e3-8ade-a1f23cda135e
ACTION SNIPPET 1200 335 SNIPPET_RELEVANT 4abed1fa-2de0-11e3-8ade-a1f23cda135e
ACTION DOC 1200 355 EXAMINING_DOCUMENT 4abed1fa-2de0-11e3-8ade-a1f23cda135e
ACTION MARK 1200 358 CONSIDERED_RELEVANT 4abed1fa-2de0-11e3-8ade-a1f23cda135e
ACTION SNIPPET 1200 358 SEEN_PREVIOUSLY 2f965c6f567ebf4a4602219d9a77baae
ACTION SNIPPET 1200 358 SNIPPET_RELEVANT 6de5f6de-b3a6-11e4-886b-c22184f27c35
ACTION DOC 1200 378 EXAMINING_DOCUMENT 6de5f6de-b3a6-11e4-886b-c22184f27c35
ACTION MARK 1200 381 CONSIDERED_RELEVANT 6de5f6de-b3a6-11e4-886b-c22184f27c35
ACTION SNIPPET 1200 381 SNIPPET_RELEVANT cc8b7d07b9fcfd177a75ce1f514487e4
ACTION DOC 1200 401 EXAMINING_DOCUMENT cc8b7d07b9fcfd177a75ce1f514487e4
ACTION MARK 1200 404 CONSIDERED_RELEVANT cc8b7d07b9fcfd177a75ce1f514487e4
ACTION QUERY 1200 414 train tunnel disasters
ACTION SERP 1200 419 EXAMINE_SERP
ACTION SNIPPET 1200 419 SEEN_PREVIOUSLY 60c539a6-9b2d-11e4-a7ee-526210d665b4
ACTION SNIPPET 1200 419 SEEN_PREVIOUSLY 4398c84e-81da-11e6-a52d-9a865a0ed0d4
ACTION SNIPPET 1200 419 SEEN_PREVIOUSLY 050aa508-a0e9-11e4-b146-577832eafcb4
ACTION SNIPPET 1200 419 SNIPPET_RELEVANT db8d3474-1ab0-11e5-ab92-c75ae6ab94b5
ACTION DOC 1200 439 EXAMINING_DOCUMENT db8d3474-1ab0-11e5-ab92-c75ae6ab94b5
ACTION SNIPPET 1200 439 SNIPPET_RELEVANT eb65241e-1bfb-11e5-93b7-5eddc056ad8a
ACTION DOC 1200 459 EXAMINING_DOCUMENT eb65241e-1bfb-11e5-93b7-5eddc056ad8a
ACTION MARK 1200 462 CONSIDERED_RELEVANT eb65241e-1bfb-11e5-93b7-5eddc056ad8a
ACTION SNIPPET 1200 462 SNIPPET_RELEVANT da62e630-423f-11e7-8c25-44d09ff5a4a8
ACTION DOC 1200 482 EXAMINING_DOCUMENT da62e630-423f-11e7-8c25-44d09ff5a4a8
ACTION MARK 1200 485 CONSIDERED_RELEVANT da62e630-423f-11e7-8c25-44d09ff5a4a8
ACTION SNIPPET 1200 485 SNIPPET_RELEVANT f0b5a92637ba6764237454233ec936d3
ACTION DOC 1200 505 EXAMINING_DOCUMENT f0b5a92637ba6764237454233ec936d3
ACTION MARK 1200 508 CONSIDERED_RELEVANT f0b5a92637ba6764237454233ec936d3
ACTION SNIPPET 1200 508 SNIPPET_RELEVANT 48bb8f5c-a49e-11e4-a06b-9df2002b86a0
ACTION DOC 1200 528 EXAMINING_DOCUMENT 48bb8f5c-a49e-11e4-a06b-9df2002b86a0
ACTION MARK 1200 531 CONSIDERED_RELEVANT 48bb8f5c-a49e-11e4-a06b-9df2002b86a0
ACTION SNIPPET 1200 531 SNIPPET_RELEVANT b2c848cc0b7a97a9c8a4f2b2a9f46e09
ACTION DOC 1200 551 EXAMINING_DOCUMENT b2c848cc0b7a97a9c8a4f2b2a9f46e09
ACTION MARK 1200 554 CONSIDERED_RELEVANT b2c848cc0b7a97a9c8a4f2b2a9f46e09
ACTION QUERY 1200 564 tunnel fire disasters
ACTION SERP 1200 569 EXAMINE_SERP
ACTION SNIPPET 1200 569 SEEN_PREVIOUSLY 60c539a6-9b2d-11e4-a7ee-526210d665b4
ACTION SNIPPET 1200 569 SEEN_PREVIOUSLY da62e630-423f-11e7-8c25-44d09ff5a4a8
ACTION SNIPPET 1200 569 SEEN_PREVIOUSLY eb65241e-1bfb-11e5-93b7-5eddc056ad8a
ACTION SNIPPET 1200 569 SEEN_PREVIOUSLY 48bb8f5c-a49e-11e4-a06b-9df2002b86a0
ACTION SNIPPET 1200 569 SNIPPET_RELEVANT a435f21ab36d7b6bc8edcdc27ad2e17f
ACTION DOC 1200 589 EXAMINING_DOCUMENT a435f21ab36d7b6bc8edcdc27ad2e17f
ACTION MARK 1200 592 CONSIDERED_RELEVANT a435f21ab36d7b6bc8edcdc27ad2e17f
ACTION SNIPPET 1200 592 SNIPPET_RELEVANT 463d7bee-ad3d-11e4-ad71-7b9eba0f87d6
ACTION DOC 1200 612 EXAMINING_DOCUMENT 463d7bee-ad3d-11e4-ad71-7b9eba0f87d6
ACTION MARK 1200 615 CONSIDERED_RELEVANT 463d7bee-ad3d-11e4-ad71-7b9eba0f87d6
ACTION SNIPPET 1200 615 SNIPPET_RELEVANT 4354d59c8716e8cada3e01167cbc6e1f
ACTION DOC 1200 635 EXAMINING_DOCUMENT 4354d59c8716e8cada3e01167cbc6e1f
ACTION MARK 1200 638 CONSIDERED_RELEVANT 4354d59c8716e8cada3e01167cbc6e1f
ACTION SNIPPET 1200 638 SEEN_PREVIOUSLY f0b5a92637ba6764237454233ec936d3
ACTION SNIPPET 1200 638 SNIPPET_RELEVANT e18a0e2e-d760-11e6-9a36-1d296534b31e
ACTION DOC 1200 658 EXAMINING_DOCUMENT e18a0e2e-d760-11e6-9a36-1d296534b31e
ACTION MARK 1200 661 CONSIDERED_RELEVANT e18a0e2e-d760-11e6-9a36-1d296534b31e
ACTION SNIPPET 1200 661 SEEN_PREVIOUSLY 4398c84e-81da-11e6-a52d-9a865a0ed0d4
ACTION SNIPPET 1200 661 SNIPPET_RELEVANT 5f90e53a-f077-11e5-85a6-2132cf446d0a
ACTION DOC 1200 681 EXAMINING_DOCUMENT 5f90e53a-f077-11e5-85a6-2132cf446d0a
ACTION SNIPPET 1200 681 SNIPPET_RELEVANT 5d3a47fc3802db2a6476f8143baa7f36
ACTION DOC 1200 701 EXAMINING_DOCUMENT 5d3a47fc3802db2a6476f8143baa7f36
ACTION MARK 1200 704 CONSIDERED_RELEVANT 5d3a47fc3802db2a6476f8143baa7f36
ACTION QUERY 1200 714 train tunnel accidents
ACTION SERP 1200 719 EXAMINE_SERP
ACTION SNIPPET 1200 719 SNIPPET_RELEVANT 47983f4dff9f6ca0274fef214d317174
ACTION DOC 1200 739 EXAMINING_DOCUMENT 47983f4dff9f6ca0274fef214d317174
ACTION SNIPPET 1200 739 SNIPPET_RELEVANT 943064d92e4caef2acbe55c513ce77fa
ACTION DOC 1200 759 EXAMINING_DOCUMENT 943064d92e4caef2acbe55c513ce77fa
ACTION MARK 1200 762 CONSIDERED_RELEVANT 943064d92e4caef2acbe55c513ce77fa
ACTION SNIPPET 1200 762 SNIPPET_RELEVANT 2749aae3338d144ae90ef04e943075f5
ACTION DOC 1200 782 EXAMINING_DOCUMENT 2749aae3338d144ae90ef04e943075f5
ACTION SNIPPET 1200 782 SEEN_PREVIOUSLY 2f965c6f567ebf4a4602219d9a77baae
ACTION SNIPPET 1200 782 SNIPPET_RELEVANT f7690e6caf60681aedb66e2f639d0ccf
ACTION DOC 1200 802 EXAMINING_DOCUMENT f7690e6caf60681aedb66e2f639d0ccf
ACTION MARK 1200 805 CONSIDERED_RELEVANT f7690e6caf60681aedb66e2f639d0ccf
ACTION SNIPPET 1200 805 SEEN_PREVIOUSLY 88ae94a8-2c61-11e3-8ade-a1f23cda135e
ACTION SNIPPET 1200 805 SNIPPET_RELEVANT 07a3467ffa8eaeb5746e2bbd6eb85ae3
ACTION DOC 1200 825 EXAMINING_DOCUMENT 07a3467ffa8eaeb5746e2bbd6eb85ae3
ACTION MARK 1200 828 CONSIDERED_RELEVANT 07a3467ffa8eaeb5746e2bbd6eb85ae3
ACTION SNIPPET 1200 828 SEEN_PREVIOUSLY eb65241e-1bfb-11e5-93b7-5eddc056ad8a
ACTION SNIPPET 1200 828 SNIPPET_RELEVANT b4a6ba6be28c9f69c2fd61f81c9578c3
ACTION DOC 1200 848 EXAMINING_DOCUMENT b4a6ba6be28c9f69c2fd61f81c9578c3
ACTION MARK 1200 851 CONSIDERED_RELEVANT b4a6ba6be28c9f69c2fd61f81c9578c3
ACTION QUERY 1200 861 train tunnel collapse
ACTION SERP 1200 866 EXAMINE_SERP
ACTION SNIPPET 1200 866 SNIPPET_RELEVANT b2218560c3c32bc3da4da051a0544ee8
ACTION DOC 1200 886 EXAMINING_DOCUMENT b2218560c3c32bc3da4da051a0544ee8
ACTION SNIPPET 1200 886 SNIPPET_RELEVANT bd1d0706-fc04-11e3-932c-0a55b81f48ce
ACTION DOC 1200 906 EXAMINING_DOCUMENT bd1d0706-fc04-11e3-932c-0a55b81f48ce
ACTION SNIPPET 1200 906 SNIPPET_RELEVANT 229983b6-f179-11e3-9ebc-2ee6f81ed217
ACTION DOC 1200 926 EXAMINING_DOCUMENT 229983b6-f179-11e3-9ebc-2ee6f81ed217
ACTION SNIPPET 1200 926 SNIPPET_RELEVANT a557e75e-8f3e-11e3-b46a-5a3d0d2130da
ACTION DOC 1200 946 EXAMINING_DOCUMENT a557e75e-8f3e-11e3-b46a-5a3d0d2130da
ACTION SNIPPET 1200 946 SNIPPET_RELEVANT f1c0daae-3587-11e7-b412-62beef8121f7
ACTION DOC 1200 966 EXAMINING_DOCUMENT f1c0daae-3587-11e7-b412-62beef8121f7
ACTION SNIPPET 1200 966 SNIPPET_RELEVANT a43a6744-27ba-11e2-9972-71bf64ea091c
ACTION DOC 1200 986 EXAMINING_DOCUMENT a43a6744-27ba-11e2-9972-71bf64ea091c
ACTION QUERY 1200 996 transportation tunnel collapse
ACTION SERP 1200 1001 EXAMINE_SERP
ACTION SNIPPET 1200 1001 SEEN_PREVIOUSLY a557e75e-8f3e-11e3-b46a-5a3d0d2130da
ACTION SNIPPET 1200 1001 SNIPPET_RELEVANT f78ee398-ba2d-11e1-abd4-aecc81b4466d
ACTION DOC 1200 1021 EXAMINING_DOCUMENT f78ee398-ba2d-11e1-abd4-aecc81b4466d
ACTION MARK 1200 1024 CONSIDERED_RELEVANT f78ee398-ba2d-11e1-abd4-aecc81b4466d
ACTION SNIPPET 1200 1024 SEEN_PREVIOUSLY bd1d0706-fc04-11e3-932c-0a55b81f48ce
ACTION SNIPPET 1200 1024 SEEN_PREVIOUSLY f1c0daae-3587-11e7-b412-62beef8121f7
ACTION SNIPPET 1200 1024 SEEN_PREVIOUSLY a43a6744-27ba-11e2-9972-71bf64ea091c
ACTION SNIPPET 1200 1024 SEEN_PREVIOUSLY 2749aae3338d144ae90ef04e943075f5
ACTION SNIPPET 1200 1024 SEEN_PREVIOUSLY b2218560c3c32bc3da4da051a0544ee8
ACTION SNIPPET 1200 1024 SNIPPET_RELEVANT c74cc8e7367b9da6a0616f95ef3c90ad
ACTION DOC 1200 1044 EXAMINING_DOCUMENT c74cc8e7367b9da6a0616f95ef3c90ad
ACTION SNIPPET 1200 1044 SNIPPET_RELEVANT 91d9d1a4d7f399440c5f4487e77cf41a
ACTION DOC 1200 1064 EXAMINING_DOCUMENT 91d9d1a4d7f399440c5f4487e77cf41a
ACTION SNIPPET 1200 1064 SNIPPET_RELEVANT 7fa8940e-c889-11e6-bf4b-2c064d32a4bf
ACTION DOC 1200 1084 EXAMINING_DOCUMENT 7fa8940e-c889-11e6-bf4b-2c064d32a4bf
ACTION SNIPPET 1200 1084 SNIPPET_RELEVANT c6a64ddefc03eefb130c6a3e50f25ffe
ACTION DOC 1200 1104 EXAMINING_DOCUMENT c6a64ddefc03eefb130c6a3e50f25ffe
ACTION SNIPPET 1200 1104 SNIPPET_RELEVANT edd09348-2b5d-11e5-a250-42bd812efc09
ACTION DOC 1200 1124 EXAMINING_DOCUMENT edd09348-2b5d-11e5-a250-42bd812efc09
ACTION QUERY 1200 1134 transportation tunnel fires
ACTION SERP 1200 1139 EXAMINE_SERP
ACTION SNIPPET 1200 1139 SNIPPET_RELEVANT bbdf300826cb72a5da1ea006bd7f072a
ACTION DOC 1200 1159 EXAMINING_DOCUMENT bbdf300826cb72a5da1ea006bd7f072a
ACTION SNIPPET 1200 1159 SNIPPET_RELEVANT 9f7149ec-5c6b-11e5-b38e-06883aacba64
ACTION DOC 1200 1179 EXAMINING_DOCUMENT 9f7149ec-5c6b-11e5-b38e-06883aacba64
ACTION MARK 1200 1182 CONSIDERED_RELEVANT 9f7149ec-5c6b-11e5-b38e-06883aacba64
ACTION SNIPPET 1200 1182 SNIPPET_RELEVANT 420f8dee-b398-11e4-827f-93f454140e2b
ACTION DOC 1200 1202 EXAMINING_DOCUMENT 420f8dee-b398-11e4-827f-93f454140e2b
INFO SUMMARY 
INFO TOTAL_QUERIES_ISSUED 9
INFO TOTAL_SNIPPETS_EXAMINED 69
INFO TOTAL_DOCUMENTS_EXAMINED 49
INFO TOTAL_DOCUMENTS_MARKED_RELEVANT 30
INFO TOTAL_ATTRACTIVE_SERP_IMPRESSIONS 9
INFO TOTAL_UNATTRACTIVE_SERP_IMPRESSIONS 0
