ACTION START 1200 0 START
ACTION QUERY 1200 10 car recall reasons
ACTION SERP 1200 15 EXAMINE_SERP
ACTION SNIPPET 1200 15 SNIPPET_RELEVANT 08498e85870237dc48199ffeffa070d6
ACTION DOC 1200 35 EXAMINING_DOCUMENT 08498e85870237dc48199ffeffa070d6
ACTION MARK 1200 38 CONSIDERED_RELEVANT 08498e85870237dc48199ffeffa070d6
ACTION SNIPPET 1200 38 SNIPPET_RELEVANT aea640a0c8eac8d48b8ec21f006b4fbb
ACTION DOC 1200 58 EXAMINING_DOCUMENT aea640a0c8eac8d48b8ec21f006b4fbb
ACTION MARK 1200 61 CONSIDERED_RELEVANT aea640a0c8eac8d48b8ec21f006b4fbb
ACTION SNIPPET 1200 61 SNIPPET_RELEVANT 7dfb417f61e52c1ba2ce6e58f8c3647c
ACTION DOC 1200 81 EXAMINING_DOCUMENT 7dfb417f61e52c1ba2ce6e58f8c3647c
ACTION MARK 1200 84 CONSIDERED_RELEVANT 7dfb417f61e52c1ba2ce6e58f8c3647c
ACTION SNIPPET 1200 84 SNIPPET_RELEVANT 093e9464-bb47-11e3-9c3c-311301e2167d
ACTION DOC 1200 104 EXAMINING_DOCUMENT 093e9464-bb47-11e3-9c3c-311301e2167d
ACTION MARK 1200 107 CONSIDERED_RELEVANT 093e9464-bb47-11e3-9c3c-311301e2167d
ACTION SNIPPET 1200 107 SNIPPET_RELEVANT ccea1f8a-9eaa-11e5-8728-1af6af208198
ACTION DOC 1200 127 EXAMINING_DOCUMENT ccea1f8a-9eaa-11e5-8728-1af6af208198
ACTION MARK 1200 130 CONSIDERED_RELEVANT ccea1f8a-9eaa-11e5-8728-1af6af208198
ACTION QUERY 1200 140 automobile safety recalls
ACTION SERP 1200 145 EXAMINE_SERP
ACTION SNIPPET 1200 145 SEEN_PREVIOUSLY 093e9464-bb47-11e3-9c3c-311301e2167d
ACTION SNIPPET 1200 145 SNIPPET_RELEVANT 8da5e260ea06521a83251f89afa5b893
ACTION DOC 1200 165 EXAMINING_DOCUMENT 8da5e260ea06521a83251f89afa5b893
ACTION MARK 1200 168 CONSIDERED_RELEVANT 8da5e260ea06521a83251f89afa5b893
ACTION SNIPPET 1200 168 SNIPPET_RELEVANT 4c0fa346afb21b9f7bf7afe1dc17292c
ACTION DOC 1200 188 EXAMINING_DOCUMENT 4c0fa346afb21b9f7bf7afe1dc17292c
ACTION MARK 1200 191 CONSIDERED_RELEVANT 4c0fa346afb21b9f7bf7afe1dc17292c
ACTION SNIPPET 1200 191 SNIPPET_RELEVANT 52b0fdb8-c463-11e5-9693-933a4d31bcc8
ACTION DOC 1200 211 EXAMINING_DOCUMENT 52b0fdb8-c463-11e5-9693-933a4d31bcc8
ACTION MARK 1200 214 CONSIDERED_RELEVANT 52b0fdb8-c463-11e5-9693-933a4d31bcc8
ACTION SNIPPET 1200 214 SNIPPET_RELEVANT 1df95e04-f37a-11e4-bcc4-e8141e5eb0c9
ACTION DOC 1200 234 EXAMINING_DOCUMENT 1df95e04-f37a-11e4-bcc4-e8141e5eb0c9
ACTION SNIPPET 1200 234 SNIPPET_RELEVANT 4167cbfc293495fffb36cb2e764d7ebc
ACTION DOC 1200 254 EXAMINING_DOCUMENT 4167cbfc293495fffb36cb2e764d7ebc
ACTION MARK 1200 257 CONSIDERED_RELEVANT 4167cbfc293495fffb36cb2e764d7ebc
ACTION SNIPPET 1200 257 SNIPPET_RELEVANT 703d696d5d270ec65278750bfa8e2a19
ACTION DOC 1200 277 EXAMINING_DOCUMENT 703d696d5d270ec65278750bfa8e2a19
ACTION MARK 1200 280 CONSIDERED_RELEVANT 703d696d5d270ec65278750bfa8e2a19
ACTION QUERY 1200 290 vehicle defect recalls
ACTION SERP 1200 295 EXAMINE_SERP
ACTION SNIPPET 1200 295 SNIPPET_RELEVANT a7c290057d8896878bc0a1a2fa5f66f9
ACTION DOC 1200 315 EXAMINING_DOCUMENT a7c290057d8896878bc0a1a2fa5f66f9
ACTION MARK 1200 318 CONSIDERED_RELEVANT a7c290057d8896878bc0a1a2fa5f66f9
ACTION SNIPPET 1200 318 SNIPPET_RELEVANT 3c22b2ee9959a8397450987670758607
ACTION DOC 1200 338 EXAMINING_DOCUMENT 3c22b2ee9959a8397450987670758607
ACTION MARK 1200 341 CONSIDERED_RELEVANT 3c22b2ee9959a8397450987670758607
ACTION SNIPPET 1200 341 SNIPPET_RELEVANT 2c65470a-5acd-11e4-b812-38518ae74c67
ACTION DOC 1200 361 EXAMINING_DOCUMENT 2c65470a-5acd-11e4-b812-38518ae74c67
ACTION MARK 1200 364 CONSIDERED_RELEVANT 2c65470a-5acd-11e4-b812-38518ae74c67
ACTION SNIPPET 1200 364 SNIPPET_RELEVANT d82f2d50-240a-11e6-9e7f-57890b612299
ACTION DOC 1200 384 EXAMINING_DOCUMENT d82f2d50-240a-11e6-9e7f-57890b612299
ACTION MARK 1200 387 CONSIDERED_RELEVANT d82f2d50-240a-11e6-9e7f-57890b612299
ACTION SNIPPET 1200 387 SNIPPET_RELEVANT 7b2b78ac-7597-11e4-a755-e32227229e7b
ACTION DOC 1200 407 EXAMINING_DOCUMENT 7b2b78ac-7597-11e4-a755-e32227229e7b
ACTION MARK 1200 410 CONSIDERED_RELEVANT 7b2b78ac-7597-11e4-a755-e32227229e7b
ACTION QUERY 1200 420 auto manufacturer recalls
ACTION SERP 1200 425 EXAMINE_SERP
ACTION SNIPPET 1200 425 SNIPPET_RELEVANT dcf80120-86e7-11e4-b9b7-b8632ae73d25
ACTION DOC 1200 445 EXAMINING_DOCUMENT dcf80120-86e7-11e4-b9b7-b8632ae73d25
ACTION MARK 1200 448 CONSIDERED_RELEVANT dcf80120-86e7-11e4-b9b7-b8632ae73d25
ACTION SNIPPET 1200 448 SEEN_PREVIOUSLY 2c65470a-5acd-11e4-b812-38518ae74c67
ACTION SNIPPET 1200 448 SNIPPET_RELEVANT 428fc0b0-803b-11e6-b002-307601806392
ACTION DOC 1200 468 EXAMINING_DOCUMENT 428fc0b0-803b-11e6-b002-307601806392
ACTION MARK 1200 471 CONSIDERED_RELEVANT 428fc0b0-803b-11e6-b002-307601806392
ACTION SNIPPET 1200 471 SNIPPET_RELEVANT f19899fe-fe66-11e4-8b6c-0dcce21e223d
ACTION DOC 1200 491 EXAMINING_DOCUMENT f19899fe-fe66-11e4-8b6c-0dcce21e223d
ACTION MARK 1200 494 CONSIDERED_RELEVANT f19899fe-fe66-11e4-8b6c-0dcce21e223d
ACTION SNIPPET 1200 494 SNIPPET_RELEVANT 3046525e-008e-11e4-8fd0-3a663dfa68ac
ACTION DOC 1200 514 EXAMINING_DOCUMENT 3046525e-008e-11e4-8fd0-3a663dfa68ac
ACTION MARK 1200 517 CONSIDERED_RELEVANT 3046525e-008e-11e4-8fd0-3a663dfa68ac
ACTION SNIPPET 1200 517 SNIPPET_RELEVANT 563fb77e-024f-11e6-9203-7b8670959b88
ACTION DOC 1200 537 EXAMINING_DOCUMENT 563fb77e-024f-11e6-9203-7b8670959b88
ACTION MARK 1200 540 CONSIDERED_RELEVANT 563fb77e-024f-11e6-9203-7b8670959b88
ACTION QUERY 1200 550 auto recall notices
ACTION SERP 1200 555 EXAMINE_SERP
ACTION SNIPPET 1200 555 SEEN_PREVIOUSLY 563fb77e-024f-11e6-9203-7b8670959b88
ACTION SNIPPET 1200 555 SEEN_PREVIOUSLY 7dfb417f61e52c1ba2ce6e58f8c3647c
ACTION SNIPPET 1200 555 SEEN_PREVIOUSLY 428fc0b0-803b-11e6-b002-307601806392
ACTION SNIPPET 1200 555 SEEN_PREVIOUSLY 4167cbfc293495fffb36cb2e764d7ebc
ACTION SNIPPET 1200 555 SNIPPET_RELEVANT cf1b5ada5534479216ddedc1dd2bb6b8
ACTION DOC 1200 575 EXAMINING_DOCUMENT cf1b5ada5534479216ddedc1dd2bb6b8
ACTION SNIPPET 1200 575 SNIPPET_RELEVANT f65f8790f2c86dae709d78d7d37a6a28
ACTION DOC 1200 595 EXAMINING_DOCUMENT f65f8790f2c86dae709d78d7d37a6a28
ACTION SNIPPET 1200 595 SEEN_PREVIOUSLY 7b2b78ac-7597-11e4-a755-e32227229e7b
ACTION SNIPPET 1200 595 SNIPPET_RELEVANT 0529d9ac-fe52-11e4-805c-c3f407e5a9e9
ACTION DOC 1200 615 EXAMINING_DOCUMENT 0529d9ac-fe52-11e4-805c-c3f407e5a9e9
ACTION MARK 1200 618 CONSIDERED_RELEVANT 0529d9ac-fe52-11e4-805c-c3f407e5a9e9
ACTION SNIPPET 1200 618 SNIPPET_RELEVANT 47008c87fd4d5bc0af1965c66305745c
ACTION DOC 1200 638 EXAMINING_DOCUMENT 47008c87fd4d5bc0af1965c66305745c
ACTION MARK 1200 641 CONSIDERED_RELEVANT 47008c87fd4d5bc0af1965c66305745c
ACTION SNIPPET 1200 641 SNIPPET_RELEVANT a7641aaa-3ef9-11e6-80bc-d06711fd2125
ACTION DOC 1200 661 EXAMINING_DOCUMENT a7641aaa-3ef9-11e6-80bc-d06711fd2125
ACTION MARK 1200 664 CONSIDERED_RELEVANT a7641aaa-3ef9-11e6-80bc-d06711fd2125
ACTION SNIPPET 1200 664 SNIPPET_RELEVANT 2f8c36f4-121a-11e6-8967-7ac733c56f12
ACTION DOC 1200 684 EXAMINING_DOCUMENT 2f8c36f4-121a-11e6-8967-7ac733c56f12
ACTION MARK 1200 687 CONSIDERED_RELEVANT 2f8c36f4-121a-11e6-8967-7ac733c56f12
ACTION QUERY 1200 697 recall notices automotive
ACTION SERP 1200 702 EXAMINE_SERP
ACTION SNIPPET 1200 702 SNIPPET_RELEVANT fe3c98d0-c669-11e3-bf7a-be01a9b69cf1
ACTION DOC 1200 722 EXAMINING_DOCUMENT fe3c98d0-c669-11e3-bf7a-be01a9b69cf1
ACTION SNIPPET 1200 722 SNIPPET_RELEVANT 77052496-a2e2-11e2-9c03-6952ff305f35
ACTION DOC 1200 742 EXAMINING_DOCUMENT 77052496-a2e2-11e2-9c03-6952ff305f35
ACTION MARK 1200 745 CONSIDERED_RELEVANT 77052496-a2e2-11e2-9c03-6952ff305f35
ACTION SNIPPET 1200 745 SEEN_PREVIOUSLY 7dfb417f61e52c1ba2ce6e58f8c3647c
ACTION SNIPPET 1200 745 SNIPPET_RELEVANT e51fcb1a-1f33-11e4-ab7b-696c295ddfd1
ACTION DOC 1200 765 EXAMINING_DOCUMENT e51fcb1a-1f33-11e4-ab7b-696c295ddfd1
ACTION SNIPPET 1200 765 SEEN_PREVIOUSLY d82f2d50-240a-11e6-9e7f-57890b612299
ACTION SNIPPET 1200 765 SEEN_PREVIOUSLY 47008c87fd4d5bc0af1965c66305745c
ACTION SNIPPET 1200 765 SNIPPET_RELEVANT 078d9d7ac95c64e649b0b4b74a9b39e9
ACTION DOC 1200 785 EXAMINING_DOCUMENT 078d9d7ac95c64e649b0b4b74a9b39e9
ACTION SNIPPET 1200 785 SNIPPET_RELEVANT c5ca4f36c5b954d7102cd9d0e19207fb
ACTION DOC 1200 805 EXAMINING_DOCUMENT c5ca4f36c5b954d7102cd9d0e19207fb
ACTION SNIPPET 1200 805 SNIPPET_RELEVANT b65e4610-7371-11e5-8248-98e0f5a2e830
ACTION DOC 1200 825 EXAMINING_DOCUMENT b65e4610-7371-11e5-8248-98e0f5a2e830
ACTION MARK 1200 828 CONSIDERED_RELEVANT b65e4610-7371-11e5-8248-98e0f5a2e830
ACTION QUERY 1200 838 recall notices car
ACTION SERP 1200 843 EXAMINE_SERP
ACTION SNIPPET 1200 843 SEEN_PREVIOUSLY 77052496-a2e2-11e2-9c03-6952ff305f35
ACTION SNIPPET 1200 843 SEEN_PREVIOUSLY 563fb77e-024f-11e6-9203-7b8670959b88
ACTION SNIPPET 1200 843 SEEN_PREVIOUSLY 47008c87fd4d5bc0af1965c66305745c
ACTION SNIPPET 1200 843 SEEN_PREVIOUSLY 093e9464-bb47-11e3-9c3c-311301e2167d
ACTION SNIPPET 1200 843 SEEN_PREVIOUSLY 4167cbfc293495fffb36cb2e764d7ebc
ACTION SNIPPET 1200 843 SEEN_PREVIOUSLY f65f8790f2c86dae709d78d7d37a6a28
ACTION SNIPPET 1200 843 SEEN_PREVIOUSLY 7dfb417f61e52c1ba2ce6e58f8c3647c
ACTION SNIPPET 1200 843 SEEN_PREVIOUSLY 2f8c36f4-121a-11e6-8967-7ac733c56f12
ACTION SNIPPET 1200 843 SEEN_PREVIOUSLY a7c290057d8896878bc0a1a2fa5f66f9
ACTION SNIPPET 1200 843 SNIPPET_RELEVANT c2beeeda-b6c3-11e3-a7c6-70cf2db17781
ACTION DOC 1200 863 EXAMINING_DOCUMENT c2beeeda-b6c3-11e3-a7c6-70cf2db17781
ACTION MARK 1200 866 CONSIDERED_RELEVANT c2beeeda-b6c3-11e3-a7c6-70cf2db17781
ACTION SNIPPET 1200 866 SEEN_PREVIOUSLY a7641aaa-3ef9-11e6-80bc-d06711fd2125
ACTION SNIPPET 1200 866 SEEN_PREVIOUSLY 428fc0b0-803b-11e6-b002-307601806392
ACTION SNIPPET 1200 866 SEEN_PREVIOUSLY fe3c98d0-c669-11e3-bf7a-be01a9b69cf1
ACTION SNIPPET 1200 866 SNIPPET_RELEVANT e52696fffeb2e9ad47c67592c4d7f70c
ACTION DOC 1200 886 EXAMINING_DOCUMENT e52696fffeb2e9ad47c67592c4d7f70c
ACTION MARK 1200 889 CONSIDERED_RELEVANT e52696fffeb2e9ad47c67592c4d7f70c
ACTION SNIPPET 1200 889 SNIPPET_RELEVANT 348b522fd6545db6eec905bb59507bf4
ACTION DOC 1200 909 EXAMINING_DOCUMENT 348b522fd6545db6eec905bb59507bf4
ACTION MARK 1200 912 CONSIDERED_RELEVANT 348b522fd6545db6eec905bb59507bf4
ACTION SNIPPET 1200 912 SNIPPET_RELEVANT eeffc0e70e6d12fd3ba981d5e52e0db5
ACTION DOC 1200 932 EXAMINING_DOCUMENT eeffc0e70e6d12fd3ba981d5e52e0db5
ACTION MARK 1200 935 CONSIDERED_RELEVANT eeffc0e70e6d12fd3ba981d5e52e0db5
ACTION SNIPPET 1200 935 SEEN_PREVIOUSLY e51fcb1a-1f33-11e4-ab7b-696c295ddfd1
ACTION SNIPPET 1200 935 SEEN_PREVIOUSLY 0529d9ac-fe52-11e4-805c-c3f407e5a9e9
ACTION SNIPPET 1200 935 SEEN_PREVIOUSLY ccea1f8a-9eaa-11e5-8728-1af6af208198
ACTION SNIPPET 1200 935 SNIPPET_RELEVANT f1b92e56-dd08-11e3-8009-71de85b9c527
ACTION DOC 1200 955 EXAMINING_DOCUMENT f1b92e56-dd08-11e3-8009-71de85b9c527
ACTION MARK 1200 958 CONSIDERED_RELEVANT f1b92e56-dd08-11e3-8009-71de85b9c527
ACTION QUERY 1200 968 recall notices cars
ACTION SERP 1200 973 EXAMINE_SERP
ACTION SNIPPET 1200 973 SEEN_PREVIOUSLY 77052496-a2e2-11e2-9c03-6952ff305f35
ACTION SNIPPET 1200 973 SEEN_PREVIOUSLY 563fb77e-024f-11e6-9203-7b8670959b88
ACTION SNIPPET 1200 973 SEEN_PREVIOUSLY 47008c87fd4d5bc0af1965c66305745c
ACTION SNIPPET 1200 973 SEEN_PREVIOUSLY 093e9464-bb47-11e3-9c3c-311301e2167d
ACTION SNIPPET 1200 973 SEEN_PREVIOUSLY 4167cbfc293495fffb36cb2e764d7ebc
ACTION SNIPPET 1200 973 SEEN_PREVIOUSLY f65f8790f2c86dae709d78d7d37a6a28
ACTION SNIPPET 1200 973 SEEN_PREVIOUSLY 7dfb417f61e52c1ba2ce6e58f8c3647c
ACTION SNIPPET 1200 973 SEEN_PREVIOUSLY 2f8c36f4-121a-11e6-8967-7ac733c56f12
ACTION SNIPPET 1200 973 SEEN_PREVIOUSLY a7c290057d8896878bc0a1a2fa5f66f9
ACTION SNIPPET 1200 973 SEEN_PREVIOUSLY c2beeeda-b6c3-11e3-a7c6-70cf2db17781
ACTION SNIPPET 1200 973 SEEN_PREVIOUSLY a7641aaa-3ef9-11e6-80bc-d06711fd2125
ACTION SNIPPET 1200 973 SEEN_PREVIOUSLY 428fc0b0-803b-11e6-b002-307601806392
ACTION SNIPPET 1200 973 SEEN_PREVIOUSLY fe3c98d0-c669-11e3-bf7a-be01a9b69cf1
ACTION SNIPPET 1200 973 SEEN_PREVIOUSLY e52696fffeb2e9ad47c67592c4d7f70c
ACTION SNIPPET 1200 973 SEEN_PREVIOUSLY 348b522fd6545db6eec905bb59507bf4
ACTION SNIPPET 1200 973 SEEN_PREVIOUSLY eeffc0e70e6d12fd3ba981d5e52e0db5
ACTION SNIPPET 1200 973 SEEN_PREVIOUSLY e51fcb1a-1f33-11e4-ab7b-696c295ddfd1
ACTION SNIPPET 1200 973 SEEN_PREVIOUSLY 0529d9ac-fe52-11e4-805c-c3f407e5a9e9
ACTION SNIPPET 1200 973 SEEN_PREVIOUSLY ccea1f8a-9eaa-11e5-8728-1af6af208198
ACTION SNIPPET 1200 973 SEEN_PREVIOUSLY f1b92e56-dd08-11e3-8009-71de85b9c527
ACTION SNIPPET 1200 973 SNIPPET_RELEVANT 018b521a-58a0-11e4-bd61-346aee66ba29
ACTION DOC 1200 993 EXAMINING_DOCUMENT 018b521a-58a0-11e4-bd61-346aee66ba29
ACTION MARK 1200 996 CONSIDERED_RELEVANT 018b521a-58a0-11e4-bd61-346aee66ba29
ACTION SNIPPET 1200 996 SNIPPET_RELEVANT f3ee3d0c04f0730b9730b684027b0642
ACTION DOC 1200 1016 EXAMINING_DOCUMENT f3ee3d0c04f0730b9730b684027b0642
ACTION SNIPPET 1200 1016 SNIPPET_RELEVANT 31c09d90-ec3b-11e3-9f5c-9075d5508f0a
ACTION DOC 1200 1036 EXAMINING_DOCUMENT 31c09d90-ec3b-11e3-9f5c-9075d5508f0a
ACTION MARK 1200 1039 CONSIDERED_RELEVANT 31c09d90-ec3b-11e3-9f5c-9075d5508f0a
ACTION SNIPPET 1200 1039 SNIPPET_RELEVANT fde60a940f357888a3b8cebb14f7b5a2
ACTION DOC 1200 1059 EXAMINING_DOCUMENT fde60a940f357888a3b8cebb14f7b5a2
ACTION SNIPPET 1200 1059 SNIPPET_RELEVANT ca42edcc-a9fe-11e3-8599-ce7295b6851c
ACTION DOC 1200 1079 EXAMINING_DOCUMENT ca42edcc-a9fe-11e3-8599-ce7295b6851c
ACTION MARK 1200 1082 CONSIDERED_RELEVANT ca42edcc-a9fe-11e3-8599-ce7295b6851c
ACTION SNIPPET 1200 1082 SEEN_PREVIOUSLY d82f2d50-240a-11e6-9e7f-57890b612299
ACTION SNIPPET 1200 1082 SNIPPET_RELEVANT c7bb949e-a995-11e5-8058-480b572b4aae
ACTION DOC 1200 1102 EXAMINING_DOCUMENT c7bb949e-a995-11e5-8058-480b572b4aae
ACTION MARK 1200 1105 CONSIDERED_RELEVANT c7bb949e-a995-11e5-8058-480b572b4aae
ACTION QUERY 1200 1115 cars recalled recently
ACTION SERP 1200 1120 EXAMINE_SERP
ACTION SNIPPET 1200 1120 SNIPPET_RELEVANT f8bce616-dc40-11e3-bda1-9b46b2066796
ACTION DOC 1200 1140 EXAMINING_DOCUMENT f8bce616-dc40-11e3-bda1-9b46b2066796
ACTION MARK 1200 1143 CONSIDERED_RELEVANT f8bce616-dc40-11e3-bda1-9b46b2066796
ACTION SNIPPET 1200 1143 SNIPPET_RELEVANT 98dc503c-0936-11e5-a7ad-b430fc1d3f5c
ACTION DOC 1200 1163 EXAMINING_DOCUMENT 98dc503c-0936-11e5-a7ad-b430fc1d3f5c
ACTION SNIPPET 1200 1163 SEEN_PREVIOUSLY aea640a0c8eac8d48b8ec21f006b4fbb
ACTION SNIPPET 1200 1163 SNIPPET_RELEVANT 47c15ea143145df02aa2390a1882dff7
ACTION DOC 1200 1183 EXAMINING_DOCUMENT 47c15ea143145df02aa2390a1882dff7
ACTION MARK 1200 1186 CONSIDERED_RELEVANT 47c15ea143145df02aa2390a1882dff7
ACTION SNIPPET 1200 1186 SNIPPET_RELEVANT d80167cacea23a82754afa68cf82f1bd
ACTION DOC 1200 1206 EXAMINING_DOCUMENT d80167cacea23a82754afa68cf82f1bd
INFO SUMMARY 
INFO TOTAL_QUERIES_ISSUED 9
INFO TOTAL_SNIPPETS_EXAMINED 95
INFO TOTAL_DOCUMENTS_EXAMINED 48
INFO TOTAL_DOCUMENTS_MARKED_RELEVANT 38
INFO TOTAL_ATTRACTIVE_SERP_IMPRESSIONS 9
INFO TOTAL_UNATTRACTIVE_SERP_IMPRESSIONS 0
