ACTION START 1200 0 START
ACTION QUERY 1200 10 Bezos Washington Post
ACTION SERP 1200 15 EXAMINE_SERP
ACTION SNIPPET 1200 15 SNIPPET_RELEVANT 94377b1163838619a473100726f0cfa6
ACTION DOC 1200 35 EXAMINING_DOCUMENT 94377b1163838619a473100726f0cfa6
ACTION MARK 1200 38 CONSIDERED_RELEVANT 94377b1163838619a473100726f0cfa6
ACTION SNIPPET 1200 38 SNIPPET_RELEVANT 07bceee77bacba4dac3f26c5d237a942
ACTION DOC 1200 58 EXAMINING_DOCUMENT 07bceee77bacba4dac3f26c5d237a942
ACTION MARK 1200 61 CONSIDERED_RELEVANT 07bceee77bacba4dac3f26c5d237a942
ACTION SNIPPET 1200 61 SNIPPET_RELEVANT 4ffcc9d4-7592-11e3-8def-a33011492df2
ACTION DOC 1200 81 EXAMINING_DOCUMENT 4ffcc9d4-7592-11e3-8def-a33011492df2
ACTION SNIPPET 1200 81 SNIPPET_RELEVANT 10ca228a-fe18-11e2-96a8-d3b921c0924a
ACTION DOC 1200 101 EXAMINING_DOCUMENT 10ca228a-fe18-11e2-96a8-d3b921c0924a
ACTION MARK 1200 104 CONSIDERED_RELEVANT 10ca228a-fe18-11e2-96a8-d3b921c0924a
ACTION SNIPPET 1200 104 SNIPPET_RELEVANT 27164286-05e7-11e3-a07f-49ddc7417125
ACTION DOC 1200 124 EXAMINING_DOCUMENT 27164286-05e7-11e3-a07f-49ddc7417125
ACTION MARK 1200 127 CONSIDERED_RELEVANT 27164286-05e7-11e3-a07f-49ddc7417125
ACTION SNIPPET 1200 127 SNIPPET_RELEVANT ff6bd6e0-fe0e-11e2-9711-3708310f6f4d
ACTION DOC 1200 147 EXAMINING_DOCUMENT ff6bd6e0-fe0e-11e2-9711-3708310f6f4d
ACTION MARK 1200 150 CONSIDERED_RELEVANT ff6bd6e0-fe0e-11e2-9711-3708310f6f4d
ACTION QUERY 1200 160 Jeff Bezos purchase
ACTION SERP 1200 165 EXAMINE_SERP
ACTION SNIPPET 1200 165 SNIPPET_RELEVANT e38c550e8a0dd02a643757db3a8bd191
ACTION DOC 1200 185 EXAMINING_DOCUMENT e38c550e8a0dd02a643757db3a8bd191
ACTION MARK 1200 188 CONSIDERED_RELEVANT e38c550e8a0dd02a643757db3a8bd191
ACTION SNIPPET 1200 188 SNIPPET_RELEVANT 28a3a5b2715d4662afa48bb4208a8cdf
ACTION DOC 1200 208 EXAMINING_DOCUMENT 28a3a5b2715d4662afa48bb4208a8cdf
ACTION MARK 1200 211 CONSIDERED_RELEVANT 28a3a5b2715d4662afa48bb4208a8cdf
ACTION SNIPPET 1200 211 SNIPPET_RELEVANT ac60365a36fdeb2a6da0e608b49c34bf
ACTION DOC 1200 231 EXAMINING_DOCUMENT ac60365a36fdeb2a6da0e608b49c34bf
ACTION MARK 1200 234 CONSIDERED_RELEVANT ac60365a36fdeb2a6da0e608b49c34bf
ACTION SNIPPET 1200 234 SEEN_PREVIOUSLY 07bceee77bacba4dac3f26c5d237a942
ACTION SNIPPET 1200 234 SNIPPET_RELEVANT 1cc215c8-fea1-11e2-9711-3708310f6f4d
ACTION DOC 1200 254 EXAMINING_DOCUMENT 1cc215c8-fea1-11e2-9711-3708310f6f4d
ACTION MARK 1200 257 CONSIDERED_RELEVANT 1cc215c8-fea1-11e2-9711-3708310f6f4d
ACTION SNIPPET 1200 257 SEEN_PREVIOUSLY 10ca228a-fe18-11e2-96a8-d3b921c0924a
ACTION SNIPPET 1200 257 SEEN_PREVIOUSLY 94377b1163838619a473100726f0cfa6
ACTION SNIPPET 1200 257 SEEN_PREVIOUSLY 27164286-05e7-11e3-a07f-49ddc7417125
ACTION SNIPPET 1200 257 SNIPPET_RELEVANT e5b293de-fe0d-11e2-9711-3708310f6f4d
ACTION DOC 1200 277 EXAMINING_DOCUMENT e5b293de-fe0d-11e2-9711-3708310f6f4d
ACTION MARK 1200 280 CONSIDERED_RELEVANT e5b293de-fe0d-11e2-9711-3708310f6f4d
ACTION QUERY 1200 290 Washington Post sale
ACTION SERP 1200 295 EXAMINE_SERP
ACTION SNIPPET 1200 295 SNIPPET_RELEVANT 0e678b6fccecb323e6095f40c5fd84da
ACTION DOC 1200 315 EXAMINING_DOCUMENT 0e678b6fccecb323e6095f40c5fd84da
ACTION SNIPPET 1200 315 SNIPPET_RELEVANT 0960f4476ac66b0ebbdc2dc5be2bb1b3
ACTION DOC 1200 335 EXAMINING_DOCUMENT 0960f4476ac66b0ebbdc2dc5be2bb1b3
ACTION SNIPPET 1200 335 SNIPPET_RELEVANT 599373f564a5903a215d95d8599e40d8
ACTION DOC 1200 355 EXAMINING_DOCUMENT 599373f564a5903a215d95d8599e40d8
ACTION SNIPPET 1200 355 SNIPPET_RELEVANT 385d9c56e7078753658974ddef3ed811
ACTION DOC 1200 375 EXAMINING_DOCUMENT 385d9c56e7078753658974ddef3ed811
ACTION SNIPPET 1200 375 SNIPPET_RELEVANT 4d18517c59b53608d7a82266d0899571
ACTION DOC 1200 395 EXAMINING_DOCUMENT 4d18517c59b53608d7a82266d0899571
ACTION SNIPPET 1200 395 SNIPPET_RELEVANT cde51c99dc097e66a957d4c2a0788796
ACTION DOC 1200 415 EXAMINING_DOCUMENT cde51c99dc097e66a957d4c2a0788796
ACTION QUERY 1200 425 Bezos media acquisition
ACTION SERP 1200 430 EXAMINE_SERP
ACTION SNIPPET 1200 430 SNIPPET_RELEVANT a70536623bdda0c5829fc1e5da5835d5
ACTION DOC 1200 450 EXAMINING_DOCUMENT a70536623bdda0c5829fc1e5da5835d5
ACTION SNIPPET 1200 450 SNIPPET_RELEVANT e98904f0-fed2-11e2-9711-3708310f6f4d
ACTION DOC 1200 470 EXAMINING_DOCUMENT e98904f0-fed2-11e2-9711-3708310f6f4d
ACTION MARK 1200 473 CONSIDERED_RELEVANT e98904f0-fed2-11e2-9711-3708310f6f4d
ACTION SNIPPET 1200 473 SEEN_PREVIOUSLY ff6bd6e0-fe0e-11e2-9711-3708310f6f4d
ACTION SNIPPET 1200 473 SNIPPET_RELEVANT 12c440f6-5646-11e5-8bb1-b488d231bba2
ACTION DOC 1200 493 EXAMINING_DOCUMENT 12c440f6-5646-11e5-8bb1-b488d231bba2
ACTION SNIPPET 1200 493 SNIPPET_RELEVANT c863516e-156f-11e3-a2ec-b47e45e6f8ef
ACTION DOC 1200 513 EXAMINING_DOCUMENT c863516e-156f-11e3-a2ec-b47e45e6f8ef
ACTION MARK 1200 516 CONSIDERED_RELEVANT c863516e-156f-11e3-a2ec-b47e45e6f8ef
ACTION SNIPPET 1200 516 SNIPPET_RELEVANT c4c8d6c2f57d186618d703b0d58aecfc
ACTION DOC 1200 536 EXAMINING_DOCUMENT c4c8d6c2f57d186618d703b0d58aecfc
ACTION SNIPPET 1200 536 SNIPPET_RELEVANT 0cad0154daacd35e40c80f602e926888
ACTION DOC 1200 556 EXAMINING_DOCUMENT 0cad0154daacd35e40c80f602e926888
ACTION QUERY 1200 566 Graham family statement
ACTION SERP 1200 571 EXAMINE_SERP
ACTION SNIPPET 1200 571 SNIPPET_RELEVANT d7664036-3ddc-11e4-b0ea-8141703bbf6f
ACTION DOC 1200 591 EXAMINING_DOCUMENT d7664036-3ddc-11e4-b0ea-8141703bbf6f
ACTION SNIPPET 1200 591 SNIPPET_RELEVANT b0df250e-5bc3-11e4-8264-deed989ae9a2
ACTION DOC 1200 611 EXAMINING_DOCUMENT b0df250e-5bc3-11e4-8264-deed989ae9a2
ACTION SNIPPET 1200 611 SNIPPET_RELEVANT 6b71988c-5ac7-11e4-b812-38518ae74c67
ACTION DOC 1200 631 EXAMINING_DOCUMENT 6b71988c-5ac7-11e4-b812-38518ae74c67
ACTION SNIPPET 1200 631 SNIPPET_RELEVANT a31f5de2-29f4-11e2-96b6-8e6a7524553f
ACTION DOC 1200 651 EXAMINING_DOCUMENT a31f5de2-29f4-11e2-96b6-8e6a7524553f
ACTION SNIPPET 1200 651 SNIPPET_RELEVANT fb4f221ecbf06a49c561dc533f6c4757
ACTION DOC 1200 671 EXAMINING_DOCUMENT fb4f221ecbf06a49c561dc533f6c4757
ACTION SNIPPET 1200 671 SNIPPET_RELEVANT b0a8b695d031f46c0d343cafcb6db139
ACTION DOC 1200 691 EXAMINING_DOCUMENT b0a8b695d031f46c0d343cafcb6db139
ACTION QUERY 1200 701 Bezos journalism plans
ACTION SERP 1200 706 EXAMINE_SERP
ACTION SNIPPET 1200 706 SEEN_PREVIOUSLY 28a3a5b2715d4662afa48bb4208a8cdf
ACTION SNIPPET 1200 706 SEEN_PREVIOUSLY ac60365a36fdeb2a6da0e608b49c34bf
ACTION SNIPPET 1200 706 SNIPPET_RELEVANT 92f621abd6af253854611c9615c4b055
ACTION DOC 1200 726 EXAMINING_DOCUMENT 92f621abd6af253854611c9615c4b055
ACTION MARK 1200 729 CONSIDERED_RELEVANT 92f621abd6af253854611c9615c4b055
ACTION SNIPPET 1200 729 SEEN_PREVIOUSLY 94377b1163838619a473100726f0cfa6
ACTION SNIPPET 1200 729 SNIPPET_RELEVANT 33040228-15a9-11e3-a2ec-b47e45e6f8ef
ACTION DOC 1200 749 EXAMINING_DOCUMENT 33040228-15a9-11e3-a2ec-b47e45e6f8ef
ACTION MARK 1200 752 CONSIDERED_RELEVANT 33040228-15a9-11e3-a2ec-b47e45e6f8ef
ACTION SNIPPET 1200 752 SNIPPET_RELEVANT 8a13592653ae19b31e9fb76c918e01dd
ACTION DOC 1200 772 EXAMINING_DOCUMENT 8a13592653ae19b31e9fb76c918e01dd
ACTION MARK 1200 775 CONSIDERED_RELEVANT 8a13592653ae19b31e9fb76c918e01dd
ACTION SNIPPET 1200 775 SNIPPET_RELEVANT 1b450a48-fe1a-11e2-96a8-d3b921c0924a
ACTION DOC 1200 795 EXAMINING_DOCUMENT 1b450a48-fe1a-11e2-96a8-d3b921c0924a
ACTION MARK 1200 798 CONSIDERED_RELEVANT 1b450a48-fe1a-11e2-96a8-d3b921c0924a
ACTION SNIPPET 1200 798 SNIPPET_RELEVANT 1fce46b97afed593be31959ed7425e0c
ACTION DOC 1200 818 EXAMINING_DOCUMENT 1fce46b97afed593be31959ed7425e0c
ACTION MARK 1200 821 CONSIDERED_RELEVANT 1fce46b97afed593be31959ed7425e0c
ACTION QUERY 1200 831 Washington Post future
ACTION SERP 1200 836 EXAMINE_SERP
ACTION SNIPPET 1200 836 SNIPPET_RELEVANT 602abc903a802ef190d7d71449f7a5cf
ACTION DOC 1200 856 EXAMINING_DOCUMENT 602abc903a802ef190d7d71449f7a5cf
ACTION SNIPPET 1200 856 SNIPPET_RELEVANT 8fff96f3007ef9f87d86b26ce2006762
ACTION DOC 1200 876 EXAMINING_DOCUMENT 8fff96f3007ef9f87d86b26ce2006762
ACTION MARK 1200 879 CONSIDERED_RELEVANT 8fff96f3007ef9f87d86b26ce2006762
ACTION SNIPPET 1200 879 SNIPPET_RELEVANT 0055f1ecac3fda481689d0ce6187b322
ACTION DOC 1200 899 EXAMINING_DOCUMENT 0055f1ecac3fda481689d0ce6187b322
ACTION SNIPPET 1200 899 SNIPPET_RELEVANT fbe3ec046ef44abf26cf6d88f53b30c2
ACTION DOC 1200 919 EXAMINING_DOCUMENT fbe3ec046ef44abf26cf6d88f53b30c2
ACTION SNIPPET 1200 919 SNIPPET_RELEVANT c2b845d6a2b746cdb5bac69d007400aa
ACTION DOC 1200 939 EXAMINING_DOCUMENT c2b845d6a2b746cdb5bac69d007400aa
ACTION SNIPPET 1200 939 SNIPPET_RELEVANT 8bdf9c52d8f529e9577f8edcd3a7c9f2
ACTION DOC 1200 959 EXAMINING_DOCUMENT 8bdf9c52d8f529e9577f8edcd3a7c9f2
ACTION QUERY 1200 969 Amazon owner buys Post
ACTION SERP 1200 974 EXAMINE_SERP
ACTION SNIPPET 1200 974 SNIPPET_RELEVANT 9a0dfaaa6eba32e01a77cb9a2087f8be
ACTION DOC 1200 994 EXAMINING_DOCUMENT 9a0dfaaa6eba32e01a77cb9a2087f8be
ACTION SNIPPET 1200 994 SNIPPET_RELEVANT 4277a17ee575bf04679930bc36300fac
ACTION DOC 1200 1014 EXAMINING_DOCUMENT 4277a17ee575bf04679930bc36300fac
ACTION SNIPPET 1200 1014 SNIPPET_RELEVANT f0264c0d894791c479f9e9068a1d55ef
ACTION DOC 1200 1034 EXAMINING_DOCUMENT f0264c0d894791c479f9e9068a1d55ef
ACTION SNIPPET 1200 1034 SNIPPET_RELEVANT 1ac5e27968005ea21cd4dbb72491ac39
ACTION DOC 1200 1054 EXAMINING_DOCUMENT 1ac5e27968005ea21cd4dbb72491ac39
ACTION SNIPPET 1200 1054 SNIPPET_RELEVANT e851642f1359d37573e0a5cfa8d1c7f3
ACTION DOC 1200 1074 EXAMINING_DOCUMENT e851642f1359d37573e0a5cfa8d1c7f3
ACTION SNIPPET 1200 1074 SNIPPET_RELEVANT 08547b83b00047693d67964641f5738b
ACTION DOC 1200 1094 EXAMINING_DOCUMENT 08547b83b00047693d67964641f5738b
ACTION QUERY 1200 1104 Bezos newspaper purchase
ACTION SERP 1200 1109 EXAMINE_SERP
ACTION SNIPPET 1200 1109 SNIPPET_RELEVANT 968a2bc4-fe1b-11e2-9711-3708310f6f4d
ACTION DOC 1200 1129 EXAMINING_DOCUMENT 968a2bc4-fe1b-11e2-9711-3708310f6f4d
ACTION MARK 1200 1132 CONSIDERED_RELEVANT 968a2bc4-fe1b-11e2-9711-3708310f6f4d
ACTION SNIPPET 1200 1132 SEEN_PREVIOUSLY 1cc215c8-fea1-11e2-9711-3708310f6f4d
ACTION SNIPPET 1200 1132 SEEN_PREVIOUSLY 4ffcc9d4-7592-11e3-8def-a33011492df2
ACTION SNIPPET 1200 1132 SEEN_PREVIOUSLY 27164286-05e7-11e3-a07f-49ddc7417125
ACTION SNIPPET 1200 1132 SNIPPET_RELEVANT fca3b16a-2acf-11e3-97a3-ff2758228523
ACTION DOC 1200 1152 EXAMINING_DOCUMENT fca3b16a-2acf-11e3-97a3-ff2758228523
ACTION MARK 1200 1155 CONSIDERED_RELEVANT fca3b16a-2acf-11e3-97a3-ff2758228523
ACTION SNIPPET 1200 1155 SNIPPET_RELEVANT 30c00b60-13f6-11e3-b182-1b3bb2eb474c
ACTION DOC 1200 1175 EXAMINING_DOCUMENT 30c00b60-13f6-11e3-b182-1b3bb2eb474c
ACTION MARK 1200 1178 CONSIDERED_RELEVANT 30c00b60-13f6-11e3-b182-1b3bb2eb474c
ACTION SNIPPET 1200 1178 SNIPPET_RELEVANT 285dbb6f10f3d442d6eb624a1cc9584a
ACTION DOC 1200 1198 EXAMINING_DOCUMENT 285dbb6f10f3d442d6eb624a1cc9584a
ACTION MARK 1200 1201 CONSIDERED_RELEVANT 285dbb6f10f3d442d6eb624a1cc9584a
INFO SUMMARY 
INFO TOTAL_QUERIES_ISSUED 9
INFO TOTAL_SNIPPETS_EXAMINED 61
INFO TOTAL_DOCUMENTS_EXAMINED 50
INFO TOTAL_DOCUMENTS_MARKED_RELEVANT 22
INFO TOTAL_ATTRACTIVE_SERP_IMPRESSIONS 9
INFO TOTAL_UNATTRACTIVE_SERP_IMPRESSIONS 0
