ACTION START 1200 0 START
ACTION QUERY 1200 10 middle class decline
ACTION SERP 1200 15 EXAMINE_SERP
ACTION SNIPPET 1200 15 SNIPPET_RELEVANT cecb68c879ddec192499c8ab671bf37f
ACTION DOC 1200 35 EXAMINING_DOCUMENT cecb68c879ddec192499c8ab671bf37f
ACTION MARK 1200 38 CONSIDERED_RELEVANT cecb68c879ddec192499c8ab671bf37f
ACTION SNIPPET 1200 38 SNIPPET_NOT_RELEVANT bc67ff696fbcadd5160706407144a2a1
ACTION SNIPPET 1200 38 SNIPPET_NOT_RELEVANT c4b66c2d0b9836e464388e5a79c76236
ACTION SNIPPET 1200 38 SNIPPET_RELEVANT 58ad2135c6ac41d693916df6d65e3f53
ACTION DOC 1200 58 EXAMINING_DOCUMENT 58ad2135c6ac41d693916df6d65e3f53
ACTION MARK 1200 61 CONSIDERED_RELEVANT 58ad2135c6ac41d693916df6d65e3f53
ACTION SNIPPET 1200 61 SNIPPET_RELEVANT 14af05c5312953c454ae5691173cebd6
ACTION DOC 1200 81 EXAMINING_DOCUMENT 14af05c5312953c454ae5691173cebd6
ACTION MARK 1200 84 CONSIDERED_RELEVANT 14af05c5312953c454ae5691173cebd6
ACTION SNIPPET 1200 84 SNIPPET_RELEVANT db0e94f949b171c82f227f5b1cf28694
ACTION DOC 1200 104 EXAMINING_DOCUMENT db0e94f949b171c82f227f5b1cf28694
ACTION MARK 1200 107 CONSIDERED_RELEVANT db0e94f949b171c82f227f5b1cf28694
ACTION SNIPPET 1200 107 SNIPPET_RELEVANT c23e7c6ded052b2e8d9e70a9fd4e3a69
ACTION DOC 1200 127 EXAMINING_DOCUMENT c23e7c6ded052b2e8d9e70a9fd4e3a69
ACTION MARK 1200 130 CONSIDERED_RELEVANT c23e7c6ded052b2e8d9e70a9fd4e3a69
ACTION QUERY 1200 140 US economic inequality
ACTION SERP 1200 145 EXAMINE_SERP
ACTION SNIPPET 1200 145 SNIPPET_NOT_RELEVANT 077ff780e35e392edb8f418dc6887aa0
ACTION SNIPPET 1200 145 SNIPPET_NOT_RELEVANT 4cda72ac-8a9a-11e3-a5bd-844629433ba3
ACTION SNIPPET 1200 145 SNIPPET_NOT_RELEVANT 7a91bfd5d00ce70e64e9e13101920a35
ACTION SNIPPET 1200 145 SNIPPET_NOT_RELEVANT 3f50b588b11911d1010cdb73c7847ac4
ACTION SNIPPET 1200 145 SNIPPET_NOT_RELEVANT f807802a675d409f1fe9ff77e34d7106
ACTION SNIPPET 1200 145 SNIPPET_NOT_RELEVANT 7de9f06053fe2a901437324fdff80e6c
ACTION SNIPPET 1200 145 SNIPPET_NOT_RELEVANT b53052c0-4b6f-11e1-a6cc-0af555104193
ACTION SNIPPET 1200 145 SNIPPET_NOT_RELEVANT 192312940443d01da2580ad5f6aa025d
ACTION SNIPPET 1200 145 SNIPPET_NOT_RELEVANT 295da4fe72cc09d3cf0c3895a01e7c8f
ACTION SNIPPET 1200 145 SNIPPET_NOT_RELEVANT 548bdb40ccb46db8385f2baebd00798d
ACTION SNIPPET 1200 145 SNIPPET_NOT_RELEVANT 21b35e70-dca2-11e5-81ae-7491b9b9e7df
ACTION SNIPPET 1200 145 SNIPPET_RELEVANT a171edab20d97682eab64914084777fc
ACTION DOC 1200 165 EXAMINING_DOCUMENT a171edab20d97682eab64914084777fc
ACTION MARK 1200 168 CONSIDERED_RELEVANT a171edab20d97682eab64914084777fc
ACTION SNIPPET 1200 168 SNIPPET_NOT_RELEVANT 13913500b43b8561429003ad3857f28d
ACTION SNIPPET 1200 168 SNIPPET_NOT_RELEVANT a78cdc52-231b-11e4-958c-268a320a60ce
ACTION SNIPPET 1200 168 SNIPPET_NOT_RELEVANT cc8fb513dbe819ba9f473dd5dfc53f52
ACTION SNIPPET 1200 168 SNIPPET_NOT_RELEVANT bef286ac-5cfc-11e3-be07-006c776266ed
ACTION SNIPPET 1200 168 SNIPPET_NOT_RELEVANT bfefd3c258947a4ecf8333979514389d
ACTION SNIPPET 1200 168 SNIPPET_NOT_RELEVANT 102f1f32-02be-11e4-b8ff-89afd3fad6bd
ACTION SNIPPET 1200 168 SNIPPET_NOT_RELEVANT 9f74413bfc8f4239d8d4f438ce5f58d4
ACTION SNIPPET 1200 168 SNIPPET_NOT_RELEVANT 1885094eb3d57afae5420fa1d03522e5
ACTION SNIPPET 1200 168 SNIPPET_NOT_RELEVANT 0097a11a-f599-11e4-84a6-6d7c67c50db0
ACTION SNIPPET 1200 168 SNIPPET_NOT_RELEVANT ad71ba10-71ee-11e1-8670-ac228f6e3e10
ACTION SNIPPET 1200 168 SNIPPET_NOT_RELEVANT 14e0f0d759ed456393bf89d4cf75b415
ACTION SNIPPET 1200 168 SNIPPET_RELEVANT eb8417d0-bbf4-11e1-9134-f33232e6dafa
ACTION DOC 1200 188 EXAMINING_DOCUMENT eb8417d0-bbf4-11e1-9134-f33232e6dafa
ACTION MARK 1200 191 CONSIDERED_RELEVANT eb8417d0-bbf4-11e1-9134-f33232e6dafa
ACTION SNIPPET 1200 191 SNIPPET_NOT_RELEVANT 55fb96eef83666ec6c995af77090cad5
ACTION SNIPPET 1200 191 SNIPPET_NOT_RELEVANT 1edae240265a4f028fe39911bdcb4b3f
ACTION SNIPPET 1200 191 SNIPPET_NOT_RELEVANT fc911526-ce98-11e1-8e56-dffbfbe1bd20
ACTION SNIPPET 1200 191 SNIPPET_RELEVANT d6b03482-667c-11e2-93e1-475791032daf
ACTION DOC 1200 211 EXAMINING_DOCUMENT d6b03482-667c-11e2-93e1-475791032daf
ACTION MARK 1200 214 CONSIDERED_RELEVANT d6b03482-667c-11e2-93e1-475791032daf
ACTION SNIPPET 1200 214 SNIPPET_NOT_RELEVANT 4303a8bfaf865d11bb0da6a5ae8b44d4
ACTION SNIPPET 1200 214 SNIPPET_NOT_RELEVANT 5de5702db605851613dfc855ce3733d8
ACTION SNIPPET 1200 214 SNIPPET_NOT_RELEVANT d11bfb5e-5f4c-11e3-8d24-31c016b976b2
ACTION SNIPPET 1200 214 SNIPPET_NOT_RELEVANT d3b64576e286c05e6f48757c7da583b5
ACTION SNIPPET 1200 214 SNIPPET_NOT_RELEVANT 943ea8e2516e36a6a876c6a28ed5a0ee
ACTION SNIPPET 1200 214 SNIPPET_NOT_RELEVANT 8dcc11ffe722f6df05371f8160ce430a
ACTION SNIPPET 1200 214 SNIPPET_NOT_RELEVANT 45b3b5c38a1ca78b95dcfce4fd9edadf
ACTION SNIPPET 1200 214 SNIPPET_NOT_RELEVANT 3b64e6ec3f1627c02e3a0656d62e90aa
ACTION SNIPPET 1200 214 SNIPPET_NOT_RELEVANT e7e86b62dfeb7e848f8bf609e579ee97
ACTION SNIPPET 1200 214 SNIPPET_NOT_RELEVANT 9bc452e83afff4be9b05d81096e86264
ACTION SNIPPET 1200 214 SNIPPET_NOT_RELEVANT dc1f64ca59a9d0a315583b207507a154
ACTION SNIPPET 1200 214 SNIPPET_NOT_RELEVANT c766b5b873af98024fe0a4b0d2780e30
ACTION SNIPPET 1200 214 SNIPPET_NOT_RELEVANT 3599cb70-9cfe-11e4-96cc-e858eba91ced
ACTION SNIPPET 1200 214 SNIPPET_NOT_RELEVANT 4928adc8-7b80-11e3-97d3-b9925ce2c57b
ACTION SNIPPET 1200 214 SNIPPET_NOT_RELEVANT 4ef17830-99e6-11e5-8917-653b65c809eb
ACTION SNIPPET 1200 214 SNIPPET_NOT_RELEVANT a3ed6bfe-d54a-11e2-a73e-826d299ff459
ACTION SNIPPET 1200 214 SNIPPET_RELEVANT bd557680-0a6c-11e7-a15f-a58d4a988474
ACTION DOC 1200 234 EXAMINING_DOCUMENT bd557680-0a6c-11e7-a15f-a58d4a988474
ACTION MARK 1200 237 CONSIDERED_RELEVANT bd557680-0a6c-11e7-a15f-a58d4a988474
ACTION SNIPPET 1200 237 SNIPPET_NOT_RELEVANT 567aeb84fb0eabc44dcbe4b4cf840d5e
ACTION SNIPPET 1200 237 SNIPPET_NOT_RELEVANT d47dd498d19c04ff0c254944a611fc61
ACTION SNIPPET 1200 237 SNIPPET_NOT_RELEVANT ff02c26dbbb4eeb9f03ad1b5b4ac93b8
ACTION SNIPPET 1200 237 SNIPPET_NOT_RELEVANT 4ff4e920-6436-11e3-91b3-f2bb96304e34
ACTION SNIPPET 1200 237 SNIPPET_NOT_RELEVANT 1f49ca39bd32e24cf68127b6a417dc8c
ACTION SNIPPET 1200 237 SNIPPET_NOT_RELEVANT 7d5e4337fb1c7b6b55c570a29b2f177d
ACTION SNIPPET 1200 237 SNIPPET_NOT_RELEVANT a20f50c3cedfe387ac4ef63ef38d8407
ACTION SNIPPET 1200 237 SNIPPET_NOT_RELEVANT 01b507699c76cd5acba8da5e5c52e212
ACTION SNIPPET 1200 237 SNIPPET_NOT_RELEVANT db256346-7396-11e5-9cbb-790369643cf9
ACTION SNIPPET 1200 237 SNIPPET_NOT_RELEVANT 3b7b3cec29e4b0acbf23440d6de26ce6
ACTION SNIPPET 1200 237 SNIPPET_NOT_RELEVANT ad832aea-d976-11e5-81ae-7491b9b9e7df
ACTION SNIPPET 1200 237 SNIPPET_NOT_RELEVANT 70e7be20bdcb5cc65f99eae5510aee1f
ACTION SNIPPET 1200 237 SNIPPET_NOT_RELEVANT 5c0eee6a560e1e0ceb27e691b056f2f5
ACTION SNIPPET 1200 237 SNIPPET_RELEVANT ab375434-3256-11e2-9cfa-e41bac906cc9
ACTION DOC 1200 257 EXAMINING_DOCUMENT ab375434-3256-11e2-9cfa-e41bac906cc9
ACTION MARK 1200 260 CONSIDERED_RELEVANT ab375434-3256-11e2-9cfa-e41bac906cc9
ACTION QUERY 1200 270 declining middle class
ACTION SERP 1200 275 EXAMINE_SERP
ACTION SNIPPET 1200 275 SEEN_PREVIOUSLY cecb68c879ddec192499c8ab671bf37f
ACTION SNIPPET 1200 275 SNIPPET_NOT_RELEVANT bc67ff696fbcadd5160706407144a2a1
ACTION SNIPPET 1200 275 SNIPPET_NOT_RELEVANT c4b66c2d0b9836e464388e5a79c76236
ACTION SNIPPET 1200 275 SEEN_PREVIOUSLY 58ad2135c6ac41d693916df6d65e3f53
ACTION SNIPPET 1200 275 SEEN_PREVIOUSLY 14af05c5312953c454ae5691173cebd6
ACTION SNIPPET 1200 275 SEEN_PREVIOUSLY db0e94f949b171c82f227f5b1cf28694
ACTION SNIPPET 1200 275 SEEN_PREVIOUSLY c23e7c6ded052b2e8d9e70a9fd4e3a69
ACTION SNIPPET 1200 275 SNIPPET_NOT_RELEVANT 4a5498cc34b5b2b65eb3bce973a118c9
ACTION SNIPPET 1200 275 SNIPPET_RELEVANT 17c7f8b12ada24f7d93353ae70dd1ad0
ACTION DOC 1200 295 EXAMINING_DOCUMENT 17c7f8b12ada24f7d93353ae70dd1ad0
ACTION MARK 1200 298 CONSIDERED_RELEVANT 17c7f8b12ada24f7d93353ae70dd1ad0
ACTION SNIPPET 1200 298 SNIPPET_RELEVANT d3855a5a9c4eaacf1d9a32de2b62f9d4
ACTION DOC 1200 318 EXAMINING_DOCUMENT d3855a5a9c4eaacf1d9a32de2b62f9d4
ACTION MARK 1200 321 CONSIDERED_RELEVANT d3855a5a9c4eaacf1d9a32de2b62f9d4
ACTION SNIPPET 1200 321 SNIPPET_RELEVANT b551a62a-3650-11e1-9ee3-fd35588e7629
ACTION DOC 1200 341 EXAMINING_DOCUMENT b551a62a-3650-11e1-9ee3-fd35588e7629
ACTION MARK 1200 344 CONSIDERED_RELEVANT b551a62a-3650-11e1-9ee3-fd35588e7629
ACTION SNIPPET 1200 344 SNIPPET_RELEVANT d3df9601bf4fb1351eb64f3517255771
ACTION DOC 1200 364 EXAMINING_DOCUMENT d3df9601bf4fb1351eb64f3517255771
ACTION MARK 1200 367 CONSIDERED_RELEVANT d3df9601bf4fb1351eb64f3517255771
ACTION SNIPPET 1200 367 SNIPPET_RELEVANT 4e525675ca0d1c2cc2786208e28f39db
ACTION DOC 1200 387 EXAMINING_DOCUMENT 4e525675ca0d1c2cc2786208e28f39db
ACTION MARK 1200 390 CONSIDERED_RELEVANT 4e525675ca0d1c2cc2786208e28f39db
ACTION QUERY 1200 400 American dream fading
ACTION SERP 1200 405 EXAMINE_SERP
ACTION SNIPPET 1200 405 SNIPPET_NOT_RELEVANT ff0ff96c86a3020242787734086acce6
ACTION SNIPPET 1200 405 SNIPPET_NOT_RELEVANT bdc4dfddd30215824dd704b07f63c2f5
ACTION SNIPPET 1200 405 SNIPPET_NOT_RELEVANT 6b7b9cc0-e5fa-11e3-afc6-a1dd9407abcf
ACTION SNIPPET 1200 405 SNIPPET_NOT_RELEVANT 659b46de-b5a5-11e1-9cb1-2a3ee465ab8e
ACTION SNIPPET 1200 405 SNIPPET_NOT_RELEVANT 90198d9e56ddf19076bfd921dcce0a16
ACTION SNIPPET 1200 405 SNIPPET_NOT_RELEVANT b3099c41639fe21157e54d29d26ff51c
ACTION SNIPPET 1200 405 SNIPPET_NOT_RELEVANT c9546d75a8a436c42e272869734c2412
ACTION SNIPPET 1200 405 SNIPPET_NOT_RELEVANT 2b6d3112-6003-11e2-a389-ee565c81c565
ACTION SNIPPET 1200 405 SNIPPET_NOT_RELEVANT 5d6a98e0-31bd-11e7-9534-00e4656c22aa
ACTION SNIPPET 1200 405 SNIPPET_NOT_RELEVANT 3d64e34d33818b777a67d56f0215436f
ACTION SNIPPET 1200 405 SNIPPET_NOT_RELEVANT 3517884f361c1e7193d075ee3ffd689f
ACTION SNIPPET 1200 405 SNIPPET_NOT_RELEVANT 414b4cdb4fe28e49a42ab660547ea12a
ACTION SNIPPET 1200 405 SNIPPET_NOT_RELEVANT 6478a4a8-4c86-11e3-9890-a1e0997fb0c0
ACTION SNIPPET 1200 405 SNIPPET_NOT_RELEVANT 1fbae5fd13933b363ca481a361018461
ACTION SNIPPET 1200 405 SNIPPET_NOT_RELEVANT f0be95156e0ad027ea2dc11e479287e0
ACTION SNIPPET 1200 405 SNIPPET_NOT_RELEVANT ee42cb2c32b84b7d72b58321f928e198
ACTION SNIPPET 1200 405 SNIPPET_NOT_RELEVANT 8fcc498c-62ce-11e1-a2f2-468e819f2777
ACTION SNIPPET 1200 405 SNIPPET_NOT_RELEVANT 7aa119d2-ef8f-11e5-85a6-2132cf446d0a
ACTION SNIPPET 1200 405 SNIPPET_NOT_RELEVANT a17da796-244e-11e3-ad0d-b7c8d2a594b9
ACTION SNIPPET 1200 405 SNIPPET_RELEVANT c23c594d438f08a0c8a95d4d1ec8f05b
ACTION DOC 1200 425 EXAMINING_DOCUMENT c23c594d438f08a0c8a95d4d1ec8f05b
ACTION MARK 1200 428 CONSIDERED_RELEVANT c23c594d438f08a0c8a95d4d1ec8f05b
ACTION SNIPPET 1200 428 SNIPPET_RELEVANT 48fd8fd712087e112b698d5b72540399
ACTION DOC 1200 448 EXAMINING_DOCUMENT 48fd8fd712087e112b698d5b72540399
ACTION MARK 1200 451 CONSIDERED_RELEVANT 48fd8fd712087e112b698d5b72540399
ACTION SNIPPET 1200 451 SNIPPET_RELEVANT bfcc78cb4e922dfce6e225ca1ad0a6b4
ACTION DOC 1200 471 EXAMINING_DOCUMENT bfcc78cb4e922dfce6e225ca1ad0a6b4
ACTION MARK 1200 474 CONSIDERED_RELEVANT bfcc78cb4e922dfce6e225ca1ad0a6b4
ACTION SNIPPET 1200 474 SNIPPET_RELEVANT 4940da4e6e3a30357bd0a4d5e5303b34
ACTION DOC 1200 494 EXAMINING_DOCUMENT 4940da4e6e3a30357bd0a4d5e5303b34
ACTION MARK 1200 497 CONSIDERED_RELEVANT 4940da4e6e3a30357bd0a4d5e5303b34
ACTION SNIPPET 1200 497 SNIPPET_RELEVANT e7bfb9c0e14475ecc9d1a6fb8a3e88c0
ACTION DOC 1200 517 EXAMINING_DOCUMENT e7bfb9c0e14475ecc9d1a6fb8a3e88c0
ACTION MARK 1200 520 CONSIDERED_RELEVANT e7bfb9c0e14475ecc9d1a6fb8a3e88c0
ACTION QUERY 1200 530 middle class struggles
ACTION SERP 1200 535 EXAMINE_SERP
ACTION SNIPPET 1200 535 SNIPPET_NOT_RELEVANT de2fd7d2-a5be-11e1-98a2-f0ff33a4cc4c
ACTION SNIPPET 1200 535 SNIPPET_NOT_RELEVANT 4c87854c692b95d19788949bda25dfd4
ACTION SNIPPET 1200 535 SNIPPET_NOT_RELEVANT 645c63af512a8b52187a32b56cc5eda9
ACTION SNIPPET 1200 535 SNIPPET_NOT_RELEVANT 46ba6e2a421dcc55b9fc535bdbfb56b9
ACTION SNIPPET 1200 535 SNIPPET_RELEVANT 800a2553c90567abcdb0640e87803de3
ACTION DOC 1200 555 EXAMINING_DOCUMENT 800a2553c90567abcdb0640e87803de3
ACTION MARK 1200 558 CONSIDERED_RELEVANT 800a2553c90567abcdb0640e87803de3
ACTION SNIPPET 1200 558 SNIPPET_RELEVANT 34ea240cd32cccc26fb741c39d374df9
ACTION DOC 1200 578 EXAMINING_DOCUMENT 34ea240cd32cccc26fb741c39d374df9
ACTION MARK 1200 581 CONSIDERED_RELEVANT 34ea240cd32cccc26fb741c39d374df9
ACTION SNIPPET 1200 581 SNIPPET_NOT_RELEVANT e5d2b6a6-f4ad-11e6-8d72-263470bf0401
ACTION SNIPPET 1200 581 SNIPPET_RELEVANT cfbb64ec-8625-11e4-9534-f79a23c40e6c
ACTION DOC 1200 601 EXAMINING_DOCUMENT cfbb64ec-8625-11e4-9534-f79a23c40e6c
ACTION MARK 1200 604 CONSIDERED_RELEVANT cfbb64ec-8625-11e4-9534-f79a23c40e6c
ACTION SNIPPET 1200 604 SNIPPET_NOT_RELEVANT 28df9bc0-af49-11e2-b59e-adb43da03a8a
ACTION SNIPPET 1200 604 SNIPPET_NOT_RELEVANT af4dabfc003d6ca240d5db6bf12ff151
ACTION SNIPPET 1200 604 SNIPPET_NOT_RELEVANT 1dc6e1f2103aeb01beef527b22334918
ACTION SNIPPET 1200 604 SNIPPET_NOT_RELEVANT 9ed0a814eed0971c0285d888d2b16be2
ACTION SNIPPET 1200 604 SNIPPET_NOT_RELEVANT 588519be-f583-11e3-8aa9-dad2ec039789
ACTION SNIPPET 1200 604 SNIPPET_NOT_RELEVANT 4a5498cc34b5b2b65eb3bce973a118c9
ACTION SNIPPET 1200 604 SNIPPET_NOT_RELEVANT 5f5f9345d486cf51b738b8269d74e18e
ACTION SNIPPET 1200 604 SNIPPET_RELEVANT eafa25c3b73957ae38a98ed33ceab288
ACTION DOC 1200 624 EXAMINING_DOCUMENT eafa25c3b73957ae38a98ed33ceab288
ACTION MARK 1200 627 CONSIDERED_RELEVANT eafa25c3b73957ae38a98ed33ceab288
ACTION SNIPPET 1200 627 SNIPPET_NOT_RELEVANT 348d4deac582728d8172e6d6dd1ff1e6
ACTION SNIPPET 1200 627 SNIPPET_NOT_RELEVANT e894ef88-68b3-11e7-8eb5-cbccc2e7bfbf
ACTION SNIPPET 1200 627 SNIPPET_NOT_RELEVANT 02083b6c-131b-11e2-a16b-2c110031514a
ACTION SNIPPET 1200 627 SNIPPET_NOT_RELEVANT 2831f3dddef4ca08580680f9781a59b4
ACTION SNIPPET 1200 627 SNIPPET_NOT_RELEVANT 26313dd8a26aa07702462d87e799ac0c
ACTION SNIPPET 1200 627 SEEN_PREVIOUSLY bd557680-0a6c-11e7-a15f-a58d4a988474
ACTION SNIPPET 1200 627 SNIPPET_NOT_RELEVANT 2dd1b984-5b2e-11e2-88d0-c4cf65c3ad15
ACTION SNIPPET 1200 627 SNIPPET_NOT_RELEVANT e5bb70c0-15ab-11e3-be6e-dc6ae8a5b3a8
ACTION SNIPPET 1200 627 SNIPPET_NOT_RELEVANT aa9d0ed9215246a5cdea04470ce5b95e
ACTION SNIPPET 1200 627 SNIPPET_NOT_RELEVANT c36b989124c71c27d2c6f848fe829247
ACTION SNIPPET 1200 627 SNIPPET_NOT_RELEVANT 81b7cd60f1f027b04837a4e6f45b77f9
ACTION SNIPPET 1200 627 SNIPPET_RELEVANT d20d6352-b385-11e4-886b-c22184f27c35
ACTION DOC 1200 647 EXAMINING_DOCUMENT d20d6352-b385-11e4-886b-c22184f27c35
ACTION MARK 1200 650 CONSIDERED_RELEVANT d20d6352-b385-11e4-886b-c22184f27c35
ACTION QUERY 1200 660 economic downturn effects
ACTION SERP 1200 665 EXAMINE_SERP
ACTION SNIPPET 1200 665 SNIPPET_NOT_RELEVANT eca6ee0c2b737b6f2f8fd7e4a6341823
ACTION SNIPPET 1200 665 SNIPPET_NOT_RELEVANT 79d8dc5c-d110-11e1-8bea-6dc0b4879aab
ACTION SNIPPET 1200 665 SNIPPET_NOT_RELEVANT b43e0d28-31b2-11e3-89ae-16e186e117d8
ACTION SNIPPET 1200 665 SNIPPET_NOT_RELEVANT 2e7a3af9499a54b80fc39d711aabc377
ACTION SNIPPET 1200 665 SNIPPET_NOT_RELEVANT 898c5ff5792ec86859f651d46470aed1
ACTION SNIPPET 1200 665 SNIPPET_NOT_RELEVANT 9c993253cdba12de0a652799f865a87e
ACTION SNIPPET 1200 665 SNIPPET_NOT_RELEVANT ae4d4f9befe997f9db71604121e59be2
ACTION SNIPPET 1200 665 SNIPPET_NOT_RELEVANT c4ae1df0e8621e94ee8b7ec081eb929d
ACTION SNIPPET 1200 665 SNIPPET_NOT_RELEVANT 507444a6-165f-11e3-be6e-dc6ae8a5b3a8
ACTION SNIPPET 1200 665 SEEN_PREVIOUSLY eb8417d0-bbf4-11e1-9134-f33232e6dafa
ACTION SNIPPET 1200 665 SNIPPET_NOT_RELEVANT 59d59d52b5b090980d258673ba37bd15
ACTION SNIPPET 1200 665 SNIPPET_NOT_RELEVANT 9584bde0-bfdb-11e1-9ce8-ff26651238d0
ACTION SNIPPET 1200 665 SNIPPET_NOT_RELEVANT fb4c8992492f681bdfdbb1870f0d8f23
ACTION SNIPPET 1200 665 SNIPPET_NOT_RELEVANT 334cb0e4-5f2b-11e6-8e45-477372e89d78
ACTION SNIPPET 1200 665 SNIPPET_NOT_RELEVANT 68f98c63940281d943c35b064899ba02
ACTION SNIPPET 1200 665 SNIPPET_NOT_RELEVANT af598091fb948337f39722e22db0d249
ACTION SNIPPET 1200 665 SNIPPET_NOT_RELEVANT 55468e666fc20a59140b95423e9af97b
ACTION SNIPPET 1200 665 SNIPPET_NOT_RELEVANT 1ccbc3d0-78c1-11e3-b1c5-739e63e9c9a7
ACTION SNIPPET 1200 665 SNIPPET_NOT_RELEVANT 3c35dee0-622a-11e1-b51c-01d913513d63
ACTION SNIPPET 1200 665 SNIPPET_NOT_RELEVANT 5cc4c5c9aed2daca4cabade2c8cb6b43
ACTION SNIPPET 1200 665 SNIPPET_NOT_RELEVANT d6134be9fe6dd6f86ee2c4468b05c4ca
ACTION SNIPPET 1200 665 SNIPPET_NOT_RELEVANT d0071bb4-b362-11e1-86b7-975e976c9022
ACTION SNIPPET 1200 665 SNIPPET_NOT_RELEVANT db8e9500974d3c7c52367f11da8d15ab
ACTION SNIPPET 1200 665 SNIPPET_NOT_RELEVANT cb6e02a0-83b0-11e3-9dd4-e7278db80d86
ACTION SNIPPET 1200 665 SNIPPET_NOT_RELEVANT 26b345e8-d204-11e3-937f-d3026234b51c
ACTION SNIPPET 1200 665 SNIPPET_NOT_RELEVANT 4404a4ee3190ca71952bef38011162e7
ACTION SNIPPET 1200 665 SNIPPET_NOT_RELEVANT 5da4b1910015cafc850bffd5873acd42
ACTION SNIPPET 1200 665 SNIPPET_NOT_RELEVANT f51cf6f508efb249636d951f6924eb8c
ACTION SNIPPET 1200 665 SNIPPET_NOT_RELEVANT d79aeed0cdbf0a06f7cef871cd013a4d
ACTION SNIPPET 1200 665 SNIPPET_NOT_RELEVANT 955f92172870b5ab3dfa7261957f3a86
ACTION SNIPPET 1200 665 SNIPPET_NOT_RELEVANT b923730cf47ca9184828d6df931f5a5f
ACTION SNIPPET 1200 665 SNIPPET_NOT_RELEVANT 6138f564-240e-11e2-9313-3c7f59038d93
ACTION SNIPPET 1200 665 SNIPPET_NOT_RELEVANT 9147c360-ee21-11e2-bed3-b9b6fe264871
ACTION SNIPPET 1200 665 SNIPPET_RELEVANT 8bc97790172802d3602c6e34debf8f9d
ACTION DOC 1200 685 EXAMINING_DOCUMENT 8bc97790172802d3602c6e34debf8f9d
ACTION MARK 1200 688 CONSIDERED_RELEVANT 8bc97790172802d3602c6e34debf8f9d
ACTION SNIPPET 1200 688 SNIPPET_NOT_RELEVANT 5359b7e0-0509-11e7-b1e9-a05d3c21f7cf
ACTION SNIPPET 1200 688 SNIPPET_NOT_RELEVANT 8c1fee08-cb9e-11e2-8845-d970ccb04497
ACTION SNIPPET 1200 688 SNIPPET_NOT_RELEVANT e60a5400-c78d-11e1-916d-a4bc61efcad8
ACTION SNIPPET 1200 688 SNIPPET_RELEVANT 6fe5ce28-090c-11e3-9941-6711ed662e71
ACTION DOC 1200 708 EXAMINING_DOCUMENT 6fe5ce28-090c-11e3-9941-6711ed662e71
ACTION MARK 1200 711 CONSIDERED_RELEVANT 6fe5ce28-090c-11e3-9941-6711ed662e71
ACTION SNIPPET 1200 711 SNIPPET_NOT_RELEVANT 9bc452e83afff4be9b05d81096e86264
ACTION SNIPPET 1200 711 SNIPPET_NOT_RELEVANT 3244e85c-3c7f-11e1-a72c-c808ebbd31f5
ACTION SNIPPET 1200 711 SNIPPET_NOT_RELEVANT 55de6fac-98c8-11e3-b88d-f36c07223d88
ACTION SNIPPET 1200 711 SNIPPET_NOT_RELEVANT f5723aea-cc5e-11e1-a953-937473fc82af
ACTION SNIPPET 1200 711 SNIPPET_NOT_RELEVANT 59e9413f5d1ad8268086ce6837ba565b
ACTION SNIPPET 1200 711 SNIPPET_NOT_RELEVANT d9a81e9a4132f5ebf1f2f0bd1cbf36a4
ACTION SNIPPET 1200 711 SNIPPET_NOT_RELEVANT 051cf51c3dad1d2e2725b9e7b38f0271
ACTION SNIPPET 1200 711 SNIPPET_NOT_RELEVANT f67a05ae-86a7-11e2-98a3-b3db6b9ac586
ACTION SNIPPET 1200 711 SNIPPET_NOT_RELEVANT f1da6fcf7a18a3d2460a88228d7a8cdb
ACTION SNIPPET 1200 711 SNIPPET_NOT_RELEVANT 3cbfb230f349ed454aa70f4439ebf1c6
ACTION SNIPPET 1200 711 SNIPPET_NOT_RELEVANT 18ac947c43435829ba1cfbb7fc36a23b
ACTION SNIPPET 1200 711 SNIPPET_NOT_RELEVANT f1cbbcd667ea66737663c88cd705e3ab
ACTION SNIPPET 1200 711 SNIPPET_NOT_RELEVANT 22427fc7a46cd7cc9c654bafb8c68437
ACTION SNIPPET 1200 711 SNIPPET_NOT_RELEVANT 850d4d76-3a41-11e6-9ccd-d6005beac8b3
ACTION SNIPPET 1200 711 SNIPPET_NOT_RELEVANT 13ea71f6-48eb-11e1-9a35-ee3df431dcec
ACTION SNIPPET 1200 711 SNIPPET_NOT_RELEVANT d25ff948-b05a-11e3-95e8-39bef8e9a48b
ACTION SNIPPET 1200 711 SNIPPET_NOT_RELEVANT fc02cfea-a2ac-11e6-8d63-3e0a660f1f04
ACTION SNIPPET 1200 711 SNIPPET_NOT_RELEVANT d4f70e3c-2bb5-11e3-8ade-a1f23cda135e
ACTION SNIPPET 1200 711 SNIPPET_NOT_RELEVANT 513a914734c3c94257f2fe62d9d7743a
ACTION SNIPPET 1200 711 SNIPPET_NOT_RELEVANT 4ceb4280-a6a8-11e1-9e73-f4e3879b34a3
ACTION SNIPPET 1200 711 SNIPPET_NOT_RELEVANT af1f0120-371e-11e6-8f7c-d4c723a2becb
ACTION SNIPPET 1200 711 SNIPPET_NOT_RELEVANT 1249206803f5f215518614166c4538dc
ACTION SNIPPET 1200 711 SNIPPET_NOT_RELEVANT 6034bcb4-20c7-11e3-966c-9c4293c47ebe
ACTION SNIPPET 1200 711 SNIPPET_NOT_RELEVANT 3408a468-9b1d-11e3-ad71-e03637a299c0
ACTION SNIPPET 1200 711 SNIPPET_NOT_RELEVANT 8cc9a655472ef916d5ba38eb44d1708e
ACTION SNIPPET 1200 711 SNIPPET_NOT_RELEVANT d255d9de-e68f-11e3-afc6-a1dd9407abcf
ACTION SNIPPET 1200 711 SNIPPET_NOT_RELEVANT 82d8b064-9592-11e3-9616-d367fa6ea99b
ACTION SNIPPET 1200 711 SNIPPET_NOT_RELEVANT 3f3d1a5c-86c4-11e3-833c-33098f9e5267
ACTION SNIPPET 1200 711 SNIPPET_NOT_RELEVANT b65f4b7fced36b0f547e6788844a5eb7
ACTION SNIPPET 1200 711 SNIPPET_NOT_RELEVANT 775e09c22be50989647f8ef42a9cb4ea
ACTION SNIPPET 1200 711 SNIPPET_NOT_RELEVANT 8d3a9677964615e59e7ced787d05ec27
ACTION SNIPPET 1200 711 SNIPPET_NOT_RELEVANT 14445796-9194-11e2-9abd-e4c5c9dc5e90
ACTION SNIPPET 1200 711 SNIPPET_NOT_RELEVANT 6b4588411567effa7df2ab8e48af3705
ACTION SNIPPET 1200 711 SNIPPET_NOT_RELEVANT c7aebf1e-6008-11e2-a389-ee565c81c565
ACTION SNIPPET 1200 711 SNIPPET_NOT_RELEVANT 544e9c423da7456acccba9bbdc9af5ae
ACTION SNIPPET 1200 711 SNIPPET_NOT_RELEVANT 7eb256dba5575ad777d138f75dcbaf34
ACTION SNIPPET 1200 711 SNIPPET_NOT_RELEVANT a0ef75ea31327f6073474678ed914d1c
ACTION SNIPPET 1200 711 SNIPPET_NOT_RELEVANT 31719aa03604e1b7e4f72ff15241d699
ACTION SNIPPET 1200 711 SNIPPET_NOT_RELEVANT dac2df9db7b75049000e852fd35f2021
ACTION SNIPPET 1200 711 SNIPPET_NOT_RELEVANT e771ecf4d6c54cd78c23c3b72cb8f454
ACTION SNIPPET 1200 711 SNIPPET_NOT_RELEVANT 7a2f7563665d47c1f69290eda7c455d1
ACTION SNIPPET 1200 711 SNIPPET_NOT_RELEVANT de51002180e287c0e5fac1e35cd6b42c
ACTION SNIPPET 1200 711 SNIPPET_NOT_RELEVANT b293a652-c06d-11e1-8bfc-db1f876ebdcb
ACTION SNIPPET 1200 711 SNIPPET_NOT_RELEVANT 2e3e1f2a-3ad7-11e1-9d6b-29434ee99d6a
ACTION SNIPPET 1200 711 SNIPPET_NOT_RELEVANT b0a4afa6-1cac-11e4-9b6c-12e30cbe86a3
ACTION SNIPPET 1200 711 SNIPPET_NOT_RELEVANT 28193fb0-d7f0-11e1-a920-c0709fff70f5
ACTION SNIPPET 1200 711 SNIPPET_NOT_RELEVANT 6dae06f4-3c97-11e6-9e16-4cf01a41decb
ACTION SNIPPET 1200 711 SNIPPET_NOT_RELEVANT 7a979fc2-9851-11e1-ace4-08dbbf82dfdc
ACTION SNIPPET 1200 711 SNIPPET_NOT_RELEVANT 7982c0a631a7627d946371489b0128f0
ACTION SNIPPET 1200 711 SNIPPET_NOT_RELEVANT 43f960e44fba3403400a0b9c7030a481
ACTION SNIPPET 1200 711 SNIPPET_NOT_RELEVANT 9647db3b8b6a87a8f03a93f4573dc395
ACTION SNIPPET 1200 711 SNIPPET_NOT_RELEVANT be1cef74376ff4c85b4dff0826bfea39
ACTION SNIPPET 1200 711 SNIPPET_NOT_RELEVANT c067e3614a850df88acbda3ba746f34d
ACTION SNIPPET 1200 711 SNIPPET_NOT_RELEVANT 8c0064cd97527d606eb2f4c6b47ebf20
ACTION SNIPPET 1200 711 SNIPPET_NOT_RELEVANT 4533b617f59188a7eecb599f752d9791
ACTION SNIPPET 1200 711 SNIPPET_NOT_RELEVANT b111b8da-1d49-11e2-9cd5-b55c38388962
ACTION SNIPPET 1200 711 SNIPPET_NOT_RELEVANT 1e9d3e41b64335728ee94b78c8437ebf
ACTION SNIPPET 1200 711 SNIPPET_NOT_RELEVANT 2d984345f9e5a68e1bd86855b00ab3e8
ACTION SNIPPET 1200 711 SNIPPET_NOT_RELEVANT 116515c61f3792b44b3f0cfa2a0d93fa
ACTION SNIPPET 1200 711 SNIPPET_NOT_RELEVANT 0c00631fc5dcbfb76bfbf683ed77c65d
ACTION SNIPPET 1200 711 SNIPPET_NOT_RELEVANT d9354713ac33d7456852457a50a27616
ACTION SNIPPET 1200 711 SNIPPET_NOT_RELEVANT e2ebfdb0-df81-11e3-8dcc-d6b7fede081a
INFO SERP_END_REACHED 
ACTION QUERY 1200 721 US income gap
ACTION SERP 1200 726 EXAMINE_SERP
ACTION SNIPPET 1200 726 SNIPPET_NOT_RELEVANT eb146b23cdc805ca17c96b9c93fa9a48
ACTION SNIPPET 1200 726 SNIPPET_NOT_RELEVANT 4831d636-2dff-11e6-9b37-42985f6a265c
ACTION SNIPPET 1200 726 SNIPPET_NOT_RELEVANT bbfe8ac8-8785-11e3-a5bd-844629433ba3
ACTION SNIPPET 1200 726 SNIPPET_NOT_RELEVANT 62c72cb63f248185cea2853384d933a1
ACTION SNIPPET 1200 726 SNIPPET_NOT_RELEVANT de06a2a2-1141-11e6-81b4-581a5c4c42df
ACTION SNIPPET 1200 726 SNIPPET_NOT_RELEVANT f070e840-48a7-11e3-bf0c-cebf37c6f484
ACTION SNIPPET 1200 726 SNIPPET_NOT_RELEVANT 7275e33bd92d3962f5d3bc1f53b4e31e
ACTION SNIPPET 1200 726 SNIPPET_NOT_RELEVANT 49dbb384687d073ec8135aec9c265a44
ACTION SNIPPET 1200 726 SNIPPET_NOT_RELEVANT 7b2cd9b007fda7c6d67421fc833a6f7f
ACTION SNIPPET 1200 726 SNIPPET_NOT_RELEVANT 1a61533fc4535e0bb2ae135926a47a77
ACTION SNIPPET 1200 726 SNIPPET_NOT_RELEVANT 7edf018d69acdea52f6f844cada93d07
ACTION SNIPPET 1200 726 SNIPPET_NOT_RELEVANT a92e6f8c-6895-11e1-ae3f-f01d906792b9
ACTION SNIPPET 1200 726 SNIPPET_NOT_RELEVANT 8b7a3ac34ab4364c737186b9767547a0
ACTION SNIPPET 1200 726 SNIPPET_NOT_RELEVANT c98ff661ad69185c5bdaf9e65a4fa515
ACTION SNIPPET 1200 726 SNIPPET_NOT_RELEVANT 45b3b5c38a1ca78b95dcfce4fd9edadf
ACTION SNIPPET 1200 726 SNIPPET_NOT_RELEVANT 6bc2060a-ae4b-11e4-ad71-7b9eba0f87d6
ACTION SNIPPET 1200 726 SNIPPET_NOT_RELEVANT e55a97b0-6085-11e5-8e9e-dce8a2a2a679
ACTION SNIPPET 1200 726 SNIPPET_NOT_RELEVANT b4c7c9ec31b4e458b6c207cba96cbd72
ACTION SNIPPET 1200 726 SNIPPET_NOT_RELEVANT 3718ca4c-8152-11e2-a350-49866afab584
ACTION SNIPPET 1200 726 SNIPPET_NOT_RELEVANT 279b6e5bc58e242ee8149deb93cbbfd0
ACTION SNIPPET 1200 726 SNIPPET_NOT_RELEVANT 3a6a5a42-63a6-11e5-8475-781cc9851652
ACTION SNIPPET 1200 726 SNIPPET_NOT_RELEVANT 1291979998d1b81ccfe9ab992f6c67f5
ACTION SNIPPET 1200 726 SNIPPET_NOT_RELEVANT 99ac9dbfae817feb31d1a57bcd148114
ACTION SNIPPET 1200 726 SNIPPET_NOT_RELEVANT a4092be9c8845af882408e14d14301de
ACTION SNIPPET 1200 726 SNIPPET_NOT_RELEVANT bb6ecacd78de91779695b7f03c158c7c
ACTION SNIPPET 1200 726 SNIPPET_NOT_RELEVANT e1bf58a57bab58d20124aa816b6e16cf
ACTION SNIPPET 1200 726 SNIPPET_NOT_RELEVANT e55e08459f0d3caddd3c8ce0143f09f5
ACTION SNIPPET 1200 726 SNIPPET_NOT_RELEVANT a8ec2268-6e08-11e5-aa5b-f78a98956699
ACTION SNIPPET 1200 726 SNIPPET_NOT_RELEVANT fda2de0ea041a4107e851dc379389891
ACTION SNIPPET 1200 726 SNIPPET_NOT_RELEVANT 6724688b4f8f835112190f126ad21da4
ACTION SNIPPET 1200 726 SNIPPET_NOT_RELEVANT 7c3439a3f4920925b802c957cf10dfbf
ACTION SNIPPET 1200 726 SNIPPET_NOT_RELEVANT cfbc3d32-1fab-11e7-bb59-a74ccaf1d02f
ACTION SNIPPET 1200 726 SNIPPET_NOT_RELEVANT 0912992b6782123f54ca63ae1328a553
ACTION SNIPPET 1200 726 SNIPPET_NOT_RELEVANT 031524020ee0db843df53880710eab86
ACTION SNIPPET 1200 726 SNIPPET_NOT_RELEVANT 0c7bdf5dfe884d11ad7e237173b102b0
ACTION SNIPPET 1200 726 SNIPPET_NOT_RELEVANT c5e56fce22d8bd64743bb7301eaee78b
ACTION SNIPPET 1200 726 SNIPPET_NOT_RELEVANT 8857e5761aea200137e6a70aa6978e99
ACTION SNIPPET 1200 726 SNIPPET_NOT_RELEVANT a22c0f1ac5ad365cd85b345409980846
ACTION SNIPPET 1200 726 SNIPPET_NOT_RELEVANT bf7a1d4003e36d93fecfa4a99df5e31b
ACTION SNIPPET 1200 726 SNIPPET_NOT_RELEVANT 746140dc34c8484a43b67ca779d933b9
ACTION SNIPPET 1200 726 SNIPPET_NOT_RELEVANT d5f27784f6004c5869f887c90e13b87c
ACTION SNIPPET 1200 726 SNIPPET_NOT_RELEVANT faaeb69a-3deb-11e4-b03f-de718edeb92f
ACTION SNIPPET 1200 726 SNIPPET_NOT_RELEVANT e012589137af38fac8744553c2c04aea
ACTION SNIPPET 1200 726 SNIPPET_NOT_RELEVANT 102f1f32-02be-11e4-b8ff-89afd3fad6bd
ACTION SNIPPET 1200 726 SNIPPET_NOT_RELEVANT affa4f6e-80d9-11e6-a52d-9a865a0ed0d4
ACTION SNIPPET 1200 726 SNIPPET_NOT_RELEVANT dc1f64ca59a9d0a315583b207507a154
ACTION SNIPPET 1200 726 SNIPPET_NOT_RELEVANT 4f2bb7bdb3b811e0777d4a35afeb2986
ACTION SNIPPET 1200 726 SNIPPET_NOT_RELEVANT 0d79c45caf1707c5df813f391239a0c4
ACTION SNIPPET 1200 726 SNIPPET_NOT_RELEVANT be5ec7fd67dd155696d6a847187df62f
ACTION SNIPPET 1200 726 SNIPPET_NOT_RELEVANT 13913500b43b8561429003ad3857f28d
ACTION SNIPPET 1200 726 SNIPPET_NOT_RELEVANT 1258150d271e5978bfd0460f690427f6
ACTION SNIPPET 1200 726 SNIPPET_NOT_RELEVANT 81315a62-b888-11e4-bc30-a4e75503948a
ACTION SNIPPET 1200 726 SNIPPET_NOT_RELEVANT 1cdc9a031fd1161a2131dd14414da53a
ACTION SNIPPET 1200 726 SNIPPET_NOT_RELEVANT 2520a0d359ddc394c7d9a9823ae4c075
ACTION SNIPPET 1200 726 SNIPPET_NOT_RELEVANT 235aa1d8ed8ef53ffffc6829d5e6917b
ACTION SNIPPET 1200 726 SNIPPET_NOT_RELEVANT a8051094-63a4-11e5-9757-e49273f05f65
ACTION SNIPPET 1200 726 SNIPPET_NOT_RELEVANT cf3aab4e-ab27-11e1-93e5-222602b337cd
ACTION SNIPPET 1200 726 SNIPPET_NOT_RELEVANT c0d6155e8a186c6b46aaa108e231cb20
ACTION SNIPPET 1200 726 SNIPPET_NOT_RELEVANT b3c906a96bde2ac8b9b9f38457cc4d9f
ACTION SNIPPET 1200 726 SNIPPET_NOT_RELEVANT 7d3cf9372bb86fe3d1fc2ba996ae4bec
ACTION SNIPPET 1200 726 SNIPPET_NOT_RELEVANT da69dc969efd6dfe7b3376b87cd0e3bb
ACTION SNIPPET 1200 726 SNIPPET_NOT_RELEVANT 4fe4aa1abbdf5f2e9c1a8cb37f34b45e
ACTION SNIPPET 1200 726 SNIPPET_NOT_RELEVANT f2ad5fcd4b97ffb780292882165e2b77
ACTION SNIPPET 1200 726 SNIPPET_NOT_RELEVANT 416f0d0df333fe9c8813ccbd647d8075
ACTION SNIPPET 1200 726 SNIPPET_NOT_RELEVANT a33022d56dd7bcae81d05a0811108d16
ACTION SNIPPET 1200 726 SNIPPET_NOT_RELEVANT ab1c014d170c5ca635b1bdc33b0168de
ACTION SNIPPET 1200 726 SNIPPET_NOT_RELEVANT 690782e8cc77f21381c770f161b027d5
ACTION SNIPPET 1200 726 SNIPPET_NOT_RELEVANT 4e14efca-db16-11e5-925f-1d10062cc82d
ACTION SNIPPET 1200 726 SNIPPET_NOT_RELEVANT f28698fe6bbd3544275b0913cb53a688
ACTION SNIPPET 1200 726 SNIPPET_NOT_RELEVANT 1e6b055f3f9de1330a4cbd1de5d8908f
ACTION SNIPPET 1200 726 SNIPPET_NOT_RELEVANT ec2ed9c1f4faddddf3312fd1f0eff496
ACTION SNIPPET 1200 726 SNIPPET_NOT_RELEVANT b40acdb56b09468baf3ab2e08db9ff74
ACTION SNIPPET 1200 726 SNIPPET_NOT_RELEVANT 5bf789b878b1b5316452d18cf6219627
ACTION SNIPPET 1200 726 SNIPPET_NOT_RELEVANT d5402af99cf2d5dc395fd73398188b6c
ACTION SNIPPET 1200 726 SNIPPET_NOT_RELEVANT 5b50d62e-dddd-11e2-b797-cbd4cb13f9c6
ACTION SNIPPET 1200 726 SNIPPET_NOT_RELEVANT 3aeb37d91536cae8b9a382c2b5f853ac
ACTION SNIPPET 1200 726 SNIPPET_NOT_RELEVANT fb8c80b5617337531d9cfbcec0fed1a0
ACTION SNIPPET 1200 726 SNIPPET_NOT_RELEVANT 8b4b3f50-8035-11e2-b99e-6baf4ebe42df
ACTION SNIPPET 1200 726 SNIPPET_NOT_RELEVANT d9a51a36dfc34c5df60a4cbf2b155318
ACTION SNIPPET 1200 726 SNIPPET_NOT_RELEVANT 9081f012-0e66-11e3-8cdd-bcdc09410972
ACTION SNIPPET 1200 726 SNIPPET_NOT_RELEVANT 4a9974e0cd7f41343e346b4b506412d3
ACTION SNIPPET 1200 726 SNIPPET_NOT_RELEVANT c2614caa89f93b269620c15ca542429b
ACTION SNIPPET 1200 726 SNIPPET_NOT_RELEVANT 77262f51af159311d1c527ab8c7af63e
ACTION SNIPPET 1200 726 SNIPPET_NOT_RELEVANT 05cfc39a-eb56-11e3-b98c-72cef4a00499
ACTION SNIPPET 1200 726 SNIPPET_NOT_RELEVANT e55c20ee-9d59-11e3-a050-dc3322a94fa7
ACTION SNIPPET 1200 726 SNIPPET_NOT_RELEVANT dba1fc5877c635125e4787d144807b24
ACTION SNIPPET 1200 726 SNIPPET_NOT_RELEVANT 2623a004-3a83-11e4-9c9f-ebb47272e40e
ACTION SNIPPET 1200 726 SNIPPET_NOT_RELEVANT 25349f9bb9e848dafb974a6b5162432f
ACTION SNIPPET 1200 726 SNIPPET_NOT_RELEVANT e6382e66-38a4-11e1-9dfb-80c3cb05f14c
ACTION SNIPPET 1200 726 SNIPPET_NOT_RELEVANT b177dcd8-a3c5-11e3-a5fa-55f0c77bf39c
ACTION SNIPPET 1200 726 SNIPPET_NOT_RELEVANT 2039a2b8-4d20-11e6-a422-83ab49ed5e6a
ACTION SNIPPET 1200 726 SNIPPET_NOT_RELEVANT 76e4f3990bb36591dc8cce97f743c2f6
ACTION SNIPPET 1200 726 SNIPPET_NOT_RELEVANT df3ab902bc9432223144a9e3c90d8806
ACTION SNIPPET 1200 726 SNIPPET_NOT_RELEVANT e662656ebc32dc7b17715e93c69ba159
ACTION SNIPPET 1200 726 SNIPPET_NOT_RELEVANT 5d460566-723a-11e3-8def-a33011492df2
ACTION SNIPPET 1200 726 SNIPPET_NOT_RELEVANT ee019dfeb7ee37e678583035c8fd4adb
ACTION SNIPPET 1200 726 SNIPPET_NOT_RELEVANT b2d01423564a6d937f592a99762eb925
ACTION SNIPPET 1200 726 SNIPPET_NOT_RELEVANT a041832522b1eb603365324bc7af59a4
ACTION SNIPPET 1200 726 SNIPPET_NOT_RELEVANT 770475e0-0b7e-11e4-8341-b8072b1e7348
ACTION SNIPPET 1200 726 SNIPPET_NOT_RELEVANT dcf13b74aba02f7dbc318b31da668f52
INFO SERP_END_REACHED 
ACTION QUERY 1200 736 middle class erosion
ACTION SERP 1200 741 EXAMINE_SERP
ACTION SNIPPET 1200 741 SNIPPET_NOT_RELEVANT d3b004cc244dda0aa4305342fc2c9687
ACTION SNIPPET 1200 741 SNIPPET_NOT_RELEVANT 9cb7068db27a923ff4dfadb0c02cbbcf
ACTION SNIPPET 1200 741 SNIPPET_NOT_RELEVANT 6da5aa84-36ea-11e1-9ee3-fd35588e7629
ACTION SNIPPET 1200 741 SNIPPET_NOT_RELEVANT 92ad3ffe8f94fbe287660a2855bf8e21
ACTION SNIPPET 1200 741 SNIPPET_NOT_RELEVANT 664fad73ba9b7ede13b9e5ec1db9aeca
ACTION SNIPPET 1200 741 SNIPPET_NOT_RELEVANT efb713de-8f03-11e1-b132-eab19f4e8b2e
ACTION SNIPPET 1200 741 SNIPPET_NOT_RELEVANT 75844723bbbd913030d46dbca33ce1e5
ACTION SNIPPET 1200 741 SNIPPET_NOT_RELEVANT f91e266a-ceea-11e2-8845-d970ccb04497
ACTION SNIPPET 1200 741 SNIPPET_NOT_RELEVANT d59a8a2c-52bb-11e7-91eb-9611861a988f
ACTION SNIPPET 1200 741 SNIPPET_NOT_RELEVANT 881818f3f7805aed7afaec29dcbd79ac
ACTION SNIPPET 1200 741 SNIPPET_NOT_RELEVANT 3e5c8de2-3c76-11e1-af18-7ec0de5907e2
ACTION SNIPPET 1200 741 SNIPPET_NOT_RELEVANT 0586fefb1e487319fe6b7d045f21df44
ACTION SNIPPET 1200 741 SNIPPET_NOT_RELEVANT fd31cca69a08af43925c05d74f96b8b8
ACTION SNIPPET 1200 741 SNIPPET_NOT_RELEVANT b0a254f92212ad754e960e58537e3754
ACTION SNIPPET 1200 741 SNIPPET_NOT_RELEVANT 31263982-dfdb-11e4-a500-1c5bb1d8ff6a
ACTION SNIPPET 1200 741 SNIPPET_NOT_RELEVANT 1613e236-94f7-11e4-8385-866293322c2f
ACTION SNIPPET 1200 741 SNIPPET_NOT_RELEVANT b830fdcc-1436-11e2-be82-c3411b7680a9
ACTION SNIPPET 1200 741 SNIPPET_NOT_RELEVANT dd74877a-1fe8-11e3-94a2-6c66b668ea55
ACTION SNIPPET 1200 741 SNIPPET_NOT_RELEVANT 727c8baa876855878ca4a5c8b10ae3cc
ACTION SNIPPET 1200 741 SNIPPET_NOT_RELEVANT 8bf24a65dd5f6bccf78d194bb0832721
ACTION SNIPPET 1200 741 SNIPPET_NOT_RELEVANT eecadddf7c9c068a37a4dca12067983a
ACTION SNIPPET 1200 741 SNIPPET_NOT_RELEVANT 6ced4346a78a7e4265941246cb36ff44
ACTION SNIPPET 1200 741 SNIPPET_NOT_RELEVANT 94fad743f01a38421ae33234215630f5
ACTION SNIPPET 1200 741 SNIPPET_NOT_RELEVANT 5238c7638ef4357cfc6909ce02839812
ACTION SNIPPET 1200 741 SNIPPET_NOT_RELEVANT a7c733c8-467b-11e5-8e7d-9c033e6745d8
ACTION SNIPPET 1200 741 SNIPPET_RELEVANT 9be2634c3447b9aa00b42e91e309cdf1
ACTION DOC 1200 761 EXAMINING_DOCUMENT 9be2634c3447b9aa00b42e91e309cdf1
ACTION MARK 1200 764 CONSIDERED_RELEVANT 9be2634c3447b9aa00b42e91e309cdf1
ACTION SNIPPET 1200 764 SNIPPET_NOT_RELEVANT c9526490-06bd-11e3-a07f-49ddc7417125
ACTION SNIPPET 1200 764 SNIPPET_NOT_RELEVANT 052cc82a-b860-11e4-9423-f3d0a1ec335c
ACTION SNIPPET 1200 764 SNIPPET_NOT_RELEVANT c46d5d5e4d7804cb5b0810a246295921
ACTION SNIPPET 1200 764 SNIPPET_NOT_RELEVANT 57a0b72deee19b2ceeb5c6ea367564c4
ACTION SNIPPET 1200 764 SNIPPET_NOT_RELEVANT 78b3a5ef13677ae93b03e708c3505d40
ACTION SNIPPET 1200 764 SNIPPET_NOT_RELEVANT 70e69080495fee21ec85dbfb400e3a89
ACTION SNIPPET 1200 764 SNIPPET_NOT_RELEVANT ce0818308321f99ee0ad6ef94e72e514
ACTION SNIPPET 1200 764 SNIPPET_NOT_RELEVANT 6f7e5fda-f499-11e3-8f20-f3a5fed7f3c4
ACTION SNIPPET 1200 764 SNIPPET_NOT_RELEVANT dd9bfd82-4a99-11e4-891d-713f052086a0
ACTION SNIPPET 1200 764 SNIPPET_NOT_RELEVANT e13eb7db6c28e13769be001e71712efb
ACTION SNIPPET 1200 764 SNIPPET_NOT_RELEVANT c6045e24-e7bf-11e1-a3d2-2a05679928ef
ACTION SNIPPET 1200 764 SNIPPET_NOT_RELEVANT 6d59d522f83ee17cff4108839b604e6f
ACTION SNIPPET 1200 764 SNIPPET_NOT_RELEVANT 9d5be0d4-1ed1-11e2-9cd5-b55c38388962
ACTION SNIPPET 1200 764 SNIPPET_NOT_RELEVANT 5a11bf45b81720624caa6d36dd1fb641
ACTION SNIPPET 1200 764 SNIPPET_NOT_RELEVANT b20f0cc8cd90593d5c1ecbb0c0d0f7ca
ACTION SNIPPET 1200 764 SNIPPET_NOT_RELEVANT b7798b544380d0d3e0b7546a799166f4
ACTION SNIPPET 1200 764 SNIPPET_NOT_RELEVANT f2267886-bedc-11e1-a478-5ad9d9316106
ACTION SNIPPET 1200 764 SNIPPET_NOT_RELEVANT 838ce970-ceb0-11e2-9f1a-1a7cdee20287
ACTION SNIPPET 1200 764 SNIPPET_NOT_RELEVANT 9c223a4c-c51d-11e5-8965-0607e0e265ce
ACTION SNIPPET 1200 764 SNIPPET_NOT_RELEVANT e0e472a6-f124-11e1-b74c-84ed55e0300b
ACTION SNIPPET 1200 764 SNIPPET_NOT_RELEVANT 4c39a0092e505f3122292f8325c6e8e4
ACTION SNIPPET 1200 764 SNIPPET_NOT_RELEVANT 244c1b7203b3b1d290f8fa035f8c8e37
ACTION SNIPPET 1200 764 SNIPPET_NOT_RELEVANT 84cd741ba6e9a27731215d57f4853295
ACTION SNIPPET 1200 764 SNIPPET_NOT_RELEVANT e8b72549d1a8f54f3da3012e9523799e
ACTION SNIPPET 1200 764 SNIPPET_NOT_RELEVANT 25f954e29dc8be9eb436edebee8d5d44
ACTION SNIPPET 1200 764 SNIPPET_NOT_RELEVANT c1c13f071ff8b501da997edc54b86312
ACTION SNIPPET 1200 764 SNIPPET_NOT_RELEVANT 8f810a783a6f8a025796a6870042a919
ACTION SNIPPET 1200 764 SNIPPET_NOT_RELEVANT 77405cbe0b233a8587162eb8765ece9e
ACTION SNIPPET 1200 764 SNIPPET_NOT_RELEVANT e3e86c5c-929c-11e4-a412-4b735edc7175
ACTION SNIPPET 1200 764 SNIPPET_NOT_RELEVANT 8769eb6c51617652b40254fb431e6354
ACTION SNIPPET 1200 764 SNIPPET_NOT_RELEVANT af4124ca845486eb2022a62ae84b912d
ACTION SNIPPET 1200 764 SNIPPET_NOT_RELEVANT edc301958436ca2edcc79b0ecfc97603
ACTION SNIPPET 1200 764 SNIPPET_NOT_RELEVANT 203e3ba2-3624-11e5-9739-170df8af8eb9
ACTION SNIPPET 1200 764 SNIPPET_NOT_RELEVANT c49d954a-db40-11e6-b2cf-b67fe3285cbc
ACTION SNIPPET 1200 764 SNIPPET_NOT_RELEVANT bb331301a8d64edaff0966372abee5c7
ACTION SNIPPET 1200 764 SNIPPET_NOT_RELEVANT cb8d5d14-1708-11e2-a346-f24efc680b8d
ACTION SNIPPET 1200 764 SNIPPET_NOT_RELEVANT d9028d10-181a-11e4-9349-84d4a85be981
ACTION SNIPPET 1200 764 SNIPPET_NOT_RELEVANT d895ab484dba730c806fdc1e02ab1477
ACTION SNIPPET 1200 764 SNIPPET_NOT_RELEVANT fc1ba84eea7fcfbbcf0b03d4a912dd4e
ACTION SNIPPET 1200 764 SNIPPET_NOT_RELEVANT 02031fcc62965e771ab0967213e08ddc
ACTION SNIPPET 1200 764 SNIPPET_NOT_RELEVANT be6db03acdd180bc349b4892d261fc41
ACTION SNIPPET 1200 764 SNIPPET_NOT_RELEVANT 9a84796b0899d794afa33f79335ddd1f
ACTION SNIPPET 1200 764 SNIPPET_NOT_RELEVANT 0f5be24a-ef9a-11e1-adc6-87dfa8eff430
ACTION SNIPPET 1200 764 SNIPPET_NOT_RELEVANT b252df9b1f39da681134423f62dc8a3c
ACTION SNIPPET 1200 764 SNIPPET_NOT_RELEVANT abcf15ca519d51724f3c628b5c34774c
ACTION SNIPPET 1200 764 SNIPPET_NOT_RELEVANT 47f9a4ea6e6ae1a35c3730e219ff92c9
ACTION SNIPPET 1200 764 SEEN_PREVIOUSLY d3df9601bf4fb1351eb64f3517255771
ACTION SNIPPET 1200 764 SEEN_PREVIOUSLY 4e525675ca0d1c2cc2786208e28f39db
ACTION SNIPPET 1200 764 SNIPPET_RELEVANT cad56e871cd0bca6cc77e97ffe246258
ACTION DOC 1200 784 EXAMINING_DOCUMENT cad56e871cd0bca6cc77e97ffe246258
ACTION MARK 1200 787 CONSIDERED_RELEVANT cad56e871cd0bca6cc77e97ffe246258
ACTION SNIPPET 1200 787 SNIPPET_NOT_RELEVANT 3ad5f940e80d0e140b3f606f96e0777c
ACTION SNIPPET 1200 787 SNIPPET_NOT_RELEVANT bc67ff696fbcadd5160706407144a2a1
ACTION SNIPPET 1200 787 SNIPPET_NOT_RELEVANT c6289d7a43bd87999c78bf03ac544307
ACTION SNIPPET 1200 787 SNIPPET_RELEVANT f84a2a7854c9a67384526a7cb3a0a69e
ACTION DOC 1200 807 EXAMINING_DOCUMENT f84a2a7854c9a67384526a7cb3a0a69e
ACTION MARK 1200 810 CONSIDERED_RELEVANT f84a2a7854c9a67384526a7cb3a0a69e
ACTION SNIPPET 1200 810 SNIPPET_NOT_RELEVANT 2677bb2f814d2cf47a8549ab32457b78
ACTION SNIPPET 1200 810 SNIPPET_NOT_RELEVANT 7f6f567291da73737276f8f9d55f1621
ACTION SNIPPET 1200 810 SNIPPET_NOT_RELEVANT e4d5ce2afa3cd9db64ee89bdc7b9e689
ACTION SNIPPET 1200 810 SNIPPET_NOT_RELEVANT 16432519667029b717b2587b0b6748e2
ACTION SNIPPET 1200 810 SNIPPET_RELEVANT ae5ad584-cf58-11e1-b630-190a983a2e0d
ACTION DOC 1200 830 EXAMINING_DOCUMENT ae5ad584-cf58-11e1-b630-190a983a2e0d
ACTION MARK 1200 833 CONSIDERED_RELEVANT ae5ad584-cf58-11e1-b630-190a983a2e0d
ACTION SNIPPET 1200 833 SNIPPET_NOT_RELEVANT 97bb455eebc73d2c01017586d7efa267
ACTION SNIPPET 1200 833 SNIPPET_NOT_RELEVANT 683d12b8-f88f-11e2-a954-358d90d5d72d
ACTION SNIPPET 1200 833 SNIPPET_NOT_RELEVANT 1ea70034bfd024bc1e9e8715beb66d4a
ACTION SNIPPET 1200 833 SNIPPET_NOT_RELEVANT 2b2aa6c7b07f1f4ce06266889e7003d4
ACTION SNIPPET 1200 833 SNIPPET_NOT_RELEVANT 152fb35735975f9bd1590565d332e9bf
ACTION SNIPPET 1200 833 SNIPPET_RELEVANT 46a77058-8d1c-11e4-a085-34e9b9f09a58
ACTION DOC 1200 853 EXAMINING_DOCUMENT 46a77058-8d1c-11e4-a085-34e9b9f09a58
ACTION MARK 1200 856 CONSIDERED_RELEVANT 46a77058-8d1c-11e4-a085-34e9b9f09a58
ACTION QUERY 1200 866 poverty increase US
ACTION SERP 1200 871 EXAMINE_SERP
ACTION SNIPPET 1200 871 SNIPPET_NOT_RELEVANT 4a19077afbc8cfec07a3807a119b236f
ACTION SNIPPET 1200 871 SNIPPET_NOT_RELEVANT 4a7c98d7d3a3db72bddfdbacc403d923
ACTION SNIPPET 1200 871 SNIPPET_NOT_RELEVANT a15c19d62415877d8516e110abffc514
ACTION SNIPPET 1200 871 SNIPPET_NOT_RELEVANT 835bb8d8bf0b43b15869b02297ea20e8
ACTION SNIPPET 1200 871 SNIPPET_NOT_RELEVANT 301812797cee869de6117a3b0a700848
ACTION SNIPPET 1200 871 SNIPPET_NOT_RELEVANT 39acc94afc5591ede427567945dddbe4
ACTION SNIPPET 1200 871 SNIPPET_NOT_RELEVANT d34466646ea1bc1738e5e9ece63800cc
ACTION SNIPPET 1200 871 SNIPPET_NOT_RELEVANT 9eff21e6442c45512795c65995ec8e81
ACTION SNIPPET 1200 871 SNIPPET_NOT_RELEVANT dc78c6dce9ad600f2e2a59578c2fae0f
ACTION SNIPPET 1200 871 SNIPPET_NOT_RELEVANT e7792c080e019b327b39044a2702f484
ACTION SNIPPET 1200 871 SNIPPET_NOT_RELEVANT 7f0b351d62da021fce76257b57d4d2cc
ACTION SNIPPET 1200 871 SNIPPET_NOT_RELEVANT 7dd769d2f5bada6e9f9a4180d03a9a1b
ACTION SNIPPET 1200 871 SNIPPET_NOT_RELEVANT c371373af64c450cb3ca30188c903983
ACTION SNIPPET 1200 871 SNIPPET_NOT_RELEVANT 9087369899801d432121c875f1210172
ACTION SNIPPET 1200 871 SNIPPET_NOT_RELEVANT bbe3611cfd1124952a59af87c68a45cb
ACTION SNIPPET 1200 871 SNIPPET_NOT_RELEVANT 4c626f9f791d52a9a78f13006ca79869
ACTION SNIPPET 1200 871 SNIPPET_NOT_RELEVANT 5359b7e0-0509-11e7-b1e9-a05d3c21f7cf
ACTION SNIPPET 1200 871 SNIPPET_NOT_RELEVANT 10b0fd252b9fecf4cb907685439503ea
ACTION SNIPPET 1200 871 SNIPPET_NOT_RELEVANT f04c892ebc5f980d32729d2d0256aabb
ACTION SNIPPET 1200 871 SNIPPET_NOT_RELEVANT ad73576077f882501a5db793c3b9bff5
ACTION SNIPPET 1200 871 SNIPPET_NOT_RELEVANT 1f71bb2d863b9e0af2c0cdacfa60aeeb
ACTION SNIPPET 1200 871 SNIPPET_NOT_RELEVANT 7b5fcb476198e34a5670af97e966ae41
ACTION SNIPPET 1200 871 SNIPPET_NOT_RELEVANT c1b5400721fb8f78c8fb4c2cbba3ccba
ACTION SNIPPET 1200 871 SNIPPET_NOT_RELEVANT ad5ab0d13305b247f6489297df374481
ACTION SNIPPET 1200 871 SNIPPET_NOT_RELEVANT 0d3c4a841f9c4e6ba2cb30199a590dbf
ACTION SNIPPET 1200 871 SNIPPET_NOT_RELEVANT a74c7a8cacb36ce85abd693483ae8b47
ACTION SNIPPET 1200 871 SNIPPET_NOT_RELEVANT 0a5ada664340c571a9371cc94c6f1d0d
ACTION SNIPPET 1200 871 SNIPPET_NOT_RELEVANT c760b028-7955-11e3-8963-b4b654bcc9b2
ACTION SNIPPET 1200 871 SNIPPET_NOT_RELEVANT d6eefd2a-3dfb-11e1-861f-2c3eff5ce2df
ACTION SNIPPET 1200 871 SNIPPET_NOT_RELEVANT bd7933d967696378dd2123592006c7fc
ACTION SNIPPET 1200 871 SNIPPET_NOT_RELEVANT 0e04632c-fc29-11e1-8adc-499661afe377
ACTION SNIPPET 1200 871 SNIPPET_NOT_RELEVANT f5e9de10-d192-11e4-8b1e-274d670aa9c9
ACTION SNIPPET 1200 871 SNIPPET_NOT_RELEVANT b404dcf4fcd8ba2dd4fce9cdbcbc76ad
ACTION SNIPPET 1200 871 SNIPPET_NOT_RELEVANT e51a8fb4681d1178c3650f0fb5962339
ACTION SNIPPET 1200 871 SNIPPET_NOT_RELEVANT 6bbaec9d4398347e8f3d6698a7457086
ACTION SNIPPET 1200 871 SNIPPET_NOT_RELEVANT ebfe7db2-5ca1-11e5-b38e-06883aacba64
ACTION SNIPPET 1200 871 SNIPPET_NOT_RELEVANT 2402f164-0556-11e5-bc72-f3e16bf50bb6
ACTION SNIPPET 1200 871 SNIPPET_NOT_RELEVANT 62f6815da3157641dd8813eb926e150b
ACTION SNIPPET 1200 871 SNIPPET_NOT_RELEVANT 83e7b9661021c73836a9a380d38cacb9
ACTION SNIPPET 1200 871 SNIPPET_NOT_RELEVANT 6876c5335711005e066ff90f871c412c
ACTION SNIPPET 1200 871 SNIPPET_NOT_RELEVANT e9303c4112a7c2e7a30001e2c5d99e7a
ACTION SNIPPET 1200 871 SNIPPET_NOT_RELEVANT 6391f4d7e80742716ebe9045d7a310b0
ACTION SNIPPET 1200 871 SNIPPET_NOT_RELEVANT 79d9b03cb76029ec0ec761f50ea26a0e
ACTION SNIPPET 1200 871 SNIPPET_NOT_RELEVANT 9f9597810a8e4ccfcf6f17612c2aa208
ACTION SNIPPET 1200 871 SNIPPET_NOT_RELEVANT bab47daa8e4e883a07f48251cc29e954
ACTION SNIPPET 1200 871 SNIPPET_NOT_RELEVANT 26e70a6cd10ed70813ccdc9c053d0328
ACTION SNIPPET 1200 871 SNIPPET_NOT_RELEVANT 7eca281d2ae3416532e93ad37f8aa28f
ACTION SNIPPET 1200 871 SNIPPET_NOT_RELEVANT 6e88baab7ce7ebed05ed7d5a90bed367
ACTION SNIPPET 1200 871 SNIPPET_NOT_RELEVANT 992dca59a6725e564385fb0f284d1f6a
ACTION SNIPPET 1200 871 SNIPPET_NOT_RELEVANT 2e24e74a4ddc9f2bfbf94bb43f3fcedf
ACTION SNIPPET 1200 871 SNIPPET_NOT_RELEVANT 1f1db74cbc732f1f8d80b720ef0a567b
ACTION SNIPPET 1200 871 SNIPPET_NOT_RELEVANT 17272ac950345c7ee9befa60cb98cbe1
ACTION SNIPPET 1200 871 SNIPPET_NOT_RELEVANT 8201da5c-81ae-11e6-8327-f141a7beb626
ACTION SNIPPET 1200 871 SNIPPET_NOT_RELEVANT b86764e0-bb02-11e5-99f3-184bc379b12d
ACTION SNIPPET 1200 871 SNIPPET_NOT_RELEVANT 507eeae4-a657-11e4-a2b2-776095f393b2
ACTION SNIPPET 1200 871 SNIPPET_NOT_RELEVANT 70ea93cd82e340a0cd492d25d7c2f213
ACTION SNIPPET 1200 871 SNIPPET_NOT_RELEVANT 4b9026bfda34b9c66ab82fb58c65bf0f
ACTION SNIPPET 1200 871 SNIPPET_NOT_RELEVANT 115250f67b62251c34182650cc037d03
ACTION SNIPPET 1200 871 SNIPPET_NOT_RELEVANT 6b2e0ce97eae2ab0ee48606010e603c5
ACTION SNIPPET 1200 871 SNIPPET_NOT_RELEVANT 314bb0acf7b15c7eb59485215cb70a3d
ACTION SNIPPET 1200 871 SNIPPET_NOT_RELEVANT 9bf4696e-7a24-11e3-b1c5-739e63e9c9a7
ACTION SNIPPET 1200 871 SNIPPET_NOT_RELEVANT d1cfce498e095a8e090494827a768cad
ACTION SNIPPET 1200 871 SNIPPET_NOT_RELEVANT 5f4a1b65bb982899ec2b5689dafd9142
ACTION SNIPPET 1200 871 SNIPPET_NOT_RELEVANT 1247e41a-9b1d-11e3-9080-5d1d87a6d793
ACTION SNIPPET 1200 871 SNIPPET_NOT_RELEVANT a8929533c99013e30864372f4542d18d
ACTION SNIPPET 1200 871 SNIPPET_NOT_RELEVANT 377f88b2ee0413fb288faa513f5cab10
ACTION SNIPPET 1200 871 SNIPPET_NOT_RELEVANT 77037852183079618d2b75f0454dc812
ACTION SNIPPET 1200 871 SNIPPET_NOT_RELEVANT 0cbfd446-51cb-11e1-8973-35d66bdb2cb8
ACTION SNIPPET 1200 871 SNIPPET_NOT_RELEVANT 7277ecea80e4a95250a62988cf0db97f
ACTION SNIPPET 1200 871 SNIPPET_NOT_RELEVANT 40695a83a19a6830881f03a0a7ce4ccf
ACTION SNIPPET 1200 871 SNIPPET_NOT_RELEVANT 0b65b2b080440edc95f1041e7e85d4a2
ACTION SNIPPET 1200 871 SNIPPET_NOT_RELEVANT 5e9d75690e168dadae80cc06a5e6b2a0
ACTION SNIPPET 1200 871 SNIPPET_NOT_RELEVANT 3122ed5a-a8ca-11e5-8058-480b572b4aae
ACTION SNIPPET 1200 871 SNIPPET_NOT_RELEVANT 567aeb84fb0eabc44dcbe4b4cf840d5e
ACTION SNIPPET 1200 871 SNIPPET_NOT_RELEVANT 6091692e7df80c616005ab94464deea5
ACTION SNIPPET 1200 871 SNIPPET_NOT_RELEVANT 6cd4ee929fc0adac5527299546026499
ACTION SNIPPET 1200 871 SNIPPET_NOT_RELEVANT c235d71e34b64e852f3cdb2783b3e404
ACTION SNIPPET 1200 871 SNIPPET_NOT_RELEVANT bcab0e4cc05cc04ba0f3180e6d2bfd6e
ACTION SNIPPET 1200 871 SNIPPET_NOT_RELEVANT c0407322e1f3a7eeff82c7c3ee0d52ba
ACTION SNIPPET 1200 871 SNIPPET_NOT_RELEVANT 60afec718f4eeabd6bf160cf05190e55
ACTION SNIPPET 1200 871 SNIPPET_NOT_RELEVANT 2364e0a0a0508e4d29a5f0aeb4977e5e
ACTION SNIPPET 1200 871 SNIPPET_NOT_RELEVANT e55a97b0-6085-11e5-8e9e-dce8a2a2a679
ACTION SNIPPET 1200 871 SNIPPET_NOT_RELEVANT 23519484-3db3-11e4-b03f-de718edeb92f
ACTION SNIPPET 1200 871 SNIPPET_NOT_RELEVANT 43edc2b4-1205-11e4-8936-26932bcfd6ed
ACTION SNIPPET 1200 871 SNIPPET_NOT_RELEVANT d8cd15ae-a0d2-11e4-903f-9f2faf7cd9fe
ACTION SNIPPET 1200 871 SNIPPET_NOT_RELEVANT 48ee32eb5463ad645726b30de58d0807
ACTION SNIPPET 1200 871 SNIPPET_NOT_RELEVANT 1087e0371b79c4063de4736ae078bfa0
ACTION SNIPPET 1200 871 SNIPPET_NOT_RELEVANT c9bde573e202764cea35c8c55b09ddf2
ACTION SNIPPET 1200 871 SNIPPET_RELEVANT ba46f8e49a547d20b07a14c620af8b7b
ACTION DOC 1200 891 EXAMINING_DOCUMENT ba46f8e49a547d20b07a14c620af8b7b
ACTION MARK 1200 894 CONSIDERED_RELEVANT ba46f8e49a547d20b07a14c620af8b7b
ACTION SNIPPET 1200 894 SNIPPET_NOT_RELEVANT 21eeff5e-d5ba-11e1-a9e3-c5249ea531ca
ACTION SNIPPET 1200 894 SNIPPET_NOT_RELEVANT fc8ba50a-e5b6-11e3-8f90-73e071f3d637
ACTION SNIPPET 1200 894 SNIPPET_NOT_RELEVANT be5ec7fd67dd155696d6a847187df62f
ACTION SNIPPET 1200 894 SNIPPET_NOT_RELEVANT 5f5a970dc772546bb26bc04576924760
ACTION SNIPPET 1200 894 SNIPPET_NOT_RELEVANT f21fdb76-a905-11e1-8e98-45f02ae6be92
ACTION SNIPPET 1200 894 SNIPPET_NOT_RELEVANT 8bf8bfd415f46664c7074a50549d25af
ACTION SNIPPET 1200 894 SNIPPET_NOT_RELEVANT a2f5d9e6-142f-11e4-9285-4243a40ddc97
ACTION SNIPPET 1200 894 SNIPPET_NOT_RELEVANT 8fa41700-238a-11e7-b503-9d616bd5a305
ACTION SNIPPET 1200 894 SNIPPET_NOT_RELEVANT dbb0dbd900153477ef22ae8c6a85fa35
ACTION SNIPPET 1200 894 SNIPPET_NOT_RELEVANT 5faaa967ef492353ad7f7c4c90ab13b9
ACTION SNIPPET 1200 894 SNIPPET_NOT_RELEVANT 6df88414-d11f-11e1-adf2-d56eb210cdcd
INFO SERP_END_REACHED 
INFO OUT_OF_QUERIES 
INFO SUMMARY 
INFO TOTAL_QUERIES_ISSUED 9
INFO TOTAL_SNIPPETS_EXAMINED 521
INFO TOTAL_DOCUMENTS_EXAMINED 33
INFO TOTAL_DOCUMENTS_MARKED_RELEVANT 33
INFO TOTAL_ATTRACTIVE_SERP_IMPRESSIONS 9
INFO TOTAL_UNATTRACTIVE_SERP_IMPRESSIONS 0
INFO TOTAL_TREC_RELEVANT_DOCS 33
INFO TOTAL_UNIQ_TREC_RELEVANT_DOCS 33
INFO PRECISION_TREC_RELEVANT_DOCS 1.0
