ACTION START 1200 0 START
ACTION QUERY 1200 10 US middle class decline
ACTION SERP 1200 15 EXAMINE_SERP
ACTION SNIPPET 1200 15 SNIPPET_RELEVANT cecb68c879ddec192499c8ab671bf37f
ACTION DOC 1200 35 EXAMINING_DOCUMENT cecb68c879ddec192499c8ab671bf37f
ACTION MARK 1200 38 CONSIDERED_RELEVANT cecb68c879ddec192499c8ab671bf37f
ACTION SNIPPET 1200 38 SNIPPET_RELEVANT bc67ff696fbcadd5160706407144a2a1
ACTION DOC 1200 58 EXAMINING_DOCUMENT bc67ff696fbcadd5160706407144a2a1
ACTION SNIPPET 1200 58 SNIPPET_RELEVANT c4b66c2d0b9836e464388e5a79c76236
ACTION DOC 1200 78 EXAMINING_DOCUMENT c4b66c2d0b9836e464388e5a79c76236
ACTION SNIPPET 1200 78 SNIPPET_RELEVANT 58ad2135c6ac41d693916df6d65e3f53
ACTION DOC 1200 98 EXAMINING_DOCUMENT 58ad2135c6ac41d693916df6d65e3f53
ACTION SNIPPET 1200 98 SNIPPET_RELEVANT 14af05c5312953c454ae5691173cebd6
ACTION DOC 1200 118 EXAMINING_DOCUMENT 14af05c5312953c454ae5691173cebd6
ACTION SNIPPET 1200 118 SNIPPET_RELEVANT db0e94f949b171c82f227f5b1cf28694
ACTION DOC 1200 138 EXAMINING_DOCUMENT db0e94f949b171c82f227f5b1cf28694
ACTION QUERY 1200 148 middle class economic decline
ACTION SERP 1200 153 EXAMINE_SERP
ACTION SNIPPET 1200 153 SEEN_PREVIOUSLY 58ad2135c6ac41d693916df6d65e3f53
ACTION SNIPPET 1200 153 SEEN_PREVIOUSLY 14af05c5312953c454ae5691173cebd6
ACTION SNIPPET 1200 153 SEEN_PREVIOUSLY db0e94f949b171c82f227f5b1cf28694
ACTION SNIPPET 1200 153 SNIPPET_RELEVANT c23e7c6ded052b2e8d9e70a9fd4e3a69
ACTION DOC 1200 173 EXAMINING_DOCUMENT c23e7c6ded052b2e8d9e70a9fd4e3a69
ACTION SNIPPET 1200 173 SNIPPET_RELEVANT 4a5498cc34b5b2b65eb3bce973a118c9
ACTION DOC 1200 193 EXAMINING_DOCUMENT 4a5498cc34b5b2b65eb3bce973a118c9
ACTION SNIPPET 1200 193 SNIPPET_RELEVANT 0f5df1d8-a037-11e5-8728-1af6af208198
ACTION DOC 1200 213 EXAMINING_DOCUMENT 0f5df1d8-a037-11e5-8728-1af6af208198
ACTION MARK 1200 216 CONSIDERED_RELEVANT 0f5df1d8-a037-11e5-8728-1af6af208198
ACTION SNIPPET 1200 216 SNIPPET_RELEVANT d3855a5a9c4eaacf1d9a32de2b62f9d4
ACTION DOC 1200 236 EXAMINING_DOCUMENT d3855a5a9c4eaacf1d9a32de2b62f9d4
ACTION SNIPPET 1200 236 SNIPPET_RELEVANT b551a62a-3650-11e1-9ee3-fd35588e7629
ACTION DOC 1200 256 EXAMINING_DOCUMENT b551a62a-3650-11e1-9ee3-fd35588e7629
ACTION SNIPPET 1200 256 SNIPPET_RELEVANT d3df9601bf4fb1351eb64f3517255771
ACTION DOC 1200 276 EXAMINING_DOCUMENT d3df9601bf4fb1351eb64f3517255771
ACTION QUERY 1200 286 U.S. middle class decline causes
ACTION SERP 1200 291 EXAMINE_SERP
ACTION SNIPPET 1200 291 SEEN_PREVIOUSLY 58ad2135c6ac41d693916df6d65e3f53
ACTION SNIPPET 1200 291 SEEN_PREVIOUSLY 14af05c5312953c454ae5691173cebd6
ACTION SNIPPET 1200 291 SEEN_PREVIOUSLY db0e94f949b171c82f227f5b1cf28694
ACTION SNIPPET 1200 291 SEEN_PREVIOUSLY c23e7c6ded052b2e8d9e70a9fd4e3a69
ACTION SNIPPET 1200 291 SNIPPET_RELEVANT 214dc04a-3a28-11e6-8f7c-d4c723a2becb
ACTION DOC 1200 311 EXAMINING_DOCUMENT 214dc04a-3a28-11e6-8f7c-d4c723a2becb
ACTION SNIPPET 1200 311 SNIPPET_RELEVANT cfbb64ec-8625-11e4-9534-f79a23c40e6c
ACTION DOC 1200 331 EXAMINING_DOCUMENT cfbb64ec-8625-11e4-9534-f79a23c40e6c
ACTION SNIPPET 1200 331 SNIPPET_RELEVANT 46a77058-8d1c-11e4-a085-34e9b9f09a58
ACTION DOC 1200 351 EXAMINING_DOCUMENT 46a77058-8d1c-11e4-a085-34e9b9f09a58
ACTION SNIPPET 1200 351 SEEN_PREVIOUSLY cecb68c879ddec192499c8ab671bf37f
ACTION SNIPPET 1200 351 SEEN_PREVIOUSLY bc67ff696fbcadd5160706407144a2a1
ACTION SNIPPET 1200 351 SEEN_PREVIOUSLY c4b66c2d0b9836e464388e5a79c76236
ACTION SNIPPET 1200 351 SNIPPET_RELEVANT 8ad9cbc6-462a-11e2-8061-253bccfc7532
ACTION DOC 1200 371 EXAMINING_DOCUMENT 8ad9cbc6-462a-11e2-8061-253bccfc7532
ACTION SNIPPET 1200 371 SNIPPET_RELEVANT 706107b6878b2229734f7ef8ae2516df
ACTION DOC 1200 391 EXAMINING_DOCUMENT 706107b6878b2229734f7ef8ae2516df
ACTION SNIPPET 1200 391 SNIPPET_RELEVANT ad7839eb27bd606955f9549b0553b72b
ACTION DOC 1200 411 EXAMINING_DOCUMENT ad7839eb27bd606955f9549b0553b72b
ACTION QUERY 1200 421 US middle class shrinkage causes
ACTION SERP 1200 426 EXAMINE_SERP
ACTION SNIPPET 1200 426 SNIPPET_RELEVANT 6dfc2ccee0dca29f015b7b73b11bea51
ACTION DOC 1200 446 EXAMINING_DOCUMENT 6dfc2ccee0dca29f015b7b73b11bea51
ACTION SNIPPET 1200 446 SNIPPET_RELEVANT 30930db6-bd2f-11e4-b274-e5209a3bc9a9
ACTION DOC 1200 466 EXAMINING_DOCUMENT 30930db6-bd2f-11e4-b274-e5209a3bc9a9
ACTION SNIPPET 1200 466 SNIPPET_RELEVANT 2554dc817feffa98ba6758b403eb021a
ACTION DOC 1200 486 EXAMINING_DOCUMENT 2554dc817feffa98ba6758b403eb021a
ACTION SNIPPET 1200 486 SNIPPET_RELEVANT 28b5db1a-68fc-11e3-a0b9-249bbb34602c
ACTION DOC 1200 506 EXAMINING_DOCUMENT 28b5db1a-68fc-11e3-a0b9-249bbb34602c
ACTION SNIPPET 1200 506 SNIPPET_RELEVANT 9fb33006-0caa-11e6-8ab8-9ad050f76d7d
ACTION DOC 1200 526 EXAMINING_DOCUMENT 9fb33006-0caa-11e6-8ab8-9ad050f76d7d
ACTION SNIPPET 1200 526 SNIPPET_RELEVANT 4f052f6e-299d-11e6-a3c4-0724e8e24f3f
ACTION DOC 1200 546 EXAMINING_DOCUMENT 4f052f6e-299d-11e6-a3c4-0724e8e24f3f
ACTION QUERY 1200 556 US economic policy impact
ACTION SERP 1200 561 EXAMINE_SERP
ACTION SNIPPET 1200 561 SNIPPET_RELEVANT 10a74b17c163a5b9ccb142859994989a
ACTION DOC 1200 581 EXAMINING_DOCUMENT 10a74b17c163a5b9ccb142859994989a
ACTION SNIPPET 1200 581 SNIPPET_RELEVANT 480d1e5c521a9b06dc53deb1a9e41a89
ACTION DOC 1200 601 EXAMINING_DOCUMENT 480d1e5c521a9b06dc53deb1a9e41a89
ACTION SNIPPET 1200 601 SNIPPET_RELEVANT 5cb2e98c-82b4-11e2-8074-b26a871b165a
ACTION DOC 1200 621 EXAMINING_DOCUMENT 5cb2e98c-82b4-11e2-8074-b26a871b165a
ACTION SNIPPET 1200 621 SNIPPET_RELEVANT 6769694cfaec60c97edf78e973f65ecf
ACTION DOC 1200 641 EXAMINING_DOCUMENT 6769694cfaec60c97edf78e973f65ecf
ACTION SNIPPET 1200 641 SNIPPET_RELEVANT a015ee21c80d044e727f07cddfa81317
ACTION DOC 1200 661 EXAMINING_DOCUMENT a015ee21c80d044e727f07cddfa81317
ACTION SNIPPET 1200 661 SNIPPET_RELEVANT 5da41dcc3fc65279d1cf8b3ee8a50155
ACTION DOC 1200 681 EXAMINING_DOCUMENT 5da41dcc3fc65279d1cf8b3ee8a50155
ACTION QUERY 1200 691 middle class decline reasons
ACTION SERP 1200 696 EXAMINE_SERP
ACTION SNIPPET 1200 696 SEEN_PREVIOUSLY bc67ff696fbcadd5160706407144a2a1
ACTION SNIPPET 1200 696 SEEN_PREVIOUSLY 4a5498cc34b5b2b65eb3bce973a118c9
ACTION SNIPPET 1200 696 SNIPPET_RELEVANT 3cdb3fd66505f48b2e1e8c51255c9914
ACTION DOC 1200 716 EXAMINING_DOCUMENT 3cdb3fd66505f48b2e1e8c51255c9914
ACTION SNIPPET 1200 716 SEEN_PREVIOUSLY b551a62a-3650-11e1-9ee3-fd35588e7629
ACTION SNIPPET 1200 716 SNIPPET_RELEVANT ae5ad584-cf58-11e1-b630-190a983a2e0d
ACTION DOC 1200 736 EXAMINING_DOCUMENT ae5ad584-cf58-11e1-b630-190a983a2e0d
ACTION SNIPPET 1200 736 SNIPPET_RELEVANT c87e9e46-b4c8-11e1-9e4c-5a6a137d65e1
ACTION DOC 1200 756 EXAMINING_DOCUMENT c87e9e46-b4c8-11e1-9e4c-5a6a137d65e1
ACTION MARK 1200 759 CONSIDERED_RELEVANT c87e9e46-b4c8-11e1-9e4c-5a6a137d65e1
ACTION SNIPPET 1200 759 SEEN_PREVIOUSLY cecb68c879ddec192499c8ab671bf37f
ACTION SNIPPET 1200 759 SEEN_PREVIOUSLY 8ad9cbc6-462a-11e2-8061-253bccfc7532
ACTION SNIPPET 1200 759 SNIPPET_RELEVANT 34ea240cd32cccc26fb741c39d374df9
ACTION DOC 1200 779 EXAMINING_DOCUMENT 34ea240cd32cccc26fb741c39d374df9
ACTION MARK 1200 782 CONSIDERED_RELEVANT 34ea240cd32cccc26fb741c39d374df9
ACTION SNIPPET 1200 782 SEEN_PREVIOUSLY c4b66c2d0b9836e464388e5a79c76236
ACTION SNIPPET 1200 782 SEEN_PREVIOUSLY 58ad2135c6ac41d693916df6d65e3f53
ACTION SNIPPET 1200 782 SEEN_PREVIOUSLY 14af05c5312953c454ae5691173cebd6
ACTION SNIPPET 1200 782 SEEN_PREVIOUSLY db0e94f949b171c82f227f5b1cf28694
ACTION SNIPPET 1200 782 SEEN_PREVIOUSLY c23e7c6ded052b2e8d9e70a9fd4e3a69
ACTION SNIPPET 1200 782 SNIPPET_RELEVANT 1db4e1a8d767902669e4017b8b6d2bcb
ACTION DOC 1200 802 EXAMINING_DOCUMENT 1db4e1a8d767902669e4017b8b6d2bcb
ACTION MARK 1200 805 CONSIDERED_RELEVANT 1db4e1a8d767902669e4017b8b6d2bcb
ACTION SNIPPET 1200 805 SNIPPET_RELEVANT 17c7f8b12ada24f7d93353ae70dd1ad0
ACTION DOC 1200 825 EXAMINING_DOCUMENT 17c7f8b12ada24f7d93353ae70dd1ad0
ACTION MARK 1200 828 CONSIDERED_RELEVANT 17c7f8b12ada24f7d93353ae70dd1ad0
ACTION QUERY 1200 838 US economic inequality reasons
ACTION SERP 1200 843 EXAMINE_SERP
ACTION SNIPPET 1200 843 SNIPPET_RELEVANT cc8fb513dbe819ba9f473dd5dfc53f52
ACTION DOC 1200 863 EXAMINING_DOCUMENT cc8fb513dbe819ba9f473dd5dfc53f52
ACTION SNIPPET 1200 863 SNIPPET_RELEVANT 21b35e70-dca2-11e5-81ae-7491b9b9e7df
ACTION DOC 1200 883 EXAMINING_DOCUMENT 21b35e70-dca2-11e5-81ae-7491b9b9e7df
ACTION SNIPPET 1200 883 SNIPPET_RELEVANT f807802a675d409f1fe9ff77e34d7106
ACTION DOC 1200 903 EXAMINING_DOCUMENT f807802a675d409f1fe9ff77e34d7106
ACTION SNIPPET 1200 903 SNIPPET_RELEVANT a78cdc52-231b-11e4-958c-268a320a60ce
ACTION DOC 1200 923 EXAMINING_DOCUMENT a78cdc52-231b-11e4-958c-268a320a60ce
ACTION MARK 1200 926 CONSIDERED_RELEVANT a78cdc52-231b-11e4-958c-268a320a60ce
ACTION SNIPPET 1200 926 SNIPPET_RELEVANT ad71ba10-71ee-11e1-8670-ac228f6e3e10
ACTION DOC 1200 946 EXAMINING_DOCUMENT ad71ba10-71ee-11e1-8670-ac228f6e3e10
ACTION MARK 1200 949 CONSIDERED_RELEVANT ad71ba10-71ee-11e1-8670-ac228f6e3e10
ACTION SNIPPET 1200 949 SNIPPET_RELEVANT 600211fecaadeed6a1fb50b3c73f7f0d
ACTION DOC 1200 969 EXAMINING_DOCUMENT 600211fecaadeed6a1fb50b3c73f7f0d
ACTION QUERY 1200 979 US middle class erosion
ACTION SERP 1200 984 EXAMINE_SERP
ACTION SNIPPET 1200 984 SNIPPET_RELEVANT d3b004cc244dda0aa4305342fc2c9687
ACTION DOC 1200 1004 EXAMINING_DOCUMENT d3b004cc244dda0aa4305342fc2c9687
ACTION SNIPPET 1200 1004 SNIPPET_RELEVANT 9cb7068db27a923ff4dfadb0c02cbbcf
ACTION DOC 1200 1024 EXAMINING_DOCUMENT 9cb7068db27a923ff4dfadb0c02cbbcf
ACTION MARK 1200 1027 CONSIDERED_RELEVANT 9cb7068db27a923ff4dfadb0c02cbbcf
ACTION SNIPPET 1200 1027 SNIPPET_RELEVANT 6da5aa84-36ea-11e1-9ee3-fd35588e7629
ACTION DOC 1200 1047 EXAMINING_DOCUMENT 6da5aa84-36ea-11e1-9ee3-fd35588e7629
ACTION MARK 1200 1050 CONSIDERED_RELEVANT 6da5aa84-36ea-11e1-9ee3-fd35588e7629
ACTION SNIPPET 1200 1050 SNIPPET_RELEVANT 92ad3ffe8f94fbe287660a2855bf8e21
ACTION DOC 1200 1070 EXAMINING_DOCUMENT 92ad3ffe8f94fbe287660a2855bf8e21
ACTION MARK 1200 1073 CONSIDERED_RELEVANT 92ad3ffe8f94fbe287660a2855bf8e21
ACTION SNIPPET 1200 1073 SNIPPET_RELEVANT 664fad73ba9b7ede13b9e5ec1db9aeca
ACTION DOC 1200 1093 EXAMINING_DOCUMENT 664fad73ba9b7ede13b9e5ec1db9aeca
ACTION MARK 1200 1096 CONSIDERED_RELEVANT 664fad73ba9b7ede13b9e5ec1db9aeca
ACTION SNIPPET 1200 1096 SNIPPET_RELEVANT efb713de-8f03-11e1-b132-eab19f4e8b2e
ACTION DOC 1200 1116 EXAMINING_DOCUMENT efb713de-8f03-11e1-b132-eab19f4e8b2e
ACTION QUERY 1200 1126 job market middle class
ACTION SERP 1200 1131 EXAMINE_SERP
ACTION SNIPPET 1200 1131 SNIPPET_RELEVANT 2c63a32ff6034e84b9517e0764718535
ACTION DOC 1200 1151 EXAMINING_DOCUMENT 2c63a32ff6034e84b9517e0764718535
ACTION MARK 1200 1154 CONSIDERED_RELEVANT 2c63a32ff6034e84b9517e0764718535
ACTION SNIPPET 1200 1154 SEEN_PREVIOUSLY 17c7f8b12ada24f7d93353ae70dd1ad0
ACTION SNIPPET 1200 1154 SEEN_PREVIOUSLY 34ea240cd32cccc26fb741c39d374df9
ACTION SNIPPET 1200 1154 SNIPPET_RELEVANT de5aa3d777d68afa6cb8ed9b6653f6fc
ACTION DOC 1200 1174 EXAMINING_DOCUMENT de5aa3d777d68afa6cb8ed9b6653f6fc
ACTION SNIPPET 1200 1174 SNIPPET_RELEVANT 2530b10e657e00a988512d110350d7b8
ACTION DOC 1200 1194 EXAMINING_DOCUMENT 2530b10e657e00a988512d110350d7b8
ACTION SNIPPET 1200 1194 SNIPPET_RELEVANT 37db8aba3d0cff38ee0d3e1042864d3d
ACTION DOC 1200 1214 EXAMINING_DOCUMENT 37db8aba3d0cff38ee0d3e1042864d3d
INFO SUMMARY 
INFO TOTAL_QUERIES_ISSUED 9
INFO TOTAL_SNIPPETS_EXAMINED 74
INFO TOTAL_DOCUMENTS_EXAMINED 52
INFO TOTAL_DOCUMENTS_MARKED_RELEVANT 13
INFO TOTAL_ATTRACTIVE_SERP_IMPRESSIONS 9
INFO TOTAL_UNATTRACTIVE_SERP_IMPRESSIONS 0
