ACTION START 1200 0 START
ACTION QUERY 1200 10 Greek stoicism
ACTION SERP 1200 15 EXAMINE_SERP
ACTION SNIPPET 1200 15 SNIPPET_RELEVANT 59c14b04bd0cd97f77d709f21f3df2f4
ACTION DOC 1200 35 EXAMINING_DOCUMENT 59c14b04bd0cd97f77d709f21f3df2f4
ACTION SNIPPET 1200 35 SNIPPET_RELEVANT 8c37f634-0771-11e7-a15f-a58d4a988474
ACTION DOC 1200 55 EXAMINING_DOCUMENT 8c37f634-0771-11e7-a15f-a58d4a988474
ACTION SNIPPET 1200 55 SNIPPET_RELEVANT f2a5dbee-b4b9-11e1-92df-14cd260b161d
ACTION DOC 1200 75 EXAMINING_DOCUMENT f2a5dbee-b4b9-11e1-92df-14cd260b161d
ACTION SNIPPET 1200 75 SNIPPET_RELEVANT f7c804c8-1245-11e2-be82-c3411b7680a9
ACTION DOC 1200 95 EXAMINING_DOCUMENT f7c804c8-1245-11e2-be82-c3411b7680a9
ACTION MARK 1200 98 CONSIDERED_RELEVANT f7c804c8-1245-11e2-be82-c3411b7680a9
ACTION SNIPPET 1200 98 SNIPPET_RELEVANT 30e9c752-8cf0-11e3-95dd-36ff657a4dae
ACTION DOC 1200 118 EXAMINING_DOCUMENT 30e9c752-8cf0-11e3-95dd-36ff657a4dae
ACTION MARK 1200 121 CONSIDERED_RELEVANT 30e9c752-8cf0-11e3-95dd-36ff657a4dae
ACTION SNIPPET 1200 121 SNIPPET_RELEVANT 3e123114-f39d-11e1-adc6-87dfa8eff430
ACTION DOC 1200 141 EXAMINING_DOCUMENT 3e123114-f39d-11e1-adc6-87dfa8eff430
ACTION MARK 1200 144 CONSIDERED_RELEVANT 3e123114-f39d-11e1-adc6-87dfa8eff430
ACTION QUERY 1200 154 stoic philosophy
ACTION SERP 1200 159 EXAMINE_SERP
ACTION SNIPPET 1200 159 SNIPPET_RELEVANT 69a6be90acc8e84e9278cdd693478459
ACTION DOC 1200 179 EXAMINING_DOCUMENT 69a6be90acc8e84e9278cdd693478459
ACTION MARK 1200 182 CONSIDERED_RELEVANT 69a6be90acc8e84e9278cdd693478459
ACTION SNIPPET 1200 182 SNIPPET_RELEVANT 65d9f35ca9b68609abce586beca12b5a
ACTION DOC 1200 202 EXAMINING_DOCUMENT 65d9f35ca9b68609abce586beca12b5a
ACTION SNIPPET 1200 202 SNIPPET_RELEVANT 02043c1e-d2a3-11e6-9cb0-54ab630851e8
ACTION DOC 1200 222 EXAMINING_DOCUMENT 02043c1e-d2a3-11e6-9cb0-54ab630851e8
ACTION MARK 1200 225 CONSIDERED_RELEVANT 02043c1e-d2a3-11e6-9cb0-54ab630851e8
ACTION SNIPPET 1200 225 SNIPPET_RELEVANT f8118f72-d976-11e3-bda1-9b46b2066796
ACTION DOC 1200 245 EXAMINING_DOCUMENT f8118f72-d976-11e3-bda1-9b46b2066796
ACTION SNIPPET 1200 245 SNIPPET_RELEVANT 7d3e2b90-5ab3-11e7-9fc6-c7ef4bc58d13
ACTION DOC 1200 265 EXAMINING_DOCUMENT 7d3e2b90-5ab3-11e7-9fc6-c7ef4bc58d13
ACTION MARK 1200 268 CONSIDERED_RELEVANT 7d3e2b90-5ab3-11e7-9fc6-c7ef4bc58d13
ACTION SNIPPET 1200 268 SNIPPET_RELEVANT cce7bdc6e570d1ac7f3fc2b989c6fdd0
ACTION DOC 1200 288 EXAMINING_DOCUMENT cce7bdc6e570d1ac7f3fc2b989c6fdd0
ACTION MARK 1200 291 CONSIDERED_RELEVANT cce7bdc6e570d1ac7f3fc2b989c6fdd0
ACTION QUERY 1200 301 contemporary stoicism
ACTION SERP 1200 306 EXAMINE_SERP
ACTION SNIPPET 1200 306 SNIPPET_RELEVANT c2cc2a44-4a36-11e4-a046-120a8a855cca
ACTION DOC 1200 326 EXAMINING_DOCUMENT c2cc2a44-4a36-11e4-a046-120a8a855cca
ACTION SNIPPET 1200 326 SEEN_PREVIOUSLY f7c804c8-1245-11e2-be82-c3411b7680a9
ACTION SNIPPET 1200 326 SEEN_PREVIOUSLY 30e9c752-8cf0-11e3-95dd-36ff657a4dae
ACTION SNIPPET 1200 326 SEEN_PREVIOUSLY 3e123114-f39d-11e1-adc6-87dfa8eff430
ACTION SNIPPET 1200 326 SNIPPET_RELEVANT 248accbc4b7764d608c07543f260d4e1
ACTION DOC 1200 346 EXAMINING_DOCUMENT 248accbc4b7764d608c07543f260d4e1
ACTION MARK 1200 349 CONSIDERED_RELEVANT 248accbc4b7764d608c07543f260d4e1
ACTION SNIPPET 1200 349 SNIPPET_RELEVANT a960261680cff44376f93a21326c7b6e
ACTION DOC 1200 369 EXAMINING_DOCUMENT a960261680cff44376f93a21326c7b6e
ACTION SNIPPET 1200 369 SNIPPET_RELEVANT ae9b5860-fdf3-11e6-8ebe-6e0dbe4f2bca
ACTION DOC 1200 389 EXAMINING_DOCUMENT ae9b5860-fdf3-11e6-8ebe-6e0dbe4f2bca
ACTION SNIPPET 1200 389 SNIPPET_RELEVANT 1b415d0c-cd42-11e2-8845-d970ccb04497
ACTION DOC 1200 409 EXAMINING_DOCUMENT 1b415d0c-cd42-11e2-8845-d970ccb04497
ACTION SNIPPET 1200 409 SNIPPET_RELEVANT 0d9b45b389e2c32db66f1a143810545b
ACTION DOC 1200 429 EXAMINING_DOCUMENT 0d9b45b389e2c32db66f1a143810545b
ACTION QUERY 1200 439 Epictetus
ACTION SERP 1200 444 EXAMINE_SERP
ACTION SNIPPET 1200 444 SNIPPET_RELEVANT 8854723732a08b55fce15d312539f0b3
ACTION DOC 1200 464 EXAMINING_DOCUMENT 8854723732a08b55fce15d312539f0b3
INFO SERP_END_REACHED 
ACTION QUERY 1200 474 Zeno of Citium
ACTION SERP 1200 479 EXAMINE_SERP
ACTION SNIPPET 1200 479 SNIPPET_RELEVANT 2085994e-5dd6-11e7-a9f6-7c3296387341
ACTION DOC 1200 499 EXAMINING_DOCUMENT 2085994e-5dd6-11e7-a9f6-7c3296387341
ACTION SNIPPET 1200 499 SNIPPET_RELEVANT 1c730384-1047-11e5-9726-49d6fa26a8c6
ACTION DOC 1200 519 EXAMINING_DOCUMENT 1c730384-1047-11e5-9726-49d6fa26a8c6
ACTION SNIPPET 1200 519 SNIPPET_RELEVANT 614c2dfe-5dcf-11e3-95c2-13623eb2b0e1
ACTION DOC 1200 539 EXAMINING_DOCUMENT 614c2dfe-5dcf-11e3-95c2-13623eb2b0e1
ACTION SNIPPET 1200 539 SNIPPET_RELEVANT 990007d2e3ca0e5f91104a8ba1ece9f2
ACTION DOC 1200 559 EXAMINING_DOCUMENT 990007d2e3ca0e5f91104a8ba1ece9f2
ACTION SNIPPET 1200 559 SNIPPET_RELEVANT a1e05b004da85c80f6c14e4d280aeaa9
ACTION DOC 1200 579 EXAMINING_DOCUMENT a1e05b004da85c80f6c14e4d280aeaa9
ACTION SNIPPET 1200 579 SNIPPET_RELEVANT 679f22c40fa1ee7b94280f6c36faa43d
ACTION DOC 1200 599 EXAMINING_DOCUMENT 679f22c40fa1ee7b94280f6c36faa43d
ACTION QUERY 1200 609 Seneca
ACTION SERP 1200 614 EXAMINE_SERP
ACTION SNIPPET 1200 614 SNIPPET_RELEVANT 2efde122-7e3d-11e5-afce-2afd1d3eb896
ACTION DOC 1200 634 EXAMINING_DOCUMENT 2efde122-7e3d-11e5-afce-2afd1d3eb896
ACTION MARK 1200 637 CONSIDERED_RELEVANT 2efde122-7e3d-11e5-afce-2afd1d3eb896
ACTION SNIPPET 1200 637 SNIPPET_RELEVANT 1247c284-8fc4-11e6-9c52-0b10449e33c4
ACTION DOC 1200 657 EXAMINING_DOCUMENT 1247c284-8fc4-11e6-9c52-0b10449e33c4
ACTION SNIPPET 1200 657 SNIPPET_RELEVANT 030729c2-ec67-11e1-a80b-9f898562d010
ACTION DOC 1200 677 EXAMINING_DOCUMENT 030729c2-ec67-11e1-a80b-9f898562d010
ACTION SNIPPET 1200 677 SNIPPET_RELEVANT 119feca0-f840-11e1-8398-0327ab83ab91
ACTION DOC 1200 697 EXAMINING_DOCUMENT 119feca0-f840-11e1-8398-0327ab83ab91
ACTION SNIPPET 1200 697 SNIPPET_RELEVANT 3da37b04-3fd6-11e2-a2d9-822f58ac9fd5
ACTION DOC 1200 717 EXAMINING_DOCUMENT 3da37b04-3fd6-11e2-a2d9-822f58ac9fd5
ACTION SNIPPET 1200 717 SNIPPET_RELEVANT 0b2c50fdbcbaaf3b750986776e2f614b
ACTION DOC 1200 737 EXAMINING_DOCUMENT 0b2c50fdbcbaaf3b750986776e2f614b
ACTION QUERY 1200 747 Marcus Aurelius
ACTION SERP 1200 752 EXAMINE_SERP
ACTION SNIPPET 1200 752 SEEN_PREVIOUSLY 69a6be90acc8e84e9278cdd693478459
ACTION SNIPPET 1200 752 SNIPPET_RELEVANT 5b1896ac-05d9-11e6-bfed-ef65dff5970d
ACTION DOC 1200 772 EXAMINING_DOCUMENT 5b1896ac-05d9-11e6-bfed-ef65dff5970d
ACTION MARK 1200 775 CONSIDERED_RELEVANT 5b1896ac-05d9-11e6-bfed-ef65dff5970d
ACTION SNIPPET 1200 775 SNIPPET_RELEVANT 719acf25358ddd3dc22423bb50c12d79
ACTION DOC 1200 795 EXAMINING_DOCUMENT 719acf25358ddd3dc22423bb50c12d79
ACTION SNIPPET 1200 795 SNIPPET_RELEVANT 0addfad6-db8a-11e3-bda1-9b46b2066796
ACTION DOC 1200 815 EXAMINING_DOCUMENT 0addfad6-db8a-11e3-bda1-9b46b2066796
ACTION SNIPPET 1200 815 SNIPPET_RELEVANT 5e441eb3ceac8fc35a3e9ae863000c14
ACTION DOC 1200 835 EXAMINING_DOCUMENT 5e441eb3ceac8fc35a3e9ae863000c14
ACTION MARK 1200 838 CONSIDERED_RELEVANT 5e441eb3ceac8fc35a3e9ae863000c14
ACTION SNIPPET 1200 838 SNIPPET_RELEVANT 1016e290-4ae6-11e3-ac54-aa84301ced81
ACTION DOC 1200 858 EXAMINING_DOCUMENT 1016e290-4ae6-11e3-ac54-aa84301ced81
ACTION SNIPPET 1200 858 SNIPPET_RELEVANT 3609343c-b87a-11e4-aa05-1ce812b3fdd2
ACTION DOC 1200 878 EXAMINING_DOCUMENT 3609343c-b87a-11e4-aa05-1ce812b3fdd2
ACTION QUERY 1200 888 stoic ethics
ACTION SERP 1200 893 EXAMINE_SERP
ACTION SNIPPET 1200 893 SEEN_PREVIOUSLY 65d9f35ca9b68609abce586beca12b5a
ACTION SNIPPET 1200 893 SEEN_PREVIOUSLY 02043c1e-d2a3-11e6-9cb0-54ab630851e8
ACTION SNIPPET 1200 893 SEEN_PREVIOUSLY 69a6be90acc8e84e9278cdd693478459
ACTION SNIPPET 1200 893 SNIPPET_RELEVANT b53c7abc-cace-11e1-aea8-34e2e47d1571
ACTION DOC 1200 913 EXAMINING_DOCUMENT b53c7abc-cace-11e1-aea8-34e2e47d1571
ACTION SNIPPET 1200 913 SEEN_PREVIOUSLY cce7bdc6e570d1ac7f3fc2b989c6fdd0
ACTION SNIPPET 1200 913 SNIPPET_RELEVANT 08b36f6d43adb67b73be8f5427879b74
ACTION DOC 1200 933 EXAMINING_DOCUMENT 08b36f6d43adb67b73be8f5427879b74
ACTION MARK 1200 936 CONSIDERED_RELEVANT 08b36f6d43adb67b73be8f5427879b74
ACTION SNIPPET 1200 936 SEEN_PREVIOUSLY 59c14b04bd0cd97f77d709f21f3df2f4
ACTION SNIPPET 1200 936 SNIPPET_RELEVANT c907d35fcae9f095b8c0fe35693de921
ACTION DOC 1200 956 EXAMINING_DOCUMENT c907d35fcae9f095b8c0fe35693de921
ACTION MARK 1200 959 CONSIDERED_RELEVANT c907d35fcae9f095b8c0fe35693de921
ACTION SNIPPET 1200 959 SNIPPET_RELEVANT 549084448b5b66e17c1f3ecb8136ea03
ACTION DOC 1200 979 EXAMINING_DOCUMENT 549084448b5b66e17c1f3ecb8136ea03
ACTION SNIPPET 1200 979 SNIPPET_RELEVANT bd7632744fbcd05e8cf71641090233b6
ACTION DOC 1200 999 EXAMINING_DOCUMENT bd7632744fbcd05e8cf71641090233b6
ACTION MARK 1200 1002 CONSIDERED_RELEVANT bd7632744fbcd05e8cf71641090233b6
ACTION SNIPPET 1200 1002 SNIPPET_RELEVANT dbef3b8850bc653eb420353ea0d8b9f1
ACTION DOC 1200 1022 EXAMINING_DOCUMENT dbef3b8850bc653eb420353ea0d8b9f1
ACTION QUERY 1200 1032 logic and stoicism
ACTION SERP 1200 1037 EXAMINE_SERP
ACTION SNIPPET 1200 1037 SEEN_PREVIOUSLY f7c804c8-1245-11e2-be82-c3411b7680a9
ACTION SNIPPET 1200 1037 SEEN_PREVIOUSLY 30e9c752-8cf0-11e3-95dd-36ff657a4dae
ACTION SNIPPET 1200 1037 SEEN_PREVIOUSLY 3e123114-f39d-11e1-adc6-87dfa8eff430
ACTION SNIPPET 1200 1037 SEEN_PREVIOUSLY 248accbc4b7764d608c07543f260d4e1
ACTION SNIPPET 1200 1037 SEEN_PREVIOUSLY ae9b5860-fdf3-11e6-8ebe-6e0dbe4f2bca
ACTION SNIPPET 1200 1037 SEEN_PREVIOUSLY 1b415d0c-cd42-11e2-8845-d970ccb04497
ACTION SNIPPET 1200 1037 SEEN_PREVIOUSLY 0d9b45b389e2c32db66f1a143810545b
ACTION SNIPPET 1200 1037 SNIPPET_RELEVANT 159e6f9e-8e84-11e3-84e1-27626c5ef5fb
ACTION DOC 1200 1057 EXAMINING_DOCUMENT 159e6f9e-8e84-11e3-84e1-27626c5ef5fb
ACTION SNIPPET 1200 1057 SNIPPET_RELEVANT 9fca0965cb9f08e68fe6da05cbdcb620
ACTION DOC 1200 1077 EXAMINING_DOCUMENT 9fca0965cb9f08e68fe6da05cbdcb620
ACTION SNIPPET 1200 1077 SNIPPET_RELEVANT 3169de43bac13caea57e2b6871ede8a1
ACTION DOC 1200 1097 EXAMINING_DOCUMENT 3169de43bac13caea57e2b6871ede8a1
ACTION SNIPPET 1200 1097 SNIPPET_RELEVANT b5393f54-8c8c-11e5-acff-673ae92ddd2b
ACTION DOC 1200 1117 EXAMINING_DOCUMENT b5393f54-8c8c-11e5-acff-673ae92ddd2b
ACTION SNIPPET 1200 1117 SNIPPET_RELEVANT 8923f962-9504-11e3-84e1-27626c5ef5fb
ACTION DOC 1200 1137 EXAMINING_DOCUMENT 8923f962-9504-11e3-84e1-27626c5ef5fb
ACTION MARK 1200 1140 CONSIDERED_RELEVANT 8923f962-9504-11e3-84e1-27626c5ef5fb
ACTION SNIPPET 1200 1140 SNIPPET_RELEVANT c9e7f722-dcf0-11e2-9218-bc2ac7cd44e2
ACTION DOC 1200 1160 EXAMINING_DOCUMENT c9e7f722-dcf0-11e2-9218-bc2ac7cd44e2
ACTION QUERY 1200 1170 Greek philosophers
ACTION SERP 1200 1175 EXAMINE_SERP
ACTION SNIPPET 1200 1175 SNIPPET_RELEVANT 5465ce39f0c971162b5818228efec2c4
ACTION DOC 1200 1195 EXAMINING_DOCUMENT 5465ce39f0c971162b5818228efec2c4
ACTION SNIPPET 1200 1195 SNIPPET_RELEVANT fa15b00a9394a7729d8a51294045ddc6
ACTION DOC 1200 1215 EXAMINING_DOCUMENT fa15b00a9394a7729d8a51294045ddc6
INFO SUMMARY 
INFO TOTAL_QUERIES_ISSUED 10
INFO TOTAL_SNIPPETS_EXAMINED 67
INFO TOTAL_DOCUMENTS_EXAMINED 51
INFO TOTAL_DOCUMENTS_MARKED_RELEVANT 15
INFO TOTAL_ATTRACTIVE_SERP_IMPRESSIONS 10
INFO TOTAL_UNATTRACTIVE_SERP_IMPRESSIONS 0
