ACTION START 1200 0 START
ACTION QUERY 1200 10 federal minimum wage
ACTION SERP 1200 15 EXAMINE_SERP
ACTION SNIPPET 1200 15 SNIPPET_RELEVANT 2102fad750315b38c2f1afdcb10e45d2
ACTION DOC 1200 35 EXAMINING_DOCUMENT 2102fad750315b38c2f1afdcb10e45d2
ACTION MARK 1200 38 CONSIDERED_RELEVANT 2102fad750315b38c2f1afdcb10e45d2
ACTION SNIPPET 1200 38 SNIPPET_RELEVANT a3fc6c69c936ad8fdbcaf128297753a8
ACTION DOC 1200 58 EXAMINING_DOCUMENT a3fc6c69c936ad8fdbcaf128297753a8
ACTION MARK 1200 61 CONSIDERED_RELEVANT a3fc6c69c936ad8fdbcaf128297753a8
ACTION SNIPPET 1200 61 SNIPPET_RELEVANT 2b737a9aaa2b2f610c45940be88e3cd6
ACTION DOC 1200 81 EXAMINING_DOCUMENT 2b737a9aaa2b2f610c45940be88e3cd6
ACTION MARK 1200 84 CONSIDERED_RELEVANT 2b737a9aaa2b2f610c45940be88e3cd6
ACTION SNIPPET 1200 84 SNIPPET_RELEVANT 7d6829b1e3f56987f6ebcd13dab5d769
ACTION DOC 1200 104 EXAMINING_DOCUMENT 7d6829b1e3f56987f6ebcd13dab5d769
ACTION MARK 1200 107 CONSIDERED_RELEVANT 7d6829b1e3f56987f6ebcd13dab5d769
ACTION SNIPPET 1200 107 SNIPPET_RELEVANT d9520adc-2f18-11e5-8f36-18d1d501920d
ACTION DOC 1200 127 EXAMINING_DOCUMENT d9520adc-2f18-11e5-8f36-18d1d501920d
ACTION MARK 1200 130 CONSIDERED_RELEVANT d9520adc-2f18-11e5-8f36-18d1d501920d
ACTION QUERY 1200 140 wage increase news
ACTION SERP 1200 145 EXAMINE_SERP
ACTION SNIPPET 1200 145 SNIPPET_RELEVANT ebc6734c-5d37-11e3-bc56-c6ca94801fac
ACTION DOC 1200 165 EXAMINING_DOCUMENT ebc6734c-5d37-11e3-bc56-c6ca94801fac
ACTION MARK 1200 168 CONSIDERED_RELEVANT ebc6734c-5d37-11e3-bc56-c6ca94801fac
ACTION SNIPPET 1200 168 SNIPPET_RELEVANT afa59c50-addc-11e6-a31b-4b6397e625d0
ACTION DOC 1200 188 EXAMINING_DOCUMENT afa59c50-addc-11e6-a31b-4b6397e625d0
ACTION MARK 1200 191 CONSIDERED_RELEVANT afa59c50-addc-11e6-a31b-4b6397e625d0
ACTION SNIPPET 1200 191 SNIPPET_RELEVANT 05d5518a-be69-11e3-bcec-b71ee10e9bc3
ACTION DOC 1200 211 EXAMINING_DOCUMENT 05d5518a-be69-11e3-bcec-b71ee10e9bc3
ACTION MARK 1200 214 CONSIDERED_RELEVANT 05d5518a-be69-11e3-bcec-b71ee10e9bc3
ACTION SNIPPET 1200 214 SNIPPET_RELEVANT a6fae6e923602728601127cfc9ac4d0a
ACTION DOC 1200 234 EXAMINING_DOCUMENT a6fae6e923602728601127cfc9ac4d0a
ACTION MARK 1200 237 CONSIDERED_RELEVANT a6fae6e923602728601127cfc9ac4d0a
ACTION SNIPPET 1200 237 SNIPPET_RELEVANT 668edbff0a3c12bcaa97ce3076a4cefd
ACTION DOC 1200 257 EXAMINING_DOCUMENT 668edbff0a3c12bcaa97ce3076a4cefd
ACTION MARK 1200 260 CONSIDERED_RELEVANT 668edbff0a3c12bcaa97ce3076a4cefd
ACTION QUERY 1200 270 minimum wage hike
ACTION SERP 1200 275 EXAMINE_SERP
ACTION SNIPPET 1200 275 SNIPPET_RELEVANT edd0acb2f46d27a25510943a9028f55f
ACTION DOC 1200 295 EXAMINING_DOCUMENT edd0acb2f46d27a25510943a9028f55f
ACTION MARK 1200 298 CONSIDERED_RELEVANT edd0acb2f46d27a25510943a9028f55f
ACTION SNIPPET 1200 298 SEEN_PREVIOUSLY a3fc6c69c936ad8fdbcaf128297753a8
ACTION SNIPPET 1200 298 SNIPPET_RELEVANT e5d635447d63698c97a560b43567ed80
ACTION DOC 1200 318 EXAMINING_DOCUMENT e5d635447d63698c97a560b43567ed80
ACTION MARK 1200 321 CONSIDERED_RELEVANT e5d635447d63698c97a560b43567ed80
ACTION SNIPPET 1200 321 SNIPPET_RELEVANT 000cdb1509b83f2cb4bcbe0b37d81415
ACTION DOC 1200 341 EXAMINING_DOCUMENT 000cdb1509b83f2cb4bcbe0b37d81415
ACTION MARK 1200 344 CONSIDERED_RELEVANT 000cdb1509b83f2cb4bcbe0b37d81415
ACTION SNIPPET 1200 344 SNIPPET_RELEVANT f176e10e4df387e4372daf223e1ffae5
ACTION DOC 1200 364 EXAMINING_DOCUMENT f176e10e4df387e4372daf223e1ffae5
ACTION MARK 1200 367 CONSIDERED_RELEVANT f176e10e4df387e4372daf223e1ffae5
ACTION SNIPPET 1200 367 SNIPPET_RELEVANT be34219a-b5ac-11e3-8cb6-284052554d74
ACTION DOC 1200 387 EXAMINING_DOCUMENT be34219a-b5ac-11e3-8cb6-284052554d74
ACTION MARK 1200 390 CONSIDERED_RELEVANT be34219a-b5ac-11e3-8cb6-284052554d74
ACTION QUERY 1200 400 federal wage boost
ACTION SERP 1200 405 EXAMINE_SERP
ACTION SNIPPET 1200 405 SNIPPET_RELEVANT 666b26215e86a684691c852a7f4e1485
ACTION DOC 1200 425 EXAMINING_DOCUMENT 666b26215e86a684691c852a7f4e1485
ACTION MARK 1200 428 CONSIDERED_RELEVANT 666b26215e86a684691c852a7f4e1485
ACTION SNIPPET 1200 428 SNIPPET_RELEVANT f7994b34-87cd-11e3-916e-e01534b1e132
ACTION DOC 1200 448 EXAMINING_DOCUMENT f7994b34-87cd-11e3-916e-e01534b1e132
ACTION MARK 1200 451 CONSIDERED_RELEVANT f7994b34-87cd-11e3-916e-e01534b1e132
ACTION SNIPPET 1200 451 SNIPPET_RELEVANT f5d3c7d2eeec58af59b6b03a05c6610a
ACTION DOC 1200 471 EXAMINING_DOCUMENT f5d3c7d2eeec58af59b6b03a05c6610a
ACTION MARK 1200 474 CONSIDERED_RELEVANT f5d3c7d2eeec58af59b6b03a05c6610a
ACTION SNIPPET 1200 474 SNIPPET_RELEVANT 321529c957510ec6b6ec9afa5ded8ca7
ACTION DOC 1200 494 EXAMINING_DOCUMENT 321529c957510ec6b6ec9afa5ded8ca7
ACTION MARK 1200 497 CONSIDERED_RELEVANT 321529c957510ec6b6ec9afa5ded8ca7
ACTION SNIPPET 1200 497 SNIPPET_RELEVANT 69746d42-a5a0-11e4-a06b-9df2002b86a0
ACTION DOC 1200 517 EXAMINING_DOCUMENT 69746d42-a5a0-11e4-a06b-9df2002b86a0
ACTION SNIPPET 1200 517 SNIPPET_RELEVANT bfd41b8e-fcb2-11e3-b1f4-8e77c632c07b
ACTION DOC 1200 537 EXAMINING_DOCUMENT bfd41b8e-fcb2-11e3-b1f4-8e77c632c07b
ACTION QUERY 1200 547 increase minimum wage
ACTION SERP 1200 552 EXAMINE_SERP
ACTION SNIPPET 1200 552 SNIPPET_RELEVANT 02543bd104e494ae881997102fbfc3f4
ACTION DOC 1200 572 EXAMINING_DOCUMENT 02543bd104e494ae881997102fbfc3f4
ACTION MARK 1200 575 CONSIDERED_RELEVANT 02543bd104e494ae881997102fbfc3f4
ACTION SNIPPET 1200 575 SNIPPET_RELEVANT 2a79762a7546e4086f174c4038ae9ce4
ACTION DOC 1200 595 EXAMINING_DOCUMENT 2a79762a7546e4086f174c4038ae9ce4
ACTION MARK 1200 598 CONSIDERED_RELEVANT 2a79762a7546e4086f174c4038ae9ce4
ACTION SNIPPET 1200 598 SNIPPET_RELEVANT a097ea5166396153893626e83bf0341b
ACTION DOC 1200 618 EXAMINING_DOCUMENT a097ea5166396153893626e83bf0341b
ACTION MARK 1200 621 CONSIDERED_RELEVANT a097ea5166396153893626e83bf0341b
ACTION SNIPPET 1200 621 SNIPPET_RELEVANT a47aba212aba9c31656e2f4de000cc09
ACTION DOC 1200 641 EXAMINING_DOCUMENT a47aba212aba9c31656e2f4de000cc09
ACTION MARK 1200 644 CONSIDERED_RELEVANT a47aba212aba9c31656e2f4de000cc09
ACTION SNIPPET 1200 644 SNIPPET_RELEVANT e1932966146f7b803e95383ea15a496f
ACTION DOC 1200 664 EXAMINING_DOCUMENT e1932966146f7b803e95383ea15a496f
ACTION MARK 1200 667 CONSIDERED_RELEVANT e1932966146f7b803e95383ea15a496f
ACTION QUERY 1200 677 wage law changes
ACTION SERP 1200 682 EXAMINE_SERP
ACTION SNIPPET 1200 682 SEEN_PREVIOUSLY 2a79762a7546e4086f174c4038ae9ce4
ACTION SNIPPET 1200 682 SNIPPET_RELEVANT 9c7e8cac-a332-11e3-a5fa-55f0c77bf39c
ACTION DOC 1200 702 EXAMINING_DOCUMENT 9c7e8cac-a332-11e3-a5fa-55f0c77bf39c
ACTION MARK 1200 705 CONSIDERED_RELEVANT 9c7e8cac-a332-11e3-a5fa-55f0c77bf39c
ACTION SNIPPET 1200 705 SEEN_PREVIOUSLY 02543bd104e494ae881997102fbfc3f4
ACTION SNIPPET 1200 705 SNIPPET_RELEVANT 284d063a-903d-11e4-a900-9960214d4cd7
ACTION DOC 1200 725 EXAMINING_DOCUMENT 284d063a-903d-11e4-a900-9960214d4cd7
ACTION SNIPPET 1200 725 SNIPPET_RELEVANT 785d7537a98f6c5f42f4d73c079dd961
ACTION DOC 1200 745 EXAMINING_DOCUMENT 785d7537a98f6c5f42f4d73c079dd961
ACTION MARK 1200 748 CONSIDERED_RELEVANT 785d7537a98f6c5f42f4d73c079dd961
ACTION SNIPPET 1200 748 SNIPPET_RELEVANT 8b8a9a73986d835031cd457199c3d401
ACTION DOC 1200 768 EXAMINING_DOCUMENT 8b8a9a73986d835031cd457199c3d401
ACTION MARK 1200 771 CONSIDERED_RELEVANT 8b8a9a73986d835031cd457199c3d401
ACTION SNIPPET 1200 771 SNIPPET_RELEVANT 4950838c-62f8-11e5-9757-e49273f05f65
ACTION DOC 1200 791 EXAMINING_DOCUMENT 4950838c-62f8-11e5-9757-e49273f05f65
ACTION SNIPPET 1200 791 SNIPPET_RELEVANT 3c4fd804f3e6e968ce20de4e18ceaa53
ACTION DOC 1200 811 EXAMINING_DOCUMENT 3c4fd804f3e6e968ce20de4e18ceaa53
ACTION MARK 1200 814 CONSIDERED_RELEVANT 3c4fd804f3e6e968ce20de4e18ceaa53
ACTION QUERY 1200 824 minimum pay rise
ACTION SERP 1200 829 EXAMINE_SERP
ACTION SNIPPET 1200 829 SNIPPET_RELEVANT b944832e-8531-11e3-8099-9181471f7aaf
ACTION DOC 1200 849 EXAMINING_DOCUMENT b944832e-8531-11e3-8099-9181471f7aaf
ACTION SNIPPET 1200 849 SNIPPET_RELEVANT 5b63acb6-7c6e-11e2-a044-676856536b40
ACTION DOC 1200 869 EXAMINING_DOCUMENT 5b63acb6-7c6e-11e2-a044-676856536b40
ACTION MARK 1200 872 CONSIDERED_RELEVANT 5b63acb6-7c6e-11e2-a044-676856536b40
ACTION SNIPPET 1200 872 SNIPPET_RELEVANT bec12a19204ff2ad860db26a6028c448
ACTION DOC 1200 892 EXAMINING_DOCUMENT bec12a19204ff2ad860db26a6028c448
ACTION MARK 1200 895 CONSIDERED_RELEVANT bec12a19204ff2ad860db26a6028c448
ACTION SNIPPET 1200 895 SNIPPET_RELEVANT 391c3358-1fa5-11e5-aeb9-a411a84c9d55
ACTION DOC 1200 915 EXAMINING_DOCUMENT 391c3358-1fa5-11e5-aeb9-a411a84c9d55
ACTION SNIPPET 1200 915 SNIPPET_RELEVANT b0be8086-dc99-11e4-a500-1c5bb1d8ff6a
ACTION DOC 1200 935 EXAMINING_DOCUMENT b0be8086-dc99-11e4-a500-1c5bb1d8ff6a
ACTION SNIPPET 1200 935 SNIPPET_RELEVANT 902257fa-ca64-11e3-93eb-6c0037dde2ad
ACTION DOC 1200 955 EXAMINING_DOCUMENT 902257fa-ca64-11e3-93eb-6c0037dde2ad
ACTION QUERY 1200 965 federal labor laws
ACTION SERP 1200 970 EXAMINE_SERP
ACTION SNIPPET 1200 970 SNIPPET_RELEVANT b139e2d01c83b2d3ffebcfff66d552fe
ACTION DOC 1200 990 EXAMINING_DOCUMENT b139e2d01c83b2d3ffebcfff66d552fe
ACTION SNIPPET 1200 990 SNIPPET_RELEVANT 2e58839b9ee9593a019accae43524b8b
ACTION DOC 1200 1010 EXAMINING_DOCUMENT 2e58839b9ee9593a019accae43524b8b
ACTION SNIPPET 1200 1010 SNIPPET_RELEVANT 84c6566a283838252f2b111df715e5ed
ACTION DOC 1200 1030 EXAMINING_DOCUMENT 84c6566a283838252f2b111df715e5ed
ACTION MARK 1200 1033 CONSIDERED_RELEVANT 84c6566a283838252f2b111df715e5ed
ACTION SNIPPET 1200 1033 SNIPPET_RELEVANT 8617c37c-4642-11e3-b6f8-3782ff6cb769
ACTION DOC 1200 1053 EXAMINING_DOCUMENT 8617c37c-4642-11e3-b6f8-3782ff6cb769
ACTION SNIPPET 1200 1053 SNIPPET_RELEVANT 287bda86-3eee-11e5-9443-3ef23099398b
ACTION DOC 1200 1073 EXAMINING_DOCUMENT 287bda86-3eee-11e5-9443-3ef23099398b
ACTION MARK 1200 1076 CONSIDERED_RELEVANT 287bda86-3eee-11e5-9443-3ef23099398b
ACTION SNIPPET 1200 1076 SNIPPET_RELEVANT c7daaf2392316d6d801462e5e3d05bcd
ACTION DOC 1200 1096 EXAMINING_DOCUMENT c7daaf2392316d6d801462e5e3d05bcd
ACTION QUERY 1200 1106 wage reform updates
ACTION SERP 1200 1111 EXAMINE_SERP
ACTION SNIPPET 1200 1111 SNIPPET_RELEVANT af78da80-e98b-11e2-a301-ea5a8116d211
ACTION DOC 1200 1131 EXAMINING_DOCUMENT af78da80-e98b-11e2-a301-ea5a8116d211
ACTION MARK 1200 1134 CONSIDERED_RELEVANT af78da80-e98b-11e2-a301-ea5a8116d211
ACTION SNIPPET 1200 1134 SNIPPET_RELEVANT facf61f4167e37da447b6bcef8a5677a
ACTION DOC 1200 1154 EXAMINING_DOCUMENT facf61f4167e37da447b6bcef8a5677a
ACTION MARK 1200 1157 CONSIDERED_RELEVANT facf61f4167e37da447b6bcef8a5677a
ACTION SNIPPET 1200 1157 SNIPPET_RELEVANT 30db31f6-0576-11e5-a428-c984eb077d4e
ACTION DOC 1200 1177 EXAMINING_DOCUMENT 30db31f6-0576-11e5-a428-c984eb077d4e
ACTION SNIPPET 1200 1177 SNIPPET_RELEVANT 905ef96fc60d1c6db373cad55b62db7e
ACTION DOC 1200 1197 EXAMINING_DOCUMENT 905ef96fc60d1c6db373cad55b62db7e
ACTION SNIPPET 1200 1197 SNIPPET_RELEVANT 606ccd4c-661b-11e6-be4e-23fc4d4d12b4
ACTION DOC 1200 1217 EXAMINING_DOCUMENT 606ccd4c-661b-11e6-be4e-23fc4d4d12b4
INFO SUMMARY 
INFO TOTAL_QUERIES_ISSUED 9
INFO TOTAL_SNIPPETS_EXAMINED 52
INFO TOTAL_DOCUMENTS_EXAMINED 49
INFO TOTAL_DOCUMENTS_MARKED_RELEVANT 34
INFO TOTAL_ATTRACTIVE_SERP_IMPRESSIONS 9
INFO TOTAL_UNATTRACTIVE_SERP_IMPRESSIONS 0
