ACTION START 1200 0 START
ACTION QUERY 1200 10 Alan Gross released
ACTION SERP 1200 15 EXAMINE_SERP
ACTION SNIPPET 1200 15 SNIPPET_RELEVANT 069e4520-3e33-11e2-ae43-cf491b837f7b
ACTION DOC 1200 35 EXAMINING_DOCUMENT 069e4520-3e33-11e2-ae43-cf491b837f7b
ACTION SNIPPET 1200 35 SNIPPET_RELEVANT 381eb70e6c6918ac4e811367f016877d
ACTION DOC 1200 55 EXAMINING_DOCUMENT 381eb70e6c6918ac4e811367f016877d
ACTION MARK 1200 58 CONSIDERED_RELEVANT 381eb70e6c6918ac4e811367f016877d
ACTION SNIPPET 1200 58 SNIPPET_RELEVANT ffee0314-3f0e-11e2-ae43-cf491b837f7b
ACTION DOC 1200 78 EXAMINING_DOCUMENT ffee0314-3f0e-11e2-ae43-cf491b837f7b
ACTION SNIPPET 1200 78 SNIPPET_RELEVANT e0a2794e-fc34-11e1-a31e-804fccb658f9
ACTION DOC 1200 98 EXAMINING_DOCUMENT e0a2794e-fc34-11e1-a31e-804fccb658f9
ACTION SNIPPET 1200 98 SNIPPET_RELEVANT e257c56e-8607-11e4-9534-f79a23c40e6c
ACTION DOC 1200 118 EXAMINING_DOCUMENT e257c56e-8607-11e4-9534-f79a23c40e6c
ACTION MARK 1200 121 CONSIDERED_RELEVANT e257c56e-8607-11e4-9534-f79a23c40e6c
ACTION SNIPPET 1200 121 SNIPPET_RELEVANT e23de2f4-8b91-11e4-a085-34e9b9f09a58
ACTION DOC 1200 141 EXAMINING_DOCUMENT e23de2f4-8b91-11e4-a085-34e9b9f09a58
ACTION MARK 1200 144 CONSIDERED_RELEVANT e23de2f4-8b91-11e4-a085-34e9b9f09a58
ACTION QUERY 1200 154 Cuba prisoner exchange
ACTION SERP 1200 159 EXAMINE_SERP
ACTION SNIPPET 1200 159 SNIPPET_RELEVANT 7e3d5d68e685850c9d63d52a5d681c3a
ACTION DOC 1200 179 EXAMINING_DOCUMENT 7e3d5d68e685850c9d63d52a5d681c3a
ACTION MARK 1200 182 CONSIDERED_RELEVANT 7e3d5d68e685850c9d63d52a5d681c3a
ACTION SNIPPET 1200 182 SNIPPET_RELEVANT bdd86fa4-97b4-11e4-8005-1924ede3e54a
ACTION DOC 1200 202 EXAMINING_DOCUMENT bdd86fa4-97b4-11e4-8005-1924ede3e54a
ACTION SNIPPET 1200 202 SNIPPET_RELEVANT a21c5496-bb91-11e4-9dfb-03366e719af8
ACTION DOC 1200 222 EXAMINING_DOCUMENT a21c5496-bb91-11e4-9dfb-03366e719af8
ACTION SNIPPET 1200 222 SNIPPET_RELEVANT a3b374c4-8612-11e4-a702-fa31ff4ae98e
ACTION DOC 1200 242 EXAMINING_DOCUMENT a3b374c4-8612-11e4-a702-fa31ff4ae98e
ACTION SNIPPET 1200 242 SEEN_PREVIOUSLY ffee0314-3f0e-11e2-ae43-cf491b837f7b
ACTION SNIPPET 1200 242 SNIPPET_RELEVANT 931e4ff6-eef5-11e5-89c3-a647fcce95e0
ACTION DOC 1200 262 EXAMINING_DOCUMENT 931e4ff6-eef5-11e5-89c3-a647fcce95e0
ACTION SNIPPET 1200 262 SNIPPET_RELEVANT 5b891ba2-1b6a-11e5-bd7f-4611a60dd8e5
ACTION DOC 1200 282 EXAMINING_DOCUMENT 5b891ba2-1b6a-11e5-bd7f-4611a60dd8e5
ACTION QUERY 1200 292 Gross Cuba release
ACTION SERP 1200 297 EXAMINE_SERP
ACTION SNIPPET 1200 297 SEEN_PREVIOUSLY e0a2794e-fc34-11e1-a31e-804fccb658f9
ACTION SNIPPET 1200 297 SNIPPET_RELEVANT 6510294e-5b46-11e3-a49b-90a0e156254b
ACTION DOC 1200 317 EXAMINING_DOCUMENT 6510294e-5b46-11e3-a49b-90a0e156254b
ACTION SNIPPET 1200 317 SNIPPET_RELEVANT 99c2fde82f52b42142d3f512c1b3d2a4
ACTION DOC 1200 337 EXAMINING_DOCUMENT 99c2fde82f52b42142d3f512c1b3d2a4
ACTION SNIPPET 1200 337 SEEN_PREVIOUSLY 069e4520-3e33-11e2-ae43-cf491b837f7b
ACTION SNIPPET 1200 337 SNIPPET_RELEVANT df878826-0c09-11e2-a310-2363842b7057
ACTION DOC 1200 357 EXAMINING_DOCUMENT df878826-0c09-11e2-a310-2363842b7057
ACTION SNIPPET 1200 357 SEEN_PREVIOUSLY 381eb70e6c6918ac4e811367f016877d
ACTION SNIPPET 1200 357 SEEN_PREVIOUSLY ffee0314-3f0e-11e2-ae43-cf491b837f7b
ACTION SNIPPET 1200 357 SNIPPET_RELEVANT 3ef816d89dc6459a2aacd01841426799
ACTION DOC 1200 377 EXAMINING_DOCUMENT 3ef816d89dc6459a2aacd01841426799
ACTION SNIPPET 1200 377 SNIPPET_RELEVANT a2840518-85f5-11e4-a702-fa31ff4ae98e
ACTION DOC 1200 397 EXAMINING_DOCUMENT a2840518-85f5-11e4-a702-fa31ff4ae98e
ACTION MARK 1200 400 CONSIDERED_RELEVANT a2840518-85f5-11e4-a702-fa31ff4ae98e
ACTION SNIPPET 1200 400 SNIPPET_RELEVANT e19422d1710bf997024c9da25242cd8a
ACTION DOC 1200 420 EXAMINING_DOCUMENT e19422d1710bf997024c9da25242cd8a
ACTION QUERY 1200 430 USAID contractor freed
ACTION SERP 1200 435 EXAMINE_SERP
ACTION SNIPPET 1200 435 SNIPPET_RELEVANT e6988f7a-3a0f-11e5-b3ac-8a79bc44e5e2
ACTION DOC 1200 455 EXAMINING_DOCUMENT e6988f7a-3a0f-11e5-b3ac-8a79bc44e5e2
ACTION SNIPPET 1200 455 SNIPPET_RELEVANT 92c2723a-d539-11e3-95d3-3bcd77cd4e11
ACTION DOC 1200 475 EXAMINING_DOCUMENT 92c2723a-d539-11e3-95d3-3bcd77cd4e11
ACTION SNIPPET 1200 475 SNIPPET_RELEVANT 0cafe16a-a599-11e4-a2b2-776095f393b2
ACTION DOC 1200 495 EXAMINING_DOCUMENT 0cafe16a-a599-11e4-a2b2-776095f393b2
ACTION SNIPPET 1200 495 SEEN_PREVIOUSLY e23de2f4-8b91-11e4-a085-34e9b9f09a58
ACTION SNIPPET 1200 495 SNIPPET_RELEVANT 10d49d06601b5bb755edef65ccf47adb
ACTION DOC 1200 515 EXAMINING_DOCUMENT 10d49d06601b5bb755edef65ccf47adb
ACTION SNIPPET 1200 515 SNIPPET_RELEVANT e1ee5559ba963e734d1796f2e536423a
ACTION DOC 1200 535 EXAMINING_DOCUMENT e1ee5559ba963e734d1796f2e536423a
ACTION SNIPPET 1200 535 SNIPPET_RELEVANT 565fe7d0-84f1-11e2-98a3-b3db6b9ac586
ACTION DOC 1200 555 EXAMINING_DOCUMENT 565fe7d0-84f1-11e2-98a3-b3db6b9ac586
ACTION QUERY 1200 565 Cuban prison release
ACTION SERP 1200 570 EXAMINE_SERP
ACTION SNIPPET 1200 570 SNIPPET_RELEVANT 21afe738-951b-11e4-aabd-d0b93ff613d5
ACTION DOC 1200 590 EXAMINING_DOCUMENT 21afe738-951b-11e4-aabd-d0b93ff613d5
ACTION SNIPPET 1200 590 SNIPPET_RELEVANT 70440abe-9a61-11e4-a7ee-526210d665b4
ACTION DOC 1200 610 EXAMINING_DOCUMENT 70440abe-9a61-11e4-a7ee-526210d665b4
ACTION SNIPPET 1200 610 SNIPPET_RELEVANT 896a73cba252280f805267293a7b684b
ACTION DOC 1200 630 EXAMINING_DOCUMENT 896a73cba252280f805267293a7b684b
ACTION SNIPPET 1200 630 SEEN_PREVIOUSLY 3ef816d89dc6459a2aacd01841426799
ACTION SNIPPET 1200 630 SNIPPET_RELEVANT 108b2fb5517e773cac998440831b47e6
ACTION DOC 1200 650 EXAMINING_DOCUMENT 108b2fb5517e773cac998440831b47e6
ACTION SNIPPET 1200 650 SNIPPET_RELEVANT 1e6fd3f57a026cbcbb9c335fa3aae114
ACTION DOC 1200 670 EXAMINING_DOCUMENT 1e6fd3f57a026cbcbb9c335fa3aae114
ACTION MARK 1200 673 CONSIDERED_RELEVANT 1e6fd3f57a026cbcbb9c335fa3aae114
ACTION SNIPPET 1200 673 SEEN_PREVIOUSLY e23de2f4-8b91-11e4-a085-34e9b9f09a58
ACTION SNIPPET 1200 673 SNIPPET_RELEVANT b6fd9c92dc01054ce3795fa44e92e42e
ACTION DOC 1200 693 EXAMINING_DOCUMENT b6fd9c92dc01054ce3795fa44e92e42e
ACTION MARK 1200 696 CONSIDERED_RELEVANT b6fd9c92dc01054ce3795fa44e92e42e
ACTION QUERY 1200 706 Alan Gross freedom
ACTION SERP 1200 711 EXAMINE_SERP
ACTION SNIPPET 1200 711 SNIPPET_RELEVANT bd1e6cc8d7525fec36a717be45638bf4
ACTION DOC 1200 731 EXAMINING_DOCUMENT bd1e6cc8d7525fec36a717be45638bf4
ACTION MARK 1200 734 CONSIDERED_RELEVANT bd1e6cc8d7525fec36a717be45638bf4
ACTION SNIPPET 1200 734 SEEN_PREVIOUSLY 3ef816d89dc6459a2aacd01841426799
ACTION SNIPPET 1200 734 SNIPPET_RELEVANT 2435768a-a389-11e5-b53d-972e2751f433
ACTION DOC 1200 754 EXAMINING_DOCUMENT 2435768a-a389-11e5-b53d-972e2751f433
ACTION SNIPPET 1200 754 SEEN_PREVIOUSLY b6fd9c92dc01054ce3795fa44e92e42e
ACTION SNIPPET 1200 754 SNIPPET_RELEVANT 3deff1ea-8353-11e1-b088-8660630b7284
ACTION DOC 1200 774 EXAMINING_DOCUMENT 3deff1ea-8353-11e1-b088-8660630b7284
ACTION SNIPPET 1200 774 SNIPPET_RELEVANT 9a5676e4-be92-11e3-bcec-b71ee10e9bc3
ACTION DOC 1200 794 EXAMINING_DOCUMENT 9a5676e4-be92-11e3-bcec-b71ee10e9bc3
ACTION SNIPPET 1200 794 SEEN_PREVIOUSLY e19422d1710bf997024c9da25242cd8a
ACTION SNIPPET 1200 794 SEEN_PREVIOUSLY 6510294e-5b46-11e3-a49b-90a0e156254b
ACTION SNIPPET 1200 794 SEEN_PREVIOUSLY e257c56e-8607-11e4-9534-f79a23c40e6c
ACTION SNIPPET 1200 794 SEEN_PREVIOUSLY 381eb70e6c6918ac4e811367f016877d
ACTION SNIPPET 1200 794 SNIPPET_RELEVANT 964e39fbba85dabcb29855ac95f2a042
ACTION DOC 1200 814 EXAMINING_DOCUMENT 964e39fbba85dabcb29855ac95f2a042
ACTION SNIPPET 1200 814 SEEN_PREVIOUSLY 069e4520-3e33-11e2-ae43-cf491b837f7b
ACTION SNIPPET 1200 814 SEEN_PREVIOUSLY ffee0314-3f0e-11e2-ae43-cf491b837f7b
ACTION SNIPPET 1200 814 SEEN_PREVIOUSLY e0a2794e-fc34-11e1-a31e-804fccb658f9
ACTION SNIPPET 1200 814 SNIPPET_RELEVANT 21c7cb88-8624-11e4-b9b7-b8632ae73d25
ACTION DOC 1200 834 EXAMINING_DOCUMENT 21c7cb88-8624-11e4-b9b7-b8632ae73d25
ACTION MARK 1200 837 CONSIDERED_RELEVANT 21c7cb88-8624-11e4-b9b7-b8632ae73d25
ACTION QUERY 1200 847 US Cuba prisoner swap
ACTION SERP 1200 852 EXAMINE_SERP
ACTION SNIPPET 1200 852 SEEN_PREVIOUSLY ffee0314-3f0e-11e2-ae43-cf491b837f7b
ACTION SNIPPET 1200 852 SNIPPET_RELEVANT c52312b0-ea7f-11e3-b10e-5090cf3b5958
ACTION DOC 1200 872 EXAMINING_DOCUMENT c52312b0-ea7f-11e3-b10e-5090cf3b5958
ACTION SNIPPET 1200 872 SEEN_PREVIOUSLY bdd86fa4-97b4-11e4-8005-1924ede3e54a
ACTION SNIPPET 1200 872 SNIPPET_RELEVANT 088e118c6cfa54aae7265d1b065c1870
ACTION DOC 1200 892 EXAMINING_DOCUMENT 088e118c6cfa54aae7265d1b065c1870
ACTION SNIPPET 1200 892 SEEN_PREVIOUSLY 896a73cba252280f805267293a7b684b
ACTION SNIPPET 1200 892 SNIPPET_RELEVANT c51b3ed8-8614-11e4-a702-fa31ff4ae98e
ACTION DOC 1200 912 EXAMINING_DOCUMENT c51b3ed8-8614-11e4-a702-fa31ff4ae98e
ACTION MARK 1200 915 CONSIDERED_RELEVANT c51b3ed8-8614-11e4-a702-fa31ff4ae98e
ACTION SNIPPET 1200 915 SNIPPET_RELEVANT a9d074eff701bc55a20a3dfdab88a42f
ACTION DOC 1200 935 EXAMINING_DOCUMENT a9d074eff701bc55a20a3dfdab88a42f
ACTION SNIPPET 1200 935 SNIPPET_RELEVANT 563736b08557cbdf3829cf20d57cb410
ACTION DOC 1200 955 EXAMINING_DOCUMENT 563736b08557cbdf3829cf20d57cb410
ACTION SNIPPET 1200 955 SEEN_PREVIOUSLY a2840518-85f5-11e4-a702-fa31ff4ae98e
ACTION SNIPPET 1200 955 SNIPPET_RELEVANT b8d01242-86f1-11e4-b9b7-b8632ae73d25
ACTION DOC 1200 975 EXAMINING_DOCUMENT b8d01242-86f1-11e4-b9b7-b8632ae73d25
ACTION QUERY 1200 985 Gross imprisonment end
ACTION SERP 1200 990 EXAMINE_SERP
ACTION SNIPPET 1200 990 SEEN_PREVIOUSLY 964e39fbba85dabcb29855ac95f2a042
ACTION SNIPPET 1200 990 SEEN_PREVIOUSLY e0a2794e-fc34-11e1-a31e-804fccb658f9
ACTION SNIPPET 1200 990 SEEN_PREVIOUSLY 6510294e-5b46-11e3-a49b-90a0e156254b
ACTION SNIPPET 1200 990 SEEN_PREVIOUSLY df878826-0c09-11e2-a310-2363842b7057
ACTION SNIPPET 1200 990 SEEN_PREVIOUSLY e257c56e-8607-11e4-9534-f79a23c40e6c
ACTION SNIPPET 1200 990 SEEN_PREVIOUSLY bd1e6cc8d7525fec36a717be45638bf4
ACTION SNIPPET 1200 990 SNIPPET_RELEVANT c9ccd178-7c3c-11e2-a044-676856536b40
ACTION DOC 1200 1010 EXAMINING_DOCUMENT c9ccd178-7c3c-11e2-a044-676856536b40
ACTION SNIPPET 1200 1010 SEEN_PREVIOUSLY 2435768a-a389-11e5-b53d-972e2751f433
ACTION SNIPPET 1200 1010 SNIPPET_RELEVANT 9cec7aeccb0974c7975b3d4807b0ec56
ACTION DOC 1200 1030 EXAMINING_DOCUMENT 9cec7aeccb0974c7975b3d4807b0ec56
ACTION SNIPPET 1200 1030 SEEN_PREVIOUSLY a2840518-85f5-11e4-a702-fa31ff4ae98e
ACTION SNIPPET 1200 1030 SNIPPET_RELEVANT 419c57be-c6bd-11e5-9693-933a4d31bcc8
ACTION DOC 1200 1050 EXAMINING_DOCUMENT 419c57be-c6bd-11e5-9693-933a4d31bcc8
ACTION SNIPPET 1200 1050 SNIPPET_RELEVANT b9cb8030fba501f3755e1ed0c2219c0b
ACTION DOC 1200 1070 EXAMINING_DOCUMENT b9cb8030fba501f3755e1ed0c2219c0b
ACTION SNIPPET 1200 1070 SEEN_PREVIOUSLY ffee0314-3f0e-11e2-ae43-cf491b837f7b
ACTION SNIPPET 1200 1070 SNIPPET_RELEVANT b35fbc5b3a2184b4156d19369b1f692c
ACTION DOC 1200 1090 EXAMINING_DOCUMENT b35fbc5b3a2184b4156d19369b1f692c
ACTION SNIPPET 1200 1090 SEEN_PREVIOUSLY c51b3ed8-8614-11e4-a702-fa31ff4ae98e
ACTION SNIPPET 1200 1090 SNIPPET_RELEVANT d20cc2c6c85cc44e6465c8e115cd2de7
ACTION DOC 1200 1110 EXAMINING_DOCUMENT d20cc2c6c85cc44e6465c8e115cd2de7
ACTION MARK 1200 1113 CONSIDERED_RELEVANT d20cc2c6c85cc44e6465c8e115cd2de7
ACTION QUERY 1200 1123 Cuba US relations
ACTION SERP 1200 1128 EXAMINE_SERP
ACTION SNIPPET 1200 1128 SEEN_PREVIOUSLY 99c2fde82f52b42142d3f512c1b3d2a4
ACTION SNIPPET 1200 1128 SNIPPET_RELEVANT 0a4b8146-544b-11e7-840b-512026319da7
ACTION DOC 1200 1148 EXAMINING_DOCUMENT 0a4b8146-544b-11e7-840b-512026319da7
ACTION SNIPPET 1200 1148 SNIPPET_RELEVANT 8e7efbae9a49c9301c683781ebe738cc
ACTION DOC 1200 1168 EXAMINING_DOCUMENT 8e7efbae9a49c9301c683781ebe738cc
ACTION MARK 1200 1171 CONSIDERED_RELEVANT 8e7efbae9a49c9301c683781ebe738cc
ACTION SNIPPET 1200 1171 SNIPPET_RELEVANT 5db06507054a9f8ed7d59effa4fac120
ACTION DOC 1200 1191 EXAMINING_DOCUMENT 5db06507054a9f8ed7d59effa4fac120
ACTION SNIPPET 1200 1191 SNIPPET_RELEVANT 01b65de2-c737-11e4-b2a1-bed1aaea2816
ACTION DOC 1200 1211 EXAMINING_DOCUMENT 01b65de2-c737-11e4-b2a1-bed1aaea2816
INFO SUMMARY 
INFO TOTAL_QUERIES_ISSUED 9
INFO TOTAL_SNIPPETS_EXAMINED 84
INFO TOTAL_DOCUMENTS_EXAMINED 52
INFO TOTAL_DOCUMENTS_MARKED_RELEVANT 12
INFO TOTAL_ATTRACTIVE_SERP_IMPRESSIONS 9
INFO TOTAL_UNATTRACTIVE_SERP_IMPRESSIONS 0
