ACTION START 1200 0 START
ACTION QUERY 1200 10 tunnel accidents
ACTION SERP 1200 15 EXAMINE_SERP
ACTION SNIPPET 1200 15 SNIPPET_RELEVANT 2f965c6f567ebf4a4602219d9a77baae
ACTION DOC 1200 35 EXAMINING_DOCUMENT 2f965c6f567ebf4a4602219d9a77baae
ACTION MARK 1200 38 CONSIDERED_RELEVANT 2f965c6f567ebf4a4602219d9a77baae
ACTION SNIPPET 1200 38 SNIPPET_RELEVANT 3ac36cba005e8e635395f91e5e090621
ACTION DOC 1200 58 EXAMINING_DOCUMENT 3ac36cba005e8e635395f91e5e090621
ACTION MARK 1200 61 CONSIDERED_RELEVANT 3ac36cba005e8e635395f91e5e090621
ACTION SNIPPET 1200 61 SNIPPET_RELEVANT da7d4b3a49bafa2120bbe336fe529161
ACTION DOC 1200 81 EXAMINING_DOCUMENT da7d4b3a49bafa2120bbe336fe529161
ACTION MARK 1200 84 CONSIDERED_RELEVANT da7d4b3a49bafa2120bbe336fe529161
ACTION SNIPPET 1200 84 SNIPPET_RELEVANT e9e217d896890084d215dd3d47d674a8
ACTION DOC 1200 104 EXAMINING_DOCUMENT e9e217d896890084d215dd3d47d674a8
ACTION MARK 1200 107 CONSIDERED_RELEVANT e9e217d896890084d215dd3d47d674a8
ACTION SNIPPET 1200 107 SNIPPET_RELEVANT aeb4e3ec72dff943e1182842e5429b1e
ACTION DOC 1200 127 EXAMINING_DOCUMENT aeb4e3ec72dff943e1182842e5429b1e
ACTION MARK 1200 130 CONSIDERED_RELEVANT aeb4e3ec72dff943e1182842e5429b1e
ACTION QUERY 1200 140 transportation disasters
ACTION SERP 1200 145 EXAMINE_SERP
ACTION SNIPPET 1200 145 SNIPPET_RELEVANT 4b6b7f53d12e7b327c53eea0f41a67b2
ACTION DOC 1200 165 EXAMINING_DOCUMENT 4b6b7f53d12e7b327c53eea0f41a67b2
ACTION MARK 1200 168 CONSIDERED_RELEVANT 4b6b7f53d12e7b327c53eea0f41a67b2
ACTION SNIPPET 1200 168 SNIPPET_RELEVANT 9e8a0112-8731-11e1-89af-d6178d1c1a12
ACTION DOC 1200 188 EXAMINING_DOCUMENT 9e8a0112-8731-11e1-89af-d6178d1c1a12
ACTION SNIPPET 1200 188 SNIPPET_RELEVANT 39d6b16e-1bdf-11e2-ba31-3083ca97c314
ACTION DOC 1200 208 EXAMINING_DOCUMENT 39d6b16e-1bdf-11e2-ba31-3083ca97c314
ACTION SNIPPET 1200 208 SNIPPET_RELEVANT 2686c2d4-2b2c-11e5-bd33-395c05608059
ACTION DOC 1200 228 EXAMINING_DOCUMENT 2686c2d4-2b2c-11e5-bd33-395c05608059
ACTION SNIPPET 1200 228 SNIPPET_RELEVANT f34b7bd8004c900a605cdc9d353bac8c
ACTION DOC 1200 248 EXAMINING_DOCUMENT f34b7bd8004c900a605cdc9d353bac8c
ACTION MARK 1200 251 CONSIDERED_RELEVANT f34b7bd8004c900a605cdc9d353bac8c
ACTION SNIPPET 1200 251 SNIPPET_RELEVANT b1bf1466-fb28-11e4-a47c-e56f4db884ed
ACTION DOC 1200 271 EXAMINING_DOCUMENT b1bf1466-fb28-11e4-a47c-e56f4db884ed
ACTION QUERY 1200 281 Washington D.C. traffic incidents
ACTION SERP 1200 286 EXAMINE_SERP
ACTION SNIPPET 1200 286 SNIPPET_RELEVANT d40843b52f5dc343bed54bb70bbfdafb
ACTION DOC 1200 306 EXAMINING_DOCUMENT d40843b52f5dc343bed54bb70bbfdafb
ACTION SNIPPET 1200 306 SNIPPET_RELEVANT 690c94ac-98f8-11e3-b931-0204122c514b
ACTION DOC 1200 326 EXAMINING_DOCUMENT 690c94ac-98f8-11e3-b931-0204122c514b
ACTION MARK 1200 329 CONSIDERED_RELEVANT 690c94ac-98f8-11e3-b931-0204122c514b
ACTION SNIPPET 1200 329 SNIPPET_RELEVANT 040456bf5dc6ef9d717104c7ad3e03c3
ACTION DOC 1200 349 EXAMINING_DOCUMENT 040456bf5dc6ef9d717104c7ad3e03c3
ACTION MARK 1200 352 CONSIDERED_RELEVANT 040456bf5dc6ef9d717104c7ad3e03c3
ACTION SNIPPET 1200 352 SNIPPET_RELEVANT 693606d4-9263-11e3-b46a-5a3d0d2130da
ACTION DOC 1200 372 EXAMINING_DOCUMENT 693606d4-9263-11e3-b46a-5a3d0d2130da
ACTION SNIPPET 1200 372 SNIPPET_RELEVANT 758980c241359107af114c889e5e193d
ACTION DOC 1200 392 EXAMINING_DOCUMENT 758980c241359107af114c889e5e193d
ACTION SNIPPET 1200 392 SNIPPET_RELEVANT 22725460b08ae347efa6a3df8bfb4816
ACTION DOC 1200 412 EXAMINING_DOCUMENT 22725460b08ae347efa6a3df8bfb4816
ACTION QUERY 1200 422 transportation tunnel accidents
ACTION SERP 1200 427 EXAMINE_SERP
ACTION SNIPPET 1200 427 SNIPPET_RELEVANT 2749aae3338d144ae90ef04e943075f5
ACTION DOC 1200 447 EXAMINING_DOCUMENT 2749aae3338d144ae90ef04e943075f5
ACTION MARK 1200 450 CONSIDERED_RELEVANT 2749aae3338d144ae90ef04e943075f5
ACTION SNIPPET 1200 450 SNIPPET_RELEVANT 943064d92e4caef2acbe55c513ce77fa
ACTION DOC 1200 470 EXAMINING_DOCUMENT 943064d92e4caef2acbe55c513ce77fa
ACTION MARK 1200 473 CONSIDERED_RELEVANT 943064d92e4caef2acbe55c513ce77fa
ACTION SNIPPET 1200 473 SNIPPET_RELEVANT 6aa768ab1d57fa7753a98db6edd13fd5
ACTION DOC 1200 493 EXAMINING_DOCUMENT 6aa768ab1d57fa7753a98db6edd13fd5
ACTION MARK 1200 496 CONSIDERED_RELEVANT 6aa768ab1d57fa7753a98db6edd13fd5
ACTION SNIPPET 1200 496 SNIPPET_RELEVANT 010c781c-0ecd-11e5-a0dc-2b6f404ff5cf
ACTION DOC 1200 516 EXAMINING_DOCUMENT 010c781c-0ecd-11e5-a0dc-2b6f404ff5cf
ACTION MARK 1200 519 CONSIDERED_RELEVANT 010c781c-0ecd-11e5-a0dc-2b6f404ff5cf
ACTION SNIPPET 1200 519 SNIPPET_RELEVANT 47983f4dff9f6ca0274fef214d317174
ACTION DOC 1200 539 EXAMINING_DOCUMENT 47983f4dff9f6ca0274fef214d317174
ACTION MARK 1200 542 CONSIDERED_RELEVANT 47983f4dff9f6ca0274fef214d317174
ACTION QUERY 1200 552 metro train safety
ACTION SERP 1200 557 EXAMINE_SERP
ACTION SNIPPET 1200 557 SNIPPET_RELEVANT 67cde64e0ca1095bf9e13e4590a19635
ACTION DOC 1200 577 EXAMINING_DOCUMENT 67cde64e0ca1095bf9e13e4590a19635
ACTION MARK 1200 580 CONSIDERED_RELEVANT 67cde64e0ca1095bf9e13e4590a19635
ACTION SNIPPET 1200 580 SNIPPET_RELEVANT 001868b6-ea54-11e2-a301-ea5a8116d211
ACTION DOC 1200 600 EXAMINING_DOCUMENT 001868b6-ea54-11e2-a301-ea5a8116d211
ACTION MARK 1200 603 CONSIDERED_RELEVANT 001868b6-ea54-11e2-a301-ea5a8116d211
ACTION SNIPPET 1200 603 SNIPPET_RELEVANT 3750b762-0e27-11e6-a6b6-2e6de3695b0e
ACTION DOC 1200 623 EXAMINING_DOCUMENT 3750b762-0e27-11e6-a6b6-2e6de3695b0e
ACTION MARK 1200 626 CONSIDERED_RELEVANT 3750b762-0e27-11e6-a6b6-2e6de3695b0e
ACTION SNIPPET 1200 626 SNIPPET_RELEVANT 51292303c59f5ba7b7a96905d43fe5a7
ACTION DOC 1200 646 EXAMINING_DOCUMENT 51292303c59f5ba7b7a96905d43fe5a7
ACTION MARK 1200 649 CONSIDERED_RELEVANT 51292303c59f5ba7b7a96905d43fe5a7
ACTION SNIPPET 1200 649 SNIPPET_RELEVANT 919de75e4883ea9e2e8cdc55ca24bf9c
ACTION DOC 1200 669 EXAMINING_DOCUMENT 919de75e4883ea9e2e8cdc55ca24bf9c
ACTION MARK 1200 672 CONSIDERED_RELEVANT 919de75e4883ea9e2e8cdc55ca24bf9c
ACTION QUERY 1200 682 metro safety concerns
ACTION SERP 1200 687 EXAMINE_SERP
ACTION SNIPPET 1200 687 SNIPPET_RELEVANT cca61640-70e4-11e4-8808-afaa1e3a33ef
ACTION DOC 1200 707 EXAMINING_DOCUMENT cca61640-70e4-11e4-8808-afaa1e3a33ef
ACTION MARK 1200 710 CONSIDERED_RELEVANT cca61640-70e4-11e4-8808-afaa1e3a33ef
ACTION SNIPPET 1200 710 SNIPPET_RELEVANT 590b2b7a-5e5a-11e1-9a38-271d1b3efe8f
ACTION DOC 1200 730 EXAMINING_DOCUMENT 590b2b7a-5e5a-11e1-9a38-271d1b3efe8f
ACTION MARK 1200 733 CONSIDERED_RELEVANT 590b2b7a-5e5a-11e1-9a38-271d1b3efe8f
ACTION SNIPPET 1200 733 SNIPPET_RELEVANT a2ad239e-05a6-11e6-a12f-ea5aed7958dc
ACTION DOC 1200 753 EXAMINING_DOCUMENT a2ad239e-05a6-11e6-a12f-ea5aed7958dc
ACTION MARK 1200 756 CONSIDERED_RELEVANT a2ad239e-05a6-11e6-a12f-ea5aed7958dc
ACTION SNIPPET 1200 756 SNIPPET_RELEVANT 5d5aabe2-a370-11e5-ad3f-991ce3374e23
ACTION DOC 1200 776 EXAMINING_DOCUMENT 5d5aabe2-a370-11e5-ad3f-991ce3374e23
ACTION MARK 1200 779 CONSIDERED_RELEVANT 5d5aabe2-a370-11e5-ad3f-991ce3374e23
ACTION SNIPPET 1200 779 SNIPPET_RELEVANT 1f6a08e8-db27-11e5-925f-1d10062cc82d
ACTION DOC 1200 799 EXAMINING_DOCUMENT 1f6a08e8-db27-11e5-925f-1d10062cc82d
ACTION MARK 1200 802 CONSIDERED_RELEVANT 1f6a08e8-db27-11e5-925f-1d10062cc82d
ACTION QUERY 1200 812 metro safety issues
ACTION SERP 1200 817 EXAMINE_SERP
ACTION SNIPPET 1200 817 SEEN_PREVIOUSLY 5d5aabe2-a370-11e5-ad3f-991ce3374e23
ACTION SNIPPET 1200 817 SNIPPET_RELEVANT c13849abf2ea877ca084447cff8d92d1
ACTION DOC 1200 837 EXAMINING_DOCUMENT c13849abf2ea877ca084447cff8d92d1
ACTION MARK 1200 840 CONSIDERED_RELEVANT c13849abf2ea877ca084447cff8d92d1
ACTION SNIPPET 1200 840 SNIPPET_RELEVANT c83c1bde-15fa-11e5-9518-f9e0a8959f32
ACTION DOC 1200 860 EXAMINING_DOCUMENT c83c1bde-15fa-11e5-9518-f9e0a8959f32
ACTION MARK 1200 863 CONSIDERED_RELEVANT c83c1bde-15fa-11e5-9518-f9e0a8959f32
ACTION SNIPPET 1200 863 SNIPPET_RELEVANT 7a8a21aa-19ed-11e5-93b7-5eddc056ad8a
ACTION DOC 1200 883 EXAMINING_DOCUMENT 7a8a21aa-19ed-11e5-93b7-5eddc056ad8a
ACTION MARK 1200 886 CONSIDERED_RELEVANT 7a8a21aa-19ed-11e5-93b7-5eddc056ad8a
ACTION SNIPPET 1200 886 SNIPPET_RELEVANT a7a4fdf0-cf54-11e5-88cd-753e80cd29ad
ACTION DOC 1200 906 EXAMINING_DOCUMENT a7a4fdf0-cf54-11e5-88cd-753e80cd29ad
ACTION MARK 1200 909 CONSIDERED_RELEVANT a7a4fdf0-cf54-11e5-88cd-753e80cd29ad
ACTION SNIPPET 1200 909 SNIPPET_RELEVANT 26bd5fd65d5b294236db6480cf8bee64
ACTION DOC 1200 929 EXAMINING_DOCUMENT 26bd5fd65d5b294236db6480cf8bee64
ACTION MARK 1200 932 CONSIDERED_RELEVANT 26bd5fd65d5b294236db6480cf8bee64
ACTION QUERY 1200 942 rail system disasters
ACTION SERP 1200 947 EXAMINE_SERP
ACTION SNIPPET 1200 947 SEEN_PREVIOUSLY 4b6b7f53d12e7b327c53eea0f41a67b2
ACTION SNIPPET 1200 947 SNIPPET_RELEVANT 8ac42280-27b5-11e4-8593-da634b334390
ACTION DOC 1200 967 EXAMINING_DOCUMENT 8ac42280-27b5-11e4-8593-da634b334390
ACTION MARK 1200 970 CONSIDERED_RELEVANT 8ac42280-27b5-11e4-8593-da634b334390
ACTION SNIPPET 1200 970 SNIPPET_RELEVANT 6f5e5f90-e80c-11e2-a301-ea5a8116d211
ACTION DOC 1200 990 EXAMINING_DOCUMENT 6f5e5f90-e80c-11e2-a301-ea5a8116d211
ACTION SNIPPET 1200 990 SNIPPET_RELEVANT f0b5a92637ba6764237454233ec936d3
ACTION DOC 1200 1010 EXAMINING_DOCUMENT f0b5a92637ba6764237454233ec936d3
ACTION MARK 1200 1013 CONSIDERED_RELEVANT f0b5a92637ba6764237454233ec936d3
ACTION SNIPPET 1200 1013 SNIPPET_RELEVANT 3ec81cb2-5020-11e5-933e-7d06c647a395
ACTION DOC 1200 1033 EXAMINING_DOCUMENT 3ec81cb2-5020-11e5-933e-7d06c647a395
ACTION MARK 1200 1036 CONSIDERED_RELEVANT 3ec81cb2-5020-11e5-933e-7d06c647a395
ACTION SNIPPET 1200 1036 SNIPPET_RELEVANT 0298b118-122e-11e6-8967-7ac733c56f12
ACTION DOC 1200 1056 EXAMINING_DOCUMENT 0298b118-122e-11e6-8967-7ac733c56f12
ACTION MARK 1200 1059 CONSIDERED_RELEVANT 0298b118-122e-11e6-8967-7ac733c56f12
ACTION SNIPPET 1200 1059 SNIPPET_RELEVANT 949ec1ec000cf97f8a6b9c2cadce6e80
ACTION DOC 1200 1079 EXAMINING_DOCUMENT 949ec1ec000cf97f8a6b9c2cadce6e80
ACTION QUERY 1200 1089 tunnel disaster news
ACTION SERP 1200 1094 EXAMINE_SERP
ACTION SNIPPET 1200 1094 SNIPPET_RELEVANT 4398c84e-81da-11e6-a52d-9a865a0ed0d4
ACTION DOC 1200 1114 EXAMINING_DOCUMENT 4398c84e-81da-11e6-a52d-9a865a0ed0d4
ACTION MARK 1200 1117 CONSIDERED_RELEVANT 4398c84e-81da-11e6-a52d-9a865a0ed0d4
ACTION SNIPPET 1200 1117 SNIPPET_RELEVANT 60c539a6-9b2d-11e4-a7ee-526210d665b4
ACTION DOC 1200 1137 EXAMINING_DOCUMENT 60c539a6-9b2d-11e4-a7ee-526210d665b4
ACTION MARK 1200 1140 CONSIDERED_RELEVANT 60c539a6-9b2d-11e4-a7ee-526210d665b4
ACTION SNIPPET 1200 1140 SNIPPET_RELEVANT 61d983e5a1fe6acdaa6396cba48a1cdb
ACTION DOC 1200 1160 EXAMINING_DOCUMENT 61d983e5a1fe6acdaa6396cba48a1cdb
ACTION SNIPPET 1200 1160 SNIPPET_RELEVANT da62e630-423f-11e7-8c25-44d09ff5a4a8
ACTION DOC 1200 1180 EXAMINING_DOCUMENT da62e630-423f-11e7-8c25-44d09ff5a4a8
ACTION MARK 1200 1183 CONSIDERED_RELEVANT da62e630-423f-11e7-8c25-44d09ff5a4a8
ACTION SNIPPET 1200 1183 SNIPPET_RELEVANT 050aa508-a0e9-11e4-b146-577832eafcb4
ACTION DOC 1200 1203 EXAMINING_DOCUMENT 050aa508-a0e9-11e4-b146-577832eafcb4
INFO SUMMARY 
INFO TOTAL_QUERIES_ISSUED 9
INFO TOTAL_DOCUMENTS_EXAMINED 48
INFO TOTAL_DOCUMENTS_MARKED_RELEVANT 37
INFO TOTAL_ATTRACTIVE_SERP_IMPRESSIONS 9
INFO TOTAL_UNATTRACTIVE_SERP_IMPRESSIONS 0
