ACTION START 1200 0 START
ACTION QUERY 1200 10 Alan Gross released
ACTION SERP 1200 15 EXAMINE_SERP
ACTION SNIPPET 1200 15 SNIPPET_NOT_RELEVANT 069e4520-3e33-11e2-ae43-cf491b837f7b
ACTION SNIPPET 1200 15 SNIPPET_RELEVANT 381eb70e6c6918ac4e811367f016877d
ACTION DOC 1200 35 EXAMINING_DOCUMENT 381eb70e6c6918ac4e811367f016877d
ACTION MARK 1200 38 CONSIDERED_RELEVANT 381eb70e6c6918ac4e811367f016877d
ACTION SNIPPET 1200 38 SNIPPET_NOT_RELEVANT ffee0314-3f0e-11e2-ae43-cf491b837f7b
ACTION SNIPPET 1200 38 SNIPPET_NOT_RELEVANT e0a2794e-fc34-11e1-a31e-804fccb658f9
ACTION SNIPPET 1200 38 SNIPPET_RELEVANT e257c56e-8607-11e4-9534-f79a23c40e6c
ACTION DOC 1200 58 EXAMINING_DOCUMENT e257c56e-8607-11e4-9534-f79a23c40e6c
ACTION MARK 1200 61 CONSIDERED_RELEVANT e257c56e-8607-11e4-9534-f79a23c40e6c
ACTION SNIPPET 1200 61 SNIPPET_RELEVANT e23de2f4-8b91-11e4-a085-34e9b9f09a58
ACTION DOC 1200 81 EXAMINING_DOCUMENT e23de2f4-8b91-11e4-a085-34e9b9f09a58
ACTION MARK 1200 84 CONSIDERED_RELEVANT e23de2f4-8b91-11e4-a085-34e9b9f09a58
ACTION SNIPPET 1200 84 SNIPPET_NOT_RELEVANT 21c7cb88-8624-11e4-b9b7-b8632ae73d25
ACTION SNIPPET 1200 84 SNIPPET_NOT_RELEVANT 3ef816d89dc6459a2aacd01841426799
ACTION SNIPPET 1200 84 SNIPPET_RELEVANT 2172e213b70dee89130673b2a1989a69
ACTION DOC 1200 104 EXAMINING_DOCUMENT 2172e213b70dee89130673b2a1989a69
ACTION MARK 1200 107 CONSIDERED_RELEVANT 2172e213b70dee89130673b2a1989a69
ACTION SNIPPET 1200 107 SNIPPET_NOT_RELEVANT 6510294e-5b46-11e3-a49b-90a0e156254b
ACTION SNIPPET 1200 107 SNIPPET_RELEVANT 59166cfa9a94db8ceba89416b03fcb52
ACTION DOC 1200 127 EXAMINING_DOCUMENT 59166cfa9a94db8ceba89416b03fcb52
ACTION MARK 1200 130 CONSIDERED_RELEVANT 59166cfa9a94db8ceba89416b03fcb52
ACTION QUERY 1200 140 Cuba prisoner exchange
ACTION SERP 1200 145 EXAMINE_SERP
ACTION SNIPPET 1200 145 SNIPPET_RELEVANT 7e3d5d68e685850c9d63d52a5d681c3a
ACTION DOC 1200 165 EXAMINING_DOCUMENT 7e3d5d68e685850c9d63d52a5d681c3a
ACTION MARK 1200 168 CONSIDERED_RELEVANT 7e3d5d68e685850c9d63d52a5d681c3a
ACTION SNIPPET 1200 168 SNIPPET_NOT_RELEVANT bdd86fa4-97b4-11e4-8005-1924ede3e54a
ACTION SNIPPET 1200 168 SNIPPET_NOT_RELEVANT a21c5496-bb91-11e4-9dfb-03366e719af8
ACTION SNIPPET 1200 168 SNIPPET_NOT_RELEVANT a3b374c4-8612-11e4-a702-fa31ff4ae98e
ACTION SNIPPET 1200 168 SNIPPET_NOT_RELEVANT ffee0314-3f0e-11e2-ae43-cf491b837f7b
ACTION SNIPPET 1200 168 SNIPPET_NOT_RELEVANT 931e4ff6-eef5-11e5-89c3-a647fcce95e0
ACTION SNIPPET 1200 168 SNIPPET_NOT_RELEVANT 5b891ba2-1b6a-11e5-bd7f-4611a60dd8e5
ACTION SNIPPET 1200 168 SNIPPET_RELEVANT c51b3ed8-8614-11e4-a702-fa31ff4ae98e
ACTION DOC 1200 188 EXAMINING_DOCUMENT c51b3ed8-8614-11e4-a702-fa31ff4ae98e
ACTION MARK 1200 191 CONSIDERED_RELEVANT c51b3ed8-8614-11e4-a702-fa31ff4ae98e
ACTION SNIPPET 1200 191 SNIPPET_NOT_RELEVANT 4c3f6dbe-e8fc-11e3-a86b-362fd5443d19
ACTION SNIPPET 1200 191 SNIPPET_RELEVANT 99c2fde82f52b42142d3f512c1b3d2a4
ACTION DOC 1200 211 EXAMINING_DOCUMENT 99c2fde82f52b42142d3f512c1b3d2a4
ACTION MARK 1200 214 CONSIDERED_RELEVANT 99c2fde82f52b42142d3f512c1b3d2a4
ACTION SNIPPET 1200 214 SNIPPET_NOT_RELEVANT dea64ffa-ea60-11e3-b98c-72cef4a00499
ACTION SNIPPET 1200 214 SNIPPET_NOT_RELEVANT 57e455b287d108f30b050821be97a241
ACTION SNIPPET 1200 214 SNIPPET_NOT_RELEVANT 088e118c6cfa54aae7265d1b065c1870
ACTION SNIPPET 1200 214 SNIPPET_NOT_RELEVANT 4b8b1ef7771794ef16bf73c9f1be319e
ACTION SNIPPET 1200 214 SNIPPET_NOT_RELEVANT a9d074eff701bc55a20a3dfdab88a42f
ACTION SNIPPET 1200 214 SNIPPET_NOT_RELEVANT f93dd9a8-8607-11e4-abcf-5a3d7b3b20b8
ACTION SNIPPET 1200 214 SNIPPET_RELEVANT b4731e0feb66d312e49bcb3918fdddd7
ACTION DOC 1200 234 EXAMINING_DOCUMENT b4731e0feb66d312e49bcb3918fdddd7
ACTION MARK 1200 237 CONSIDERED_RELEVANT b4731e0feb66d312e49bcb3918fdddd7
ACTION SNIPPET 1200 237 SNIPPET_NOT_RELEVANT e1b938b2-ef67-11e4-a55f-38924fca94f9
ACTION SNIPPET 1200 237 SNIPPET_NOT_RELEVANT a01ad8a99937c4cb0c21fb01c07b28ef
ACTION SNIPPET 1200 237 SNIPPET_NOT_RELEVANT c52312b0-ea7f-11e3-b10e-5090cf3b5958
ACTION SNIPPET 1200 237 SNIPPET_NOT_RELEVANT 81f12858-b432-11e2-baf7-5bc2a9dc6f44
ACTION SNIPPET 1200 237 SNIPPET_RELEVANT 1e0c9e59a760b43e6186b3aca4dcb8f2
ACTION DOC 1200 257 EXAMINING_DOCUMENT 1e0c9e59a760b43e6186b3aca4dcb8f2
ACTION MARK 1200 260 CONSIDERED_RELEVANT 1e0c9e59a760b43e6186b3aca4dcb8f2
ACTION QUERY 1200 270 Gross Cuba release
ACTION SERP 1200 275 EXAMINE_SERP
ACTION SNIPPET 1200 275 SNIPPET_NOT_RELEVANT e0a2794e-fc34-11e1-a31e-804fccb658f9
ACTION SNIPPET 1200 275 SNIPPET_NOT_RELEVANT 6510294e-5b46-11e3-a49b-90a0e156254b
ACTION SNIPPET 1200 275 SEEN_PREVIOUSLY 99c2fde82f52b42142d3f512c1b3d2a4
ACTION SNIPPET 1200 275 SNIPPET_NOT_RELEVANT 069e4520-3e33-11e2-ae43-cf491b837f7b
ACTION SNIPPET 1200 275 SNIPPET_NOT_RELEVANT df878826-0c09-11e2-a310-2363842b7057
ACTION SNIPPET 1200 275 SEEN_PREVIOUSLY 381eb70e6c6918ac4e811367f016877d
ACTION SNIPPET 1200 275 SNIPPET_NOT_RELEVANT ffee0314-3f0e-11e2-ae43-cf491b837f7b
ACTION SNIPPET 1200 275 SNIPPET_NOT_RELEVANT 3ef816d89dc6459a2aacd01841426799
ACTION SNIPPET 1200 275 SNIPPET_RELEVANT a2840518-85f5-11e4-a702-fa31ff4ae98e
ACTION DOC 1200 295 EXAMINING_DOCUMENT a2840518-85f5-11e4-a702-fa31ff4ae98e
ACTION MARK 1200 298 CONSIDERED_RELEVANT a2840518-85f5-11e4-a702-fa31ff4ae98e
ACTION SNIPPET 1200 298 SNIPPET_RELEVANT e19422d1710bf997024c9da25242cd8a
ACTION DOC 1200 318 EXAMINING_DOCUMENT e19422d1710bf997024c9da25242cd8a
ACTION MARK 1200 321 CONSIDERED_RELEVANT e19422d1710bf997024c9da25242cd8a
ACTION SNIPPET 1200 321 SEEN_PREVIOUSLY e257c56e-8607-11e4-9534-f79a23c40e6c
ACTION SNIPPET 1200 321 SNIPPET_NOT_RELEVANT 3d9cb34c-5688-11e1-8fb4-e176e27720b6
ACTION SNIPPET 1200 321 SNIPPET_NOT_RELEVANT 62aaf894-43d9-11e2-8c8f-fbebf7ccab4e
ACTION SNIPPET 1200 321 SEEN_PREVIOUSLY 7e3d5d68e685850c9d63d52a5d681c3a
ACTION SNIPPET 1200 321 SNIPPET_RELEVANT b6fd9c92dc01054ce3795fa44e92e42e
ACTION DOC 1200 341 EXAMINING_DOCUMENT b6fd9c92dc01054ce3795fa44e92e42e
ACTION MARK 1200 344 CONSIDERED_RELEVANT b6fd9c92dc01054ce3795fa44e92e42e
ACTION SNIPPET 1200 344 SNIPPET_NOT_RELEVANT 8e7efbae9a49c9301c683781ebe738cc
ACTION SNIPPET 1200 344 SNIPPET_RELEVANT 2435768a-a389-11e5-b53d-972e2751f433
ACTION DOC 1200 364 EXAMINING_DOCUMENT 2435768a-a389-11e5-b53d-972e2751f433
ACTION MARK 1200 367 CONSIDERED_RELEVANT 2435768a-a389-11e5-b53d-972e2751f433
ACTION SNIPPET 1200 367 SNIPPET_NOT_RELEVANT 9a5676e4-be92-11e3-bcec-b71ee10e9bc3
ACTION SNIPPET 1200 367 SNIPPET_NOT_RELEVANT 25ec12c6-0fb3-11e2-ba6c-07bd866eb71a
ACTION SNIPPET 1200 367 SNIPPET_NOT_RELEVANT 3deff1ea-8353-11e1-b088-8660630b7284
ACTION SNIPPET 1200 367 SNIPPET_RELEVANT b35fbc5b3a2184b4156d19369b1f692c
ACTION DOC 1200 387 EXAMINING_DOCUMENT b35fbc5b3a2184b4156d19369b1f692c
ACTION MARK 1200 390 CONSIDERED_RELEVANT b35fbc5b3a2184b4156d19369b1f692c
ACTION QUERY 1200 400 USAID contractor freed
ACTION SERP 1200 405 EXAMINE_SERP
ACTION SNIPPET 1200 405 SNIPPET_NOT_RELEVANT e6988f7a-3a0f-11e5-b3ac-8a79bc44e5e2
ACTION SNIPPET 1200 405 SNIPPET_NOT_RELEVANT 92c2723a-d539-11e3-95d3-3bcd77cd4e11
ACTION SNIPPET 1200 405 SNIPPET_NOT_RELEVANT 0cafe16a-a599-11e4-a2b2-776095f393b2
ACTION SNIPPET 1200 405 SEEN_PREVIOUSLY e23de2f4-8b91-11e4-a085-34e9b9f09a58
ACTION SNIPPET 1200 405 SNIPPET_RELEVANT 10d49d06601b5bb755edef65ccf47adb
ACTION DOC 1200 425 EXAMINING_DOCUMENT 10d49d06601b5bb755edef65ccf47adb
ACTION MARK 1200 428 CONSIDERED_RELEVANT 10d49d06601b5bb755edef65ccf47adb
ACTION SNIPPET 1200 428 SNIPPET_NOT_RELEVANT e1ee5559ba963e734d1796f2e536423a
ACTION SNIPPET 1200 428 SNIPPET_NOT_RELEVANT 565fe7d0-84f1-11e2-98a3-b3db6b9ac586
ACTION SNIPPET 1200 428 SNIPPET_NOT_RELEVANT 68fbc1a0-4031-11e4-b03f-de718edeb92f
ACTION SNIPPET 1200 428 SNIPPET_NOT_RELEVANT ca2879ae-c168-11e1-a5ab-41d7af0d9c1e
ACTION SNIPPET 1200 428 SNIPPET_NOT_RELEVANT 9a5676e4-be92-11e3-bcec-b71ee10e9bc3
ACTION SNIPPET 1200 428 SNIPPET_NOT_RELEVANT 5a9212a6-3d9c-11e3-b6a9-da62c264f40e
ACTION SNIPPET 1200 428 SEEN_PREVIOUSLY 2435768a-a389-11e5-b53d-972e2751f433
ACTION SNIPPET 1200 428 SNIPPET_NOT_RELEVANT 2d5f7ca8-c715-11e3-9f37-7ce307c56815
ACTION SNIPPET 1200 428 SNIPPET_NOT_RELEVANT 6cc80164a0e9f34d272f48b4196d03a2
ACTION SNIPPET 1200 428 SNIPPET_RELEVANT a5cd0538-884a-11e4-9534-f79a23c40e6c
ACTION DOC 1200 448 EXAMINING_DOCUMENT a5cd0538-884a-11e4-9534-f79a23c40e6c
ACTION MARK 1200 451 CONSIDERED_RELEVANT a5cd0538-884a-11e4-9534-f79a23c40e6c
ACTION SNIPPET 1200 451 SNIPPET_NOT_RELEVANT 334183a6-ac06-11e4-9c91-e9d2f9fde644
ACTION SNIPPET 1200 451 SNIPPET_NOT_RELEVANT eeadfdf6-c365-11e4-9271-610273846239
ACTION SNIPPET 1200 451 SNIPPET_NOT_RELEVANT a24d2008920c89ee9c936988e1579935
ACTION SNIPPET 1200 451 SNIPPET_NOT_RELEVANT 6510294e-5b46-11e3-a49b-90a0e156254b
ACTION SNIPPET 1200 451 SNIPPET_NOT_RELEVANT 50c1a39c-f088-11e2-bc0d-556690a86be2
ACTION SNIPPET 1200 451 SNIPPET_NOT_RELEVANT 310f7468-7f19-11e4-8882-03cf08410beb
ACTION SNIPPET 1200 451 SNIPPET_NOT_RELEVANT a77c6c1e5a2d2597b5f4f38d18f3682f
ACTION SNIPPET 1200 451 SNIPPET_NOT_RELEVANT 41e428450cbc5404df19d9536d1f3278
ACTION SNIPPET 1200 451 SNIPPET_RELEVANT bd1e6cc8d7525fec36a717be45638bf4
ACTION DOC 1200 471 EXAMINING_DOCUMENT bd1e6cc8d7525fec36a717be45638bf4
ACTION MARK 1200 474 CONSIDERED_RELEVANT bd1e6cc8d7525fec36a717be45638bf4
ACTION SNIPPET 1200 474 SNIPPET_NOT_RELEVANT d5fc4336-722b-11e2-ac36-3d8d9dcaa2e2
ACTION SNIPPET 1200 474 SNIPPET_NOT_RELEVANT 3ef816d89dc6459a2aacd01841426799
ACTION SNIPPET 1200 474 SNIPPET_NOT_RELEVANT 7f6e6bd6-e264-11e1-98e7-89d659f9c106
ACTION SNIPPET 1200 474 SNIPPET_NOT_RELEVANT 8be95aa0-6677-11e2-85f5-a8a9228e55e7
ACTION SNIPPET 1200 474 SNIPPET_NOT_RELEVANT 3125398b6630ff5877fd20da1e391bd3
ACTION SNIPPET 1200 474 SNIPPET_NOT_RELEVANT 9191404e-4ba6-11e7-bc1b-fddbd8359dee
ACTION SNIPPET 1200 474 SNIPPET_NOT_RELEVANT 69c3e666-ce5d-11e4-a2a7-9517a3a70506
ACTION SNIPPET 1200 474 SNIPPET_NOT_RELEVANT cfc415a2-a5c6-11e1-a811-e901b4a6e231
ACTION SNIPPET 1200 474 SNIPPET_NOT_RELEVANT 14959218ccb64394daf6d318190edf70
ACTION SNIPPET 1200 474 SNIPPET_NOT_RELEVANT 9cec7aeccb0974c7975b3d4807b0ec56
ACTION SNIPPET 1200 474 SNIPPET_NOT_RELEVANT 4b912f90-942b-11e3-b46a-5a3d0d2130da
ACTION SNIPPET 1200 474 SNIPPET_NOT_RELEVANT 839c9966-6e38-11e2-8b8d-e0b59a1b8e2a
ACTION SNIPPET 1200 474 SNIPPET_NOT_RELEVANT cc34a7ba-4017-11e4-b03f-de718edeb92f
ACTION SNIPPET 1200 474 SNIPPET_NOT_RELEVANT a94f9e153f4888f06ba79b608d56c5e7
ACTION SNIPPET 1200 474 SNIPPET_NOT_RELEVANT a6f04734-40c7-11e3-b028-de922d7a3f47
ACTION SNIPPET 1200 474 SNIPPET_NOT_RELEVANT a1f789b2-6bf3-11e2-bd36-c0fe61a205f6
ACTION SNIPPET 1200 474 SNIPPET_NOT_RELEVANT e7beb4ebeff575f9148ce0b3a67d3ad3
ACTION SNIPPET 1200 474 SNIPPET_NOT_RELEVANT 905d9ccc-50a5-11e3-9e2c-e1d01116fd98
ACTION SNIPPET 1200 474 SNIPPET_NOT_RELEVANT eaadd696-5806-11e5-b8c9-944725fcd3b9
ACTION SNIPPET 1200 474 SNIPPET_NOT_RELEVANT b4390d956a9ea448e440d79d9a98292e
ACTION SNIPPET 1200 474 SNIPPET_NOT_RELEVANT 1c8d9a4a-6611-11e4-bb14-4cfea1e742d5
ACTION SNIPPET 1200 474 SNIPPET_NOT_RELEVANT c80599e2d3df7355e57c4c1388e2b511
ACTION SNIPPET 1200 474 SNIPPET_NOT_RELEVANT 6b396700-1488-11e2-ba83-a7a396e6b2a7
ACTION SNIPPET 1200 474 SNIPPET_NOT_RELEVANT ac374502-6bb8-11e1-b756-60ee4e23a039
ACTION SNIPPET 1200 474 SNIPPET_NOT_RELEVANT 91f9c00057fa7ceee777e9f118d19aed
ACTION SNIPPET 1200 474 SNIPPET_NOT_RELEVANT ccb67090-09ab-11e3-9941-6711ed662e71
ACTION SNIPPET 1200 474 SNIPPET_NOT_RELEVANT 3cfc9c10-0053-11e3-96a8-d3b921c0924a
ACTION SNIPPET 1200 474 SNIPPET_NOT_RELEVANT 964e39fbba85dabcb29855ac95f2a042
ACTION SNIPPET 1200 474 SNIPPET_NOT_RELEVANT 3a2d4c50-961d-11e2-894a-b984cbdff2e6
ACTION SNIPPET 1200 474 SNIPPET_NOT_RELEVANT b6a55728-7b1d-11e4-9a27-6fdbc612bff8
ACTION SNIPPET 1200 474 SNIPPET_NOT_RELEVANT 950b1ed516e0b1dc966e34d2cc4b498d
ACTION SNIPPET 1200 474 SNIPPET_NOT_RELEVANT 8b0f7912-6dcd-11e3-b405-7e360f7e9fd2
ACTION SNIPPET 1200 474 SNIPPET_NOT_RELEVANT 90d4cbb2-0bcd-11e2-bb5e-492c0d30bff6
ACTION SNIPPET 1200 474 SNIPPET_NOT_RELEVANT c2d185a8-01bc-11e2-b260-32f4a8db9b7e
ACTION SNIPPET 1200 474 SNIPPET_NOT_RELEVANT 6fb9fe5c99737aa6d44674c7647e6f41
ACTION SNIPPET 1200 474 SNIPPET_NOT_RELEVANT 671fe21e-a313-11e3-8466-d34c451760b9
ACTION SNIPPET 1200 474 SNIPPET_NOT_RELEVANT e6d9d0b0-a098-11e2-9c03-6952ff305f35
ACTION SNIPPET 1200 474 SNIPPET_NOT_RELEVANT 1df49e16-69df-11e4-9fb4-a622dae742a2
ACTION SNIPPET 1200 474 SNIPPET_NOT_RELEVANT 7b1d6010-60fd-11e2-9940-6fc488f3fecd
ACTION SNIPPET 1200 474 SNIPPET_NOT_RELEVANT 17a193458be7b942900defbafdc4ec10
ACTION SNIPPET 1200 474 SNIPPET_NOT_RELEVANT c0001bfc4cf529bd4f281a0a8a43886a
ACTION SNIPPET 1200 474 SNIPPET_NOT_RELEVANT 7fbc34a119aa15390a484e69d545d553
ACTION SNIPPET 1200 474 SNIPPET_NOT_RELEVANT 55acde96-7ef6-11e4-8882-03cf08410beb
ACTION SNIPPET 1200 474 SNIPPET_NOT_RELEVANT c0142cc0-bb75-11e3-9a05-c739f29ccb08
ACTION SNIPPET 1200 474 SNIPPET_NOT_RELEVANT 60af51abbf6ef4a4983474747cdc9491
ACTION SNIPPET 1200 474 SNIPPET_NOT_RELEVANT 4ab8d1c4-1643-11e3-961c-f22d3aaf19ab
ACTION SNIPPET 1200 474 SEEN_PREVIOUSLY 59166cfa9a94db8ceba89416b03fcb52
ACTION SNIPPET 1200 474 SNIPPET_NOT_RELEVANT 8864db8e-b997-11e2-b94c-b684dda07add
ACTION SNIPPET 1200 474 SNIPPET_NOT_RELEVANT 5cd9a31e98884d226c7501a51b6a4c21
ACTION SNIPPET 1200 474 SNIPPET_NOT_RELEVANT 9dec06fc-50a1-11e3-a7f0-b790929232e1
ACTION SNIPPET 1200 474 SNIPPET_NOT_RELEVANT a290899e-b28b-11e2-baf7-5bc2a9dc6f44
ACTION SNIPPET 1200 474 SNIPPET_NOT_RELEVANT 98c435276b0c405b0cd36cf784a69b1e
ACTION SNIPPET 1200 474 SNIPPET_NOT_RELEVANT c02eb7ae-4d33-11e7-bc1b-fddbd8359dee
ACTION SNIPPET 1200 474 SNIPPET_NOT_RELEVANT d3950ace-3960-11e6-8f7c-d4c723a2becb
ACTION SNIPPET 1200 474 SNIPPET_NOT_RELEVANT 8b8a890c-4ca5-11e3-be6b-d3d28122e6d4
ACTION SNIPPET 1200 474 SNIPPET_NOT_RELEVANT 2952f59e-bcd6-11e2-89c9-3be8095fe767
ACTION SNIPPET 1200 474 SNIPPET_NOT_RELEVANT c1c6ef10-bc13-11e2-9b09-1638acc3942e
ACTION SNIPPET 1200 474 SNIPPET_NOT_RELEVANT 86a77bac-ba74-11e2-b94c-b684dda07add
ACTION SNIPPET 1200 474 SNIPPET_NOT_RELEVANT 8daaa2c4-1ee5-11e2-9cd5-b55c38388962
ACTION SNIPPET 1200 474 SNIPPET_NOT_RELEVANT f1a0a82e-78ea-11e1-9c70-78e01e7448f8
ACTION SNIPPET 1200 474 SNIPPET_NOT_RELEVANT eaa22078-761b-11e2-aa12-e6cf1d31106b
ACTION SNIPPET 1200 474 SNIPPET_NOT_RELEVANT 5cf80520-11d9-11e4-8936-26932bcfd6ed
ACTION SNIPPET 1200 474 SNIPPET_NOT_RELEVANT 2e892594-6efa-11e2-ac36-3d8d9dcaa2e2
ACTION SNIPPET 1200 474 SNIPPET_NOT_RELEVANT 9ad4c600-5285-11e6-88eb-7dda4e2f2aec
ACTION SNIPPET 1200 474 SNIPPET_NOT_RELEVANT 4dec87e4-fae7-11e3-8176-f2c941cf35f1
ACTION SNIPPET 1200 474 SNIPPET_NOT_RELEVANT d46752d6-dfe6-11e1-a421-8bf0f0e5aa11
ACTION SNIPPET 1200 474 SNIPPET_NOT_RELEVANT a5b339ce-183d-11e3-961c-f22d3aaf19ab
ACTION SNIPPET 1200 474 SNIPPET_NOT_RELEVANT 4daebc4a-775c-11e1-862c-76c4e0e725cd
ACTION SNIPPET 1200 474 SNIPPET_NOT_RELEVANT 9f9f481a-7ff7-11e5-b575-d8dcfedb4ea1
ACTION SNIPPET 1200 474 SNIPPET_NOT_RELEVANT f10a066e-670e-11e1-a2f2-468e819f2777
ACTION SNIPPET 1200 474 SNIPPET_NOT_RELEVANT 70f75656-3676-11e7-b412-62beef8121f7
ACTION SNIPPET 1200 474 SNIPPET_NOT_RELEVANT 024464da249c5ed36898c0fa47aba14b
ACTION SNIPPET 1200 474 SNIPPET_NOT_RELEVANT de497dd6-4d48-11e7-9669-250d0b15f83b
ACTION SNIPPET 1200 474 SNIPPET_NOT_RELEVANT bc2eafd1c0c28f99a1a87601ec22f4d9
ACTION SNIPPET 1200 474 SNIPPET_NOT_RELEVANT f2d417fc-779b-11e7-8c17-533c52b2f014
ACTION SNIPPET 1200 474 SNIPPET_NOT_RELEVANT 8cb6b3da-d9c0-11e2-a016-92547bf094cc
INFO SERP_END_REACHED 
ACTION QUERY 1200 484 Cuban prison release
ACTION SERP 1200 489 EXAMINE_SERP
ACTION SNIPPET 1200 489 SNIPPET_RELEVANT 21afe738-951b-11e4-aabd-d0b93ff613d5
ACTION DOC 1200 509 EXAMINING_DOCUMENT 21afe738-951b-11e4-aabd-d0b93ff613d5
ACTION MARK 1200 512 CONSIDERED_RELEVANT 21afe738-951b-11e4-aabd-d0b93ff613d5
ACTION SNIPPET 1200 512 SNIPPET_NOT_RELEVANT 70440abe-9a61-11e4-a7ee-526210d665b4
ACTION SNIPPET 1200 512 SNIPPET_RELEVANT 896a73cba252280f805267293a7b684b
ACTION DOC 1200 532 EXAMINING_DOCUMENT 896a73cba252280f805267293a7b684b
ACTION MARK 1200 535 CONSIDERED_RELEVANT 896a73cba252280f805267293a7b684b
ACTION SNIPPET 1200 535 SNIPPET_NOT_RELEVANT 3ef816d89dc6459a2aacd01841426799
ACTION SNIPPET 1200 535 SNIPPET_NOT_RELEVANT 108b2fb5517e773cac998440831b47e6
ACTION SNIPPET 1200 535 SNIPPET_NOT_RELEVANT 1e6fd3f57a026cbcbb9c335fa3aae114
ACTION SNIPPET 1200 535 SEEN_PREVIOUSLY e23de2f4-8b91-11e4-a085-34e9b9f09a58
ACTION SNIPPET 1200 535 SEEN_PREVIOUSLY b6fd9c92dc01054ce3795fa44e92e42e
ACTION SNIPPET 1200 535 SNIPPET_NOT_RELEVANT 497b096c66e90229a77248fdc5c5e66e
ACTION SNIPPET 1200 535 SNIPPET_NOT_RELEVANT 50201842-56bd-11e3-ba82-16ed03681809
ACTION SNIPPET 1200 535 SNIPPET_NOT_RELEVANT 5e1c1f27-ab63-444f-98ca-fff75cb92d3b
ACTION SNIPPET 1200 535 SNIPPET_NOT_RELEVANT a3b374c4-8612-11e4-a702-fa31ff4ae98e
ACTION SNIPPET 1200 535 SEEN_PREVIOUSLY 59166cfa9a94db8ceba89416b03fcb52
ACTION SNIPPET 1200 535 SNIPPET_NOT_RELEVANT e473b5c4-71ec-11e1-b747-ee64265ae6c6
ACTION SNIPPET 1200 535 SNIPPET_NOT_RELEVANT f93dd9a8-8607-11e4-abcf-5a3d7b3b20b8
ACTION SNIPPET 1200 535 SNIPPET_NOT_RELEVANT 3d9cb34c-5688-11e1-8fb4-e176e27720b6
ACTION SNIPPET 1200 535 SEEN_PREVIOUSLY 1e0c9e59a760b43e6186b3aca4dcb8f2
ACTION SNIPPET 1200 535 SEEN_PREVIOUSLY a2840518-85f5-11e4-a702-fa31ff4ae98e
ACTION SNIPPET 1200 535 SNIPPET_NOT_RELEVANT 30f22164-17bb-11e2-a55c-39408fbe6a4b
ACTION SNIPPET 1200 535 SNIPPET_RELEVANT 7cf9375a-ed7f-11e3-8a8a-e17c08f80871
ACTION DOC 1200 555 EXAMINING_DOCUMENT 7cf9375a-ed7f-11e3-8a8a-e17c08f80871
ACTION MARK 1200 558 CONSIDERED_RELEVANT 7cf9375a-ed7f-11e3-8a8a-e17c08f80871
ACTION SNIPPET 1200 558 SNIPPET_NOT_RELEVANT 3d40ab38-776d-11e5-a5e2-40d6b2ad18dd
ACTION SNIPPET 1200 558 SEEN_PREVIOUSLY c51b3ed8-8614-11e4-a702-fa31ff4ae98e
ACTION SNIPPET 1200 558 SNIPPET_NOT_RELEVANT 437e415c-a405-11e1-8d1f-323629c66cb9
ACTION SNIPPET 1200 558 SNIPPET_NOT_RELEVANT 25ec12c6-0fb3-11e2-ba6c-07bd866eb71a
ACTION SNIPPET 1200 558 SNIPPET_NOT_RELEVANT 705ca058ce4ef1e9dbc083a3df6123da
ACTION SNIPPET 1200 558 SNIPPET_NOT_RELEVANT ffee0314-3f0e-11e2-ae43-cf491b837f7b
ACTION SNIPPET 1200 558 SEEN_PREVIOUSLY a5cd0538-884a-11e4-9534-f79a23c40e6c
ACTION SNIPPET 1200 558 SNIPPET_NOT_RELEVANT 929cd3876161da3a4da24b50dc6ea837
ACTION SNIPPET 1200 558 SNIPPET_NOT_RELEVANT 9a5676e4-be92-11e3-bcec-b71ee10e9bc3
ACTION SNIPPET 1200 558 SNIPPET_NOT_RELEVANT 069e4520-3e33-11e2-ae43-cf491b837f7b
ACTION SNIPPET 1200 558 SNIPPET_NOT_RELEVANT e1e7acc6-751a-11e1-8fa6-9fcb4e001234
ACTION SNIPPET 1200 558 SEEN_PREVIOUSLY e257c56e-8607-11e4-9534-f79a23c40e6c
ACTION SNIPPET 1200 558 SNIPPET_NOT_RELEVANT 21c7cb88-8624-11e4-b9b7-b8632ae73d25
ACTION SNIPPET 1200 558 SNIPPET_NOT_RELEVANT 7eb096a357f9c2114e6d1153c6fa4f71
ACTION SNIPPET 1200 558 SEEN_PREVIOUSLY 99c2fde82f52b42142d3f512c1b3d2a4
ACTION SNIPPET 1200 558 SNIPPET_NOT_RELEVANT 563736b08557cbdf3829cf20d57cb410
ACTION SNIPPET 1200 558 SNIPPET_NOT_RELEVANT 3deff1ea-8353-11e1-b088-8660630b7284
ACTION SNIPPET 1200 558 SNIPPET_NOT_RELEVANT 0fd91d9e-984b-11e4-8005-1924ede3e54a
ACTION SNIPPET 1200 558 SNIPPET_RELEVANT 390926fe-9a95-11e4-86a3-1b56f64925f6
ACTION DOC 1200 578 EXAMINING_DOCUMENT 390926fe-9a95-11e4-86a3-1b56f64925f6
ACTION MARK 1200 581 CONSIDERED_RELEVANT 390926fe-9a95-11e4-86a3-1b56f64925f6
ACTION SNIPPET 1200 581 SNIPPET_NOT_RELEVANT 08366538-8612-11e4-9534-f79a23c40e6c
ACTION SNIPPET 1200 581 SNIPPET_NOT_RELEVANT e0a2794e-fc34-11e1-a31e-804fccb658f9
ACTION SNIPPET 1200 581 SNIPPET_NOT_RELEVANT df878826-0c09-11e2-a310-2363842b7057
ACTION SNIPPET 1200 581 SNIPPET_NOT_RELEVANT 5f2bc7be-2e6a-11e6-b5db-e9bc84a2c8e4
ACTION SNIPPET 1200 581 SNIPPET_NOT_RELEVANT 55bdbdc6-85e0-11e2-98a3-b3db6b9ac586
ACTION SNIPPET 1200 581 SNIPPET_NOT_RELEVANT bdd86fa4-97b4-11e4-8005-1924ede3e54a
ACTION SNIPPET 1200 581 SNIPPET_NOT_RELEVANT b8d01242-86f1-11e4-b9b7-b8632ae73d25
ACTION SNIPPET 1200 581 SNIPPET_NOT_RELEVANT b79f82cff4e668c5c684df35f4a18563
ACTION SNIPPET 1200 581 SNIPPET_RELEVANT be0402e4dd3e41858c72b4aa283b9251
ACTION DOC 1200 601 EXAMINING_DOCUMENT be0402e4dd3e41858c72b4aa283b9251
ACTION MARK 1200 604 CONSIDERED_RELEVANT be0402e4dd3e41858c72b4aa283b9251
ACTION QUERY 1200 614 Alan Gross freedom
ACTION SERP 1200 619 EXAMINE_SERP
ACTION SNIPPET 1200 619 SEEN_PREVIOUSLY bd1e6cc8d7525fec36a717be45638bf4
ACTION SNIPPET 1200 619 SNIPPET_NOT_RELEVANT 3ef816d89dc6459a2aacd01841426799
ACTION SNIPPET 1200 619 SEEN_PREVIOUSLY 2435768a-a389-11e5-b53d-972e2751f433
ACTION SNIPPET 1200 619 SEEN_PREVIOUSLY b6fd9c92dc01054ce3795fa44e92e42e
ACTION SNIPPET 1200 619 SNIPPET_NOT_RELEVANT 3deff1ea-8353-11e1-b088-8660630b7284
ACTION SNIPPET 1200 619 SNIPPET_NOT_RELEVANT 9a5676e4-be92-11e3-bcec-b71ee10e9bc3
ACTION SNIPPET 1200 619 SEEN_PREVIOUSLY e19422d1710bf997024c9da25242cd8a
ACTION SNIPPET 1200 619 SNIPPET_NOT_RELEVANT 6510294e-5b46-11e3-a49b-90a0e156254b
ACTION SNIPPET 1200 619 SEEN_PREVIOUSLY e257c56e-8607-11e4-9534-f79a23c40e6c
ACTION SNIPPET 1200 619 SEEN_PREVIOUSLY 381eb70e6c6918ac4e811367f016877d
ACTION SNIPPET 1200 619 SNIPPET_NOT_RELEVANT 964e39fbba85dabcb29855ac95f2a042
ACTION SNIPPET 1200 619 SNIPPET_NOT_RELEVANT 069e4520-3e33-11e2-ae43-cf491b837f7b
ACTION SNIPPET 1200 619 SNIPPET_NOT_RELEVANT ffee0314-3f0e-11e2-ae43-cf491b837f7b
ACTION SNIPPET 1200 619 SNIPPET_NOT_RELEVANT e0a2794e-fc34-11e1-a31e-804fccb658f9
ACTION SNIPPET 1200 619 SNIPPET_NOT_RELEVANT 21c7cb88-8624-11e4-b9b7-b8632ae73d25
ACTION SNIPPET 1200 619 SEEN_PREVIOUSLY 2172e213b70dee89130673b2a1989a69
ACTION SNIPPET 1200 619 SNIPPET_NOT_RELEVANT c9ccd178-7c3c-11e2-a044-676856536b40
ACTION SNIPPET 1200 619 SEEN_PREVIOUSLY e23de2f4-8b91-11e4-a085-34e9b9f09a58
ACTION SNIPPET 1200 619 SNIPPET_NOT_RELEVANT 62aaf894-43d9-11e2-8c8f-fbebf7ccab4e
ACTION SNIPPET 1200 619 SNIPPET_RELEVANT 536baca2370b368620461178b76c2c63
ACTION DOC 1200 639 EXAMINING_DOCUMENT 536baca2370b368620461178b76c2c63
ACTION MARK 1200 642 CONSIDERED_RELEVANT 536baca2370b368620461178b76c2c63
ACTION SNIPPET 1200 642 SNIPPET_NOT_RELEVANT 437e415c-a405-11e1-8d1f-323629c66cb9
ACTION SNIPPET 1200 642 SNIPPET_NOT_RELEVANT 25ec12c6-0fb3-11e2-ba6c-07bd866eb71a
ACTION SNIPPET 1200 642 SEEN_PREVIOUSLY 59166cfa9a94db8ceba89416b03fcb52
ACTION SNIPPET 1200 642 SNIPPET_NOT_RELEVANT a88482f0-8702-11e3-a5bd-844629433ba3
ACTION SNIPPET 1200 642 SNIPPET_NOT_RELEVANT e1e7acc6-751a-11e1-8fa6-9fcb4e001234
ACTION SNIPPET 1200 642 SNIPPET_NOT_RELEVANT 753b7bd8-588f-11e4-b812-38518ae74c67
ACTION SNIPPET 1200 642 SEEN_PREVIOUSLY 7cf9375a-ed7f-11e3-8a8a-e17c08f80871
ACTION SNIPPET 1200 642 SEEN_PREVIOUSLY a5cd0538-884a-11e4-9534-f79a23c40e6c
ACTION SNIPPET 1200 642 SEEN_PREVIOUSLY 7e3d5d68e685850c9d63d52a5d681c3a
ACTION SNIPPET 1200 642 SNIPPET_NOT_RELEVANT 3d9cb34c-5688-11e1-8fb4-e176e27720b6
ACTION SNIPPET 1200 642 SNIPPET_NOT_RELEVANT df878826-0c09-11e2-a310-2363842b7057
ACTION SNIPPET 1200 642 SEEN_PREVIOUSLY b35fbc5b3a2184b4156d19369b1f692c
ACTION SNIPPET 1200 642 SNIPPET_NOT_RELEVANT e5c1b4c6-eb39-11e3-9f5c-9075d5508f0a
ACTION SNIPPET 1200 642 SNIPPET_NOT_RELEVANT 3d9d8f24-5c44-11e3-95c2-13623eb2b0e1
ACTION SNIPPET 1200 642 SNIPPET_NOT_RELEVANT 50201842-56bd-11e3-ba82-16ed03681809
ACTION SNIPPET 1200 642 SEEN_PREVIOUSLY 99c2fde82f52b42142d3f512c1b3d2a4
ACTION SNIPPET 1200 642 SNIPPET_NOT_RELEVANT 929cd3876161da3a4da24b50dc6ea837
ACTION SNIPPET 1200 642 SNIPPET_RELEVANT a25a15d4-860c-11e4-9534-f79a23c40e6c
ACTION DOC 1200 662 EXAMINING_DOCUMENT a25a15d4-860c-11e4-9534-f79a23c40e6c
ACTION MARK 1200 665 CONSIDERED_RELEVANT a25a15d4-860c-11e4-9534-f79a23c40e6c
ACTION SNIPPET 1200 665 SNIPPET_NOT_RELEVANT 08366538-8612-11e4-9534-f79a23c40e6c
ACTION SNIPPET 1200 665 SNIPPET_NOT_RELEVANT 076f468a07212fb430b5df2a408ae4e4
ACTION SNIPPET 1200 665 SNIPPET_NOT_RELEVANT db10a7fd977b6ca86c3c81c8d093e155
ACTION SNIPPET 1200 665 SNIPPET_NOT_RELEVANT 8e7efbae9a49c9301c683781ebe738cc
ACTION SNIPPET 1200 665 SNIPPET_NOT_RELEVANT e473b5c4-71ec-11e1-b747-ee64265ae6c6
ACTION SNIPPET 1200 665 SNIPPET_NOT_RELEVANT 2581b8e8-7002-11e4-893f-86bd390a3340
ACTION SNIPPET 1200 665 SNIPPET_NOT_RELEVANT da99e1d065a501f794705b59af6d06f4
ACTION SNIPPET 1200 665 SNIPPET_NOT_RELEVANT 537f9e031e93efac68b0f651064ca5c3
ACTION SNIPPET 1200 665 SNIPPET_NOT_RELEVANT f9b75b1f0e11eb2d75a542e43e341e25
ACTION SNIPPET 1200 665 SNIPPET_NOT_RELEVANT e255ade2160a021a64dc31b096f4bafb
ACTION SNIPPET 1200 665 SEEN_PREVIOUSLY a2840518-85f5-11e4-a702-fa31ff4ae98e
ACTION SNIPPET 1200 665 SNIPPET_NOT_RELEVANT 719dc8571cc5ff8e22e3bb6908291574
ACTION SNIPPET 1200 665 SNIPPET_NOT_RELEVANT 1e6fd3f57a026cbcbb9c335fa3aae114
ACTION SNIPPET 1200 665 SEEN_PREVIOUSLY b4731e0feb66d312e49bcb3918fdddd7
ACTION SNIPPET 1200 665 SNIPPET_NOT_RELEVANT 66cd5574-3447-11e4-9e92-0899b306bbea
ACTION SNIPPET 1200 665 SNIPPET_NOT_RELEVANT f9606fd0-f017-11e3-9ebc-2ee6f81ed217
ACTION SNIPPET 1200 665 SNIPPET_NOT_RELEVANT 48981dc2d4ed3e30254934d80492a792
ACTION SNIPPET 1200 665 SNIPPET_RELEVANT 93933b09f1ef0df7597f41c9235270e6
ACTION DOC 1200 685 EXAMINING_DOCUMENT 93933b09f1ef0df7597f41c9235270e6
ACTION MARK 1200 688 CONSIDERED_RELEVANT 93933b09f1ef0df7597f41c9235270e6
ACTION SNIPPET 1200 688 SNIPPET_NOT_RELEVANT ae0c955e-8662-11e4-9534-f79a23c40e6c
ACTION SNIPPET 1200 688 SNIPPET_NOT_RELEVANT 1cd2e01e-5129-11e1-9a35-734534f8a2fd
ACTION SNIPPET 1200 688 SNIPPET_NOT_RELEVANT 8a8337fa4bb6d4169e09dab2cedb21c5
ACTION SNIPPET 1200 688 SNIPPET_NOT_RELEVANT 6fb9fe5c99737aa6d44674c7647e6f41
ACTION SNIPPET 1200 688 SNIPPET_NOT_RELEVANT 9cec7aeccb0974c7975b3d4807b0ec56
ACTION SNIPPET 1200 688 SNIPPET_NOT_RELEVANT 1613e236-94f7-11e4-8385-866293322c2f
ACTION SNIPPET 1200 688 SNIPPET_NOT_RELEVANT 419c57be-c6bd-11e5-9693-933a4d31bcc8
ACTION SNIPPET 1200 688 SNIPPET_NOT_RELEVANT b8bcc0ce-27b2-11e3-ad0d-b7c8d2a594b9
ACTION SNIPPET 1200 688 SNIPPET_NOT_RELEVANT a7184f665e59110d07aa3bb702a861ab
ACTION SNIPPET 1200 688 SNIPPET_NOT_RELEVANT f802fa54f1130ae700bfc947e43a9b08
ACTION SNIPPET 1200 688 SNIPPET_NOT_RELEVANT bb172cc2-ec12-11e3-93d2-edd4be1f5d9e
ACTION SNIPPET 1200 688 SNIPPET_NOT_RELEVANT df54849ab2837554791ea603c4cce72e
ACTION SNIPPET 1200 688 SNIPPET_NOT_RELEVANT 3061cd02-6481-11e4-bb14-4cfea1e742d5
ACTION SNIPPET 1200 688 SNIPPET_RELEVANT c83cbba7c047f39a9da7477f5788e928
ACTION DOC 1200 708 EXAMINING_DOCUMENT c83cbba7c047f39a9da7477f5788e928
ACTION MARK 1200 711 CONSIDERED_RELEVANT c83cbba7c047f39a9da7477f5788e928
ACTION SNIPPET 1200 711 SNIPPET_RELEVANT 255684fac624783a7425297114ad7db4
ACTION DOC 1200 731 EXAMINING_DOCUMENT 255684fac624783a7425297114ad7db4
ACTION MARK 1200 734 CONSIDERED_RELEVANT 255684fac624783a7425297114ad7db4
ACTION QUERY 1200 744 US Cuba prisoner swap
ACTION SERP 1200 749 EXAMINE_SERP
ACTION SNIPPET 1200 749 SNIPPET_NOT_RELEVANT ffee0314-3f0e-11e2-ae43-cf491b837f7b
ACTION SNIPPET 1200 749 SNIPPET_NOT_RELEVANT c52312b0-ea7f-11e3-b10e-5090cf3b5958
ACTION SNIPPET 1200 749 SNIPPET_NOT_RELEVANT bdd86fa4-97b4-11e4-8005-1924ede3e54a
ACTION SNIPPET 1200 749 SNIPPET_NOT_RELEVANT 088e118c6cfa54aae7265d1b065c1870
ACTION SNIPPET 1200 749 SEEN_PREVIOUSLY 896a73cba252280f805267293a7b684b
ACTION SNIPPET 1200 749 SEEN_PREVIOUSLY c51b3ed8-8614-11e4-a702-fa31ff4ae98e
ACTION SNIPPET 1200 749 SNIPPET_NOT_RELEVANT a9d074eff701bc55a20a3dfdab88a42f
ACTION SNIPPET 1200 749 SNIPPET_NOT_RELEVANT 563736b08557cbdf3829cf20d57cb410
ACTION SNIPPET 1200 749 SEEN_PREVIOUSLY a2840518-85f5-11e4-a702-fa31ff4ae98e
ACTION SNIPPET 1200 749 SNIPPET_NOT_RELEVANT b8d01242-86f1-11e4-b9b7-b8632ae73d25
ACTION SNIPPET 1200 749 SNIPPET_NOT_RELEVANT 57e455b287d108f30b050821be97a241
ACTION SNIPPET 1200 749 SNIPPET_NOT_RELEVANT 022fbb200e04b4bc627d714a2a83f37b
ACTION SNIPPET 1200 749 SNIPPET_NOT_RELEVANT 013958a279bf0964f08c6d533ff5bcc7
ACTION SNIPPET 1200 749 SEEN_PREVIOUSLY e23de2f4-8b91-11e4-a085-34e9b9f09a58
ACTION SNIPPET 1200 749 SNIPPET_NOT_RELEVANT 271554cfac2dbef7557bd3e7e5583379
ACTION SNIPPET 1200 749 SNIPPET_NOT_RELEVANT 964e39fbba85dabcb29855ac95f2a042
ACTION SNIPPET 1200 749 SEEN_PREVIOUSLY e19422d1710bf997024c9da25242cd8a
ACTION SNIPPET 1200 749 SNIPPET_NOT_RELEVANT e1b938b2-ef67-11e4-a55f-38924fca94f9
ACTION SNIPPET 1200 749 SNIPPET_NOT_RELEVANT 108b2fb5517e773cac998440831b47e6
ACTION SNIPPET 1200 749 SNIPPET_NOT_RELEVANT e9aa88f75d876825029d31fd5cec7c7e
ACTION SNIPPET 1200 749 SNIPPET_NOT_RELEVANT a01ad8a99937c4cb0c21fb01c07b28ef
ACTION SNIPPET 1200 749 SNIPPET_NOT_RELEVANT c3c0da9fc63cb3528e1e359b15090ca1
ACTION SNIPPET 1200 749 SNIPPET_NOT_RELEVANT f93dd9a8-8607-11e4-abcf-5a3d7b3b20b8
ACTION SNIPPET 1200 749 SNIPPET_NOT_RELEVANT 98f6d8a6b59c79b52a5ff28b2553a967
ACTION SNIPPET 1200 749 SNIPPET_NOT_RELEVANT 48e61f3c32c37319e01a60921d4fe83f
ACTION SNIPPET 1200 749 SNIPPET_NOT_RELEVANT 9eb8d5c4-fb04-11e4-9ef4-1bb7ce3b3fb7
ACTION SNIPPET 1200 749 SEEN_PREVIOUSLY e257c56e-8607-11e4-9534-f79a23c40e6c
ACTION SNIPPET 1200 749 SNIPPET_NOT_RELEVANT f6f8dbe8-9a05-11e1-8c35-4b78842e2af2
ACTION SNIPPET 1200 749 SNIPPET_RELEVANT 45f5ad88439a1e31ed51e7bb62cce463
ACTION DOC 1200 769 EXAMINING_DOCUMENT 45f5ad88439a1e31ed51e7bb62cce463
ACTION MARK 1200 772 CONSIDERED_RELEVANT 45f5ad88439a1e31ed51e7bb62cce463
ACTION SNIPPET 1200 772 SNIPPET_NOT_RELEVANT e4af0cb43f701439e46d0631041a1c1b
ACTION SNIPPET 1200 772 SNIPPET_NOT_RELEVANT 8e6ee050-2180-409a-a15b-bc8806cc045d
ACTION SNIPPET 1200 772 SEEN_PREVIOUSLY 390926fe-9a95-11e4-86a3-1b56f64925f6
ACTION SNIPPET 1200 772 SNIPPET_NOT_RELEVANT 53cd3305229cb6dd95af339dde575c3c
ACTION SNIPPET 1200 772 SNIPPET_NOT_RELEVANT e5c1b4c6-eb39-11e3-9f5c-9075d5508f0a
ACTION SNIPPET 1200 772 SNIPPET_NOT_RELEVANT 63a4bcc8c3c330d8b79279ff6b16d4c3
ACTION SNIPPET 1200 772 SNIPPET_RELEVANT 52fedaac-870a-11e4-9534-f79a23c40e6c
ACTION DOC 1200 792 EXAMINING_DOCUMENT 52fedaac-870a-11e4-9534-f79a23c40e6c
ACTION MARK 1200 795 CONSIDERED_RELEVANT 52fedaac-870a-11e4-9534-f79a23c40e6c
ACTION SNIPPET 1200 795 SNIPPET_NOT_RELEVANT 31f17020-bc71-11e5-99f3-184bc379b12d
ACTION SNIPPET 1200 795 SNIPPET_NOT_RELEVANT 759151a8-eb10-11e3-b98c-72cef4a00499
ACTION SNIPPET 1200 795 SNIPPET_NOT_RELEVANT 704c031049d05736cf25dc6923a823bb
ACTION SNIPPET 1200 795 SNIPPET_NOT_RELEVANT a303004eb7f2209c9f19930fbd2242e9
ACTION SNIPPET 1200 795 SNIPPET_NOT_RELEVANT 7eb096a357f9c2114e6d1153c6fa4f71
ACTION SNIPPET 1200 795 SNIPPET_NOT_RELEVANT f438d90e50083dc32ad143933994b354
ACTION SNIPPET 1200 795 SNIPPET_NOT_RELEVANT 257ab0825b4414b53450ab7e2ab89314
ACTION SNIPPET 1200 795 SNIPPET_NOT_RELEVANT 3efdbc3732f1c25410c4e7cddb269476
ACTION SNIPPET 1200 795 SNIPPET_NOT_RELEVANT 369113e28182a1c7240698b0dd17426e
ACTION SNIPPET 1200 795 SNIPPET_NOT_RELEVANT 70440abe-9a61-11e4-a7ee-526210d665b4
ACTION SNIPPET 1200 795 SEEN_PREVIOUSLY 7e3d5d68e685850c9d63d52a5d681c3a
ACTION SNIPPET 1200 795 SNIPPET_NOT_RELEVANT 7add92b8617cf9b7f236daa4aaf108d9
ACTION SNIPPET 1200 795 SNIPPET_NOT_RELEVANT 8c8935054f034890da4c07131568be3f
ACTION SNIPPET 1200 795 SNIPPET_NOT_RELEVANT b31db0fa-528b-11e5-8c19-0b6825aa4a3a
ACTION SNIPPET 1200 795 SEEN_PREVIOUSLY 21afe738-951b-11e4-aabd-d0b93ff613d5
ACTION SNIPPET 1200 795 SNIPPET_NOT_RELEVANT 5e1c1f27-ab63-444f-98ca-fff75cb92d3b
ACTION SNIPPET 1200 795 SNIPPET_NOT_RELEVANT 3ef816d89dc6459a2aacd01841426799
ACTION SNIPPET 1200 795 SNIPPET_NOT_RELEVANT 5dc0e94094f0574877ceed70c1fd9aa0
ACTION SNIPPET 1200 795 SNIPPET_NOT_RELEVANT 04f5d30bdec6019823ce35d14f4b19d9
ACTION SNIPPET 1200 795 SNIPPET_NOT_RELEVANT c9d8d2c0-ef6b-11e5-a61f-e9c95c06edca
ACTION SNIPPET 1200 795 SNIPPET_NOT_RELEVANT bc23406c-ff0b-11e4-8c77-bf274685e1df
ACTION SNIPPET 1200 795 SNIPPET_NOT_RELEVANT ac8b1a62ef571ec82a318b5cda105064
ACTION SNIPPET 1200 795 SNIPPET_NOT_RELEVANT a3b374c4-8612-11e4-a702-fa31ff4ae98e
ACTION SNIPPET 1200 795 SNIPPET_RELEVANT af68cc66-8607-11e4-9534-f79a23c40e6c
ACTION DOC 1200 815 EXAMINING_DOCUMENT af68cc66-8607-11e4-9534-f79a23c40e6c
ACTION MARK 1200 818 CONSIDERED_RELEVANT af68cc66-8607-11e4-9534-f79a23c40e6c
ACTION SNIPPET 1200 818 SNIPPET_NOT_RELEVANT d7fd673d81d8c46dd66eb277aa31f3f6
ACTION SNIPPET 1200 818 SNIPPET_NOT_RELEVANT 936cba07588d6ed2c64a36f289c4bc1b
ACTION SNIPPET 1200 818 SNIPPET_NOT_RELEVANT 497b096c66e90229a77248fdc5c5e66e
ACTION SNIPPET 1200 818 SNIPPET_NOT_RELEVANT ed804898-0493-11e5-8bda-c7b4e9a8f7ac
ACTION SNIPPET 1200 818 SNIPPET_NOT_RELEVANT 4bb7c4cd-c4ee-4807-8809-66228e9c7283
ACTION SNIPPET 1200 818 SNIPPET_NOT_RELEVANT 800d904cdd7bde58ec2e19637c5a43d8
ACTION SNIPPET 1200 818 SNIPPET_NOT_RELEVANT 931e4ff6-eef5-11e5-89c3-a647fcce95e0
ACTION SNIPPET 1200 818 SNIPPET_NOT_RELEVANT 58a38eb6-c071-11e5-83d4-42e3bceea902
ACTION SNIPPET 1200 818 SNIPPET_NOT_RELEVANT c2fe94f4-975f-11e4-8005-1924ede3e54a
ACTION SNIPPET 1200 818 SNIPPET_NOT_RELEVANT 7cc22d01-2448-4312-bdc9-976ff13d8d60
ACTION SNIPPET 1200 818 SNIPPET_NOT_RELEVANT cd2b31dda11623bf55dccf933759f7a0
ACTION SNIPPET 1200 818 SNIPPET_NOT_RELEVANT e473b5c4-71ec-11e1-b747-ee64265ae6c6
ACTION SNIPPET 1200 818 SNIPPET_NOT_RELEVANT 3d40ab38-776d-11e5-a5e2-40d6b2ad18dd
ACTION SNIPPET 1200 818 SNIPPET_NOT_RELEVANT d30887b00afbe7c287c7b6f839e7859d
ACTION SNIPPET 1200 818 SNIPPET_NOT_RELEVANT 3d9cb34c-5688-11e1-8fb4-e176e27720b6
ACTION SNIPPET 1200 818 SNIPPET_NOT_RELEVANT af623c7a6a42adca73c8447787ee98d3
ACTION SNIPPET 1200 818 SNIPPET_NOT_RELEVANT 548a4b871eab8755bc3469ad0cdb4650
ACTION SNIPPET 1200 818 SNIPPET_NOT_RELEVANT 50201842-56bd-11e3-ba82-16ed03681809
ACTION SNIPPET 1200 818 SNIPPET_NOT_RELEVANT 2c945a36-862e-11e4-abcf-5a3d7b3b20b8
ACTION SNIPPET 1200 818 SNIPPET_NOT_RELEVANT 929cd3876161da3a4da24b50dc6ea837
ACTION SNIPPET 1200 818 SNIPPET_NOT_RELEVANT d6a70c32f286af27b59d2ba291a37e9e
ACTION SNIPPET 1200 818 SNIPPET_NOT_RELEVANT 25ec12c6-0fb3-11e2-ba6c-07bd866eb71a
ACTION SNIPPET 1200 818 SNIPPET_NOT_RELEVANT 30f22164-17bb-11e2-a55c-39408fbe6a4b
ACTION SNIPPET 1200 818 SNIPPET_NOT_RELEVANT 6759efc6-ed97-11e3-8a8a-e17c08f80871
ACTION SNIPPET 1200 818 SNIPPET_NOT_RELEVANT 3d9d8f24-5c44-11e3-95c2-13623eb2b0e1
ACTION SNIPPET 1200 818 SNIPPET_NOT_RELEVANT 625608f5a7e9efc62a8e3a89880cfe86
ACTION SNIPPET 1200 818 SEEN_PREVIOUSLY b6fd9c92dc01054ce3795fa44e92e42e
ACTION SNIPPET 1200 818 SNIPPET_NOT_RELEVANT a21c5496-bb91-11e4-9dfb-03366e719af8
ACTION SNIPPET 1200 818 SNIPPET_NOT_RELEVANT 55fc652c-dd49-11e4-a500-1c5bb1d8ff6a
ACTION SNIPPET 1200 818 SNIPPET_NOT_RELEVANT fd8a9be56d4a077b97ef934eb6612ce9
ACTION SNIPPET 1200 818 SNIPPET_NOT_RELEVANT 1969373140f77b2a453d8cdcade34477
ACTION SNIPPET 1200 818 SEEN_PREVIOUSLY 99c2fde82f52b42142d3f512c1b3d2a4
ACTION SNIPPET 1200 818 SNIPPET_NOT_RELEVANT 5f2bc7be-2e6a-11e6-b5db-e9bc84a2c8e4
ACTION SNIPPET 1200 818 SNIPPET_NOT_RELEVANT 4b8b1ef7771794ef16bf73c9f1be319e
ACTION SNIPPET 1200 818 SNIPPET_NOT_RELEVANT 9a5676e4-be92-11e3-bcec-b71ee10e9bc3
ACTION SNIPPET 1200 818 SEEN_PREVIOUSLY 2172e213b70dee89130673b2a1989a69
ACTION SNIPPET 1200 818 SNIPPET_NOT_RELEVANT e3611e76-0434-11e2-8102-ebee9c66e190
ACTION SNIPPET 1200 818 SNIPPET_NOT_RELEVANT 188579fd5367424ab30ce8a91f2f15eb
ACTION SNIPPET 1200 818 SNIPPET_NOT_RELEVANT 3455e334-f680-11e5-8b23-538270a1ca31
ACTION SNIPPET 1200 818 SNIPPET_NOT_RELEVANT 5b891ba2-1b6a-11e5-bd7f-4611a60dd8e5
INFO SERP_END_REACHED 
ACTION QUERY 1200 828 Gross imprisonment end
ACTION SERP 1200 833 EXAMINE_SERP
ACTION SNIPPET 1200 833 SNIPPET_NOT_RELEVANT 964e39fbba85dabcb29855ac95f2a042
ACTION SNIPPET 1200 833 SNIPPET_NOT_RELEVANT e0a2794e-fc34-11e1-a31e-804fccb658f9
ACTION SNIPPET 1200 833 SNIPPET_NOT_RELEVANT 6510294e-5b46-11e3-a49b-90a0e156254b
ACTION SNIPPET 1200 833 SNIPPET_NOT_RELEVANT df878826-0c09-11e2-a310-2363842b7057
ACTION SNIPPET 1200 833 SEEN_PREVIOUSLY e257c56e-8607-11e4-9534-f79a23c40e6c
ACTION SNIPPET 1200 833 SEEN_PREVIOUSLY bd1e6cc8d7525fec36a717be45638bf4
ACTION SNIPPET 1200 833 SNIPPET_NOT_RELEVANT c9ccd178-7c3c-11e2-a044-676856536b40
ACTION SNIPPET 1200 833 SEEN_PREVIOUSLY 2435768a-a389-11e5-b53d-972e2751f433
ACTION SNIPPET 1200 833 SNIPPET_NOT_RELEVANT 9cec7aeccb0974c7975b3d4807b0ec56
ACTION SNIPPET 1200 833 SEEN_PREVIOUSLY a2840518-85f5-11e4-a702-fa31ff4ae98e
ACTION SNIPPET 1200 833 SNIPPET_NOT_RELEVANT 419c57be-c6bd-11e5-9693-933a4d31bcc8
ACTION SNIPPET 1200 833 SNIPPET_RELEVANT b9cb8030fba501f3755e1ed0c2219c0b
ACTION DOC 1200 853 EXAMINING_DOCUMENT b9cb8030fba501f3755e1ed0c2219c0b
ACTION MARK 1200 856 CONSIDERED_RELEVANT b9cb8030fba501f3755e1ed0c2219c0b
ACTION SNIPPET 1200 856 SNIPPET_NOT_RELEVANT ffee0314-3f0e-11e2-ae43-cf491b837f7b
ACTION SNIPPET 1200 856 SEEN_PREVIOUSLY b35fbc5b3a2184b4156d19369b1f692c
ACTION SNIPPET 1200 856 SEEN_PREVIOUSLY c51b3ed8-8614-11e4-a702-fa31ff4ae98e
ACTION SNIPPET 1200 856 SNIPPET_NOT_RELEVANT d20cc2c6c85cc44e6465c8e115cd2de7
ACTION SNIPPET 1200 856 SEEN_PREVIOUSLY 59166cfa9a94db8ceba89416b03fcb52
ACTION SNIPPET 1200 856 SNIPPET_NOT_RELEVANT 3ef816d89dc6459a2aacd01841426799
ACTION SNIPPET 1200 856 SEEN_PREVIOUSLY 381eb70e6c6918ac4e811367f016877d
ACTION SNIPPET 1200 856 SEEN_PREVIOUSLY b6fd9c92dc01054ce3795fa44e92e42e
ACTION SNIPPET 1200 856 SEEN_PREVIOUSLY a5cd0538-884a-11e4-9534-f79a23c40e6c
ACTION SNIPPET 1200 856 SNIPPET_NOT_RELEVANT 3d9d8f24-5c44-11e3-95c2-13623eb2b0e1
ACTION SNIPPET 1200 856 SEEN_PREVIOUSLY 536baca2370b368620461178b76c2c63
ACTION SNIPPET 1200 856 SNIPPET_NOT_RELEVANT 9a5676e4-be92-11e3-bcec-b71ee10e9bc3
ACTION SNIPPET 1200 856 SNIPPET_NOT_RELEVANT e1e7acc6-751a-11e1-8fa6-9fcb4e001234
ACTION SNIPPET 1200 856 SNIPPET_NOT_RELEVANT e473b5c4-71ec-11e1-b747-ee64265ae6c6
ACTION SNIPPET 1200 856 SNIPPET_NOT_RELEVANT e5c1b4c6-eb39-11e3-9f5c-9075d5508f0a
ACTION SNIPPET 1200 856 SNIPPET_NOT_RELEVANT a7184f665e59110d07aa3bb702a861ab
ACTION SNIPPET 1200 856 SNIPPET_NOT_RELEVANT 79304456-20ac-11e3-b73c-aab60bf735d0
ACTION SNIPPET 1200 856 SNIPPET_NOT_RELEVANT 663808c8-36ea-11e1-9ee3-fd35588e7629
ACTION SNIPPET 1200 856 SEEN_PREVIOUSLY b4731e0feb66d312e49bcb3918fdddd7
ACTION SNIPPET 1200 856 SNIPPET_NOT_RELEVANT 3deff1ea-8353-11e1-b088-8660630b7284
ACTION SNIPPET 1200 856 SNIPPET_NOT_RELEVANT 1e6fd3f57a026cbcbb9c335fa3aae114
ACTION SNIPPET 1200 856 SNIPPET_NOT_RELEVANT 13cfa4ce-2403-11e5-b621-b55e495e9b78
ACTION SNIPPET 1200 856 SNIPPET_NOT_RELEVANT 66cd5574-3447-11e4-9e92-0899b306bbea
ACTION SNIPPET 1200 856 SNIPPET_RELEVANT 3d360db0e11312efb37444872dc72a70
ACTION DOC 1200 876 EXAMINING_DOCUMENT 3d360db0e11312efb37444872dc72a70
ACTION MARK 1200 879 CONSIDERED_RELEVANT 3d360db0e11312efb37444872dc72a70
ACTION SNIPPET 1200 879 SNIPPET_NOT_RELEVANT 2286ce34-b3c4-11e4-854b-a38d13486ba1
ACTION SNIPPET 1200 879 SEEN_PREVIOUSLY 896a73cba252280f805267293a7b684b
ACTION SNIPPET 1200 879 SEEN_PREVIOUSLY e19422d1710bf997024c9da25242cd8a
ACTION SNIPPET 1200 879 SNIPPET_NOT_RELEVANT 6fb9fe5c99737aa6d44674c7647e6f41
ACTION SNIPPET 1200 879 SNIPPET_NOT_RELEVANT 97d109c00c1d2b972be6694a91d53d24
ACTION SNIPPET 1200 879 SNIPPET_NOT_RELEVANT 6d7dd322-2f30-11e6-b5db-e9bc84a2c8e4
ACTION SNIPPET 1200 879 SNIPPET_RELEVANT a98f29e4-abc7-11e4-ad71-7b9eba0f87d6
ACTION DOC 1200 899 EXAMINING_DOCUMENT a98f29e4-abc7-11e4-ad71-7b9eba0f87d6
ACTION MARK 1200 902 CONSIDERED_RELEVANT a98f29e4-abc7-11e4-ad71-7b9eba0f87d6
ACTION SNIPPET 1200 902 SNIPPET_NOT_RELEVANT a033daeeda033d62be056d3faef355db
ACTION SNIPPET 1200 902 SNIPPET_NOT_RELEVANT e4632339d82e5334bff344765fed524d
ACTION SNIPPET 1200 902 SNIPPET_NOT_RELEVANT dde6bc2e-f01f-11e4-8666-a1d756d0218e
ACTION SNIPPET 1200 902 SNIPPET_NOT_RELEVANT 3ac7c991db7fa6d5449cb17dc8aec29d
ACTION SNIPPET 1200 902 SNIPPET_NOT_RELEVANT 625608f5a7e9efc62a8e3a89880cfe86
ACTION SNIPPET 1200 902 SNIPPET_NOT_RELEVANT 396f900a-e065-11e3-9743-bb9b59cde7b9
ACTION SNIPPET 1200 902 SNIPPET_NOT_RELEVANT 417bdfb9e6cbd6cebac75589b7094a93
ACTION SNIPPET 1200 902 SNIPPET_NOT_RELEVANT 59fcb9c3eb3a50f9f266c8084e78836e
ACTION SNIPPET 1200 902 SNIPPET_NOT_RELEVANT f802fa54f1130ae700bfc947e43a9b08
ACTION SNIPPET 1200 902 SNIPPET_NOT_RELEVANT bdae46d8-4ff8-11e4-babe-e91da079cb8a
ACTION SNIPPET 1200 902 SNIPPET_NOT_RELEVANT 25ec12c6-0fb3-11e2-ba6c-07bd866eb71a
ACTION SNIPPET 1200 902 SNIPPET_NOT_RELEVANT a4bd1098-ae5f-11e5-b820-eea4d64be2a1
ACTION SNIPPET 1200 902 SNIPPET_NOT_RELEVANT 5b0c7220c9bad0ff51b2d0430007ad3e
ACTION SNIPPET 1200 902 SNIPPET_NOT_RELEVANT 315d98936f56d7b8eca46bf9a0289ced
ACTION SNIPPET 1200 902 SNIPPET_NOT_RELEVANT 859cfe2a6ba077eba0c7ca759288b5a4
ACTION SNIPPET 1200 902 SNIPPET_NOT_RELEVANT 6cb6dda9496bd1ad04b157b1d0d4e40e
ACTION SNIPPET 1200 902 SNIPPET_NOT_RELEVANT f40f9f067e8deeb88f726c58be83c71d
ACTION SNIPPET 1200 902 SNIPPET_NOT_RELEVANT ceef789e57fb24eaffbf5231c59bb283
ACTION SNIPPET 1200 902 SNIPPET_NOT_RELEVANT b8693c9ccf5e58e32eda63ee5036862e
ACTION SNIPPET 1200 902 SNIPPET_NOT_RELEVANT 437e415c-a405-11e1-8d1f-323629c66cb9
ACTION SNIPPET 1200 902 SNIPPET_NOT_RELEVANT 8235dba4-abd2-11e3-a06a-e3230a43d6cb
ACTION SNIPPET 1200 902 SNIPPET_NOT_RELEVANT ec302b558a9dfcc95666bb459d36811e
ACTION SNIPPET 1200 902 SNIPPET_NOT_RELEVANT d9ee6cb49a28a4b1edf91329942ba394
ACTION SNIPPET 1200 902 SNIPPET_NOT_RELEVANT 8985cee55b8381961db7e8fc465b55ca
ACTION SNIPPET 1200 902 SNIPPET_NOT_RELEVANT a5ce8e3f965d57659d28bc730b3075f0
ACTION SNIPPET 1200 902 SNIPPET_NOT_RELEVANT b9ea0e4df288b327ba44c65613eb9de5
ACTION SNIPPET 1200 902 SNIPPET_NOT_RELEVANT 5f77ce5c5bc9554e45b6f4fbd75117f1
ACTION SNIPPET 1200 902 SNIPPET_NOT_RELEVANT af1da32395a1bc96e235b432c5407f8a
ACTION SNIPPET 1200 902 SNIPPET_NOT_RELEVANT 9eab2191b78e61773705394a0a9539a4
ACTION SNIPPET 1200 902 SNIPPET_NOT_RELEVANT 1ab7580d1dfa7fd2181b5b2f28a0d44d
ACTION SNIPPET 1200 902 SNIPPET_NOT_RELEVANT 9bdf5e920605c98ff642c271640aba86
ACTION SNIPPET 1200 902 SNIPPET_NOT_RELEVANT 62376c227c6fc22550eff985b180057e
ACTION SNIPPET 1200 902 SNIPPET_NOT_RELEVANT 8486658cdee99b8674ef3b5e83008cc7
ACTION SNIPPET 1200 902 SNIPPET_NOT_RELEVANT 87863f1eef8d1e650b5c56a48c79a34d
ACTION SNIPPET 1200 902 SNIPPET_NOT_RELEVANT 1e58f691e040e42100244558d675f08f
ACTION SNIPPET 1200 902 SNIPPET_NOT_RELEVANT 3955a2b0bcb61fb772ccbc7e02fa64ba
ACTION SNIPPET 1200 902 SNIPPET_NOT_RELEVANT 8881b99904f2e49fc500be42346bb05f
ACTION SNIPPET 1200 902 SNIPPET_NOT_RELEVANT 617f4767c19ed034ad5e0395326748af
ACTION SNIPPET 1200 902 SNIPPET_NOT_RELEVANT 812121d13c47249ca8610ecc51a42ea9
ACTION SNIPPET 1200 902 SNIPPET_NOT_RELEVANT f02ed391de32551a03c94e2a1b1c565a
ACTION SNIPPET 1200 902 SNIPPET_NOT_RELEVANT 219147c9a1f62c42ce654f96f94dd73b
ACTION SNIPPET 1200 902 SNIPPET_NOT_RELEVANT 32105e9c7d2b00344cfb6712da657bde
ACTION SNIPPET 1200 902 SNIPPET_NOT_RELEVANT 8f5cbf30a1fc4aef983832ed0e63b1b0
ACTION SNIPPET 1200 902 SNIPPET_NOT_RELEVANT c755d7189f245f5264f2c31e700a56b4
ACTION SNIPPET 1200 902 SNIPPET_NOT_RELEVANT 525f7fbf8b25a926e0350309ae4e9a3c
ACTION SNIPPET 1200 902 SNIPPET_NOT_RELEVANT c1b436cfad285aa2657a30e429a593ba
ACTION SNIPPET 1200 902 SNIPPET_NOT_RELEVANT d82aa4e048387549ed4c3fc274ae751f
ACTION SNIPPET 1200 902 SNIPPET_NOT_RELEVANT 462e16d1646021b1c97baadc59f12789
ACTION SNIPPET 1200 902 SNIPPET_NOT_RELEVANT 70363548c50391845aeb5621268921ee
ACTION SNIPPET 1200 902 SNIPPET_NOT_RELEVANT 531bec75e0279c7860b6ab345398f1fd
ACTION SNIPPET 1200 902 SNIPPET_NOT_RELEVANT 857322f278d2f5fef7606656fb7462f4
ACTION SNIPPET 1200 902 SNIPPET_NOT_RELEVANT 077b0c936169794f306a90573e1d5f37
ACTION SNIPPET 1200 902 SNIPPET_NOT_RELEVANT 531c853f5443c43ee15125e8f1d89a2c
ACTION SNIPPET 1200 902 SNIPPET_NOT_RELEVANT 2e2d308ce1722d34f63bf44ba801f975
ACTION SNIPPET 1200 902 SNIPPET_NOT_RELEVANT a1c5404b1965c846d1b664de1c28e5c2
ACTION SNIPPET 1200 902 SNIPPET_NOT_RELEVANT 2e17192cd16aba0120e661ca3a079a4d
ACTION SNIPPET 1200 902 SNIPPET_NOT_RELEVANT 8325030d803b658b70431c12af30699b
INFO SERP_END_REACHED 
ACTION QUERY 1200 912 Cuba US relations
ACTION SERP 1200 917 EXAMINE_SERP
ACTION SNIPPET 1200 917 SEEN_PREVIOUSLY 99c2fde82f52b42142d3f512c1b3d2a4
ACTION SNIPPET 1200 917 SNIPPET_NOT_RELEVANT 0a4b8146-544b-11e7-840b-512026319da7
ACTION SNIPPET 1200 917 SNIPPET_NOT_RELEVANT 8e7efbae9a49c9301c683781ebe738cc
ACTION SNIPPET 1200 917 SNIPPET_NOT_RELEVANT 5db06507054a9f8ed7d59effa4fac120
ACTION SNIPPET 1200 917 SNIPPET_NOT_RELEVANT 01b65de2-c737-11e4-b2a1-bed1aaea2816
ACTION SNIPPET 1200 917 SEEN_PREVIOUSLY c83cbba7c047f39a9da7477f5788e928
ACTION SNIPPET 1200 917 SEEN_PREVIOUSLY 255684fac624783a7425297114ad7db4
ACTION SNIPPET 1200 917 SNIPPET_NOT_RELEVANT bef25c59e859f0cb2a6d625bd5f1d5f3
ACTION SNIPPET 1200 917 SNIPPET_NOT_RELEVANT cbccbdd6-8607-11e4-abcf-5a3d7b3b20b8
ACTION SNIPPET 1200 917 SNIPPET_NOT_RELEVANT d718493a-0618-11e5-8bda-c7b4e9a8f7ac
ACTION SNIPPET 1200 917 SNIPPET_NOT_RELEVANT de9f18de935526364d1e5b8c2235a4bf
ACTION SNIPPET 1200 917 SNIPPET_NOT_RELEVANT b1dad52fef30422af44d3c6a5c4fa5e2
ACTION SNIPPET 1200 917 SEEN_PREVIOUSLY a25a15d4-860c-11e4-9534-f79a23c40e6c
ACTION SNIPPET 1200 917 SNIPPET_NOT_RELEVANT 45ce489072f5f72b6c858b2533c2d1e9
ACTION SNIPPET 1200 917 SNIPPET_NOT_RELEVANT 29dbe48a-bc66-11e4-9dfb-03366e719af8
ACTION SNIPPET 1200 917 SNIPPET_NOT_RELEVANT 61b17128-bd37-11e4-9dfb-03366e719af8
ACTION SNIPPET 1200 917 SNIPPET_NOT_RELEVANT e1d569a6-92b0-11e4-a66f-0ca5037a597d
ACTION SNIPPET 1200 917 SNIPPET_RELEVANT 9eb8e6fa-fe50-11e4-8b6c-0dcce21e223d
ACTION DOC 1200 937 EXAMINING_DOCUMENT 9eb8e6fa-fe50-11e4-8b6c-0dcce21e223d
ACTION MARK 1200 940 CONSIDERED_RELEVANT 9eb8e6fa-fe50-11e4-8b6c-0dcce21e223d
ACTION SNIPPET 1200 940 SNIPPET_NOT_RELEVANT 8a35f5f43c0ce90257fa0418fe910aa3
ACTION SNIPPET 1200 940 SNIPPET_NOT_RELEVANT 9143435e-2e8c-11e6-9b37-42985f6a265c
ACTION SNIPPET 1200 940 SNIPPET_NOT_RELEVANT e0c69bb4-2b87-4e91-960b-cc2ffd4ef86c
ACTION SNIPPET 1200 940 SNIPPET_NOT_RELEVANT c7533fc4-96af-11e4-8385-866293322c2f
ACTION SNIPPET 1200 940 SEEN_PREVIOUSLY a2840518-85f5-11e4-a702-fa31ff4ae98e
ACTION SNIPPET 1200 940 SNIPPET_NOT_RELEVANT bdd86fa4-97b4-11e4-8005-1924ede3e54a
ACTION SNIPPET 1200 940 SNIPPET_NOT_RELEVANT 20c92e7136df06b4477811091dae5d2a
ACTION SNIPPET 1200 940 SNIPPET_NOT_RELEVANT 84e21566625393ac284505218ef2bad5
ACTION SNIPPET 1200 940 SNIPPET_NOT_RELEVANT cd7476aa-360c-11e5-ab7b-6416d97c73c2
ACTION SNIPPET 1200 940 SNIPPET_NOT_RELEVANT 5ed435f8-8af6-11e4-8ff4-fb93129c9c8b
ACTION SNIPPET 1200 940 SNIPPET_NOT_RELEVANT 8f7dbd2e-e2d9-11e4-81ea-0649268f729e
ACTION SNIPPET 1200 940 SNIPPET_NOT_RELEVANT 5d8a10f4971d3cc1358ba18daa1ecc48
ACTION SNIPPET 1200 940 SNIPPET_NOT_RELEVANT e96a3a5ac3f01043c1d7ae3e5c6fe481
ACTION SNIPPET 1200 940 SNIPPET_NOT_RELEVANT 13acb87a-1e8f-11e5-84d5-eb37ee8eaa61
ACTION SNIPPET 1200 940 SNIPPET_NOT_RELEVANT 1c933aa0a03917b3fe637997765d6030
ACTION SNIPPET 1200 940 SNIPPET_NOT_RELEVANT cd4b477173b386d50733d6d626737fdd
ACTION SNIPPET 1200 940 SNIPPET_NOT_RELEVANT 726356e4-641e-11e3-af0d-4bb80d704888
ACTION SNIPPET 1200 940 SNIPPET_NOT_RELEVANT 0c4803c8-84fa-11e6-ac72-a29979381495
ACTION SNIPPET 1200 940 SNIPPET_NOT_RELEVANT 72055a1e-b5bd-11e6-959c-172c82123976
ACTION SNIPPET 1200 940 SNIPPET_NOT_RELEVANT e07aed2c-8a1a-11e4-a085-34e9b9f09a58
ACTION SNIPPET 1200 940 SNIPPET_NOT_RELEVANT 787f613a-860f-11e4-a702-fa31ff4ae98e
ACTION SNIPPET 1200 940 SNIPPET_NOT_RELEVANT 2238eee5494080b09bea41480ec2955e
ACTION SNIPPET 1200 940 SNIPPET_NOT_RELEVANT 42ead216-8632-11e4-b9b7-b8632ae73d25
ACTION SNIPPET 1200 940 SNIPPET_NOT_RELEVANT 31888c62-a62a-11e4-a06b-9df2002b86a0
ACTION SNIPPET 1200 940 SNIPPET_NOT_RELEVANT 96931dd2e0abc685a96d11f9eb7ed30e
ACTION SNIPPET 1200 940 SNIPPET_NOT_RELEVANT 1596d98a-2ecb-11e5-97ae-30a30cca95d7
ACTION SNIPPET 1200 940 SNIPPET_NOT_RELEVANT 9d575c8b9af30da9018539ce651b038a
ACTION SNIPPET 1200 940 SNIPPET_RELEVANT 9a394168-862f-11e4-a702-fa31ff4ae98e
ACTION DOC 1200 960 EXAMINING_DOCUMENT 9a394168-862f-11e4-a702-fa31ff4ae98e
ACTION MARK 1200 963 CONSIDERED_RELEVANT 9a394168-862f-11e4-a702-fa31ff4ae98e
ACTION SNIPPET 1200 963 SEEN_PREVIOUSLY 45f5ad88439a1e31ed51e7bb62cce463
ACTION SNIPPET 1200 963 SNIPPET_NOT_RELEVANT d19ef9761ad7e312002daed6804646b3
ACTION SNIPPET 1200 963 SNIPPET_NOT_RELEVANT 8e6ee050-2180-409a-a15b-bc8806cc045d
ACTION SNIPPET 1200 963 SNIPPET_NOT_RELEVANT 551bd888-d9a9-11e5-81ae-7491b9b9e7df
ACTION SNIPPET 1200 963 SNIPPET_NOT_RELEVANT 15df62b8-52be-11e7-b74e-0d2785d3083d
ACTION SNIPPET 1200 963 SNIPPET_NOT_RELEVANT 0ddb7baeb4e7c65b52c296f42908dc33
ACTION SNIPPET 1200 963 SNIPPET_NOT_RELEVANT c8b5c0de-86f2-11e4-9534-f79a23c40e6c
ACTION SNIPPET 1200 963 SNIPPET_NOT_RELEVANT cc2136991aa3a0c73f7f9c6f4431fee6
ACTION SNIPPET 1200 963 SNIPPET_RELEVANT 6bc69337453c33dbb7766679564aaac4
ACTION DOC 1200 983 EXAMINING_DOCUMENT 6bc69337453c33dbb7766679564aaac4
ACTION MARK 1200 986 CONSIDERED_RELEVANT 6bc69337453c33dbb7766679564aaac4
ACTION SNIPPET 1200 986 SNIPPET_NOT_RELEVANT 7cbc27a2-b169-11e5-9ab0-884d1cc4b33e
ACTION SNIPPET 1200 986 SNIPPET_NOT_RELEVANT e36bc6b263c505a31d594d4117eff531
ACTION SNIPPET 1200 986 SNIPPET_NOT_RELEVANT 914a90a18947c794c60e96752c939598
ACTION SNIPPET 1200 986 SNIPPET_NOT_RELEVANT 007a0486368dd6aa54f2b62cd431c046
ACTION SNIPPET 1200 986 SNIPPET_NOT_RELEVANT 37f4f4c3053d3813f4a349edebac4139
ACTION SNIPPET 1200 986 SNIPPET_NOT_RELEVANT edc4fc96-9fbf-11e5-a3c5-c77f2cc5a43c
ACTION SNIPPET 1200 986 SNIPPET_NOT_RELEVANT ff6044a7a2f361d4a057186db62f31cb
ACTION SNIPPET 1200 986 SNIPPET_NOT_RELEVANT 4b8b1ef7771794ef16bf73c9f1be319e
ACTION SNIPPET 1200 986 SNIPPET_NOT_RELEVANT f7860484-ea22-11e5-b0fd-073d5930a7b7
ACTION SNIPPET 1200 986 SNIPPET_NOT_RELEVANT 08366538-8612-11e4-9534-f79a23c40e6c
ACTION SNIPPET 1200 986 SNIPPET_NOT_RELEVANT d37d38a2-d657-11e5-b195-2e29a4e13425
ACTION SNIPPET 1200 986 SNIPPET_NOT_RELEVANT 0591e5f4-a44e-11e5-8318-bd8caed8c588
ACTION SNIPPET 1200 986 SNIPPET_NOT_RELEVANT 2a793da2-8a07-11e4-ace9-47de1af4c3eb
ACTION SNIPPET 1200 986 SNIPPET_NOT_RELEVANT 97d109c00c1d2b972be6694a91d53d24
ACTION SNIPPET 1200 986 SNIPPET_NOT_RELEVANT 7af87be2-d8a6-11e4-b3f2-607bd612aeac
ACTION SNIPPET 1200 986 SEEN_PREVIOUSLY 52fedaac-870a-11e4-9534-f79a23c40e6c
ACTION SNIPPET 1200 986 SNIPPET_NOT_RELEVANT 3fd2ada8-86f3-11e4-abcf-5a3d7b3b20b8
ACTION SNIPPET 1200 986 SNIPPET_NOT_RELEVANT e215534a46da3b92ac51f36fd5f3cd1b
ACTION SNIPPET 1200 986 SNIPPET_NOT_RELEVANT 7625c4a4-e8f4-11e4-8581-633c536add4b
ACTION SNIPPET 1200 986 SNIPPET_NOT_RELEVANT e506bacb2d1c09a22bc8954ad089fe6c
ACTION SNIPPET 1200 986 SNIPPET_NOT_RELEVANT 83f8fca894b491ce386823ee0da688d4
ACTION SNIPPET 1200 986 SNIPPET_NOT_RELEVANT 625608f5a7e9efc62a8e3a89880cfe86
ACTION SNIPPET 1200 986 SNIPPET_NOT_RELEVANT 1a872f52-8664-11e6-ac72-a29979381495
ACTION SNIPPET 1200 986 SNIPPET_NOT_RELEVANT d295d95c-b3f7-11e6-840f-e3ebab6bcdd3
ACTION SNIPPET 1200 986 SEEN_PREVIOUSLY b35fbc5b3a2184b4156d19369b1f692c
ACTION SNIPPET 1200 986 SNIPPET_NOT_RELEVANT 1cebbf0a-7cca-11e5-b575-d8dcfedb4ea1
ACTION SNIPPET 1200 986 SNIPPET_NOT_RELEVANT cda610b6-a1ba-11e4-91fc-7dff95a14458
ACTION SNIPPET 1200 986 SNIPPET_NOT_RELEVANT 57001356cd2331a17a641b99a63c10b2
ACTION SNIPPET 1200 986 SNIPPET_NOT_RELEVANT 929cd3876161da3a4da24b50dc6ea837
ACTION SNIPPET 1200 986 SEEN_PREVIOUSLY e19422d1710bf997024c9da25242cd8a
ACTION SNIPPET 1200 986 SNIPPET_NOT_RELEVANT 931e4ff6-eef5-11e5-89c3-a647fcce95e0
ACTION SNIPPET 1200 986 SNIPPET_RELEVANT 793bad94-8606-11e4-a702-fa31ff4ae98e
ACTION DOC 1200 1006 EXAMINING_DOCUMENT 793bad94-8606-11e4-a702-fa31ff4ae98e
ACTION MARK 1200 1009 CONSIDERED_RELEVANT 793bad94-8606-11e4-a702-fa31ff4ae98e
ACTION SNIPPET 1200 1009 SNIPPET_NOT_RELEVANT babeaf84-912b-11e4-a412-4b735edc7175
ACTION SNIPPET 1200 1009 SNIPPET_NOT_RELEVANT 55faa043ae5374a7335a4028591ec52e
ACTION SNIPPET 1200 1009 SNIPPET_NOT_RELEVANT 7d418a30-86dd-11e4-b9b7-b8632ae73d25
ACTION SNIPPET 1200 1009 SNIPPET_NOT_RELEVANT 0e0068e6-70ff-11e5-ba14-318f8e87a2fc
ACTION SNIPPET 1200 1009 SNIPPET_NOT_RELEVANT 42d96224-db3f-11e6-8902-610fe486791c
ACTION SNIPPET 1200 1009 SEEN_PREVIOUSLY a98f29e4-abc7-11e4-ad71-7b9eba0f87d6
ACTION SNIPPET 1200 1009 SNIPPET_NOT_RELEVANT 964118e2-5ac9-11e4-9d6c-756a229d8b18
ACTION SNIPPET 1200 1009 SNIPPET_NOT_RELEVANT fef02372-880e-11e2-b412-2e8596e7c927
ACTION SNIPPET 1200 1009 SNIPPET_NOT_RELEVANT 881135f0-5e80-11e2-8acb-ab5cb77e95c8
ACTION SNIPPET 1200 1009 SNIPPET_NOT_RELEVANT 5ba1558c-ddce-11e6-acdf-14da832ae861
ACTION SNIPPET 1200 1009 SNIPPET_NOT_RELEVANT 28ad4c70-e64a-11e5-a6f3-21ccdbc5f74e
ACTION SNIPPET 1200 1009 SNIPPET_NOT_RELEVANT a21c5496-bb91-11e4-9dfb-03366e719af8
ACTION SNIPPET 1200 1009 SNIPPET_NOT_RELEVANT 0daec4daef05bfee53d6406d634ae201
INFO SERP_END_REACHED 
INFO OUT_OF_QUERIES 
INFO SUMMARY 
INFO TOTAL_QUERIES_ISSUED 9
INFO TOTAL_SNIPPETS_EXAMINED 573
INFO TOTAL_DOCUMENTS_EXAMINED 38
INFO TOTAL_DOCUMENTS_MARKED_RELEVANT 38
INFO TOTAL_ATTRACTIVE_SERP_IMPRESSIONS 9
INFO TOTAL_UNATTRACTIVE_SERP_IMPRESSIONS 0
INFO TOTAL_TREC_RELEVANT_DOCS 38
INFO TOTAL_UNIQ_TREC_RELEVANT_DOCS 38
INFO PRECISION_TREC_RELEVANT_DOCS 1.0
