ACTION START 1200 0 START
ACTION QUERY 1200 10 Jason Rezaian release
ACTION SERP 1200 15 EXAMINE_SERP
ACTION SNIPPET 1200 15 SNIPPET_RELEVANT 24a861de-2b0e-11e5-a5ea-cf74396e59ec
ACTION DOC 1200 35 EXAMINING_DOCUMENT 24a861de-2b0e-11e5-a5ea-cf74396e59ec
ACTION SNIPPET 1200 35 SNIPPET_RELEVANT b06f153dcaa4b0b5f00840c1d4ba6d6d
ACTION DOC 1200 55 EXAMINING_DOCUMENT b06f153dcaa4b0b5f00840c1d4ba6d6d
ACTION SNIPPET 1200 55 SNIPPET_RELEVANT 811bb46e-2cd7-11e5-bd33-395c05608059
ACTION DOC 1200 75 EXAMINING_DOCUMENT 811bb46e-2cd7-11e5-bd33-395c05608059
ACTION MARK 1200 78 CONSIDERED_RELEVANT 811bb46e-2cd7-11e5-bd33-395c05608059
ACTION SNIPPET 1200 78 SNIPPET_RELEVANT a8f788d9d04f18d6e0d31bd1c64f5d48
ACTION DOC 1200 98 EXAMINING_DOCUMENT a8f788d9d04f18d6e0d31bd1c64f5d48
ACTION MARK 1200 101 CONSIDERED_RELEVANT a8f788d9d04f18d6e0d31bd1c64f5d48
ACTION SNIPPET 1200 101 SNIPPET_RELEVANT 14126822-7403-11e5-8d93-0af317ed58c9
ACTION DOC 1200 121 EXAMINING_DOCUMENT 14126822-7403-11e5-8d93-0af317ed58c9
ACTION SNIPPET 1200 121 SNIPPET_RELEVANT f37a4092-65be-11e4-bb14-4cfea1e742d5
ACTION DOC 1200 141 EXAMINING_DOCUMENT f37a4092-65be-11e4-bb14-4cfea1e742d5
ACTION QUERY 1200 151 Jason Rezaian released
ACTION SERP 1200 156 EXAMINE_SERP
ACTION SNIPPET 1200 156 SEEN_PREVIOUSLY 24a861de-2b0e-11e5-a5ea-cf74396e59ec
ACTION SNIPPET 1200 156 SEEN_PREVIOUSLY b06f153dcaa4b0b5f00840c1d4ba6d6d
ACTION SNIPPET 1200 156 SEEN_PREVIOUSLY 811bb46e-2cd7-11e5-bd33-395c05608059
ACTION SNIPPET 1200 156 SEEN_PREVIOUSLY a8f788d9d04f18d6e0d31bd1c64f5d48
ACTION SNIPPET 1200 156 SEEN_PREVIOUSLY 14126822-7403-11e5-8d93-0af317ed58c9
ACTION SNIPPET 1200 156 SEEN_PREVIOUSLY f37a4092-65be-11e4-bb14-4cfea1e742d5
ACTION SNIPPET 1200 156 SNIPPET_RELEVANT 097cde8e-70f6-11e5-9cbb-790369643cf9
ACTION DOC 1200 176 EXAMINING_DOCUMENT 097cde8e-70f6-11e5-9cbb-790369643cf9
ACTION SNIPPET 1200 176 SNIPPET_RELEVANT 9435a5a8-037b-11e5-a428-c984eb077d4e
ACTION DOC 1200 196 EXAMINING_DOCUMENT 9435a5a8-037b-11e5-a428-c984eb077d4e
ACTION SNIPPET 1200 196 SNIPPET_RELEVANT b69943ee-e5f5-4a86-9c35-64cd3496f332
ACTION DOC 1200 216 EXAMINING_DOCUMENT b69943ee-e5f5-4a86-9c35-64cd3496f332
ACTION SNIPPET 1200 216 SNIPPET_RELEVANT bfb5c112-912f-11e5-befa-99ceebcbb272
ACTION DOC 1200 236 EXAMINING_DOCUMENT bfb5c112-912f-11e5-befa-99ceebcbb272
ACTION SNIPPET 1200 236 SNIPPET_RELEVANT b47273ba-c09e-11e5-bcda-62a36b394160
ACTION DOC 1200 256 EXAMINING_DOCUMENT b47273ba-c09e-11e5-bcda-62a36b394160
ACTION MARK 1200 259 CONSIDERED_RELEVANT b47273ba-c09e-11e5-bcda-62a36b394160
ACTION SNIPPET 1200 259 SNIPPET_RELEVANT 4572c4d6-45e4-11e5-8ab4-c73967a143d3
ACTION DOC 1200 279 EXAMINING_DOCUMENT 4572c4d6-45e4-11e5-8ab4-c73967a143d3
ACTION QUERY 1200 289 Iran prisoner freed
ACTION SERP 1200 294 EXAMINE_SERP
ACTION SNIPPET 1200 294 SNIPPET_RELEVANT 3df49c66-bc77-11e5-829c-26ffb874a18d
ACTION DOC 1200 314 EXAMINING_DOCUMENT 3df49c66-bc77-11e5-829c-26ffb874a18d
ACTION MARK 1200 317 CONSIDERED_RELEVANT 3df49c66-bc77-11e5-829c-26ffb874a18d
ACTION SNIPPET 1200 317 SNIPPET_RELEVANT e4ac4628-bd79-11e5-98c8-7fab78677d51
ACTION DOC 1200 337 EXAMINING_DOCUMENT e4ac4628-bd79-11e5-98c8-7fab78677d51
ACTION MARK 1200 340 CONSIDERED_RELEVANT e4ac4628-bd79-11e5-98c8-7fab78677d51
ACTION SNIPPET 1200 340 SNIPPET_RELEVANT ac8a9988-a190-474b-8c31-6b46db296b0e
ACTION DOC 1200 360 EXAMINING_DOCUMENT ac8a9988-a190-474b-8c31-6b46db296b0e
ACTION SNIPPET 1200 360 SNIPPET_RELEVANT c9b61f40-bd58-11e5-83d4-42e3bceea902
ACTION DOC 1200 380 EXAMINING_DOCUMENT c9b61f40-bd58-11e5-83d4-42e3bceea902
ACTION MARK 1200 383 CONSIDERED_RELEVANT c9b61f40-bd58-11e5-83d4-42e3bceea902
ACTION SNIPPET 1200 383 SNIPPET_RELEVANT 7add92b8617cf9b7f236daa4aaf108d9
ACTION DOC 1200 403 EXAMINING_DOCUMENT 7add92b8617cf9b7f236daa4aaf108d9
ACTION MARK 1200 406 CONSIDERED_RELEVANT 7add92b8617cf9b7f236daa4aaf108d9
ACTION SNIPPET 1200 406 SNIPPET_RELEVANT f2c766fe-207b-11e3-9ad0-96244100e647
ACTION DOC 1200 426 EXAMINING_DOCUMENT f2c766fe-207b-11e3-9ad0-96244100e647
ACTION QUERY 1200 436 Iran prisoner release
ACTION SERP 1200 441 EXAMINE_SERP
ACTION SNIPPET 1200 441 SNIPPET_RELEVANT cb1ad47a5e8c1a5063e1ced2068d3fac
ACTION DOC 1200 461 EXAMINING_DOCUMENT cb1ad47a5e8c1a5063e1ced2068d3fac
ACTION MARK 1200 464 CONSIDERED_RELEVANT cb1ad47a5e8c1a5063e1ced2068d3fac
ACTION SNIPPET 1200 464 SNIPPET_RELEVANT 5e54582a1db1275db5d63b0799b94b73
ACTION DOC 1200 484 EXAMINING_DOCUMENT 5e54582a1db1275db5d63b0799b94b73
ACTION MARK 1200 487 CONSIDERED_RELEVANT 5e54582a1db1275db5d63b0799b94b73
ACTION SNIPPET 1200 487 SNIPPET_RELEVANT bb5147c74380d53ba988c8b2e5fe5210
ACTION DOC 1200 507 EXAMINING_DOCUMENT bb5147c74380d53ba988c8b2e5fe5210
ACTION MARK 1200 510 CONSIDERED_RELEVANT bb5147c74380d53ba988c8b2e5fe5210
ACTION SNIPPET 1200 510 SNIPPET_RELEVANT 7eb096a357f9c2114e6d1153c6fa4f71
ACTION DOC 1200 530 EXAMINING_DOCUMENT 7eb096a357f9c2114e6d1153c6fa4f71
ACTION MARK 1200 533 CONSIDERED_RELEVANT 7eb096a357f9c2114e6d1153c6fa4f71
ACTION SNIPPET 1200 533 SNIPPET_RELEVANT 30db5ac2-f175-48b5-8e7f-c0abd12b2ae0
ACTION DOC 1200 553 EXAMINING_DOCUMENT 30db5ac2-f175-48b5-8e7f-c0abd12b2ae0
ACTION SNIPPET 1200 553 SNIPPET_RELEVANT 31f17020-bc71-11e5-99f3-184bc379b12d
ACTION DOC 1200 573 EXAMINING_DOCUMENT 31f17020-bc71-11e5-99f3-184bc379b12d
ACTION QUERY 1200 583 Washington Post journalist released
ACTION SERP 1200 588 EXAMINE_SERP
ACTION SNIPPET 1200 588 SNIPPET_RELEVANT 1db2cd6a-4b00-11e2-b709-667035ff9029
ACTION DOC 1200 608 EXAMINING_DOCUMENT 1db2cd6a-4b00-11e2-b709-667035ff9029
ACTION SNIPPET 1200 608 SNIPPET_RELEVANT 15273ede-350d-11e5-8e66-07b4603ec92a
ACTION DOC 1200 628 EXAMINING_DOCUMENT 15273ede-350d-11e5-8e66-07b4603ec92a
ACTION SNIPPET 1200 628 SNIPPET_RELEVANT 1a13511e-1356-11e4-8936-26932bcfd6ed
ACTION DOC 1200 648 EXAMINING_DOCUMENT 1a13511e-1356-11e4-8936-26932bcfd6ed
ACTION SNIPPET 1200 648 SNIPPET_RELEVANT a9b7886e5dce5bf85225fae801736804
ACTION DOC 1200 668 EXAMINING_DOCUMENT a9b7886e5dce5bf85225fae801736804
ACTION SNIPPET 1200 668 SNIPPET_RELEVANT f808791e521eaa3912e1be156f956e70
ACTION DOC 1200 688 EXAMINING_DOCUMENT f808791e521eaa3912e1be156f956e70
ACTION MARK 1200 691 CONSIDERED_RELEVANT f808791e521eaa3912e1be156f956e70
ACTION SNIPPET 1200 691 SNIPPET_RELEVANT 23e9a939e445d3660b94aa7970a1c987
ACTION DOC 1200 711 EXAMINING_DOCUMENT 23e9a939e445d3660b94aa7970a1c987
ACTION QUERY 1200 721 Iran prisoner release Washington Post
ACTION SERP 1200 726 EXAMINE_SERP
ACTION SNIPPET 1200 726 SEEN_PREVIOUSLY 3df49c66-bc77-11e5-829c-26ffb874a18d
ACTION SNIPPET 1200 726 SNIPPET_RELEVANT 24f769426abf7de597db3761b8fc586c
ACTION DOC 1200 746 EXAMINING_DOCUMENT 24f769426abf7de597db3761b8fc586c
ACTION MARK 1200 749 CONSIDERED_RELEVANT 24f769426abf7de597db3761b8fc586c
ACTION SNIPPET 1200 749 SEEN_PREVIOUSLY 15273ede-350d-11e5-8e66-07b4603ec92a
ACTION SNIPPET 1200 749 SEEN_PREVIOUSLY bfb5c112-912f-11e5-befa-99ceebcbb272
ACTION SNIPPET 1200 749 SNIPPET_RELEVANT f71282da068683dfe19bd325635814d4
ACTION DOC 1200 769 EXAMINING_DOCUMENT f71282da068683dfe19bd325635814d4
ACTION SNIPPET 1200 769 SEEN_PREVIOUSLY c9b61f40-bd58-11e5-83d4-42e3bceea902
ACTION SNIPPET 1200 769 SNIPPET_RELEVANT e8ee7858-ba38-11e5-829c-26ffb874a18d
ACTION DOC 1200 789 EXAMINING_DOCUMENT e8ee7858-ba38-11e5-829c-26ffb874a18d
ACTION MARK 1200 792 CONSIDERED_RELEVANT e8ee7858-ba38-11e5-829c-26ffb874a18d
ACTION SNIPPET 1200 792 SNIPPET_RELEVANT 24cfbc61-08bc-4282-86c0-d6bbc8248ed1
ACTION DOC 1200 812 EXAMINING_DOCUMENT 24cfbc61-08bc-4282-86c0-d6bbc8248ed1
ACTION MARK 1200 815 CONSIDERED_RELEVANT 24cfbc61-08bc-4282-86c0-d6bbc8248ed1
ACTION SNIPPET 1200 815 SEEN_PREVIOUSLY 30db5ac2-f175-48b5-8e7f-c0abd12b2ae0
ACTION SNIPPET 1200 815 SNIPPET_RELEVANT 9e775abca60dad5d4b440452eb69feba
ACTION DOC 1200 835 EXAMINING_DOCUMENT 9e775abca60dad5d4b440452eb69feba
ACTION SNIPPET 1200 835 SEEN_PREVIOUSLY 7add92b8617cf9b7f236daa4aaf108d9
ACTION SNIPPET 1200 835 SNIPPET_RELEVANT 1c48b73eb661245f85849e3d31b8b45c
ACTION DOC 1200 855 EXAMINING_DOCUMENT 1c48b73eb661245f85849e3d31b8b45c
ACTION QUERY 1200 865 Iran frees Jason Rezaian
ACTION SERP 1200 870 EXAMINE_SERP
ACTION SNIPPET 1200 870 SEEN_PREVIOUSLY 24a861de-2b0e-11e5-a5ea-cf74396e59ec
ACTION SNIPPET 1200 870 SNIPPET_RELEVANT 9ab08930-5005-11e5-8c19-0b6825aa4a3a
ACTION DOC 1200 890 EXAMINING_DOCUMENT 9ab08930-5005-11e5-8c19-0b6825aa4a3a
ACTION SNIPPET 1200 890 SNIPPET_RELEVANT d1c9591e-7f05-11e4-8882-03cf08410beb
ACTION DOC 1200 910 EXAMINING_DOCUMENT d1c9591e-7f05-11e4-8882-03cf08410beb
ACTION SNIPPET 1200 910 SNIPPET_RELEVANT 31992446-b07f-11e4-886b-c22184f27c35
ACTION DOC 1200 930 EXAMINING_DOCUMENT 31992446-b07f-11e4-886b-c22184f27c35
ACTION SNIPPET 1200 930 SNIPPET_RELEVANT e01e966a-c978-11e4-a199-6cb5e63819d2
ACTION DOC 1200 950 EXAMINING_DOCUMENT e01e966a-c978-11e4-a199-6cb5e63819d2
ACTION SNIPPET 1200 950 SNIPPET_RELEVANT d71c4f58-2fd5-11e5-97ae-30a30cca95d7
ACTION DOC 1200 970 EXAMINING_DOCUMENT d71c4f58-2fd5-11e5-97ae-30a30cca95d7
ACTION SNIPPET 1200 970 SEEN_PREVIOUSLY f71282da068683dfe19bd325635814d4
ACTION SNIPPET 1200 970 SNIPPET_RELEVANT 2428154a-5fb4-11e4-91f7-5d89b5e8c251
ACTION DOC 1200 990 EXAMINING_DOCUMENT 2428154a-5fb4-11e4-91f7-5d89b5e8c251
ACTION QUERY 1200 1000 Iran prisoner swap
ACTION SERP 1200 1005 EXAMINE_SERP
ACTION SNIPPET 1200 1005 SNIPPET_RELEVANT 704c031049d05736cf25dc6923a823bb
ACTION DOC 1200 1025 EXAMINING_DOCUMENT 704c031049d05736cf25dc6923a823bb
ACTION SNIPPET 1200 1025 SNIPPET_RELEVANT b31db0fa-528b-11e5-8c19-0b6825aa4a3a
ACTION DOC 1200 1045 EXAMINING_DOCUMENT b31db0fa-528b-11e5-8c19-0b6825aa4a3a
ACTION MARK 1200 1048 CONSIDERED_RELEVANT b31db0fa-528b-11e5-8c19-0b6825aa4a3a
ACTION SNIPPET 1200 1048 SEEN_PREVIOUSLY 7eb096a357f9c2114e6d1153c6fa4f71
ACTION SNIPPET 1200 1048 SNIPPET_RELEVANT 58a38eb6-c071-11e5-83d4-42e3bceea902
ACTION DOC 1200 1068 EXAMINING_DOCUMENT 58a38eb6-c071-11e5-83d4-42e3bceea902
ACTION MARK 1200 1071 CONSIDERED_RELEVANT 58a38eb6-c071-11e5-83d4-42e3bceea902
ACTION SNIPPET 1200 1071 SEEN_PREVIOUSLY 7add92b8617cf9b7f236daa4aaf108d9
ACTION SNIPPET 1200 1071 SNIPPET_RELEVANT 2ea76f7e-70ab-11e7-8f39-eeb7d3a2d304
ACTION DOC 1200 1091 EXAMINING_DOCUMENT 2ea76f7e-70ab-11e7-8f39-eeb7d3a2d304
ACTION SNIPPET 1200 1091 SEEN_PREVIOUSLY 31f17020-bc71-11e5-99f3-184bc379b12d
ACTION SNIPPET 1200 1091 SNIPPET_RELEVANT 58d8bc42-c131-11e5-bcda-62a36b394160
ACTION DOC 1200 1111 EXAMINING_DOCUMENT 58d8bc42-c131-11e5-bcda-62a36b394160
ACTION MARK 1200 1114 CONSIDERED_RELEVANT 58d8bc42-c131-11e5-bcda-62a36b394160
ACTION SNIPPET 1200 1114 SNIPPET_RELEVANT 987942ba-6d7c-11e7-9c15-177740635e83
ACTION DOC 1200 1134 EXAMINING_DOCUMENT 987942ba-6d7c-11e7-9c15-177740635e83
ACTION QUERY 1200 1144 Rezaian prison release
ACTION SERP 1200 1149 EXAMINE_SERP
ACTION SNIPPET 1200 1149 SEEN_PREVIOUSLY bfb5c112-912f-11e5-befa-99ceebcbb272
ACTION SNIPPET 1200 1149 SNIPPET_RELEVANT c3c4f16a-c5e1-11e5-a4aa-f25866ba0dc6
ACTION DOC 1200 1169 EXAMINING_DOCUMENT c3c4f16a-c5e1-11e5-a4aa-f25866ba0dc6
ACTION MARK 1200 1172 CONSIDERED_RELEVANT c3c4f16a-c5e1-11e5-a4aa-f25866ba0dc6
ACTION SNIPPET 1200 1172 SNIPPET_RELEVANT 73d3a350-478c-11e5-8ab4-c73967a143d3
ACTION DOC 1200 1192 EXAMINING_DOCUMENT 73d3a350-478c-11e5-8ab4-c73967a143d3
ACTION SNIPPET 1200 1192 SNIPPET_RELEVANT 6bf3a3ba-c63f-11e5-a4aa-f25866ba0dc6
ACTION DOC 1200 1212 EXAMINING_DOCUMENT 6bf3a3ba-c63f-11e5-a4aa-f25866ba0dc6
INFO SUMMARY 
INFO TOTAL_QUERIES_ISSUED 9
INFO TOTAL_SNIPPETS_EXAMINED 69
INFO TOTAL_DOCUMENTS_EXAMINED 51
INFO TOTAL_DOCUMENTS_MARKED_RELEVANT 20
INFO TOTAL_ATTRACTIVE_SERP_IMPRESSIONS 9
INFO TOTAL_UNATTRACTIVE_SERP_IMPRESSIONS 0
