ACTION START 1200 0 START
ACTION QUERY 1200 10 Jason Rezaian released
ACTION SERP 1200 15 EXAMINE_SERP
ACTION SNIPPET 1200 15 SNIPPET_RELEVANT 24a861de-2b0e-11e5-a5ea-cf74396e59ec
ACTION DOC 1200 35 EXAMINING_DOCUMENT 24a861de-2b0e-11e5-a5ea-cf74396e59ec
ACTION SNIPPET 1200 35 SNIPPET_RELEVANT b06f153dcaa4b0b5f00840c1d4ba6d6d
ACTION DOC 1200 55 EXAMINING_DOCUMENT b06f153dcaa4b0b5f00840c1d4ba6d6d
ACTION MARK 1200 58 CONSIDERED_RELEVANT b06f153dcaa4b0b5f00840c1d4ba6d6d
ACTION SNIPPET 1200 58 SNIPPET_RELEVANT 811bb46e-2cd7-11e5-bd33-395c05608059
ACTION DOC 1200 78 EXAMINING_DOCUMENT 811bb46e-2cd7-11e5-bd33-395c05608059
ACTION MARK 1200 81 CONSIDERED_RELEVANT 811bb46e-2cd7-11e5-bd33-395c05608059
ACTION SNIPPET 1200 81 SNIPPET_RELEVANT a8f788d9d04f18d6e0d31bd1c64f5d48
ACTION DOC 1200 101 EXAMINING_DOCUMENT a8f788d9d04f18d6e0d31bd1c64f5d48
ACTION MARK 1200 104 CONSIDERED_RELEVANT a8f788d9d04f18d6e0d31bd1c64f5d48
ACTION SNIPPET 1200 104 SNIPPET_RELEVANT 14126822-7403-11e5-8d93-0af317ed58c9
ACTION DOC 1200 124 EXAMINING_DOCUMENT 14126822-7403-11e5-8d93-0af317ed58c9
ACTION SNIPPET 1200 124 SNIPPET_RELEVANT f37a4092-65be-11e4-bb14-4cfea1e742d5
ACTION DOC 1200 144 EXAMINING_DOCUMENT f37a4092-65be-11e4-bb14-4cfea1e742d5
ACTION QUERY 1200 154 Iran prison release
ACTION SERP 1200 159 EXAMINE_SERP
ACTION SNIPPET 1200 159 SNIPPET_RELEVANT cb1ad47a5e8c1a5063e1ced2068d3fac
ACTION DOC 1200 179 EXAMINING_DOCUMENT cb1ad47a5e8c1a5063e1ced2068d3fac
ACTION MARK 1200 182 CONSIDERED_RELEVANT cb1ad47a5e8c1a5063e1ced2068d3fac
ACTION SNIPPET 1200 182 SNIPPET_RELEVANT 5e54582a1db1275db5d63b0799b94b73
ACTION DOC 1200 202 EXAMINING_DOCUMENT 5e54582a1db1275db5d63b0799b94b73
ACTION MARK 1200 205 CONSIDERED_RELEVANT 5e54582a1db1275db5d63b0799b94b73
ACTION SNIPPET 1200 205 SNIPPET_RELEVANT bb5147c74380d53ba988c8b2e5fe5210
ACTION DOC 1200 225 EXAMINING_DOCUMENT bb5147c74380d53ba988c8b2e5fe5210
ACTION MARK 1200 228 CONSIDERED_RELEVANT bb5147c74380d53ba988c8b2e5fe5210
ACTION SNIPPET 1200 228 SNIPPET_RELEVANT 7eb096a357f9c2114e6d1153c6fa4f71
ACTION DOC 1200 248 EXAMINING_DOCUMENT 7eb096a357f9c2114e6d1153c6fa4f71
ACTION MARK 1200 251 CONSIDERED_RELEVANT 7eb096a357f9c2114e6d1153c6fa4f71
ACTION SNIPPET 1200 251 SNIPPET_RELEVANT 30db5ac2-f175-48b5-8e7f-c0abd12b2ae0
ACTION DOC 1200 271 EXAMINING_DOCUMENT 30db5ac2-f175-48b5-8e7f-c0abd12b2ae0
ACTION SNIPPET 1200 271 SNIPPET_RELEVANT 31f17020-bc71-11e5-99f3-184bc379b12d
ACTION DOC 1200 291 EXAMINING_DOCUMENT 31f17020-bc71-11e5-99f3-184bc379b12d
ACTION MARK 1200 294 CONSIDERED_RELEVANT 31f17020-bc71-11e5-99f3-184bc379b12d
ACTION QUERY 1200 304 Washington Post journalist freed
ACTION SERP 1200 309 EXAMINE_SERP
ACTION SNIPPET 1200 309 SNIPPET_RELEVANT e383eac3c83f07adf53dfc2184d7a4f8
ACTION DOC 1200 329 EXAMINING_DOCUMENT e383eac3c83f07adf53dfc2184d7a4f8
ACTION SNIPPET 1200 329 SNIPPET_RELEVANT 0d052e2e-7d44-11e7-83c7-5bd5460f0d7e
ACTION DOC 1200 349 EXAMINING_DOCUMENT 0d052e2e-7d44-11e7-83c7-5bd5460f0d7e
ACTION SNIPPET 1200 349 SNIPPET_RELEVANT 128e09476433c59129756aa965dd2577
ACTION DOC 1200 369 EXAMINING_DOCUMENT 128e09476433c59129756aa965dd2577
ACTION SNIPPET 1200 369 SNIPPET_RELEVANT 1a24684a-0875-11e5-a7ad-b430fc1d3f5c
ACTION DOC 1200 389 EXAMINING_DOCUMENT 1a24684a-0875-11e5-a7ad-b430fc1d3f5c
ACTION SNIPPET 1200 389 SNIPPET_RELEVANT 26b1ca9a-432b-11e4-9a15-137aa0153527
ACTION DOC 1200 409 EXAMINING_DOCUMENT 26b1ca9a-432b-11e4-9a15-137aa0153527
ACTION SNIPPET 1200 409 SNIPPET_RELEVANT 93d53c7e-48ff-11e2-b6f0-e851e741d196
ACTION DOC 1200 429 EXAMINING_DOCUMENT 93d53c7e-48ff-11e2-b6f0-e851e741d196
ACTION QUERY 1200 439 Rezaian Iran imprisonment
ACTION SERP 1200 444 EXAMINE_SERP
ACTION SNIPPET 1200 444 SNIPPET_RELEVANT abf36bdd93d2f577ea4eb4cf99915201
ACTION DOC 1200 464 EXAMINING_DOCUMENT abf36bdd93d2f577ea4eb4cf99915201
ACTION MARK 1200 467 CONSIDERED_RELEVANT abf36bdd93d2f577ea4eb4cf99915201
ACTION SNIPPET 1200 467 SNIPPET_RELEVANT c24673cdeeb90bbfc3d8286832dff410
ACTION DOC 1200 487 EXAMINING_DOCUMENT c24673cdeeb90bbfc3d8286832dff410
ACTION MARK 1200 490 CONSIDERED_RELEVANT c24673cdeeb90bbfc3d8286832dff410
ACTION SNIPPET 1200 490 SNIPPET_RELEVANT 47ccf7fe-c99f-11e4-b2a1-bed1aaea2816
ACTION DOC 1200 510 EXAMINING_DOCUMENT 47ccf7fe-c99f-11e4-b2a1-bed1aaea2816
ACTION SNIPPET 1200 510 SNIPPET_RELEVANT d71c4f58-2fd5-11e5-97ae-30a30cca95d7
ACTION DOC 1200 530 EXAMINING_DOCUMENT d71c4f58-2fd5-11e5-97ae-30a30cca95d7
ACTION SNIPPET 1200 530 SNIPPET_RELEVANT 5e586246-6b7b-11e5-9bfe-e59f5e244f92
ACTION DOC 1200 550 EXAMINING_DOCUMENT 5e586246-6b7b-11e5-9bfe-e59f5e244f92
ACTION SNIPPET 1200 550 SNIPPET_RELEVANT c998188c-98d9-11e4-8005-1924ede3e54a
ACTION DOC 1200 570 EXAMINING_DOCUMENT c998188c-98d9-11e4-8005-1924ede3e54a
ACTION QUERY 1200 580 Journalist Jason Rezaian
ACTION SERP 1200 585 EXAMINE_SERP
ACTION SNIPPET 1200 585 SNIPPET_RELEVANT f808791e521eaa3912e1be156f956e70
ACTION DOC 1200 605 EXAMINING_DOCUMENT f808791e521eaa3912e1be156f956e70
ACTION MARK 1200 608 CONSIDERED_RELEVANT f808791e521eaa3912e1be156f956e70
ACTION SNIPPET 1200 608 SNIPPET_RELEVANT 988879bd08b7239aa62719682dee1d18
ACTION DOC 1200 628 EXAMINING_DOCUMENT 988879bd08b7239aa62719682dee1d18
ACTION SNIPPET 1200 628 SNIPPET_RELEVANT e27e6cde-e1f9-11e4-81ea-0649268f729e
ACTION DOC 1200 648 EXAMINING_DOCUMENT e27e6cde-e1f9-11e4-81ea-0649268f729e
ACTION SNIPPET 1200 648 SNIPPET_RELEVANT d744ecc4aeb7ac56b2cbaf6ba76d6027
ACTION DOC 1200 668 EXAMINING_DOCUMENT d744ecc4aeb7ac56b2cbaf6ba76d6027
ACTION SNIPPET 1200 668 SNIPPET_RELEVANT 09d9a502-0afc-11e5-a7ad-b430fc1d3f5c
ACTION DOC 1200 688 EXAMINING_DOCUMENT 09d9a502-0afc-11e5-a7ad-b430fc1d3f5c
ACTION SNIPPET 1200 688 SNIPPET_RELEVANT 4572c4d6-45e4-11e5-8ab4-c73967a143d3
ACTION DOC 1200 708 EXAMINING_DOCUMENT 4572c4d6-45e4-11e5-8ab4-c73967a143d3
ACTION QUERY 1200 718 Iran prisoner release
ACTION SERP 1200 723 EXAMINE_SERP
ACTION SNIPPET 1200 723 SEEN_PREVIOUSLY cb1ad47a5e8c1a5063e1ced2068d3fac
ACTION SNIPPET 1200 723 SEEN_PREVIOUSLY 5e54582a1db1275db5d63b0799b94b73
ACTION SNIPPET 1200 723 SEEN_PREVIOUSLY bb5147c74380d53ba988c8b2e5fe5210
ACTION SNIPPET 1200 723 SEEN_PREVIOUSLY 7eb096a357f9c2114e6d1153c6fa4f71
ACTION SNIPPET 1200 723 SEEN_PREVIOUSLY 30db5ac2-f175-48b5-8e7f-c0abd12b2ae0
ACTION SNIPPET 1200 723 SEEN_PREVIOUSLY 31f17020-bc71-11e5-99f3-184bc379b12d
ACTION SNIPPET 1200 723 SNIPPET_RELEVANT 3df49c66-bc77-11e5-829c-26ffb874a18d
ACTION DOC 1200 743 EXAMINING_DOCUMENT 3df49c66-bc77-11e5-829c-26ffb874a18d
ACTION MARK 1200 746 CONSIDERED_RELEVANT 3df49c66-bc77-11e5-829c-26ffb874a18d
ACTION SNIPPET 1200 746 SNIPPET_RELEVANT 24f769426abf7de597db3761b8fc586c
ACTION DOC 1200 766 EXAMINING_DOCUMENT 24f769426abf7de597db3761b8fc586c
ACTION MARK 1200 769 CONSIDERED_RELEVANT 24f769426abf7de597db3761b8fc586c
ACTION SNIPPET 1200 769 SNIPPET_RELEVANT 1c48b73eb661245f85849e3d31b8b45c
ACTION DOC 1200 789 EXAMINING_DOCUMENT 1c48b73eb661245f85849e3d31b8b45c
ACTION MARK 1200 792 CONSIDERED_RELEVANT 1c48b73eb661245f85849e3d31b8b45c
ACTION SNIPPET 1200 792 SNIPPET_RELEVANT 1ad11936052d6ef587f562d40f32c33f
ACTION DOC 1200 812 EXAMINING_DOCUMENT 1ad11936052d6ef587f562d40f32c33f
ACTION MARK 1200 815 CONSIDERED_RELEVANT 1ad11936052d6ef587f562d40f32c33f
ACTION SNIPPET 1200 815 SNIPPET_RELEVANT 2f9a2c6a8dc80025773af5d3968881c6
ACTION DOC 1200 835 EXAMINING_DOCUMENT 2f9a2c6a8dc80025773af5d3968881c6
ACTION MARK 1200 838 CONSIDERED_RELEVANT 2f9a2c6a8dc80025773af5d3968881c6
ACTION QUERY 1200 848 Washington Post Iran
ACTION SERP 1200 853 EXAMINE_SERP
ACTION SNIPPET 1200 853 SEEN_PREVIOUSLY 3df49c66-bc77-11e5-829c-26ffb874a18d
ACTION SNIPPET 1200 853 SNIPPET_RELEVANT f9378c50283a35fbf843adf84c9c015b
ACTION DOC 1200 873 EXAMINING_DOCUMENT f9378c50283a35fbf843adf84c9c015b
ACTION SNIPPET 1200 873 SNIPPET_RELEVANT d1c9591e-7f05-11e4-8882-03cf08410beb
ACTION DOC 1200 893 EXAMINING_DOCUMENT d1c9591e-7f05-11e4-8882-03cf08410beb
ACTION SNIPPET 1200 893 SNIPPET_RELEVANT e6917d80-7e4d-11e4-81fd-8c4814dfa9d7
ACTION DOC 1200 913 EXAMINING_DOCUMENT e6917d80-7e4d-11e4-81fd-8c4814dfa9d7
ACTION SNIPPET 1200 913 SNIPPET_RELEVANT 30445b1c-638d-11e5-9757-e49273f05f65
ACTION DOC 1200 933 EXAMINING_DOCUMENT 30445b1c-638d-11e5-9757-e49273f05f65
ACTION SNIPPET 1200 933 SNIPPET_RELEVANT 15273ede-350d-11e5-8e66-07b4603ec92a
ACTION DOC 1200 953 EXAMINING_DOCUMENT 15273ede-350d-11e5-8e66-07b4603ec92a
ACTION SNIPPET 1200 953 SNIPPET_RELEVANT 31992446-b07f-11e4-886b-c22184f27c35
ACTION DOC 1200 973 EXAMINING_DOCUMENT 31992446-b07f-11e4-886b-c22184f27c35
ACTION QUERY 1200 983 Jason Rezaian prison
ACTION SERP 1200 988 EXAMINE_SERP
ACTION SNIPPET 1200 988 SNIPPET_RELEVANT f0cb23e0-985b-11e5-94f0-9eeaff906ef3
ACTION DOC 1200 1008 EXAMINING_DOCUMENT f0cb23e0-985b-11e5-94f0-9eeaff906ef3
ACTION SNIPPET 1200 1008 SNIPPET_RELEVANT bfb5c112-912f-11e5-befa-99ceebcbb272
ACTION DOC 1200 1028 EXAMINING_DOCUMENT bfb5c112-912f-11e5-befa-99ceebcbb272
ACTION SNIPPET 1200 1028 SNIPPET_RELEVANT faf235786236e2c7c5a2b8e59062e9e5
ACTION DOC 1200 1048 EXAMINING_DOCUMENT faf235786236e2c7c5a2b8e59062e9e5
ACTION SNIPPET 1200 1048 SEEN_PREVIOUSLY abf36bdd93d2f577ea4eb4cf99915201
ACTION SNIPPET 1200 1048 SEEN_PREVIOUSLY c24673cdeeb90bbfc3d8286832dff410
ACTION SNIPPET 1200 1048 SNIPPET_RELEVANT c1520fa71a72b58fbc482560aa312b4b
ACTION DOC 1200 1068 EXAMINING_DOCUMENT c1520fa71a72b58fbc482560aa312b4b
ACTION SNIPPET 1200 1068 SEEN_PREVIOUSLY 09d9a502-0afc-11e5-a7ad-b430fc1d3f5c
ACTION SNIPPET 1200 1068 SNIPPET_RELEVANT a36fa8a2-8962-11e6-bff0-d53f592f176e
ACTION DOC 1200 1088 EXAMINING_DOCUMENT a36fa8a2-8962-11e6-bff0-d53f592f176e
ACTION MARK 1200 1091 CONSIDERED_RELEVANT a36fa8a2-8962-11e6-bff0-d53f592f176e
ACTION SNIPPET 1200 1091 SNIPPET_RELEVANT f71282da068683dfe19bd325635814d4
ACTION DOC 1200 1111 EXAMINING_DOCUMENT f71282da068683dfe19bd325635814d4
ACTION QUERY 1200 1121 Rezaian release news
ACTION SERP 1200 1126 EXAMINE_SERP
ACTION SNIPPET 1200 1126 SEEN_PREVIOUSLY 24a861de-2b0e-11e5-a5ea-cf74396e59ec
ACTION SNIPPET 1200 1126 SEEN_PREVIOUSLY 14126822-7403-11e5-8d93-0af317ed58c9
ACTION SNIPPET 1200 1126 SNIPPET_RELEVANT 73d3a350-478c-11e5-8ab4-c73967a143d3
ACTION DOC 1200 1146 EXAMINING_DOCUMENT 73d3a350-478c-11e5-8ab4-c73967a143d3
ACTION SNIPPET 1200 1146 SEEN_PREVIOUSLY 4572c4d6-45e4-11e5-8ab4-c73967a143d3
ACTION SNIPPET 1200 1146 SNIPPET_RELEVANT e0e17e52-1ce7-11e4-9b6c-12e30cbe86a3
ACTION DOC 1200 1166 EXAMINING_DOCUMENT e0e17e52-1ce7-11e4-9b6c-12e30cbe86a3
ACTION SNIPPET 1200 1166 SNIPPET_RELEVANT 097cde8e-70f6-11e5-9cbb-790369643cf9
ACTION DOC 1200 1186 EXAMINING_DOCUMENT 097cde8e-70f6-11e5-9cbb-790369643cf9
ACTION SNIPPET 1200 1186 SNIPPET_RELEVANT 1d3031d8-9397-11e5-befa-99ceebcbb272
ACTION DOC 1200 1206 EXAMINING_DOCUMENT 1d3031d8-9397-11e5-befa-99ceebcbb272
INFO SUMMARY 
INFO TOTAL_QUERIES_ISSUED 9
INFO TOTAL_SNIPPETS_EXAMINED 64
INFO TOTAL_DOCUMENTS_EXAMINED 51
INFO TOTAL_DOCUMENTS_MARKED_RELEVANT 17
INFO TOTAL_ATTRACTIVE_SERP_IMPRESSIONS 9
INFO TOTAL_UNATTRACTIVE_SERP_IMPRESSIONS 0
