ACTION START 1200 0 START
ACTION QUERY 1200 10 MRSA control
ACTION SERP 1200 15 EXAMINE_SERP
ACTION SNIPPET 1200 15 SNIPPET_RELEVANT 412cc2fe-c88d-11e2-9f1a-1a7cdee20287
ACTION DOC 1200 35 EXAMINING_DOCUMENT 412cc2fe-c88d-11e2-9f1a-1a7cdee20287
ACTION MARK 1200 38 CONSIDERED_RELEVANT 412cc2fe-c88d-11e2-9f1a-1a7cdee20287
ACTION SNIPPET 1200 38 SNIPPET_RELEVANT 287f636890121570aa2b4f5cefad3325
ACTION DOC 1200 58 EXAMINING_DOCUMENT 287f636890121570aa2b4f5cefad3325
ACTION MARK 1200 61 CONSIDERED_RELEVANT 287f636890121570aa2b4f5cefad3325
ACTION SNIPPET 1200 61 SNIPPET_RELEVANT 917a5c010debea15ebdac84badf2721a
ACTION DOC 1200 81 EXAMINING_DOCUMENT 917a5c010debea15ebdac84badf2721a
ACTION MARK 1200 84 CONSIDERED_RELEVANT 917a5c010debea15ebdac84badf2721a
ACTION SNIPPET 1200 84 SNIPPET_RELEVANT d560d132562e18a08fec66192e20aed9
ACTION DOC 1200 104 EXAMINING_DOCUMENT d560d132562e18a08fec66192e20aed9
ACTION MARK 1200 107 CONSIDERED_RELEVANT d560d132562e18a08fec66192e20aed9
ACTION SNIPPET 1200 107 SNIPPET_RELEVANT e3afdb62-1f06-11e4-82f9-2cd6fa8da5c4
ACTION DOC 1200 127 EXAMINING_DOCUMENT e3afdb62-1f06-11e4-82f9-2cd6fa8da5c4
ACTION MARK 1200 130 CONSIDERED_RELEVANT e3afdb62-1f06-11e4-82f9-2cd6fa8da5c4
ACTION QUERY 1200 140 MRSA prevention
ACTION SERP 1200 145 EXAMINE_SERP
ACTION SNIPPET 1200 145 SEEN_PREVIOUSLY 412cc2fe-c88d-11e2-9f1a-1a7cdee20287
ACTION SNIPPET 1200 145 SEEN_PREVIOUSLY 287f636890121570aa2b4f5cefad3325
ACTION SNIPPET 1200 145 SEEN_PREVIOUSLY d560d132562e18a08fec66192e20aed9
ACTION SNIPPET 1200 145 SNIPPET_RELEVANT 386d737544191e6424d484a55e868bce
ACTION DOC 1200 165 EXAMINING_DOCUMENT 386d737544191e6424d484a55e868bce
ACTION MARK 1200 168 CONSIDERED_RELEVANT 386d737544191e6424d484a55e868bce
ACTION SNIPPET 1200 168 SEEN_PREVIOUSLY e3afdb62-1f06-11e4-82f9-2cd6fa8da5c4
ACTION SNIPPET 1200 168 SNIPPET_RELEVANT 9ec71b218b1d05b867ad3a69d3c13009
ACTION DOC 1200 188 EXAMINING_DOCUMENT 9ec71b218b1d05b867ad3a69d3c13009
ACTION MARK 1200 191 CONSIDERED_RELEVANT 9ec71b218b1d05b867ad3a69d3c13009
ACTION SNIPPET 1200 191 SNIPPET_RELEVANT 8e359dde29d512a0fddf15447c4b282c
ACTION DOC 1200 211 EXAMINING_DOCUMENT 8e359dde29d512a0fddf15447c4b282c
ACTION MARK 1200 214 CONSIDERED_RELEVANT 8e359dde29d512a0fddf15447c4b282c
ACTION SNIPPET 1200 214 SEEN_PREVIOUSLY 917a5c010debea15ebdac84badf2721a
ACTION SNIPPET 1200 214 SNIPPET_RELEVANT 4b86d6da78f8f340b6d827993d1aeaf0
ACTION DOC 1200 234 EXAMINING_DOCUMENT 4b86d6da78f8f340b6d827993d1aeaf0
ACTION MARK 1200 237 CONSIDERED_RELEVANT 4b86d6da78f8f340b6d827993d1aeaf0
ACTION SNIPPET 1200 237 SNIPPET_RELEVANT bfdf129a2e6f055368a5529259c24bdb
ACTION DOC 1200 257 EXAMINING_DOCUMENT bfdf129a2e6f055368a5529259c24bdb
ACTION MARK 1200 260 CONSIDERED_RELEVANT bfdf129a2e6f055368a5529259c24bdb
ACTION QUERY 1200 270 MRSA management
ACTION SERP 1200 275 EXAMINE_SERP
ACTION SNIPPET 1200 275 SEEN_PREVIOUSLY 386d737544191e6424d484a55e868bce
ACTION SNIPPET 1200 275 SEEN_PREVIOUSLY 287f636890121570aa2b4f5cefad3325
ACTION SNIPPET 1200 275 SEEN_PREVIOUSLY 8e359dde29d512a0fddf15447c4b282c
ACTION SNIPPET 1200 275 SEEN_PREVIOUSLY 917a5c010debea15ebdac84badf2721a
ACTION SNIPPET 1200 275 SEEN_PREVIOUSLY 4b86d6da78f8f340b6d827993d1aeaf0
ACTION SNIPPET 1200 275 SEEN_PREVIOUSLY bfdf129a2e6f055368a5529259c24bdb
ACTION SNIPPET 1200 275 SNIPPET_RELEVANT b2d3f77ed4e0142e5a04b28b7672c14b
ACTION DOC 1200 295 EXAMINING_DOCUMENT b2d3f77ed4e0142e5a04b28b7672c14b
ACTION MARK 1200 298 CONSIDERED_RELEVANT b2d3f77ed4e0142e5a04b28b7672c14b
ACTION SNIPPET 1200 298 SNIPPET_RELEVANT c109cc839f2d2414251471c48ae5515c
ACTION DOC 1200 318 EXAMINING_DOCUMENT c109cc839f2d2414251471c48ae5515c
ACTION MARK 1200 321 CONSIDERED_RELEVANT c109cc839f2d2414251471c48ae5515c
ACTION SNIPPET 1200 321 SEEN_PREVIOUSLY 412cc2fe-c88d-11e2-9f1a-1a7cdee20287
ACTION SNIPPET 1200 321 SEEN_PREVIOUSLY d560d132562e18a08fec66192e20aed9
ACTION SNIPPET 1200 321 SNIPPET_RELEVANT cba51fd1390919c010bb925e17a0fed4
ACTION DOC 1200 341 EXAMINING_DOCUMENT cba51fd1390919c010bb925e17a0fed4
ACTION MARK 1200 344 CONSIDERED_RELEVANT cba51fd1390919c010bb925e17a0fed4
ACTION SNIPPET 1200 344 SEEN_PREVIOUSLY e3afdb62-1f06-11e4-82f9-2cd6fa8da5c4
ACTION SNIPPET 1200 344 SNIPPET_RELEVANT 02df2127503cb140ee4eac14b3f9361b
ACTION DOC 1200 364 EXAMINING_DOCUMENT 02df2127503cb140ee4eac14b3f9361b
ACTION MARK 1200 367 CONSIDERED_RELEVANT 02df2127503cb140ee4eac14b3f9361b
ACTION SNIPPET 1200 367 SEEN_PREVIOUSLY 9ec71b218b1d05b867ad3a69d3c13009
ACTION SNIPPET 1200 367 SNIPPET_RELEVANT 8fd9f938db053a768ac11138b1cad6c5
ACTION DOC 1200 387 EXAMINING_DOCUMENT 8fd9f938db053a768ac11138b1cad6c5
ACTION MARK 1200 390 CONSIDERED_RELEVANT 8fd9f938db053a768ac11138b1cad6c5
ACTION QUERY 1200 400 infection control MRSA
ACTION SERP 1200 405 EXAMINE_SERP
ACTION SNIPPET 1200 405 SEEN_PREVIOUSLY 412cc2fe-c88d-11e2-9f1a-1a7cdee20287
ACTION SNIPPET 1200 405 SEEN_PREVIOUSLY 287f636890121570aa2b4f5cefad3325
ACTION SNIPPET 1200 405 SEEN_PREVIOUSLY 917a5c010debea15ebdac84badf2721a
ACTION SNIPPET 1200 405 SEEN_PREVIOUSLY d560d132562e18a08fec66192e20aed9
ACTION SNIPPET 1200 405 SEEN_PREVIOUSLY e3afdb62-1f06-11e4-82f9-2cd6fa8da5c4
ACTION SNIPPET 1200 405 SEEN_PREVIOUSLY bfdf129a2e6f055368a5529259c24bdb
ACTION SNIPPET 1200 405 SEEN_PREVIOUSLY b2d3f77ed4e0142e5a04b28b7672c14b
ACTION SNIPPET 1200 405 SEEN_PREVIOUSLY c109cc839f2d2414251471c48ae5515c
ACTION SNIPPET 1200 405 SEEN_PREVIOUSLY 9ec71b218b1d05b867ad3a69d3c13009
ACTION SNIPPET 1200 405 SEEN_PREVIOUSLY cba51fd1390919c010bb925e17a0fed4
ACTION SNIPPET 1200 405 SNIPPET_RELEVANT 9d78bc26-aad1-11e3-98f6-8e3c562f9996
ACTION DOC 1200 425 EXAMINING_DOCUMENT 9d78bc26-aad1-11e3-98f6-8e3c562f9996
ACTION MARK 1200 428 CONSIDERED_RELEVANT 9d78bc26-aad1-11e3-98f6-8e3c562f9996
ACTION SNIPPET 1200 428 SNIPPET_RELEVANT 3b317a839856497307a3dbbfe8735827
ACTION DOC 1200 448 EXAMINING_DOCUMENT 3b317a839856497307a3dbbfe8735827
ACTION MARK 1200 451 CONSIDERED_RELEVANT 3b317a839856497307a3dbbfe8735827
ACTION SNIPPET 1200 451 SEEN_PREVIOUSLY 8e359dde29d512a0fddf15447c4b282c
ACTION SNIPPET 1200 451 SNIPPET_RELEVANT dd9c4b8fbdfa2081b898a219a803bf05
ACTION DOC 1200 471 EXAMINING_DOCUMENT dd9c4b8fbdfa2081b898a219a803bf05
ACTION MARK 1200 474 CONSIDERED_RELEVANT dd9c4b8fbdfa2081b898a219a803bf05
ACTION SNIPPET 1200 474 SEEN_PREVIOUSLY 8fd9f938db053a768ac11138b1cad6c5
ACTION SNIPPET 1200 474 SNIPPET_RELEVANT 5f0cff50-6880-11e1-9210-0b8d0e6543cc
ACTION DOC 1200 494 EXAMINING_DOCUMENT 5f0cff50-6880-11e1-9210-0b8d0e6543cc
ACTION SNIPPET 1200 494 SEEN_PREVIOUSLY 02df2127503cb140ee4eac14b3f9361b
ACTION SNIPPET 1200 494 SNIPPET_RELEVANT 9765a51526c0dc3da269e5f6e4f9d45f
ACTION DOC 1200 514 EXAMINING_DOCUMENT 9765a51526c0dc3da269e5f6e4f9d45f
ACTION MARK 1200 517 CONSIDERED_RELEVANT 9765a51526c0dc3da269e5f6e4f9d45f
ACTION SNIPPET 1200 517 SNIPPET_RELEVANT 0f4f11f765cf38cb484ae7a9b622133a
ACTION DOC 1200 537 EXAMINING_DOCUMENT 0f4f11f765cf38cb484ae7a9b622133a
ACTION MARK 1200 540 CONSIDERED_RELEVANT 0f4f11f765cf38cb484ae7a9b622133a
ACTION QUERY 1200 550 MRSA treatment
ACTION SERP 1200 555 EXAMINE_SERP
ACTION SNIPPET 1200 555 SEEN_PREVIOUSLY 287f636890121570aa2b4f5cefad3325
ACTION SNIPPET 1200 555 SEEN_PREVIOUSLY 917a5c010debea15ebdac84badf2721a
ACTION SNIPPET 1200 555 SEEN_PREVIOUSLY d560d132562e18a08fec66192e20aed9
ACTION SNIPPET 1200 555 SEEN_PREVIOUSLY 386d737544191e6424d484a55e868bce
ACTION SNIPPET 1200 555 SEEN_PREVIOUSLY 4b86d6da78f8f340b6d827993d1aeaf0
ACTION SNIPPET 1200 555 SEEN_PREVIOUSLY 8e359dde29d512a0fddf15447c4b282c
ACTION SNIPPET 1200 555 SEEN_PREVIOUSLY bfdf129a2e6f055368a5529259c24bdb
ACTION SNIPPET 1200 555 SEEN_PREVIOUSLY b2d3f77ed4e0142e5a04b28b7672c14b
ACTION SNIPPET 1200 555 SEEN_PREVIOUSLY c109cc839f2d2414251471c48ae5515c
ACTION SNIPPET 1200 555 SEEN_PREVIOUSLY 412cc2fe-c88d-11e2-9f1a-1a7cdee20287
ACTION SNIPPET 1200 555 SNIPPET_RELEVANT a20f49b1329c3f3c9144813d6543e502
ACTION DOC 1200 575 EXAMINING_DOCUMENT a20f49b1329c3f3c9144813d6543e502
ACTION MARK 1200 578 CONSIDERED_RELEVANT a20f49b1329c3f3c9144813d6543e502
ACTION SNIPPET 1200 578 SEEN_PREVIOUSLY cba51fd1390919c010bb925e17a0fed4
ACTION SNIPPET 1200 578 SNIPPET_RELEVANT 417846f72f17d55b9d898c0ffc467681
ACTION DOC 1200 598 EXAMINING_DOCUMENT 417846f72f17d55b9d898c0ffc467681
ACTION SNIPPET 1200 598 SEEN_PREVIOUSLY e3afdb62-1f06-11e4-82f9-2cd6fa8da5c4
ACTION SNIPPET 1200 598 SNIPPET_RELEVANT ec608662-d53c-11e3-aae8-c2d44bd79778
ACTION DOC 1200 618 EXAMINING_DOCUMENT ec608662-d53c-11e3-aae8-c2d44bd79778
ACTION MARK 1200 621 CONSIDERED_RELEVANT ec608662-d53c-11e3-aae8-c2d44bd79778
ACTION SNIPPET 1200 621 SEEN_PREVIOUSLY 9d78bc26-aad1-11e3-98f6-8e3c562f9996
ACTION SNIPPET 1200 621 SEEN_PREVIOUSLY 02df2127503cb140ee4eac14b3f9361b
ACTION SNIPPET 1200 621 SNIPPET_RELEVANT b581f981dcbfd53dffcb81c012cd1171
ACTION DOC 1200 641 EXAMINING_DOCUMENT b581f981dcbfd53dffcb81c012cd1171
ACTION SNIPPET 1200 641 SEEN_PREVIOUSLY 9ec71b218b1d05b867ad3a69d3c13009
ACTION SNIPPET 1200 641 SEEN_PREVIOUSLY 8fd9f938db053a768ac11138b1cad6c5
ACTION SNIPPET 1200 641 SNIPPET_RELEVANT 020cefc0-2199-11e4-958c-268a320a60ce
ACTION DOC 1200 661 EXAMINING_DOCUMENT 020cefc0-2199-11e4-958c-268a320a60ce
ACTION SNIPPET 1200 661 SEEN_PREVIOUSLY 5f0cff50-6880-11e1-9210-0b8d0e6543cc
ACTION SNIPPET 1200 661 SEEN_PREVIOUSLY 0f4f11f765cf38cb484ae7a9b622133a
ACTION SNIPPET 1200 661 SNIPPET_RELEVANT 06c25298250b0ce69483a6976acc6904
ACTION DOC 1200 681 EXAMINING_DOCUMENT 06c25298250b0ce69483a6976acc6904
ACTION MARK 1200 684 CONSIDERED_RELEVANT 06c25298250b0ce69483a6976acc6904
ACTION QUERY 1200 694 MRSA reduction
ACTION SERP 1200 699 EXAMINE_SERP
ACTION SNIPPET 1200 699 SEEN_PREVIOUSLY 287f636890121570aa2b4f5cefad3325
ACTION SNIPPET 1200 699 SEEN_PREVIOUSLY 8e359dde29d512a0fddf15447c4b282c
ACTION SNIPPET 1200 699 SEEN_PREVIOUSLY 917a5c010debea15ebdac84badf2721a
ACTION SNIPPET 1200 699 SEEN_PREVIOUSLY 3b317a839856497307a3dbbfe8735827
ACTION SNIPPET 1200 699 SEEN_PREVIOUSLY 4b86d6da78f8f340b6d827993d1aeaf0
ACTION SNIPPET 1200 699 SEEN_PREVIOUSLY bfdf129a2e6f055368a5529259c24bdb
ACTION SNIPPET 1200 699 SEEN_PREVIOUSLY b2d3f77ed4e0142e5a04b28b7672c14b
ACTION SNIPPET 1200 699 SEEN_PREVIOUSLY c109cc839f2d2414251471c48ae5515c
ACTION SNIPPET 1200 699 SEEN_PREVIOUSLY 412cc2fe-c88d-11e2-9f1a-1a7cdee20287
ACTION SNIPPET 1200 699 SEEN_PREVIOUSLY d560d132562e18a08fec66192e20aed9
ACTION SNIPPET 1200 699 SEEN_PREVIOUSLY 386d737544191e6424d484a55e868bce
ACTION SNIPPET 1200 699 SEEN_PREVIOUSLY cba51fd1390919c010bb925e17a0fed4
ACTION SNIPPET 1200 699 SEEN_PREVIOUSLY e3afdb62-1f06-11e4-82f9-2cd6fa8da5c4
ACTION SNIPPET 1200 699 SEEN_PREVIOUSLY 02df2127503cb140ee4eac14b3f9361b
ACTION SNIPPET 1200 699 SEEN_PREVIOUSLY 9ec71b218b1d05b867ad3a69d3c13009
ACTION SNIPPET 1200 699 SEEN_PREVIOUSLY 8fd9f938db053a768ac11138b1cad6c5
ACTION SNIPPET 1200 699 SEEN_PREVIOUSLY 5f0cff50-6880-11e1-9210-0b8d0e6543cc
ACTION SNIPPET 1200 699 SEEN_PREVIOUSLY 9d78bc26-aad1-11e3-98f6-8e3c562f9996
ACTION SNIPPET 1200 699 SEEN_PREVIOUSLY 06c25298250b0ce69483a6976acc6904
ACTION SNIPPET 1200 699 SEEN_PREVIOUSLY ec608662-d53c-11e3-aae8-c2d44bd79778
ACTION SNIPPET 1200 699 SNIPPET_RELEVANT 9e8546d8-6a1f-11e1-b756-60ee4e23a039
ACTION DOC 1200 719 EXAMINING_DOCUMENT 9e8546d8-6a1f-11e1-b756-60ee4e23a039
ACTION SNIPPET 1200 719 SNIPPET_RELEVANT 1845f7a51b4ff52843c4f91c5f82a85f
ACTION DOC 1200 739 EXAMINING_DOCUMENT 1845f7a51b4ff52843c4f91c5f82a85f
ACTION MARK 1200 742 CONSIDERED_RELEVANT 1845f7a51b4ff52843c4f91c5f82a85f
ACTION SNIPPET 1200 742 SEEN_PREVIOUSLY a20f49b1329c3f3c9144813d6543e502
ACTION SNIPPET 1200 742 SNIPPET_RELEVANT 3b92b63833b0ff49ee7d70227f0d5ccc
ACTION DOC 1200 762 EXAMINING_DOCUMENT 3b92b63833b0ff49ee7d70227f0d5ccc
ACTION MARK 1200 765 CONSIDERED_RELEVANT 3b92b63833b0ff49ee7d70227f0d5ccc
ACTION SNIPPET 1200 765 SNIPPET_RELEVANT 0fc67e79e3ebf15c610944c25b19abe4
ACTION DOC 1200 785 EXAMINING_DOCUMENT 0fc67e79e3ebf15c610944c25b19abe4
ACTION MARK 1200 788 CONSIDERED_RELEVANT 0fc67e79e3ebf15c610944c25b19abe4
ACTION SNIPPET 1200 788 SEEN_PREVIOUSLY 9765a51526c0dc3da269e5f6e4f9d45f
ACTION SNIPPET 1200 788 SEEN_PREVIOUSLY 417846f72f17d55b9d898c0ffc467681
ACTION SNIPPET 1200 788 SNIPPET_RELEVANT 74cc9f26bb720c026fd544507e66f7db
ACTION DOC 1200 808 EXAMINING_DOCUMENT 74cc9f26bb720c026fd544507e66f7db
ACTION MARK 1200 811 CONSIDERED_RELEVANT 74cc9f26bb720c026fd544507e66f7db
ACTION SNIPPET 1200 811 SEEN_PREVIOUSLY b581f981dcbfd53dffcb81c012cd1171
ACTION SNIPPET 1200 811 SNIPPET_RELEVANT bff299e0cdb58b0d13e94f6a6ebe31d0
ACTION DOC 1200 831 EXAMINING_DOCUMENT bff299e0cdb58b0d13e94f6a6ebe31d0
ACTION QUERY 1200 841 hospital acquired MRSA
ACTION SERP 1200 846 EXAMINE_SERP
ACTION SNIPPET 1200 846 SEEN_PREVIOUSLY 917a5c010debea15ebdac84badf2721a
ACTION SNIPPET 1200 846 SEEN_PREVIOUSLY 412cc2fe-c88d-11e2-9f1a-1a7cdee20287
ACTION SNIPPET 1200 846 SEEN_PREVIOUSLY dd9c4b8fbdfa2081b898a219a803bf05
ACTION SNIPPET 1200 846 SEEN_PREVIOUSLY 5f0cff50-6880-11e1-9210-0b8d0e6543cc
ACTION SNIPPET 1200 846 SEEN_PREVIOUSLY cba51fd1390919c010bb925e17a0fed4
ACTION SNIPPET 1200 846 SEEN_PREVIOUSLY 8e359dde29d512a0fddf15447c4b282c
ACTION SNIPPET 1200 846 SEEN_PREVIOUSLY 4b86d6da78f8f340b6d827993d1aeaf0
ACTION SNIPPET 1200 846 SEEN_PREVIOUSLY d560d132562e18a08fec66192e20aed9
ACTION SNIPPET 1200 846 SEEN_PREVIOUSLY e3afdb62-1f06-11e4-82f9-2cd6fa8da5c4
ACTION SNIPPET 1200 846 SNIPPET_RELEVANT 19251704-5beb-11e5-8e9e-dce8a2a2a679
ACTION DOC 1200 866 EXAMINING_DOCUMENT 19251704-5beb-11e5-8e9e-dce8a2a2a679
ACTION MARK 1200 869 CONSIDERED_RELEVANT 19251704-5beb-11e5-8e9e-dce8a2a2a679
ACTION SNIPPET 1200 869 SEEN_PREVIOUSLY 287f636890121570aa2b4f5cefad3325
ACTION SNIPPET 1200 869 SEEN_PREVIOUSLY 3b317a839856497307a3dbbfe8735827
ACTION SNIPPET 1200 869 SEEN_PREVIOUSLY bfdf129a2e6f055368a5529259c24bdb
ACTION SNIPPET 1200 869 SEEN_PREVIOUSLY b2d3f77ed4e0142e5a04b28b7672c14b
ACTION SNIPPET 1200 869 SEEN_PREVIOUSLY c109cc839f2d2414251471c48ae5515c
ACTION SNIPPET 1200 869 SEEN_PREVIOUSLY 9e8546d8-6a1f-11e1-b756-60ee4e23a039
ACTION SNIPPET 1200 869 SEEN_PREVIOUSLY b581f981dcbfd53dffcb81c012cd1171
ACTION SNIPPET 1200 869 SEEN_PREVIOUSLY ec608662-d53c-11e3-aae8-c2d44bd79778
ACTION SNIPPET 1200 869 SEEN_PREVIOUSLY 386d737544191e6424d484a55e868bce
ACTION SNIPPET 1200 869 SEEN_PREVIOUSLY 9d78bc26-aad1-11e3-98f6-8e3c562f9996
ACTION SNIPPET 1200 869 SEEN_PREVIOUSLY a20f49b1329c3f3c9144813d6543e502
ACTION SNIPPET 1200 869 SEEN_PREVIOUSLY 02df2127503cb140ee4eac14b3f9361b
ACTION SNIPPET 1200 869 SEEN_PREVIOUSLY 1845f7a51b4ff52843c4f91c5f82a85f
ACTION SNIPPET 1200 869 SEEN_PREVIOUSLY 9ec71b218b1d05b867ad3a69d3c13009
ACTION SNIPPET 1200 869 SEEN_PREVIOUSLY 0f4f11f765cf38cb484ae7a9b622133a
ACTION SNIPPET 1200 869 SNIPPET_RELEVANT 86b6872a-ee53-11e1-afd6-f55f84bc0c41
ACTION DOC 1200 889 EXAMINING_DOCUMENT 86b6872a-ee53-11e1-afd6-f55f84bc0c41
ACTION MARK 1200 892 CONSIDERED_RELEVANT 86b6872a-ee53-11e1-afd6-f55f84bc0c41
ACTION SNIPPET 1200 892 SEEN_PREVIOUSLY 3b92b63833b0ff49ee7d70227f0d5ccc
ACTION SNIPPET 1200 892 SEEN_PREVIOUSLY 8fd9f938db053a768ac11138b1cad6c5
ACTION SNIPPET 1200 892 SNIPPET_RELEVANT f9db8e0e-0338-11e2-9132-f2750cd65f97
ACTION DOC 1200 912 EXAMINING_DOCUMENT f9db8e0e-0338-11e2-9132-f2750cd65f97
ACTION MARK 1200 915 CONSIDERED_RELEVANT f9db8e0e-0338-11e2-9132-f2750cd65f97
ACTION SNIPPET 1200 915 SNIPPET_RELEVANT 6117599a-fa02-11e5-813a-90ab563f0dde
ACTION DOC 1200 935 EXAMINING_DOCUMENT 6117599a-fa02-11e5-813a-90ab563f0dde
ACTION SNIPPET 1200 935 SNIPPET_RELEVANT c7ac6f6d4edcab382449bddd0c8d3c46
ACTION DOC 1200 955 EXAMINING_DOCUMENT c7ac6f6d4edcab382449bddd0c8d3c46
ACTION SNIPPET 1200 955 SNIPPET_RELEVANT 38e94370-25a9-11e6-ae4a-3cdd5fe74204
ACTION DOC 1200 975 EXAMINING_DOCUMENT 38e94370-25a9-11e6-ae4a-3cdd5fe74204
ACTION MARK 1200 978 CONSIDERED_RELEVANT 38e94370-25a9-11e6-ae4a-3cdd5fe74204
ACTION QUERY 1200 988 MRSA outbreaks
ACTION SERP 1200 993 EXAMINE_SERP
ACTION SNIPPET 1200 993 SEEN_PREVIOUSLY 386d737544191e6424d484a55e868bce
ACTION SNIPPET 1200 993 SEEN_PREVIOUSLY 287f636890121570aa2b4f5cefad3325
ACTION SNIPPET 1200 993 SEEN_PREVIOUSLY 8e359dde29d512a0fddf15447c4b282c
ACTION SNIPPET 1200 993 SEEN_PREVIOUSLY bfdf129a2e6f055368a5529259c24bdb
ACTION SNIPPET 1200 993 SEEN_PREVIOUSLY b2d3f77ed4e0142e5a04b28b7672c14b
ACTION SNIPPET 1200 993 SEEN_PREVIOUSLY c109cc839f2d2414251471c48ae5515c
ACTION SNIPPET 1200 993 SEEN_PREVIOUSLY e3afdb62-1f06-11e4-82f9-2cd6fa8da5c4
ACTION SNIPPET 1200 993 SEEN_PREVIOUSLY 917a5c010debea15ebdac84badf2721a
ACTION SNIPPET 1200 993 SEEN_PREVIOUSLY 4b86d6da78f8f340b6d827993d1aeaf0
ACTION SNIPPET 1200 993 SEEN_PREVIOUSLY 412cc2fe-c88d-11e2-9f1a-1a7cdee20287
ACTION SNIPPET 1200 993 SEEN_PREVIOUSLY d560d132562e18a08fec66192e20aed9
ACTION SNIPPET 1200 993 SEEN_PREVIOUSLY 020cefc0-2199-11e4-958c-268a320a60ce
ACTION SNIPPET 1200 993 SEEN_PREVIOUSLY 86b6872a-ee53-11e1-afd6-f55f84bc0c41
ACTION SNIPPET 1200 993 SEEN_PREVIOUSLY cba51fd1390919c010bb925e17a0fed4
ACTION SNIPPET 1200 993 SEEN_PREVIOUSLY 02df2127503cb140ee4eac14b3f9361b
ACTION SNIPPET 1200 993 SEEN_PREVIOUSLY 9ec71b218b1d05b867ad3a69d3c13009
ACTION SNIPPET 1200 993 SEEN_PREVIOUSLY 8fd9f938db053a768ac11138b1cad6c5
ACTION SNIPPET 1200 993 SEEN_PREVIOUSLY 5f0cff50-6880-11e1-9210-0b8d0e6543cc
ACTION SNIPPET 1200 993 SEEN_PREVIOUSLY 9d78bc26-aad1-11e3-98f6-8e3c562f9996
ACTION SNIPPET 1200 993 SEEN_PREVIOUSLY 06c25298250b0ce69483a6976acc6904
ACTION SNIPPET 1200 993 SEEN_PREVIOUSLY ec608662-d53c-11e3-aae8-c2d44bd79778
ACTION SNIPPET 1200 993 SEEN_PREVIOUSLY 9e8546d8-6a1f-11e1-b756-60ee4e23a039
ACTION SNIPPET 1200 993 SEEN_PREVIOUSLY 1845f7a51b4ff52843c4f91c5f82a85f
ACTION SNIPPET 1200 993 SEEN_PREVIOUSLY a20f49b1329c3f3c9144813d6543e502
ACTION SNIPPET 1200 993 SEEN_PREVIOUSLY 0fc67e79e3ebf15c610944c25b19abe4
ACTION SNIPPET 1200 993 SEEN_PREVIOUSLY 3b317a839856497307a3dbbfe8735827
ACTION SNIPPET 1200 993 SEEN_PREVIOUSLY 9765a51526c0dc3da269e5f6e4f9d45f
ACTION SNIPPET 1200 993 SEEN_PREVIOUSLY 417846f72f17d55b9d898c0ffc467681
ACTION SNIPPET 1200 993 SEEN_PREVIOUSLY 74cc9f26bb720c026fd544507e66f7db
ACTION SNIPPET 1200 993 SEEN_PREVIOUSLY b581f981dcbfd53dffcb81c012cd1171
ACTION SNIPPET 1200 993 SEEN_PREVIOUSLY 3b92b63833b0ff49ee7d70227f0d5ccc
ACTION SNIPPET 1200 993 SNIPPET_RELEVANT ccbd4ed0aa10bda520a76c25b877e1db
ACTION DOC 1200 1013 EXAMINING_DOCUMENT ccbd4ed0aa10bda520a76c25b877e1db
ACTION SNIPPET 1200 1013 SNIPPET_RELEVANT e900b10aa18398ecb99ec58136fca5fc
ACTION DOC 1200 1033 EXAMINING_DOCUMENT e900b10aa18398ecb99ec58136fca5fc
ACTION SNIPPET 1200 1033 SNIPPET_RELEVANT 286c9c1411c8e56d9df331280327c2f4
ACTION DOC 1200 1053 EXAMINING_DOCUMENT 286c9c1411c8e56d9df331280327c2f4
ACTION SNIPPET 1200 1053 SNIPPET_RELEVANT e70bcceb01ae9d6295cab72ff952f642
ACTION DOC 1200 1073 EXAMINING_DOCUMENT e70bcceb01ae9d6295cab72ff952f642
ACTION SNIPPET 1200 1073 SNIPPET_RELEVANT 8967ed265a5e3aa97306683d2180a217
ACTION DOC 1200 1093 EXAMINING_DOCUMENT 8967ed265a5e3aa97306683d2180a217
ACTION SNIPPET 1200 1093 SNIPPET_RELEVANT 92a2fcda648819cc56afade0ad4739ef
ACTION DOC 1200 1113 EXAMINING_DOCUMENT 92a2fcda648819cc56afade0ad4739ef
ACTION QUERY 1200 1123 controlling MRSA spread
ACTION SERP 1200 1128 EXAMINE_SERP
ACTION SNIPPET 1200 1128 SEEN_PREVIOUSLY 287f636890121570aa2b4f5cefad3325
ACTION SNIPPET 1200 1128 SEEN_PREVIOUSLY 412cc2fe-c88d-11e2-9f1a-1a7cdee20287
ACTION SNIPPET 1200 1128 SEEN_PREVIOUSLY 917a5c010debea15ebdac84badf2721a
ACTION SNIPPET 1200 1128 SEEN_PREVIOUSLY bfdf129a2e6f055368a5529259c24bdb
ACTION SNIPPET 1200 1128 SEEN_PREVIOUSLY b2d3f77ed4e0142e5a04b28b7672c14b
ACTION SNIPPET 1200 1128 SEEN_PREVIOUSLY c109cc839f2d2414251471c48ae5515c
ACTION SNIPPET 1200 1128 SEEN_PREVIOUSLY e3afdb62-1f06-11e4-82f9-2cd6fa8da5c4
ACTION SNIPPET 1200 1128 SEEN_PREVIOUSLY 4b86d6da78f8f340b6d827993d1aeaf0
ACTION SNIPPET 1200 1128 SEEN_PREVIOUSLY 3b317a839856497307a3dbbfe8735827
ACTION SNIPPET 1200 1128 SEEN_PREVIOUSLY 9d78bc26-aad1-11e3-98f6-8e3c562f9996
ACTION SNIPPET 1200 1128 SEEN_PREVIOUSLY b581f981dcbfd53dffcb81c012cd1171
ACTION SNIPPET 1200 1128 SEEN_PREVIOUSLY d560d132562e18a08fec66192e20aed9
ACTION SNIPPET 1200 1128 SEEN_PREVIOUSLY 5f0cff50-6880-11e1-9210-0b8d0e6543cc
ACTION SNIPPET 1200 1128 SEEN_PREVIOUSLY 06c25298250b0ce69483a6976acc6904
ACTION SNIPPET 1200 1128 SEEN_PREVIOUSLY 8e359dde29d512a0fddf15447c4b282c
ACTION SNIPPET 1200 1128 SEEN_PREVIOUSLY 9ec71b218b1d05b867ad3a69d3c13009
ACTION SNIPPET 1200 1128 SEEN_PREVIOUSLY 386d737544191e6424d484a55e868bce
ACTION SNIPPET 1200 1128 SEEN_PREVIOUSLY cba51fd1390919c010bb925e17a0fed4
ACTION SNIPPET 1200 1128 SEEN_PREVIOUSLY 02df2127503cb140ee4eac14b3f9361b
ACTION SNIPPET 1200 1128 SEEN_PREVIOUSLY 9765a51526c0dc3da269e5f6e4f9d45f
ACTION SNIPPET 1200 1128 SEEN_PREVIOUSLY 8fd9f938db053a768ac11138b1cad6c5
ACTION SNIPPET 1200 1128 SNIPPET_RELEVANT 3a44117e-987c-11e5-b499-76cbec161973
ACTION DOC 1200 1148 EXAMINING_DOCUMENT 3a44117e-987c-11e5-b499-76cbec161973
ACTION SNIPPET 1200 1148 SEEN_PREVIOUSLY 86b6872a-ee53-11e1-afd6-f55f84bc0c41
ACTION SNIPPET 1200 1148 SEEN_PREVIOUSLY dd9c4b8fbdfa2081b898a219a803bf05
ACTION SNIPPET 1200 1148 SNIPPET_RELEVANT 1955d6cac326d09caaa6681a0a97ea61
ACTION DOC 1200 1168 EXAMINING_DOCUMENT 1955d6cac326d09caaa6681a0a97ea61
ACTION SNIPPET 1200 1168 SEEN_PREVIOUSLY ec608662-d53c-11e3-aae8-c2d44bd79778
ACTION SNIPPET 1200 1168 SEEN_PREVIOUSLY 9e8546d8-6a1f-11e1-b756-60ee4e23a039
ACTION SNIPPET 1200 1168 SEEN_PREVIOUSLY 3b92b63833b0ff49ee7d70227f0d5ccc
ACTION SNIPPET 1200 1168 SEEN_PREVIOUSLY 1845f7a51b4ff52843c4f91c5f82a85f
ACTION SNIPPET 1200 1168 SEEN_PREVIOUSLY a20f49b1329c3f3c9144813d6543e502
ACTION SNIPPET 1200 1168 SEEN_PREVIOUSLY 0fc67e79e3ebf15c610944c25b19abe4
ACTION SNIPPET 1200 1168 SEEN_PREVIOUSLY 020cefc0-2199-11e4-958c-268a320a60ce
ACTION SNIPPET 1200 1168 SEEN_PREVIOUSLY 0f4f11f765cf38cb484ae7a9b622133a
ACTION SNIPPET 1200 1168 SEEN_PREVIOUSLY 417846f72f17d55b9d898c0ffc467681
ACTION SNIPPET 1200 1168 SEEN_PREVIOUSLY 74cc9f26bb720c026fd544507e66f7db
ACTION SNIPPET 1200 1168 SNIPPET_RELEVANT 96ac8922-2bda-11e6-9de3-6e6e7a14000c
ACTION DOC 1200 1188 EXAMINING_DOCUMENT 96ac8922-2bda-11e6-9de3-6e6e7a14000c
ACTION MARK 1200 1191 CONSIDERED_RELEVANT 96ac8922-2bda-11e6-9de3-6e6e7a14000c
ACTION SNIPPET 1200 1191 SEEN_PREVIOUSLY e70bcceb01ae9d6295cab72ff952f642
ACTION SNIPPET 1200 1191 SEEN_PREVIOUSLY 92a2fcda648819cc56afade0ad4739ef
ACTION SNIPPET 1200 1191 SEEN_PREVIOUSLY 8967ed265a5e3aa97306683d2180a217
ACTION SNIPPET 1200 1191 SEEN_PREVIOUSLY ccbd4ed0aa10bda520a76c25b877e1db
ACTION SNIPPET 1200 1191 SEEN_PREVIOUSLY 286c9c1411c8e56d9df331280327c2f4
ACTION SNIPPET 1200 1191 SEEN_PREVIOUSLY e900b10aa18398ecb99ec58136fca5fc
ACTION SNIPPET 1200 1191 SEEN_PREVIOUSLY 19251704-5beb-11e5-8e9e-dce8a2a2a679
ACTION SNIPPET 1200 1191 SEEN_PREVIOUSLY bff299e0cdb58b0d13e94f6a6ebe31d0
ACTION SNIPPET 1200 1191 SEEN_PREVIOUSLY 38e94370-25a9-11e6-ae4a-3cdd5fe74204
ACTION SNIPPET 1200 1191 SNIPPET_RELEVANT 9a962270bc2e27c8aa2f887c7b79511a
ACTION DOC 1200 1211 EXAMINING_DOCUMENT 9a962270bc2e27c8aa2f887c7b79511a
INFO SUMMARY 
INFO TOTAL_QUERIES_ISSUED 9
INFO TOTAL_SNIPPETS_EXAMINED 218
INFO TOTAL_DOCUMENTS_EXAMINED 49
INFO TOTAL_DOCUMENTS_MARKED_RELEVANT 32
INFO TOTAL_ATTRACTIVE_SERP_IMPRESSIONS 9
INFO TOTAL_UNATTRACTIVE_SERP_IMPRESSIONS 0
