ACTION START 1200 0 START
ACTION QUERY 1200 10 airport security measures
ACTION SERP 1200 15 EXAMINE_SERP
ACTION SNIPPET 1200 15 SNIPPET_RELEVANT 0814a51a-6260-11e7-84a1-a26b75ad39fe
ACTION DOC 1200 35 EXAMINING_DOCUMENT 0814a51a-6260-11e7-84a1-a26b75ad39fe
ACTION MARK 1200 38 CONSIDERED_RELEVANT 0814a51a-6260-11e7-84a1-a26b75ad39fe
ACTION SNIPPET 1200 38 SNIPPET_RELEVANT 1c2a1c388c3b6aa0171217d615dfe163
ACTION DOC 1200 58 EXAMINING_DOCUMENT 1c2a1c388c3b6aa0171217d615dfe163
ACTION MARK 1200 61 CONSIDERED_RELEVANT 1c2a1c388c3b6aa0171217d615dfe163
ACTION SNIPPET 1200 61 SNIPPET_RELEVANT 3a3d23be8e51f34403d256a44d87cdf4
ACTION DOC 1200 81 EXAMINING_DOCUMENT 3a3d23be8e51f34403d256a44d87cdf4
ACTION MARK 1200 84 CONSIDERED_RELEVANT 3a3d23be8e51f34403d256a44d87cdf4
ACTION SNIPPET 1200 84 SNIPPET_RELEVANT e8023cac-5c14-11e7-9fc6-c7ef4bc58d13
ACTION DOC 1200 104 EXAMINING_DOCUMENT e8023cac-5c14-11e7-9fc6-c7ef4bc58d13
ACTION MARK 1200 107 CONSIDERED_RELEVANT e8023cac-5c14-11e7-9fc6-c7ef4bc58d13
ACTION SNIPPET 1200 107 SNIPPET_RELEVANT 2861aed4b4d9e4cc8787f27467359594
ACTION DOC 1200 127 EXAMINING_DOCUMENT 2861aed4b4d9e4cc8787f27467359594
ACTION MARK 1200 130 CONSIDERED_RELEVANT 2861aed4b4d9e4cc8787f27467359594
ACTION QUERY 1200 140 flight safety protocols
ACTION SERP 1200 145 EXAMINE_SERP
ACTION SNIPPET 1200 145 SNIPPET_NOT_RELEVANT 022767b786301a72a87df32536aa3223
ACTION SNIPPET 1200 145 SNIPPET_NOT_RELEVANT f725e9036ecc5a834d11f94b2a53e57f
ACTION SNIPPET 1200 145 SNIPPET_NOT_RELEVANT 7bb0e438b7c8723e68ac6f3963f3c887
ACTION SNIPPET 1200 145 SNIPPET_NOT_RELEVANT 6e99fa3f88fac9c59665748680294cc5
ACTION SNIPPET 1200 145 SNIPPET_NOT_RELEVANT 05b29ae8-7ef1-11e4-9f38-95a187e4c1f7
ACTION SNIPPET 1200 145 SNIPPET_NOT_RELEVANT 2f3868e190ef5e72ddd5f5c08557a931
ACTION SNIPPET 1200 145 SNIPPET_NOT_RELEVANT 1ed8525e-7754-11e5-a958-d889faf561dc
ACTION SNIPPET 1200 145 SNIPPET_NOT_RELEVANT efa1d258c2c2aadc6e32b194bc4a26fb
ACTION SNIPPET 1200 145 SEEN_PREVIOUSLY 1c2a1c388c3b6aa0171217d615dfe163
ACTION SNIPPET 1200 145 SNIPPET_NOT_RELEVANT 0508557a-3763-11e6-9ccd-d6005beac8b3
ACTION SNIPPET 1200 145 SNIPPET_NOT_RELEVANT 33a75b48-4dab-11e1-a6cc-0af555104193
ACTION SNIPPET 1200 145 SNIPPET_NOT_RELEVANT 674a321dce628b6f5e394c13634c0a11
ACTION SNIPPET 1200 145 SNIPPET_NOT_RELEVANT 5faf2d1a-1b9c-11e6-b6e0-c53b7ef63b45
ACTION SNIPPET 1200 145 SNIPPET_NOT_RELEVANT b4a6ba6be28c9f69c2fd61f81c9578c3
ACTION SNIPPET 1200 145 SNIPPET_NOT_RELEVANT 707ec1fe-4acc-11e2-9a42-d1ce6d0ed278
ACTION SNIPPET 1200 145 SNIPPET_NOT_RELEVANT 636a879c-6410-11e3-aa81-e1dab1360323
ACTION SNIPPET 1200 145 SNIPPET_NOT_RELEVANT 9f198b7a-2056-11e7-be2a-3a1fb24d4671
ACTION SNIPPET 1200 145 SNIPPET_NOT_RELEVANT 4c4954bda8de15119c1d1e80f8e3dfbd
ACTION SNIPPET 1200 145 SNIPPET_NOT_RELEVANT fca695af719febd43cadc4d57cb7d34e
ACTION SNIPPET 1200 145 SNIPPET_NOT_RELEVANT e06331734466afe6a859f4c403ee18f4
ACTION SNIPPET 1200 145 SNIPPET_NOT_RELEVANT 38b0736a0bd0a066819c8aa65437e161
ACTION SNIPPET 1200 145 SNIPPET_NOT_RELEVANT 60bae39cbbf9a9d21335c8137b0ba16a
ACTION SNIPPET 1200 145 SNIPPET_NOT_RELEVANT 510e3862-3166-11e5-8f36-18d1d501920d
ACTION SNIPPET 1200 145 SNIPPET_NOT_RELEVANT f3418bc4e7abce4d8538e5a19b924f7a
ACTION SNIPPET 1200 145 SNIPPET_NOT_RELEVANT e1e23754-c156-11e1-b443-c543ff4a6302
ACTION SNIPPET 1200 145 SNIPPET_NOT_RELEVANT 26514765641367776d5982d84256f757
ACTION SNIPPET 1200 145 SNIPPET_NOT_RELEVANT 594b98f8-0e03-11e4-8341-b8072b1e7348
ACTION SNIPPET 1200 145 SNIPPET_NOT_RELEVANT cee708417c6033ec8aa54e136c7406f6
ACTION SNIPPET 1200 145 SNIPPET_NOT_RELEVANT 1c52e4d22b9687efb934ecce7d552b65
ACTION SNIPPET 1200 145 SNIPPET_NOT_RELEVANT ed2e84d0-fac8-11e2-a369-d1954abcb7e3
ACTION SNIPPET 1200 145 SNIPPET_NOT_RELEVANT 08c0f202-28f5-11e6-ae4a-3cdd5fe74204
ACTION SNIPPET 1200 145 SNIPPET_NOT_RELEVANT 34dd578e-5897-11e4-b812-38518ae74c67
ACTION SNIPPET 1200 145 SNIPPET_NOT_RELEVANT 3918d6b5b8403bba17f1deab2f277480
ACTION SNIPPET 1200 145 SNIPPET_NOT_RELEVANT 2f1f90b649d4736d72bc2dd0637fe8b1
ACTION SNIPPET 1200 145 SNIPPET_NOT_RELEVANT 47e0eeab99672a892ce48c33864d0992
ACTION SNIPPET 1200 145 SNIPPET_NOT_RELEVANT 7700dd5304d0b66a4cffde0007cc71f4
ACTION SNIPPET 1200 145 SNIPPET_RELEVANT 185a14ae-5f4b-11e7-84a1-a26b75ad39fe
ACTION DOC 1200 165 EXAMINING_DOCUMENT 185a14ae-5f4b-11e7-84a1-a26b75ad39fe
ACTION MARK 1200 168 CONSIDERED_RELEVANT 185a14ae-5f4b-11e7-84a1-a26b75ad39fe
ACTION SNIPPET 1200 168 SNIPPET_NOT_RELEVANT e0fc14bc08aae92554ad654ffee6ab5b
ACTION SNIPPET 1200 168 SNIPPET_NOT_RELEVANT 31ff74600201d97e001f82efd6c9872c
ACTION SNIPPET 1200 168 SNIPPET_NOT_RELEVANT cf44e953fb28aa6a7e1fa7bf6a977bf3
ACTION SNIPPET 1200 168 SNIPPET_NOT_RELEVANT e140870d8ca1416bbba209f1168a339a
ACTION SNIPPET 1200 168 SNIPPET_NOT_RELEVANT 2c0b5d8c-d3e8-11e4-ab77-9646eea6a4c7
ACTION SNIPPET 1200 168 SEEN_PREVIOUSLY e8023cac-5c14-11e7-9fc6-c7ef4bc58d13
ACTION SNIPPET 1200 168 SNIPPET_NOT_RELEVANT 802c3d2c-25db-11e7-b503-9d616bd5a305
ACTION SNIPPET 1200 168 SNIPPET_NOT_RELEVANT 180ae98e-c964-11e5-ae11-57b6aeab993f
ACTION SNIPPET 1200 168 SNIPPET_NOT_RELEVANT f67fa8be493922653de03fe9e6a122d5
ACTION SNIPPET 1200 168 SNIPPET_NOT_RELEVANT 4dc973ea-b5c2-11e3-8cb6-284052554d74
ACTION SNIPPET 1200 168 SNIPPET_NOT_RELEVANT f739e922-a4f5-11e5-9c4e-be37f66848bb
ACTION SNIPPET 1200 168 SNIPPET_NOT_RELEVANT cadd29f2-f894-11e3-af55-076a4c5f20a0
ACTION SNIPPET 1200 168 SNIPPET_NOT_RELEVANT 1a6c5c20204dcaab875547eb0eb6e727
ACTION SNIPPET 1200 168 SNIPPET_NOT_RELEVANT e146ef7e-5b7a-11e7-9fc6-c7ef4bc58d13
ACTION SNIPPET 1200 168 SNIPPET_NOT_RELEVANT 4bc01e84-72bb-11e5-8d93-0af317ed58c9
ACTION SNIPPET 1200 168 SNIPPET_NOT_RELEVANT fa45e6e2-fb59-11e5-80e4-c381214de1a3
ACTION SNIPPET 1200 168 SNIPPET_NOT_RELEVANT 5e3a0e7c-8bf6-11e5-acff-673ae92ddd2b
ACTION SNIPPET 1200 168 SNIPPET_NOT_RELEVANT 67cde64e0ca1095bf9e13e4590a19635
ACTION SNIPPET 1200 168 SNIPPET_NOT_RELEVANT 463392e60bdbaefb9900ee3b7108b2ae
ACTION SNIPPET 1200 168 SNIPPET_NOT_RELEVANT 99d4d17c-980a-11e5-b499-76cbec161973
ACTION SNIPPET 1200 168 SNIPPET_NOT_RELEVANT fe457e54-5963-11e4-b812-38518ae74c67
ACTION SNIPPET 1200 168 SNIPPET_NOT_RELEVANT 1dc95522-dcd8-11e5-81ae-7491b9b9e7df
ACTION SNIPPET 1200 168 SNIPPET_NOT_RELEVANT b5bbb7276a3a6ba7c6d5dd982c4353e6
ACTION SNIPPET 1200 168 SNIPPET_NOT_RELEVANT f8dd8c8e-4874-11e6-bdb9-701687974517
ACTION SNIPPET 1200 168 SNIPPET_NOT_RELEVANT 066864a673955501b8c7e4edb665827d
ACTION SNIPPET 1200 168 SNIPPET_NOT_RELEVANT 6002593f054bf7d966d13f98775538a7
ACTION SNIPPET 1200 168 SNIPPET_NOT_RELEVANT 0f00ea86-becf-11e5-9443-7074c3645405
ACTION SNIPPET 1200 168 SNIPPET_NOT_RELEVANT 460494211ed3ea4f665a669c72760e1a
ACTION SNIPPET 1200 168 SNIPPET_NOT_RELEVANT 9ff974d018d20931adc88db9f04813b6
ACTION SNIPPET 1200 168 SNIPPET_NOT_RELEVANT 732377a868677df9d7b7783a1964467e
ACTION SNIPPET 1200 168 SNIPPET_NOT_RELEVANT fa0a3be73201dc507ecbf79a4509347b
ACTION SNIPPET 1200 168 SNIPPET_NOT_RELEVANT a561a529ab0077108976a3738fc016d3
ACTION SNIPPET 1200 168 SNIPPET_NOT_RELEVANT fd858f629773e743375e428d10367162
ACTION SNIPPET 1200 168 SNIPPET_NOT_RELEVANT e7535abb4f38bfd45ac7d5a9e5a40881
ACTION SNIPPET 1200 168 SNIPPET_NOT_RELEVANT 4351ffc2-52cf-11e4-892e-602188e70e9c
ACTION SNIPPET 1200 168 SNIPPET_NOT_RELEVANT cbf3162bdb44533653c04e273f597352
ACTION SNIPPET 1200 168 SNIPPET_NOT_RELEVANT acca34e1aefc42dd67b4274373038620
ACTION SNIPPET 1200 168 SNIPPET_NOT_RELEVANT e3bf9702f18ee73d12fd4bb4cbd3af2d
ACTION SNIPPET 1200 168 SNIPPET_NOT_RELEVANT c978a24e-a276-11e4-b146-577832eafcb4
ACTION SNIPPET 1200 168 SNIPPET_NOT_RELEVANT 8f75e662-fd69-11e4-805c-c3f407e5a9e9
ACTION SNIPPET 1200 168 SNIPPET_NOT_RELEVANT 1ee1aa4687170cb462143862ff565af1
ACTION SNIPPET 1200 168 SNIPPET_NOT_RELEVANT c0ce26d869d99544ed818c95acf6cc17
ACTION SNIPPET 1200 168 SNIPPET_NOT_RELEVANT 6cebfea3758cd55957dbed89d123e43b
ACTION SNIPPET 1200 168 SNIPPET_NOT_RELEVANT 8db7ce00f118f176aa63bf5ec947bfc9
ACTION SNIPPET 1200 168 SNIPPET_NOT_RELEVANT ad77cc01a986ee3207be65c2614fb6cc
ACTION SNIPPET 1200 168 SNIPPET_NOT_RELEVANT 078c7b3f490b44943e71fd4ab12efbab
ACTION SNIPPET 1200 168 SNIPPET_NOT_RELEVANT 79f9049e82bd01e1997dae52cd5a3b48
ACTION SNIPPET 1200 168 SNIPPET_NOT_RELEVANT 62918c2e-4a5d-11e4-a046-120a8a855cca
ACTION SNIPPET 1200 168 SNIPPET_NOT_RELEVANT a1ef5edab6848eac58f1714d399d7e10
ACTION SNIPPET 1200 168 SNIPPET_NOT_RELEVANT f6e92fac-f156-11e5-a61f-e9c95c06edca
ACTION SNIPPET 1200 168 SNIPPET_NOT_RELEVANT 7b08c6b4844c82f67d251a524c5f01fa
ACTION SNIPPET 1200 168 SNIPPET_NOT_RELEVANT 5ef812ae-4737-11e5-846d-02792f854297
ACTION SNIPPET 1200 168 SNIPPET_NOT_RELEVANT eaf05761e138a74a44fe60b7b1068463
ACTION SNIPPET 1200 168 SNIPPET_NOT_RELEVANT c2a51966-da6d-11e2-a016-92547bf094cc
ACTION SNIPPET 1200 168 SNIPPET_NOT_RELEVANT 3ac6f53c7bf7b5712abfec581cef6354
ACTION SNIPPET 1200 168 SNIPPET_NOT_RELEVANT bdd914b3018fff8d10a477a462ba8e3c
ACTION SNIPPET 1200 168 SNIPPET_NOT_RELEVANT 26673c3b077cdc9e190cd66a49f7937e
ACTION SNIPPET 1200 168 SNIPPET_NOT_RELEVANT 6e9767cb9cd7bbcdce945a18826604ab
ACTION SNIPPET 1200 168 SNIPPET_NOT_RELEVANT bad099eb0c1c26b2016579f8f3027110
ACTION SNIPPET 1200 168 SNIPPET_NOT_RELEVANT 5266fe7c0c6ea49372ee0974c427be13
ACTION SNIPPET 1200 168 SNIPPET_NOT_RELEVANT 7ef57144-424a-11e3-a624-41d661b0bb78
ACTION SNIPPET 1200 168 SNIPPET_NOT_RELEVANT fe52f1bf887a5af5c1b4db5ff9eef3b7
ACTION SNIPPET 1200 168 SNIPPET_NOT_RELEVANT 92b52774ae4cb64d022da3dd2c65806d
INFO SERP_END_REACHED 
ACTION QUERY 1200 178 international flight screening
ACTION SERP 1200 183 EXAMINE_SERP
ACTION SNIPPET 1200 183 SEEN_PREVIOUSLY 185a14ae-5f4b-11e7-84a1-a26b75ad39fe
ACTION SNIPPET 1200 183 SNIPPET_NOT_RELEVANT acbeed9c-5227-11e4-809b-8cc0a295c773
ACTION SNIPPET 1200 183 SEEN_PREVIOUSLY e8023cac-5c14-11e7-9fc6-c7ef4bc58d13
ACTION SNIPPET 1200 183 SNIPPET_NOT_RELEVANT 93f9b9178c8fb6ab51af214438b0b14b
ACTION SNIPPET 1200 183 SNIPPET_RELEVANT 3fda8b02e50d14fafef10f318e1220cb
ACTION DOC 1200 203 EXAMINING_DOCUMENT 3fda8b02e50d14fafef10f318e1220cb
ACTION MARK 1200 206 CONSIDERED_RELEVANT 3fda8b02e50d14fafef10f318e1220cb
ACTION SNIPPET 1200 206 SNIPPET_RELEVANT e1b70d76-4e31-11e4-babe-e91da079cb8a
ACTION DOC 1200 226 EXAMINING_DOCUMENT e1b70d76-4e31-11e4-babe-e91da079cb8a
ACTION MARK 1200 229 CONSIDERED_RELEVANT e1b70d76-4e31-11e4-babe-e91da079cb8a
ACTION SNIPPET 1200 229 SNIPPET_RELEVANT 4a27cd8e6f3beaeba3c21a3bae6676e6
ACTION DOC 1200 249 EXAMINING_DOCUMENT 4a27cd8e6f3beaeba3c21a3bae6676e6
ACTION MARK 1200 252 CONSIDERED_RELEVANT 4a27cd8e6f3beaeba3c21a3bae6676e6
ACTION SNIPPET 1200 252 SNIPPET_RELEVANT e0b227a7795a4c966be96ef0d6c8974a
ACTION DOC 1200 272 EXAMINING_DOCUMENT e0b227a7795a4c966be96ef0d6c8974a
ACTION MARK 1200 275 CONSIDERED_RELEVANT e0b227a7795a4c966be96ef0d6c8974a
ACTION SNIPPET 1200 275 SNIPPET_RELEVANT eac99c454d49cb0a899d347f53186561
ACTION DOC 1200 295 EXAMINING_DOCUMENT eac99c454d49cb0a899d347f53186561
ACTION MARK 1200 298 CONSIDERED_RELEVANT eac99c454d49cb0a899d347f53186561
ACTION QUERY 1200 308 terrorism prevention airports
ACTION SERP 1200 313 EXAMINE_SERP
ACTION SNIPPET 1200 313 SNIPPET_NOT_RELEVANT d6f53d5ad2ac5fdd36bffdef733b3ea8
ACTION SNIPPET 1200 313 SNIPPET_NOT_RELEVANT 4ba9f1a8-4bdb-11e3-9890-a1e0997fb0c0
ACTION SNIPPET 1200 313 SNIPPET_RELEVANT a4450c72-3e0d-11e6-a66f-aa6c1883b6b1
ACTION DOC 1200 333 EXAMINING_DOCUMENT a4450c72-3e0d-11e6-a66f-aa6c1883b6b1
ACTION MARK 1200 336 CONSIDERED_RELEVANT a4450c72-3e0d-11e6-a66f-aa6c1883b6b1
ACTION SNIPPET 1200 336 SNIPPET_NOT_RELEVANT 960a655e37a62111439e35f268d4952a
ACTION SNIPPET 1200 336 SNIPPET_NOT_RELEVANT 3b6974ffb40416e2a1c112aeb9b053cf
ACTION SNIPPET 1200 336 SNIPPET_NOT_RELEVANT 99bf495c18873e39102fc2ad3585b4a3
ACTION SNIPPET 1200 336 SNIPPET_NOT_RELEVANT e4a02d08e7b9c4e459dc7d070188ea89
ACTION SNIPPET 1200 336 SNIPPET_NOT_RELEVANT 9929ab666defb838774e0abd18ecf410
ACTION SNIPPET 1200 336 SNIPPET_NOT_RELEVANT efd338e364b2604c6e3aa5545c9f684c
ACTION SNIPPET 1200 336 SNIPPET_NOT_RELEVANT 26a71d1e-752c-4150-85e3-3c5c52f0f805
ACTION SNIPPET 1200 336 SNIPPET_NOT_RELEVANT 91e5b42b9e7d5f3cc78d3cff439ff877
ACTION SNIPPET 1200 336 SNIPPET_NOT_RELEVANT 806be4be-55eb-11e7-ba90-f5875b7d1876
ACTION SNIPPET 1200 336 SNIPPET_NOT_RELEVANT f09d846e43b60c71731e31d83a7c2364
ACTION SNIPPET 1200 336 SNIPPET_NOT_RELEVANT 22932aa547ac379a56967a384187d3c6
ACTION SNIPPET 1200 336 SEEN_PREVIOUSLY 2861aed4b4d9e4cc8787f27467359594
ACTION SNIPPET 1200 336 SNIPPET_NOT_RELEVANT c01ce0f717a3ef290d6413e6891ccc31
ACTION SNIPPET 1200 336 SNIPPET_NOT_RELEVANT 77ba83de58ad5c56f1b29a5f80b9160d
ACTION SNIPPET 1200 336 SNIPPET_NOT_RELEVANT d34ffc0e-d109-11e1-ac6b-907ab4be650b
ACTION SNIPPET 1200 336 SNIPPET_NOT_RELEVANT 426b48d8-09ad-11e7-93dc-00f9bdd74ed1
ACTION SNIPPET 1200 336 SNIPPET_NOT_RELEVANT ac24058e-1228-11e2-ba83-a7a396e6b2a7
ACTION SNIPPET 1200 336 SNIPPET_NOT_RELEVANT 09dd65ee-f579-11e5-9804-537defcc3cf6
ACTION SNIPPET 1200 336 SNIPPET_NOT_RELEVANT 94e00bec1972b645203ebd4a32b1986d
ACTION SNIPPET 1200 336 SNIPPET_RELEVANT d88cbcdeaf523c789744a977d9973a56
ACTION DOC 1200 356 EXAMINING_DOCUMENT d88cbcdeaf523c789744a977d9973a56
ACTION MARK 1200 359 CONSIDERED_RELEVANT d88cbcdeaf523c789744a977d9973a56
ACTION SNIPPET 1200 359 SNIPPET_NOT_RELEVANT 12308cb83a4bed821b710c5aeb2bf60f
ACTION SNIPPET 1200 359 SNIPPET_NOT_RELEVANT edee66ab112a1c693a5aa7728f8b9f40
ACTION SNIPPET 1200 359 SNIPPET_NOT_RELEVANT 924aa8ba-d178-11e2-9577-df9f1c3348f5
ACTION SNIPPET 1200 359 SNIPPET_NOT_RELEVANT 8c188cc8f2e57da79daaaf82dc321148
ACTION SNIPPET 1200 359 SNIPPET_NOT_RELEVANT d7e927f0357009437a04caf6d63be087
ACTION SNIPPET 1200 359 SNIPPET_NOT_RELEVANT 8ca5a5a65e542e062a072780e447fc92
ACTION SNIPPET 1200 359 SNIPPET_NOT_RELEVANT 7a37563b4aae847ec35ad5dd7ee2eb91
ACTION SNIPPET 1200 359 SNIPPET_NOT_RELEVANT 3c9c5b98-7def-11e7-9d08-b79f191668ed
ACTION SNIPPET 1200 359 SNIPPET_NOT_RELEVANT 9cd726ba-35a9-11e3-be86-6aeaa439845b
ACTION SNIPPET 1200 359 SNIPPET_NOT_RELEVANT 8267c6893bb8ff8371e927baad83a037
ACTION SNIPPET 1200 359 SNIPPET_NOT_RELEVANT a7d49d32ddc2361ea4229d5fad4c1b13
ACTION SNIPPET 1200 359 SNIPPET_NOT_RELEVANT 99b6e666-e666-11e6-903d-9b11ed7d8d2a
ACTION SNIPPET 1200 359 SNIPPET_NOT_RELEVANT 130dacf4451b14ec061e102c96f0052b
ACTION SNIPPET 1200 359 SNIPPET_NOT_RELEVANT 6072e5ccd72da1ca14ce261e5834122b
ACTION SNIPPET 1200 359 SNIPPET_NOT_RELEVANT c1bf45c3b367a2ba8ad9d3a227746b55
ACTION SNIPPET 1200 359 SNIPPET_NOT_RELEVANT 5616eeb2f9e2557adc459a3e1471fe21
ACTION SNIPPET 1200 359 SNIPPET_NOT_RELEVANT 29a3cf00-f11c-11e5-a61f-e9c95c06edca
ACTION SNIPPET 1200 359 SNIPPET_NOT_RELEVANT 7893587afab3dd77fb45c38ddb64687c
ACTION SNIPPET 1200 359 SNIPPET_NOT_RELEVANT d68bbf221fb97d4a79c7c2ea4cfd293c
ACTION SNIPPET 1200 359 SNIPPET_NOT_RELEVANT c0558ecd108860f30664f1a6d9295678
ACTION SNIPPET 1200 359 SNIPPET_NOT_RELEVANT 9fbbbe2a-ef46-11e3-914c-1fbd0614e2d4
ACTION SNIPPET 1200 359 SNIPPET_NOT_RELEVANT fc1fd2ecaffe6f9660ff1e881396e680
ACTION SNIPPET 1200 359 SNIPPET_NOT_RELEVANT 1db16493d28ebdba1b442ad6c4e386ab
ACTION SNIPPET 1200 359 SNIPPET_NOT_RELEVANT 50bcd742-9137-11e6-a6a3-d50061aa9fae
ACTION SNIPPET 1200 359 SNIPPET_NOT_RELEVANT a5cedca6-3d65-11e6-9e16-4cf01a41decb
ACTION SNIPPET 1200 359 SNIPPET_NOT_RELEVANT db504838-1da8-11e6-9c81-4be1c14fb8c8
ACTION SNIPPET 1200 359 SNIPPET_NOT_RELEVANT 742368da-1efa-11e7-bb59-a74ccaf1d02f
ACTION SNIPPET 1200 359 SNIPPET_RELEVANT 174d148693c13f5bdd2b4b2a541cf399
ACTION DOC 1200 379 EXAMINING_DOCUMENT 174d148693c13f5bdd2b4b2a541cf399
ACTION MARK 1200 382 CONSIDERED_RELEVANT 174d148693c13f5bdd2b4b2a541cf399
ACTION SNIPPET 1200 382 SNIPPET_NOT_RELEVANT 496286f4-8d05-11e5-ae1f-af46b7df8483
ACTION SNIPPET 1200 382 SNIPPET_NOT_RELEVANT 11466392-0a96-11e3-89fe-abb4a5067014
ACTION SNIPPET 1200 382 SNIPPET_NOT_RELEVANT d945b20a-d462-11e6-945a-76f69a399dd5
ACTION SNIPPET 1200 382 SNIPPET_NOT_RELEVANT 4d6d48b2fa5d514846fe93b00e6b9ec8
ACTION SNIPPET 1200 382 SNIPPET_NOT_RELEVANT 2a9992e4-fadc-11e6-9845-576c69081518
ACTION SNIPPET 1200 382 SNIPPET_NOT_RELEVANT c59b979498c26ea9be5ef3c706bd090d
ACTION SNIPPET 1200 382 SNIPPET_NOT_RELEVANT b08decbe8857ef1f63b98d0b711c1fef
ACTION SNIPPET 1200 382 SNIPPET_NOT_RELEVANT f8a2522dbe01baab6a42118b692a27f6
ACTION SNIPPET 1200 382 SNIPPET_NOT_RELEVANT 6457228c-3d70-11e6-9e16-4cf01a41decb
ACTION SNIPPET 1200 382 SNIPPET_NOT_RELEVANT bd06cb7822b76e3c671ea82fcba68631
ACTION SNIPPET 1200 382 SNIPPET_NOT_RELEVANT 0276ecc8-3e0b-11e6-9e16-4cf01a41decb
ACTION SNIPPET 1200 382 SNIPPET_NOT_RELEVANT 058488e628777ea9a59eb3b1aea29179
ACTION SNIPPET 1200 382 SNIPPET_NOT_RELEVANT 79539218-f14b-11e5-89c3-a647fcce95e0
ACTION SNIPPET 1200 382 SNIPPET_NOT_RELEVANT 1985d145017fc1ddd67146cbb2fb4b51
ACTION SNIPPET 1200 382 SNIPPET_NOT_RELEVANT 98c61694-3533-11e6-b23a-d797086c8235
ACTION SNIPPET 1200 382 SNIPPET_NOT_RELEVANT 40d5dc582b45097b0bfdb581117a8f2a
ACTION SNIPPET 1200 382 SNIPPET_NOT_RELEVANT 064ddfa0-de6e-11e2-b197-f248b21f94c4
ACTION SNIPPET 1200 382 SNIPPET_NOT_RELEVANT 710c97ee-230c-11e4-86ca-6f03cbd15c1a
ACTION SNIPPET 1200 382 SNIPPET_NOT_RELEVANT a2df2075b99b3fb733b9d9b355144756
ACTION SNIPPET 1200 382 SNIPPET_NOT_RELEVANT 3d594781e79dffbe0bd106baf175f4c9
ACTION SNIPPET 1200 382 SNIPPET_NOT_RELEVANT 27362d1420658078bba2bcdad8a5fe65
ACTION SNIPPET 1200 382 SNIPPET_RELEVANT 570ede22-0eb3-11e5-adec-e82f8395c032
ACTION DOC 1200 402 EXAMINING_DOCUMENT 570ede22-0eb3-11e5-adec-e82f8395c032
ACTION MARK 1200 405 CONSIDERED_RELEVANT 570ede22-0eb3-11e5-adec-e82f8395c032
ACTION SNIPPET 1200 405 SNIPPET_NOT_RELEVANT 5d4261e1324a96b63353b48928be0be6
ACTION SNIPPET 1200 405 SNIPPET_NOT_RELEVANT 6f3528dbfa7af102fcb8f37347fb0b43
ACTION SNIPPET 1200 405 SNIPPET_NOT_RELEVANT d8ea35c72182c69b1766989fba34fce3
ACTION SNIPPET 1200 405 SNIPPET_NOT_RELEVANT 7ef8ce1720bf2f6b2065a97506ee89b4
ACTION SNIPPET 1200 405 SNIPPET_NOT_RELEVANT ae2a80fc9939f5f22a554839d81dba0c
ACTION SNIPPET 1200 405 SNIPPET_NOT_RELEVANT 5868fc7c007fc7fb66a04f5046f8ef80
ACTION SNIPPET 1200 405 SNIPPET_NOT_RELEVANT 32231d976f0be64083c58b09ff51bdb3
ACTION SNIPPET 1200 405 SNIPPET_NOT_RELEVANT b5652adcf692ef6763eb5ea537e232ae
ACTION SNIPPET 1200 405 SNIPPET_NOT_RELEVANT 6f780d846442e44010c22ed798774f53
ACTION SNIPPET 1200 405 SNIPPET_RELEVANT 5a27c15f7aabc2159b0291d370c74ffb
ACTION DOC 1200 425 EXAMINING_DOCUMENT 5a27c15f7aabc2159b0291d370c74ffb
ACTION MARK 1200 428 CONSIDERED_RELEVANT 5a27c15f7aabc2159b0291d370c74ffb
ACTION QUERY 1200 438 passenger scrutiny methods
ACTION SERP 1200 443 EXAMINE_SERP
ACTION SNIPPET 1200 443 SNIPPET_NOT_RELEVANT e6b1f52823a64bef434245fa058fbfec
ACTION SNIPPET 1200 443 SNIPPET_NOT_RELEVANT a7e75bc82eeed64ca7c97e5ca15c252e
ACTION SNIPPET 1200 443 SNIPPET_NOT_RELEVANT c775f589-05d0-48cc-a996-c60206e6d3fb
ACTION SNIPPET 1200 443 SNIPPET_RELEVANT d1067567229717c746e7fee8597011a8
ACTION DOC 1200 463 EXAMINING_DOCUMENT d1067567229717c746e7fee8597011a8
ACTION MARK 1200 466 CONSIDERED_RELEVANT d1067567229717c746e7fee8597011a8
ACTION SNIPPET 1200 466 SNIPPET_NOT_RELEVANT 8d11d304256ae2b8ff7832560ccb0c96
ACTION SNIPPET 1200 466 SNIPPET_NOT_RELEVANT 7635bd9d57511f6897ea75ec70bbf1b8
ACTION SNIPPET 1200 466 SNIPPET_NOT_RELEVANT 21d56c74252ab7dd0f48157a2f8c2962
ACTION SNIPPET 1200 466 SNIPPET_NOT_RELEVANT 63fe8644-0292-11e7-b9fa-ed727b644a0b
ACTION SNIPPET 1200 466 SNIPPET_NOT_RELEVANT c2bf53060088c52f44fb16add70c8849
ACTION SNIPPET 1200 466 SNIPPET_NOT_RELEVANT bf52c568-a5ea-11e2-8302-3c7e0ea97057
ACTION SNIPPET 1200 466 SNIPPET_NOT_RELEVANT 161aa80b14905fe8957acf155fbcdc03
ACTION SNIPPET 1200 466 SNIPPET_NOT_RELEVANT 1ffa94fbb0834458911acc184c19e6e8
ACTION SNIPPET 1200 466 SNIPPET_NOT_RELEVANT 1f9e9714962306237d4ee2e61e9e5bb8
ACTION SNIPPET 1200 466 SNIPPET_NOT_RELEVANT 9d9e751fb60decf70115d0174551998c
ACTION SNIPPET 1200 466 SNIPPET_NOT_RELEVANT 6a19057e-ba16-11e5-829c-26ffb874a18d
ACTION SNIPPET 1200 466 SNIPPET_NOT_RELEVANT 10741614-d8d7-11e5-891a-4ed04f4213e8
ACTION SNIPPET 1200 466 SNIPPET_NOT_RELEVANT 4601d45d2023af3569b7c38cc4c213a3
ACTION SNIPPET 1200 466 SNIPPET_NOT_RELEVANT 7e69622a-5091-11e4-babe-e91da079cb8a
ACTION SNIPPET 1200 466 SNIPPET_NOT_RELEVANT 4d016a0e-2b04-11e5-bd33-395c05608059
ACTION SNIPPET 1200 466 SNIPPET_NOT_RELEVANT 060a3578d8760ba072362ece65aee68f
ACTION SNIPPET 1200 466 SNIPPET_NOT_RELEVANT 3753a752-76c6-11e2-95e4-6148e45d7adb
ACTION SNIPPET 1200 466 SNIPPET_NOT_RELEVANT 71f1d984646650240466d2ae3481ebf7
ACTION SNIPPET 1200 466 SNIPPET_NOT_RELEVANT ee9be896-c067-11e5-9443-7074c3645405
ACTION SNIPPET 1200 466 SNIPPET_NOT_RELEVANT 7d20ad5c312662be6439da64612a8106
ACTION SNIPPET 1200 466 SNIPPET_NOT_RELEVANT 483981ee-883e-11e6-92c2-14b64f3d453f
ACTION SNIPPET 1200 466 SNIPPET_NOT_RELEVANT 158637349ac78f3dd51d63dba58f5ebd
ACTION SNIPPET 1200 466 SNIPPET_NOT_RELEVANT 06c25298250b0ce69483a6976acc6904
ACTION SNIPPET 1200 466 SNIPPET_NOT_RELEVANT ae5787f4-2aba-11e2-b4e0-346287b7e56c
ACTION SNIPPET 1200 466 SNIPPET_NOT_RELEVANT b4b02f8af2e085bea06c14d73bfce43e
ACTION SNIPPET 1200 466 SNIPPET_NOT_RELEVANT 491d6423f63acd649f8b525782cf1a56
ACTION SNIPPET 1200 466 SNIPPET_NOT_RELEVANT 1709fea106fd759d781687affe33b3c8
ACTION SNIPPET 1200 466 SNIPPET_NOT_RELEVANT 8ee1d0541dae1c607566a5c7ec84b231
ACTION SNIPPET 1200 466 SNIPPET_NOT_RELEVANT 7d2c5294-1c96-11e3-8685-5021e0c41964
ACTION SNIPPET 1200 466 SNIPPET_NOT_RELEVANT 0656e4808b941134d90b8167167908ad
ACTION SNIPPET 1200 466 SNIPPET_NOT_RELEVANT 31ef48d4-5bff-11e2-88d0-c4cf65c3ad15
ACTION SNIPPET 1200 466 SNIPPET_RELEVANT 07a71cda-2a58-11e5-bd33-395c05608059
ACTION DOC 1200 486 EXAMINING_DOCUMENT 07a71cda-2a58-11e5-bd33-395c05608059
ACTION MARK 1200 489 CONSIDERED_RELEVANT 07a71cda-2a58-11e5-bd33-395c05608059
ACTION SNIPPET 1200 489 SNIPPET_NOT_RELEVANT 960a655e37a62111439e35f268d4952a
ACTION SNIPPET 1200 489 SNIPPET_RELEVANT f7878e1cb4bdf00e3a00f1979c159dbe
ACTION DOC 1200 509 EXAMINING_DOCUMENT f7878e1cb4bdf00e3a00f1979c159dbe
ACTION MARK 1200 512 CONSIDERED_RELEVANT f7878e1cb4bdf00e3a00f1979c159dbe
ACTION SNIPPET 1200 512 SEEN_PREVIOUSLY 570ede22-0eb3-11e5-adec-e82f8395c032
ACTION SNIPPET 1200 512 SNIPPET_NOT_RELEVANT 94803842-1fa4-11e2-ba31-3083ca97c314
ACTION SNIPPET 1200 512 SNIPPET_NOT_RELEVANT 657b7d9a-8a97-11e3-916e-e01534b1e132
ACTION SNIPPET 1200 512 SNIPPET_NOT_RELEVANT 09dd65ee-f579-11e5-9804-537defcc3cf6
ACTION SNIPPET 1200 512 SNIPPET_NOT_RELEVANT 362dd9d6-d4bd-11e4-a62f-ee745911a4ff
ACTION SNIPPET 1200 512 SNIPPET_NOT_RELEVANT 0597a6ac-abc9-11e4-9c91-e9d2f9fde644
ACTION SNIPPET 1200 512 SNIPPET_NOT_RELEVANT fc2a7995fd244a498a7d942e34b01077
ACTION SNIPPET 1200 512 SNIPPET_NOT_RELEVANT 65158de0-cb81-11e1-aea8-34e2e47d1571
ACTION SNIPPET 1200 512 SNIPPET_NOT_RELEVANT 29267f26-ade3-11e6-a31b-4b6397e625d0
ACTION SNIPPET 1200 512 SNIPPET_RELEVANT 83b0fd3a-2364-11e2-ac85-e669876c6a24
ACTION DOC 1200 532 EXAMINING_DOCUMENT 83b0fd3a-2364-11e2-ac85-e669876c6a24
ACTION MARK 1200 535 CONSIDERED_RELEVANT 83b0fd3a-2364-11e2-ac85-e669876c6a24
ACTION SNIPPET 1200 535 SNIPPET_NOT_RELEVANT 73c583d91c3bac53132b77a1d03c7738
ACTION SNIPPET 1200 535 SNIPPET_NOT_RELEVANT 5609e012-fd0e-11e6-8f41-ea6ed597e4ca
ACTION SNIPPET 1200 535 SNIPPET_NOT_RELEVANT e743a240c905d1c5d567283ef25f0e98
ACTION SNIPPET 1200 535 SNIPPET_NOT_RELEVANT 3c448b57a3e7a896eceb7ac65711b923
ACTION SNIPPET 1200 535 SNIPPET_NOT_RELEVANT 53cb980e-d5bd-11e1-b2d5-2419d227d8b0
ACTION SNIPPET 1200 535 SNIPPET_NOT_RELEVANT 46046696-ef08-11e2-bed3-b9b6fe264871
ACTION SNIPPET 1200 535 SNIPPET_NOT_RELEVANT 5da52586-510e-11e1-bd4f-8a7d53f6d6c2
ACTION SNIPPET 1200 535 SNIPPET_NOT_RELEVANT 2e42eece-7a74-11e6-beac-57a4a412e93a
ACTION SNIPPET 1200 535 SNIPPET_NOT_RELEVANT 1dc7cd3e-960e-11e6-bb29-bf2701dbe0a3
ACTION SNIPPET 1200 535 SNIPPET_NOT_RELEVANT cd2c9f333922a4c8e3efe0e67c469d39
ACTION SNIPPET 1200 535 SNIPPET_NOT_RELEVANT c5773af91eb54593371166f4ec4174d2
ACTION SNIPPET 1200 535 SNIPPET_NOT_RELEVANT 5f9f937a-d739-11e5-be55-2cc3c1e4b76b
ACTION SNIPPET 1200 535 SNIPPET_NOT_RELEVANT d8757fd1ed58067669bd066e25669b06
ACTION SNIPPET 1200 535 SNIPPET_NOT_RELEVANT 253c7a6e-0a2d-11e6-a6b6-2e6de3695b0e
ACTION SNIPPET 1200 535 SNIPPET_NOT_RELEVANT bab5769e165fef6f2f60739d0975ff5d
ACTION SNIPPET 1200 535 SNIPPET_NOT_RELEVANT e69d7f348cebae5976d23f0f65409959
ACTION SNIPPET 1200 535 SNIPPET_NOT_RELEVANT c15af5b575c406f32efc292d0badb5d0
ACTION SNIPPET 1200 535 SNIPPET_NOT_RELEVANT fd75285ab4415a2867da06457ad21033
ACTION SNIPPET 1200 535 SNIPPET_NOT_RELEVANT 8e5bac77147cfc41b406bfd1d449573f
ACTION SNIPPET 1200 535 SNIPPET_NOT_RELEVANT fe292b32-c830-11e4-aa1a-86135599fb0f
ACTION SNIPPET 1200 535 SNIPPET_NOT_RELEVANT 9bff33a0-f3b8-11e2-aa2e-4088616498b4
ACTION SNIPPET 1200 535 SNIPPET_NOT_RELEVANT 0d63891499caaf866a696da3769b2f2a
ACTION SNIPPET 1200 535 SNIPPET_NOT_RELEVANT 6321256a-3630-11e3-be86-6aeaa439845b
ACTION SNIPPET 1200 535 SNIPPET_NOT_RELEVANT 1f62e198-1c99-11e3-a628-7e6dde8f889d
ACTION SNIPPET 1200 535 SNIPPET_NOT_RELEVANT 221629543a42ecc0a55fb82f5ef95bad
ACTION SNIPPET 1200 535 SNIPPET_NOT_RELEVANT 6e513952-7e7b-11e6-9070-5c4905bf40dc
ACTION SNIPPET 1200 535 SNIPPET_NOT_RELEVANT d11cb053db5507cc5c2b632886d86cbc
ACTION SNIPPET 1200 535 SNIPPET_NOT_RELEVANT 80be529d8a878b60b41fa17ab74943c8
ACTION SNIPPET 1200 535 SNIPPET_NOT_RELEVANT 5dd5b592543f66505fcc60c736d02046
ACTION SNIPPET 1200 535 SNIPPET_NOT_RELEVANT b25d1b97db9250146c9350e50b55d5a8
ACTION SNIPPET 1200 535 SNIPPET_NOT_RELEVANT 9db9733ab6956b337ae5ac22755bf88e
ACTION SNIPPET 1200 535 SNIPPET_NOT_RELEVANT 1cae57709893b2a89fe26ca9447cf931
ACTION SNIPPET 1200 535 SNIPPET_NOT_RELEVANT 98abee4e-d0a5-11e3-a6b1-45c4dffb85a6
ACTION SNIPPET 1200 535 SNIPPET_NOT_RELEVANT 425e796b177cc7275038a19609a3e07c
ACTION SNIPPET 1200 535 SNIPPET_NOT_RELEVANT 7343615a5e281bd0bf37c00e37880320
ACTION SNIPPET 1200 535 SEEN_PREVIOUSLY e8023cac-5c14-11e7-9fc6-c7ef4bc58d13
ACTION SNIPPET 1200 535 SNIPPET_NOT_RELEVANT c065a8e9a318a5b23af84da522c48dd9
ACTION SNIPPET 1200 535 SNIPPET_NOT_RELEVANT 16d052bb24a1ce577b0b9acae26c9158
ACTION SNIPPET 1200 535 SNIPPET_NOT_RELEVANT 9fbf8708-191b-11e5-ab92-c75ae6ab94b5
ACTION SNIPPET 1200 535 SNIPPET_NOT_RELEVANT 12da4ccf47edb14c990bd9c5e80a87ae
ACTION SNIPPET 1200 535 SNIPPET_NOT_RELEVANT a221de19455c70463c66c80c73eee2f7
ACTION SNIPPET 1200 535 SNIPPET_NOT_RELEVANT b47b2f6a-1a15-11e2-aa6f-3b636fecb829
ACTION SNIPPET 1200 535 SNIPPET_NOT_RELEVANT 876b9782-5ac1-11e4-8264-deed989ae9a2
ACTION SNIPPET 1200 535 SNIPPET_NOT_RELEVANT 076589e407f76781baf15423d2e5f16f
ACTION SNIPPET 1200 535 SNIPPET_NOT_RELEVANT 6aee28bc-3101-11e3-9c68-1cf643210300
ACTION SNIPPET 1200 535 SNIPPET_NOT_RELEVANT a1eb8ba8-4e55-11e4-babe-e91da079cb8a
ACTION SNIPPET 1200 535 SNIPPET_NOT_RELEVANT 5c1ac77d3c69025430b722ee48179e00
ACTION SNIPPET 1200 535 SNIPPET_NOT_RELEVANT 85055fef9d8196085f528a49e638ab56
ACTION SNIPPET 1200 535 SNIPPET_NOT_RELEVANT b069c859ba7cd76c97d73253a46f84db
ACTION SNIPPET 1200 535 SNIPPET_NOT_RELEVANT 067e7ba8-7a9a-11e6-bd86-b7bbd53d2b5d
ACTION SNIPPET 1200 535 SNIPPET_NOT_RELEVANT 1bb8d138-afec-11e3-95e8-39bef8e9a48b
ACTION SNIPPET 1200 535 SNIPPET_RELEVANT f73cad84-e76c-11e4-9a6a-c1ab95a0600b
ACTION DOC 1200 555 EXAMINING_DOCUMENT f73cad84-e76c-11e4-9a6a-c1ab95a0600b
ACTION MARK 1200 558 CONSIDERED_RELEVANT f73cad84-e76c-11e4-9a6a-c1ab95a0600b
INFO SERP_END_REACHED 
ACTION QUERY 1200 568 luggage screening technology
ACTION SERP 1200 573 EXAMINE_SERP
ACTION SNIPPET 1200 573 SNIPPET_NOT_RELEVANT 8444d1915d8f5cbd2e0572480580ef24
ACTION SNIPPET 1200 573 SNIPPET_NOT_RELEVANT 735c5618-beb3-11e4-bdfa-b8e8f594e6ee
ACTION SNIPPET 1200 573 SNIPPET_RELEVANT 3109a76082f03c08b1fd47bb47a451f9
ACTION DOC 1200 593 EXAMINING_DOCUMENT 3109a76082f03c08b1fd47bb47a451f9
ACTION MARK 1200 596 CONSIDERED_RELEVANT 3109a76082f03c08b1fd47bb47a451f9
ACTION SNIPPET 1200 596 SNIPPET_NOT_RELEVANT 85faf8ec-9b40-11e4-a7ee-526210d665b4
ACTION SNIPPET 1200 596 SNIPPET_NOT_RELEVANT e6f1c40348fe7773c69267f9fe84ea1d
ACTION SNIPPET 1200 596 SNIPPET_NOT_RELEVANT d13e455f4278e7a92b133929cb54808d
ACTION SNIPPET 1200 596 SNIPPET_NOT_RELEVANT f38dfce8-b00a-11e6-840f-e3ebab6bcdd3
ACTION SNIPPET 1200 596 SNIPPET_NOT_RELEVANT 0758b1d5825e63a88d6dd9885205973e
ACTION SNIPPET 1200 596 SNIPPET_NOT_RELEVANT 1c44ac297dc76832bb7716403817fcae
ACTION SNIPPET 1200 596 SNIPPET_NOT_RELEVANT 4936e46c-becf-11e5-9443-7074c3645405
ACTION SNIPPET 1200 596 SNIPPET_NOT_RELEVANT 9e23f4c0-74b1-11e3-8def-a33011492df2
ACTION SNIPPET 1200 596 SNIPPET_NOT_RELEVANT 51adadb4-b122-11e2-bbf2-a6f9e9d79e19
ACTION SNIPPET 1200 596 SNIPPET_NOT_RELEVANT 9d9e751fb60decf70115d0174551998c
ACTION SNIPPET 1200 596 SNIPPET_NOT_RELEVANT cc217026-bca8-11e2-89c9-3be8095fe767
ACTION SNIPPET 1200 596 SNIPPET_NOT_RELEVANT bfb28f70-8ef8-11e1-b132-eab19f4e8b2e
ACTION SNIPPET 1200 596 SNIPPET_NOT_RELEVANT a4ebf626-3fd4-11e7-adba-394ee67a7582
ACTION SNIPPET 1200 596 SNIPPET_NOT_RELEVANT 067e7ba8-7a9a-11e6-bd86-b7bbd53d2b5d
ACTION SNIPPET 1200 596 SNIPPET_NOT_RELEVANT 295a25a6-2503-11e6-b944-52f7b1793dae
ACTION SNIPPET 1200 596 SNIPPET_NOT_RELEVANT 19840536b20a5ee2cce8020db5046e33
ACTION SNIPPET 1200 596 SNIPPET_NOT_RELEVANT 3c62e78050906535d4ca574f735289a3
ACTION SNIPPET 1200 596 SNIPPET_NOT_RELEVANT f300d98c-31a0-11e6-95c0-2a6873031302
ACTION SNIPPET 1200 596 SNIPPET_RELEVANT d9439bb1b235ce43080e0d03ad793319
ACTION DOC 1200 616 EXAMINING_DOCUMENT d9439bb1b235ce43080e0d03ad793319
ACTION MARK 1200 619 CONSIDERED_RELEVANT d9439bb1b235ce43080e0d03ad793319
ACTION SNIPPET 1200 619 SEEN_PREVIOUSLY d88cbcdeaf523c789744a977d9973a56
ACTION SNIPPET 1200 619 SNIPPET_NOT_RELEVANT a2a423a9fca476a5bf44faf18f06eb46
ACTION SNIPPET 1200 619 SNIPPET_NOT_RELEVANT 88e7b01c-8a90-11e2-a051-6810d606108d
ACTION SNIPPET 1200 619 SNIPPET_RELEVANT 04c1ce95481223321c8a6f02d662f6f1
ACTION DOC 1200 639 EXAMINING_DOCUMENT 04c1ce95481223321c8a6f02d662f6f1
ACTION MARK 1200 642 CONSIDERED_RELEVANT 04c1ce95481223321c8a6f02d662f6f1
ACTION SNIPPET 1200 642 SNIPPET_RELEVANT 0bf6de6987f7f5d6ef2169c265e6f808
ACTION DOC 1200 662 EXAMINING_DOCUMENT 0bf6de6987f7f5d6ef2169c265e6f808
ACTION MARK 1200 665 CONSIDERED_RELEVANT 0bf6de6987f7f5d6ef2169c265e6f808
ACTION SNIPPET 1200 665 SNIPPET_NOT_RELEVANT 2ff86559adcc652f22d2fc4da0693542
ACTION SNIPPET 1200 665 SNIPPET_NOT_RELEVANT 54c2e088-f567-11e4-84a6-6d7c67c50db0
ACTION SNIPPET 1200 665 SNIPPET_NOT_RELEVANT c12491a139b9e322223ef6680fd5f612
ACTION SNIPPET 1200 665 SNIPPET_NOT_RELEVANT 71f1d984646650240466d2ae3481ebf7
ACTION SNIPPET 1200 665 SNIPPET_NOT_RELEVANT e8eff3ec8ad06221f9e79ba3bb3f934d
ACTION SNIPPET 1200 665 SNIPPET_NOT_RELEVANT 32806d68-903e-11e3-b227-12a45d109e03
ACTION SNIPPET 1200 665 SNIPPET_NOT_RELEVANT 9a79a4f0-8b7b-11e4-8ff4-fb93129c9c8b
ACTION SNIPPET 1200 665 SNIPPET_NOT_RELEVANT c94acf42-fb9a-11e2-8752-b41d7ed1f685
ACTION SNIPPET 1200 665 SEEN_PREVIOUSLY e1b70d76-4e31-11e4-babe-e91da079cb8a
ACTION SNIPPET 1200 665 SNIPPET_NOT_RELEVANT 486116e6-483d-11e6-bdb9-701687974517
ACTION SNIPPET 1200 665 SNIPPET_RELEVANT 0ad0297b51760f715083385fde0e0ef2
ACTION DOC 1200 685 EXAMINING_DOCUMENT 0ad0297b51760f715083385fde0e0ef2
ACTION MARK 1200 688 CONSIDERED_RELEVANT 0ad0297b51760f715083385fde0e0ef2
ACTION QUERY 1200 698 automated airport security
ACTION SERP 1200 703 EXAMINE_SERP
ACTION SNIPPET 1200 703 SEEN_PREVIOUSLY 3109a76082f03c08b1fd47bb47a451f9
ACTION SNIPPET 1200 703 SNIPPET_RELEVANT a824e470-06a6-11e4-a0dd-f2b22a257353
ACTION DOC 1200 723 EXAMINING_DOCUMENT a824e470-06a6-11e4-a0dd-f2b22a257353
ACTION MARK 1200 726 CONSIDERED_RELEVANT a824e470-06a6-11e4-a0dd-f2b22a257353
ACTION SNIPPET 1200 726 SNIPPET_NOT_RELEVANT 3dabab9a-5d64-11e5-b38e-06883aacba64
ACTION SNIPPET 1200 726 SNIPPET_NOT_RELEVANT 9e5bfbf77de1031cfa97c2e209252164
ACTION SNIPPET 1200 726 SNIPPET_RELEVANT 0fd2a9f4b453092cea3b67ff8a509b47
ACTION DOC 1200 746 EXAMINING_DOCUMENT 0fd2a9f4b453092cea3b67ff8a509b47
ACTION MARK 1200 749 CONSIDERED_RELEVANT 0fd2a9f4b453092cea3b67ff8a509b47
ACTION SNIPPET 1200 749 SNIPPET_NOT_RELEVANT 3e00e97316aa6988cadaeee660aec843
ACTION SNIPPET 1200 749 SNIPPET_RELEVANT d64226c7dd1a28152d2d6d959db3a1dc
ACTION DOC 1200 769 EXAMINING_DOCUMENT d64226c7dd1a28152d2d6d959db3a1dc
ACTION MARK 1200 772 CONSIDERED_RELEVANT d64226c7dd1a28152d2d6d959db3a1dc
ACTION SNIPPET 1200 772 SNIPPET_NOT_RELEVANT a6f1ed2dcba1ea20b3bf4bee026387cd
ACTION SNIPPET 1200 772 SNIPPET_NOT_RELEVANT ac6c062764cfc3cdec903465924e2896
ACTION SNIPPET 1200 772 SNIPPET_NOT_RELEVANT a088a784789820eaecab29c3aea5b92a
ACTION SNIPPET 1200 772 SNIPPET_RELEVANT 1b7d5d22-6198-11e2-9940-6fc488f3fecd
ACTION DOC 1200 792 EXAMINING_DOCUMENT 1b7d5d22-6198-11e2-9940-6fc488f3fecd
ACTION MARK 1200 795 CONSIDERED_RELEVANT 1b7d5d22-6198-11e2-9940-6fc488f3fecd
ACTION SNIPPET 1200 795 SNIPPET_NOT_RELEVANT d33fef738b1a90037ffdc8eb8df82491
ACTION SNIPPET 1200 795 SNIPPET_NOT_RELEVANT 1dc2bd5dd9e500ae1aac31367c4a4d06
ACTION SNIPPET 1200 795 SNIPPET_NOT_RELEVANT 2eb6ef712ff89f57fe14d529488bc4db
ACTION SNIPPET 1200 795 SNIPPET_NOT_RELEVANT 76ee1fe80e79f906547a958ffa04e5b0
ACTION SNIPPET 1200 795 SNIPPET_NOT_RELEVANT 77bff0b629c57518385a073e465cd381
ACTION SNIPPET 1200 795 SNIPPET_NOT_RELEVANT d2f874d6e008eba07c41f1da0926b7b5
ACTION SNIPPET 1200 795 SNIPPET_NOT_RELEVANT a2ba6f50c2ad4a2915d0935511388039
ACTION SNIPPET 1200 795 SNIPPET_NOT_RELEVANT 00cc6198-d256-11e6-9cb0-54ab630851e8
ACTION SNIPPET 1200 795 SNIPPET_NOT_RELEVANT bb4b836b80a40775e0ffb4aa11bd0001
ACTION SNIPPET 1200 795 SNIPPET_NOT_RELEVANT f52509edefe7a3454f4bf2d2747a269f
ACTION SNIPPET 1200 795 SNIPPET_NOT_RELEVANT 09f9772c-c16e-11e6-9578-0054287507db
ACTION SNIPPET 1200 795 SNIPPET_NOT_RELEVANT f9ea3bae870037993cbd8c7c67f3c455
ACTION SNIPPET 1200 795 SNIPPET_NOT_RELEVANT 067e7ba8-7a9a-11e6-bd86-b7bbd53d2b5d
ACTION SNIPPET 1200 795 SNIPPET_NOT_RELEVANT e140870d8ca1416bbba209f1168a339a
ACTION SNIPPET 1200 795 SNIPPET_NOT_RELEVANT 6d313b80-b43e-11e3-b899-20667de76985
ACTION SNIPPET 1200 795 SNIPPET_NOT_RELEVANT 2866fa20-6176-11e6-84c1-6d27287896b5
ACTION SNIPPET 1200 795 SNIPPET_NOT_RELEVANT 2d3aa292dbe85f13f0ade1a649912607
ACTION SNIPPET 1200 795 SNIPPET_NOT_RELEVANT c4abdfaf19ed0f4540412ee1997e3c70
ACTION SNIPPET 1200 795 SNIPPET_NOT_RELEVANT 24336784-a2e0-11e2-be47-b44febada3a8
ACTION SNIPPET 1200 795 SNIPPET_NOT_RELEVANT e3a47d34b2ba7bcb9246899e3457dad0
ACTION SNIPPET 1200 795 SNIPPET_NOT_RELEVANT 55fbf19cd9794103319679c4bf231f45
ACTION SNIPPET 1200 795 SNIPPET_NOT_RELEVANT 085fcb0a-8a86-11e2-a88e-461ffa2e34e4
ACTION SNIPPET 1200 795 SNIPPET_NOT_RELEVANT 9886e81c-a57d-11e4-a7c2-03d37af98440
ACTION SNIPPET 1200 795 SNIPPET_NOT_RELEVANT a699c9c0-5bec-11e1-8557-51c0c444d247
ACTION SNIPPET 1200 795 SNIPPET_NOT_RELEVANT 628083708e0983d66c02ce158cd55d61
ACTION SNIPPET 1200 795 SNIPPET_NOT_RELEVANT 0c10e14b76a39f9f11aa7d446160a0fd
ACTION SNIPPET 1200 795 SNIPPET_NOT_RELEVANT 00e458fe-ba13-11e5-829c-26ffb874a18d
ACTION SNIPPET 1200 795 SNIPPET_NOT_RELEVANT b617d3fe-2239-11e4-958c-268a320a60ce
ACTION SNIPPET 1200 795 SNIPPET_RELEVANT 2f83cddc-2b2c-11e5-bd33-395c05608059
ACTION DOC 1200 815 EXAMINING_DOCUMENT 2f83cddc-2b2c-11e5-bd33-395c05608059
ACTION MARK 1200 818 CONSIDERED_RELEVANT 2f83cddc-2b2c-11e5-bd33-395c05608059
ACTION QUERY 1200 828 whole body imaging
ACTION SERP 1200 833 EXAMINE_SERP
ACTION SNIPPET 1200 833 SNIPPET_NOT_RELEVANT 12049e1629211ce7004bccfcced617be
ACTION SNIPPET 1200 833 SNIPPET_NOT_RELEVANT f762270855ead12ca0b059b28a08f6ee
ACTION SNIPPET 1200 833 SNIPPET_NOT_RELEVANT 888ebe8f5417e9b9d8a5b79a50f16639
ACTION SNIPPET 1200 833 SNIPPET_NOT_RELEVANT 3ceff405ab44d1e0cc42d364085a7a35
ACTION SNIPPET 1200 833 SNIPPET_NOT_RELEVANT ad9aab091d672350aa5ffe6d56e1a312
ACTION SNIPPET 1200 833 SNIPPET_NOT_RELEVANT f8be35a4b880896d6a78ec6707ee352a
ACTION SNIPPET 1200 833 SNIPPET_NOT_RELEVANT d4775535d5589cdab0c546abbd2eea58
ACTION SNIPPET 1200 833 SNIPPET_NOT_RELEVANT 47eb2be83cedd9b1d910ee45e64e3fac
ACTION SNIPPET 1200 833 SNIPPET_NOT_RELEVANT b8399b389fd12815530ad5e9fddc5006
ACTION SNIPPET 1200 833 SNIPPET_NOT_RELEVANT da58874e-9fa6-11e6-8d63-3e0a660f1f04
ACTION SNIPPET 1200 833 SNIPPET_NOT_RELEVANT 1fa75ec0-3adc-11e3-b6a9-da62c264f40e
ACTION SNIPPET 1200 833 SNIPPET_NOT_RELEVANT 5cabc17115174d90cb695cb8be870ed7
ACTION SNIPPET 1200 833 SNIPPET_NOT_RELEVANT 1cddceb0-c8dc-11e4-b2a1-bed1aaea2816
ACTION SNIPPET 1200 833 SNIPPET_NOT_RELEVANT 0edf4d06304919723d459578cd3c0ab3
ACTION SNIPPET 1200 833 SNIPPET_NOT_RELEVANT 52cf452a-e774-11e3-a86b-362fd5443d19
ACTION SNIPPET 1200 833 SNIPPET_NOT_RELEVANT c8df01c2-d172-11e4-ab77-9646eea6a4c7
ACTION SNIPPET 1200 833 SNIPPET_NOT_RELEVANT ebd6075e50d0d81f21e1126d56762775
ACTION SNIPPET 1200 833 SNIPPET_NOT_RELEVANT a884bbe4-ad70-11e5-b711-1998289ffcea
ACTION SNIPPET 1200 833 SNIPPET_NOT_RELEVANT 1cd641d7c21893a3e4622a54ac732434
ACTION SNIPPET 1200 833 SNIPPET_NOT_RELEVANT 21f7d8cb4c3c49b1a2de0445c4115b45
ACTION SNIPPET 1200 833 SNIPPET_NOT_RELEVANT 75f0825f90ccc2c1c6aa9f798f46b7a8
ACTION SNIPPET 1200 833 SNIPPET_NOT_RELEVANT b3c523fe009b2db0f881937740030d42
ACTION SNIPPET 1200 833 SNIPPET_NOT_RELEVANT 2fbe147f22fbe4d9a8ff1b98e9371d21
ACTION SNIPPET 1200 833 SNIPPET_NOT_RELEVANT 4d1101310f64706bfe0ba91e3da7d4b1
ACTION SNIPPET 1200 833 SNIPPET_NOT_RELEVANT 2e6ede60-b0f4-11e6-be1c-8cec35b1ad25
ACTION SNIPPET 1200 833 SNIPPET_NOT_RELEVANT c011694170a304e8bc04a294db4ddf5f
ACTION SNIPPET 1200 833 SNIPPET_NOT_RELEVANT ac1503703cba2ad3b4413023227632cc
ACTION SNIPPET 1200 833 SNIPPET_NOT_RELEVANT 968d31915efefda18445f54056869c1c
ACTION SNIPPET 1200 833 SNIPPET_NOT_RELEVANT 106e49e4-db53-11e1-bd1f-8f2b57de6d94
ACTION SNIPPET 1200 833 SNIPPET_NOT_RELEVANT ea799199a39ebb7cc08abd100ec948f9
ACTION SNIPPET 1200 833 SNIPPET_NOT_RELEVANT 5aa79b10-6d03-11e5-9bfe-e59f5e244f92
ACTION SNIPPET 1200 833 SNIPPET_NOT_RELEVANT 60d80564-d996-11e1-9911-caf4f166979a
ACTION SNIPPET 1200 833 SNIPPET_NOT_RELEVANT e86eb81f854fbfc461485024e3b29db2
ACTION SNIPPET 1200 833 SNIPPET_NOT_RELEVANT 44f55f8d5c4f5fb664cedaf2ab262f56
ACTION SNIPPET 1200 833 SNIPPET_NOT_RELEVANT c7f95559cb70fdc383d9c8de726fd900
ACTION SNIPPET 1200 833 SNIPPET_NOT_RELEVANT a25f37b588c93a6cf114a60271f54452
ACTION SNIPPET 1200 833 SNIPPET_NOT_RELEVANT fcf98c45e11dcbd39ff1688048fdb3ca
ACTION SNIPPET 1200 833 SNIPPET_NOT_RELEVANT 0adea262-f0ab-11e2-9008-61e94a7ea20d
ACTION SNIPPET 1200 833 SNIPPET_NOT_RELEVANT 498186e9bde006f91fe103cc1a177125
ACTION SNIPPET 1200 833 SNIPPET_NOT_RELEVANT cb44817f755a7f7d4f5197abc75624bc
ACTION SNIPPET 1200 833 SNIPPET_NOT_RELEVANT f5bc62fd90b72e5fdca8fe32f8332543
ACTION SNIPPET 1200 833 SNIPPET_NOT_RELEVANT b1fcfa2fe0be1d145fd0b7c43968f8df
ACTION SNIPPET 1200 833 SNIPPET_NOT_RELEVANT 6c64a306-f35b-11e4-bcc4-e8141e5eb0c9
ACTION SNIPPET 1200 833 SNIPPET_NOT_RELEVANT fd7bdfb6-1961-11e2-b97b-3ae53cdeaf69
ACTION SNIPPET 1200 833 SNIPPET_NOT_RELEVANT 506b1f544c05234543d6220eb1dd58ac
ACTION SNIPPET 1200 833 SNIPPET_NOT_RELEVANT 35e8aecfac3976bfca870907db169573
ACTION SNIPPET 1200 833 SNIPPET_NOT_RELEVANT d10adbd4-45a7-11e4-b437-1a7368204804
ACTION SNIPPET 1200 833 SNIPPET_NOT_RELEVANT 14352cab75eae2cb931e099971dc6450
ACTION SNIPPET 1200 833 SNIPPET_NOT_RELEVANT 6ca824f8a36e0d424d3943f4d731fa66
ACTION SNIPPET 1200 833 SNIPPET_NOT_RELEVANT 1b2d9bd0-170e-11e3-be6e-dc6ae8a5b3a8
ACTION SNIPPET 1200 833 SNIPPET_NOT_RELEVANT 80941dfa33c3b046f3642967073715d0
ACTION SNIPPET 1200 833 SNIPPET_NOT_RELEVANT e0c382f05cb7ebc82cf94fd301ebb4aa
ACTION SNIPPET 1200 833 SNIPPET_NOT_RELEVANT 5756c7be-0544-11e5-a428-c984eb077d4e
ACTION SNIPPET 1200 833 SNIPPET_NOT_RELEVANT 1c2d21e65410f41d3a198c6f5accbfe0
ACTION SNIPPET 1200 833 SNIPPET_NOT_RELEVANT 932130c34f8ee4cf1268f366da70640a
ACTION SNIPPET 1200 833 SNIPPET_NOT_RELEVANT 72ec1ea4-5cb2-11e1-8c28-8f1c9e65d2ac
ACTION SNIPPET 1200 833 SNIPPET_NOT_RELEVANT acb3e561567725849151a286564bc4db
ACTION SNIPPET 1200 833 SNIPPET_NOT_RELEVANT e1e6f741d81cc91f65a04546935c6097
ACTION SNIPPET 1200 833 SNIPPET_NOT_RELEVANT bca303d2-db9a-11e3-bda1-9b46b2066796
ACTION SNIPPET 1200 833 SNIPPET_NOT_RELEVANT 90e4adbeceaa8bc346af28dc78ed2571
ACTION SNIPPET 1200 833 SNIPPET_NOT_RELEVANT 96b8a4d6-810d-11e6-a52d-9a865a0ed0d4
ACTION SNIPPET 1200 833 SNIPPET_NOT_RELEVANT 70876bee952458743a0ff9905aef44e3
ACTION SNIPPET 1200 833 SNIPPET_NOT_RELEVANT 7a2cdfa816a852c7f6be9db857c34953
ACTION SNIPPET 1200 833 SNIPPET_NOT_RELEVANT bf8a84b4-0f02-11e2-bd1a-b868e65d57eb
ACTION SNIPPET 1200 833 SNIPPET_NOT_RELEVANT 16b682e0-8eef-11e1-a787-6ecf005d6112
ACTION SNIPPET 1200 833 SNIPPET_NOT_RELEVANT 051f7b0bf8b5e35aa00a539acace0bf0
ACTION SNIPPET 1200 833 SNIPPET_NOT_RELEVANT 4439ceaa2b278f991f4d917d43d16345
ACTION SNIPPET 1200 833 SNIPPET_NOT_RELEVANT e6b92f84-a3e6-11e3-a5fa-55f0c77bf39c
ACTION SNIPPET 1200 833 SNIPPET_NOT_RELEVANT 6463a8a05818c34a0142035d49b63cb5
ACTION SNIPPET 1200 833 SNIPPET_NOT_RELEVANT 630addfe-e841-11e4-aae1-d642717d8afa
ACTION SNIPPET 1200 833 SNIPPET_NOT_RELEVANT eccf37c6-ce3b-11e4-8a46-b1dc9be5a8ff
ACTION SNIPPET 1200 833 SNIPPET_NOT_RELEVANT 316b16f6-d4c8-11e4-ab77-9646eea6a4c7
ACTION SNIPPET 1200 833 SNIPPET_NOT_RELEVANT 2646c0eddfa09f28859d7274ac26c04b
ACTION SNIPPET 1200 833 SNIPPET_NOT_RELEVANT cfbca335f8240f39dbfac1b5f2aef18a
ACTION SNIPPET 1200 833 SNIPPET_NOT_RELEVANT 3f2efa38b052cdfa6e70914f54f4327d
ACTION SNIPPET 1200 833 SNIPPET_NOT_RELEVANT 9ae65749d2a1bfa73856913fbc374151
ACTION SNIPPET 1200 833 SNIPPET_NOT_RELEVANT 39b82285fd29e430062066ff913cea6e
ACTION SNIPPET 1200 833 SNIPPET_NOT_RELEVANT e282e95722fc163dd5cdf19ba0b87646
ACTION SNIPPET 1200 833 SNIPPET_NOT_RELEVANT 3668acd2-1816-11e4-85b6-c1451e622637
ACTION SNIPPET 1200 833 SNIPPET_NOT_RELEVANT e4e2008ced20c6b0f134529773e08c75
ACTION SNIPPET 1200 833 SNIPPET_NOT_RELEVANT cd6d1c38-89e2-11e4-a085-34e9b9f09a58
ACTION SNIPPET 1200 833 SNIPPET_NOT_RELEVANT e3a0a8ae-7ad9-11e2-82e8-61a46c2cde3d
ACTION SNIPPET 1200 833 SNIPPET_NOT_RELEVANT 268341ea-4c88-4f86-9efc-bff11fe55319
ACTION SNIPPET 1200 833 SNIPPET_NOT_RELEVANT 4be4c968-3ce9-11e4-a430-b82a3e67b762
ACTION SNIPPET 1200 833 SNIPPET_NOT_RELEVANT d4341bb5381082ab51476d2314d299d4
ACTION SNIPPET 1200 833 SNIPPET_NOT_RELEVANT 0b7da32b6d911ccc4137270c74d97414
ACTION SNIPPET 1200 833 SNIPPET_NOT_RELEVANT fc803674-468c-11e5-8e7d-9c033e6745d8
ACTION SNIPPET 1200 833 SNIPPET_NOT_RELEVANT 07e24a62207a7074992549f6913c78ae
ACTION SNIPPET 1200 833 SNIPPET_NOT_RELEVANT 76b7e7d2-bec2-11e4-b274-e5209a3bc9a9
ACTION SNIPPET 1200 833 SNIPPET_NOT_RELEVANT c0701a1e48387882b0734aa8e7ff2d5e
ACTION SNIPPET 1200 833 SNIPPET_NOT_RELEVANT f5d69ab9fd9768cbb2578b22e8c854e0
ACTION SNIPPET 1200 833 SNIPPET_NOT_RELEVANT d592291a-97e7-11e2-814b-063623d80a60
ACTION SNIPPET 1200 833 SNIPPET_NOT_RELEVANT 00376a46-b59d-11e1-9e4c-5a6a137d65e1
ACTION SNIPPET 1200 833 SNIPPET_NOT_RELEVANT 6763b77e5f307b60b60102b8b9a074e7
ACTION SNIPPET 1200 833 SNIPPET_NOT_RELEVANT 240cad22255c88bfe68bf3f40f9f9650
ACTION SNIPPET 1200 833 SNIPPET_NOT_RELEVANT b266b3a49ce6cbd21bd1c4d0fa7a22e7
ACTION SNIPPET 1200 833 SNIPPET_NOT_RELEVANT c050c304-05ba-11e3-9259-e2aafe5a5f84
ACTION SNIPPET 1200 833 SNIPPET_NOT_RELEVANT e3bc9548-39f8-11e4-9c9f-ebb47272e40e
ACTION SNIPPET 1200 833 SNIPPET_NOT_RELEVANT a4ee208a331f90ce2d0526cb6caf2c23
ACTION SNIPPET 1200 833 SNIPPET_NOT_RELEVANT 8f66b8bd0fe544c46ac0fd186c13f9a5
INFO SERP_END_REACHED 
ACTION QUERY 1200 843 baggage compartment screening
ACTION SERP 1200 848 EXAMINE_SERP
ACTION SNIPPET 1200 848 SNIPPET_NOT_RELEVANT 2b804129da636983e636c44e54905d58
ACTION SNIPPET 1200 848 SNIPPET_NOT_RELEVANT 3b41a08e80e7ac82516b1d1aefd69dd1
ACTION SNIPPET 1200 848 SNIPPET_NOT_RELEVANT a536b3edb43e8b07eb9b78a0c21b7fe1
ACTION SNIPPET 1200 848 SNIPPET_NOT_RELEVANT 4b0f14d8-0746-11e2-a10c-fa5a255a9258
ACTION SNIPPET 1200 848 SNIPPET_RELEVANT 23fe6bba-e32c-11e2-a11e-c2ea876a8f30
ACTION DOC 1200 868 EXAMINING_DOCUMENT 23fe6bba-e32c-11e2-a11e-c2ea876a8f30
ACTION MARK 1200 871 CONSIDERED_RELEVANT 23fe6bba-e32c-11e2-a11e-c2ea876a8f30
ACTION SNIPPET 1200 871 SNIPPET_NOT_RELEVANT 0b4c3eaa-1d46-11e2-9cd5-b55c38388962
ACTION SNIPPET 1200 871 SNIPPET_RELEVANT 5f0d91e71188acf7c6b8b771cdda207d
ACTION DOC 1200 891 EXAMINING_DOCUMENT 5f0d91e71188acf7c6b8b771cdda207d
ACTION MARK 1200 894 CONSIDERED_RELEVANT 5f0d91e71188acf7c6b8b771cdda207d
ACTION SNIPPET 1200 894 SNIPPET_NOT_RELEVANT 86e8022e-c36a-11e5-8965-0607e0e265ce
ACTION SNIPPET 1200 894 SNIPPET_NOT_RELEVANT 19840536b20a5ee2cce8020db5046e33
ACTION SNIPPET 1200 894 SNIPPET_NOT_RELEVANT 3c62e78050906535d4ca574f735289a3
ACTION SNIPPET 1200 894 SNIPPET_NOT_RELEVANT 486116e6-483d-11e6-bdb9-701687974517
ACTION SNIPPET 1200 894 SNIPPET_NOT_RELEVANT ede7e0e4-c5fd-11e5-9693-933a4d31bcc8
ACTION SNIPPET 1200 894 SNIPPET_NOT_RELEVANT 7423bc61182a818cf1150e5544228610
ACTION SNIPPET 1200 894 SNIPPET_NOT_RELEVANT 7af0c42eee24038919eaba2c5fd7eee0
ACTION SNIPPET 1200 894 SEEN_PREVIOUSLY f73cad84-e76c-11e4-9a6a-c1ab95a0600b
ACTION SNIPPET 1200 894 SNIPPET_NOT_RELEVANT 53f8669c-2765-11e6-8329-6104954928d2
ACTION SNIPPET 1200 894 SNIPPET_NOT_RELEVANT c721272e-f3b3-11e6-8d72-263470bf0401
ACTION SNIPPET 1200 894 SNIPPET_NOT_RELEVANT d619912a-5715-11e1-8fb4-e176e27720b6
ACTION SNIPPET 1200 894 SNIPPET_NOT_RELEVANT fca62fff83b0d8440c275e62120afe33
ACTION SNIPPET 1200 894 SNIPPET_NOT_RELEVANT 0847aab57cf4ce72a0a3df70db3b829d
ACTION SNIPPET 1200 894 SNIPPET_NOT_RELEVANT 146952fe-6fac-11e1-83d2-d0fd5d8e0952
ACTION SNIPPET 1200 894 SNIPPET_NOT_RELEVANT 668c97c2-f088-11e2-9008-61e94a7ea20d
ACTION SNIPPET 1200 894 SNIPPET_NOT_RELEVANT 54c2e088-f567-11e4-84a6-6d7c67c50db0
ACTION SNIPPET 1200 894 SNIPPET_NOT_RELEVANT d8dd1f1e-36e9-11e5-b673-1df005a0fb28
ACTION SNIPPET 1200 894 SNIPPET_RELEVANT 5ce03540-9556-11e2-ae32-9ef60436f5c1
ACTION DOC 1200 914 EXAMINING_DOCUMENT 5ce03540-9556-11e2-ae32-9ef60436f5c1
ACTION MARK 1200 917 CONSIDERED_RELEVANT 5ce03540-9556-11e2-ae32-9ef60436f5c1
ACTION SNIPPET 1200 917 SNIPPET_NOT_RELEVANT 28d830cf00ad2c4142e0f17f1a4e36a0
ACTION SNIPPET 1200 917 SEEN_PREVIOUSLY d9439bb1b235ce43080e0d03ad793319
ACTION SNIPPET 1200 917 SNIPPET_NOT_RELEVANT 4936e46c-becf-11e5-9443-7074c3645405
ACTION SNIPPET 1200 917 SNIPPET_NOT_RELEVANT e22e84a82ffd8792dad19206117858a4
ACTION SNIPPET 1200 917 SNIPPET_NOT_RELEVANT fa403930-d3de-11e3-8a78-8fe50322a72c
ACTION SNIPPET 1200 917 SNIPPET_NOT_RELEVANT fc2b7074db7b3848a8cec51291066eeb
ACTION SNIPPET 1200 917 SNIPPET_NOT_RELEVANT 4dc986c0bd5d7ca628d524f5004d5286
ACTION SNIPPET 1200 917 SNIPPET_NOT_RELEVANT 9fbdceee-2776-11e6-a3c4-0724e8e24f3f
ACTION SNIPPET 1200 917 SNIPPET_NOT_RELEVANT 9d870de2-41c7-11e5-846d-02792f854297
ACTION SNIPPET 1200 917 SNIPPET_NOT_RELEVANT 17aea794aec10cce5b801d047c7046ec
ACTION SNIPPET 1200 917 SEEN_PREVIOUSLY 3fda8b02e50d14fafef10f318e1220cb
ACTION SNIPPET 1200 917 SNIPPET_NOT_RELEVANT f7b88644-1ec9-11e6-b6e0-c53b7ef63b45
ACTION SNIPPET 1200 917 SNIPPET_NOT_RELEVANT 5ffb3b69b42ec990aedecc9fc96641b8
ACTION SNIPPET 1200 917 SNIPPET_NOT_RELEVANT 1f12260a-fd0e-11e6-8f41-ea6ed597e4ca
ACTION SNIPPET 1200 917 SNIPPET_NOT_RELEVANT fea33ebe60e50daa51823a4c59f6a1d6
ACTION SNIPPET 1200 917 SNIPPET_NOT_RELEVANT ce84afc52e411481531afe4f8f3670d5
ACTION SNIPPET 1200 917 SNIPPET_NOT_RELEVANT 7ec40fb2-8ac6-11e4-a085-34e9b9f09a58
ACTION SNIPPET 1200 917 SNIPPET_NOT_RELEVANT d64b092c4da1eb85f1c69857dbdee6ce
ACTION SNIPPET 1200 917 SNIPPET_NOT_RELEVANT ff93dc1e-432b-11e3-a624-41d661b0bb78
ACTION SNIPPET 1200 917 SNIPPET_NOT_RELEVANT 1bb51e3c-f4fe-11e4-84a6-6d7c67c50db0
ACTION SNIPPET 1200 917 SNIPPET_NOT_RELEVANT ec3babfe-51cb-11e1-8973-35d66bdb2cb8
ACTION SNIPPET 1200 917 SNIPPET_RELEVANT ed408c80-1d3c-11e2-b647-bb1668e64058
ACTION DOC 1200 937 EXAMINING_DOCUMENT ed408c80-1d3c-11e2-b647-bb1668e64058
ACTION MARK 1200 940 CONSIDERED_RELEVANT ed408c80-1d3c-11e2-b647-bb1668e64058
ACTION SNIPPET 1200 940 SNIPPET_NOT_RELEVANT 53efb6406b89b6dd6b581c537ed69c59
ACTION SNIPPET 1200 940 SNIPPET_NOT_RELEVANT de6b63c4-2b7e-11e7-b605-33413c691853
ACTION SNIPPET 1200 940 SNIPPET_NOT_RELEVANT 16d168c6-69da-11e4-a31c-77759fc1eacc
ACTION SNIPPET 1200 940 SNIPPET_NOT_RELEVANT 89fd372971178fd9e096432b8a6fac51
ACTION SNIPPET 1200 940 SNIPPET_NOT_RELEVANT 428f9824-f78d-11e5-a3ce-f06b5ba21f33
ACTION SNIPPET 1200 940 SNIPPET_NOT_RELEVANT 1dc7cd3e-960e-11e6-bb29-bf2701dbe0a3
ACTION SNIPPET 1200 940 SNIPPET_NOT_RELEVANT c1fd0b34602bb22b6677a223d274cfb9
ACTION SNIPPET 1200 940 SNIPPET_NOT_RELEVANT 6eeef152-253b-11e3-b75d-5b7f66349852
ACTION SNIPPET 1200 940 SNIPPET_NOT_RELEVANT 74bd256dba30c8949e2db79c09c78739
ACTION SNIPPET 1200 940 SNIPPET_NOT_RELEVANT 9ea942640c8707af30fd715acd0aab38
ACTION SNIPPET 1200 940 SNIPPET_RELEVANT 698680e5d7ccc567f41769abd6464b5a
ACTION DOC 1200 960 EXAMINING_DOCUMENT 698680e5d7ccc567f41769abd6464b5a
ACTION MARK 1200 963 CONSIDERED_RELEVANT 698680e5d7ccc567f41769abd6464b5a
INFO OUT_OF_QUERIES 
INFO SUMMARY 
INFO TOTAL_QUERIES_ISSUED 9
INFO TOTAL_SNIPPETS_EXAMINED 533
INFO TOTAL_DOCUMENTS_EXAMINED 36
INFO TOTAL_DOCUMENTS_MARKED_RELEVANT 36
INFO TOTAL_ATTRACTIVE_SERP_IMPRESSIONS 9
INFO TOTAL_UNATTRACTIVE_SERP_IMPRESSIONS 0
INFO TOTAL_TREC_RELEVANT_DOCS 36
INFO TOTAL_UNIQ_TREC_RELEVANT_DOCS 36
INFO PRECISION_TREC_RELEVANT_DOCS 1.0
