ACTION START 1200 0 START
ACTION QUERY 1200 10 eggs healthy diet
ACTION SERP 1200 15 EXAMINE_SERP
ACTION SNIPPET 1200 15 SNIPPET_RELEVANT 43ba8dd9b64916781fc2732e65f0d1fe
ACTION DOC 1200 35 EXAMINING_DOCUMENT 43ba8dd9b64916781fc2732e65f0d1fe
ACTION MARK 1200 38 CONSIDERED_RELEVANT 43ba8dd9b64916781fc2732e65f0d1fe
ACTION SNIPPET 1200 38 SNIPPET_RELEVANT a2744bb98e1968307548e4976232cf1c
ACTION DOC 1200 58 EXAMINING_DOCUMENT a2744bb98e1968307548e4976232cf1c
ACTION MARK 1200 61 CONSIDERED_RELEVANT a2744bb98e1968307548e4976232cf1c
ACTION SNIPPET 1200 61 SNIPPET_RELEVANT d103b4d659726eacfb00ffe32425852a
ACTION DOC 1200 81 EXAMINING_DOCUMENT d103b4d659726eacfb00ffe32425852a
ACTION SNIPPET 1200 81 SNIPPET_RELEVANT 76e0a0623e3112908514198e0dc07c74
ACTION DOC 1200 101 EXAMINING_DOCUMENT 76e0a0623e3112908514198e0dc07c74
ACTION MARK 1200 104 CONSIDERED_RELEVANT 76e0a0623e3112908514198e0dc07c74
ACTION SNIPPET 1200 104 SNIPPET_RELEVANT dd3b6fba-9780-11e4-927a-4fa2638cd1b0
ACTION DOC 1200 124 EXAMINING_DOCUMENT dd3b6fba-9780-11e4-927a-4fa2638cd1b0
ACTION MARK 1200 127 CONSIDERED_RELEVANT dd3b6fba-9780-11e4-927a-4fa2638cd1b0
ACTION SNIPPET 1200 127 SNIPPET_RELEVANT b1d594261f0a26bbad4a55e12d3c910c
ACTION DOC 1200 147 EXAMINING_DOCUMENT b1d594261f0a26bbad4a55e12d3c910c
ACTION MARK 1200 150 CONSIDERED_RELEVANT b1d594261f0a26bbad4a55e12d3c910c
ACTION QUERY 1200 160 benefits of eggs
ACTION SERP 1200 165 EXAMINE_SERP
ACTION SNIPPET 1200 165 SNIPPET_RELEVANT a4a4aa78-8550-11e4-a702-fa31ff4ae98e
ACTION DOC 1200 185 EXAMINING_DOCUMENT a4a4aa78-8550-11e4-a702-fa31ff4ae98e
ACTION SNIPPET 1200 185 SNIPPET_RELEVANT 10c3a176-97e8-11e2-814b-063623d80a60
ACTION DOC 1200 205 EXAMINING_DOCUMENT 10c3a176-97e8-11e2-814b-063623d80a60
ACTION MARK 1200 208 CONSIDERED_RELEVANT 10c3a176-97e8-11e2-814b-063623d80a60
ACTION SNIPPET 1200 208 SNIPPET_RELEVANT 6c20f13c008c19cd518e6b8128f97d55
ACTION DOC 1200 228 EXAMINING_DOCUMENT 6c20f13c008c19cd518e6b8128f97d55
ACTION SNIPPET 1200 228 SNIPPET_RELEVANT 2c8663fa493a714f388fd24a8ffb40f0
ACTION DOC 1200 248 EXAMINING_DOCUMENT 2c8663fa493a714f388fd24a8ffb40f0
ACTION SNIPPET 1200 248 SNIPPET_RELEVANT 157fa69934f7116c6af8415f10ed0460
ACTION DOC 1200 268 EXAMINING_DOCUMENT 157fa69934f7116c6af8415f10ed0460
ACTION SNIPPET 1200 268 SNIPPET_RELEVANT ed4bc142-c760-11e4-aa1a-86135599fb0f
ACTION DOC 1200 288 EXAMINING_DOCUMENT ed4bc142-c760-11e4-aa1a-86135599fb0f
ACTION MARK 1200 291 CONSIDERED_RELEVANT ed4bc142-c760-11e4-aa1a-86135599fb0f
ACTION QUERY 1200 301 egg nutrition facts
ACTION SERP 1200 306 EXAMINE_SERP
ACTION SNIPPET 1200 306 SEEN_PREVIOUSLY ed4bc142-c760-11e4-aa1a-86135599fb0f
ACTION SNIPPET 1200 306 SNIPPET_RELEVANT 036c654e-a313-11e3-8466-d34c451760b9
ACTION DOC 1200 326 EXAMINING_DOCUMENT 036c654e-a313-11e3-8466-d34c451760b9
ACTION SNIPPET 1200 326 SEEN_PREVIOUSLY 10c3a176-97e8-11e2-814b-063623d80a60
ACTION SNIPPET 1200 326 SNIPPET_RELEVANT 0adea262-f0ab-11e2-9008-61e94a7ea20d
ACTION DOC 1200 346 EXAMINING_DOCUMENT 0adea262-f0ab-11e2-9008-61e94a7ea20d
ACTION SNIPPET 1200 346 SNIPPET_RELEVANT 4b30c0b5996d0e25989f43e7a04222a5
ACTION DOC 1200 366 EXAMINING_DOCUMENT 4b30c0b5996d0e25989f43e7a04222a5
ACTION MARK 1200 369 CONSIDERED_RELEVANT 4b30c0b5996d0e25989f43e7a04222a5
ACTION SNIPPET 1200 369 SNIPPET_RELEVANT 33c7147e-b50f-11e3-b899-20667de76985
ACTION DOC 1200 389 EXAMINING_DOCUMENT 33c7147e-b50f-11e3-b899-20667de76985
ACTION SNIPPET 1200 389 SNIPPET_RELEVANT 201086a4-7950-11e3-8963-b4b654bcc9b2
ACTION DOC 1200 409 EXAMINING_DOCUMENT 201086a4-7950-11e3-8963-b4b654bcc9b2
ACTION SNIPPET 1200 409 SEEN_PREVIOUSLY dd3b6fba-9780-11e4-927a-4fa2638cd1b0
ACTION SNIPPET 1200 409 SNIPPET_RELEVANT f3ce8ad2-245f-11e2-ac85-e669876c6a24
ACTION DOC 1200 429 EXAMINING_DOCUMENT f3ce8ad2-245f-11e2-ac85-e669876c6a24
ACTION QUERY 1200 439 healthy eating eggs
ACTION SERP 1200 444 EXAMINE_SERP
ACTION SNIPPET 1200 444 SNIPPET_RELEVANT 1a47d6e88520be5859a6da5d5c170620
ACTION DOC 1200 464 EXAMINING_DOCUMENT 1a47d6e88520be5859a6da5d5c170620
ACTION SNIPPET 1200 464 SEEN_PREVIOUSLY d103b4d659726eacfb00ffe32425852a
ACTION SNIPPET 1200 464 SNIPPET_RELEVANT 5f013746-65ef-11e4-bb14-4cfea1e742d5
ACTION DOC 1200 484 EXAMINING_DOCUMENT 5f013746-65ef-11e4-bb14-4cfea1e742d5
ACTION MARK 1200 487 CONSIDERED_RELEVANT 5f013746-65ef-11e4-bb14-4cfea1e742d5
ACTION SNIPPET 1200 487 SEEN_PREVIOUSLY 10c3a176-97e8-11e2-814b-063623d80a60
ACTION SNIPPET 1200 487 SEEN_PREVIOUSLY 43ba8dd9b64916781fc2732e65f0d1fe
ACTION SNIPPET 1200 487 SEEN_PREVIOUSLY b1d594261f0a26bbad4a55e12d3c910c
ACTION SNIPPET 1200 487 SNIPPET_RELEVANT 65f25f7a908bf3455cc1b4fb1c914e25
ACTION DOC 1200 507 EXAMINING_DOCUMENT 65f25f7a908bf3455cc1b4fb1c914e25
ACTION SNIPPET 1200 507 SEEN_PREVIOUSLY a2744bb98e1968307548e4976232cf1c
ACTION SNIPPET 1200 507 SEEN_PREVIOUSLY 76e0a0623e3112908514198e0dc07c74
ACTION SNIPPET 1200 507 SNIPPET_RELEVANT c61356ca-bbaf-11e3-96ae-f2c36d2b1245
ACTION DOC 1200 527 EXAMINING_DOCUMENT c61356ca-bbaf-11e3-96ae-f2c36d2b1245
ACTION SNIPPET 1200 527 SNIPPET_RELEVANT 78d60bd0-d074-11e3-937f-d3026234b51c
ACTION DOC 1200 547 EXAMINING_DOCUMENT 78d60bd0-d074-11e3-937f-d3026234b51c
ACTION SNIPPET 1200 547 SNIPPET_RELEVANT 7df214b0ca84bdceaa18e9cabdf5b9f4
ACTION DOC 1200 567 EXAMINING_DOCUMENT 7df214b0ca84bdceaa18e9cabdf5b9f4
ACTION QUERY 1200 577 eggs in balanced diet
ACTION SERP 1200 582 EXAMINE_SERP
ACTION SNIPPET 1200 582 SEEN_PREVIOUSLY 43ba8dd9b64916781fc2732e65f0d1fe
ACTION SNIPPET 1200 582 SNIPPET_RELEVANT 2673410a-3247-11e6-8758-d58e76e11b12
ACTION DOC 1200 602 EXAMINING_DOCUMENT 2673410a-3247-11e6-8758-d58e76e11b12
ACTION SNIPPET 1200 602 SNIPPET_RELEVANT 43f8583ebaf3161903f785218a515a4b
ACTION DOC 1200 622 EXAMINING_DOCUMENT 43f8583ebaf3161903f785218a515a4b
ACTION SNIPPET 1200 622 SNIPPET_RELEVANT 3e93f2363f410f907b95bcafa3fd159d
ACTION DOC 1200 642 EXAMINING_DOCUMENT 3e93f2363f410f907b95bcafa3fd159d
ACTION SNIPPET 1200 642 SNIPPET_RELEVANT 52786df0-06a5-11e3-88d6-d5795fab4637
ACTION DOC 1200 662 EXAMINING_DOCUMENT 52786df0-06a5-11e3-88d6-d5795fab4637
ACTION SNIPPET 1200 662 SNIPPET_RELEVANT 4f0d01c6-1677-11e3-be6e-dc6ae8a5b3a8
ACTION DOC 1200 682 EXAMINING_DOCUMENT 4f0d01c6-1677-11e3-be6e-dc6ae8a5b3a8
ACTION SNIPPET 1200 682 SEEN_PREVIOUSLY a2744bb98e1968307548e4976232cf1c
ACTION SNIPPET 1200 682 SEEN_PREVIOUSLY 33c7147e-b50f-11e3-b899-20667de76985
ACTION SNIPPET 1200 682 SNIPPET_RELEVANT d0d6ba0ee0c75fe78b3c9ae563ae20f1
ACTION DOC 1200 702 EXAMINING_DOCUMENT d0d6ba0ee0c75fe78b3c9ae563ae20f1
ACTION QUERY 1200 712 dietary benefits eggs
ACTION SERP 1200 717 EXAMINE_SERP
ACTION SNIPPET 1200 717 SEEN_PREVIOUSLY 10c3a176-97e8-11e2-814b-063623d80a60
ACTION SNIPPET 1200 717 SEEN_PREVIOUSLY d103b4d659726eacfb00ffe32425852a
ACTION SNIPPET 1200 717 SNIPPET_RELEVANT 2c93ed7ff4ec67ba1ad8ee08a32779af
ACTION DOC 1200 737 EXAMINING_DOCUMENT 2c93ed7ff4ec67ba1ad8ee08a32779af
ACTION MARK 1200 740 CONSIDERED_RELEVANT 2c93ed7ff4ec67ba1ad8ee08a32779af
ACTION SNIPPET 1200 740 SNIPPET_RELEVANT dcc7a04067a7d9e418169e19754aaaad
ACTION DOC 1200 760 EXAMINING_DOCUMENT dcc7a04067a7d9e418169e19754aaaad
ACTION MARK 1200 763 CONSIDERED_RELEVANT dcc7a04067a7d9e418169e19754aaaad
ACTION SNIPPET 1200 763 SNIPPET_RELEVANT 0013cc4281f4c81f611bb625031ac605
ACTION DOC 1200 783 EXAMINING_DOCUMENT 0013cc4281f4c81f611bb625031ac605
ACTION SNIPPET 1200 783 SNIPPET_RELEVANT e4b1f922-b64f-11e6-b8df-600bd9d38a02
ACTION DOC 1200 803 EXAMINING_DOCUMENT e4b1f922-b64f-11e6-b8df-600bd9d38a02
ACTION SNIPPET 1200 803 SEEN_PREVIOUSLY 43ba8dd9b64916781fc2732e65f0d1fe
ACTION SNIPPET 1200 803 SNIPPET_RELEVANT 4a4dba885e0299df771f0eaaab1cb352
ACTION DOC 1200 823 EXAMINING_DOCUMENT 4a4dba885e0299df771f0eaaab1cb352
ACTION MARK 1200 826 CONSIDERED_RELEVANT 4a4dba885e0299df771f0eaaab1cb352
ACTION SNIPPET 1200 826 SNIPPET_RELEVANT 7971a6eb0db26ad649aefd3f8855cd94
ACTION DOC 1200 846 EXAMINING_DOCUMENT 7971a6eb0db26ad649aefd3f8855cd94
ACTION MARK 1200 849 CONSIDERED_RELEVANT 7971a6eb0db26ad649aefd3f8855cd94
ACTION QUERY 1200 859 are eggs healthy
ACTION SERP 1200 864 EXAMINE_SERP
ACTION SNIPPET 1200 864 SNIPPET_RELEVANT f6a5f8f814906832c3ca6af005304884
ACTION DOC 1200 884 EXAMINING_DOCUMENT f6a5f8f814906832c3ca6af005304884
ACTION SNIPPET 1200 884 SNIPPET_RELEVANT a1e1dd0c629e1df4b8fbfa9c202f3477
ACTION DOC 1200 904 EXAMINING_DOCUMENT a1e1dd0c629e1df4b8fbfa9c202f3477
ACTION SNIPPET 1200 904 SEEN_PREVIOUSLY b1d594261f0a26bbad4a55e12d3c910c
ACTION SNIPPET 1200 904 SNIPPET_RELEVANT 23589654-0481-11e5-8bda-c7b4e9a8f7ac
ACTION DOC 1200 924 EXAMINING_DOCUMENT 23589654-0481-11e5-8bda-c7b4e9a8f7ac
ACTION SNIPPET 1200 924 SEEN_PREVIOUSLY 1a47d6e88520be5859a6da5d5c170620
ACTION SNIPPET 1200 924 SEEN_PREVIOUSLY 10c3a176-97e8-11e2-814b-063623d80a60
ACTION SNIPPET 1200 924 SNIPPET_RELEVANT ef5fc29a-d6fa-11e4-ba28-f2a685dc7f89
ACTION DOC 1200 944 EXAMINING_DOCUMENT ef5fc29a-d6fa-11e4-ba28-f2a685dc7f89
ACTION SNIPPET 1200 944 SEEN_PREVIOUSLY dd3b6fba-9780-11e4-927a-4fa2638cd1b0
ACTION SNIPPET 1200 944 SNIPPET_RELEVANT 04c37774-c66e-11e3-9f37-7ce307c56815
ACTION DOC 1200 964 EXAMINING_DOCUMENT 04c37774-c66e-11e3-9f37-7ce307c56815
ACTION SNIPPET 1200 964 SEEN_PREVIOUSLY c61356ca-bbaf-11e3-96ae-f2c36d2b1245
ACTION SNIPPET 1200 964 SNIPPET_RELEVANT aa0df3ac0e511c56056980245602db21
ACTION DOC 1200 984 EXAMINING_DOCUMENT aa0df3ac0e511c56056980245602db21
ACTION QUERY 1200 994 eggs nutritional value
ACTION SERP 1200 999 EXAMINE_SERP
ACTION SNIPPET 1200 999 SEEN_PREVIOUSLY ed4bc142-c760-11e4-aa1a-86135599fb0f
ACTION SNIPPET 1200 999 SEEN_PREVIOUSLY 036c654e-a313-11e3-8466-d34c451760b9
ACTION SNIPPET 1200 999 SNIPPET_RELEVANT dc7403dd8b8226bd312ce0bb6267ca98
ACTION DOC 1200 1019 EXAMINING_DOCUMENT dc7403dd8b8226bd312ce0bb6267ca98
ACTION MARK 1200 1022 CONSIDERED_RELEVANT dc7403dd8b8226bd312ce0bb6267ca98
ACTION SNIPPET 1200 1022 SEEN_PREVIOUSLY 4a4dba885e0299df771f0eaaab1cb352
ACTION SNIPPET 1200 1022 SEEN_PREVIOUSLY 7971a6eb0db26ad649aefd3f8855cd94
ACTION SNIPPET 1200 1022 SNIPPET_RELEVANT 16737bf52eec90edff3ceb84700b5d02
ACTION DOC 1200 1042 EXAMINING_DOCUMENT 16737bf52eec90edff3ceb84700b5d02
ACTION MARK 1200 1045 CONSIDERED_RELEVANT 16737bf52eec90edff3ceb84700b5d02
ACTION SNIPPET 1200 1045 SNIPPET_RELEVANT 54556fb6fcecfb791b8dd809add85220
ACTION DOC 1200 1065 EXAMINING_DOCUMENT 54556fb6fcecfb791b8dd809add85220
ACTION MARK 1200 1068 CONSIDERED_RELEVANT 54556fb6fcecfb791b8dd809add85220
ACTION SNIPPET 1200 1068 SNIPPET_RELEVANT c97dc844ecdc34af2c141de6bd70df44
ACTION DOC 1200 1088 EXAMINING_DOCUMENT c97dc844ecdc34af2c141de6bd70df44
ACTION MARK 1200 1091 CONSIDERED_RELEVANT c97dc844ecdc34af2c141de6bd70df44
ACTION SNIPPET 1200 1091 SNIPPET_RELEVANT acdeb508c4c756b676e7e9a769a857ca
ACTION DOC 1200 1111 EXAMINING_DOCUMENT acdeb508c4c756b676e7e9a769a857ca
ACTION MARK 1200 1114 CONSIDERED_RELEVANT acdeb508c4c756b676e7e9a769a857ca
ACTION QUERY 1200 1124 inclusion of eggs
ACTION SERP 1200 1129 EXAMINE_SERP
ACTION SNIPPET 1200 1129 SNIPPET_RELEVANT ea3ae60fd67f0fdd0b83f39dbc81c5e6
ACTION DOC 1200 1149 EXAMINING_DOCUMENT ea3ae60fd67f0fdd0b83f39dbc81c5e6
ACTION SNIPPET 1200 1149 SNIPPET_RELEVANT 58dbb460-8c97-11e6-875e-2c1bfe943b66
ACTION DOC 1200 1169 EXAMINING_DOCUMENT 58dbb460-8c97-11e6-875e-2c1bfe943b66
ACTION SNIPPET 1200 1169 SNIPPET_RELEVANT 6f7ca2a4-1642-11e6-9e16-2e5a123aac62
ACTION DOC 1200 1189 EXAMINING_DOCUMENT 6f7ca2a4-1642-11e6-9e16-2e5a123aac62
ACTION SNIPPET 1200 1189 SNIPPET_RELEVANT 959f6c72b3e0942bd6dbea884b9fd38e
ACTION DOC 1200 1209 EXAMINING_DOCUMENT 959f6c72b3e0942bd6dbea884b9fd38e
INFO SUMMARY 
INFO TOTAL_QUERIES_ISSUED 9
INFO TOTAL_SNIPPETS_EXAMINED 75
INFO TOTAL_DOCUMENTS_EXAMINED 51
INFO TOTAL_DOCUMENTS_MARKED_RELEVANT 18
INFO TOTAL_ATTRACTIVE_SERP_IMPRESSIONS 9
INFO TOTAL_UNATTRACTIVE_SERP_IMPRESSIONS 0
