ACTION START 1200 0 START
ACTION QUERY 1200 10 US age demographics
ACTION SERP 1200 15 EXAMINE_SERP
ACTION SNIPPET 1200 15 SNIPPET_RELEVANT 449aca5fc1a45774cc7267b4df722b32
ACTION DOC 1200 35 EXAMINING_DOCUMENT 449aca5fc1a45774cc7267b4df722b32
ACTION MARK 1200 38 CONSIDERED_RELEVANT 449aca5fc1a45774cc7267b4df722b32
ACTION SNIPPET 1200 38 SNIPPET_RELEVANT 5a7e81418c603058011b46b4785cb7a8
ACTION DOC 1200 58 EXAMINING_DOCUMENT 5a7e81418c603058011b46b4785cb7a8
ACTION MARK 1200 61 CONSIDERED_RELEVANT 5a7e81418c603058011b46b4785cb7a8
ACTION SNIPPET 1200 61 SNIPPET_RELEVANT c8aad5c3fa9e4e3da035ced835efc8ba
ACTION DOC 1200 81 EXAMINING_DOCUMENT c8aad5c3fa9e4e3da035ced835efc8ba
ACTION SNIPPET 1200 81 SNIPPET_RELEVANT 86883ae2590ff739e271083be83c1d48
ACTION DOC 1200 101 EXAMINING_DOCUMENT 86883ae2590ff739e271083be83c1d48
ACTION SNIPPET 1200 101 SNIPPET_RELEVANT 3bb1017c-d388-11e2-a73e-826d299ff459
ACTION DOC 1200 121 EXAMINING_DOCUMENT 3bb1017c-d388-11e2-a73e-826d299ff459
ACTION SNIPPET 1200 121 SNIPPET_RELEVANT 0ddb7baeb4e7c65b52c296f42908dc33
ACTION DOC 1200 141 EXAMINING_DOCUMENT 0ddb7baeb4e7c65b52c296f42908dc33
ACTION QUERY 1200 151 age population US
ACTION SERP 1200 156 EXAMINE_SERP
ACTION SNIPPET 1200 156 SNIPPET_RELEVANT df1962addb2bc3f4445cd8e4c3ec0aba
ACTION DOC 1200 176 EXAMINING_DOCUMENT df1962addb2bc3f4445cd8e4c3ec0aba
ACTION SNIPPET 1200 176 SNIPPET_RELEVANT d01d3044dbdd3cdefb3b7049bc5b723a
ACTION DOC 1200 196 EXAMINING_DOCUMENT d01d3044dbdd3cdefb3b7049bc5b723a
ACTION SNIPPET 1200 196 SNIPPET_RELEVANT 46373800-8927-11e3-916e-e01534b1e132
ACTION DOC 1200 216 EXAMINING_DOCUMENT 46373800-8927-11e3-916e-e01534b1e132
ACTION SNIPPET 1200 216 SNIPPET_RELEVANT 0114fa161d3f0bd068b3dded62e88966
ACTION DOC 1200 236 EXAMINING_DOCUMENT 0114fa161d3f0bd068b3dded62e88966
ACTION SNIPPET 1200 236 SNIPPET_RELEVANT 03497861ae80e938cfbb337b2157ecde
ACTION DOC 1200 256 EXAMINING_DOCUMENT 03497861ae80e938cfbb337b2157ecde
ACTION SNIPPET 1200 256 SNIPPET_RELEVANT 55060482bf60235610936dd9cd2e54b4
ACTION DOC 1200 276 EXAMINING_DOCUMENT 55060482bf60235610936dd9cd2e54b4
ACTION MARK 1200 279 CONSIDERED_RELEVANT 55060482bf60235610936dd9cd2e54b4
ACTION QUERY 1200 289 workforce age statistics
ACTION SERP 1200 294 EXAMINE_SERP
ACTION SNIPPET 1200 294 SNIPPET_RELEVANT 59abef489a20f603a0986a548cb3ed4d
ACTION DOC 1200 314 EXAMINING_DOCUMENT 59abef489a20f603a0986a548cb3ed4d
ACTION SNIPPET 1200 314 SNIPPET_RELEVANT 9b7eead576a1f897eb74c825a7d74204
ACTION DOC 1200 334 EXAMINING_DOCUMENT 9b7eead576a1f897eb74c825a7d74204
ACTION SNIPPET 1200 334 SNIPPET_RELEVANT ccd8346d405cd356123d236f35b7d7fd
ACTION DOC 1200 354 EXAMINING_DOCUMENT ccd8346d405cd356123d236f35b7d7fd
ACTION MARK 1200 357 CONSIDERED_RELEVANT ccd8346d405cd356123d236f35b7d7fd
ACTION SNIPPET 1200 357 SNIPPET_RELEVANT 6ba4dc98-47a9-11e7-a196-a1bb629f64cb
ACTION DOC 1200 377 EXAMINING_DOCUMENT 6ba4dc98-47a9-11e7-a196-a1bb629f64cb
ACTION SNIPPET 1200 377 SNIPPET_RELEVANT 512b3e98125e82a9670ae440a0a75563
ACTION DOC 1200 397 EXAMINING_DOCUMENT 512b3e98125e82a9670ae440a0a75563
ACTION SNIPPET 1200 397 SNIPPET_RELEVANT 0b07460605f4b7ccabdd537fb2db4eed
ACTION DOC 1200 417 EXAMINING_DOCUMENT 0b07460605f4b7ccabdd537fb2db4eed
ACTION MARK 1200 420 CONSIDERED_RELEVANT 0b07460605f4b7ccabdd537fb2db4eed
ACTION QUERY 1200 430 US population by age
ACTION SERP 1200 435 EXAMINE_SERP
ACTION SNIPPET 1200 435 SEEN_PREVIOUSLY df1962addb2bc3f4445cd8e4c3ec0aba
ACTION SNIPPET 1200 435 SEEN_PREVIOUSLY d01d3044dbdd3cdefb3b7049bc5b723a
ACTION SNIPPET 1200 435 SEEN_PREVIOUSLY 46373800-8927-11e3-916e-e01534b1e132
ACTION SNIPPET 1200 435 SEEN_PREVIOUSLY 0114fa161d3f0bd068b3dded62e88966
ACTION SNIPPET 1200 435 SEEN_PREVIOUSLY 03497861ae80e938cfbb337b2157ecde
ACTION SNIPPET 1200 435 SEEN_PREVIOUSLY 55060482bf60235610936dd9cd2e54b4
ACTION SNIPPET 1200 435 SNIPPET_RELEVANT 23a61f761eaa61bae5f615923d4f243b
ACTION DOC 1200 455 EXAMINING_DOCUMENT 23a61f761eaa61bae5f615923d4f243b
ACTION SNIPPET 1200 455 SNIPPET_RELEVANT 83d42a0cc55f3f34e045d68f9682cf92
ACTION DOC 1200 475 EXAMINING_DOCUMENT 83d42a0cc55f3f34e045d68f9682cf92
ACTION SNIPPET 1200 475 SNIPPET_RELEVANT 35ae5d50ad9217ad5e79a6cf9df72111
ACTION DOC 1200 495 EXAMINING_DOCUMENT 35ae5d50ad9217ad5e79a6cf9df72111
ACTION SNIPPET 1200 495 SNIPPET_RELEVANT 790dcfec74258b2fc8f5de08eb130e3d
ACTION DOC 1200 515 EXAMINING_DOCUMENT 790dcfec74258b2fc8f5de08eb130e3d
ACTION SNIPPET 1200 515 SNIPPET_RELEVANT e84701297f9e07ff1bbba01f6e6a790e
ACTION DOC 1200 535 EXAMINING_DOCUMENT e84701297f9e07ff1bbba01f6e6a790e
ACTION SNIPPET 1200 535 SNIPPET_RELEVANT 259d12413526e596be8e8cabca94288c
ACTION DOC 1200 555 EXAMINING_DOCUMENT 259d12413526e596be8e8cabca94288c
ACTION QUERY 1200 565 age distribution USA
ACTION SERP 1200 570 EXAMINE_SERP
ACTION SNIPPET 1200 570 SNIPPET_RELEVANT bcbc6d12-8a7a-11e2-8d72-dc76641cb8d4
ACTION DOC 1200 590 EXAMINING_DOCUMENT bcbc6d12-8a7a-11e2-8d72-dc76641cb8d4
ACTION SNIPPET 1200 590 SNIPPET_RELEVANT 44607b264b922ef341ceb474cb57a6b4
ACTION DOC 1200 610 EXAMINING_DOCUMENT 44607b264b922ef341ceb474cb57a6b4
ACTION SNIPPET 1200 610 SNIPPET_RELEVANT c846c743ac49df6c5049a74707065b6e
ACTION DOC 1200 630 EXAMINING_DOCUMENT c846c743ac49df6c5049a74707065b6e
ACTION SNIPPET 1200 630 SNIPPET_RELEVANT b8d577a8-5b63-11e6-831d-0324760ca856
ACTION DOC 1200 650 EXAMINING_DOCUMENT b8d577a8-5b63-11e6-831d-0324760ca856
ACTION MARK 1200 653 CONSIDERED_RELEVANT b8d577a8-5b63-11e6-831d-0324760ca856
ACTION SNIPPET 1200 653 SNIPPET_RELEVANT fc0e85e4630abcd01569f318e4fdc003
ACTION DOC 1200 673 EXAMINING_DOCUMENT fc0e85e4630abcd01569f318e4fdc003
ACTION SNIPPET 1200 673 SNIPPET_RELEVANT ad932f1acd834cace733364d213972fb
ACTION DOC 1200 693 EXAMINING_DOCUMENT ad932f1acd834cace733364d213972fb
ACTION QUERY 1200 703 US demographic trends
ACTION SERP 1200 708 EXAMINE_SERP
ACTION SNIPPET 1200 708 SNIPPET_RELEVANT a2846b0ce5ea5f2c1f1ab234b7c9e1ca
ACTION DOC 1200 728 EXAMINING_DOCUMENT a2846b0ce5ea5f2c1f1ab234b7c9e1ca
ACTION SNIPPET 1200 728 SNIPPET_RELEVANT 1c8c7bbe76dc069098e3e59ada74779b
ACTION DOC 1200 748 EXAMINING_DOCUMENT 1c8c7bbe76dc069098e3e59ada74779b
ACTION SNIPPET 1200 748 SNIPPET_RELEVANT 66e7e62aa10cd4529c9095bb5d1727e2
ACTION DOC 1200 768 EXAMINING_DOCUMENT 66e7e62aa10cd4529c9095bb5d1727e2
ACTION SNIPPET 1200 768 SNIPPET_RELEVANT d860d63fd5e8aa07746dab0cba5c558f
ACTION DOC 1200 788 EXAMINING_DOCUMENT d860d63fd5e8aa07746dab0cba5c558f
ACTION SNIPPET 1200 788 SNIPPET_RELEVANT 9d0609146f42517dd8bb44cba0e6cb79
ACTION DOC 1200 808 EXAMINING_DOCUMENT 9d0609146f42517dd8bb44cba0e6cb79
ACTION SNIPPET 1200 808 SNIPPET_RELEVANT cf506dbce97fd5d1efb6c48da8ef5517
ACTION DOC 1200 828 EXAMINING_DOCUMENT cf506dbce97fd5d1efb6c48da8ef5517
ACTION QUERY 1200 838 age workforce percentage
ACTION SERP 1200 843 EXAMINE_SERP
ACTION SNIPPET 1200 843 SNIPPET_RELEVANT e7b9b4c31c9b19c0938b2fd36f99add3
ACTION DOC 1200 863 EXAMINING_DOCUMENT e7b9b4c31c9b19c0938b2fd36f99add3
ACTION SNIPPET 1200 863 SEEN_PREVIOUSLY 59abef489a20f603a0986a548cb3ed4d
ACTION SNIPPET 1200 863 SEEN_PREVIOUSLY 9b7eead576a1f897eb74c825a7d74204
ACTION SNIPPET 1200 863 SNIPPET_RELEVANT e9b5820c-bfb1-11e1-8bfc-db1f876ebdcb
ACTION DOC 1200 883 EXAMINING_DOCUMENT e9b5820c-bfb1-11e1-8bfc-db1f876ebdcb
ACTION SNIPPET 1200 883 SNIPPET_RELEVANT f165a99664d436781c5f4625333674bc
ACTION DOC 1200 903 EXAMINING_DOCUMENT f165a99664d436781c5f4625333674bc
ACTION SNIPPET 1200 903 SNIPPET_RELEVANT f66fb86fbf9e732288a822df6e60c345
ACTION DOC 1200 923 EXAMINING_DOCUMENT f66fb86fbf9e732288a822df6e60c345
ACTION SNIPPET 1200 923 SNIPPET_RELEVANT a8f5c504-7e68-11e1-afcc-ccc07c639b65
ACTION DOC 1200 943 EXAMINING_DOCUMENT a8f5c504-7e68-11e1-afcc-ccc07c639b65
ACTION SNIPPET 1200 943 SEEN_PREVIOUSLY 5a7e81418c603058011b46b4785cb7a8
ACTION SNIPPET 1200 943 SNIPPET_RELEVANT 3244e85c-3c7f-11e1-a72c-c808ebbd31f5
ACTION DOC 1200 963 EXAMINING_DOCUMENT 3244e85c-3c7f-11e1-a72c-c808ebbd31f5
ACTION QUERY 1200 973 population age groups US
ACTION SERP 1200 978 EXAMINE_SERP
ACTION SNIPPET 1200 978 SNIPPET_RELEVANT e4f95ffe-fdc9-11e5-886f-a037dba38301
ACTION DOC 1200 998 EXAMINING_DOCUMENT e4f95ffe-fdc9-11e5-886f-a037dba38301
ACTION SNIPPET 1200 998 SEEN_PREVIOUSLY d01d3044dbdd3cdefb3b7049bc5b723a
ACTION SNIPPET 1200 998 SNIPPET_RELEVANT cc899090bc48774c8960b40c26564a40
ACTION DOC 1200 1018 EXAMINING_DOCUMENT cc899090bc48774c8960b40c26564a40
ACTION SNIPPET 1200 1018 SEEN_PREVIOUSLY 55060482bf60235610936dd9cd2e54b4
ACTION SNIPPET 1200 1018 SNIPPET_RELEVANT ad776764d123085dd054721333f449e3
ACTION DOC 1200 1038 EXAMINING_DOCUMENT ad776764d123085dd054721333f449e3
ACTION SNIPPET 1200 1038 SNIPPET_RELEVANT df671c58-b67d-11e6-b8df-600bd9d38a02
ACTION DOC 1200 1058 EXAMINING_DOCUMENT df671c58-b67d-11e6-b8df-600bd9d38a02
ACTION SNIPPET 1200 1058 SNIPPET_RELEVANT 059845c2-7f34-11e1-9877-d2a289f31732
ACTION DOC 1200 1078 EXAMINING_DOCUMENT 059845c2-7f34-11e1-9877-d2a289f31732
ACTION SNIPPET 1200 1078 SNIPPET_RELEVANT ed05eeba09af63e7a52b166de94d7a15
ACTION DOC 1200 1098 EXAMINING_DOCUMENT ed05eeba09af63e7a52b166de94d7a15
ACTION QUERY 1200 1108 demographic data US
ACTION SERP 1200 1113 EXAMINE_SERP
ACTION SNIPPET 1200 1113 SNIPPET_RELEVANT fe432176d1eb74d0927a1276750384f0
ACTION DOC 1200 1133 EXAMINING_DOCUMENT fe432176d1eb74d0927a1276750384f0
ACTION SNIPPET 1200 1133 SNIPPET_RELEVANT b6d5906a3cc0feaf8c7912838511cd33
ACTION DOC 1200 1153 EXAMINING_DOCUMENT b6d5906a3cc0feaf8c7912838511cd33
ACTION SNIPPET 1200 1153 SNIPPET_RELEVANT bd36b1459def3cc70efb934c2ebf061c
ACTION DOC 1200 1173 EXAMINING_DOCUMENT bd36b1459def3cc70efb934c2ebf061c
ACTION SNIPPET 1200 1173 SNIPPET_RELEVANT 74dca8a376bdc8923963d3c2f5386cf6
ACTION DOC 1200 1193 EXAMINING_DOCUMENT 74dca8a376bdc8923963d3c2f5386cf6
ACTION SNIPPET 1200 1193 SEEN_PREVIOUSLY 449aca5fc1a45774cc7267b4df722b32
ACTION SNIPPET 1200 1193 SNIPPET_RELEVANT dee55b5acee8f45704d20c015647f2a5
ACTION DOC 1200 1213 EXAMINING_DOCUMENT dee55b5acee8f45704d20c015647f2a5
INFO SUMMARY 
INFO TOTAL_QUERIES_ISSUED 9
INFO TOTAL_SNIPPETS_EXAMINED 65
INFO TOTAL_DOCUMENTS_EXAMINED 53
INFO TOTAL_DOCUMENTS_MARKED_RELEVANT 6
INFO TOTAL_ATTRACTIVE_SERP_IMPRESSIONS 9
INFO TOTAL_UNATTRACTIVE_SERP_IMPRESSIONS 0
