ACTION START 1200 0 START
ACTION QUERY 1200 10 women in parliament
ACTION SERP 1200 15 EXAMINE_SERP
ACTION SNIPPET 1200 15 SNIPPET_NOT_RELEVANT f233ecdeb87a44a6aa9ac429999d2d4c
ACTION SNIPPET 1200 15 SNIPPET_RELEVANT 4a7c2970fd9bf65fe09c7cf46df7b06d
ACTION DOC 1200 35 EXAMINING_DOCUMENT 4a7c2970fd9bf65fe09c7cf46df7b06d
ACTION MARK 1200 38 CONSIDERED_RELEVANT 4a7c2970fd9bf65fe09c7cf46df7b06d
ACTION SNIPPET 1200 38 SNIPPET_RELEVANT 9171debc316e5e2782e0d2404ca7d09d
ACTION DOC 1200 58 EXAMINING_DOCUMENT 9171debc316e5e2782e0d2404ca7d09d
ACTION MARK 1200 61 CONSIDERED_RELEVANT 9171debc316e5e2782e0d2404ca7d09d
ACTION SNIPPET 1200 61 SNIPPET_NOT_RELEVANT f1ab493726e1e6f5dd90615d5a1b58b8
ACTION SNIPPET 1200 61 SNIPPET_NOT_RELEVANT a5dfae0e39d5c86e8a2cc3c4294248b0
ACTION SNIPPET 1200 61 SNIPPET_NOT_RELEVANT 34d443eec1add515a2fbc4af2c8a3a57
ACTION SNIPPET 1200 61 SNIPPET_NOT_RELEVANT 7f9c94c6898e0fd0cb7b176e90ae131e
ACTION SNIPPET 1200 61 SNIPPET_NOT_RELEVANT e3f98e030d06908bd0d7ca79fa4e097b
ACTION SNIPPET 1200 61 SNIPPET_RELEVANT 6f01fc5c-a2b0-11e1-81b4-d0e4bf8c8fd8
ACTION DOC 1200 81 EXAMINING_DOCUMENT 6f01fc5c-a2b0-11e1-81b4-d0e4bf8c8fd8
ACTION MARK 1200 84 CONSIDERED_RELEVANT 6f01fc5c-a2b0-11e1-81b4-d0e4bf8c8fd8
ACTION SNIPPET 1200 84 SNIPPET_NOT_RELEVANT 7018c8c25447d9c2c2a111927154db5d
ACTION SNIPPET 1200 84 SNIPPET_NOT_RELEVANT 845380ae-6e2e-11e2-ac36-3d8d9dcaa2e2
ACTION SNIPPET 1200 84 SNIPPET_NOT_RELEVANT 9fa0f07a-655c-11e1-8ca8-e9c037995d79
ACTION SNIPPET 1200 84 SNIPPET_NOT_RELEVANT 1f3d12c8-5bdc-43c6-bc9f-47d8f8c18a9f
ACTION SNIPPET 1200 84 SNIPPET_NOT_RELEVANT 70c1790a-45d6-11e1-8cb4-cd666424bf3a
ACTION SNIPPET 1200 84 SNIPPET_NOT_RELEVANT fbb34389c78539421c5a2e02ee3fdc1e
ACTION SNIPPET 1200 84 SNIPPET_RELEVANT 6c9de312b46505c8d6741cc2f126e08e
ACTION DOC 1200 104 EXAMINING_DOCUMENT 6c9de312b46505c8d6741cc2f126e08e
ACTION MARK 1200 107 CONSIDERED_RELEVANT 6c9de312b46505c8d6741cc2f126e08e
ACTION SNIPPET 1200 107 SNIPPET_NOT_RELEVANT d2d72b7e-efe0-11e3-914c-1fbd0614e2d4
ACTION SNIPPET 1200 107 SNIPPET_NOT_RELEVANT 61bce379a8271bdb3836c48890f70a6a
ACTION SNIPPET 1200 107 SNIPPET_NOT_RELEVANT a1a02818-fc6a-11e2-89f7-8599e3f77a67
ACTION SNIPPET 1200 107 SNIPPET_NOT_RELEVANT 8e123fde1ffaaf2184f01e00fee60810
ACTION SNIPPET 1200 107 SNIPPET_NOT_RELEVANT 8f7ee72756ac4023595778feca78122e
ACTION SNIPPET 1200 107 SNIPPET_NOT_RELEVANT 7468dad4-76a1-11e1-862c-76c4e0e725cd
ACTION SNIPPET 1200 107 SNIPPET_NOT_RELEVANT a550c67c-6de4-11e1-beb5-e37e35fd6c91
ACTION SNIPPET 1200 107 SNIPPET_NOT_RELEVANT 84824740-66f5-11e1-8ca8-e9c037995d79
ACTION SNIPPET 1200 107 SNIPPET_NOT_RELEVANT aee89696e0a335e124328419d85c8dcc
ACTION SNIPPET 1200 107 SNIPPET_NOT_RELEVANT 1739fb3ab66c8eb7e4b2b3f71c3253ac
ACTION SNIPPET 1200 107 SNIPPET_NOT_RELEVANT 041e530b21766fc294d4e9c48b1e2723
ACTION SNIPPET 1200 107 SNIPPET_NOT_RELEVANT 42b66074431b4da9a6c8d03e2a92ff5e
ACTION SNIPPET 1200 107 SNIPPET_NOT_RELEVANT bc63fc724df547857b7d4ff60dd87037
ACTION SNIPPET 1200 107 SNIPPET_NOT_RELEVANT 8a20033af20793be82959271132100b6
ACTION SNIPPET 1200 107 SNIPPET_NOT_RELEVANT b7949486-7ba2-11e7-83c7-5bd5460f0d7e
ACTION SNIPPET 1200 107 SNIPPET_NOT_RELEVANT e9f0daef270504ffefbb5feb82b0c3ab
ACTION SNIPPET 1200 107 SNIPPET_RELEVANT 5f660426d55278405d08a0b2d7cae32c
ACTION DOC 1200 127 EXAMINING_DOCUMENT 5f660426d55278405d08a0b2d7cae32c
ACTION MARK 1200 130 CONSIDERED_RELEVANT 5f660426d55278405d08a0b2d7cae32c
ACTION QUERY 1200 140 female representation
ACTION SERP 1200 145 EXAMINE_SERP
ACTION SNIPPET 1200 145 SNIPPET_NOT_RELEVANT 8e123fde1ffaaf2184f01e00fee60810
ACTION SNIPPET 1200 145 SNIPPET_NOT_RELEVANT 8cd330198af8dcce2f31de3317cd669a
ACTION SNIPPET 1200 145 SNIPPET_RELEVANT 93ccb296-9a02-11e5-b499-76cbec161973
ACTION DOC 1200 165 EXAMINING_DOCUMENT 93ccb296-9a02-11e5-b499-76cbec161973
ACTION MARK 1200 168 CONSIDERED_RELEVANT 93ccb296-9a02-11e5-b499-76cbec161973
ACTION SNIPPET 1200 168 SNIPPET_NOT_RELEVANT eacd327b20aa77a2aa909596ae336497
ACTION SNIPPET 1200 168 SNIPPET_NOT_RELEVANT eb8eeb3fde8373c9b89cc95ad63d4a92
ACTION SNIPPET 1200 168 SNIPPET_NOT_RELEVANT 44187560413acf24eee973bf59e9e6d2
ACTION SNIPPET 1200 168 SNIPPET_NOT_RELEVANT 7c92a462a7c3651409599bc430d46efd
ACTION SNIPPET 1200 168 SNIPPET_NOT_RELEVANT 482b5e85142adaad7b1bd47ab6ad85f3
ACTION SNIPPET 1200 168 SNIPPET_NOT_RELEVANT 5ce04dee45db5b904d90e3ddb38dcf70
ACTION SNIPPET 1200 168 SNIPPET_NOT_RELEVANT c50e774a571e4ac3ce2d86eef01e5e5f
ACTION SNIPPET 1200 168 SNIPPET_NOT_RELEVANT ef4cfedd35054b9d899fa7cc7f4e88a3
ACTION SNIPPET 1200 168 SNIPPET_NOT_RELEVANT 849399040ac1e0699d557b677b624f63
ACTION SNIPPET 1200 168 SNIPPET_NOT_RELEVANT cbd280377806b93fc841ad886d71538a
ACTION SNIPPET 1200 168 SNIPPET_NOT_RELEVANT 9f03212a-14aa-11e3-b220-2c950c7f3263
ACTION SNIPPET 1200 168 SNIPPET_NOT_RELEVANT 74ef345b0a294cd36de21c2d5833c55b
ACTION SNIPPET 1200 168 SNIPPET_NOT_RELEVANT 6038c0d7b63f5439edc719900251bc69
ACTION SNIPPET 1200 168 SEEN_PREVIOUSLY 4a7c2970fd9bf65fe09c7cf46df7b06d
ACTION SNIPPET 1200 168 SEEN_PREVIOUSLY 9171debc316e5e2782e0d2404ca7d09d
ACTION SNIPPET 1200 168 SNIPPET_NOT_RELEVANT 5fd25b4b09f90436abc902ec42ae5cb6
ACTION SNIPPET 1200 168 SNIPPET_NOT_RELEVANT bc6b5da64d0c6447fed1bdf2cf3a10ef
ACTION SNIPPET 1200 168 SNIPPET_NOT_RELEVANT c2081311f658b268305254524d06282b
ACTION SNIPPET 1200 168 SNIPPET_NOT_RELEVANT edb354ec-5b0d-11e5-8e9e-dce8a2a2a679
ACTION SNIPPET 1200 168 SNIPPET_NOT_RELEVANT aac091c7fcb12e31ae19805002025ad1
ACTION SNIPPET 1200 168 SNIPPET_NOT_RELEVANT ea8d96aa7b72582269566ae87e41a688
ACTION SNIPPET 1200 168 SNIPPET_NOT_RELEVANT d9d4e091422c79c4a6e4946d72af16b4
ACTION SNIPPET 1200 168 SNIPPET_NOT_RELEVANT db9324ea08115d9aed48a85f62c39264
ACTION SNIPPET 1200 168 SNIPPET_NOT_RELEVANT b319e36a84e0389ecb9bc660cf500976
ACTION SNIPPET 1200 168 SNIPPET_NOT_RELEVANT 87f9f4a3e3aa18b5ab4fdff1c0b6e063
ACTION SNIPPET 1200 168 SNIPPET_NOT_RELEVANT 819ac543a41693ed4b97e2cb5957003d
ACTION SNIPPET 1200 168 SNIPPET_NOT_RELEVANT b67409567a8499828a214c97a4cb1652
ACTION SNIPPET 1200 168 SNIPPET_NOT_RELEVANT c9251106c1cde5fde26f1191f9c9845c
ACTION SNIPPET 1200 168 SNIPPET_NOT_RELEVANT 456d4391117f86be5496193b71ee3846
ACTION SNIPPET 1200 168 SNIPPET_NOT_RELEVANT dafe3110-4a9e-11e6-acbc-4d4870a079da
ACTION SNIPPET 1200 168 SNIPPET_NOT_RELEVANT cb4349d2-0e56-11e2-a310-2363842b7057
ACTION SNIPPET 1200 168 SNIPPET_NOT_RELEVANT c18a585d36552d76170185488dd04620
ACTION SNIPPET 1200 168 SNIPPET_NOT_RELEVANT 946b7976-0983-11e6-a12f-ea5aed7958dc
ACTION SNIPPET 1200 168 SNIPPET_NOT_RELEVANT a1845deaef4ad0a8dd1553ad599239f0
ACTION SNIPPET 1200 168 SNIPPET_NOT_RELEVANT 10f9da5df347910e5302b03940ff23ca
ACTION SNIPPET 1200 168 SNIPPET_NOT_RELEVANT a61384492367fcf68f1ebd02959709e8
ACTION SNIPPET 1200 168 SNIPPET_NOT_RELEVANT 14aba94a-e76f-11e4-8581-633c536add4b
ACTION SNIPPET 1200 168 SNIPPET_NOT_RELEVANT 5ee728adab2f243b549c5ea1d511e996
ACTION SNIPPET 1200 168 SNIPPET_NOT_RELEVANT 3a45486596477e4030808f01490222de
ACTION SNIPPET 1200 168 SNIPPET_NOT_RELEVANT 067de990e08a0f5d2052c57250ae7943
ACTION SNIPPET 1200 168 SNIPPET_NOT_RELEVANT eb043482-209a-11e3-b73c-aab60bf735d0
ACTION SNIPPET 1200 168 SNIPPET_NOT_RELEVANT bb39039bc2175e37ef8694d3b4ed3a5c
ACTION SNIPPET 1200 168 SNIPPET_NOT_RELEVANT ecf8231c62cfa7aa50eae58e382a6270
ACTION SNIPPET 1200 168 SNIPPET_NOT_RELEVANT 9a244aa23882df7d9251af6a064b815c
ACTION SNIPPET 1200 168 SNIPPET_NOT_RELEVANT fed2a4015d558d73ac7fb999a54e36b3
ACTION SNIPPET 1200 168 SNIPPET_NOT_RELEVANT c25678de9cf6b847705b9e6560fa1caa
ACTION SNIPPET 1200 168 SNIPPET_NOT_RELEVANT af5f8d4080b0a5f5b3c8c957f602f27c
ACTION SNIPPET 1200 168 SNIPPET_NOT_RELEVANT 4d91b344-4825-11e2-b6f0-e851e741d196
ACTION SNIPPET 1200 168 SNIPPET_NOT_RELEVANT 738b8776898859562820b8e23fbd00c0
ACTION SNIPPET 1200 168 SNIPPET_NOT_RELEVANT 8858df085bd655a08d66ee1dfc1a559a
ACTION SNIPPET 1200 168 SNIPPET_NOT_RELEVANT a751d2ca738cf719d3d7e195a58841b8
ACTION SNIPPET 1200 168 SNIPPET_NOT_RELEVANT 10a98e8f55f2ecd740f822f251d0a19f
ACTION SNIPPET 1200 168 SNIPPET_NOT_RELEVANT ffd02191f62c5a1b606178dd63d7b47f
ACTION SNIPPET 1200 168 SNIPPET_NOT_RELEVANT d40ee8af7f1da3ec53d51a76173c3897
ACTION SNIPPET 1200 168 SNIPPET_NOT_RELEVANT 480c7610b5e53f6be8a84acee4348cb2
ACTION SNIPPET 1200 168 SNIPPET_NOT_RELEVANT 72b0e9029c2735127240d4cf384e1ad0
ACTION SNIPPET 1200 168 SNIPPET_NOT_RELEVANT f0037b647897e9564e7669e968e44123
ACTION SNIPPET 1200 168 SNIPPET_NOT_RELEVANT cf2b21cace2d65193b8ef5c521f9b348
ACTION SNIPPET 1200 168 SNIPPET_RELEVANT 79cac73b732b929039f0b0ef0d642f55
ACTION DOC 1200 188 EXAMINING_DOCUMENT 79cac73b732b929039f0b0ef0d642f55
ACTION MARK 1200 191 CONSIDERED_RELEVANT 79cac73b732b929039f0b0ef0d642f55
ACTION SNIPPET 1200 191 SNIPPET_NOT_RELEVANT 27612953bc67b332db33b8ed10192fbd
ACTION SNIPPET 1200 191 SNIPPET_NOT_RELEVANT 3771d24e-21e1-11e6-8690-f14ca9de2972
ACTION SNIPPET 1200 191 SNIPPET_NOT_RELEVANT 060a215488de0f4c388dba20d2a50a35
ACTION SNIPPET 1200 191 SNIPPET_NOT_RELEVANT 1b4ab84a13070f19f6e1f77c0bda3fef
ACTION SNIPPET 1200 191 SNIPPET_NOT_RELEVANT 02b6308f72cab2a176389e282493b009
ACTION SNIPPET 1200 191 SNIPPET_NOT_RELEVANT b4824f96c1df9fef7fdd48f8cccc93db
ACTION SNIPPET 1200 191 SNIPPET_NOT_RELEVANT 447adbc41f1e7a8c1bdf95f6af078afa
ACTION SNIPPET 1200 191 SNIPPET_NOT_RELEVANT 16561b0921de44cd9ed6c594537c5a77
ACTION SNIPPET 1200 191 SNIPPET_NOT_RELEVANT 8a798eff9bd32d733a7cfadc147bdc0a
ACTION SNIPPET 1200 191 SNIPPET_NOT_RELEVANT 5661145cf985ae41c4a8c6580be76788
ACTION SNIPPET 1200 191 SNIPPET_NOT_RELEVANT 6fb1830402c07c49fcedfbcf38be382a
ACTION SNIPPET 1200 191 SNIPPET_NOT_RELEVANT 913939f9dfc2130b2c7c53395625b437
ACTION SNIPPET 1200 191 SNIPPET_NOT_RELEVANT fbb34389c78539421c5a2e02ee3fdc1e
ACTION SNIPPET 1200 191 SNIPPET_NOT_RELEVANT 8db0b3a0857043566dade8051f0f418f
ACTION SNIPPET 1200 191 SNIPPET_NOT_RELEVANT 277df2c8-3ed3-11e6-a66f-aa6c1883b6b1
ACTION SNIPPET 1200 191 SNIPPET_NOT_RELEVANT 874d4e06-68c6-11e7-a1d7-9a32c91c6f40
ACTION SNIPPET 1200 191 SNIPPET_NOT_RELEVANT fc2949934826b40a358bebfb45d965ca
ACTION SNIPPET 1200 191 SNIPPET_NOT_RELEVANT c1a9381c-ac32-11e2-b6fd-ba6f5f26d70e
ACTION SNIPPET 1200 191 SNIPPET_NOT_RELEVANT 2e27291f2bb14b6393f3e174bed6d46e
ACTION SNIPPET 1200 191 SNIPPET_NOT_RELEVANT e3c223df5934bec682c5c7e7afff041d
ACTION SNIPPET 1200 191 SNIPPET_NOT_RELEVANT ee96ec0e-0b26-11e3-8974-f97ab3b3c677
ACTION SNIPPET 1200 191 SNIPPET_NOT_RELEVANT 62470aa5498925d72c3a454d21357ea6
ACTION SNIPPET 1200 191 SNIPPET_NOT_RELEVANT 03d19077aa3b6c6dd6f20376f990577e
ACTION SNIPPET 1200 191 SNIPPET_NOT_RELEVANT 2f45c7254d42b70b585f69bf9f64fe16
ACTION SNIPPET 1200 191 SNIPPET_NOT_RELEVANT 887cc269abe246bcdc57370fee1f496a
ACTION SNIPPET 1200 191 SNIPPET_NOT_RELEVANT 0feddc2ddb01de3879e3940eb369909b
ACTION SNIPPET 1200 191 SNIPPET_NOT_RELEVANT 4bd4d6ab6fefe0f590d5162b74562a02
ACTION SNIPPET 1200 191 SNIPPET_NOT_RELEVANT da271c69f019cc26cca1f13e7bf05c8b
ACTION SNIPPET 1200 191 SNIPPET_NOT_RELEVANT c4c78b72150a6089d29de24903d3a80c
ACTION SNIPPET 1200 191 SNIPPET_NOT_RELEVANT afdb16791ed7f8a1915d734c7e80a700
ACTION SNIPPET 1200 191 SNIPPET_NOT_RELEVANT 3430bc1a21da82e4afa70bcd244371ed
ACTION SNIPPET 1200 191 SNIPPET_NOT_RELEVANT 53b7be7c1bc289ab5d34626b8f11162d
ACTION SNIPPET 1200 191 SNIPPET_NOT_RELEVANT 0f2a0c4bdd864eb6a6958702bde30280
ACTION SNIPPET 1200 191 SNIPPET_NOT_RELEVANT 319a8720-d9b5-11e2-a9f2-42ee3912ae0e
ACTION SNIPPET 1200 191 SNIPPET_NOT_RELEVANT b49f15072e14a21bc3b024c976704574
ACTION SNIPPET 1200 191 SNIPPET_NOT_RELEVANT 3b45346bcc1ea9c581aea6e7964a0a03
ACTION SNIPPET 1200 191 SNIPPET_NOT_RELEVANT 42e3ff62-6650-11e2-93e1-475791032daf
ACTION SNIPPET 1200 191 SNIPPET_NOT_RELEVANT 8a3f2732-6a1c-11e1-8970-1c405b6eaeac
INFO SERP_END_REACHED 
ACTION QUERY 1200 201 gender gap politics
ACTION SERP 1200 206 EXAMINE_SERP
ACTION SNIPPET 1200 206 SNIPPET_NOT_RELEVANT 275f71259f619f93679e2c5d90c0fb82
ACTION SNIPPET 1200 206 SNIPPET_NOT_RELEVANT 552028ee1b137bddc82dcbf2ecf7de50
ACTION SNIPPET 1200 206 SNIPPET_NOT_RELEVANT e44af347330f6a6a3543a1233bcf68e4
ACTION SNIPPET 1200 206 SNIPPET_RELEVANT 7f60ca1547ea416dbecf2b412804d376
ACTION DOC 1200 226 EXAMINING_DOCUMENT 7f60ca1547ea416dbecf2b412804d376
ACTION MARK 1200 229 CONSIDERED_RELEVANT 7f60ca1547ea416dbecf2b412804d376
ACTION SNIPPET 1200 229 SNIPPET_NOT_RELEVANT c70bba27705f7e50e5c82481de23cec9
ACTION SNIPPET 1200 229 SNIPPET_NOT_RELEVANT 538e25b678e4b0ce373212e24173eab4
ACTION SNIPPET 1200 229 SNIPPET_NOT_RELEVANT a3a3a20f4d4bd513d4bd58a5ac2332ee
ACTION SNIPPET 1200 229 SNIPPET_NOT_RELEVANT 41c450a782595002327f74e33618b8e3
ACTION SNIPPET 1200 229 SNIPPET_NOT_RELEVANT 8679b8942febf076016e48a4b7483a52
ACTION SNIPPET 1200 229 SNIPPET_NOT_RELEVANT 202581a5844fa7cf52b822f81df2f1c2
ACTION SNIPPET 1200 229 SNIPPET_NOT_RELEVANT 0c6592999f937c251ee0ac37602ee26b
ACTION SNIPPET 1200 229 SNIPPET_NOT_RELEVANT 1346fdcc49fa7b86a21ea822b7307a66
ACTION SNIPPET 1200 229 SNIPPET_NOT_RELEVANT b69727c965a6610b99d3c06a9817e7ee
ACTION SNIPPET 1200 229 SNIPPET_NOT_RELEVANT f1480294727b80e23b24d4deca00d6ec
ACTION SNIPPET 1200 229 SNIPPET_NOT_RELEVANT 7b6b88ce98a521c6f43f31c79dec3caf
ACTION SNIPPET 1200 229 SNIPPET_NOT_RELEVANT 7d0f60d95edc246b3474d1f6132718c9
ACTION SNIPPET 1200 229 SNIPPET_NOT_RELEVANT 59281484-c1b2-11e3-b574-f8748871856a
ACTION SNIPPET 1200 229 SNIPPET_NOT_RELEVANT 864f0768a4a3b19990f94f73fc532cc8
ACTION SNIPPET 1200 229 SNIPPET_NOT_RELEVANT 030324b3f5725313846ce0fface2f448
ACTION SNIPPET 1200 229 SNIPPET_NOT_RELEVANT 5ee728adab2f243b549c5ea1d511e996
ACTION SNIPPET 1200 229 SNIPPET_NOT_RELEVANT 5c4b070f9f9c8edfd08c0d9254ffba7c
ACTION SNIPPET 1200 229 SNIPPET_NOT_RELEVANT 231a8107b7e0ca8ed84039a0d9ba26e1
ACTION SNIPPET 1200 229 SNIPPET_NOT_RELEVANT ead4f501519b4e477547ed4de84badb5
ACTION SNIPPET 1200 229 SNIPPET_NOT_RELEVANT 92ebd90719e7b5f906d3ec84661c0ed9
ACTION SNIPPET 1200 229 SNIPPET_NOT_RELEVANT 60ae774e0478bfd69e34c08e8cc8d9bb
ACTION SNIPPET 1200 229 SNIPPET_NOT_RELEVANT bfcc84d6107871c9161c8ebb489db455
ACTION SNIPPET 1200 229 SNIPPET_NOT_RELEVANT 0ce35e776f6a269de463aa0c5003e6eb
ACTION SNIPPET 1200 229 SNIPPET_NOT_RELEVANT a1c929e3adc43d0b261f54e39a3c461f
ACTION SNIPPET 1200 229 SNIPPET_NOT_RELEVANT 16a36466986c94de7a13113e971b8565
ACTION SNIPPET 1200 229 SNIPPET_NOT_RELEVANT b18689b82eea841dad19378a6e91bab7
ACTION SNIPPET 1200 229 SNIPPET_NOT_RELEVANT 40f5ee016941651c0ce0a118aeef60ea
ACTION SNIPPET 1200 229 SNIPPET_NOT_RELEVANT 53c77d0c-c1aa-11e3-bcec-b71ee10e9bc3
ACTION SNIPPET 1200 229 SNIPPET_NOT_RELEVANT b5b3cb5fbb5d5e2a8a85d333c3dd8709
ACTION SNIPPET 1200 229 SNIPPET_NOT_RELEVANT f7190cd450635aaf453606f4d5e78681
ACTION SNIPPET 1200 229 SNIPPET_NOT_RELEVANT 63097966cf2c8ad519df4009776552a3
ACTION SNIPPET 1200 229 SNIPPET_NOT_RELEVANT 7aeffcd11c132781e26a6ad9d66596e6
ACTION SNIPPET 1200 229 SNIPPET_NOT_RELEVANT 37a68be964cfc405ed78ccc7d3702056
ACTION SNIPPET 1200 229 SNIPPET_NOT_RELEVANT abb48a9c1fe879071aaf9d45d7040512
ACTION SNIPPET 1200 229 SNIPPET_NOT_RELEVANT 947d3c280330f6744fada0edea6c8f2e
ACTION SNIPPET 1200 229 SNIPPET_NOT_RELEVANT a28bc269bf5b7a3a482b39dc019c1218
ACTION SNIPPET 1200 229 SNIPPET_NOT_RELEVANT eb025890-530e-11e4-892e-602188e70e9c
ACTION SNIPPET 1200 229 SNIPPET_NOT_RELEVANT 4e88ae72-c0e9-11e3-bcec-b71ee10e9bc3
ACTION SNIPPET 1200 229 SNIPPET_NOT_RELEVANT 6ba486ad45dd9341676d8b9c02b3f169
ACTION SNIPPET 1200 229 SNIPPET_NOT_RELEVANT 9b566d863b96f9778b4a9fa8ef32b7e7
ACTION SNIPPET 1200 229 SNIPPET_NOT_RELEVANT a21b61071f4aa95d56261b752459d66e
ACTION SNIPPET 1200 229 SNIPPET_NOT_RELEVANT 4a7097d0fc6b8b92f608afa4e2332239
ACTION SNIPPET 1200 229 SNIPPET_NOT_RELEVANT a24ff24bec7dfd2dccd29f96d21cbe6f
ACTION SNIPPET 1200 229 SNIPPET_NOT_RELEVANT 0b8937dd5c6b15284adee43962ea0b6f
ACTION SNIPPET 1200 229 SNIPPET_NOT_RELEVANT a57855f3f5894147fa8d6f0ed520691d
ACTION SNIPPET 1200 229 SNIPPET_NOT_RELEVANT a26a7fb4a8f12f9c2d03069342bdc1ea
ACTION SNIPPET 1200 229 SNIPPET_NOT_RELEVANT c420a80c87c2ee05bf8c76659306b94f
ACTION SNIPPET 1200 229 SNIPPET_NOT_RELEVANT 0f1d43953895b1afcadb71ff51329efc
ACTION SNIPPET 1200 229 SNIPPET_NOT_RELEVANT bb7e26fa1682dd8f48fe5c360605b39c
ACTION SNIPPET 1200 229 SNIPPET_NOT_RELEVANT 9dc8b54428c527939d399fbe7637c67f
ACTION SNIPPET 1200 229 SNIPPET_NOT_RELEVANT 4cdfb62258af408084dab2971126647d
ACTION SNIPPET 1200 229 SNIPPET_NOT_RELEVANT 679ad883851721d8133bf153c4447dc5
ACTION SNIPPET 1200 229 SNIPPET_NOT_RELEVANT 3399a2577796fbf3d54dae409482483b
ACTION SNIPPET 1200 229 SNIPPET_NOT_RELEVANT 72b8c1c22931ca37a5674d2cbb49bdc0
ACTION SNIPPET 1200 229 SNIPPET_NOT_RELEVANT 314a90ee-08a1-11e6-bdcb-0133da18418d
ACTION SNIPPET 1200 229 SNIPPET_NOT_RELEVANT 0bdbb92f5aa1d0560b5e97fdef01e23a
ACTION SNIPPET 1200 229 SNIPPET_NOT_RELEVANT 557d3fdc332fa02e637a021d3cd35a54
ACTION SNIPPET 1200 229 SNIPPET_NOT_RELEVANT b2d01423564a6d937f592a99762eb925
ACTION SNIPPET 1200 229 SNIPPET_NOT_RELEVANT dbc6c088-0155-11e4-8fd0-3a663dfa68ac
ACTION SNIPPET 1200 229 SNIPPET_NOT_RELEVANT e4b47a3892c8876f25490ebb0ba0ce1b
ACTION SNIPPET 1200 229 SNIPPET_NOT_RELEVANT 54fad7775df7dea1ec1430ec4479f647
ACTION SNIPPET 1200 229 SNIPPET_NOT_RELEVANT e046a1abb44400b753bbc208988a8d5a
ACTION SNIPPET 1200 229 SNIPPET_NOT_RELEVANT c60712dfa5492524b27e27eab0eda20f
ACTION SNIPPET 1200 229 SNIPPET_NOT_RELEVANT aaaeb503c8a323e9f0c954d67fee6d91
ACTION SNIPPET 1200 229 SNIPPET_NOT_RELEVANT 02aba9ce-45fd-11e5-8e7d-9c033e6745d8
ACTION SNIPPET 1200 229 SNIPPET_NOT_RELEVANT 405c55fd662aa0f9b4ae42cc3a9ec0de
ACTION SNIPPET 1200 229 SNIPPET_NOT_RELEVANT c0a3a442-707f-11e6-9705-23e51a2f424d
ACTION SNIPPET 1200 229 SNIPPET_NOT_RELEVANT 28f2ca1988ceca159756ea82e3448a06
ACTION SNIPPET 1200 229 SNIPPET_NOT_RELEVANT 49c185e58ec2f2db687a1b76fca6b080
ACTION SNIPPET 1200 229 SNIPPET_NOT_RELEVANT a2fc44e8-7b52-11e6-ac8e-cf8e0dd91dc7
ACTION SNIPPET 1200 229 SNIPPET_NOT_RELEVANT 7cd1124c-abcb-11e4-9c91-e9d2f9fde644
ACTION SNIPPET 1200 229 SNIPPET_NOT_RELEVANT 9e5cff34-fcd5-11e3-8176-f2c941cf35f1
ACTION SNIPPET 1200 229 SNIPPET_NOT_RELEVANT 9c68eb9107285c570d92f81c8a0a63ca
ACTION SNIPPET 1200 229 SNIPPET_NOT_RELEVANT d367e35c-8026-11e6-a52d-9a865a0ed0d4
ACTION SNIPPET 1200 229 SNIPPET_NOT_RELEVANT c6dc8fdf02eed48c6e22bf4b631b746c
ACTION SNIPPET 1200 229 SNIPPET_NOT_RELEVANT 7af9c44c-b721-11e6-b8df-600bd9d38a02
ACTION SNIPPET 1200 229 SNIPPET_NOT_RELEVANT 2238831757139420c8cc0184c1159a59
ACTION SNIPPET 1200 229 SNIPPET_NOT_RELEVANT ce9ef71c-ed67-11e1-b09d-07d971dee30a
ACTION SNIPPET 1200 229 SNIPPET_NOT_RELEVANT 74f5c6de7c0e0e41f96e9f41a6a9f5c7
ACTION SNIPPET 1200 229 SNIPPET_NOT_RELEVANT 6b9ca6821a71b8b861cad9caf6972e56
ACTION SNIPPET 1200 229 SNIPPET_NOT_RELEVANT af9a4897191c5055455a20dbf31938d4
ACTION SNIPPET 1200 229 SNIPPET_NOT_RELEVANT 25352fdb4faa51d999455ee4e88dc17b
ACTION SNIPPET 1200 229 SNIPPET_NOT_RELEVANT 7f3c323f6240723cff961848c32fb3a4
ACTION SNIPPET 1200 229 SNIPPET_NOT_RELEVANT ea11c40d67e8a3199de91fce0c48c5d3
ACTION SNIPPET 1200 229 SNIPPET_NOT_RELEVANT 27f0bbb2c46e7189291a893e41f265ac
ACTION SNIPPET 1200 229 SNIPPET_NOT_RELEVANT 7f27ca0f1c71b30abda867b2913af19a
ACTION SNIPPET 1200 229 SNIPPET_NOT_RELEVANT a44f44c38209c81b79ecfb91206a5747
ACTION SNIPPET 1200 229 SNIPPET_NOT_RELEVANT e2df6ac6193aad53a32286b1074bab5b
ACTION SNIPPET 1200 229 SNIPPET_NOT_RELEVANT 45461d1078e95f443831400b878aef3f
ACTION SNIPPET 1200 229 SNIPPET_NOT_RELEVANT 4dc028e8313db5491b5e29043d304067
ACTION SNIPPET 1200 229 SNIPPET_NOT_RELEVANT 3f0ce4a8-be74-11e3-bcec-b71ee10e9bc3
ACTION SNIPPET 1200 229 SNIPPET_NOT_RELEVANT b6806cf44c5ebe97aa41ba4acefc1c20
ACTION SNIPPET 1200 229 SNIPPET_NOT_RELEVANT d269dbc820d051ebc2ad54629e99bc0b
ACTION SNIPPET 1200 229 SNIPPET_NOT_RELEVANT 3aeb37d91536cae8b9a382c2b5f853ac
ACTION SNIPPET 1200 229 SNIPPET_NOT_RELEVANT dd3ead88-5282-11e6-bbf5-957ad17b4385
ACTION SNIPPET 1200 229 SNIPPET_NOT_RELEVANT a6e1200c11f17440491ca1a03b941d2b
INFO SERP_END_REACHED 
ACTION QUERY 1200 239 parliamentary women
ACTION SERP 1200 244 EXAMINE_SERP
ACTION SNIPPET 1200 244 SNIPPET_NOT_RELEVANT 52a625c4b3138dac2c6c4ddaa6c43deb
ACTION SNIPPET 1200 244 SNIPPET_NOT_RELEVANT f1ab493726e1e6f5dd90615d5a1b58b8
ACTION SNIPPET 1200 244 SNIPPET_NOT_RELEVANT a5dfae0e39d5c86e8a2cc3c4294248b0
ACTION SNIPPET 1200 244 SNIPPET_NOT_RELEVANT 19217192ab035ce6aaf25bd18da12fae
ACTION SNIPPET 1200 244 SNIPPET_NOT_RELEVANT 068f2c510a630628e9ddd66a30c1dc13
ACTION SNIPPET 1200 244 SNIPPET_NOT_RELEVANT cb62931698270c63e264f1db5b3b69d9
ACTION SNIPPET 1200 244 SNIPPET_NOT_RELEVANT c9cfaabeae2a0e086dccd3488c09094c
ACTION SNIPPET 1200 244 SNIPPET_NOT_RELEVANT 26fdd396-194c-11e2-aa6f-3b636fecb829
ACTION SNIPPET 1200 244 SNIPPET_NOT_RELEVANT 7b2941294290b7acc6b7e8b5907b292d
ACTION SNIPPET 1200 244 SNIPPET_NOT_RELEVANT fcbbd210-396b-11e1-ac55-e75ea321c80a
ACTION SNIPPET 1200 244 SNIPPET_NOT_RELEVANT a942c3dc-1ae3-11e7-855e-4824bbb5d748
ACTION SNIPPET 1200 244 SNIPPET_NOT_RELEVANT aa818c8a-2a9a-11e7-9081-f5405f56d3e4
ACTION SNIPPET 1200 244 SNIPPET_NOT_RELEVANT 1739fb3ab66c8eb7e4b2b3f71c3253ac
ACTION SNIPPET 1200 244 SNIPPET_NOT_RELEVANT 041e530b21766fc294d4e9c48b1e2723
ACTION SNIPPET 1200 244 SNIPPET_NOT_RELEVANT 42b66074431b4da9a6c8d03e2a92ff5e
ACTION SNIPPET 1200 244 SNIPPET_NOT_RELEVANT bc63fc724df547857b7d4ff60dd87037
ACTION SNIPPET 1200 244 SNIPPET_NOT_RELEVANT 8a20033af20793be82959271132100b6
ACTION SNIPPET 1200 244 SNIPPET_NOT_RELEVANT 8ca72fe9d4a3c22ebbc94c91e9868c8e
ACTION SNIPPET 1200 244 SNIPPET_NOT_RELEVANT 2c990cf84a42ecc48596809eea9e2858
ACTION SNIPPET 1200 244 SNIPPET_NOT_RELEVANT 67c28c424a34dfd73952d81f3fc5791f
ACTION SNIPPET 1200 244 SNIPPET_NOT_RELEVANT 845380ae-6e2e-11e2-ac36-3d8d9dcaa2e2
ACTION SNIPPET 1200 244 SNIPPET_NOT_RELEVANT bcf543b21fbb7eddf7971cd30e96e762
ACTION SNIPPET 1200 244 SNIPPET_NOT_RELEVANT b7949486-7ba2-11e7-83c7-5bd5460f0d7e
ACTION SNIPPET 1200 244 SNIPPET_NOT_RELEVANT b1d92c0a-93e0-11e1-803f-df78569168e8
ACTION SNIPPET 1200 244 SNIPPET_NOT_RELEVANT 5baeefced8dd4493457dd4f1c694c7d7
ACTION SNIPPET 1200 244 SNIPPET_NOT_RELEVANT 1f2f910cf34999a45d9d48c9b23b6506
ACTION SNIPPET 1200 244 SNIPPET_NOT_RELEVANT 1114e343-d128-4a7d-bb5d-66d2a9836f72
ACTION SNIPPET 1200 244 SNIPPET_NOT_RELEVANT 4904df76a9da548a24e4a0d8ab048cc0
ACTION SNIPPET 1200 244 SNIPPET_NOT_RELEVANT e9f0daef270504ffefbb5feb82b0c3ab
ACTION SNIPPET 1200 244 SEEN_PREVIOUSLY 5f660426d55278405d08a0b2d7cae32c
ACTION SNIPPET 1200 244 SNIPPET_NOT_RELEVANT f233ecdeb87a44a6aa9ac429999d2d4c
ACTION SNIPPET 1200 244 SNIPPET_RELEVANT 9201a60e849adfdcfdf96f33555623f2
ACTION DOC 1200 264 EXAMINING_DOCUMENT 9201a60e849adfdcfdf96f33555623f2
ACTION MARK 1200 267 CONSIDERED_RELEVANT 9201a60e849adfdcfdf96f33555623f2
ACTION SNIPPET 1200 267 SNIPPET_NOT_RELEVANT 89fed59d8a9dafcc13f024ea13cec713
ACTION SNIPPET 1200 267 SNIPPET_NOT_RELEVANT 277cc4c044fc761765d1f54243551390
ACTION SNIPPET 1200 267 SNIPPET_NOT_RELEVANT f5946b120c55f5308df49eb66330eb6d
ACTION SNIPPET 1200 267 SNIPPET_NOT_RELEVANT cfbee3ac-e818-11e3-a86b-362fd5443d19
ACTION SNIPPET 1200 267 SNIPPET_NOT_RELEVANT 3a00530f7b28ab97d240ddd327c3e8e4
ACTION SNIPPET 1200 267 SNIPPET_NOT_RELEVANT 2821f11ac58bb8f9d3d3bb01f4671f32
ACTION SNIPPET 1200 267 SNIPPET_NOT_RELEVANT a98d1d3cd4dbbf21a0c3f43aaa89bfe6
ACTION SNIPPET 1200 267 SEEN_PREVIOUSLY 6c9de312b46505c8d6741cc2f126e08e
ACTION SNIPPET 1200 267 SNIPPET_NOT_RELEVANT e1f150e0dade585acbc0c739a11bf352
ACTION SNIPPET 1200 267 SNIPPET_NOT_RELEVANT 89a4ace1f1a100ea73181ffb2596b124
ACTION SNIPPET 1200 267 SNIPPET_NOT_RELEVANT 5f078d18f9889e2a1c69ba7a43813170
ACTION SNIPPET 1200 267 SNIPPET_NOT_RELEVANT 4b7e0d02-7ad7-11e2-a044-676856536b40
ACTION SNIPPET 1200 267 SNIPPET_NOT_RELEVANT 2ab8a224-b8ab-11e1-bbf2-4e1c1ee25932
ACTION SNIPPET 1200 267 SNIPPET_NOT_RELEVANT a515aa183eb2edba1d1eb40aedc3bfc3
ACTION SNIPPET 1200 267 SNIPPET_NOT_RELEVANT 947d3c280330f6744fada0edea6c8f2e
ACTION SNIPPET 1200 267 SNIPPET_NOT_RELEVANT de649c0a-c7d8-11e2-9f1a-1a7cdee20287
ACTION SNIPPET 1200 267 SNIPPET_NOT_RELEVANT 5ecff8529588de03c16bfed3b2baf2c6
ACTION SNIPPET 1200 267 SNIPPET_NOT_RELEVANT 7f9c94c6898e0fd0cb7b176e90ae131e
ACTION SNIPPET 1200 267 SNIPPET_NOT_RELEVANT 19574005512947daa75580d86a9ce1ca
ACTION SNIPPET 1200 267 SNIPPET_NOT_RELEVANT 34d443eec1add515a2fbc4af2c8a3a57
ACTION SNIPPET 1200 267 SNIPPET_NOT_RELEVANT 6e4f9f52-3023-11e7-a335-fa0ae1940305
ACTION SNIPPET 1200 267 SNIPPET_NOT_RELEVANT 11ebd46a-0056-11e4-b203-f4b4c664cccf
ACTION SNIPPET 1200 267 SNIPPET_NOT_RELEVANT 6ef51ebe9012a8f82bc978fd7a9df056
ACTION SNIPPET 1200 267 SNIPPET_NOT_RELEVANT 62cb873b2b0a590d0d6d6e334efc0de5
ACTION SNIPPET 1200 267 SNIPPET_NOT_RELEVANT fd9112c8f19d2e09b40e9a3bb1689b2b
ACTION SNIPPET 1200 267 SNIPPET_NOT_RELEVANT e5e3a718f89fb67b60795c81498704c0
ACTION SNIPPET 1200 267 SNIPPET_NOT_RELEVANT f7feef64dd57040f84c5696bff985983
ACTION SNIPPET 1200 267 SNIPPET_NOT_RELEVANT 8013d68097ece2b6d863d04a094af496
ACTION SNIPPET 1200 267 SNIPPET_NOT_RELEVANT 5ffb1d2080b935bc770995df37cdb19f
ACTION SNIPPET 1200 267 SNIPPET_NOT_RELEVANT e9aea1113e11f4ee20694f42e8505d85
ACTION SNIPPET 1200 267 SNIPPET_NOT_RELEVANT 3693910e-54f9-11e7-840b-512026319da7
ACTION SNIPPET 1200 267 SNIPPET_NOT_RELEVANT 81c53da3bb12689b6121d83444570ed6
ACTION SNIPPET 1200 267 SNIPPET_NOT_RELEVANT 8ae5a6b7ac3aa8240704887a0d38ba99
ACTION SNIPPET 1200 267 SNIPPET_NOT_RELEVANT cad811ef08fed5988902ce117cbe0de1
ACTION SNIPPET 1200 267 SNIPPET_NOT_RELEVANT 19d01c3b950e6fd86cb483142d04195f
ACTION SNIPPET 1200 267 SNIPPET_NOT_RELEVANT 1d6682a9b170fc6f29e3c756cb0b2fac
ACTION SNIPPET 1200 267 SNIPPET_NOT_RELEVANT 26b64fe0853aa5b0016ea03a1ace27b5
ACTION SNIPPET 1200 267 SNIPPET_NOT_RELEVANT 4702c12e8df77346dbf665076ef1bb6a
ACTION SNIPPET 1200 267 SNIPPET_NOT_RELEVANT c06119edb12d0f28867692ff381a4da3
ACTION SNIPPET 1200 267 SNIPPET_NOT_RELEVANT 730101e2ba4d0a19637de76e2a08cf9e
ACTION SNIPPET 1200 267 SNIPPET_NOT_RELEVANT e0215ce0-e954-11e5-a9ce-681055c7a05f
ACTION SNIPPET 1200 267 SNIPPET_NOT_RELEVANT 1afec42b9501996133c04a9c13776ad8
ACTION SNIPPET 1200 267 SNIPPET_NOT_RELEVANT 5845ed2da07a29ad086f2d116113c320
ACTION SNIPPET 1200 267 SNIPPET_NOT_RELEVANT aaa6d7ebbdb2318e4339ad47e2e00ff6
ACTION SNIPPET 1200 267 SNIPPET_NOT_RELEVANT 68045076-5f34-11e2-b05a-605528f6b712
ACTION SNIPPET 1200 267 SNIPPET_NOT_RELEVANT 496b93dc-962e-11e2-894a-b984cbdff2e6
ACTION SNIPPET 1200 267 SNIPPET_RELEVANT 550907ec43d4712f37f18867afb01739
ACTION DOC 1200 287 EXAMINING_DOCUMENT 550907ec43d4712f37f18867afb01739
ACTION MARK 1200 290 CONSIDERED_RELEVANT 550907ec43d4712f37f18867afb01739
ACTION SNIPPET 1200 290 SNIPPET_NOT_RELEVANT 77508fb8-4442-11e5-9f53-d1e3ddfd0cda
ACTION SNIPPET 1200 290 SNIPPET_NOT_RELEVANT 8cdf7c838d2de9e9a6a607b787e87f19
ACTION SNIPPET 1200 290 SNIPPET_NOT_RELEVANT 230eb9dc-7142-11e2-b3f3-b263d708ca37
ACTION SNIPPET 1200 290 SNIPPET_NOT_RELEVANT 0b8ebb64-bfc0-11e2-89c9-3be8095fe767
ACTION SNIPPET 1200 290 SNIPPET_NOT_RELEVANT 1a28c952-51fd-11e7-b74e-0d2785d3083d
ACTION SNIPPET 1200 290 SNIPPET_NOT_RELEVANT e5ac0484-5d1a-11e4-827b-2d813561bdfd
ACTION SNIPPET 1200 290 SNIPPET_NOT_RELEVANT 3cda66b6-3bcb-11e1-9d6b-29434ee99d6a
ACTION SNIPPET 1200 290 SNIPPET_NOT_RELEVANT 62f8aed0-5c3e-11e3-be07-006c776266ed
ACTION SNIPPET 1200 290 SNIPPET_NOT_RELEVANT 943524acd33f3ddec9d2c481d0f50eaf
ACTION SNIPPET 1200 290 SNIPPET_NOT_RELEVANT 061eb2de898db8879057ba8a9427674d
ACTION SNIPPET 1200 290 SNIPPET_NOT_RELEVANT fc37d4b4-f22b-11e6-a9b0-ecee7ce475fc
ACTION SNIPPET 1200 290 SNIPPET_NOT_RELEVANT 4d1e9013deea2f742ee65661fc51f0ef
ACTION SNIPPET 1200 290 SNIPPET_NOT_RELEVANT 157a0942-340d-11e2-bfd5-e202b6d7b501
ACTION SNIPPET 1200 290 SNIPPET_NOT_RELEVANT 03058cbc-dbf5-11e5-8210-f0bd8de915f6
ACTION SNIPPET 1200 290 SNIPPET_NOT_RELEVANT 32cd473c-359f-11e7-ab03-aa29f656f13e
ACTION SNIPPET 1200 290 SNIPPET_NOT_RELEVANT e2c85418da0225fbb4707153900a75d6
ACTION SNIPPET 1200 290 SNIPPET_NOT_RELEVANT 67645313d148c6156d2ad2fe4b058673
ACTION SNIPPET 1200 290 SNIPPET_NOT_RELEVANT a1a02818-fc6a-11e2-89f7-8599e3f77a67
ACTION SNIPPET 1200 290 SNIPPET_NOT_RELEVANT 91986010901b2be9fe000da2b3936fcf
ACTION SNIPPET 1200 290 SNIPPET_NOT_RELEVANT f9a49e4f0f6e1cb3d5824bd56dd6a653
ACTION SNIPPET 1200 290 SNIPPET_NOT_RELEVANT e05cd3fc6bf07147283d7a96c4315257
INFO SERP_END_REACHED 
ACTION QUERY 1200 300 political power women
ACTION SERP 1200 305 EXAMINE_SERP
ACTION SNIPPET 1200 305 SNIPPET_NOT_RELEVANT 14fd379105687866ad039e9411d527ce
ACTION SNIPPET 1200 305 SNIPPET_NOT_RELEVANT 85d24cbde4e0560e995f17775e0731b5
ACTION SNIPPET 1200 305 SNIPPET_NOT_RELEVANT efd32b9eab373c82e7d142d8c49f4fed
ACTION SNIPPET 1200 305 SNIPPET_NOT_RELEVANT d2d0681c9e3494c44ff6171c060d755a
ACTION SNIPPET 1200 305 SNIPPET_NOT_RELEVANT 93cce9a7e46f55f78c01393b9b81f0a7
ACTION SNIPPET 1200 305 SNIPPET_NOT_RELEVANT 72728ac5223f3f73f2c6e8f268788370
ACTION SNIPPET 1200 305 SNIPPET_NOT_RELEVANT d653e2bcad0ed07ff7326b412fd02e33
ACTION SNIPPET 1200 305 SNIPPET_NOT_RELEVANT 37a518d1715af496d20f29228ac12ddc
ACTION SNIPPET 1200 305 SNIPPET_NOT_RELEVANT deb56eca363113a1804468be6b0d7d57
ACTION SNIPPET 1200 305 SNIPPET_NOT_RELEVANT 6e4aec7d4b514109353603971cb16cad
ACTION SNIPPET 1200 305 SNIPPET_NOT_RELEVANT a9ffe089c0ff32e0f87185c1b0c439d5
ACTION SNIPPET 1200 305 SNIPPET_NOT_RELEVANT 90955ec67ca27225824131dcdc159c84
ACTION SNIPPET 1200 305 SNIPPET_RELEVANT 035622671d5ee6a098d686c9a4d5b18e
ACTION DOC 1200 325 EXAMINING_DOCUMENT 035622671d5ee6a098d686c9a4d5b18e
ACTION MARK 1200 328 CONSIDERED_RELEVANT 035622671d5ee6a098d686c9a4d5b18e
ACTION SNIPPET 1200 328 SNIPPET_NOT_RELEVANT 5029a89c-3fbe-11e2-bca3-aadc9b7e29c5
ACTION SNIPPET 1200 328 SNIPPET_NOT_RELEVANT cd61578394793a4d7bd317eef719fbdf
ACTION SNIPPET 1200 328 SNIPPET_NOT_RELEVANT af5f8d4080b0a5f5b3c8c957f602f27c
ACTION SNIPPET 1200 328 SNIPPET_NOT_RELEVANT bef19e0873d92845358e3d476f06dac4
ACTION SNIPPET 1200 328 SNIPPET_NOT_RELEVANT b39ac2d332453fc669befbd9a4c757bc
ACTION SNIPPET 1200 328 SNIPPET_NOT_RELEVANT eb880eb0-99cd-44d9-ac0e-98e077d2ff33
ACTION SNIPPET 1200 328 SNIPPET_NOT_RELEVANT c2497a84-7f34-11e5-afce-2afd1d3eb896
ACTION SNIPPET 1200 328 SNIPPET_NOT_RELEVANT e254a181a0d9df8dae2e99858b037361
ACTION SNIPPET 1200 328 SNIPPET_NOT_RELEVANT 8256404d97f7a5430524e003ff49ea5c
ACTION SNIPPET 1200 328 SNIPPET_NOT_RELEVANT 12da5c5e-9071-11e1-8317-bc55e8fdd4a2
ACTION SNIPPET 1200 328 SNIPPET_NOT_RELEVANT 8e123fde1ffaaf2184f01e00fee60810
ACTION SNIPPET 1200 328 SNIPPET_NOT_RELEVANT f16e896e-8750-11e2-98a3-b3db6b9ac586
ACTION SNIPPET 1200 328 SNIPPET_NOT_RELEVANT 5802c486a4d04efe8cf15d083a247609
ACTION SNIPPET 1200 328 SNIPPET_NOT_RELEVANT eacd327b20aa77a2aa909596ae336497
ACTION SNIPPET 1200 328 SNIPPET_NOT_RELEVANT 2ae2d1ae-65db-11e4-bb14-4cfea1e742d5
ACTION SNIPPET 1200 328 SNIPPET_NOT_RELEVANT ab906a03cee202e1d09228365bb680fb
ACTION SNIPPET 1200 328 SNIPPET_NOT_RELEVANT d85aebe45a7472fa1b5971af673339d6
ACTION SNIPPET 1200 328 SNIPPET_NOT_RELEVANT a493fc89933e467b924294fd3e9fb798
ACTION SNIPPET 1200 328 SNIPPET_NOT_RELEVANT 4269a0df21972edac25d84bb90d33242
ACTION SNIPPET 1200 328 SNIPPET_NOT_RELEVANT ac1fef25ddda788ca42872d3016cdca0
ACTION SNIPPET 1200 328 SNIPPET_NOT_RELEVANT 9ba3ef3e666a7d51da231641d06dbef1
ACTION SNIPPET 1200 328 SNIPPET_NOT_RELEVANT 3422c50265cef08a92ac869ec7dbc064
ACTION SNIPPET 1200 328 SNIPPET_NOT_RELEVANT f0037b647897e9564e7669e968e44123
ACTION SNIPPET 1200 328 SNIPPET_NOT_RELEVANT 07578ec30a042be5678bda5f99949ff3
ACTION SNIPPET 1200 328 SEEN_PREVIOUSLY 79cac73b732b929039f0b0ef0d642f55
ACTION SNIPPET 1200 328 SNIPPET_NOT_RELEVANT 21e7dafae346e57d9913c674c1b28be2
ACTION SNIPPET 1200 328 SNIPPET_NOT_RELEVANT e27490e4ddd8a3931b8a208f095f01d8
ACTION SNIPPET 1200 328 SNIPPET_NOT_RELEVANT 242ec52c-7784-11e1-b191-2d5f686e7ff4
ACTION SNIPPET 1200 328 SNIPPET_NOT_RELEVANT 86ae3abff4777fd1577bbc4094d54e25
ACTION SNIPPET 1200 328 SNIPPET_NOT_RELEVANT 736c1390512abfd39f4d842d8fab611d
ACTION SNIPPET 1200 328 SNIPPET_RELEVANT 00f57310e5c8ec7833d6756ba637332e
ACTION DOC 1200 348 EXAMINING_DOCUMENT 00f57310e5c8ec7833d6756ba637332e
ACTION MARK 1200 351 CONSIDERED_RELEVANT 00f57310e5c8ec7833d6756ba637332e
ACTION SNIPPET 1200 351 SNIPPET_NOT_RELEVANT afc075d8ab03cbd1061b862b04fba150
ACTION SNIPPET 1200 351 SNIPPET_NOT_RELEVANT bdcbef8cd264fa66b5b6f15b3a2d1920
ACTION SNIPPET 1200 351 SNIPPET_NOT_RELEVANT 7278e7a381633abc9e5a6b007e095f25
ACTION SNIPPET 1200 351 SNIPPET_NOT_RELEVANT a0088e1e81abbb8b648e7b36ecfe8be4
ACTION SNIPPET 1200 351 SNIPPET_NOT_RELEVANT 9e9d16b6b2d28b0ebf67346f177783d7
ACTION SNIPPET 1200 351 SNIPPET_NOT_RELEVANT f4bfe2dabd5f7cf3c4dbe1565a2e7133
ACTION SNIPPET 1200 351 SNIPPET_NOT_RELEVANT f7837960fe454aef203ef0542bdf62fe
ACTION SNIPPET 1200 351 SNIPPET_RELEVANT 0da8ee91889db59cd8d8c4437655a0ef
ACTION DOC 1200 371 EXAMINING_DOCUMENT 0da8ee91889db59cd8d8c4437655a0ef
ACTION MARK 1200 374 CONSIDERED_RELEVANT 0da8ee91889db59cd8d8c4437655a0ef
ACTION SNIPPET 1200 374 SNIPPET_NOT_RELEVANT b2ef5bcfb4ec1c7763f17016a334eb5c
ACTION SNIPPET 1200 374 SNIPPET_NOT_RELEVANT aa922f804334eb7983a4ca73df80b411
ACTION SNIPPET 1200 374 SNIPPET_NOT_RELEVANT cb9dc763cb64beb88b8b20e3037f6548
ACTION SNIPPET 1200 374 SNIPPET_NOT_RELEVANT f4ad6fd825425db33978775841c4c8d2
ACTION SNIPPET 1200 374 SNIPPET_NOT_RELEVANT 9a244aa23882df7d9251af6a064b815c
ACTION SNIPPET 1200 374 SNIPPET_NOT_RELEVANT fed2a4015d558d73ac7fb999a54e36b3
ACTION SNIPPET 1200 374 SNIPPET_NOT_RELEVANT c584c9d2-7f51-11e2-a350-49866afab584
ACTION SNIPPET 1200 374 SNIPPET_NOT_RELEVANT ab1db6d97703116fd0aa36a552129362
ACTION SNIPPET 1200 374 SNIPPET_NOT_RELEVANT e371353ecb0ed8e73c9e9a6f46529fa1
ACTION SNIPPET 1200 374 SNIPPET_NOT_RELEVANT 447adbc41f1e7a8c1bdf95f6af078afa
ACTION SNIPPET 1200 374 SNIPPET_NOT_RELEVANT d3e8e48f2c35d16765573361a7076bd5
ACTION SNIPPET 1200 374 SNIPPET_NOT_RELEVANT a2c25a8a-f043-11e4-8666-a1d756d0218e
ACTION SNIPPET 1200 374 SNIPPET_NOT_RELEVANT 8c564a87cacf5f6f56dfbb9aab947d99
ACTION SNIPPET 1200 374 SNIPPET_NOT_RELEVANT e25a09b5cb6bd9fa2445e484096faeaa
ACTION SNIPPET 1200 374 SNIPPET_NOT_RELEVANT 02f1ddc70d4bdf9eaa36058c95416f68
ACTION SNIPPET 1200 374 SNIPPET_NOT_RELEVANT a358ba290c0b9dd747a45fb65ede76de
ACTION SNIPPET 1200 374 SNIPPET_NOT_RELEVANT 728e694046745c93128e8ae31cd15322
ACTION SNIPPET 1200 374 SNIPPET_NOT_RELEVANT a83aa7fb08b05fa65af6723448ea5a83
ACTION SNIPPET 1200 374 SNIPPET_NOT_RELEVANT d1c00d76-7e04-11e3-95c6-0a7aa80874bc
ACTION SNIPPET 1200 374 SNIPPET_NOT_RELEVANT a421c1bc-8844-11e3-a5bd-844629433ba3
ACTION SNIPPET 1200 374 SNIPPET_NOT_RELEVANT 1620b182-b043-11e6-be1c-8cec35b1ad25
ACTION SNIPPET 1200 374 SNIPPET_NOT_RELEVANT a2ba17a2-b517-11e3-8cb6-284052554d74
ACTION SNIPPET 1200 374 SNIPPET_NOT_RELEVANT 9e3412bc-48d0-11e4-a046-120a8a855cca
ACTION SNIPPET 1200 374 SNIPPET_NOT_RELEVANT c1b69fa5fc63f5335d223e28e196bc94
ACTION SNIPPET 1200 374 SNIPPET_NOT_RELEVANT 802c9e0d1254854703c622315609156f
ACTION SNIPPET 1200 374 SNIPPET_NOT_RELEVANT 105de560-07ee-11e6-bdcb-0133da18418d
ACTION SNIPPET 1200 374 SNIPPET_NOT_RELEVANT cb62931698270c63e264f1db5b3b69d9
ACTION SNIPPET 1200 374 SNIPPET_NOT_RELEVANT c6699588-695a-11e2-95b3-272d604a10a3
ACTION SNIPPET 1200 374 SNIPPET_NOT_RELEVANT 6b90757387020a36d33dccc485867139
ACTION SNIPPET 1200 374 SNIPPET_NOT_RELEVANT 6baf0bd2-561c-11e3-ba82-16ed03681809
ACTION SNIPPET 1200 374 SNIPPET_NOT_RELEVANT dafe3110-4a9e-11e6-acbc-4d4870a079da
ACTION SNIPPET 1200 374 SNIPPET_NOT_RELEVANT e7dec133df7679d212fa0056ba2d5358
ACTION SNIPPET 1200 374 SNIPPET_NOT_RELEVANT 46b0dc66c2749e89f35e75c8ce0589af
ACTION SNIPPET 1200 374 SNIPPET_NOT_RELEVANT b523ef4a77053a1a54d6efa269b84ca2
ACTION SNIPPET 1200 374 SNIPPET_NOT_RELEVANT 12810031a1d3d6120b1fc12fdfca37f4
ACTION SNIPPET 1200 374 SNIPPET_NOT_RELEVANT db37a8fc-3bdc-11e7-a058-ddbb23c75d82
ACTION SNIPPET 1200 374 SNIPPET_NOT_RELEVANT b52a89dd5dbc423dc26ce2fdc4f74b8e
ACTION SNIPPET 1200 374 SNIPPET_NOT_RELEVANT 905132b4721af55e118af8e1ba1c59cc
ACTION SNIPPET 1200 374 SNIPPET_NOT_RELEVANT 2cf3258d983bd50b00ec2db92fb02ee7
ACTION SNIPPET 1200 374 SNIPPET_NOT_RELEVANT f477dae4-8901-11e3-833c-33098f9e5267
ACTION SNIPPET 1200 374 SNIPPET_NOT_RELEVANT 6a5d320d70f80e6d47dfc4fc21f398f3
ACTION SNIPPET 1200 374 SNIPPET_RELEVANT 2de51edd1d0bd52aea1ede8dcc7487d0
ACTION DOC 1200 394 EXAMINING_DOCUMENT 2de51edd1d0bd52aea1ede8dcc7487d0
ACTION MARK 1200 397 CONSIDERED_RELEVANT 2de51edd1d0bd52aea1ede8dcc7487d0
ACTION SNIPPET 1200 397 SNIPPET_NOT_RELEVANT f0927bd0-cd95-11e4-8c54-ffb5ba6f2f69
ACTION SNIPPET 1200 397 SNIPPET_NOT_RELEVANT 31c772fe1068167fe3f45678c0d9f8a1
ACTION SNIPPET 1200 397 SNIPPET_NOT_RELEVANT 7f5c01ae-3f01-11e7-8c25-44d09ff5a4a8
ACTION SNIPPET 1200 397 SNIPPET_NOT_RELEVANT 1b847cecd7da2927357bb612dcc0e06a
ACTION SNIPPET 1200 397 SNIPPET_NOT_RELEVANT 975f9c6ca0a0c2067ff77cf8282c1247
ACTION SNIPPET 1200 397 SNIPPET_NOT_RELEVANT f6eef9dceecf0a1cffd88372cca3ed86
INFO SERP_END_REACHED 
ACTION QUERY 1200 407 third world women
ACTION SERP 1200 412 EXAMINE_SERP
ACTION SNIPPET 1200 412 SNIPPET_NOT_RELEVANT cc977dc0-1188-11e5-9726-49d6fa26a8c6
ACTION SNIPPET 1200 412 SNIPPET_NOT_RELEVANT d5123e24e1eb426b47c1823c2737a753
ACTION SNIPPET 1200 412 SNIPPET_NOT_RELEVANT b8715dfe-2388-11e5-b77f-eb13a215f593
ACTION SNIPPET 1200 412 SNIPPET_NOT_RELEVANT 450cabe9db1573f9eddd97973dd8a6e3
ACTION SNIPPET 1200 412 SNIPPET_NOT_RELEVANT e756b94a9b1c21648609260be265f0ad
ACTION SNIPPET 1200 412 SNIPPET_NOT_RELEVANT 803967ffb91fd5c69d2c1c7b4b83f9d2
ACTION SNIPPET 1200 412 SNIPPET_NOT_RELEVANT 0d2edf72-abe0-11e4-abe8-e1ef60ca26de
ACTION SNIPPET 1200 412 SNIPPET_NOT_RELEVANT 6e241608-2264-11e5-aeb9-a411a84c9d55
ACTION SNIPPET 1200 412 SNIPPET_NOT_RELEVANT 8dbecdeca2cfc31e51c695bcdf163c33
ACTION SNIPPET 1200 412 SNIPPET_NOT_RELEVANT dd8f2da6-7596-11e3-9389-09ef9944065e
ACTION SNIPPET 1200 412 SNIPPET_NOT_RELEVANT 1743e30422916688e55c87e1a898a41f
ACTION SNIPPET 1200 412 SNIPPET_NOT_RELEVANT 69909c1cae9b35c7611b82412e9960b9
ACTION SNIPPET 1200 412 SNIPPET_NOT_RELEVANT c589de888378f98288cf6c9e1dc7bce9
ACTION SNIPPET 1200 412 SNIPPET_NOT_RELEVANT ce603ec123fb403597863f8ad1aee526
ACTION SNIPPET 1200 412 SNIPPET_NOT_RELEVANT fb677c40-21ff-11e5-84d5-eb37ee8eaa61
ACTION SNIPPET 1200 412 SNIPPET_NOT_RELEVANT 2017ac96b1c152954ba9c57e6d14f73c
ACTION SNIPPET 1200 412 SNIPPET_NOT_RELEVANT 175f621e51be4cd338690529c7276fd4
ACTION SNIPPET 1200 412 SNIPPET_NOT_RELEVANT 7f200bf51eae74ad1444f401100af951
ACTION SNIPPET 1200 412 SNIPPET_NOT_RELEVANT 31aae7ea011fbc61d5e33f030ad3bc16
ACTION SNIPPET 1200 412 SNIPPET_NOT_RELEVANT 0d549f3d6d80ef5f995f81ac86863df6
ACTION SNIPPET 1200 412 SNIPPET_NOT_RELEVANT 2fe1c0a2-f647-11e2-9434-60440856fadf
ACTION SNIPPET 1200 412 SNIPPET_RELEVANT 495263930f1bf109f681f27ff99d970a
ACTION DOC 1200 432 EXAMINING_DOCUMENT 495263930f1bf109f681f27ff99d970a
ACTION MARK 1200 435 CONSIDERED_RELEVANT 495263930f1bf109f681f27ff99d970a
ACTION SNIPPET 1200 435 SNIPPET_NOT_RELEVANT e9aa5cb5ce4a9fd50b44e656a9f05836
ACTION SNIPPET 1200 435 SNIPPET_NOT_RELEVANT aa2f25b1d409816f56b97390bde2673f
ACTION SNIPPET 1200 435 SNIPPET_NOT_RELEVANT 98e85db346eded46dd665906bad3eb20
ACTION SNIPPET 1200 435 SNIPPET_NOT_RELEVANT aa283fcaed50c64ddf5a9146a4d3fd24
ACTION SNIPPET 1200 435 SNIPPET_NOT_RELEVANT d7e27bd5271334008b10290e0a6675c6
ACTION SNIPPET 1200 435 SNIPPET_NOT_RELEVANT 18c03f7c-1773-11e4-85b6-c1451e622637
ACTION SNIPPET 1200 435 SNIPPET_NOT_RELEVANT 1ed04790-2352-11e5-b77f-eb13a215f593
ACTION SNIPPET 1200 435 SNIPPET_NOT_RELEVANT 9967fb1a-1c81-11e5-bd7f-4611a60dd8e5
ACTION SNIPPET 1200 435 SNIPPET_NOT_RELEVANT 071ad6f3cfba2273c7f8d5264c0a7583
ACTION SNIPPET 1200 435 SNIPPET_NOT_RELEVANT e930acc131deee7e087498ddc7669bda
ACTION SNIPPET 1200 435 SNIPPET_RELEVANT 705b0b6c9f00adb467be285e36dca522
ACTION DOC 1200 455 EXAMINING_DOCUMENT 705b0b6c9f00adb467be285e36dca522
ACTION MARK 1200 458 CONSIDERED_RELEVANT 705b0b6c9f00adb467be285e36dca522
ACTION SNIPPET 1200 458 SNIPPET_NOT_RELEVANT e2e28054969f6020a0e89c9e610e0f37
ACTION SNIPPET 1200 458 SNIPPET_NOT_RELEVANT 6447e5a9009bd15e7b2ab4c02a3c9dc2
ACTION SNIPPET 1200 458 SNIPPET_NOT_RELEVANT 1376bca42cbb64aab9a8b11a2b3d6f86
ACTION SNIPPET 1200 458 SNIPPET_NOT_RELEVANT 916e8598-2acc-11e4-8593-da634b334390
ACTION SNIPPET 1200 458 SNIPPET_NOT_RELEVANT 6a56f40a-66f1-11e1-a2f2-468e819f2777
ACTION SNIPPET 1200 458 SNIPPET_NOT_RELEVANT 6d8448a0-201e-11e5-a135-935065bc30d0
ACTION SNIPPET 1200 458 SNIPPET_NOT_RELEVANT f3eeee9c2d71c467f5f6ba8ebb645394
ACTION SNIPPET 1200 458 SNIPPET_NOT_RELEVANT 9f56cf94-2783-11e5-b72c-2b7d516e1e0e
ACTION SNIPPET 1200 458 SNIPPET_NOT_RELEVANT 5dc4036efb07a2ecd7d597fa3caaba88
ACTION SNIPPET 1200 458 SNIPPET_NOT_RELEVANT 66d1c80a-bd54-11e1-9134-f33232e6dafa
ACTION SNIPPET 1200 458 SNIPPET_NOT_RELEVANT 49b17695fcce04200a82a7178a4dbabc
ACTION SNIPPET 1200 458 SNIPPET_NOT_RELEVANT 4d4d1ccb7bad326986eda008967bce8e
ACTION SNIPPET 1200 458 SNIPPET_NOT_RELEVANT 9098bb0a-6613-11e6-8b27-bb8ba39497a2
ACTION SNIPPET 1200 458 SNIPPET_NOT_RELEVANT 404610b4cf4ca75f3680a390c4f7c855
ACTION SNIPPET 1200 458 SNIPPET_NOT_RELEVANT bfdc63f913ac6e8a37e35f81f47e38f5
ACTION SNIPPET 1200 458 SNIPPET_NOT_RELEVANT 9a03e7e14e3fc7f3531f195ddcc6c294
ACTION SNIPPET 1200 458 SNIPPET_NOT_RELEVANT c8b126f2-55ec-11e7-a204-ad706461fa4f
ACTION SNIPPET 1200 458 SNIPPET_NOT_RELEVANT 11884eea37741ac6556275f9d3008e61
ACTION SNIPPET 1200 458 SNIPPET_NOT_RELEVANT 6b641b3efb187845d93a140c5bbb51dc
ACTION SNIPPET 1200 458 SNIPPET_NOT_RELEVANT 1f40c6ac-1da7-11e4-82f9-2cd6fa8da5c4
ACTION SNIPPET 1200 458 SNIPPET_NOT_RELEVANT 30754f10-3c78-11e5-b3ac-8a79bc44e5e2
ACTION SNIPPET 1200 458 SNIPPET_NOT_RELEVANT 8eca96c8-be46-11e1-95ec-096d641fd933
ACTION SNIPPET 1200 458 SNIPPET_NOT_RELEVANT 89830b516350d76f971a7dfe1e6cb545
ACTION SNIPPET 1200 458 SNIPPET_NOT_RELEVANT b62a0172bd10caf6a596ebdfccbbfc66
ACTION SNIPPET 1200 458 SNIPPET_NOT_RELEVANT 4dc028e8313db5491b5e29043d304067
ACTION SNIPPET 1200 458 SNIPPET_NOT_RELEVANT 956f71257a26eff25d9ee17863d75086
ACTION SNIPPET 1200 458 SNIPPET_NOT_RELEVANT a0c1e070-218a-11e5-a135-935065bc30d0
ACTION SNIPPET 1200 458 SNIPPET_NOT_RELEVANT 73dd42ea-8c44-11e6-bff0-d53f592f176e
ACTION SNIPPET 1200 458 SNIPPET_NOT_RELEVANT c40f49a4-65bd-11e2-85f5-a8a9228e55e7
ACTION SNIPPET 1200 458 SNIPPET_NOT_RELEVANT bedb9695d81a81781c46f231862e7b86
ACTION SNIPPET 1200 458 SNIPPET_NOT_RELEVANT 859f81aa-cf9b-11e2-8845-d970ccb04497
ACTION SNIPPET 1200 458 SNIPPET_NOT_RELEVANT 2f6ae3443308a173e4cdd787eb4f548e
ACTION SNIPPET 1200 458 SNIPPET_NOT_RELEVANT 0069acc5873ddcc1e974a919e7baef26
ACTION SNIPPET 1200 458 SNIPPET_NOT_RELEVANT 9c8660d09941773499ed7da3667095ff
ACTION SNIPPET 1200 458 SNIPPET_NOT_RELEVANT 6468b0f6-ff8a-11e6-8f41-ea6ed597e4ca
ACTION SNIPPET 1200 458 SNIPPET_NOT_RELEVANT ccbd5c64-814e-11e3-8099-9181471f7aaf
ACTION SNIPPET 1200 458 SNIPPET_NOT_RELEVANT 964f68b0fa5215452dd7ddcdff4fe7b5
ACTION SNIPPET 1200 458 SNIPPET_NOT_RELEVANT 4ae344b4-6909-11e7-a1d7-9a32c91c6f40
ACTION SNIPPET 1200 458 SNIPPET_NOT_RELEVANT c464f8f2-7992-11e7-8f39-eeb7d3a2d304
ACTION SNIPPET 1200 458 SNIPPET_NOT_RELEVANT dd0d8a0dd13b11a17d74cc395ad2f930
ACTION SNIPPET 1200 458 SNIPPET_NOT_RELEVANT 6f97f7a17002c5e7fe3c407f0e98f4dc
ACTION SNIPPET 1200 458 SNIPPET_NOT_RELEVANT 27a4d1c0-560e-11e6-bbf5-957ad17b4385
ACTION SNIPPET 1200 458 SNIPPET_NOT_RELEVANT cdb6f9b8-5d5b-11e6-af8e-54aa2e849447
ACTION SNIPPET 1200 458 SNIPPET_NOT_RELEVANT f01eefaa-d026-11e5-b2bc-988409ee911b
ACTION SNIPPET 1200 458 SNIPPET_NOT_RELEVANT c9c1eaa4-7677-11e1-883d-f22537a8ca20
ACTION SNIPPET 1200 458 SNIPPET_NOT_RELEVANT 59157558bb2a265d0b52d98c097e7b15
ACTION SNIPPET 1200 458 SNIPPET_NOT_RELEVANT 41532dc607f6d7b02bac82f307de7760
ACTION SNIPPET 1200 458 SNIPPET_NOT_RELEVANT 1d94e96c206ac4987e889ef4347ff111
ACTION SNIPPET 1200 458 SNIPPET_NOT_RELEVANT 6c2c6e7906b108e8c4e312fde0e07cd5
ACTION SNIPPET 1200 458 SNIPPET_NOT_RELEVANT 19f5260be0ef91138ef3dfc9eae132a1
ACTION SNIPPET 1200 458 SNIPPET_NOT_RELEVANT 7ee44d94-1d39-11e5-ab92-c75ae6ab94b5
ACTION SNIPPET 1200 458 SNIPPET_NOT_RELEVANT 4cd8614e8570a251685f5af553bb48ab
ACTION SNIPPET 1200 458 SNIPPET_NOT_RELEVANT 2bc52303be5bb15ae59905da15b66ec8
ACTION SNIPPET 1200 458 SNIPPET_NOT_RELEVANT 1a38e056d773e2226925119d41d186f3
ACTION SNIPPET 1200 458 SNIPPET_NOT_RELEVANT 2ab9fcb1260aef0b4ab6b3a21c405638
ACTION SNIPPET 1200 458 SNIPPET_NOT_RELEVANT 801832b387b96b58db8fbbe74b6b12f0
ACTION SNIPPET 1200 458 SNIPPET_NOT_RELEVANT 7ca33e9ad87a8434bc5770d5bb106c03
ACTION SNIPPET 1200 458 SNIPPET_NOT_RELEVANT a29528d2e68db6ef9d5a6b9a13a3d331
ACTION SNIPPET 1200 458 SNIPPET_NOT_RELEVANT d2416ce4a9364f3691f27cdc2a98d046
ACTION SNIPPET 1200 458 SNIPPET_NOT_RELEVANT f9a4c3e4edaa96f91fce4df9935cc52a
ACTION SNIPPET 1200 458 SNIPPET_NOT_RELEVANT 83de0a761a3ca4c818424e7939c631c0
ACTION SNIPPET 1200 458 SNIPPET_NOT_RELEVANT 2095ae6763989960ab2f085acc274093
ACTION SNIPPET 1200 458 SNIPPET_NOT_RELEVANT 50c4d5c46563cba71a0998e1a88def31
ACTION SNIPPET 1200 458 SNIPPET_NOT_RELEVANT 93b63696dc37e0fb94183113aeb7f751
ACTION SNIPPET 1200 458 SNIPPET_NOT_RELEVANT 45bba80bbec0fdd7cc4627070b9be42f
ACTION SNIPPET 1200 458 SNIPPET_NOT_RELEVANT 864b74f68c1867f69f5e38f2df53e1ee
ACTION SNIPPET 1200 458 SNIPPET_NOT_RELEVANT 5a31d9b81da74215dae234daf44aa9de
INFO SERP_END_REACHED 
ACTION QUERY 1200 468 women legislatures
ACTION SERP 1200 473 EXAMINE_SERP
ACTION SNIPPET 1200 473 SNIPPET_NOT_RELEVANT 27612953bc67b332db33b8ed10192fbd
ACTION SNIPPET 1200 473 SNIPPET_NOT_RELEVANT 9b269e2e314f02c726b054aa329834eb
ACTION SNIPPET 1200 473 SNIPPET_NOT_RELEVANT 620fff7da075480d9b5664388b572443
ACTION SNIPPET 1200 473 SNIPPET_NOT_RELEVANT af5f8d4080b0a5f5b3c8c957f602f27c
ACTION SNIPPET 1200 473 SNIPPET_NOT_RELEVANT 451b95a64f23a08f31366507c6a49d83
ACTION SNIPPET 1200 473 SNIPPET_NOT_RELEVANT dd51b2709e05dcb5d73b1cc889882193
ACTION SNIPPET 1200 473 SNIPPET_NOT_RELEVANT 46b0dc66c2749e89f35e75c8ce0589af
ACTION SNIPPET 1200 473 SNIPPET_NOT_RELEVANT 728c18fe-5d6e-11e5-b38e-06883aacba64
ACTION SNIPPET 1200 473 SNIPPET_NOT_RELEVANT f24f7e1770c9a779e82f6a622767d29b
ACTION SNIPPET 1200 473 SNIPPET_NOT_RELEVANT 73df1edbfc5470e89aa0a545e979a3ae
ACTION SNIPPET 1200 473 SNIPPET_NOT_RELEVANT 126db6404d55dc6ba3e6705f54706997
ACTION SNIPPET 1200 473 SNIPPET_NOT_RELEVANT c27dcb32-4735-11e4-a4bf-794ab74e90f0
ACTION SNIPPET 1200 473 SNIPPET_NOT_RELEVANT 18e1341e-56ba-11e2-8b9e-dd8773594efc
ACTION SNIPPET 1200 473 SNIPPET_NOT_RELEVANT 38f2646277e49f32cc3e2c47e731880a
ACTION SNIPPET 1200 473 SNIPPET_NOT_RELEVANT f90e4c6ca606a396a8be3278781fabc2
ACTION SNIPPET 1200 473 SNIPPET_NOT_RELEVANT 6480f198229a9539188567b382ee5f71
ACTION SNIPPET 1200 473 SNIPPET_NOT_RELEVANT a4eaeffc-3fd8-11e7-adba-394ee67a7582
ACTION SNIPPET 1200 473 SNIPPET_NOT_RELEVANT 6755c8f716f9a336d383f3064287f8e2
ACTION SNIPPET 1200 473 SNIPPET_NOT_RELEVANT 97ff41ae-cec0-11e2-9f1a-1a7cdee20287
ACTION SNIPPET 1200 473 SNIPPET_NOT_RELEVANT eb75aa92-e8ad-11e2-8f22-de4bd2a2bd39
ACTION SNIPPET 1200 473 SNIPPET_NOT_RELEVANT 2bb1f370d6cde50d6a919040413340ec
ACTION SNIPPET 1200 473 SNIPPET_NOT_RELEVANT 9259ef52f07a6606b0a74e09da6a3861
ACTION SNIPPET 1200 473 SNIPPET_NOT_RELEVANT 1e67891a-6322-11e1-a2f2-468e819f2777
ACTION SNIPPET 1200 473 SNIPPET_NOT_RELEVANT 7f11c8c58bd13ac2b33ebc3f5dff31d9
ACTION SNIPPET 1200 473 SNIPPET_NOT_RELEVANT d60cee5c-2a28-11e7-b605-33413c691853
ACTION SNIPPET 1200 473 SNIPPET_NOT_RELEVANT d8b5bcffb3df89c5ec46fb6a6f90ac63
ACTION SNIPPET 1200 473 SNIPPET_NOT_RELEVANT 8c9449b32ddf6b1ca349b58eb2edf401
ACTION SNIPPET 1200 473 SNIPPET_NOT_RELEVANT 44ed43e9306781252344d95bec659c17
ACTION SNIPPET 1200 473 SNIPPET_NOT_RELEVANT 92cad020-63e3-11e1-a2f2-468e819f2777
ACTION SNIPPET 1200 473 SNIPPET_NOT_RELEVANT 790306a3a7fdf176de1aa507a2cea084
ACTION SNIPPET 1200 473 SNIPPET_NOT_RELEVANT d8eb67c6f041c0aa888964cd369969db
ACTION SNIPPET 1200 473 SNIPPET_NOT_RELEVANT eb8eeb3fde8373c9b89cc95ad63d4a92
ACTION SNIPPET 1200 473 SNIPPET_NOT_RELEVANT fea4db38b7e702a27f636339d7a3800d
ACTION SNIPPET 1200 473 SEEN_PREVIOUSLY 4a7c2970fd9bf65fe09c7cf46df7b06d
ACTION SNIPPET 1200 473 SEEN_PREVIOUSLY 9171debc316e5e2782e0d2404ca7d09d
ACTION SNIPPET 1200 473 SNIPPET_NOT_RELEVANT 52a625c4b3138dac2c6c4ddaa6c43deb
ACTION SNIPPET 1200 473 SNIPPET_NOT_RELEVANT 6950c87ff0779117266208b776b198d7
ACTION SNIPPET 1200 473 SNIPPET_NOT_RELEVANT 12089ed7089574776db6c1e5e55704af
ACTION SNIPPET 1200 473 SNIPPET_NOT_RELEVANT d68a6df6-ebd8-11e2-8023-b7f07811d98e
ACTION SNIPPET 1200 473 SNIPPET_NOT_RELEVANT 335b5d549b3dd1476af9cb15d93f4398
ACTION SNIPPET 1200 473 SNIPPET_NOT_RELEVANT a34adc3a7807fb066f44cd608d4fc522
ACTION SNIPPET 1200 473 SNIPPET_NOT_RELEVANT 9c82ce48-2134-11e6-8690-f14ca9de2972
ACTION SNIPPET 1200 473 SNIPPET_NOT_RELEVANT 58e9db92-c5fb-11e1-aa3a-f3dfb7ea106c
ACTION SNIPPET 1200 473 SNIPPET_NOT_RELEVANT 59947bca15912d6f964ed965824947b1
ACTION SNIPPET 1200 473 SNIPPET_NOT_RELEVANT bf3cf85b7704cbed13905132dab64aee
ACTION SNIPPET 1200 473 SNIPPET_NOT_RELEVANT 6e1c0892-a898-11e3-b61e-8051b8b52d06
ACTION SNIPPET 1200 473 SNIPPET_NOT_RELEVANT 86883ae2590ff739e271083be83c1d48
ACTION SNIPPET 1200 473 SNIPPET_NOT_RELEVANT 72a305fa4d12f8c71bf980e11eb76bd8
ACTION SNIPPET 1200 473 SNIPPET_NOT_RELEVANT a3c51252-53ad-11e4-892e-602188e70e9c
ACTION SNIPPET 1200 473 SNIPPET_NOT_RELEVANT 24055e42-00b2-11e6-9d36-33d198ea26c5
ACTION SNIPPET 1200 473 SNIPPET_NOT_RELEVANT fde7cbe3b482e0b0dc02a8d2cde0b630
ACTION SNIPPET 1200 473 SNIPPET_NOT_RELEVANT 398592fc-9c54-11e2-a941-a19bce7af755
ACTION SNIPPET 1200 473 SNIPPET_NOT_RELEVANT 2db50824eacd65f4b4fcffc2fd6c28c4
ACTION SNIPPET 1200 473 SNIPPET_NOT_RELEVANT 61db2ff5218313751a4d8f724c05b6b7
ACTION SNIPPET 1200 473 SNIPPET_NOT_RELEVANT ff5fea667b9ce1451f832a09624f8b3b
ACTION SNIPPET 1200 473 SNIPPET_NOT_RELEVANT a3e15fb35d17407e276462dcb84ca56f
ACTION SNIPPET 1200 473 SNIPPET_NOT_RELEVANT 090b1932b3f80c205a8d11b92dd1ce01
ACTION SNIPPET 1200 473 SEEN_PREVIOUSLY 035622671d5ee6a098d686c9a4d5b18e
ACTION SNIPPET 1200 473 SNIPPET_NOT_RELEVANT 3a5ea2a8-f837-11e5-a3ce-f06b5ba21f33
ACTION SNIPPET 1200 473 SNIPPET_NOT_RELEVANT dc8d122c-0352-11e7-ad5b-d22680e18d10
ACTION SNIPPET 1200 473 SNIPPET_NOT_RELEVANT af4ca04d33afb0533df31ad9dbe871ea
ACTION SNIPPET 1200 473 SNIPPET_NOT_RELEVANT 56e78470-cfb3-11e3-a6b1-45c4dffb85a6
ACTION SNIPPET 1200 473 SNIPPET_NOT_RELEVANT b1170feff53c1cfbec4516f54ec9de0c
ACTION SNIPPET 1200 473 SNIPPET_NOT_RELEVANT f6084e2faaa255871ef911bac3cb3148
ACTION SNIPPET 1200 473 SNIPPET_NOT_RELEVANT ca765ad01afd5bd1a216060d4cd1eac0
ACTION SNIPPET 1200 473 SNIPPET_NOT_RELEVANT 8d38978e-6d5a-11e1-b6cb-8f400698f97c
ACTION SNIPPET 1200 473 SNIPPET_NOT_RELEVANT e6bf9064cfe153c211933f9c7d6c7e4a
ACTION SNIPPET 1200 473 SNIPPET_NOT_RELEVANT 0caa33d172c696cac4bbc36df4e44bf2
ACTION SNIPPET 1200 473 SNIPPET_NOT_RELEVANT 971e4cb2-eb30-11e2-a301-ea5a8116d211
ACTION SNIPPET 1200 473 SNIPPET_NOT_RELEVANT 41c4bbb17c897fe5ebf235b31dda1e96
ACTION SNIPPET 1200 473 SNIPPET_NOT_RELEVANT 81585dc6-e402-11e2-aef3-339619eab080
ACTION SNIPPET 1200 473 SNIPPET_NOT_RELEVANT e1708c8a708033d588c48710aba5ff1d
ACTION SNIPPET 1200 473 SNIPPET_NOT_RELEVANT d332289fe1efcc90442ecb501eb37dc9
ACTION SNIPPET 1200 473 SNIPPET_NOT_RELEVANT 8e164b5e2f38d079ef6fbd96c5721bf8
ACTION SNIPPET 1200 473 SNIPPET_NOT_RELEVANT 2b14544c-fab0-11e6-be05-1a3817ac21a5
ACTION SNIPPET 1200 473 SNIPPET_NOT_RELEVANT 13d8842f670530e23ece716842dc0528
ACTION SNIPPET 1200 473 SNIPPET_NOT_RELEVANT a4185cf6-5ba5-11e3-bf7e-f567ee61ae21
ACTION SNIPPET 1200 473 SNIPPET_NOT_RELEVANT 6baf0bd2-561c-11e3-ba82-16ed03681809
ACTION SNIPPET 1200 473 SNIPPET_NOT_RELEVANT 219822a97920aad44cf6d251d3e97ab8
ACTION SNIPPET 1200 473 SNIPPET_NOT_RELEVANT 975f3e8293205cd7d40aa19531a5c9c3
ACTION SNIPPET 1200 473 SNIPPET_NOT_RELEVANT b319e36a84e0389ecb9bc660cf500976
ACTION SNIPPET 1200 473 SNIPPET_NOT_RELEVANT 5f3154f125be39a7477cd9e03728f5c0
ACTION SNIPPET 1200 473 SNIPPET_NOT_RELEVANT e65ad45c3db53a1e7aad4a99cdb04263
ACTION SNIPPET 1200 473 SNIPPET_NOT_RELEVANT 189e9321f872285ec52a273bbc651a1a
ACTION SNIPPET 1200 473 SNIPPET_NOT_RELEVANT 2c70112f55e24a244f8883482283e2ce
ACTION SNIPPET 1200 473 SNIPPET_NOT_RELEVANT e9f0daef270504ffefbb5feb82b0c3ab
ACTION SNIPPET 1200 473 SEEN_PREVIOUSLY 5f660426d55278405d08a0b2d7cae32c
ACTION SNIPPET 1200 473 SNIPPET_NOT_RELEVANT de707694-c544-11e5-9693-933a4d31bcc8
ACTION SNIPPET 1200 473 SNIPPET_NOT_RELEVANT a6ccbf886f5bc4fb2e4396e5bf96df7c
ACTION SNIPPET 1200 473 SNIPPET_NOT_RELEVANT f1e8f1d3fb7a94d9ab78245c4a6f6d85
ACTION SNIPPET 1200 473 SNIPPET_NOT_RELEVANT 27c4c6518c29ea5c4b75f6cd042d1f8a
ACTION SNIPPET 1200 473 SNIPPET_NOT_RELEVANT 76ecb06e-519e-11e1-b56b-bfafcb3820a0
ACTION SNIPPET 1200 473 SNIPPET_NOT_RELEVANT 9dec0e9351203513cde01ad3c5683f62
ACTION SNIPPET 1200 473 SNIPPET_NOT_RELEVANT 629f9afb6289a4289b4d9da847e3e327
ACTION SNIPPET 1200 473 SNIPPET_NOT_RELEVANT 85e0d695f357bf96b4dd495ee42be7c9
ACTION SNIPPET 1200 473 SNIPPET_NOT_RELEVANT 8cbfb700-9597-11e1-a17e-3e4d0e03fb4a
ACTION SNIPPET 1200 473 SNIPPET_NOT_RELEVANT 4f1285d1f03451c1f65a1f27341a522c
ACTION SNIPPET 1200 473 SNIPPET_NOT_RELEVANT bd80a75f759115c04263378dafee3fff
ACTION SNIPPET 1200 473 SNIPPET_NOT_RELEVANT 846c75378ec70bf1b298eb6db253d10a
ACTION SNIPPET 1200 473 SNIPPET_NOT_RELEVANT 7b50b5ba82cdef2ee42c284c52d658cf
INFO SERP_END_REACHED 
ACTION QUERY 1200 483 female politicians
ACTION SERP 1200 488 EXAMINE_SERP
ACTION SNIPPET 1200 488 SNIPPET_NOT_RELEVANT 842536f3dffc1382a09b80e244c3a846
ACTION SNIPPET 1200 488 SNIPPET_NOT_RELEVANT 0aaa2d17f8585192b94f9f3f8cba66fd
ACTION SNIPPET 1200 488 SNIPPET_NOT_RELEVANT 0282822a-1664-11e4-88f7-96ed767bb747
ACTION SNIPPET 1200 488 SNIPPET_NOT_RELEVANT e4da5920-a359-11e1-a811-e901b4a6e231
ACTION SNIPPET 1200 488 SNIPPET_NOT_RELEVANT 2841727fd123a50b921bdbe9280cbf96
ACTION SNIPPET 1200 488 SNIPPET_NOT_RELEVANT d77d85cc-cbde-11e3-a75e-463587891b57
ACTION SNIPPET 1200 488 SNIPPET_NOT_RELEVANT 26c14c20b50a64a3fe6121a0ecfa895d
ACTION SNIPPET 1200 488 SNIPPET_NOT_RELEVANT 1c1e4ff96daf52d543d22e26e7a024ce
ACTION SNIPPET 1200 488 SNIPPET_NOT_RELEVANT c61dcb35b101a510551ee0847e887598
ACTION SNIPPET 1200 488 SNIPPET_NOT_RELEVANT c86225fbd3c2076a15adf457095970b6
ACTION SNIPPET 1200 488 SNIPPET_NOT_RELEVANT e3f98e030d06908bd0d7ca79fa4e097b
ACTION SNIPPET 1200 488 SNIPPET_NOT_RELEVANT af25b28eb1a9b4bdc11738da7daca3b8
ACTION SNIPPET 1200 488 SNIPPET_NOT_RELEVANT b82055701f8d0c6fe19bf9ee1f35d465
ACTION SNIPPET 1200 488 SNIPPET_NOT_RELEVANT 73999a104a609ca33da1b4804019fc15
ACTION SNIPPET 1200 488 SNIPPET_NOT_RELEVANT 3645296cb2ac001f544656bca477439d
ACTION SNIPPET 1200 488 SNIPPET_NOT_RELEVANT 42a1cbc50a30baa30793ac721341785d
ACTION SNIPPET 1200 488 SNIPPET_NOT_RELEVANT 564fd99f0107d1153f64bf0daac71e01
ACTION SNIPPET 1200 488 SNIPPET_NOT_RELEVANT d268ae26-165a-11e7-9e4f-09aa75d3ec57
ACTION SNIPPET 1200 488 SNIPPET_NOT_RELEVANT 5ecff8529588de03c16bfed3b2baf2c6
ACTION SNIPPET 1200 488 SNIPPET_NOT_RELEVANT 447adbc41f1e7a8c1bdf95f6af078afa
ACTION SNIPPET 1200 488 SNIPPET_NOT_RELEVANT 08e1ad76eaf2fbd58b66d43f797bed6e
ACTION SNIPPET 1200 488 SNIPPET_NOT_RELEVANT 161e7618-ae6f-11e1-80eb-46875d0c7789
ACTION SNIPPET 1200 488 SNIPPET_NOT_RELEVANT ffecda5be38f81b6f0f977120cf9c21e
ACTION SNIPPET 1200 488 SNIPPET_NOT_RELEVANT f4375ccddae09df014f998651b1bc52d
ACTION SNIPPET 1200 488 SNIPPET_NOT_RELEVANT e421813e5c7645286458ab0130ee7468
ACTION SNIPPET 1200 488 SNIPPET_NOT_RELEVANT 9a244aa23882df7d9251af6a064b815c
ACTION SNIPPET 1200 488 SNIPPET_NOT_RELEVANT fed2a4015d558d73ac7fb999a54e36b3
ACTION SNIPPET 1200 488 SNIPPET_NOT_RELEVANT e66bc7e4-418a-11e3-b028-de922d7a3f47
ACTION SNIPPET 1200 488 SNIPPET_NOT_RELEVANT 43a88446c6367175792d077b12aaecc8
ACTION SNIPPET 1200 488 SNIPPET_NOT_RELEVANT 390819618eb5ed31c90b7ac94e22b1bd
ACTION SNIPPET 1200 488 SNIPPET_RELEVANT 0a378bae-7833-11e1-b191-2d5f686e7ff4
ACTION DOC 1200 508 EXAMINING_DOCUMENT 0a378bae-7833-11e1-b191-2d5f686e7ff4
ACTION MARK 1200 511 CONSIDERED_RELEVANT 0a378bae-7833-11e1-b191-2d5f686e7ff4
ACTION SNIPPET 1200 511 SNIPPET_NOT_RELEVANT 8f83cf4199a03ae020912b5c58bbc907
ACTION SNIPPET 1200 511 SNIPPET_NOT_RELEVANT 995f27df1ff0d613b3ab6195e83da814
ACTION SNIPPET 1200 511 SNIPPET_NOT_RELEVANT 1122ee88cb7d80422a06070bd34b0028
ACTION SNIPPET 1200 511 SNIPPET_NOT_RELEVANT 4ad2291e6356e6de39fb4cbb3def5967
ACTION SNIPPET 1200 511 SNIPPET_NOT_RELEVANT e6c1c80a666366faf96da4d8e59a56d6
ACTION SNIPPET 1200 511 SNIPPET_NOT_RELEVANT add8d3bc748cc59360a934963de9e585
ACTION SNIPPET 1200 511 SNIPPET_NOT_RELEVANT 2ae2d1ae-65db-11e4-bb14-4cfea1e742d5
ACTION SNIPPET 1200 511 SNIPPET_NOT_RELEVANT 4a3b27590a3c77933f0d8c6235043b11
ACTION SNIPPET 1200 511 SNIPPET_NOT_RELEVANT dc6a5b97a4a5257791447fdeee2da0d4
ACTION SNIPPET 1200 511 SNIPPET_NOT_RELEVANT 095705f8eba3e044d2d8d1ac8e3648c3
ACTION SNIPPET 1200 511 SNIPPET_NOT_RELEVANT 752530fa10c9daacd1c3bca648c8a7ba
ACTION SNIPPET 1200 511 SNIPPET_NOT_RELEVANT a421c1bc-8844-11e3-a5bd-844629433ba3
ACTION SNIPPET 1200 511 SNIPPET_NOT_RELEVANT 4df9ef6b6024fff944fe1df5392ea6c3
ACTION SNIPPET 1200 511 SNIPPET_NOT_RELEVANT f68256488352b81a2a819971ee235619
ACTION SNIPPET 1200 511 SNIPPET_NOT_RELEVANT 2627cd121e63d259f0e4b1f0e6054d76
ACTION SNIPPET 1200 511 SNIPPET_NOT_RELEVANT 2e83e427c8c23f8ac1e7691499a59128
ACTION SNIPPET 1200 511 SNIPPET_NOT_RELEVANT 736e71601acda617213c9112eaa13b79
ACTION SNIPPET 1200 511 SNIPPET_NOT_RELEVANT f9f76738b4895bb03ad0708640eb61d1
ACTION SNIPPET 1200 511 SNIPPET_NOT_RELEVANT 70e032eec90ebd9130aa4470369eeddf
ACTION SNIPPET 1200 511 SNIPPET_NOT_RELEVANT 1f11f669cc01f7fbaa1eecca623fa4a1
ACTION SNIPPET 1200 511 SNIPPET_NOT_RELEVANT 1081223bdd5e52cf5f80c0151cc0915f
ACTION SNIPPET 1200 511 SNIPPET_NOT_RELEVANT d653e2bcad0ed07ff7326b412fd02e33
ACTION SNIPPET 1200 511 SNIPPET_NOT_RELEVANT bcfd4f2ce3de28cd5b2cf20163f3e2a9
ACTION SNIPPET 1200 511 SNIPPET_NOT_RELEVANT 24a87c48-9df6-11e2-9a79-eb5280c81c63
ACTION SNIPPET 1200 511 SNIPPET_NOT_RELEVANT 37a518d1715af496d20f29228ac12ddc
ACTION SNIPPET 1200 511 SNIPPET_NOT_RELEVANT 33114fc60dd793d32a3937b6a07fc459
ACTION SNIPPET 1200 511 SNIPPET_NOT_RELEVANT 190be2f3c8e143f6e285113e98871f70
ACTION SNIPPET 1200 511 SNIPPET_NOT_RELEVANT a91e820e465db0c01d1a2057454972ba
ACTION SNIPPET 1200 511 SNIPPET_NOT_RELEVANT 5aedf44a-4c3f-11e1-8fca-c9a169528fe4
ACTION SNIPPET 1200 511 SNIPPET_NOT_RELEVANT 6a480e69d8163c2e9724faeaee935563
ACTION SNIPPET 1200 511 SNIPPET_NOT_RELEVANT 16692168cba2904c6c1c61014d716457
ACTION SNIPPET 1200 511 SNIPPET_NOT_RELEVANT 4715cb5ce837bcbd7103c5ca5ecfbcd6
ACTION SNIPPET 1200 511 SNIPPET_NOT_RELEVANT 8c64ffc5c4ee800c2826cddbed793ac4
ACTION SNIPPET 1200 511 SNIPPET_NOT_RELEVANT 24cf25e1-8001-4c80-b277-5f5c6f10cdfa
ACTION SNIPPET 1200 511 SNIPPET_NOT_RELEVANT ff1cba235d30963d494f68b15338d780
ACTION SNIPPET 1200 511 SNIPPET_NOT_RELEVANT dc14cfc8-f8bf-11e4-a13c-193b1241d51a
ACTION SNIPPET 1200 511 SNIPPET_NOT_RELEVANT f01eefaa-d026-11e5-b2bc-988409ee911b
ACTION SNIPPET 1200 511 SNIPPET_NOT_RELEVANT 41233dda-b6c8-11e4-bc30-a4e75503948a
ACTION SNIPPET 1200 511 SNIPPET_NOT_RELEVANT 6f36ac62-2822-11e6-ae4a-3cdd5fe74204
ACTION SNIPPET 1200 511 SNIPPET_NOT_RELEVANT 1a41717a63371d54bfb2ea0e3b5f3df2
ACTION SNIPPET 1200 511 SNIPPET_NOT_RELEVANT 2e96c3902a5ebb46f36f110b4de016d9
ACTION SNIPPET 1200 511 SNIPPET_NOT_RELEVANT 3b94b9ea44830d0cafb2b205da777e8c
ACTION SNIPPET 1200 511 SNIPPET_NOT_RELEVANT 87f23eba-d843-11e2-a016-92547bf094cc
ACTION SNIPPET 1200 511 SNIPPET_NOT_RELEVANT d75fa3fe-adbc-11e2-8bf6-e70cb6ae066e
ACTION SNIPPET 1200 511 SNIPPET_NOT_RELEVANT 141b80008d5581b57a1015920a9a643c
ACTION SNIPPET 1200 511 SNIPPET_NOT_RELEVANT ed523bf0-6199-11e7-8adc-fea80e32bf47
ACTION SNIPPET 1200 511 SNIPPET_NOT_RELEVANT cdb9ec1b2c08360b2c1e67063366ac96
ACTION SNIPPET 1200 511 SNIPPET_NOT_RELEVANT 41d3be7a7f760a9880f63aa81a17813e
ACTION SNIPPET 1200 511 SNIPPET_NOT_RELEVANT 84c9c518e4710b86c95ee720b15c96ce
ACTION SNIPPET 1200 511 SNIPPET_NOT_RELEVANT 49f137246625fd75eeeb94d406a5ffef
ACTION SNIPPET 1200 511 SNIPPET_NOT_RELEVANT 628c3697df191c5af17b91bd25b16547
ACTION SNIPPET 1200 511 SNIPPET_NOT_RELEVANT 486ce98e71fd3a91136b87b164604817
ACTION SNIPPET 1200 511 SNIPPET_NOT_RELEVANT 462ab110-2290-11e2-92f8-7f9c4daf276a
ACTION SNIPPET 1200 511 SNIPPET_NOT_RELEVANT 438e5082-6176-11e6-84c1-6d27287896b5
ACTION SNIPPET 1200 511 SNIPPET_NOT_RELEVANT ee61eb00-8450-11e3-bbe5-6a2a3141e3a9
ACTION SNIPPET 1200 511 SNIPPET_NOT_RELEVANT 7886e164-12d3-11e2-9a39-1f5a7f6fe945
ACTION SNIPPET 1200 511 SNIPPET_NOT_RELEVANT 5529c28e-c079-11e5-83d4-42e3bceea902
ACTION SNIPPET 1200 511 SNIPPET_NOT_RELEVANT 02e5badade511d9db9c3756049efc8b8
ACTION SNIPPET 1200 511 SNIPPET_NOT_RELEVANT 8a230624-9fcc-11e2-82bc-511538ae90a4
ACTION SNIPPET 1200 511 SNIPPET_NOT_RELEVANT d9b528f3259377591aed532bd149d3f7
ACTION SNIPPET 1200 511 SNIPPET_NOT_RELEVANT b1592e36-5292-11e6-b7de-dfe509430c39
ACTION SNIPPET 1200 511 SNIPPET_NOT_RELEVANT 52c0f768351092bb431615c909d716b0
ACTION SNIPPET 1200 511 SNIPPET_NOT_RELEVANT 85ad92b9f1568614fc04314b799a113d
ACTION SNIPPET 1200 511 SNIPPET_NOT_RELEVANT c3b389ace2adf85e0285664f749d7d6f
ACTION SNIPPET 1200 511 SNIPPET_NOT_RELEVANT 24a68fc75590a8608ca5054beb980027
ACTION SNIPPET 1200 511 SNIPPET_NOT_RELEVANT c6d79a07f0f251d87749f494f0470bc4
ACTION SNIPPET 1200 511 SNIPPET_NOT_RELEVANT 6482f2902695dd139d43863203ab6dab
ACTION SNIPPET 1200 511 SNIPPET_NOT_RELEVANT 04a703080c99f37b800f80ba4b90f99e
ACTION SNIPPET 1200 511 SNIPPET_NOT_RELEVANT 0e3c1488-333a-11e6-8ff7-7b6c1998b7a0
INFO SERP_END_REACHED 
ACTION QUERY 1200 521 sexism in politics
ACTION SERP 1200 526 EXAMINE_SERP
ACTION SNIPPET 1200 526 SNIPPET_NOT_RELEVANT cb45bc325d07d5dedabd58fa0877cff2
ACTION SNIPPET 1200 526 SNIPPET_NOT_RELEVANT 13aa4b8de97943e06ac5383426c876e3
ACTION SNIPPET 1200 526 SNIPPET_NOT_RELEVANT 9ae697b40a12e01e8effd678b0dfa293
ACTION SNIPPET 1200 526 SNIPPET_NOT_RELEVANT 6caa385e6b9f6ae0e1663a77638690a1
ACTION SNIPPET 1200 526 SNIPPET_NOT_RELEVANT bf609372f8aa67752f3c79f7d1eb5c4e
ACTION SNIPPET 1200 526 SNIPPET_NOT_RELEVANT e92f245b0ccc4717fc1823793eff380e
ACTION SNIPPET 1200 526 SNIPPET_NOT_RELEVANT a285f60c57dc87e23fa271b31ccd5bfe
ACTION SNIPPET 1200 526 SNIPPET_NOT_RELEVANT 1eace033015538243039cabee988c659
ACTION SNIPPET 1200 526 SNIPPET_NOT_RELEVANT 687a14586ffa0693b86af9f06c9e15c4
ACTION SNIPPET 1200 526 SNIPPET_NOT_RELEVANT 64ab965e6a93428b85865db82c0d03b7
ACTION SNIPPET 1200 526 SNIPPET_NOT_RELEVANT e1467dbd8074f8205a4d485e017f1ba7
ACTION SNIPPET 1200 526 SNIPPET_NOT_RELEVANT 7fa2774b84f77c99629905bd7c45e804
ACTION SNIPPET 1200 526 SNIPPET_NOT_RELEVANT 88aca87998741d8d5d5e9337904d0950
ACTION SNIPPET 1200 526 SNIPPET_NOT_RELEVANT e43de3d8c86e84c8660f740a34e3f244
ACTION SNIPPET 1200 526 SNIPPET_NOT_RELEVANT f26da24c-4b3b-11e7-9669-250d0b15f83b
ACTION SNIPPET 1200 526 SNIPPET_NOT_RELEVANT 0b7c4226e3e1401f4ff85f3cc7a7f04a
ACTION SNIPPET 1200 526 SNIPPET_NOT_RELEVANT 94f0f1a42de22faa8ad0a51dff4157fe
ACTION SNIPPET 1200 526 SNIPPET_NOT_RELEVANT a997692d73c825d0ab030dd7d9c88936
ACTION SNIPPET 1200 526 SNIPPET_NOT_RELEVANT 832551f4cfa2b2d41c20e446c6bf808a
ACTION SNIPPET 1200 526 SNIPPET_NOT_RELEVANT ff3139ae5c538391d6b66887bcb87715
ACTION SNIPPET 1200 526 SNIPPET_NOT_RELEVANT 6cabb3871e8bdb9926d3e5b421fbeb3a
ACTION SNIPPET 1200 526 SNIPPET_NOT_RELEVANT ee9ff15d8e98016c17419e62bebd44a3
ACTION SNIPPET 1200 526 SNIPPET_NOT_RELEVANT 9a18e833702a4725d9c3ffae757b843e
ACTION SNIPPET 1200 526 SNIPPET_NOT_RELEVANT 8e2e0348d67b59581466d4e1ea4d5212
ACTION SNIPPET 1200 526 SNIPPET_NOT_RELEVANT 6ff7774efe4fae31e3cf42d3546a0d2f
ACTION SNIPPET 1200 526 SNIPPET_NOT_RELEVANT f240cdefb0e2c42e1c64234611ce9324
ACTION SNIPPET 1200 526 SNIPPET_NOT_RELEVANT df1b85ed54aed429ce52fe498f9d219b
ACTION SNIPPET 1200 526 SNIPPET_NOT_RELEVANT d28cd58ddd73a90bb2a9d6d32ad42611
ACTION SNIPPET 1200 526 SNIPPET_NOT_RELEVANT 2e7574e42b7ee234d2f0dabeac6962ce
ACTION SNIPPET 1200 526 SNIPPET_NOT_RELEVANT 2ea6c42f250e0ef21d81b31831d89dd3
ACTION SNIPPET 1200 526 SNIPPET_NOT_RELEVANT 65cee6870dcd36c28ddae63539da3b97
ACTION SNIPPET 1200 526 SNIPPET_NOT_RELEVANT 2130d75cf164e20291bc2f7941b51936
ACTION SNIPPET 1200 526 SNIPPET_NOT_RELEVANT 75c17aa65c16eda87135a76d6a4ef38e
ACTION SNIPPET 1200 526 SNIPPET_NOT_RELEVANT 6b97a8b2fb550d33031be8c8f8a9b60f
ACTION SNIPPET 1200 526 SNIPPET_NOT_RELEVANT 66bc6b65307d33f1a2ef06e3b46b0de0
ACTION SNIPPET 1200 526 SNIPPET_NOT_RELEVANT 894246634bcf161c31c66ceb99575be4
ACTION SNIPPET 1200 526 SNIPPET_NOT_RELEVANT fd6c07e346729674034a59f2a2ae9005
ACTION SNIPPET 1200 526 SNIPPET_NOT_RELEVANT feb93986-3a6e-11e2-8a97-363b0f9a0ab3
ACTION SNIPPET 1200 526 SNIPPET_NOT_RELEVANT a4d23c3f321c29c8666e67e9525b63d1
ACTION SNIPPET 1200 526 SNIPPET_NOT_RELEVANT 29f2a99e-615d-11e5-9757-e49273f05f65
ACTION SNIPPET 1200 526 SNIPPET_NOT_RELEVANT ee61eb00-8450-11e3-bbe5-6a2a3141e3a9
ACTION SNIPPET 1200 526 SNIPPET_NOT_RELEVANT 0847695aab467889243910d22df56338
ACTION SNIPPET 1200 526 SNIPPET_NOT_RELEVANT 405c55fd662aa0f9b4ae42cc3a9ec0de
ACTION SNIPPET 1200 526 SNIPPET_NOT_RELEVANT 190be2f3c8e143f6e285113e98871f70
ACTION SNIPPET 1200 526 SNIPPET_NOT_RELEVANT b119690e63723021daaf3c3e2f4a8261
ACTION SNIPPET 1200 526 SNIPPET_NOT_RELEVANT 31ee7b695d682e23d3d72e1f866c98df
ACTION SNIPPET 1200 526 SNIPPET_NOT_RELEVANT ff7c4a460ee520cd3a43714e1fca3abd
ACTION SNIPPET 1200 526 SNIPPET_NOT_RELEVANT 26bf66941d03ab9fa8c5ebf98dd2768a
ACTION SNIPPET 1200 526 SNIPPET_NOT_RELEVANT 57ede61e-5e16-11e5-8475-781cc9851652
ACTION SNIPPET 1200 526 SNIPPET_NOT_RELEVANT 35054836993c1d05286cd8f516e0b83e
ACTION SNIPPET 1200 526 SNIPPET_NOT_RELEVANT 1bc6e36425d39556804840b30f1253b9
ACTION SNIPPET 1200 526 SNIPPET_NOT_RELEVANT 24f69f37ee0c9d52fe64a34c96135799
ACTION SNIPPET 1200 526 SNIPPET_NOT_RELEVANT dfd258908d8ef6895bffd8bce63fac48
ACTION SNIPPET 1200 526 SNIPPET_NOT_RELEVANT 9009785c-49e3-11e5-9f53-d1e3ddfd0cda
ACTION SNIPPET 1200 526 SNIPPET_NOT_RELEVANT af25b28eb1a9b4bdc11738da7daca3b8
ACTION SNIPPET 1200 526 SNIPPET_NOT_RELEVANT b82055701f8d0c6fe19bf9ee1f35d465
ACTION SNIPPET 1200 526 SNIPPET_NOT_RELEVANT 937523af99fc38477a55f7590c2f7b65
ACTION SNIPPET 1200 526 SNIPPET_NOT_RELEVANT 9cb99e9e-2f98-11e4-bb9b-997ae96fad33
ACTION SNIPPET 1200 526 SNIPPET_NOT_RELEVANT 10eacd6f12af11e7010757bf0eed7f4b
ACTION SNIPPET 1200 526 SNIPPET_NOT_RELEVANT c2a74843fc9ab8ff4aaec48005d07a9e
ACTION SNIPPET 1200 526 SNIPPET_NOT_RELEVANT 5cb1132c-52cc-11e7-91eb-9611861a988f
ACTION SNIPPET 1200 526 SNIPPET_NOT_RELEVANT cb2216ca-e226-11e5-8c00-8aa03741dced
ACTION SNIPPET 1200 526 SNIPPET_NOT_RELEVANT e2526ec4ed76309eb7a5b35a0b5c1c9e
ACTION SNIPPET 1200 526 SNIPPET_NOT_RELEVANT 8705d4659815ef5e670235a5e48ec685
ACTION SNIPPET 1200 526 SNIPPET_NOT_RELEVANT 52b85222e4f4f2cb2a2d4fab4802f207
ACTION SNIPPET 1200 526 SNIPPET_NOT_RELEVANT 3b46bee0fe381030fbacde60748ed6de
ACTION SNIPPET 1200 526 SNIPPET_NOT_RELEVANT 5fca9dd11ba720c18f639121b2462a6a
ACTION SNIPPET 1200 526 SNIPPET_NOT_RELEVANT 91580e18dd0f796d96a7729438997684
ACTION SNIPPET 1200 526 SNIPPET_NOT_RELEVANT 056123d95abc85910371e5d4fd8dff63
ACTION SNIPPET 1200 526 SNIPPET_NOT_RELEVANT 41c8e6f064dd4a2ba0409ff658c245e8
ACTION SNIPPET 1200 526 SNIPPET_NOT_RELEVANT e37999939914e45f9f12c905ca735ee1
ACTION SNIPPET 1200 526 SNIPPET_NOT_RELEVANT 273a29ce28f5bc728495762c8816e7f7
ACTION SNIPPET 1200 526 SNIPPET_NOT_RELEVANT fd009098fe01e45fd7332e4a4d5c6dc2
ACTION SNIPPET 1200 526 SNIPPET_NOT_RELEVANT 515c0dd439fec69bca1db40ddfaf17e3
ACTION SNIPPET 1200 526 SNIPPET_NOT_RELEVANT ec95c12ce2eda733d4399d75cae2df05
ACTION SNIPPET 1200 526 SNIPPET_NOT_RELEVANT 1a083b56b1bd0283b5b0460275d4eddd
ACTION SNIPPET 1200 526 SNIPPET_NOT_RELEVANT d8bcd34cac69c9bec076304e5bd8ce36
ACTION SNIPPET 1200 526 SNIPPET_NOT_RELEVANT 06f2eece9accd95cee103edf2a9d6d80
ACTION SNIPPET 1200 526 SNIPPET_NOT_RELEVANT 4446ab397bdf8e550a391d4f8e533e2f
ACTION SNIPPET 1200 526 SNIPPET_NOT_RELEVANT 6b59c3a2c1b3f61389a12ce5e3263139
ACTION SNIPPET 1200 526 SNIPPET_NOT_RELEVANT 76b212881593ee47d12856987a1ede53
ACTION SNIPPET 1200 526 SNIPPET_NOT_RELEVANT 35b0a48c-c127-11e5-98c8-7fab78677d51
ACTION SNIPPET 1200 526 SNIPPET_NOT_RELEVANT c0e6c02877554586a1d9e0148bcbf669
ACTION SNIPPET 1200 526 SNIPPET_NOT_RELEVANT 75442c36c2d3062ba81880431fc897ee
ACTION SNIPPET 1200 526 SNIPPET_NOT_RELEVANT 950575716614325bb617673d4361f531
ACTION SNIPPET 1200 526 SNIPPET_NOT_RELEVANT c0c76670f5fa2f4ff7af7b67c1eaef9b
ACTION SNIPPET 1200 526 SNIPPET_NOT_RELEVANT 56389ba2d9cba4e3e04bc64757ba6d75
ACTION SNIPPET 1200 526 SNIPPET_NOT_RELEVANT 5bea24f82c66ebfed26b261784bac645
ACTION SNIPPET 1200 526 SNIPPET_NOT_RELEVANT 4638e197eb606a469b2282886cd94681
ACTION SNIPPET 1200 526 SNIPPET_NOT_RELEVANT ff23640c-c8e4-11e5-a7b2-5a2f824b02c9
ACTION SNIPPET 1200 526 SNIPPET_NOT_RELEVANT c1c9960af51efacc7841c27f8208b25d
ACTION SNIPPET 1200 526 SNIPPET_NOT_RELEVANT 22d3b54cc6a4da8ee26b1440a7a62325
ACTION SNIPPET 1200 526 SNIPPET_NOT_RELEVANT a0e265698f223f3ecc4ef558d4a6249f
ACTION SNIPPET 1200 526 SNIPPET_NOT_RELEVANT 1ea43f58e86fcad7fade8b609bd2d674
ACTION SNIPPET 1200 526 SNIPPET_NOT_RELEVANT 18519e6a6f04d223890e950138f6f73e
ACTION SNIPPET 1200 526 SNIPPET_NOT_RELEVANT 453b5b47a83119b1c4e3622a949f8274
ACTION SNIPPET 1200 526 SNIPPET_NOT_RELEVANT e12fd78d4e1684c96c568ab040738cd6
ACTION SNIPPET 1200 526 SNIPPET_NOT_RELEVANT 08644d76cb84e01c1b4f7c40c50822d6
ACTION SNIPPET 1200 526 SNIPPET_NOT_RELEVANT f41225223252da0269ee140a6acea753
ACTION SNIPPET 1200 526 SNIPPET_NOT_RELEVANT f0b443e5c1b93b04fc20dfe6af0de109
INFO SERP_END_REACHED 
INFO OUT_OF_QUERIES 
INFO SUMMARY 
INFO TOTAL_QUERIES_ISSUED 9
INFO TOTAL_SNIPPETS_EXAMINED 833
INFO TOTAL_DOCUMENTS_EXAMINED 17
INFO TOTAL_DOCUMENTS_MARKED_RELEVANT 17
INFO TOTAL_ATTRACTIVE_SERP_IMPRESSIONS 9
INFO TOTAL_UNATTRACTIVE_SERP_IMPRESSIONS 0
INFO TOTAL_TREC_RELEVANT_DOCS 17
INFO TOTAL_UNIQ_TREC_RELEVANT_DOCS 17
INFO PRECISION_TREC_RELEVANT_DOCS 1.0
