ACTION START 1200 0 START
ACTION QUERY 1200 10 tunnel disasters
ACTION SERP 1200 15 EXAMINE_SERP
ACTION SNIPPET 1200 15 SNIPPET_RELEVANT 4398c84e-81da-11e6-a52d-9a865a0ed0d4
ACTION DOC 1200 35 EXAMINING_DOCUMENT 4398c84e-81da-11e6-a52d-9a865a0ed0d4
ACTION MARK 1200 38 CONSIDERED_RELEVANT 4398c84e-81da-11e6-a52d-9a865a0ed0d4
ACTION SNIPPET 1200 38 SNIPPET_RELEVANT 61d983e5a1fe6acdaa6396cba48a1cdb
ACTION DOC 1200 58 EXAMINING_DOCUMENT 61d983e5a1fe6acdaa6396cba48a1cdb
ACTION SNIPPET 1200 58 SNIPPET_RELEVANT 60c539a6-9b2d-11e4-a7ee-526210d665b4
ACTION DOC 1200 78 EXAMINING_DOCUMENT 60c539a6-9b2d-11e4-a7ee-526210d665b4
ACTION MARK 1200 81 CONSIDERED_RELEVANT 60c539a6-9b2d-11e4-a7ee-526210d665b4
ACTION SNIPPET 1200 81 SNIPPET_RELEVANT da62e630-423f-11e7-8c25-44d09ff5a4a8
ACTION DOC 1200 101 EXAMINING_DOCUMENT da62e630-423f-11e7-8c25-44d09ff5a4a8
ACTION MARK 1200 104 CONSIDERED_RELEVANT da62e630-423f-11e7-8c25-44d09ff5a4a8
ACTION SNIPPET 1200 104 SNIPPET_RELEVANT 050aa508-a0e9-11e4-b146-577832eafcb4
ACTION DOC 1200 124 EXAMINING_DOCUMENT 050aa508-a0e9-11e4-b146-577832eafcb4
ACTION MARK 1200 127 CONSIDERED_RELEVANT 050aa508-a0e9-11e4-b146-577832eafcb4
ACTION SNIPPET 1200 127 SNIPPET_RELEVANT f1c0daae-3587-11e7-b412-62beef8121f7
ACTION DOC 1200 147 EXAMINING_DOCUMENT f1c0daae-3587-11e7-b412-62beef8121f7
ACTION QUERY 1200 157 tunnel accidents
ACTION SERP 1200 162 EXAMINE_SERP
ACTION SNIPPET 1200 162 SNIPPET_RELEVANT 2f965c6f567ebf4a4602219d9a77baae
ACTION DOC 1200 182 EXAMINING_DOCUMENT 2f965c6f567ebf4a4602219d9a77baae
ACTION MARK 1200 185 CONSIDERED_RELEVANT 2f965c6f567ebf4a4602219d9a77baae
ACTION SNIPPET 1200 185 SNIPPET_RELEVANT 3ac36cba005e8e635395f91e5e090621
ACTION DOC 1200 205 EXAMINING_DOCUMENT 3ac36cba005e8e635395f91e5e090621
ACTION MARK 1200 208 CONSIDERED_RELEVANT 3ac36cba005e8e635395f91e5e090621
ACTION SNIPPET 1200 208 SNIPPET_RELEVANT da7d4b3a49bafa2120bbe336fe529161
ACTION DOC 1200 228 EXAMINING_DOCUMENT da7d4b3a49bafa2120bbe336fe529161
ACTION MARK 1200 231 CONSIDERED_RELEVANT da7d4b3a49bafa2120bbe336fe529161
ACTION SNIPPET 1200 231 SNIPPET_RELEVANT e9e217d896890084d215dd3d47d674a8
ACTION DOC 1200 251 EXAMINING_DOCUMENT e9e217d896890084d215dd3d47d674a8
ACTION MARK 1200 254 CONSIDERED_RELEVANT e9e217d896890084d215dd3d47d674a8
ACTION SNIPPET 1200 254 SNIPPET_RELEVANT aeb4e3ec72dff943e1182842e5429b1e
ACTION DOC 1200 274 EXAMINING_DOCUMENT aeb4e3ec72dff943e1182842e5429b1e
ACTION MARK 1200 277 CONSIDERED_RELEVANT aeb4e3ec72dff943e1182842e5429b1e
ACTION QUERY 1200 287 tunnel fire incidents
ACTION SERP 1200 292 EXAMINE_SERP
ACTION SNIPPET 1200 292 SNIPPET_RELEVANT 8920ce188b7335be041393d274319c4a
ACTION DOC 1200 312 EXAMINING_DOCUMENT 8920ce188b7335be041393d274319c4a
ACTION MARK 1200 315 CONSIDERED_RELEVANT 8920ce188b7335be041393d274319c4a
ACTION SNIPPET 1200 315 SNIPPET_RELEVANT 9f7149ec-5c6b-11e5-b38e-06883aacba64
ACTION DOC 1200 335 EXAMINING_DOCUMENT 9f7149ec-5c6b-11e5-b38e-06883aacba64
ACTION MARK 1200 338 CONSIDERED_RELEVANT 9f7149ec-5c6b-11e5-b38e-06883aacba64
ACTION SNIPPET 1200 338 SNIPPET_RELEVANT e18a0e2e-d760-11e6-9a36-1d296534b31e
ACTION DOC 1200 358 EXAMINING_DOCUMENT e18a0e2e-d760-11e6-9a36-1d296534b31e
ACTION MARK 1200 361 CONSIDERED_RELEVANT e18a0e2e-d760-11e6-9a36-1d296534b31e
ACTION SNIPPET 1200 361 SNIPPET_RELEVANT ad4a61d0-a252-11e4-903f-9f2faf7cd9fe
ACTION DOC 1200 381 EXAMINING_DOCUMENT ad4a61d0-a252-11e4-903f-9f2faf7cd9fe
ACTION MARK 1200 384 CONSIDERED_RELEVANT ad4a61d0-a252-11e4-903f-9f2faf7cd9fe
ACTION SNIPPET 1200 384 SNIPPET_RELEVANT eb65241e-1bfb-11e5-93b7-5eddc056ad8a
ACTION DOC 1200 404 EXAMINING_DOCUMENT eb65241e-1bfb-11e5-93b7-5eddc056ad8a
ACTION MARK 1200 407 CONSIDERED_RELEVANT eb65241e-1bfb-11e5-93b7-5eddc056ad8a
ACTION QUERY 1200 417 transportation tunnel accidents
ACTION SERP 1200 422 EXAMINE_SERP
ACTION SNIPPET 1200 422 SNIPPET_RELEVANT 2749aae3338d144ae90ef04e943075f5
ACTION DOC 1200 442 EXAMINING_DOCUMENT 2749aae3338d144ae90ef04e943075f5
ACTION SNIPPET 1200 442 SNIPPET_RELEVANT 943064d92e4caef2acbe55c513ce77fa
ACTION DOC 1200 462 EXAMINING_DOCUMENT 943064d92e4caef2acbe55c513ce77fa
ACTION MARK 1200 465 CONSIDERED_RELEVANT 943064d92e4caef2acbe55c513ce77fa
ACTION SNIPPET 1200 465 SNIPPET_RELEVANT 6aa768ab1d57fa7753a98db6edd13fd5
ACTION DOC 1200 485 EXAMINING_DOCUMENT 6aa768ab1d57fa7753a98db6edd13fd5
ACTION MARK 1200 488 CONSIDERED_RELEVANT 6aa768ab1d57fa7753a98db6edd13fd5
ACTION SNIPPET 1200 488 SNIPPET_RELEVANT 010c781c-0ecd-11e5-a0dc-2b6f404ff5cf
ACTION DOC 1200 508 EXAMINING_DOCUMENT 010c781c-0ecd-11e5-a0dc-2b6f404ff5cf
ACTION MARK 1200 511 CONSIDERED_RELEVANT 010c781c-0ecd-11e5-a0dc-2b6f404ff5cf
ACTION SNIPPET 1200 511 SNIPPET_RELEVANT 47983f4dff9f6ca0274fef214d317174
ACTION DOC 1200 531 EXAMINING_DOCUMENT 47983f4dff9f6ca0274fef214d317174
ACTION SNIPPET 1200 531 SNIPPET_RELEVANT adb47363a41ba8affbe016cb84d0e474
ACTION DOC 1200 551 EXAMINING_DOCUMENT adb47363a41ba8affbe016cb84d0e474
ACTION QUERY 1200 561 tunnel fire accidents
ACTION SERP 1200 566 EXAMINE_SERP
ACTION SNIPPET 1200 566 SEEN_PREVIOUSLY da7d4b3a49bafa2120bbe336fe529161
ACTION SNIPPET 1200 566 SEEN_PREVIOUSLY 6aa768ab1d57fa7753a98db6edd13fd5
ACTION SNIPPET 1200 566 SNIPPET_RELEVANT 88ae94a8-2c61-11e3-8ade-a1f23cda135e
ACTION DOC 1200 586 EXAMINING_DOCUMENT 88ae94a8-2c61-11e3-8ade-a1f23cda135e
ACTION MARK 1200 589 CONSIDERED_RELEVANT 88ae94a8-2c61-11e3-8ade-a1f23cda135e
ACTION SNIPPET 1200 589 SNIPPET_RELEVANT 4abed1fa-2de0-11e3-8ade-a1f23cda135e
ACTION DOC 1200 609 EXAMINING_DOCUMENT 4abed1fa-2de0-11e3-8ade-a1f23cda135e
ACTION MARK 1200 612 CONSIDERED_RELEVANT 4abed1fa-2de0-11e3-8ade-a1f23cda135e
ACTION SNIPPET 1200 612 SEEN_PREVIOUSLY 2f965c6f567ebf4a4602219d9a77baae
ACTION SNIPPET 1200 612 SNIPPET_RELEVANT 6de5f6de-b3a6-11e4-886b-c22184f27c35
ACTION DOC 1200 632 EXAMINING_DOCUMENT 6de5f6de-b3a6-11e4-886b-c22184f27c35
ACTION MARK 1200 635 CONSIDERED_RELEVANT 6de5f6de-b3a6-11e4-886b-c22184f27c35
ACTION SNIPPET 1200 635 SNIPPET_RELEVANT cc8b7d07b9fcfd177a75ce1f514487e4
ACTION DOC 1200 655 EXAMINING_DOCUMENT cc8b7d07b9fcfd177a75ce1f514487e4
ACTION MARK 1200 658 CONSIDERED_RELEVANT cc8b7d07b9fcfd177a75ce1f514487e4
ACTION SNIPPET 1200 658 SNIPPET_RELEVANT 44d6b082-2f70-11e3-9ccc-2252bdb14df5
ACTION DOC 1200 678 EXAMINING_DOCUMENT 44d6b082-2f70-11e3-9ccc-2252bdb14df5
ACTION MARK 1200 681 CONSIDERED_RELEVANT 44d6b082-2f70-11e3-9ccc-2252bdb14df5
ACTION QUERY 1200 691 transportation tunnel fires
ACTION SERP 1200 696 EXAMINE_SERP
ACTION SNIPPET 1200 696 SNIPPET_RELEVANT bbdf300826cb72a5da1ea006bd7f072a
ACTION DOC 1200 716 EXAMINING_DOCUMENT bbdf300826cb72a5da1ea006bd7f072a
ACTION SNIPPET 1200 716 SEEN_PREVIOUSLY 9f7149ec-5c6b-11e5-b38e-06883aacba64
ACTION SNIPPET 1200 716 SNIPPET_RELEVANT 420f8dee-b398-11e4-827f-93f454140e2b
ACTION DOC 1200 736 EXAMINING_DOCUMENT 420f8dee-b398-11e4-827f-93f454140e2b
ACTION MARK 1200 739 CONSIDERED_RELEVANT 420f8dee-b398-11e4-827f-93f454140e2b
ACTION SNIPPET 1200 739 SNIPPET_RELEVANT a25a286c-eaf6-11e5-b0fd-073d5930a7b7
ACTION DOC 1200 759 EXAMINING_DOCUMENT a25a286c-eaf6-11e5-b0fd-073d5930a7b7
ACTION MARK 1200 762 CONSIDERED_RELEVANT a25a286c-eaf6-11e5-b0fd-073d5930a7b7
ACTION SNIPPET 1200 762 SNIPPET_RELEVANT c9809f40-4fb0-11e3-9e2c-e1d01116fd98
ACTION DOC 1200 782 EXAMINING_DOCUMENT c9809f40-4fb0-11e3-9e2c-e1d01116fd98
ACTION MARK 1200 785 CONSIDERED_RELEVANT c9809f40-4fb0-11e3-9e2c-e1d01116fd98
ACTION SNIPPET 1200 785 SNIPPET_RELEVANT 9ed1237e-9c2f-11e4-bcfb-059ec7a93ddc
ACTION DOC 1200 805 EXAMINING_DOCUMENT 9ed1237e-9c2f-11e4-bcfb-059ec7a93ddc
ACTION MARK 1200 808 CONSIDERED_RELEVANT 9ed1237e-9c2f-11e4-bcfb-059ec7a93ddc
ACTION SNIPPET 1200 808 SEEN_PREVIOUSLY ad4a61d0-a252-11e4-903f-9f2faf7cd9fe
ACTION SNIPPET 1200 808 SNIPPET_RELEVANT bbad8c6592a132768f230c6cfda233ab
ACTION DOC 1200 828 EXAMINING_DOCUMENT bbad8c6592a132768f230c6cfda233ab
ACTION MARK 1200 831 CONSIDERED_RELEVANT bbad8c6592a132768f230c6cfda233ab
ACTION QUERY 1200 841 metro tunnel disasters
ACTION SERP 1200 846 EXAMINE_SERP
ACTION SNIPPET 1200 846 SEEN_PREVIOUSLY 4398c84e-81da-11e6-a52d-9a865a0ed0d4
ACTION SNIPPET 1200 846 SEEN_PREVIOUSLY 60c539a6-9b2d-11e4-a7ee-526210d665b4
ACTION SNIPPET 1200 846 SEEN_PREVIOUSLY da62e630-423f-11e7-8c25-44d09ff5a4a8
ACTION SNIPPET 1200 846 SEEN_PREVIOUSLY 050aa508-a0e9-11e4-b146-577832eafcb4
ACTION SNIPPET 1200 846 SNIPPET_RELEVANT db8d3474-1ab0-11e5-ab92-c75ae6ab94b5
ACTION DOC 1200 866 EXAMINING_DOCUMENT db8d3474-1ab0-11e5-ab92-c75ae6ab94b5
ACTION MARK 1200 869 CONSIDERED_RELEVANT db8d3474-1ab0-11e5-ab92-c75ae6ab94b5
ACTION SNIPPET 1200 869 SNIPPET_RELEVANT a435f21ab36d7b6bc8edcdc27ad2e17f
ACTION DOC 1200 889 EXAMINING_DOCUMENT a435f21ab36d7b6bc8edcdc27ad2e17f
ACTION MARK 1200 892 CONSIDERED_RELEVANT a435f21ab36d7b6bc8edcdc27ad2e17f
ACTION SNIPPET 1200 892 SEEN_PREVIOUSLY eb65241e-1bfb-11e5-93b7-5eddc056ad8a
ACTION SNIPPET 1200 892 SNIPPET_RELEVANT 2f6f275e-dfe2-11e5-8d98-4b3d9215ade1
ACTION DOC 1200 912 EXAMINING_DOCUMENT 2f6f275e-dfe2-11e5-8d98-4b3d9215ade1
ACTION SNIPPET 1200 912 SNIPPET_RELEVANT 48bb8f5c-a49e-11e4-a06b-9df2002b86a0
ACTION DOC 1200 932 EXAMINING_DOCUMENT 48bb8f5c-a49e-11e4-a06b-9df2002b86a0
ACTION MARK 1200 935 CONSIDERED_RELEVANT 48bb8f5c-a49e-11e4-a06b-9df2002b86a0
ACTION SNIPPET 1200 935 SNIPPET_RELEVANT f34b7bd8004c900a605cdc9d353bac8c
ACTION DOC 1200 955 EXAMINING_DOCUMENT f34b7bd8004c900a605cdc9d353bac8c
ACTION SNIPPET 1200 955 SNIPPET_RELEVANT 504a8268-da3b-11e5-925f-1d10062cc82d
ACTION DOC 1200 975 EXAMINING_DOCUMENT 504a8268-da3b-11e5-925f-1d10062cc82d
ACTION QUERY 1200 985 metro train disasters
ACTION SERP 1200 990 EXAMINE_SERP
ACTION SNIPPET 1200 990 SNIPPET_RELEVANT c0afe0b6-0f98-11e5-adec-e82f8395c032
ACTION DOC 1200 1010 EXAMINING_DOCUMENT c0afe0b6-0f98-11e5-adec-e82f8395c032
ACTION MARK 1200 1013 CONSIDERED_RELEVANT c0afe0b6-0f98-11e5-adec-e82f8395c032
ACTION SNIPPET 1200 1013 SEEN_PREVIOUSLY da62e630-423f-11e7-8c25-44d09ff5a4a8
ACTION SNIPPET 1200 1013 SNIPPET_RELEVANT d6969ee6-9c30-11e4-96cc-e858eba91ced
ACTION DOC 1200 1033 EXAMINING_DOCUMENT d6969ee6-9c30-11e4-96cc-e858eba91ced
ACTION MARK 1200 1036 CONSIDERED_RELEVANT d6969ee6-9c30-11e4-96cc-e858eba91ced
ACTION SNIPPET 1200 1036 SEEN_PREVIOUSLY 60c539a6-9b2d-11e4-a7ee-526210d665b4
ACTION SNIPPET 1200 1036 SNIPPET_RELEVANT 1c01538c-b6e8-11e4-a200-c008a01a6692
ACTION DOC 1200 1056 EXAMINING_DOCUMENT 1c01538c-b6e8-11e4-a200-c008a01a6692
ACTION SNIPPET 1200 1056 SEEN_PREVIOUSLY 050aa508-a0e9-11e4-b146-577832eafcb4
ACTION SNIPPET 1200 1056 SEEN_PREVIOUSLY 4398c84e-81da-11e6-a52d-9a865a0ed0d4
ACTION SNIPPET 1200 1056 SNIPPET_RELEVANT 5d3a47fc3802db2a6476f8143baa7f36
ACTION DOC 1200 1076 EXAMINING_DOCUMENT 5d3a47fc3802db2a6476f8143baa7f36
ACTION MARK 1200 1079 CONSIDERED_RELEVANT 5d3a47fc3802db2a6476f8143baa7f36
ACTION SNIPPET 1200 1079 SNIPPET_RELEVANT 1624fe845d87b91f2298b98137784685
ACTION DOC 1200 1099 EXAMINING_DOCUMENT 1624fe845d87b91f2298b98137784685
ACTION MARK 1200 1102 CONSIDERED_RELEVANT 1624fe845d87b91f2298b98137784685
ACTION SNIPPET 1200 1102 SNIPPET_RELEVANT 293759c2-316b-11e5-97ae-30a30cca95d7
ACTION DOC 1200 1122 EXAMINING_DOCUMENT 293759c2-316b-11e5-97ae-30a30cca95d7
ACTION MARK 1200 1125 CONSIDERED_RELEVANT 293759c2-316b-11e5-97ae-30a30cca95d7
ACTION QUERY 1200 1135 tunnel fire disasters
ACTION SERP 1200 1140 EXAMINE_SERP
ACTION SNIPPET 1200 1140 SEEN_PREVIOUSLY 60c539a6-9b2d-11e4-a7ee-526210d665b4
ACTION SNIPPET 1200 1140 SEEN_PREVIOUSLY da62e630-423f-11e7-8c25-44d09ff5a4a8
ACTION SNIPPET 1200 1140 SEEN_PREVIOUSLY eb65241e-1bfb-11e5-93b7-5eddc056ad8a
ACTION SNIPPET 1200 1140 SEEN_PREVIOUSLY 48bb8f5c-a49e-11e4-a06b-9df2002b86a0
ACTION SNIPPET 1200 1140 SEEN_PREVIOUSLY a435f21ab36d7b6bc8edcdc27ad2e17f
ACTION SNIPPET 1200 1140 SNIPPET_RELEVANT 463d7bee-ad3d-11e4-ad71-7b9eba0f87d6
ACTION DOC 1200 1160 EXAMINING_DOCUMENT 463d7bee-ad3d-11e4-ad71-7b9eba0f87d6
ACTION MARK 1200 1163 CONSIDERED_RELEVANT 463d7bee-ad3d-11e4-ad71-7b9eba0f87d6
ACTION SNIPPET 1200 1163 SNIPPET_RELEVANT 4354d59c8716e8cada3e01167cbc6e1f
ACTION DOC 1200 1183 EXAMINING_DOCUMENT 4354d59c8716e8cada3e01167cbc6e1f
ACTION MARK 1200 1186 CONSIDERED_RELEVANT 4354d59c8716e8cada3e01167cbc6e1f
ACTION SNIPPET 1200 1186 SNIPPET_RELEVANT f0b5a92637ba6764237454233ec936d3
ACTION DOC 1200 1206 EXAMINING_DOCUMENT f0b5a92637ba6764237454233ec936d3
INFO SUMMARY 
INFO TOTAL_QUERIES_ISSUED 9
INFO TOTAL_SNIPPETS_EXAMINED 67
INFO TOTAL_DOCUMENTS_EXAMINED 48
INFO TOTAL_DOCUMENTS_MARKED_RELEVANT 38
INFO TOTAL_ATTRACTIVE_SERP_IMPRESSIONS 9
INFO TOTAL_UNATTRACTIVE_SERP_IMPRESSIONS 0
