ACTION START 1200 0 START
ACTION QUERY 1200 10 tunnel disasters transportation
ACTION SERP 1200 15 EXAMINE_SERP
ACTION SNIPPET 1200 15 SNIPPET_RELEVANT 60c539a6-9b2d-11e4-a7ee-526210d665b4
ACTION DOC 1200 35 EXAMINING_DOCUMENT 60c539a6-9b2d-11e4-a7ee-526210d665b4
ACTION MARK 1200 38 CONSIDERED_RELEVANT 60c539a6-9b2d-11e4-a7ee-526210d665b4
ACTION SNIPPET 1200 38 SNIPPET_RELEVANT 4398c84e-81da-11e6-a52d-9a865a0ed0d4
ACTION DOC 1200 58 EXAMINING_DOCUMENT 4398c84e-81da-11e6-a52d-9a865a0ed0d4
ACTION MARK 1200 61 CONSIDERED_RELEVANT 4398c84e-81da-11e6-a52d-9a865a0ed0d4
ACTION SNIPPET 1200 61 SNIPPET_NOT_RELEVANT 61d983e5a1fe6acdaa6396cba48a1cdb
ACTION SNIPPET 1200 61 SNIPPET_NOT_RELEVANT 2686c2d4-2b2c-11e5-bd33-395c05608059
ACTION SNIPPET 1200 61 SNIPPET_NOT_RELEVANT f34b7bd8004c900a605cdc9d353bac8c
ACTION SNIPPET 1200 61 SNIPPET_RELEVANT 050aa508-a0e9-11e4-b146-577832eafcb4
ACTION DOC 1200 81 EXAMINING_DOCUMENT 050aa508-a0e9-11e4-b146-577832eafcb4
ACTION MARK 1200 84 CONSIDERED_RELEVANT 050aa508-a0e9-11e4-b146-577832eafcb4
ACTION SNIPPET 1200 84 SNIPPET_NOT_RELEVANT 4b6b7f53d12e7b327c53eea0f41a67b2
ACTION SNIPPET 1200 84 SNIPPET_NOT_RELEVANT 19d1b0803c05919bcd72c6888d4c9a55
ACTION SNIPPET 1200 84 SNIPPET_RELEVANT 2f6f275e-dfe2-11e5-8d98-4b3d9215ade1
ACTION DOC 1200 104 EXAMINING_DOCUMENT 2f6f275e-dfe2-11e5-8d98-4b3d9215ade1
ACTION MARK 1200 107 CONSIDERED_RELEVANT 2f6f275e-dfe2-11e5-8d98-4b3d9215ade1
ACTION SNIPPET 1200 107 SNIPPET_RELEVANT da62e630-423f-11e7-8c25-44d09ff5a4a8
ACTION DOC 1200 127 EXAMINING_DOCUMENT da62e630-423f-11e7-8c25-44d09ff5a4a8
ACTION MARK 1200 130 CONSIDERED_RELEVANT da62e630-423f-11e7-8c25-44d09ff5a4a8
ACTION QUERY 1200 140 tunnel disasters occurred
ACTION SERP 1200 145 EXAMINE_SERP
ACTION SNIPPET 1200 145 SNIPPET_NOT_RELEVANT 2686c2d4-2b2c-11e5-bd33-395c05608059
ACTION SNIPPET 1200 145 SEEN_PREVIOUSLY 4398c84e-81da-11e6-a52d-9a865a0ed0d4
ACTION SNIPPET 1200 145 SNIPPET_NOT_RELEVANT 61d983e5a1fe6acdaa6396cba48a1cdb
ACTION SNIPPET 1200 145 SEEN_PREVIOUSLY 60c539a6-9b2d-11e4-a7ee-526210d665b4
ACTION SNIPPET 1200 145 SNIPPET_RELEVANT 4354d59c8716e8cada3e01167cbc6e1f
ACTION DOC 1200 165 EXAMINING_DOCUMENT 4354d59c8716e8cada3e01167cbc6e1f
ACTION MARK 1200 168 CONSIDERED_RELEVANT 4354d59c8716e8cada3e01167cbc6e1f
ACTION SNIPPET 1200 168 SNIPPET_RELEVANT a435f21ab36d7b6bc8edcdc27ad2e17f
ACTION DOC 1200 188 EXAMINING_DOCUMENT a435f21ab36d7b6bc8edcdc27ad2e17f
ACTION MARK 1200 191 CONSIDERED_RELEVANT a435f21ab36d7b6bc8edcdc27ad2e17f
ACTION SNIPPET 1200 191 SNIPPET_NOT_RELEVANT a7ffb0b2-1015-11e2-bd1a-b868e65d57eb
ACTION SNIPPET 1200 191 SNIPPET_RELEVANT 1c3f797e-1501-11e5-89f3-61410da94eb1
ACTION DOC 1200 211 EXAMINING_DOCUMENT 1c3f797e-1501-11e5-89f3-61410da94eb1
ACTION MARK 1200 214 CONSIDERED_RELEVANT 1c3f797e-1501-11e5-89f3-61410da94eb1
ACTION SNIPPET 1200 214 SNIPPET_RELEVANT eb65241e-1bfb-11e5-93b7-5eddc056ad8a
ACTION DOC 1200 234 EXAMINING_DOCUMENT eb65241e-1bfb-11e5-93b7-5eddc056ad8a
ACTION MARK 1200 237 CONSIDERED_RELEVANT eb65241e-1bfb-11e5-93b7-5eddc056ad8a
ACTION SNIPPET 1200 237 SNIPPET_RELEVANT d48eb4093509552f38231510d8d5de5b
ACTION DOC 1200 257 EXAMINING_DOCUMENT d48eb4093509552f38231510d8d5de5b
ACTION MARK 1200 260 CONSIDERED_RELEVANT d48eb4093509552f38231510d8d5de5b
ACTION QUERY 1200 270 tunnel disasters identifies
ACTION SERP 1200 275 EXAMINE_SERP
ACTION SNIPPET 1200 275 SNIPPET_NOT_RELEVANT 61d983e5a1fe6acdaa6396cba48a1cdb
ACTION SNIPPET 1200 275 SEEN_PREVIOUSLY 4398c84e-81da-11e6-a52d-9a865a0ed0d4
ACTION SNIPPET 1200 275 SEEN_PREVIOUSLY 60c539a6-9b2d-11e4-a7ee-526210d665b4
ACTION SNIPPET 1200 275 SNIPPET_RELEVANT 5f90e53a-f077-11e5-85a6-2132cf446d0a
ACTION DOC 1200 295 EXAMINING_DOCUMENT 5f90e53a-f077-11e5-85a6-2132cf446d0a
ACTION MARK 1200 298 CONSIDERED_RELEVANT 5f90e53a-f077-11e5-85a6-2132cf446d0a
ACTION SNIPPET 1200 298 SNIPPET_RELEVANT 9c491ad8-b21b-11e4-827f-93f454140e2b
ACTION DOC 1200 318 EXAMINING_DOCUMENT 9c491ad8-b21b-11e4-827f-93f454140e2b
ACTION MARK 1200 321 CONSIDERED_RELEVANT 9c491ad8-b21b-11e4-827f-93f454140e2b
ACTION SNIPPET 1200 321 SEEN_PREVIOUSLY d48eb4093509552f38231510d8d5de5b
ACTION SNIPPET 1200 321 SNIPPET_RELEVANT b2c848cc0b7a97a9c8a4f2b2a9f46e09
ACTION DOC 1200 341 EXAMINING_DOCUMENT b2c848cc0b7a97a9c8a4f2b2a9f46e09
ACTION MARK 1200 344 CONSIDERED_RELEVANT b2c848cc0b7a97a9c8a4f2b2a9f46e09
ACTION SNIPPET 1200 344 SNIPPET_NOT_RELEVANT 4c5d6036-c927-11e6-8bee-54e800ef2a63
ACTION SNIPPET 1200 344 SEEN_PREVIOUSLY da62e630-423f-11e7-8c25-44d09ff5a4a8
ACTION SNIPPET 1200 344 SEEN_PREVIOUSLY 050aa508-a0e9-11e4-b146-577832eafcb4
ACTION SNIPPET 1200 344 SNIPPET_NOT_RELEVANT f1c0daae-3587-11e7-b412-62beef8121f7
ACTION SNIPPET 1200 344 SNIPPET_RELEVANT 420f8dee-b398-11e4-827f-93f454140e2b
ACTION DOC 1200 364 EXAMINING_DOCUMENT 420f8dee-b398-11e4-827f-93f454140e2b
ACTION MARK 1200 367 CONSIDERED_RELEVANT 420f8dee-b398-11e4-827f-93f454140e2b
ACTION SNIPPET 1200 367 SNIPPET_RELEVANT e719b5993f9632c97560568c958c2056
ACTION DOC 1200 387 EXAMINING_DOCUMENT e719b5993f9632c97560568c958c2056
ACTION MARK 1200 390 CONSIDERED_RELEVANT e719b5993f9632c97560568c958c2056
ACTION QUERY 1200 400 tunnel disasters trains
ACTION SERP 1200 405 EXAMINE_SERP
ACTION SNIPPET 1200 405 SEEN_PREVIOUSLY 60c539a6-9b2d-11e4-a7ee-526210d665b4
ACTION SNIPPET 1200 405 SEEN_PREVIOUSLY 4398c84e-81da-11e6-a52d-9a865a0ed0d4
ACTION SNIPPET 1200 405 SEEN_PREVIOUSLY 050aa508-a0e9-11e4-b146-577832eafcb4
ACTION SNIPPET 1200 405 SNIPPET_RELEVANT db8d3474-1ab0-11e5-ab92-c75ae6ab94b5
ACTION DOC 1200 425 EXAMINING_DOCUMENT db8d3474-1ab0-11e5-ab92-c75ae6ab94b5
ACTION MARK 1200 428 CONSIDERED_RELEVANT db8d3474-1ab0-11e5-ab92-c75ae6ab94b5
ACTION SNIPPET 1200 428 SEEN_PREVIOUSLY eb65241e-1bfb-11e5-93b7-5eddc056ad8a
ACTION SNIPPET 1200 428 SEEN_PREVIOUSLY da62e630-423f-11e7-8c25-44d09ff5a4a8
ACTION SNIPPET 1200 428 SNIPPET_RELEVANT f0b5a92637ba6764237454233ec936d3
ACTION DOC 1200 448 EXAMINING_DOCUMENT f0b5a92637ba6764237454233ec936d3
ACTION MARK 1200 451 CONSIDERED_RELEVANT f0b5a92637ba6764237454233ec936d3
ACTION SNIPPET 1200 451 SNIPPET_RELEVANT 48bb8f5c-a49e-11e4-a06b-9df2002b86a0
ACTION DOC 1200 471 EXAMINING_DOCUMENT 48bb8f5c-a49e-11e4-a06b-9df2002b86a0
ACTION MARK 1200 474 CONSIDERED_RELEVANT 48bb8f5c-a49e-11e4-a06b-9df2002b86a0
ACTION SNIPPET 1200 474 SEEN_PREVIOUSLY b2c848cc0b7a97a9c8a4f2b2a9f46e09
ACTION SNIPPET 1200 474 SNIPPET_RELEVANT 463d7bee-ad3d-11e4-ad71-7b9eba0f87d6
ACTION DOC 1200 494 EXAMINING_DOCUMENT 463d7bee-ad3d-11e4-ad71-7b9eba0f87d6
ACTION MARK 1200 497 CONSIDERED_RELEVANT 463d7bee-ad3d-11e4-ad71-7b9eba0f87d6
ACTION SNIPPET 1200 497 SEEN_PREVIOUSLY 4354d59c8716e8cada3e01167cbc6e1f
ACTION SNIPPET 1200 497 SEEN_PREVIOUSLY 1c3f797e-1501-11e5-89f3-61410da94eb1
ACTION SNIPPET 1200 497 SEEN_PREVIOUSLY 9c491ad8-b21b-11e4-827f-93f454140e2b
ACTION SNIPPET 1200 497 SEEN_PREVIOUSLY a435f21ab36d7b6bc8edcdc27ad2e17f
ACTION SNIPPET 1200 497 SNIPPET_RELEVANT e18a0e2e-d760-11e6-9a36-1d296534b31e
ACTION DOC 1200 517 EXAMINING_DOCUMENT e18a0e2e-d760-11e6-9a36-1d296534b31e
ACTION MARK 1200 520 CONSIDERED_RELEVANT e18a0e2e-d760-11e6-9a36-1d296534b31e
ACTION QUERY 1200 530 tunnel disasters motor
ACTION SERP 1200 535 EXAMINE_SERP
ACTION SNIPPET 1200 535 SEEN_PREVIOUSLY 4398c84e-81da-11e6-a52d-9a865a0ed0d4
ACTION SNIPPET 1200 535 SNIPPET_NOT_RELEVANT 61d983e5a1fe6acdaa6396cba48a1cdb
ACTION SNIPPET 1200 535 SEEN_PREVIOUSLY 60c539a6-9b2d-11e4-a7ee-526210d665b4
ACTION SNIPPET 1200 535 SNIPPET_NOT_RELEVANT c8b2213e46d567128d8d9d4edf479958
ACTION SNIPPET 1200 535 SNIPPET_NOT_RELEVANT bf0486fe-dd66-11e4-a500-1c5bb1d8ff6a
ACTION SNIPPET 1200 535 SNIPPET_NOT_RELEVANT 05e7556e459cb1b7bc2797c70b02439a
ACTION SNIPPET 1200 535 SNIPPET_NOT_RELEVANT 2dde9290f39f1a01d80a0645b55871e6
ACTION SNIPPET 1200 535 SEEN_PREVIOUSLY da62e630-423f-11e7-8c25-44d09ff5a4a8
ACTION SNIPPET 1200 535 SNIPPET_NOT_RELEVANT 4e4f81b7cff65aa99d97ed941ea133c6
ACTION SNIPPET 1200 535 SEEN_PREVIOUSLY 050aa508-a0e9-11e4-b146-577832eafcb4
ACTION SNIPPET 1200 535 SNIPPET_NOT_RELEVANT f1c0daae-3587-11e7-b412-62beef8121f7
ACTION SNIPPET 1200 535 SNIPPET_NOT_RELEVANT 80f53e64-69dc-11e5-8325-a42b5a459b1e
ACTION SNIPPET 1200 535 SNIPPET_NOT_RELEVANT 5c5f05ca-e254-11e6-ba11-63c4b4fb5a63
ACTION SNIPPET 1200 535 SNIPPET_NOT_RELEVANT 2686c2d4-2b2c-11e5-bd33-395c05608059
ACTION SNIPPET 1200 535 SEEN_PREVIOUSLY db8d3474-1ab0-11e5-ab92-c75ae6ab94b5
ACTION SNIPPET 1200 535 SEEN_PREVIOUSLY 48bb8f5c-a49e-11e4-a06b-9df2002b86a0
ACTION SNIPPET 1200 535 SEEN_PREVIOUSLY eb65241e-1bfb-11e5-93b7-5eddc056ad8a
ACTION SNIPPET 1200 535 SEEN_PREVIOUSLY f0b5a92637ba6764237454233ec936d3
ACTION SNIPPET 1200 535 SNIPPET_NOT_RELEVANT 979001e8-ebba-11e6-9973-c5efb7ccfb0d
ACTION SNIPPET 1200 535 SNIPPET_NOT_RELEVANT 19d1b0803c05919bcd72c6888d4c9a55
ACTION SNIPPET 1200 535 SEEN_PREVIOUSLY a435f21ab36d7b6bc8edcdc27ad2e17f
ACTION SNIPPET 1200 535 SEEN_PREVIOUSLY 2f6f275e-dfe2-11e5-8d98-4b3d9215ade1
ACTION SNIPPET 1200 535 SNIPPET_NOT_RELEVANT f34b7bd8004c900a605cdc9d353bac8c
ACTION SNIPPET 1200 535 SNIPPET_NOT_RELEVANT 504a8268-da3b-11e5-925f-1d10062cc82d
ACTION SNIPPET 1200 535 SEEN_PREVIOUSLY 5f90e53a-f077-11e5-85a6-2132cf446d0a
ACTION SNIPPET 1200 535 SNIPPET_NOT_RELEVANT ea585534-34f1-11e3-8a0e-4e2cf80831fc
ACTION SNIPPET 1200 535 SNIPPET_NOT_RELEVANT f48839c4-2468-11e2-ba29-238a6ac36a08
ACTION SNIPPET 1200 535 SNIPPET_NOT_RELEVANT 56f02bf6-822c-11e1-ba3d-cb532dc48601
ACTION SNIPPET 1200 535 SNIPPET_RELEVANT 0d337920-4f67-11e6-a422-83ab49ed5e6a
ACTION DOC 1200 555 EXAMINING_DOCUMENT 0d337920-4f67-11e6-a422-83ab49ed5e6a
ACTION MARK 1200 558 CONSIDERED_RELEVANT 0d337920-4f67-11e6-a422-83ab49ed5e6a
ACTION SNIPPET 1200 558 SNIPPET_NOT_RELEVANT bafe43aee733cf43a04e1167a53704bd
ACTION SNIPPET 1200 558 SEEN_PREVIOUSLY d48eb4093509552f38231510d8d5de5b
ACTION SNIPPET 1200 558 SEEN_PREVIOUSLY 463d7bee-ad3d-11e4-ad71-7b9eba0f87d6
ACTION SNIPPET 1200 558 SNIPPET_RELEVANT dbe4d106-9cf3-11e4-96cc-e858eba91ced
ACTION DOC 1200 578 EXAMINING_DOCUMENT dbe4d106-9cf3-11e4-96cc-e858eba91ced
ACTION MARK 1200 581 CONSIDERED_RELEVANT dbe4d106-9cf3-11e4-96cc-e858eba91ced
ACTION SNIPPET 1200 581 SNIPPET_NOT_RELEVANT 7261811c-1d42-11e2-ba31-3083ca97c314
ACTION SNIPPET 1200 581 SEEN_PREVIOUSLY 4354d59c8716e8cada3e01167cbc6e1f
ACTION SNIPPET 1200 581 SNIPPET_NOT_RELEVANT 60b24592-c441-11e5-a4aa-f25866ba0dc6
ACTION SNIPPET 1200 581 SEEN_PREVIOUSLY b2c848cc0b7a97a9c8a4f2b2a9f46e09
ACTION SNIPPET 1200 581 SEEN_PREVIOUSLY 9c491ad8-b21b-11e4-827f-93f454140e2b
ACTION SNIPPET 1200 581 SNIPPET_RELEVANT 5d3a47fc3802db2a6476f8143baa7f36
ACTION DOC 1200 601 EXAMINING_DOCUMENT 5d3a47fc3802db2a6476f8143baa7f36
ACTION MARK 1200 604 CONSIDERED_RELEVANT 5d3a47fc3802db2a6476f8143baa7f36
ACTION SNIPPET 1200 604 SEEN_PREVIOUSLY e18a0e2e-d760-11e6-9a36-1d296534b31e
ACTION SNIPPET 1200 604 SNIPPET_NOT_RELEVANT e16402f6f69126705b4c20c18d9f1b19
ACTION SNIPPET 1200 604 SNIPPET_NOT_RELEVANT 39a0fb48-7a77-11e4-b821-503cc7efed9e
ACTION SNIPPET 1200 604 SEEN_PREVIOUSLY 1c3f797e-1501-11e5-89f3-61410da94eb1
ACTION SNIPPET 1200 604 SNIPPET_NOT_RELEVANT a12cd31b36734f22f6ddf9d1e5574b65
ACTION SNIPPET 1200 604 SNIPPET_NOT_RELEVANT 16cecc90-2701-11e4-958c-268a320a60ce
ACTION SNIPPET 1200 604 SNIPPET_NOT_RELEVANT af5c6598-63b4-11e1-8941-dbe3cd6caa03
ACTION SNIPPET 1200 604 SNIPPET_RELEVANT fc959eee-4468-11e6-bc99-7d269f8719b1
ACTION DOC 1200 624 EXAMINING_DOCUMENT fc959eee-4468-11e6-bc99-7d269f8719b1
ACTION MARK 1200 627 CONSIDERED_RELEVANT fc959eee-4468-11e6-bc99-7d269f8719b1
ACTION SNIPPET 1200 627 SNIPPET_RELEVANT a414f3d2-107e-11e6-8967-7ac733c56f12
ACTION DOC 1200 647 EXAMINING_DOCUMENT a414f3d2-107e-11e6-8967-7ac733c56f12
ACTION MARK 1200 650 CONSIDERED_RELEVANT a414f3d2-107e-11e6-8967-7ac733c56f12
ACTION QUERY 1200 660 tunnel disasters vehicles
ACTION SERP 1200 665 EXAMINE_SERP
ACTION SNIPPET 1200 665 SNIPPET_NOT_RELEVANT 63dedebe-365b-11e7-b4ee-434b6d506b37
ACTION SNIPPET 1200 665 SNIPPET_NOT_RELEVANT 3ac36cba005e8e635395f91e5e090621
ACTION SNIPPET 1200 665 SEEN_PREVIOUSLY 4398c84e-81da-11e6-a52d-9a865a0ed0d4
ACTION SNIPPET 1200 665 SNIPPET_NOT_RELEVANT 61d983e5a1fe6acdaa6396cba48a1cdb
ACTION SNIPPET 1200 665 SEEN_PREVIOUSLY 60c539a6-9b2d-11e4-a7ee-526210d665b4
ACTION SNIPPET 1200 665 SEEN_PREVIOUSLY a435f21ab36d7b6bc8edcdc27ad2e17f
ACTION SNIPPET 1200 665 SNIPPET_NOT_RELEVANT c41c1559bb3aa4200d40f8321863b01b
ACTION SNIPPET 1200 665 SNIPPET_NOT_RELEVANT 5b1101cda74540f56e6b8547ce8781f1
ACTION SNIPPET 1200 665 SNIPPET_RELEVANT 12dd9c2f6405414ff46602e38dd3c3ca
ACTION DOC 1200 685 EXAMINING_DOCUMENT 12dd9c2f6405414ff46602e38dd3c3ca
ACTION MARK 1200 688 CONSIDERED_RELEVANT 12dd9c2f6405414ff46602e38dd3c3ca
ACTION SNIPPET 1200 688 SEEN_PREVIOUSLY eb65241e-1bfb-11e5-93b7-5eddc056ad8a
ACTION SNIPPET 1200 688 SNIPPET_NOT_RELEVANT 952583c4-de7b-11e2-b797-cbd4cb13f9c6
ACTION SNIPPET 1200 688 SNIPPET_RELEVANT d9182af73f0504e9dd34cd3361ceb7a1
ACTION DOC 1200 708 EXAMINING_DOCUMENT d9182af73f0504e9dd34cd3361ceb7a1
ACTION MARK 1200 711 CONSIDERED_RELEVANT d9182af73f0504e9dd34cd3361ceb7a1
ACTION SNIPPET 1200 711 SNIPPET_NOT_RELEVANT 07debaf9d9a318f4d8f8c0ddc9e93d50
ACTION SNIPPET 1200 711 SNIPPET_NOT_RELEVANT 31399e76def3375f5e3f1b3b65812817
ACTION SNIPPET 1200 711 SNIPPET_NOT_RELEVANT c9d81e96-6ba5-11e6-ba32-5a4bf5aad4fa
ACTION SNIPPET 1200 711 SNIPPET_NOT_RELEVANT 9a215e0a-ef90-11e6-9662-6eedf1627882
ACTION SNIPPET 1200 711 SNIPPET_NOT_RELEVANT 4c5d6036-c927-11e6-8bee-54e800ef2a63
ACTION SNIPPET 1200 711 SNIPPET_NOT_RELEVANT c9842e0c7ce4ee42f6990727b2beaa7f
ACTION SNIPPET 1200 711 SNIPPET_NOT_RELEVANT 6b31fb2c9a735508c0efc1a7f8dea026
ACTION SNIPPET 1200 711 SNIPPET_NOT_RELEVANT c84862ab60e11cc987eb94b23f083247
ACTION SNIPPET 1200 711 SNIPPET_NOT_RELEVANT fdb3b97689d9861f90d451d5ace4061a
ACTION SNIPPET 1200 711 SNIPPET_NOT_RELEVANT 5589150f52add4f22e9e346236681db7
ACTION SNIPPET 1200 711 SNIPPET_NOT_RELEVANT 1c9a8458f18cda56a52a1016d4e8b887
ACTION SNIPPET 1200 711 SNIPPET_NOT_RELEVANT d65d80887427f9205b85d2d4a9f72f71
ACTION SNIPPET 1200 711 SNIPPET_NOT_RELEVANT 37c0f7eaeaabeee23af9a5f892bb0825
ACTION SNIPPET 1200 711 SNIPPET_NOT_RELEVANT 0e7ba91d436dc19d5fabe15b78cd7e10
ACTION SNIPPET 1200 711 SNIPPET_NOT_RELEVANT 5e0f758b788f79003febcb5a032e51f4
ACTION SNIPPET 1200 711 SNIPPET_NOT_RELEVANT 143f06f4a2eb5a7c723dd367c9ef98d7
ACTION SNIPPET 1200 711 SNIPPET_NOT_RELEVANT 67afd902b097e6a5703284f202bd9358
ACTION SNIPPET 1200 711 SNIPPET_NOT_RELEVANT 4f809126f2182e04e18323c9898f37e7
ACTION SNIPPET 1200 711 SNIPPET_NOT_RELEVANT 460629c941a77c066753a7e2fad72019
ACTION SNIPPET 1200 711 SNIPPET_NOT_RELEVANT 514a85786dd087c3134177107394761d
ACTION SNIPPET 1200 711 SNIPPET_NOT_RELEVANT e23392baf26c5a17102582468d704a7c
ACTION SNIPPET 1200 711 SNIPPET_NOT_RELEVANT 9e50f1d4-2d09-11e5-a250-42bd812efc09
ACTION SNIPPET 1200 711 SNIPPET_NOT_RELEVANT 7e9c3932-6bad-11e6-99bf-f0cf3a6449a6
ACTION SNIPPET 1200 711 SNIPPET_NOT_RELEVANT b17884b5d8cabaea8adc2148813b1913
ACTION SNIPPET 1200 711 SNIPPET_NOT_RELEVANT 68b9afd5c0ba0b0d0fd88df6fa3c2ec2
ACTION SNIPPET 1200 711 SEEN_PREVIOUSLY da62e630-423f-11e7-8c25-44d09ff5a4a8
ACTION SNIPPET 1200 711 SEEN_PREVIOUSLY e18a0e2e-d760-11e6-9a36-1d296534b31e
ACTION SNIPPET 1200 711 SEEN_PREVIOUSLY 050aa508-a0e9-11e4-b146-577832eafcb4
ACTION SNIPPET 1200 711 SNIPPET_NOT_RELEVANT f1c0daae-3587-11e7-b412-62beef8121f7
ACTION SNIPPET 1200 711 SNIPPET_NOT_RELEVANT 6c5b4e42-48ef-11e6-acbc-4d4870a079da
ACTION SNIPPET 1200 711 SNIPPET_NOT_RELEVANT 80f53e64-69dc-11e5-8325-a42b5a459b1e
ACTION SNIPPET 1200 711 SNIPPET_NOT_RELEVANT 21ca0504-53c4-11e7-be25-3a519335381c
ACTION SNIPPET 1200 711 SNIPPET_NOT_RELEVANT 2686c2d4-2b2c-11e5-bd33-395c05608059
ACTION SNIPPET 1200 711 SNIPPET_RELEVANT 8f3abf6e-c921-11e4-b2a1-bed1aaea2816
ACTION DOC 1200 731 EXAMINING_DOCUMENT 8f3abf6e-c921-11e4-b2a1-bed1aaea2816
ACTION MARK 1200 734 CONSIDERED_RELEVANT 8f3abf6e-c921-11e4-b2a1-bed1aaea2816
ACTION SNIPPET 1200 734 SEEN_PREVIOUSLY db8d3474-1ab0-11e5-ab92-c75ae6ab94b5
ACTION SNIPPET 1200 734 SEEN_PREVIOUSLY 48bb8f5c-a49e-11e4-a06b-9df2002b86a0
ACTION SNIPPET 1200 734 SNIPPET_NOT_RELEVANT 0a0a6660-f28d-11e4-bcc4-e8141e5eb0c9
ACTION SNIPPET 1200 734 SNIPPET_NOT_RELEVANT 75cfd5f83abed85a5f0a21221529e5d3
ACTION SNIPPET 1200 734 SNIPPET_NOT_RELEVANT 5faf6d7e-c894-11e2-9245-773c0123c027
ACTION SNIPPET 1200 734 SNIPPET_RELEVANT cc8b7d07b9fcfd177a75ce1f514487e4
ACTION DOC 1200 754 EXAMINING_DOCUMENT cc8b7d07b9fcfd177a75ce1f514487e4
ACTION MARK 1200 757 CONSIDERED_RELEVANT cc8b7d07b9fcfd177a75ce1f514487e4
ACTION SNIPPET 1200 757 SNIPPET_NOT_RELEVANT 8686a5fa33e228a3d2e4f505353bc073
ACTION SNIPPET 1200 757 SNIPPET_NOT_RELEVANT 367ae798-6b16-11e2-ada3-d86a4806d5ee
ACTION SNIPPET 1200 757 SNIPPET_NOT_RELEVANT bf0486fe-dd66-11e4-a500-1c5bb1d8ff6a
ACTION SNIPPET 1200 757 SNIPPET_NOT_RELEVANT c6d8c8fc-0adb-11e5-9e39-0db921c47b93
ACTION SNIPPET 1200 757 SEEN_PREVIOUSLY f0b5a92637ba6764237454233ec936d3
ACTION SNIPPET 1200 757 SNIPPET_NOT_RELEVANT 979001e8-ebba-11e6-9973-c5efb7ccfb0d
ACTION SNIPPET 1200 757 SNIPPET_NOT_RELEVANT 19d1b0803c05919bcd72c6888d4c9a55
ACTION SNIPPET 1200 757 SNIPPET_NOT_RELEVANT 15d8d0b0-bb33-11e6-91ee-1adddfe36cbe
ACTION SNIPPET 1200 757 SNIPPET_NOT_RELEVANT 05e7556e459cb1b7bc2797c70b02439a
ACTION SNIPPET 1200 757 SEEN_PREVIOUSLY 2f6f275e-dfe2-11e5-8d98-4b3d9215ade1
ACTION SNIPPET 1200 757 SNIPPET_NOT_RELEVANT bbf54206-1c47-11e2-9cd5-b55c38388962
ACTION SNIPPET 1200 757 SNIPPET_NOT_RELEVANT f56a97c5cf6a71433b6b45a6e8410da1
ACTION SNIPPET 1200 757 SNIPPET_NOT_RELEVANT 76847a8a-e013-11e2-b94a-452948b95ca8
ACTION SNIPPET 1200 757 SNIPPET_NOT_RELEVANT f34b7bd8004c900a605cdc9d353bac8c
ACTION SNIPPET 1200 757 SNIPPET_NOT_RELEVANT 6c3483eb75c9356acbe0ecd6e586a66e
ACTION SNIPPET 1200 757 SNIPPET_NOT_RELEVANT 931134d2-7b20-11e4-9a27-6fdbc612bff8
ACTION SNIPPET 1200 757 SNIPPET_NOT_RELEVANT 60a7c42e-5cb2-11e5-8475-781cc9851652
ACTION SNIPPET 1200 757 SNIPPET_NOT_RELEVANT 504a8268-da3b-11e5-925f-1d10062cc82d
ACTION SNIPPET 1200 757 SNIPPET_NOT_RELEVANT 2f37b68a-486e-11e6-bdb9-701687974517
ACTION SNIPPET 1200 757 SEEN_PREVIOUSLY 5f90e53a-f077-11e5-85a6-2132cf446d0a
ACTION SNIPPET 1200 757 SNIPPET_NOT_RELEVANT f48839c4-2468-11e2-ba29-238a6ac36a08
ACTION SNIPPET 1200 757 SNIPPET_NOT_RELEVANT 486edbf4-da73-11e2-9df4-895344c13c30
ACTION SNIPPET 1200 757 SNIPPET_NOT_RELEVANT 56f02bf6-822c-11e1-ba3d-cb532dc48601
ACTION SNIPPET 1200 757 SEEN_PREVIOUSLY 0d337920-4f67-11e6-a422-83ab49ed5e6a
ACTION SNIPPET 1200 757 SNIPPET_NOT_RELEVANT bafe43aee733cf43a04e1167a53704bd
ACTION SNIPPET 1200 757 SEEN_PREVIOUSLY d48eb4093509552f38231510d8d5de5b
ACTION SNIPPET 1200 757 SNIPPET_NOT_RELEVANT 88a12a3a-60ba-11e6-8e45-477372e89d78
ACTION SNIPPET 1200 757 SEEN_PREVIOUSLY 463d7bee-ad3d-11e4-ad71-7b9eba0f87d6
ACTION SNIPPET 1200 757 SEEN_PREVIOUSLY dbe4d106-9cf3-11e4-96cc-e858eba91ced
ACTION SNIPPET 1200 757 SNIPPET_NOT_RELEVANT f2b000a2-e3d0-11e5-bc08-3e03a5b41910
ACTION SNIPPET 1200 757 SEEN_PREVIOUSLY 4354d59c8716e8cada3e01167cbc6e1f
ACTION SNIPPET 1200 757 SNIPPET_RELEVANT 9f7149ec-5c6b-11e5-b38e-06883aacba64
ACTION DOC 1200 777 EXAMINING_DOCUMENT 9f7149ec-5c6b-11e5-b38e-06883aacba64
ACTION MARK 1200 780 CONSIDERED_RELEVANT 9f7149ec-5c6b-11e5-b38e-06883aacba64
ACTION QUERY 1200 790 tunnel disasters people
ACTION SERP 1200 795 EXAMINE_SERP
ACTION SNIPPET 1200 795 SNIPPET_NOT_RELEVANT 61d983e5a1fe6acdaa6396cba48a1cdb
ACTION SNIPPET 1200 795 SEEN_PREVIOUSLY 60c539a6-9b2d-11e4-a7ee-526210d665b4
ACTION SNIPPET 1200 795 SEEN_PREVIOUSLY 4398c84e-81da-11e6-a52d-9a865a0ed0d4
ACTION SNIPPET 1200 795 SEEN_PREVIOUSLY da62e630-423f-11e7-8c25-44d09ff5a4a8
ACTION SNIPPET 1200 795 SNIPPET_NOT_RELEVANT f1c0daae-3587-11e7-b412-62beef8121f7
ACTION SNIPPET 1200 795 SEEN_PREVIOUSLY 050aa508-a0e9-11e4-b146-577832eafcb4
ACTION SNIPPET 1200 795 SNIPPET_NOT_RELEVANT 80f53e64-69dc-11e5-8325-a42b5a459b1e
ACTION SNIPPET 1200 795 SNIPPET_NOT_RELEVANT 2686c2d4-2b2c-11e5-bd33-395c05608059
ACTION SNIPPET 1200 795 SEEN_PREVIOUSLY db8d3474-1ab0-11e5-ab92-c75ae6ab94b5
ACTION SNIPPET 1200 795 SEEN_PREVIOUSLY f0b5a92637ba6764237454233ec936d3
ACTION SNIPPET 1200 795 SEEN_PREVIOUSLY eb65241e-1bfb-11e5-93b7-5eddc056ad8a
ACTION SNIPPET 1200 795 SNIPPET_NOT_RELEVANT 979001e8-ebba-11e6-9973-c5efb7ccfb0d
ACTION SNIPPET 1200 795 SEEN_PREVIOUSLY a435f21ab36d7b6bc8edcdc27ad2e17f
ACTION SNIPPET 1200 795 SNIPPET_NOT_RELEVANT 19d1b0803c05919bcd72c6888d4c9a55
ACTION SNIPPET 1200 795 SEEN_PREVIOUSLY 48bb8f5c-a49e-11e4-a06b-9df2002b86a0
ACTION SNIPPET 1200 795 SNIPPET_NOT_RELEVANT f48839c4-2468-11e2-ba29-238a6ac36a08
ACTION SNIPPET 1200 795 SEEN_PREVIOUSLY 2f6f275e-dfe2-11e5-8d98-4b3d9215ade1
ACTION SNIPPET 1200 795 SEEN_PREVIOUSLY dbe4d106-9cf3-11e4-96cc-e858eba91ced
ACTION SNIPPET 1200 795 SEEN_PREVIOUSLY b2c848cc0b7a97a9c8a4f2b2a9f46e09
ACTION SNIPPET 1200 795 SEEN_PREVIOUSLY 5f90e53a-f077-11e5-85a6-2132cf446d0a
ACTION SNIPPET 1200 795 SNIPPET_NOT_RELEVANT 504a8268-da3b-11e5-925f-1d10062cc82d
ACTION SNIPPET 1200 795 SNIPPET_NOT_RELEVANT e16402f6f69126705b4c20c18d9f1b19
ACTION SNIPPET 1200 795 SEEN_PREVIOUSLY 4354d59c8716e8cada3e01167cbc6e1f
ACTION SNIPPET 1200 795 SEEN_PREVIOUSLY e18a0e2e-d760-11e6-9a36-1d296534b31e
ACTION SNIPPET 1200 795 SNIPPET_NOT_RELEVANT f34b7bd8004c900a605cdc9d353bac8c
ACTION SNIPPET 1200 795 SNIPPET_NOT_RELEVANT eae49712-2442-11e2-9313-3c7f59038d93
ACTION SNIPPET 1200 795 SNIPPET_RELEVANT d9fdf6c4-9b1d-11e4-96cc-e858eba91ced
ACTION DOC 1200 815 EXAMINING_DOCUMENT d9fdf6c4-9b1d-11e4-96cc-e858eba91ced
ACTION MARK 1200 818 CONSIDERED_RELEVANT d9fdf6c4-9b1d-11e4-96cc-e858eba91ced
ACTION SNIPPET 1200 818 SNIPPET_NOT_RELEVANT 56f02bf6-822c-11e1-ba3d-cb532dc48601
ACTION SNIPPET 1200 818 SEEN_PREVIOUSLY 0d337920-4f67-11e6-a422-83ab49ed5e6a
ACTION SNIPPET 1200 818 SNIPPET_NOT_RELEVANT bafe43aee733cf43a04e1167a53704bd
ACTION SNIPPET 1200 818 SEEN_PREVIOUSLY d48eb4093509552f38231510d8d5de5b
ACTION SNIPPET 1200 818 SEEN_PREVIOUSLY 9c491ad8-b21b-11e4-827f-93f454140e2b
ACTION SNIPPET 1200 818 SNIPPET_RELEVANT 3a33c828-eaf7-11e5-bc08-3e03a5b41910
ACTION DOC 1200 838 EXAMINING_DOCUMENT 3a33c828-eaf7-11e5-bc08-3e03a5b41910
ACTION MARK 1200 841 CONSIDERED_RELEVANT 3a33c828-eaf7-11e5-bc08-3e03a5b41910
ACTION SNIPPET 1200 841 SEEN_PREVIOUSLY 463d7bee-ad3d-11e4-ad71-7b9eba0f87d6
ACTION SNIPPET 1200 841 SNIPPET_NOT_RELEVANT df038522-5f76-11e4-8b9e-2ccdac31a031
ACTION SNIPPET 1200 841 SEEN_PREVIOUSLY a414f3d2-107e-11e6-8967-7ac733c56f12
ACTION SNIPPET 1200 841 SNIPPET_NOT_RELEVANT 64145878-0726-11e7-93dc-00f9bdd74ed1
ACTION SNIPPET 1200 841 SNIPPET_NOT_RELEVANT 3046c9e456c31021ade7eb069f63612b
ACTION SNIPPET 1200 841 SEEN_PREVIOUSLY 5d3a47fc3802db2a6476f8143baa7f36
ACTION SNIPPET 1200 841 SNIPPET_NOT_RELEVANT 4b6b7f53d12e7b327c53eea0f41a67b2
ACTION SNIPPET 1200 841 SNIPPET_NOT_RELEVANT e68fd112-db85-11e3-b745-87d39690c5c0
ACTION SNIPPET 1200 841 SEEN_PREVIOUSLY 1c3f797e-1501-11e5-89f3-61410da94eb1
ACTION SNIPPET 1200 841 SNIPPET_NOT_RELEVANT af5c6598-63b4-11e1-8941-dbe3cd6caa03
ACTION SNIPPET 1200 841 SNIPPET_NOT_RELEVANT 94ddef9d2364a0b38fe2b71d6ffa372c
ACTION SNIPPET 1200 841 SNIPPET_NOT_RELEVANT cea84950-022a-11e4-8572-4b1b969b6322
ACTION SNIPPET 1200 841 SNIPPET_RELEVANT 7043ad12-9db3-11e4-bcfb-059ec7a93ddc
ACTION DOC 1200 861 EXAMINING_DOCUMENT 7043ad12-9db3-11e4-bcfb-059ec7a93ddc
ACTION MARK 1200 864 CONSIDERED_RELEVANT 7043ad12-9db3-11e4-bcfb-059ec7a93ddc
ACTION SNIPPET 1200 864 SNIPPET_NOT_RELEVANT 870ed7a24db22e58e81ccae2926dd383
ACTION SNIPPET 1200 864 SNIPPET_NOT_RELEVANT 54b75712e707ed16c802aa76bfc7cbb1
ACTION SNIPPET 1200 864 SNIPPET_NOT_RELEVANT 0f1d2e84-0278-11e6-9203-7b8670959b88
ACTION SNIPPET 1200 864 SNIPPET_NOT_RELEVANT 1eb8da0a0470952839fc3545dcba68ab
ACTION SNIPPET 1200 864 SNIPPET_NOT_RELEVANT 47983f4dff9f6ca0274fef214d317174
ACTION SNIPPET 1200 864 SNIPPET_RELEVANT ec763644-a1ae-11e4-b146-577832eafcb4
ACTION DOC 1200 884 EXAMINING_DOCUMENT ec763644-a1ae-11e4-b146-577832eafcb4
ACTION MARK 1200 887 CONSIDERED_RELEVANT ec763644-a1ae-11e4-b146-577832eafcb4
ACTION SNIPPET 1200 887 SNIPPET_NOT_RELEVANT 067cabad3c532de5bda22e1ea01b3b24
ACTION SNIPPET 1200 887 SNIPPET_NOT_RELEVANT c7ef0902-1281-11e4-9285-4243a40ddc97
ACTION SNIPPET 1200 887 SNIPPET_NOT_RELEVANT c41c1559bb3aa4200d40f8321863b01b
ACTION SNIPPET 1200 887 SNIPPET_NOT_RELEVANT c74cc8e7367b9da6a0616f95ef3c90ad
ACTION SNIPPET 1200 887 SNIPPET_NOT_RELEVANT 34f6beb4-a5ab-11e1-98a2-f0ff33a4cc4c
ACTION SNIPPET 1200 887 SNIPPET_NOT_RELEVANT 95f8a20de80bf1a2fcec52d7418ff3a7
ACTION SNIPPET 1200 887 SNIPPET_NOT_RELEVANT 59ebded9a348adad12003a74b4f0ab89
ACTION SNIPPET 1200 887 SNIPPET_NOT_RELEVANT 52ae2ef0c7d338e6969d04262fa1cf20
ACTION SNIPPET 1200 887 SNIPPET_NOT_RELEVANT ae67267e-18e7-11e4-85b6-c1451e622637
ACTION SNIPPET 1200 887 SNIPPET_NOT_RELEVANT c6a64ddefc03eefb130c6a3e50f25ffe
ACTION SNIPPET 1200 887 SNIPPET_NOT_RELEVANT 5f116d52-3976-11e2-b01f-5f55b193f58f
ACTION SNIPPET 1200 887 SNIPPET_NOT_RELEVANT 35d4ad7a-340a-11e3-8a0e-4e2cf80831fc
ACTION SNIPPET 1200 887 SNIPPET_NOT_RELEVANT 9d2e107c348e636b7c1521f911c118f2
ACTION SNIPPET 1200 887 SNIPPET_NOT_RELEVANT d9b285d6-f5fc-11e1-8b93-c4f4ab1c8d13
ACTION SNIPPET 1200 887 SNIPPET_NOT_RELEVANT 1a52ef3e-5851-11e7-840b-512026319da7
ACTION SNIPPET 1200 887 SNIPPET_NOT_RELEVANT 516f1166-b66a-11e6-a677-b608fbb3aaf6
ACTION SNIPPET 1200 887 SNIPPET_NOT_RELEVANT 554b33c603f64baa5314ee6f8e5e57fd
ACTION SNIPPET 1200 887 SNIPPET_NOT_RELEVANT 3ac36cba005e8e635395f91e5e090621
ACTION SNIPPET 1200 887 SNIPPET_NOT_RELEVANT 169851cc-1d41-11e2-9cd5-b55c38388962
ACTION SNIPPET 1200 887 SEEN_PREVIOUSLY d9182af73f0504e9dd34cd3361ceb7a1
ACTION SNIPPET 1200 887 SNIPPET_NOT_RELEVANT b7f60bac-0543-11e6-a12f-ea5aed7958dc
ACTION SNIPPET 1200 887 SNIPPET_NOT_RELEVANT 92b067c2-5fc8-11e1-bb01-a80fe8a54806
ACTION SNIPPET 1200 887 SNIPPET_NOT_RELEVANT 82abda7a-18a2-11e3-8685-5021e0c41964
ACTION SNIPPET 1200 887 SNIPPET_NOT_RELEVANT 229983b6-f179-11e3-9ebc-2ee6f81ed217
ACTION SNIPPET 1200 887 SNIPPET_NOT_RELEVANT fb8baedb541abb98418e26ebcd4f62c6
ACTION SNIPPET 1200 887 SNIPPET_NOT_RELEVANT 7933ce7a-db94-11e3-bda1-9b46b2066796
ACTION SNIPPET 1200 887 SNIPPET_RELEVANT 054e1f76-9b45-11e4-bcfb-059ec7a93ddc
ACTION DOC 1200 907 EXAMINING_DOCUMENT 054e1f76-9b45-11e4-bcfb-059ec7a93ddc
ACTION MARK 1200 910 CONSIDERED_RELEVANT 054e1f76-9b45-11e4-bcfb-059ec7a93ddc
ACTION QUERY 1200 920 tunnel disasters wind
ACTION SERP 1200 925 EXAMINE_SERP
ACTION SNIPPET 1200 925 SNIPPET_NOT_RELEVANT 2dde9290f39f1a01d80a0645b55871e6
ACTION SNIPPET 1200 925 SEEN_PREVIOUSLY 4398c84e-81da-11e6-a52d-9a865a0ed0d4
ACTION SNIPPET 1200 925 SNIPPET_NOT_RELEVANT 61d983e5a1fe6acdaa6396cba48a1cdb
ACTION SNIPPET 1200 925 SEEN_PREVIOUSLY 60c539a6-9b2d-11e4-a7ee-526210d665b4
ACTION SNIPPET 1200 925 SNIPPET_NOT_RELEVANT 9a215e0a-ef90-11e6-9662-6eedf1627882
ACTION SNIPPET 1200 925 SNIPPET_NOT_RELEVANT 9ca5b3aa-6888-11e5-8325-a42b5a459b1e
ACTION SNIPPET 1200 925 SNIPPET_NOT_RELEVANT 0031f054-abae-11e2-a8b9-2a63d75b5459
ACTION SNIPPET 1200 925 SNIPPET_NOT_RELEVANT 33df9b52-6d32-11e5-aa5b-f78a98956699
ACTION SNIPPET 1200 925 SNIPPET_NOT_RELEVANT daa1d68e-62ec-11e1-b51c-01d913513d63
ACTION SNIPPET 1200 925 SNIPPET_NOT_RELEVANT efdcbda32e4ac0e983edd8b4f1faab2d
ACTION SNIPPET 1200 925 SNIPPET_NOT_RELEVANT cba91f14-69ed-11e5-9223-70cb36460919
ACTION SNIPPET 1200 925 SEEN_PREVIOUSLY da62e630-423f-11e7-8c25-44d09ff5a4a8
ACTION SNIPPET 1200 925 SNIPPET_NOT_RELEVANT b3f7556c-fb7c-11e1-8adc-499661afe377
ACTION SNIPPET 1200 925 SNIPPET_NOT_RELEVANT 934113d715418fd180dd9cf5783036cc
ACTION SNIPPET 1200 925 SEEN_PREVIOUSLY 050aa508-a0e9-11e4-b146-577832eafcb4
ACTION SNIPPET 1200 925 SNIPPET_NOT_RELEVANT f1c0daae-3587-11e7-b412-62beef8121f7
ACTION SNIPPET 1200 925 SNIPPET_NOT_RELEVANT 80f53e64-69dc-11e5-8325-a42b5a459b1e
ACTION SNIPPET 1200 925 SNIPPET_NOT_RELEVANT 5faf6d7e-c894-11e2-9245-773c0123c027
ACTION SNIPPET 1200 925 SNIPPET_NOT_RELEVANT 2686c2d4-2b2c-11e5-bd33-395c05608059
ACTION SNIPPET 1200 925 SNIPPET_NOT_RELEVANT ddf0224ffb245a44231a53ffe852a702
ACTION SNIPPET 1200 925 SEEN_PREVIOUSLY db8d3474-1ab0-11e5-ab92-c75ae6ab94b5
ACTION SNIPPET 1200 925 SEEN_PREVIOUSLY 48bb8f5c-a49e-11e4-a06b-9df2002b86a0
ACTION SNIPPET 1200 925 SNIPPET_NOT_RELEVANT 59295511d8350ac1c52a4fd5035140f0
ACTION SNIPPET 1200 925 SNIPPET_NOT_RELEVANT 6aa85fea-e816-11e3-afc6-a1dd9407abcf
ACTION SNIPPET 1200 925 SNIPPET_NOT_RELEVANT 5cc0f7a2-7900-11e1-a01f-52d5c6187537
ACTION SNIPPET 1200 925 SNIPPET_NOT_RELEVANT be034e913839962a407ded6d634ca69c
ACTION SNIPPET 1200 925 SNIPPET_NOT_RELEVANT 8d996b8b16acbf784d4a8ecb2402ce1e
ACTION SNIPPET 1200 925 SEEN_PREVIOUSLY eb65241e-1bfb-11e5-93b7-5eddc056ad8a
ACTION SNIPPET 1200 925 SEEN_PREVIOUSLY f0b5a92637ba6764237454233ec936d3
ACTION SNIPPET 1200 925 SNIPPET_NOT_RELEVANT 979001e8-ebba-11e6-9973-c5efb7ccfb0d
ACTION SNIPPET 1200 925 SNIPPET_NOT_RELEVANT 19d1b0803c05919bcd72c6888d4c9a55
ACTION SNIPPET 1200 925 SNIPPET_NOT_RELEVANT 2f51848ec5b4ca1b1b043725980077e4
ACTION SNIPPET 1200 925 SEEN_PREVIOUSLY a435f21ab36d7b6bc8edcdc27ad2e17f
ACTION SNIPPET 1200 925 SEEN_PREVIOUSLY 2f6f275e-dfe2-11e5-8d98-4b3d9215ade1
ACTION SNIPPET 1200 925 SNIPPET_NOT_RELEVANT deb96592-d751-11e5-be55-2cc3c1e4b76b
ACTION SNIPPET 1200 925 SNIPPET_NOT_RELEVANT 4560af1a11e3ff82f56817651637f597
ACTION SNIPPET 1200 925 SNIPPET_NOT_RELEVANT f34b7bd8004c900a605cdc9d353bac8c
ACTION SNIPPET 1200 925 SNIPPET_NOT_RELEVANT dcdc522e4243eb0cf81314eef104e341
ACTION SNIPPET 1200 925 SNIPPET_NOT_RELEVANT 56fb8a4d3ba888993f77bda54a9d48fc
ACTION SNIPPET 1200 925 SNIPPET_RELEVANT 7aaa209c-0c89-11e6-8ab8-9ad050f76d7d
ACTION DOC 1200 945 EXAMINING_DOCUMENT 7aaa209c-0c89-11e6-8ab8-9ad050f76d7d
ACTION MARK 1200 948 CONSIDERED_RELEVANT 7aaa209c-0c89-11e6-8ab8-9ad050f76d7d
ACTION SNIPPET 1200 948 SNIPPET_NOT_RELEVANT 504a8268-da3b-11e5-925f-1d10062cc82d
ACTION SNIPPET 1200 948 SEEN_PREVIOUSLY 5f90e53a-f077-11e5-85a6-2132cf446d0a
ACTION SNIPPET 1200 948 SNIPPET_NOT_RELEVANT 5f8e2628-c582-11e3-9f37-7ce307c56815
ACTION SNIPPET 1200 948 SNIPPET_NOT_RELEVANT f48839c4-2468-11e2-ba29-238a6ac36a08
ACTION SNIPPET 1200 948 SNIPPET_NOT_RELEVANT ce1cb3709798cc2097efb485d4181975
ACTION SNIPPET 1200 948 SNIPPET_NOT_RELEVANT c57744b4-efab-11e6-9973-c5efb7ccfb0d
ACTION SNIPPET 1200 948 SNIPPET_NOT_RELEVANT 56f02bf6-822c-11e1-ba3d-cb532dc48601
ACTION SNIPPET 1200 948 SNIPPET_NOT_RELEVANT 085af564-10f7-11e4-8936-26932bcfd6ed
ACTION SNIPPET 1200 948 SEEN_PREVIOUSLY 0d337920-4f67-11e6-a422-83ab49ed5e6a
ACTION SNIPPET 1200 948 SNIPPET_NOT_RELEVANT bafe43aee733cf43a04e1167a53704bd
ACTION SNIPPET 1200 948 SEEN_PREVIOUSLY d48eb4093509552f38231510d8d5de5b
ACTION SNIPPET 1200 948 SNIPPET_NOT_RELEVANT 107d266e-c4a8-11e2-8c3b-0b5e9247e8ca
ACTION SNIPPET 1200 948 SNIPPET_NOT_RELEVANT 85c9dc5550a968a0d988b99cf23f04cc
ACTION SNIPPET 1200 948 SEEN_PREVIOUSLY 463d7bee-ad3d-11e4-ad71-7b9eba0f87d6
ACTION SNIPPET 1200 948 SEEN_PREVIOUSLY dbe4d106-9cf3-11e4-96cc-e858eba91ced
ACTION SNIPPET 1200 948 SNIPPET_NOT_RELEVANT 47f1daba895a84b1f5788c7ddf2eca1d
ACTION SNIPPET 1200 948 SNIPPET_NOT_RELEVANT 658fcb0ccaddc5883a7d84aeb94e06bb
ACTION SNIPPET 1200 948 SEEN_PREVIOUSLY 4354d59c8716e8cada3e01167cbc6e1f
ACTION SNIPPET 1200 948 SNIPPET_NOT_RELEVANT 2146ce915a0c3dfc00422099627ba709
ACTION SNIPPET 1200 948 SNIPPET_NOT_RELEVANT 70cc6b86-9812-11e3-afce-3e7c922ef31e
ACTION SNIPPET 1200 948 SNIPPET_NOT_RELEVANT c9914388-671a-11e7-8eb5-cbccc2e7bfbf
ACTION SNIPPET 1200 948 SNIPPET_NOT_RELEVANT 72db73e4-7d8c-11e4-9a27-6fdbc612bff8
ACTION SNIPPET 1200 948 SNIPPET_NOT_RELEVANT 98db51672ce432f23710c05e1da0a245
ACTION SNIPPET 1200 948 SEEN_PREVIOUSLY b2c848cc0b7a97a9c8a4f2b2a9f46e09
ACTION SNIPPET 1200 948 SNIPPET_NOT_RELEVANT a8b32726-4b1c-11e3-be6b-d3d28122e6d4
ACTION SNIPPET 1200 948 SNIPPET_NOT_RELEVANT 4a121165f9525af3c186d4841f365270
ACTION SNIPPET 1200 948 SEEN_PREVIOUSLY 9c491ad8-b21b-11e4-827f-93f454140e2b
ACTION SNIPPET 1200 948 SEEN_PREVIOUSLY 5d3a47fc3802db2a6476f8143baa7f36
ACTION SNIPPET 1200 948 SEEN_PREVIOUSLY e18a0e2e-d760-11e6-9a36-1d296534b31e
ACTION SNIPPET 1200 948 SNIPPET_NOT_RELEVANT f7c97f9dd8838e240c906d98d2fe6593
ACTION SNIPPET 1200 948 SNIPPET_NOT_RELEVANT e16402f6f69126705b4c20c18d9f1b19
ACTION SNIPPET 1200 948 SNIPPET_NOT_RELEVANT b4d3668441481fb60907b6a16a4fc19e
ACTION SNIPPET 1200 948 SNIPPET_NOT_RELEVANT f6164a404933e31f99881ae5a7203807
ACTION SNIPPET 1200 948 SNIPPET_NOT_RELEVANT 65c9ce1064b5abc814cc0f6d278522d1
ACTION SNIPPET 1200 948 SEEN_PREVIOUSLY 1c3f797e-1501-11e5-89f3-61410da94eb1
ACTION SNIPPET 1200 948 SNIPPET_NOT_RELEVANT ed8306a966f98dedfcc7dbf6a8f120e1
ACTION SNIPPET 1200 948 SNIPPET_NOT_RELEVANT af5c6598-63b4-11e1-8941-dbe3cd6caa03
ACTION SNIPPET 1200 948 SNIPPET_NOT_RELEVANT 74469a979cf2909408d0c1be1488400c
ACTION SNIPPET 1200 948 SNIPPET_NOT_RELEVANT bdc62ebe-e96b-11e2-8f22-de4bd2a2bd39
ACTION SNIPPET 1200 948 SEEN_PREVIOUSLY a414f3d2-107e-11e6-8967-7ac733c56f12
ACTION SNIPPET 1200 948 SNIPPET_NOT_RELEVANT eae49712-2442-11e2-9313-3c7f59038d93
ACTION SNIPPET 1200 948 SEEN_PREVIOUSLY d9fdf6c4-9b1d-11e4-96cc-e858eba91ced
ACTION SNIPPET 1200 948 SNIPPET_NOT_RELEVANT 72d0d783ef8bc2e005ae1d6f08553b4e
ACTION SNIPPET 1200 948 SNIPPET_NOT_RELEVANT a08bcea33d17b9e48419a9ede7fa0bf2
ACTION SNIPPET 1200 948 SNIPPET_NOT_RELEVANT a182bd6a68531cef5489053b6a2c58ca
ACTION SNIPPET 1200 948 SNIPPET_NOT_RELEVANT 4b6b7f53d12e7b327c53eea0f41a67b2
ACTION SNIPPET 1200 948 SNIPPET_NOT_RELEVANT 64145878-0726-11e7-93dc-00f9bdd74ed1
ACTION SNIPPET 1200 948 SNIPPET_NOT_RELEVANT a6a61ad6f0304c66fd9c7a69ac823e44
ACTION SNIPPET 1200 948 SNIPPET_NOT_RELEVANT 8ae9d23323f6bdc72b9d15a9d7c4777e
ACTION SNIPPET 1200 948 SNIPPET_NOT_RELEVANT 7e8ab0c67e46cc13c5db47b6e968e362
ACTION SNIPPET 1200 948 SNIPPET_NOT_RELEVANT b1081763b715da20943bd97727f479a2
ACTION SNIPPET 1200 948 SNIPPET_NOT_RELEVANT 52299c8a3f15cc4211ff7f2661c6d6dd
ACTION SNIPPET 1200 948 SNIPPET_NOT_RELEVANT 0906e0bcfa76261b58be7958de1de007
ACTION SNIPPET 1200 948 SEEN_PREVIOUSLY ec763644-a1ae-11e4-b146-577832eafcb4
ACTION SNIPPET 1200 948 SNIPPET_NOT_RELEVANT 4b554ca24da4d937c8253c3af9e92eca
ACTION SNIPPET 1200 948 SNIPPET_NOT_RELEVANT ab4499cc4762ce15574ca9fae28499fe
ACTION SNIPPET 1200 948 SNIPPET_NOT_RELEVANT c580824c17d499cac1f639b8ccc6ee1d
ACTION SNIPPET 1200 948 SEEN_PREVIOUSLY 3a33c828-eaf7-11e5-bc08-3e03a5b41910
ACTION SNIPPET 1200 948 SNIPPET_NOT_RELEVANT e25833ab78f6125ef2751db9a9685dfe
ACTION SNIPPET 1200 948 SNIPPET_NOT_RELEVANT cd815b1b18e0263a131441205ad706b0
INFO SERP_END_REACHED 
ACTION QUERY 1200 958 tunnel disasters wiring
ACTION SERP 1200 963 EXAMINE_SERP
ACTION SNIPPET 1200 963 SNIPPET_NOT_RELEVANT 504a8268-da3b-11e5-925f-1d10062cc82d
ACTION SNIPPET 1200 963 SEEN_PREVIOUSLY 2f6f275e-dfe2-11e5-8d98-4b3d9215ade1
ACTION SNIPPET 1200 963 SNIPPET_NOT_RELEVANT 63dedebe-365b-11e7-b4ee-434b6d506b37
ACTION SNIPPET 1200 963 SNIPPET_RELEVANT 9653d3da-5d41-11e5-9757-e49273f05f65
ACTION DOC 1200 983 EXAMINING_DOCUMENT 9653d3da-5d41-11e5-9757-e49273f05f65
ACTION MARK 1200 986 CONSIDERED_RELEVANT 9653d3da-5d41-11e5-9757-e49273f05f65
ACTION SNIPPET 1200 986 SNIPPET_NOT_RELEVANT 163bc34a-d79d-11e3-8a78-8fe50322a72c
ACTION SNIPPET 1200 986 SNIPPET_NOT_RELEVANT af0fdf62-e09b-11e5-846c-10191d1fc4ec
ACTION SNIPPET 1200 986 SEEN_PREVIOUSLY 4398c84e-81da-11e6-a52d-9a865a0ed0d4
ACTION SNIPPET 1200 986 SNIPPET_NOT_RELEVANT 61d983e5a1fe6acdaa6396cba48a1cdb
ACTION SNIPPET 1200 986 SEEN_PREVIOUSLY 60c539a6-9b2d-11e4-a7ee-526210d665b4
ACTION SNIPPET 1200 986 SNIPPET_NOT_RELEVANT 516f1166-b66a-11e6-a677-b608fbb3aaf6
ACTION SNIPPET 1200 986 SNIPPET_NOT_RELEVANT 253805f5789fa9a01513555210586525
ACTION SNIPPET 1200 986 SNIPPET_NOT_RELEVANT 003d2226701cdb168fdf207e83bdc3b4
ACTION SNIPPET 1200 986 SNIPPET_NOT_RELEVANT 169851cc-1d41-11e2-9cd5-b55c38388962
ACTION SNIPPET 1200 986 SNIPPET_NOT_RELEVANT d3636524-8177-11e5-8ba6-cec48b74b2a7
ACTION SNIPPET 1200 986 SNIPPET_NOT_RELEVANT 7e99b8ce-71ca-11e1-b747-ee64265ae6c6
ACTION SNIPPET 1200 986 SNIPPET_NOT_RELEVANT 161f86da-6959-11e1-acc6-32fefc7ccd67
ACTION SNIPPET 1200 986 SNIPPET_NOT_RELEVANT 9e0c8a2c8e689ac27a197b091986222f
ACTION SNIPPET 1200 986 SEEN_PREVIOUSLY da62e630-423f-11e7-8c25-44d09ff5a4a8
ACTION SNIPPET 1200 986 SEEN_PREVIOUSLY 050aa508-a0e9-11e4-b146-577832eafcb4
ACTION SNIPPET 1200 986 SNIPPET_NOT_RELEVANT f1c0daae-3587-11e7-b412-62beef8121f7
ACTION SNIPPET 1200 986 SNIPPET_NOT_RELEVANT 80f53e64-69dc-11e5-8325-a42b5a459b1e
ACTION SNIPPET 1200 986 SNIPPET_NOT_RELEVANT 7bafb084-3636-11e6-af02-1df55f0c77ff
ACTION SNIPPET 1200 986 SNIPPET_NOT_RELEVANT 2686c2d4-2b2c-11e5-bd33-395c05608059
ACTION SNIPPET 1200 986 SNIPPET_NOT_RELEVANT 98828462-71e8-11e3-9389-09ef9944065e
ACTION SNIPPET 1200 986 SEEN_PREVIOUSLY db8d3474-1ab0-11e5-ab92-c75ae6ab94b5
ACTION SNIPPET 1200 986 SEEN_PREVIOUSLY 48bb8f5c-a49e-11e4-a06b-9df2002b86a0
ACTION SNIPPET 1200 986 SNIPPET_NOT_RELEVANT 5562f559154eb65fe7077d50adf0bc82
ACTION SNIPPET 1200 986 SEEN_PREVIOUSLY 7043ad12-9db3-11e4-bcfb-059ec7a93ddc
ACTION SNIPPET 1200 986 SNIPPET_NOT_RELEVANT 8c2166ae-c519-11e4-ad5c-3b8ce89f1b89
ACTION SNIPPET 1200 986 SEEN_PREVIOUSLY eb65241e-1bfb-11e5-93b7-5eddc056ad8a
ACTION SNIPPET 1200 986 SEEN_PREVIOUSLY f0b5a92637ba6764237454233ec936d3
ACTION SNIPPET 1200 986 SNIPPET_NOT_RELEVANT 979001e8-ebba-11e6-9973-c5efb7ccfb0d
ACTION SNIPPET 1200 986 SNIPPET_RELEVANT f51b0226-7993-11e5-bc80-9091021aeb69
ACTION DOC 1200 1006 EXAMINING_DOCUMENT f51b0226-7993-11e5-bc80-9091021aeb69
ACTION MARK 1200 1009 CONSIDERED_RELEVANT f51b0226-7993-11e5-bc80-9091021aeb69
ACTION SNIPPET 1200 1009 SNIPPET_NOT_RELEVANT 19d1b0803c05919bcd72c6888d4c9a55
ACTION SNIPPET 1200 1009 SNIPPET_NOT_RELEVANT 884942ac-2a90-11e7-b605-33413c691853
ACTION SNIPPET 1200 1009 SEEN_PREVIOUSLY a435f21ab36d7b6bc8edcdc27ad2e17f
ACTION SNIPPET 1200 1009 SNIPPET_NOT_RELEVANT 40d9b3c2-2721-11e4-8593-da634b334390
ACTION SNIPPET 1200 1009 SNIPPET_NOT_RELEVANT f34b7bd8004c900a605cdc9d353bac8c
ACTION SNIPPET 1200 1009 SNIPPET_NOT_RELEVANT 9bfae9ee390f04049c886e18099ce10c
ACTION SNIPPET 1200 1009 SEEN_PREVIOUSLY 5f90e53a-f077-11e5-85a6-2132cf446d0a
ACTION SNIPPET 1200 1009 SNIPPET_NOT_RELEVANT aff7eb76-6891-11e6-99bf-f0cf3a6449a6
ACTION SNIPPET 1200 1009 SNIPPET_NOT_RELEVANT f48839c4-2468-11e2-ba29-238a6ac36a08
ACTION SNIPPET 1200 1009 SNIPPET_NOT_RELEVANT 56f02bf6-822c-11e1-ba3d-cb532dc48601
ACTION SNIPPET 1200 1009 SEEN_PREVIOUSLY 0d337920-4f67-11e6-a422-83ab49ed5e6a
ACTION SNIPPET 1200 1009 SNIPPET_NOT_RELEVANT bafe43aee733cf43a04e1167a53704bd
ACTION SNIPPET 1200 1009 SEEN_PREVIOUSLY d48eb4093509552f38231510d8d5de5b
ACTION SNIPPET 1200 1009 SEEN_PREVIOUSLY 463d7bee-ad3d-11e4-ad71-7b9eba0f87d6
ACTION SNIPPET 1200 1009 SEEN_PREVIOUSLY dbe4d106-9cf3-11e4-96cc-e858eba91ced
ACTION SNIPPET 1200 1009 SNIPPET_NOT_RELEVANT 4a9d83e5cdab201867e2b2558145ffe0
ACTION SNIPPET 1200 1009 SNIPPET_NOT_RELEVANT 0b3153b0c7021b97cf15799cff32ff29
ACTION SNIPPET 1200 1009 SEEN_PREVIOUSLY 4354d59c8716e8cada3e01167cbc6e1f
ACTION SNIPPET 1200 1009 SNIPPET_RELEVANT cda5f0d1d160baa0d6a1a91100388b68
ACTION DOC 1200 1029 EXAMINING_DOCUMENT cda5f0d1d160baa0d6a1a91100388b68
ACTION MARK 1200 1032 CONSIDERED_RELEVANT cda5f0d1d160baa0d6a1a91100388b68
ACTION SNIPPET 1200 1032 SNIPPET_NOT_RELEVANT da465b9e-0eb4-11e4-b8e5-d0de80767fc2
ACTION SNIPPET 1200 1032 SEEN_PREVIOUSLY b2c848cc0b7a97a9c8a4f2b2a9f46e09
ACTION SNIPPET 1200 1032 SNIPPET_NOT_RELEVANT efe01048-ef74-11e4-8666-a1d756d0218e
ACTION SNIPPET 1200 1032 SNIPPET_RELEVANT 89979118-a85b-11e4-a06b-9df2002b86a0
ACTION DOC 1200 1052 EXAMINING_DOCUMENT 89979118-a85b-11e4-a06b-9df2002b86a0
ACTION MARK 1200 1055 CONSIDERED_RELEVANT 89979118-a85b-11e4-a06b-9df2002b86a0
ACTION SNIPPET 1200 1055 SEEN_PREVIOUSLY 9c491ad8-b21b-11e4-827f-93f454140e2b
ACTION SNIPPET 1200 1055 SEEN_PREVIOUSLY 5d3a47fc3802db2a6476f8143baa7f36
ACTION SNIPPET 1200 1055 SNIPPET_NOT_RELEVANT 26351416-d9e3-11e3-a837-8835df6c12c4
ACTION SNIPPET 1200 1055 SEEN_PREVIOUSLY e18a0e2e-d760-11e6-9a36-1d296534b31e
ACTION SNIPPET 1200 1055 SNIPPET_NOT_RELEVANT e16402f6f69126705b4c20c18d9f1b19
ACTION SNIPPET 1200 1055 SNIPPET_NOT_RELEVANT e2e55d9788ba7046cee9b67200745423
ACTION SNIPPET 1200 1055 SEEN_PREVIOUSLY 1c3f797e-1501-11e5-89f3-61410da94eb1
ACTION SNIPPET 1200 1055 SNIPPET_NOT_RELEVANT 37859eba-32d6-11e4-8f02-03c644b2d7d0
ACTION SNIPPET 1200 1055 SNIPPET_NOT_RELEVANT af5c6598-63b4-11e1-8941-dbe3cd6caa03
ACTION SNIPPET 1200 1055 SEEN_PREVIOUSLY a414f3d2-107e-11e6-8967-7ac733c56f12
ACTION SNIPPET 1200 1055 SNIPPET_RELEVANT aaf92f8e-80da-11e6-8327-f141a7beb626
ACTION DOC 1200 1075 EXAMINING_DOCUMENT aaf92f8e-80da-11e6-8327-f141a7beb626
ACTION MARK 1200 1078 CONSIDERED_RELEVANT aaf92f8e-80da-11e6-8327-f141a7beb626
ACTION QUERY 1200 1088 tunnel disasters sewage
ACTION SERP 1200 1093 EXAMINE_SERP
ACTION SNIPPET 1200 1093 SNIPPET_NOT_RELEVANT a9c163aa-a14c-11e2-9c03-6952ff305f35
ACTION SNIPPET 1200 1093 SNIPPET_NOT_RELEVANT 76a521b2876106563eca5fbafa02482c
ACTION SNIPPET 1200 1093 SNIPPET_NOT_RELEVANT 5820215a-8fcb-11e6-a6a3-d50061aa9fae
ACTION SNIPPET 1200 1093 SNIPPET_NOT_RELEVANT c844fc30-a8ea-11e5-9b92-dea7cd4b1a4d
ACTION SNIPPET 1200 1093 SNIPPET_NOT_RELEVANT 2973b660-45a0-11e7-a196-a1bb629f64cb
ACTION SNIPPET 1200 1093 SNIPPET_NOT_RELEVANT 896247ce-a75a-11e6-ba59-a7d93165c6d4
ACTION SNIPPET 1200 1093 SNIPPET_NOT_RELEVANT e4c43068-8459-11e3-bbe5-6a2a3141e3a9
ACTION SNIPPET 1200 1093 SNIPPET_NOT_RELEVANT 16bed5d2-8bd7-11e6-bf8a-3d26847eeed4
ACTION SNIPPET 1200 1093 SNIPPET_NOT_RELEVANT b3f4f1f2-95ac-11e3-afce-3e7c922ef31e
ACTION SNIPPET 1200 1093 SNIPPET_NOT_RELEVANT b26e7580-26b1-11e7-a1b3-faff0034e2de
ACTION SNIPPET 1200 1093 SNIPPET_NOT_RELEVANT de86f0ec22dd9760b2da7c46e71c9197
ACTION SNIPPET 1200 1093 SNIPPET_NOT_RELEVANT d9b285d6-f5fc-11e1-8b93-c4f4ab1c8d13
ACTION SNIPPET 1200 1093 SNIPPET_NOT_RELEVANT 85499b4a-3fd7-11e2-ae43-cf491b837f7b
ACTION SNIPPET 1200 1093 SNIPPET_NOT_RELEVANT 04acfaa0-fd85-11e3-8176-f2c941cf35f1
ACTION SNIPPET 1200 1093 SNIPPET_NOT_RELEVANT 3bfe86deb0d6cf136377d054ea01a96c
ACTION SNIPPET 1200 1093 SNIPPET_NOT_RELEVANT e20b1c60-8dc3-11e3-98ab-fe5228217bd1
ACTION SNIPPET 1200 1093 SNIPPET_NOT_RELEVANT 0ff897b4f89c711f6ac7d079144f3d9d
ACTION SNIPPET 1200 1093 SNIPPET_NOT_RELEVANT 5d86625cf3d9a4e349408453a2431ec9
ACTION SNIPPET 1200 1093 SNIPPET_NOT_RELEVANT 68e9bef8-17b9-11e2-a55c-39408fbe6a4b
ACTION SNIPPET 1200 1093 SNIPPET_NOT_RELEVANT a213bc10-fe1e-11e6-99b4-9e613afeb09f
ACTION SNIPPET 1200 1093 SNIPPET_NOT_RELEVANT 69edcd9c-93af-11e5-a2d6-f57908580b1f
ACTION SNIPPET 1200 1093 SEEN_PREVIOUSLY 4398c84e-81da-11e6-a52d-9a865a0ed0d4
ACTION SNIPPET 1200 1093 SNIPPET_NOT_RELEVANT 61d983e5a1fe6acdaa6396cba48a1cdb
ACTION SNIPPET 1200 1093 SEEN_PREVIOUSLY 60c539a6-9b2d-11e4-a7ee-526210d665b4
ACTION SNIPPET 1200 1093 SNIPPET_NOT_RELEVANT bbf54206-1c47-11e2-9cd5-b55c38388962
ACTION SNIPPET 1200 1093 SNIPPET_NOT_RELEVANT 601a14d2-206c-11e3-b7d1-7153ad47b549
ACTION SNIPPET 1200 1093 SNIPPET_NOT_RELEVANT 0dcbf9f4-ff1b-11e4-805c-c3f407e5a9e9
ACTION SNIPPET 1200 1093 SNIPPET_NOT_RELEVANT 4a1c39fa-0d92-11e2-bb5e-492c0d30bff6
ACTION SNIPPET 1200 1093 SNIPPET_NOT_RELEVANT c26e66606cd07c22b6b3e4cb9573a4a8
ACTION SNIPPET 1200 1093 SNIPPET_NOT_RELEVANT 79ee2e3e-8693-11e2-9d71-f0feafdd1394
ACTION SNIPPET 1200 1093 SEEN_PREVIOUSLY da62e630-423f-11e7-8c25-44d09ff5a4a8
ACTION SNIPPET 1200 1093 SNIPPET_NOT_RELEVANT f7056a033513cc4df92a77ff4638bb81
ACTION SNIPPET 1200 1093 SNIPPET_NOT_RELEVANT a331d1bbc271485dc81b8705d5dc597c
ACTION SNIPPET 1200 1093 SNIPPET_NOT_RELEVANT 7bcbf46ee75b305a5033477e3da5e689
ACTION SNIPPET 1200 1093 SNIPPET_NOT_RELEVANT 853cb1b8-b7fb-11e2-b94c-b684dda07add
ACTION SNIPPET 1200 1093 SEEN_PREVIOUSLY 050aa508-a0e9-11e4-b146-577832eafcb4
ACTION SNIPPET 1200 1093 SNIPPET_NOT_RELEVANT 9ee44eec27914f5634cca9ef4474c310
ACTION SNIPPET 1200 1093 SNIPPET_NOT_RELEVANT 5791428e-2b20-11e5-a5ea-cf74396e59ec
ACTION SNIPPET 1200 1093 SNIPPET_NOT_RELEVANT f1c0daae-3587-11e7-b412-62beef8121f7
ACTION SNIPPET 1200 1093 SNIPPET_NOT_RELEVANT a99b45a4-36e5-11e5-9d0f-7865a67390ee
ACTION SNIPPET 1200 1093 SNIPPET_NOT_RELEVANT 80f53e64-69dc-11e5-8325-a42b5a459b1e
ACTION SNIPPET 1200 1093 SNIPPET_NOT_RELEVANT 23dad8805bab00b183602d198eb9f16e
ACTION SNIPPET 1200 1093 SNIPPET_NOT_RELEVANT 588ebf3c-0f1f-11e3-85b6-d27422650fd5
ACTION SNIPPET 1200 1093 SNIPPET_NOT_RELEVANT 245fd2e2-f36f-11e4-bcc4-e8141e5eb0c9
ACTION SNIPPET 1200 1093 SNIPPET_NOT_RELEVANT 866bb4f2-d9e8-11e3-b745-87d39690c5c0
ACTION SNIPPET 1200 1093 SNIPPET_NOT_RELEVANT e9aaaa42-d2f3-11e3-95d3-3bcd77cd4e11
ACTION SNIPPET 1200 1093 SNIPPET_NOT_RELEVANT 2686c2d4-2b2c-11e5-bd33-395c05608059
ACTION SNIPPET 1200 1093 SNIPPET_NOT_RELEVANT 0e80d546-a384-11e5-9c4e-be37f66848bb
ACTION SNIPPET 1200 1093 SEEN_PREVIOUSLY db8d3474-1ab0-11e5-ab92-c75ae6ab94b5
ACTION SNIPPET 1200 1093 SEEN_PREVIOUSLY 48bb8f5c-a49e-11e4-a06b-9df2002b86a0
ACTION SNIPPET 1200 1093 SNIPPET_NOT_RELEVANT 2e5b2cf2-f58a-11e4-84a6-6d7c67c50db0
ACTION SNIPPET 1200 1093 SNIPPET_NOT_RELEVANT 69ef4a8e-b33b-11e2-baf7-5bc2a9dc6f44
ACTION SNIPPET 1200 1093 SNIPPET_NOT_RELEVANT 5ed7ff4f748adf7890ae254914b0be3a
ACTION SNIPPET 1200 1093 SNIPPET_NOT_RELEVANT a2d97e811a1c42bec7651b428a50fdf4
ACTION SNIPPET 1200 1093 SNIPPET_NOT_RELEVANT 5f98c1308d305c8d7c40faa3ec2a01df
ACTION SNIPPET 1200 1093 SNIPPET_NOT_RELEVANT 042fabac-37d2-11e6-8f7c-d4c723a2becb
ACTION SNIPPET 1200 1093 SNIPPET_NOT_RELEVANT 78f4380c-a3d9-11e3-a5fa-55f0c77bf39c
ACTION SNIPPET 1200 1093 SNIPPET_NOT_RELEVANT ee15f7c0-db4d-11e1-bd1f-8f2b57de6d94
ACTION SNIPPET 1200 1093 SNIPPET_NOT_RELEVANT 0d7c0178b02463ce7265865241ad8da2
ACTION SNIPPET 1200 1093 SNIPPET_NOT_RELEVANT e715e0adc9906256a7020a0e9c543969
ACTION SNIPPET 1200 1093 SNIPPET_NOT_RELEVANT 48827918-55cf-11e6-b7de-dfe509430c39
ACTION SNIPPET 1200 1093 SNIPPET_NOT_RELEVANT 08365bac-d8f3-11e6-9f9f-5cdb4b7f8dd7
ACTION SNIPPET 1200 1093 SEEN_PREVIOUSLY eb65241e-1bfb-11e5-93b7-5eddc056ad8a
ACTION SNIPPET 1200 1093 SNIPPET_NOT_RELEVANT 5adfdbbe-97bf-11e6-bb29-bf2701dbe0a3
ACTION SNIPPET 1200 1093 SNIPPET_NOT_RELEVANT ed3f1a34-3c65-11e1-af18-7ec0de5907e2
ACTION SNIPPET 1200 1093 SNIPPET_NOT_RELEVANT fcffbe98-4cfe-11e6-bf27-405106836f96
ACTION SNIPPET 1200 1093 SNIPPET_NOT_RELEVANT 65d7051c-28ab-11e5-bd33-395c05608059
ACTION SNIPPET 1200 1093 SEEN_PREVIOUSLY f0b5a92637ba6764237454233ec936d3
ACTION SNIPPET 1200 1093 SNIPPET_NOT_RELEVANT 3979dc13f1a95d716b8ab154b188993e
ACTION SNIPPET 1200 1093 SNIPPET_NOT_RELEVANT 979001e8-ebba-11e6-9973-c5efb7ccfb0d
ACTION SNIPPET 1200 1093 SNIPPET_NOT_RELEVANT bcc13362-a91f-11e5-b596-113f59ee069a
ACTION SNIPPET 1200 1093 SNIPPET_NOT_RELEVANT 19d1b0803c05919bcd72c6888d4c9a55
ACTION SNIPPET 1200 1093 SNIPPET_NOT_RELEVANT b3035e1e9ec67913421163432603e4a3
ACTION SNIPPET 1200 1093 SNIPPET_NOT_RELEVANT f56a8cda-37eb-11e6-a254-2b336e293a3c
ACTION SNIPPET 1200 1093 SNIPPET_NOT_RELEVANT 46cecd3292d48393c6833b948fc8378b
ACTION SNIPPET 1200 1093 SNIPPET_NOT_RELEVANT 0d92a1d96ac807b43c4e2704cd1457d1
ACTION SNIPPET 1200 1093 SNIPPET_NOT_RELEVANT 89d7dcb6-52b2-11e6-88eb-7dda4e2f2aec
ACTION SNIPPET 1200 1093 SEEN_PREVIOUSLY a435f21ab36d7b6bc8edcdc27ad2e17f
ACTION SNIPPET 1200 1093 SNIPPET_NOT_RELEVANT 8d1b7710-c448-11e4-ad5c-3b8ce89f1b89
ACTION SNIPPET 1200 1093 SNIPPET_NOT_RELEVANT ae838c2a-607b-11e4-9f3a-7e28799e0549
ACTION SNIPPET 1200 1093 SEEN_PREVIOUSLY 2f6f275e-dfe2-11e5-8d98-4b3d9215ade1
ACTION SNIPPET 1200 1093 SNIPPET_NOT_RELEVANT d5657cf2-85f5-11e2-9d71-f0feafdd1394
ACTION SNIPPET 1200 1093 SNIPPET_NOT_RELEVANT e7766bc1b52d620ceee84848148ea2c9
ACTION SNIPPET 1200 1093 SNIPPET_NOT_RELEVANT 0f6d5d209fae093e840d92d194cc2174
ACTION SNIPPET 1200 1093 SNIPPET_NOT_RELEVANT 1bdbd9d25379a0d74c7c75b7ff303003
ACTION SNIPPET 1200 1093 SNIPPET_NOT_RELEVANT 423d8f3c-de5c-11e6-ad42-f3375f271c9c
ACTION SNIPPET 1200 1093 SNIPPET_NOT_RELEVANT 686eea07055904cfbd6f3a3a290ef66f
ACTION SNIPPET 1200 1093 SNIPPET_NOT_RELEVANT ad6d9a795e74cc8b9e712b609029cab0
ACTION SNIPPET 1200 1093 SNIPPET_NOT_RELEVANT f34b7bd8004c900a605cdc9d353bac8c
ACTION SNIPPET 1200 1093 SNIPPET_NOT_RELEVANT d29bdab6-2451-11e3-ad0d-b7c8d2a594b9
ACTION SNIPPET 1200 1093 SNIPPET_NOT_RELEVANT 616717cc-d2fa-11e3-8a78-8fe50322a72c
ACTION SNIPPET 1200 1093 SNIPPET_NOT_RELEVANT 504a8268-da3b-11e5-925f-1d10062cc82d
ACTION SNIPPET 1200 1093 SNIPPET_NOT_RELEVANT 5c66acf6-05e5-11e4-a0dd-f2b22a257353
ACTION SNIPPET 1200 1093 SNIPPET_NOT_RELEVANT fedc32ef212a1444e5c4a845c6a3440b
ACTION SNIPPET 1200 1093 SEEN_PREVIOUSLY 5f90e53a-f077-11e5-85a6-2132cf446d0a
ACTION SNIPPET 1200 1093 SNIPPET_NOT_RELEVANT 48fa63d5bfa9ff53314b68a6ac0440f2
ACTION SNIPPET 1200 1093 SNIPPET_NOT_RELEVANT f48839c4-2468-11e2-ba29-238a6ac36a08
ACTION SNIPPET 1200 1093 SNIPPET_NOT_RELEVANT 4bfaeda13622e3c6c4964a337b9da050
ACTION SNIPPET 1200 1093 SNIPPET_NOT_RELEVANT 4096eee4-40a9-11e7-9869-bac8b446820a
ACTION SNIPPET 1200 1093 SNIPPET_NOT_RELEVANT dc0e6900-eff6-11e6-9662-6eedf1627882
INFO SERP_END_REACHED 
ACTION QUERY 1200 1103 tunnel disasters water
ACTION SERP 1200 1108 EXAMINE_SERP
ACTION SNIPPET 1200 1108 SNIPPET_NOT_RELEVANT 979001e8-ebba-11e6-9973-c5efb7ccfb0d
ACTION SNIPPET 1200 1108 SNIPPET_NOT_RELEVANT f48839c4-2468-11e2-ba29-238a6ac36a08
ACTION SNIPPET 1200 1108 SNIPPET_NOT_RELEVANT bafe43aee733cf43a04e1167a53704bd
ACTION SNIPPET 1200 1108 SNIPPET_RELEVANT e94573bf7f6608366c0dea8debfdd5cd
ACTION DOC 1200 1128 EXAMINING_DOCUMENT e94573bf7f6608366c0dea8debfdd5cd
ACTION MARK 1200 1131 CONSIDERED_RELEVANT e94573bf7f6608366c0dea8debfdd5cd
ACTION SNIPPET 1200 1131 SEEN_PREVIOUSLY 4398c84e-81da-11e6-a52d-9a865a0ed0d4
ACTION SNIPPET 1200 1131 SNIPPET_NOT_RELEVANT 61d983e5a1fe6acdaa6396cba48a1cdb
ACTION SNIPPET 1200 1131 SNIPPET_NOT_RELEVANT cea84950-022a-11e4-8572-4b1b969b6322
ACTION SNIPPET 1200 1131 SNIPPET_NOT_RELEVANT f34b7bd8004c900a605cdc9d353bac8c
ACTION SNIPPET 1200 1131 SNIPPET_NOT_RELEVANT 4e526684-5aae-11e7-9b7d-14576dc0f39d
ACTION SNIPPET 1200 1131 SEEN_PREVIOUSLY 60c539a6-9b2d-11e4-a7ee-526210d665b4
ACTION SNIPPET 1200 1131 SNIPPET_NOT_RELEVANT a9c163aa-a14c-11e2-9c03-6952ff305f35
ACTION SNIPPET 1200 1131 SNIPPET_NOT_RELEVANT 2686c2d4-2b2c-11e5-bd33-395c05608059
ACTION SNIPPET 1200 1131 SNIPPET_NOT_RELEVANT 5d86625cf3d9a4e349408453a2431ec9
ACTION SNIPPET 1200 1131 SNIPPET_NOT_RELEVANT ec038d10-c373-11e4-ad5c-3b8ce89f1b89
ACTION SNIPPET 1200 1131 SNIPPET_NOT_RELEVANT bb73fe1911c392ec2a39901d5179840a
ACTION SNIPPET 1200 1131 SNIPPET_NOT_RELEVANT e9f8057b313e49eac628bfd9c8ebf9da
ACTION SNIPPET 1200 1131 SNIPPET_NOT_RELEVANT e4c43068-8459-11e3-bbe5-6a2a3141e3a9
ACTION SNIPPET 1200 1131 SNIPPET_NOT_RELEVANT 7933ce7a-db94-11e3-bda1-9b46b2066796
ACTION SNIPPET 1200 1131 SNIPPET_NOT_RELEVANT 7f995a11c1b02f44dee76920bd780bc1
ACTION SNIPPET 1200 1131 SNIPPET_NOT_RELEVANT 68e9bef8-17b9-11e2-a55c-39408fbe6a4b
ACTION SNIPPET 1200 1131 SNIPPET_NOT_RELEVANT b97ad65578e8c295feccc18d9d679d44
ACTION SNIPPET 1200 1131 SNIPPET_NOT_RELEVANT 5fcd90c6-0c35-11e3-b87c-476db8ac34cd
ACTION SNIPPET 1200 1131 SNIPPET_NOT_RELEVANT 3bfe86deb0d6cf136377d054ea01a96c
ACTION SNIPPET 1200 1131 SNIPPET_NOT_RELEVANT ef18c8dd64641f2e7ae4c61510fd5aa8
ACTION SNIPPET 1200 1131 SNIPPET_NOT_RELEVANT 0ff897b4f89c711f6ac7d079144f3d9d
ACTION SNIPPET 1200 1131 SNIPPET_NOT_RELEVANT fefe1da6-3086-11e5-8f36-18d1d501920d
ACTION SNIPPET 1200 1131 SNIPPET_NOT_RELEVANT fb8baedb541abb98418e26ebcd4f62c6
ACTION SNIPPET 1200 1131 SNIPPET_NOT_RELEVANT 6ef6d03e-e858-11e4-9767-6276fc9b0ada
ACTION SNIPPET 1200 1131 SNIPPET_NOT_RELEVANT 8f8a8652-4fd7-11e4-8c24-487e92bc997b
ACTION SNIPPET 1200 1131 SNIPPET_NOT_RELEVANT 222ed953f936113d5c3225d929a0a6a2
ACTION SNIPPET 1200 1131 SNIPPET_NOT_RELEVANT de86f0ec22dd9760b2da7c46e71c9197
ACTION SNIPPET 1200 1131 SEEN_PREVIOUSLY b2c848cc0b7a97a9c8a4f2b2a9f46e09
ACTION SNIPPET 1200 1131 SNIPPET_NOT_RELEVANT e20b1c60-8dc3-11e3-98ab-fe5228217bd1
ACTION SNIPPET 1200 1131 SNIPPET_NOT_RELEVANT c162abc4-9da1-11e4-bcfb-059ec7a93ddc
ACTION SNIPPET 1200 1131 SNIPPET_NOT_RELEVANT fdb2cb8d0ea868d82297a7bbedea7493
ACTION SNIPPET 1200 1131 SNIPPET_NOT_RELEVANT d9b285d6-f5fc-11e1-8b93-c4f4ab1c8d13
ACTION SNIPPET 1200 1131 SNIPPET_NOT_RELEVANT d4c2af896f028d338ad69383ee11cce0
ACTION SNIPPET 1200 1131 SNIPPET_NOT_RELEVANT 9a215e0a-ef90-11e6-9662-6eedf1627882
ACTION SNIPPET 1200 1131 SNIPPET_NOT_RELEVANT 2bfeaea6-a458-11e1-8cb3-5fa3850c30f7
ACTION SNIPPET 1200 1131 SEEN_PREVIOUSLY 9c491ad8-b21b-11e4-827f-93f454140e2b
ACTION SNIPPET 1200 1131 SNIPPET_NOT_RELEVANT 85499b4a-3fd7-11e2-ae43-cf491b837f7b
ACTION SNIPPET 1200 1131 SNIPPET_NOT_RELEVANT 68b9afd5c0ba0b0d0fd88df6fa3c2ec2
ACTION SNIPPET 1200 1131 SNIPPET_NOT_RELEVANT 1a52ef3e-5851-11e7-840b-512026319da7
ACTION SNIPPET 1200 1131 SNIPPET_NOT_RELEVANT a8ba9d277fcc724641e15c9b069a3954
ACTION SNIPPET 1200 1131 SNIPPET_RELEVANT 28175d0c-6f8c-11e1-b747-ee64265ae6c6
ACTION DOC 1200 1151 EXAMINING_DOCUMENT 28175d0c-6f8c-11e1-b747-ee64265ae6c6
ACTION MARK 1200 1154 CONSIDERED_RELEVANT 28175d0c-6f8c-11e1-b747-ee64265ae6c6
ACTION SNIPPET 1200 1154 SEEN_PREVIOUSLY 7043ad12-9db3-11e4-bcfb-059ec7a93ddc
ACTION SNIPPET 1200 1154 SNIPPET_NOT_RELEVANT 60dcfa24-2473-11e7-bb9d-8cd6118e1409
ACTION SNIPPET 1200 1154 SNIPPET_NOT_RELEVANT 0dcbf9f4-ff1b-11e4-805c-c3f407e5a9e9
ACTION SNIPPET 1200 1154 SNIPPET_NOT_RELEVANT c844fc30-a8ea-11e5-9b92-dea7cd4b1a4d
ACTION SNIPPET 1200 1154 SNIPPET_NOT_RELEVANT 7e7eb1269e67782fd4e0ac89150a78a7
ACTION SNIPPET 1200 1154 SEEN_PREVIOUSLY 1c3f797e-1501-11e5-89f3-61410da94eb1
ACTION SNIPPET 1200 1154 SNIPPET_NOT_RELEVANT df038522-5f76-11e4-8b9e-2ccdac31a031
ACTION SNIPPET 1200 1154 SNIPPET_NOT_RELEVANT 76a521b2876106563eca5fbafa02482c
ACTION SNIPPET 1200 1154 SEEN_PREVIOUSLY da62e630-423f-11e7-8c25-44d09ff5a4a8
ACTION SNIPPET 1200 1154 SNIPPET_RELEVANT 7cc6f344-102b-11e3-bdf6-e4fc677d94a1
ACTION DOC 1200 1174 EXAMINING_DOCUMENT 7cc6f344-102b-11e3-bdf6-e4fc677d94a1
ACTION MARK 1200 1177 CONSIDERED_RELEVANT 7cc6f344-102b-11e3-bdf6-e4fc677d94a1
ACTION SNIPPET 1200 1177 SNIPPET_NOT_RELEVANT 04acfaa0-fd85-11e3-8176-f2c941cf35f1
ACTION SNIPPET 1200 1177 SNIPPET_NOT_RELEVANT 696445d870373e097298b283df8d2116
ACTION SNIPPET 1200 1177 SEEN_PREVIOUSLY 050aa508-a0e9-11e4-b146-577832eafcb4
ACTION SNIPPET 1200 1177 SNIPPET_NOT_RELEVANT f1c0daae-3587-11e7-b412-62beef8121f7
ACTION SNIPPET 1200 1177 SNIPPET_NOT_RELEVANT 9d8a9930-27c4-11e4-8b10-7db129976abb
ACTION SNIPPET 1200 1177 SNIPPET_NOT_RELEVANT 80f53e64-69dc-11e5-8325-a42b5a459b1e
ACTION SNIPPET 1200 1177 SNIPPET_NOT_RELEVANT 9d8324bc971a3dccb094ac1d82d827db
ACTION SNIPPET 1200 1177 SNIPPET_NOT_RELEVANT e68fd112-db85-11e3-b745-87d39690c5c0
ACTION SNIPPET 1200 1177 SEEN_PREVIOUSLY db8d3474-1ab0-11e5-ab92-c75ae6ab94b5
ACTION SNIPPET 1200 1177 SEEN_PREVIOUSLY 48bb8f5c-a49e-11e4-a06b-9df2002b86a0
ACTION SNIPPET 1200 1177 SNIPPET_NOT_RELEVANT e58ce88bca94813dd1a328e6f5a96a5e
ACTION SNIPPET 1200 1177 SNIPPET_NOT_RELEVANT 5c5f05ca-e254-11e6-ba11-63c4b4fb5a63
ACTION SNIPPET 1200 1177 SNIPPET_NOT_RELEVANT ca534114-3f28-11e2-ae43-cf491b837f7b
ACTION SNIPPET 1200 1177 SNIPPET_NOT_RELEVANT 7e1dba1fe46648d5d6dd8a925012a60e
ACTION SNIPPET 1200 1177 SNIPPET_NOT_RELEVANT 9a8f5f40-db32-11e5-8210-f0bd8de915f6
ACTION SNIPPET 1200 1177 SNIPPET_NOT_RELEVANT 4a4acb82-6290-11e7-8adc-fea80e32bf47
ACTION SNIPPET 1200 1177 SNIPPET_RELEVANT 93952654-9c4d-11e4-a7ee-526210d665b4
ACTION DOC 1200 1197 EXAMINING_DOCUMENT 93952654-9c4d-11e4-a7ee-526210d665b4
ACTION MARK 1200 1200 CONSIDERED_RELEVANT 93952654-9c4d-11e4-a7ee-526210d665b4
INFO SUMMARY 
INFO TOTAL_QUERIES_ISSUED 11
INFO TOTAL_SNIPPETS_EXAMINED 598
INFO TOTAL_DOCUMENTS_EXAMINED 45
INFO TOTAL_DOCUMENTS_MARKED_RELEVANT 45
INFO TOTAL_ATTRACTIVE_SERP_IMPRESSIONS 11
INFO TOTAL_UNATTRACTIVE_SERP_IMPRESSIONS 0
INFO TOTAL_TREC_RELEVANT_DOCS 45
INFO TOTAL_UNIQ_TREC_RELEVANT_DOCS 45
INFO PRECISION_TREC_RELEVANT_DOCS 1.0
