ACTION START 1200 0 START
ACTION QUERY 1200 10 computer health risks
ACTION SERP 1200 15 EXAMINE_SERP
ACTION SNIPPET 1200 15 SNIPPET_RELEVANT d3d45ffb3aebfd7f819fe355efacae98
ACTION DOC 1200 35 EXAMINING_DOCUMENT d3d45ffb3aebfd7f819fe355efacae98
ACTION MARK 1200 38 CONSIDERED_RELEVANT d3d45ffb3aebfd7f819fe355efacae98
ACTION SNIPPET 1200 38 SNIPPET_RELEVANT 9c444dc45b85366324e6be5146a8ae65
ACTION DOC 1200 58 EXAMINING_DOCUMENT 9c444dc45b85366324e6be5146a8ae65
ACTION SNIPPET 1200 58 SNIPPET_RELEVANT 100fb80e-78ad-11e3-af7f-13bf0e9965f6
ACTION DOC 1200 78 EXAMINING_DOCUMENT 100fb80e-78ad-11e3-af7f-13bf0e9965f6
ACTION SNIPPET 1200 78 SNIPPET_RELEVANT aa565686-60a8-11e5-9757-e49273f05f65
ACTION DOC 1200 98 EXAMINING_DOCUMENT aa565686-60a8-11e5-9757-e49273f05f65
ACTION SNIPPET 1200 98 SNIPPET_RELEVANT b79cc0fe-d370-11e2-b05f-3ea3f0e7bb5a
ACTION DOC 1200 118 EXAMINING_DOCUMENT b79cc0fe-d370-11e2-b05f-3ea3f0e7bb5a
ACTION SNIPPET 1200 118 SNIPPET_RELEVANT ce671a02-5a2c-11e4-8264-deed989ae9a2
ACTION DOC 1200 138 EXAMINING_DOCUMENT ce671a02-5a2c-11e4-8264-deed989ae9a2
ACTION QUERY 1200 148 terminal fatigue syndrome
ACTION SERP 1200 153 EXAMINE_SERP
ACTION SNIPPET 1200 153 SNIPPET_RELEVANT b3e863e6-01bb-11e2-9367-4e1bafb958db
ACTION DOC 1200 173 EXAMINING_DOCUMENT b3e863e6-01bb-11e2-9367-4e1bafb958db
ACTION MARK 1200 176 CONSIDERED_RELEVANT b3e863e6-01bb-11e2-9367-4e1bafb958db
ACTION SNIPPET 1200 176 SNIPPET_RELEVANT d9dbff0ee487a36f1269991d0c32e9e5
ACTION DOC 1200 196 EXAMINING_DOCUMENT d9dbff0ee487a36f1269991d0c32e9e5
ACTION MARK 1200 199 CONSIDERED_RELEVANT d9dbff0ee487a36f1269991d0c32e9e5
ACTION SNIPPET 1200 199 SNIPPET_RELEVANT def05db4-0d1c-11e4-b8e5-d0de80767fc2
ACTION DOC 1200 219 EXAMINING_DOCUMENT def05db4-0d1c-11e4-b8e5-d0de80767fc2
ACTION MARK 1200 222 CONSIDERED_RELEVANT def05db4-0d1c-11e4-b8e5-d0de80767fc2
ACTION SNIPPET 1200 222 SNIPPET_RELEVANT af1ea02a-e027-11e5-8c00-8aa03741dced
ACTION DOC 1200 242 EXAMINING_DOCUMENT af1ea02a-e027-11e5-8c00-8aa03741dced
ACTION MARK 1200 245 CONSIDERED_RELEVANT af1ea02a-e027-11e5-8c00-8aa03741dced
ACTION SNIPPET 1200 245 SNIPPET_RELEVANT 4dabc25626ca9ffbbb3e17cce84ef03e
ACTION DOC 1200 265 EXAMINING_DOCUMENT 4dabc25626ca9ffbbb3e17cce84ef03e
ACTION MARK 1200 268 CONSIDERED_RELEVANT 4dabc25626ca9ffbbb3e17cce84ef03e
ACTION QUERY 1200 278 carpel tunnel prevention
ACTION SERP 1200 283 EXAMINE_SERP
ACTION SNIPPET 1200 283 SNIPPET_RELEVANT 7cca62eab17e64892e1153794293b50b
ACTION DOC 1200 303 EXAMINING_DOCUMENT 7cca62eab17e64892e1153794293b50b
ACTION SNIPPET 1200 303 SNIPPET_RELEVANT ee73c3b4-fa7b-11e4-9030-b4732caefe81
ACTION DOC 1200 323 EXAMINING_DOCUMENT ee73c3b4-fa7b-11e4-9030-b4732caefe81
ACTION SNIPPET 1200 323 SNIPPET_RELEVANT 5f116d52-3976-11e2-b01f-5f55b193f58f
ACTION DOC 1200 343 EXAMINING_DOCUMENT 5f116d52-3976-11e2-b01f-5f55b193f58f
ACTION SNIPPET 1200 343 SNIPPET_RELEVANT e94573bf7f6608366c0dea8debfdd5cd
ACTION DOC 1200 363 EXAMINING_DOCUMENT e94573bf7f6608366c0dea8debfdd5cd
ACTION SNIPPET 1200 363 SNIPPET_RELEVANT 870ed7a24db22e58e81ccae2926dd383
ACTION DOC 1200 383 EXAMINING_DOCUMENT 870ed7a24db22e58e81ccae2926dd383
ACTION SNIPPET 1200 383 SNIPPET_RELEVANT 91d76a54b98963cd273e22d5152e2b4f
ACTION DOC 1200 403 EXAMINING_DOCUMENT 91d76a54b98963cd273e22d5152e2b4f
ACTION QUERY 1200 413 eye strain computer
ACTION SERP 1200 418 EXAMINE_SERP
ACTION SNIPPET 1200 418 SNIPPET_RELEVANT 5fd91044b85f0ba410ea55109a4774c4
ACTION DOC 1200 438 EXAMINING_DOCUMENT 5fd91044b85f0ba410ea55109a4774c4
ACTION MARK 1200 441 CONSIDERED_RELEVANT 5fd91044b85f0ba410ea55109a4774c4
ACTION SNIPPET 1200 441 SNIPPET_RELEVANT c816b7097b1967a43b9b8b6fc940c413
ACTION DOC 1200 461 EXAMINING_DOCUMENT c816b7097b1967a43b9b8b6fc940c413
ACTION MARK 1200 464 CONSIDERED_RELEVANT c816b7097b1967a43b9b8b6fc940c413
ACTION SNIPPET 1200 464 SNIPPET_RELEVANT aad5b058741d0c018e19005a66e6d31d
ACTION DOC 1200 484 EXAMINING_DOCUMENT aad5b058741d0c018e19005a66e6d31d
ACTION MARK 1200 487 CONSIDERED_RELEVANT aad5b058741d0c018e19005a66e6d31d
ACTION SNIPPET 1200 487 SNIPPET_RELEVANT 4b5674897e2549867c233128925634d5
ACTION DOC 1200 507 EXAMINING_DOCUMENT 4b5674897e2549867c233128925634d5
ACTION MARK 1200 510 CONSIDERED_RELEVANT 4b5674897e2549867c233128925634d5
ACTION SNIPPET 1200 510 SNIPPET_RELEVANT 740b181e653a71028e577d43338ae3e2
ACTION DOC 1200 530 EXAMINING_DOCUMENT 740b181e653a71028e577d43338ae3e2
ACTION MARK 1200 533 CONSIDERED_RELEVANT 740b181e653a71028e577d43338ae3e2
ACTION QUERY 1200 543 workplace health hazards
ACTION SERP 1200 548 EXAMINE_SERP
ACTION SNIPPET 1200 548 SNIPPET_RELEVANT fd1de15483f64ec86b4adbd12e6535c6
ACTION DOC 1200 568 EXAMINING_DOCUMENT fd1de15483f64ec86b4adbd12e6535c6
ACTION SNIPPET 1200 568 SNIPPET_RELEVANT 179cdab5135681f56df0b5ee8f46bfda
ACTION DOC 1200 588 EXAMINING_DOCUMENT 179cdab5135681f56df0b5ee8f46bfda
ACTION SNIPPET 1200 588 SNIPPET_RELEVANT 5237f4c5e51e70eacd122d3e1b936a67
ACTION DOC 1200 608 EXAMINING_DOCUMENT 5237f4c5e51e70eacd122d3e1b936a67
ACTION SNIPPET 1200 608 SNIPPET_RELEVANT 5b26d964-3b35-11e7-9e48-c4f199710b69
ACTION DOC 1200 628 EXAMINING_DOCUMENT 5b26d964-3b35-11e7-9e48-c4f199710b69
ACTION MARK 1200 631 CONSIDERED_RELEVANT 5b26d964-3b35-11e7-9e48-c4f199710b69
ACTION SNIPPET 1200 631 SNIPPET_RELEVANT ee47134c-6fb8-11e6-8365-b19e428a975e
ACTION DOC 1200 651 EXAMINING_DOCUMENT ee47134c-6fb8-11e6-8365-b19e428a975e
ACTION SNIPPET 1200 651 SNIPPET_RELEVANT 4cbdeb50-3d49-11e1-af18-7ec0de5907e2
ACTION DOC 1200 671 EXAMINING_DOCUMENT 4cbdeb50-3d49-11e1-af18-7ec0de5907e2
ACTION QUERY 1200 681 repetitive stress injury
ACTION SERP 1200 686 EXAMINE_SERP
ACTION SNIPPET 1200 686 SNIPPET_RELEVANT 49ff6fc6-c0f3-11e3-bcec-b71ee10e9bc3
ACTION DOC 1200 706 EXAMINING_DOCUMENT 49ff6fc6-c0f3-11e3-bcec-b71ee10e9bc3
ACTION SNIPPET 1200 706 SNIPPET_RELEVANT f828a38bb44125e457bbc6822103597b
ACTION DOC 1200 726 EXAMINING_DOCUMENT f828a38bb44125e457bbc6822103597b
ACTION SNIPPET 1200 726 SNIPPET_RELEVANT da59e4a8019c35a5f9e661c481453c12
ACTION DOC 1200 746 EXAMINING_DOCUMENT da59e4a8019c35a5f9e661c481453c12
ACTION SNIPPET 1200 746 SNIPPET_RELEVANT 051479610639cdd1ffbdebbc27a7c6e2
ACTION DOC 1200 766 EXAMINING_DOCUMENT 051479610639cdd1ffbdebbc27a7c6e2
ACTION SNIPPET 1200 766 SNIPPET_RELEVANT 2cbdc8d88a7ec970bdc373936d8fa289
ACTION DOC 1200 786 EXAMINING_DOCUMENT 2cbdc8d88a7ec970bdc373936d8fa289
ACTION SNIPPET 1200 786 SNIPPET_RELEVANT f3a51462-1e69-11e4-ab7b-696c295ddfd1
ACTION DOC 1200 806 EXAMINING_DOCUMENT f3a51462-1e69-11e4-ab7b-696c295ddfd1
ACTION QUERY 1200 816 computer vision syndrome
ACTION SERP 1200 821 EXAMINE_SERP
ACTION SNIPPET 1200 821 SEEN_PREVIOUSLY d3d45ffb3aebfd7f819fe355efacae98
ACTION SNIPPET 1200 821 SNIPPET_RELEVANT f20fb9a6-41f1-11e6-88d0-6adee48be8bc
ACTION DOC 1200 841 EXAMINING_DOCUMENT f20fb9a6-41f1-11e6-88d0-6adee48be8bc
ACTION SNIPPET 1200 841 SNIPPET_RELEVANT ab3cff0e80433481f3fa20b30211d745
ACTION DOC 1200 861 EXAMINING_DOCUMENT ab3cff0e80433481f3fa20b30211d745
ACTION SNIPPET 1200 861 SNIPPET_RELEVANT 4d527764269e7b559648bf373b1a5d18
ACTION DOC 1200 881 EXAMINING_DOCUMENT 4d527764269e7b559648bf373b1a5d18
ACTION SNIPPET 1200 881 SNIPPET_RELEVANT 944cbacc-d683-11e1-a0cc-8954acd5f90c
ACTION DOC 1200 901 EXAMINING_DOCUMENT 944cbacc-d683-11e1-a0cc-8954acd5f90c
ACTION SNIPPET 1200 901 SNIPPET_RELEVANT 33a571dbe234132efce887cc91abcdbc
ACTION DOC 1200 921 EXAMINING_DOCUMENT 33a571dbe234132efce887cc91abcdbc
ACTION SNIPPET 1200 921 SNIPPET_RELEVANT 2a5f0efe-68aa-11e1-9210-0b8d0e6543cc
ACTION DOC 1200 941 EXAMINING_DOCUMENT 2a5f0efe-68aa-11e1-9210-0b8d0e6543cc
ACTION QUERY 1200 951 musculoskeletal disorders
ACTION SERP 1200 956 EXAMINE_SERP
ACTION SNIPPET 1200 956 SNIPPET_RELEVANT 7b101896-7540-11e6-b786-19d0cb1ed06c
ACTION DOC 1200 976 EXAMINING_DOCUMENT 7b101896-7540-11e6-b786-19d0cb1ed06c
ACTION SNIPPET 1200 976 SNIPPET_RELEVANT f753869e-842d-11e6-ac72-a29979381495
ACTION DOC 1200 996 EXAMINING_DOCUMENT f753869e-842d-11e6-ac72-a29979381495
ACTION SNIPPET 1200 996 SNIPPET_RELEVANT 8546464e87e41747936ef467128590d4
ACTION DOC 1200 1016 EXAMINING_DOCUMENT 8546464e87e41747936ef467128590d4
ACTION SNIPPET 1200 1016 SNIPPET_RELEVANT ebc7aed416961269c398a7c5ab29b34d
ACTION DOC 1200 1036 EXAMINING_DOCUMENT ebc7aed416961269c398a7c5ab29b34d
ACTION SNIPPET 1200 1036 SNIPPET_RELEVANT 6117182d25b90e230951e88f55d51902
ACTION DOC 1200 1056 EXAMINING_DOCUMENT 6117182d25b90e230951e88f55d51902
ACTION SNIPPET 1200 1056 SNIPPET_RELEVANT 0813e01a-2352-11e6-aa84-42391ba52c91
ACTION DOC 1200 1076 EXAMINING_DOCUMENT 0813e01a-2352-11e6-aa84-42391ba52c91
ACTION QUERY 1200 1086 ergonomic workplace design
ACTION SERP 1200 1091 EXAMINE_SERP
ACTION SNIPPET 1200 1091 SNIPPET_RELEVANT dd0bb660cfb87bce4320dc74bcaa5e96
ACTION DOC 1200 1111 EXAMINING_DOCUMENT dd0bb660cfb87bce4320dc74bcaa5e96
ACTION SNIPPET 1200 1111 SNIPPET_RELEVANT 726262f0485ee59bea7f9a859f461b02
ACTION DOC 1200 1131 EXAMINING_DOCUMENT 726262f0485ee59bea7f9a859f461b02
ACTION MARK 1200 1134 CONSIDERED_RELEVANT 726262f0485ee59bea7f9a859f461b02
ACTION SNIPPET 1200 1134 SNIPPET_RELEVANT df8a7422-d959-11e3-bda1-9b46b2066796
ACTION DOC 1200 1154 EXAMINING_DOCUMENT df8a7422-d959-11e3-bda1-9b46b2066796
ACTION SNIPPET 1200 1154 SEEN_PREVIOUSLY fd1de15483f64ec86b4adbd12e6535c6
ACTION SNIPPET 1200 1154 SNIPPET_RELEVANT eb9269f2-f5a4-11e3-a606-946fd632f9f1
ACTION DOC 1200 1174 EXAMINING_DOCUMENT eb9269f2-f5a4-11e3-a606-946fd632f9f1
ACTION MARK 1200 1177 CONSIDERED_RELEVANT eb9269f2-f5a4-11e3-a606-946fd632f9f1
ACTION SNIPPET 1200 1177 SNIPPET_RELEVANT cbffeb03ca0e539a560c4b806f63603d
ACTION DOC 1200 1197 EXAMINING_DOCUMENT cbffeb03ca0e539a560c4b806f63603d
ACTION SNIPPET 1200 1197 SNIPPET_RELEVANT 36de9c1a4a198639664c53c76e87fcd0
ACTION DOC 1200 1217 EXAMINING_DOCUMENT 36de9c1a4a198639664c53c76e87fcd0
INFO SUMMARY 
INFO TOTAL_QUERIES_ISSUED 9
INFO TOTAL_SNIPPETS_EXAMINED 54
INFO TOTAL_DOCUMENTS_EXAMINED 52
INFO TOTAL_DOCUMENTS_MARKED_RELEVANT 14
INFO TOTAL_ATTRACTIVE_SERP_IMPRESSIONS 9
INFO TOTAL_UNATTRACTIVE_SERP_IMPRESSIONS 0
