ACTION START 1200 0 START
ACTION QUERY 1200 10 Amazon rainforest conservation
ACTION SERP 1200 15 EXAMINE_SERP
ACTION SNIPPET 1200 15 SNIPPET_RELEVANT b3eb2c064759b6cafd4a599c6730946c
ACTION DOC 1200 35 EXAMINING_DOCUMENT b3eb2c064759b6cafd4a599c6730946c
ACTION MARK 1200 38 CONSIDERED_RELEVANT b3eb2c064759b6cafd4a599c6730946c
ACTION SNIPPET 1200 38 SNIPPET_RELEVANT 72e72b41097d53b627fd375dd2d3309b
ACTION DOC 1200 58 EXAMINING_DOCUMENT 72e72b41097d53b627fd375dd2d3309b
ACTION SNIPPET 1200 58 SNIPPET_RELEVANT 863bd87d09cb7723fe069226ccafb0aa
ACTION DOC 1200 78 EXAMINING_DOCUMENT 863bd87d09cb7723fe069226ccafb0aa
ACTION SNIPPET 1200 78 SNIPPET_RELEVANT c04684338e0abe7c5a8656cc4eacd7ac
ACTION DOC 1200 98 EXAMINING_DOCUMENT c04684338e0abe7c5a8656cc4eacd7ac
ACTION SNIPPET 1200 98 SNIPPET_RELEVANT 7b4ca1360cdbadb4a41b6d6fd465cec2
ACTION DOC 1200 118 EXAMINING_DOCUMENT 7b4ca1360cdbadb4a41b6d6fd465cec2
ACTION MARK 1200 121 CONSIDERED_RELEVANT 7b4ca1360cdbadb4a41b6d6fd465cec2
ACTION SNIPPET 1200 121 SNIPPET_RELEVANT 8923d1525f19d88b4eda51d81d557d57
ACTION DOC 1200 141 EXAMINING_DOCUMENT 8923d1525f19d88b4eda51d81d557d57
ACTION QUERY 1200 151 Amazon rainforest preservation
ACTION SERP 1200 156 EXAMINE_SERP
ACTION SNIPPET 1200 156 SEEN_PREVIOUSLY 72e72b41097d53b627fd375dd2d3309b
ACTION SNIPPET 1200 156 SEEN_PREVIOUSLY b3eb2c064759b6cafd4a599c6730946c
ACTION SNIPPET 1200 156 SNIPPET_RELEVANT 6aea64d885e86a615f73dd07dead824f
ACTION DOC 1200 176 EXAMINING_DOCUMENT 6aea64d885e86a615f73dd07dead824f
ACTION SNIPPET 1200 176 SNIPPET_RELEVANT e93f49ea-ae84-11e1-a163-d43a3ca733b4
ACTION DOC 1200 196 EXAMINING_DOCUMENT e93f49ea-ae84-11e1-a163-d43a3ca733b4
ACTION MARK 1200 199 CONSIDERED_RELEVANT e93f49ea-ae84-11e1-a163-d43a3ca733b4
ACTION SNIPPET 1200 199 SEEN_PREVIOUSLY 863bd87d09cb7723fe069226ccafb0aa
ACTION SNIPPET 1200 199 SEEN_PREVIOUSLY c04684338e0abe7c5a8656cc4eacd7ac
ACTION SNIPPET 1200 199 SNIPPET_RELEVANT fb073360d1c7c491beeb7adf485bfbfb
ACTION DOC 1200 219 EXAMINING_DOCUMENT fb073360d1c7c491beeb7adf485bfbfb
ACTION SNIPPET 1200 219 SEEN_PREVIOUSLY 7b4ca1360cdbadb4a41b6d6fd465cec2
ACTION SNIPPET 1200 219 SEEN_PREVIOUSLY 8923d1525f19d88b4eda51d81d557d57
ACTION SNIPPET 1200 219 SNIPPET_RELEVANT bd037b1a-bc75-11e4-bdfa-b8e8f594e6ee
ACTION DOC 1200 239 EXAMINING_DOCUMENT bd037b1a-bc75-11e4-bdfa-b8e8f594e6ee
ACTION SNIPPET 1200 239 SNIPPET_RELEVANT 4d65bce2-f17c-11e3-9ebc-2ee6f81ed217
ACTION DOC 1200 259 EXAMINING_DOCUMENT 4d65bce2-f17c-11e3-9ebc-2ee6f81ed217
ACTION SNIPPET 1200 259 SNIPPET_RELEVANT 73c89ff2-3d03-11e5-9c2d-ed991d848c48
ACTION DOC 1200 279 EXAMINING_DOCUMENT 73c89ff2-3d03-11e5-9c2d-ed991d848c48
ACTION QUERY 1200 289 Amazon conservation efforts
ACTION SERP 1200 294 EXAMINE_SERP
ACTION SNIPPET 1200 294 SNIPPET_RELEVANT 48af3b51443d6a3f776b7bac8df62949
ACTION DOC 1200 314 EXAMINING_DOCUMENT 48af3b51443d6a3f776b7bac8df62949
ACTION MARK 1200 317 CONSIDERED_RELEVANT 48af3b51443d6a3f776b7bac8df62949
ACTION SNIPPET 1200 317 SNIPPET_RELEVANT ec2dd4b0881c65f887a4b2a423ce56d3
ACTION DOC 1200 337 EXAMINING_DOCUMENT ec2dd4b0881c65f887a4b2a423ce56d3
ACTION SNIPPET 1200 337 SNIPPET_RELEVANT 428269f6ce2b13254ec910f2fc954e4b
ACTION DOC 1200 357 EXAMINING_DOCUMENT 428269f6ce2b13254ec910f2fc954e4b
ACTION SNIPPET 1200 357 SNIPPET_RELEVANT 50c0b95d7b61bd0e098d064125aa2976
ACTION DOC 1200 377 EXAMINING_DOCUMENT 50c0b95d7b61bd0e098d064125aa2976
ACTION SNIPPET 1200 377 SEEN_PREVIOUSLY 6aea64d885e86a615f73dd07dead824f
ACTION SNIPPET 1200 377 SNIPPET_RELEVANT e56499593780737d06926d435496c7d5
ACTION DOC 1200 397 EXAMINING_DOCUMENT e56499593780737d06926d435496c7d5
ACTION SNIPPET 1200 397 SNIPPET_RELEVANT 8eebcb2292b5db0eae93d619d14bb446
ACTION DOC 1200 417 EXAMINING_DOCUMENT 8eebcb2292b5db0eae93d619d14bb446
ACTION QUERY 1200 427 Amazon conservation policies
ACTION SERP 1200 432 EXAMINE_SERP
ACTION SNIPPET 1200 432 SEEN_PREVIOUSLY ec2dd4b0881c65f887a4b2a423ce56d3
ACTION SNIPPET 1200 432 SEEN_PREVIOUSLY 428269f6ce2b13254ec910f2fc954e4b
ACTION SNIPPET 1200 432 SNIPPET_RELEVANT 2d47c4b0-ee08-11e1-b624-99dee49d8d67
ACTION DOC 1200 452 EXAMINING_DOCUMENT 2d47c4b0-ee08-11e1-b624-99dee49d8d67
ACTION MARK 1200 455 CONSIDERED_RELEVANT 2d47c4b0-ee08-11e1-b624-99dee49d8d67
ACTION SNIPPET 1200 455 SNIPPET_RELEVANT 5d4f4a9ade7cc508977f0dcf0e3f1da8
ACTION DOC 1200 475 EXAMINING_DOCUMENT 5d4f4a9ade7cc508977f0dcf0e3f1da8
ACTION SNIPPET 1200 475 SEEN_PREVIOUSLY 8eebcb2292b5db0eae93d619d14bb446
ACTION SNIPPET 1200 475 SNIPPET_RELEVANT 23946f12596b3c76e6ad6b9786bd6cb3
ACTION DOC 1200 495 EXAMINING_DOCUMENT 23946f12596b3c76e6ad6b9786bd6cb3
ACTION SNIPPET 1200 495 SNIPPET_RELEVANT 1d9a3862d229a36bad93ebcfe28eb0bf
ACTION DOC 1200 515 EXAMINING_DOCUMENT 1d9a3862d229a36bad93ebcfe28eb0bf
ACTION SNIPPET 1200 515 SEEN_PREVIOUSLY 48af3b51443d6a3f776b7bac8df62949
ACTION SNIPPET 1200 515 SNIPPET_RELEVANT 0620ee48-df74-11e3-810f-764fe508b82d
ACTION DOC 1200 535 EXAMINING_DOCUMENT 0620ee48-df74-11e3-810f-764fe508b82d
ACTION SNIPPET 1200 535 SNIPPET_RELEVANT 7f8d3b65dea8008cbe68747a79587b92
ACTION DOC 1200 555 EXAMINING_DOCUMENT 7f8d3b65dea8008cbe68747a79587b92
ACTION QUERY 1200 565 South American conservation efforts
ACTION SERP 1200 570 EXAMINE_SERP
ACTION SNIPPET 1200 570 SNIPPET_RELEVANT 74250b3023bf30677ad3a23bbc9b4512
ACTION DOC 1200 590 EXAMINING_DOCUMENT 74250b3023bf30677ad3a23bbc9b4512
ACTION SNIPPET 1200 590 SNIPPET_RELEVANT 386f58c6c0b2dc08c0f4373006a88d1c
ACTION DOC 1200 610 EXAMINING_DOCUMENT 386f58c6c0b2dc08c0f4373006a88d1c
ACTION SNIPPET 1200 610 SNIPPET_RELEVANT b840e23ccd012bb5a3b870d7827029ae
ACTION DOC 1200 630 EXAMINING_DOCUMENT b840e23ccd012bb5a3b870d7827029ae
ACTION SNIPPET 1200 630 SNIPPET_RELEVANT 67205cd0-4122-11e1-afad-097055960b44
ACTION DOC 1200 650 EXAMINING_DOCUMENT 67205cd0-4122-11e1-afad-097055960b44
ACTION SNIPPET 1200 650 SNIPPET_RELEVANT 9dd4e62e-69f4-11e6-ba32-5a4bf5aad4fa
ACTION DOC 1200 670 EXAMINING_DOCUMENT 9dd4e62e-69f4-11e6-ba32-5a4bf5aad4fa
ACTION SNIPPET 1200 670 SNIPPET_RELEVANT b12d3aa4-03c6-11e5-bc72-f3e16bf50bb6
ACTION DOC 1200 690 EXAMINING_DOCUMENT b12d3aa4-03c6-11e5-bc72-f3e16bf50bb6
ACTION QUERY 1200 700 South America forest preservation
ACTION SERP 1200 705 EXAMINE_SERP
ACTION SNIPPET 1200 705 SEEN_PREVIOUSLY e93f49ea-ae84-11e1-a163-d43a3ca733b4
ACTION SNIPPET 1200 705 SNIPPET_RELEVANT e7d6e95d5a5770093c043325c238b7ea
ACTION DOC 1200 725 EXAMINING_DOCUMENT e7d6e95d5a5770093c043325c238b7ea
ACTION MARK 1200 728 CONSIDERED_RELEVANT e7d6e95d5a5770093c043325c238b7ea
ACTION SNIPPET 1200 728 SNIPPET_RELEVANT 38db894d5b8e52306cf2516ddba0a2f2
ACTION DOC 1200 748 EXAMINING_DOCUMENT 38db894d5b8e52306cf2516ddba0a2f2
ACTION MARK 1200 751 CONSIDERED_RELEVANT 38db894d5b8e52306cf2516ddba0a2f2
ACTION SNIPPET 1200 751 SNIPPET_RELEVANT 628ed2335514616a8d882625e1e15a15
ACTION DOC 1200 771 EXAMINING_DOCUMENT 628ed2335514616a8d882625e1e15a15
ACTION SNIPPET 1200 771 SNIPPET_RELEVANT c788065c-9e8b-11e5-a3c5-c77f2cc5a43c
ACTION DOC 1200 791 EXAMINING_DOCUMENT c788065c-9e8b-11e5-a3c5-c77f2cc5a43c
ACTION SNIPPET 1200 791 SNIPPET_RELEVANT 46275693d90024cdd4e1b92b58333bc1
ACTION DOC 1200 811 EXAMINING_DOCUMENT 46275693d90024cdd4e1b92b58333bc1
ACTION SNIPPET 1200 811 SNIPPET_RELEVANT ebd8915b210cdd8cc50ffd409292f056
ACTION DOC 1200 831 EXAMINING_DOCUMENT ebd8915b210cdd8cc50ffd409292f056
ACTION QUERY 1200 841 Amazon forest protection measures
ACTION SERP 1200 846 EXAMINE_SERP
ACTION SNIPPET 1200 846 SNIPPET_RELEVANT 8343bc49f515ec345dae4ac9472ae9b6
ACTION DOC 1200 866 EXAMINING_DOCUMENT 8343bc49f515ec345dae4ac9472ae9b6
ACTION MARK 1200 869 CONSIDERED_RELEVANT 8343bc49f515ec345dae4ac9472ae9b6
ACTION SNIPPET 1200 869 SNIPPET_RELEVANT dca5fd0d79ae9b56cdf2f39b092a8861
ACTION DOC 1200 889 EXAMINING_DOCUMENT dca5fd0d79ae9b56cdf2f39b092a8861
ACTION MARK 1200 892 CONSIDERED_RELEVANT dca5fd0d79ae9b56cdf2f39b092a8861
ACTION SNIPPET 1200 892 SNIPPET_RELEVANT 7f10df7e662587d2d11196517e4d61fd
ACTION DOC 1200 912 EXAMINING_DOCUMENT 7f10df7e662587d2d11196517e4d61fd
ACTION SNIPPET 1200 912 SNIPPET_RELEVANT 101e016db8e4adf9b1fc8f66760554e1
ACTION DOC 1200 932 EXAMINING_DOCUMENT 101e016db8e4adf9b1fc8f66760554e1
ACTION SNIPPET 1200 932 SNIPPET_RELEVANT c68f57f434c336014b884050d26690dc
ACTION DOC 1200 952 EXAMINING_DOCUMENT c68f57f434c336014b884050d26690dc
ACTION SNIPPET 1200 952 SEEN_PREVIOUSLY 48af3b51443d6a3f776b7bac8df62949
ACTION SNIPPET 1200 952 SNIPPET_RELEVANT faff4536-35a6-11e3-80c6-7e6dd8d22d8f
ACTION DOC 1200 972 EXAMINING_DOCUMENT faff4536-35a6-11e3-80c6-7e6dd8d22d8f
ACTION MARK 1200 975 CONSIDERED_RELEVANT faff4536-35a6-11e3-80c6-7e6dd8d22d8f
ACTION QUERY 1200 985 Local authorities Amazon conservation
ACTION SERP 1200 990 EXAMINE_SERP
ACTION SNIPPET 1200 990 SEEN_PREVIOUSLY ec2dd4b0881c65f887a4b2a423ce56d3
ACTION SNIPPET 1200 990 SEEN_PREVIOUSLY 23946f12596b3c76e6ad6b9786bd6cb3
ACTION SNIPPET 1200 990 SEEN_PREVIOUSLY 48af3b51443d6a3f776b7bac8df62949
ACTION SNIPPET 1200 990 SEEN_PREVIOUSLY 5d4f4a9ade7cc508977f0dcf0e3f1da8
ACTION SNIPPET 1200 990 SNIPPET_RELEVANT 5fc22bde-1e09-11e2-ba31-3083ca97c314
ACTION DOC 1200 1010 EXAMINING_DOCUMENT 5fc22bde-1e09-11e2-ba31-3083ca97c314
ACTION SNIPPET 1200 1010 SNIPPET_RELEVANT 6e721a26-005e-11e3-9711-3708310f6f4d
ACTION DOC 1200 1030 EXAMINING_DOCUMENT 6e721a26-005e-11e3-9711-3708310f6f4d
ACTION SNIPPET 1200 1030 SNIPPET_RELEVANT 0c25e522-78cc-4075-8b21-31bcc3e0fddb
ACTION DOC 1200 1050 EXAMINING_DOCUMENT 0c25e522-78cc-4075-8b21-31bcc3e0fddb
ACTION MARK 1200 1053 CONSIDERED_RELEVANT 0c25e522-78cc-4075-8b21-31bcc3e0fddb
ACTION SNIPPET 1200 1053 SNIPPET_RELEVANT f50be89c-98b5-11e3-9616-d367fa6ea99b
ACTION DOC 1200 1073 EXAMINING_DOCUMENT f50be89c-98b5-11e3-9616-d367fa6ea99b
ACTION SNIPPET 1200 1073 SNIPPET_RELEVANT bdddfa0f9608a71d32166d3897995b36
ACTION DOC 1200 1093 EXAMINING_DOCUMENT bdddfa0f9608a71d32166d3897995b36
ACTION SNIPPET 1200 1093 SNIPPET_RELEVANT d43604598a3f691faa2327f02501fb1f
ACTION DOC 1200 1113 EXAMINING_DOCUMENT d43604598a3f691faa2327f02501fb1f
ACTION QUERY 1200 1123 South America deforestation measures
ACTION SERP 1200 1128 EXAMINE_SERP
ACTION SNIPPET 1200 1128 SEEN_PREVIOUSLY 0c25e522-78cc-4075-8b21-31bcc3e0fddb
ACTION SNIPPET 1200 1128 SEEN_PREVIOUSLY ebd8915b210cdd8cc50ffd409292f056
ACTION SNIPPET 1200 1128 SEEN_PREVIOUSLY 8343bc49f515ec345dae4ac9472ae9b6
ACTION SNIPPET 1200 1128 SNIPPET_RELEVANT 77ca3465b148f20fc4167d7effc47d3c
ACTION DOC 1200 1148 EXAMINING_DOCUMENT 77ca3465b148f20fc4167d7effc47d3c
ACTION MARK 1200 1151 CONSIDERED_RELEVANT 77ca3465b148f20fc4167d7effc47d3c
ACTION SNIPPET 1200 1151 SNIPPET_RELEVANT 1abbf7551d99b119c50d56b43dee4edf
ACTION DOC 1200 1171 EXAMINING_DOCUMENT 1abbf7551d99b119c50d56b43dee4edf
ACTION MARK 1200 1174 CONSIDERED_RELEVANT 1abbf7551d99b119c50d56b43dee4edf
ACTION SNIPPET 1200 1174 SNIPPET_RELEVANT 3b9376e3ed32108deb65a5d27d34939d
ACTION DOC 1200 1194 EXAMINING_DOCUMENT 3b9376e3ed32108deb65a5d27d34939d
ACTION MARK 1200 1197 CONSIDERED_RELEVANT 3b9376e3ed32108deb65a5d27d34939d
ACTION SNIPPET 1200 1197 SNIPPET_RELEVANT ba392600-86f6-11e4-abcf-5a3d7b3b20b8
ACTION DOC 1200 1217 EXAMINING_DOCUMENT ba392600-86f6-11e4-abcf-5a3d7b3b20b8
INFO SUMMARY 
INFO TOTAL_QUERIES_ISSUED 9
INFO TOTAL_SNIPPETS_EXAMINED 72
INFO TOTAL_DOCUMENTS_EXAMINED 52
INFO TOTAL_DOCUMENTS_MARKED_RELEVANT 15
INFO TOTAL_ATTRACTIVE_SERP_IMPRESSIONS 9
INFO TOTAL_UNATTRACTIVE_SERP_IMPRESSIONS 0
