ACTION START 1200 0 START
ACTION QUERY 1200 10 paralyzed people computer aid
ACTION SERP 1200 15 EXAMINE_SERP
ACTION SNIPPET 1200 15 SNIPPET_RELEVANT 2bea9433d4e1050c9c85175df466b3e2
ACTION DOC 1200 35 EXAMINING_DOCUMENT 2bea9433d4e1050c9c85175df466b3e2
ACTION MARK 1200 38 CONSIDERED_RELEVANT 2bea9433d4e1050c9c85175df466b3e2
ACTION SNIPPET 1200 38 SNIPPET_RELEVANT 23ad13f0efa9815a765bcd0403ff23af
ACTION DOC 1200 58 EXAMINING_DOCUMENT 23ad13f0efa9815a765bcd0403ff23af
ACTION SNIPPET 1200 58 SNIPPET_RELEVANT 5e143dc4af0fd020901de45c08226174
ACTION DOC 1200 78 EXAMINING_DOCUMENT 5e143dc4af0fd020901de45c08226174
ACTION SNIPPET 1200 78 SNIPPET_RELEVANT c01caf3d8565a560b74a00e996590e9d
ACTION DOC 1200 98 EXAMINING_DOCUMENT c01caf3d8565a560b74a00e996590e9d
ACTION SNIPPET 1200 98 SNIPPET_RELEVANT 9d4e5a94697565b802cda0a1c7d29f6d
ACTION DOC 1200 118 EXAMINING_DOCUMENT 9d4e5a94697565b802cda0a1c7d29f6d
ACTION SNIPPET 1200 118 SNIPPET_RELEVANT 2a6865ec825a56ea34a6ac3a0a05e6ea
ACTION DOC 1200 138 EXAMINING_DOCUMENT 2a6865ec825a56ea34a6ac3a0a05e6ea
ACTION QUERY 1200 148 paralyzed exoskeleton
ACTION SERP 1200 153 EXAMINE_SERP
ACTION SNIPPET 1200 153 SNIPPET_RELEVANT 9291b1e2933534daa421032f602658b4
ACTION DOC 1200 173 EXAMINING_DOCUMENT 9291b1e2933534daa421032f602658b4
ACTION MARK 1200 176 CONSIDERED_RELEVANT 9291b1e2933534daa421032f602658b4
ACTION SNIPPET 1200 176 SEEN_PREVIOUSLY 2bea9433d4e1050c9c85175df466b3e2
ACTION SNIPPET 1200 176 SNIPPET_RELEVANT 209f9914a9b9d5b8a4f2af6c23a353e4
ACTION DOC 1200 196 EXAMINING_DOCUMENT 209f9914a9b9d5b8a4f2af6c23a353e4
ACTION MARK 1200 199 CONSIDERED_RELEVANT 209f9914a9b9d5b8a4f2af6c23a353e4
ACTION SNIPPET 1200 199 SNIPPET_RELEVANT 789456ee-c8d2-11e3-a75e-463587891b57
ACTION DOC 1200 219 EXAMINING_DOCUMENT 789456ee-c8d2-11e3-a75e-463587891b57
ACTION MARK 1200 222 CONSIDERED_RELEVANT 789456ee-c8d2-11e3-a75e-463587891b57
ACTION SNIPPET 1200 222 SNIPPET_RELEVANT 5aa612667baeb5c58f559003b8986740
ACTION DOC 1200 242 EXAMINING_DOCUMENT 5aa612667baeb5c58f559003b8986740
ACTION MARK 1200 245 CONSIDERED_RELEVANT 5aa612667baeb5c58f559003b8986740
ACTION SNIPPET 1200 245 SNIPPET_RELEVANT 871f9bb0dd3dfee86918dd013118d1c1
ACTION DOC 1200 265 EXAMINING_DOCUMENT 871f9bb0dd3dfee86918dd013118d1c1
ACTION MARK 1200 268 CONSIDERED_RELEVANT 871f9bb0dd3dfee86918dd013118d1c1
ACTION QUERY 1200 278 exoskeletons for paralysis
ACTION SERP 1200 283 EXAMINE_SERP
ACTION SNIPPET 1200 283 SEEN_PREVIOUSLY 5aa612667baeb5c58f559003b8986740
ACTION SNIPPET 1200 283 SNIPPET_RELEVANT 2874fe30-0c07-11e3-b87c-476db8ac34cd
ACTION DOC 1200 303 EXAMINING_DOCUMENT 2874fe30-0c07-11e3-b87c-476db8ac34cd
ACTION SNIPPET 1200 303 SEEN_PREVIOUSLY 9291b1e2933534daa421032f602658b4
ACTION SNIPPET 1200 303 SEEN_PREVIOUSLY 789456ee-c8d2-11e3-a75e-463587891b57
ACTION SNIPPET 1200 303 SNIPPET_RELEVANT 37f4199c43ef2625f8b0567944b50325
ACTION DOC 1200 323 EXAMINING_DOCUMENT 37f4199c43ef2625f8b0567944b50325
ACTION SNIPPET 1200 323 SEEN_PREVIOUSLY 209f9914a9b9d5b8a4f2af6c23a353e4
ACTION SNIPPET 1200 323 SEEN_PREVIOUSLY 2bea9433d4e1050c9c85175df466b3e2
ACTION SNIPPET 1200 323 SNIPPET_RELEVANT b82f010a3e4614d5a36d0f8d128b4d1c
ACTION DOC 1200 343 EXAMINING_DOCUMENT b82f010a3e4614d5a36d0f8d128b4d1c
ACTION SNIPPET 1200 343 SNIPPET_RELEVANT 7e75256d1b441fc1506ff8fbbbb8ab4d
ACTION DOC 1200 363 EXAMINING_DOCUMENT 7e75256d1b441fc1506ff8fbbbb8ab4d
ACTION SNIPPET 1200 363 SNIPPET_RELEVANT c767e7a62fd1c3e98c47acb514d233b5
ACTION DOC 1200 383 EXAMINING_DOCUMENT c767e7a62fd1c3e98c47acb514d233b5
ACTION MARK 1200 386 CONSIDERED_RELEVANT c767e7a62fd1c3e98c47acb514d233b5
ACTION SNIPPET 1200 386 SNIPPET_RELEVANT 53c1c51040f2cf15d1fecee58fe8c755
ACTION DOC 1200 406 EXAMINING_DOCUMENT 53c1c51040f2cf15d1fecee58fe8c755
ACTION QUERY 1200 416 computer assisted walking
ACTION SERP 1200 421 EXAMINE_SERP
ACTION SNIPPET 1200 421 SEEN_PREVIOUSLY 2bea9433d4e1050c9c85175df466b3e2
ACTION SNIPPET 1200 421 SNIPPET_RELEVANT 5ea05384-0f36-11e7-9d5a-a83e627dc120
ACTION DOC 1200 441 EXAMINING_DOCUMENT 5ea05384-0f36-11e7-9d5a-a83e627dc120
ACTION SNIPPET 1200 441 SNIPPET_RELEVANT 0de45771456aea82f757341b2a80a047
ACTION DOC 1200 461 EXAMINING_DOCUMENT 0de45771456aea82f757341b2a80a047
ACTION SNIPPET 1200 461 SNIPPET_RELEVANT 4f36c838-cbf5-11e3-b81a-6fff56bc591e
ACTION DOC 1200 481 EXAMINING_DOCUMENT 4f36c838-cbf5-11e3-b81a-6fff56bc591e
ACTION SNIPPET 1200 481 SNIPPET_RELEVANT 5ad9dabd5a472787c9ba19e193b11362
ACTION DOC 1200 501 EXAMINING_DOCUMENT 5ad9dabd5a472787c9ba19e193b11362
ACTION SNIPPET 1200 501 SNIPPET_RELEVANT c94bb718-d3e8-11e4-8b1e-274d670aa9c9
ACTION DOC 1200 521 EXAMINING_DOCUMENT c94bb718-d3e8-11e4-8b1e-274d670aa9c9
ACTION SNIPPET 1200 521 SNIPPET_RELEVANT cf184160-e808-11e3-a70e-ea1863229397
ACTION DOC 1200 541 EXAMINING_DOCUMENT cf184160-e808-11e3-a70e-ea1863229397
ACTION QUERY 1200 551 exoskeletons for paralyzed people
ACTION SERP 1200 556 EXAMINE_SERP
ACTION SNIPPET 1200 556 SEEN_PREVIOUSLY 2bea9433d4e1050c9c85175df466b3e2
ACTION SNIPPET 1200 556 SEEN_PREVIOUSLY 9291b1e2933534daa421032f602658b4
ACTION SNIPPET 1200 556 SEEN_PREVIOUSLY 209f9914a9b9d5b8a4f2af6c23a353e4
ACTION SNIPPET 1200 556 SEEN_PREVIOUSLY 789456ee-c8d2-11e3-a75e-463587891b57
ACTION SNIPPET 1200 556 SEEN_PREVIOUSLY 5aa612667baeb5c58f559003b8986740
ACTION SNIPPET 1200 556 SNIPPET_RELEVANT b12ce6ed60dd086e63eabe2f107b0f5f
ACTION DOC 1200 576 EXAMINING_DOCUMENT b12ce6ed60dd086e63eabe2f107b0f5f
ACTION MARK 1200 579 CONSIDERED_RELEVANT b12ce6ed60dd086e63eabe2f107b0f5f
ACTION SNIPPET 1200 579 SEEN_PREVIOUSLY 871f9bb0dd3dfee86918dd013118d1c1
ACTION SNIPPET 1200 579 SNIPPET_RELEVANT 8fd229ee17b5f91277b8ddc37273aadc
ACTION DOC 1200 599 EXAMINING_DOCUMENT 8fd229ee17b5f91277b8ddc37273aadc
ACTION MARK 1200 602 CONSIDERED_RELEVANT 8fd229ee17b5f91277b8ddc37273aadc
ACTION SNIPPET 1200 602 SEEN_PREVIOUSLY b82f010a3e4614d5a36d0f8d128b4d1c
ACTION SNIPPET 1200 602 SEEN_PREVIOUSLY 2874fe30-0c07-11e3-b87c-476db8ac34cd
ACTION SNIPPET 1200 602 SNIPPET_RELEVANT 4f82996b5dfd32a588b0732529c17dc2
ACTION DOC 1200 622 EXAMINING_DOCUMENT 4f82996b5dfd32a588b0732529c17dc2
ACTION MARK 1200 625 CONSIDERED_RELEVANT 4f82996b5dfd32a588b0732529c17dc2
ACTION SNIPPET 1200 625 SNIPPET_RELEVANT 7e77d3fdbcbc72b6964a9915bd588dc5
ACTION DOC 1200 645 EXAMINING_DOCUMENT 7e77d3fdbcbc72b6964a9915bd588dc5
ACTION SNIPPET 1200 645 SNIPPET_RELEVANT 3e168220-6be2-11e6-8225-fbb8a6fc65bc
ACTION DOC 1200 665 EXAMINING_DOCUMENT 3e168220-6be2-11e6-8225-fbb8a6fc65bc
ACTION SNIPPET 1200 665 SNIPPET_RELEVANT 6361c289dcd06b9a5a9538eca71cb1b8
ACTION DOC 1200 685 EXAMINING_DOCUMENT 6361c289dcd06b9a5a9538eca71cb1b8
ACTION QUERY 1200 695 computer assisted mobility
ACTION SERP 1200 700 EXAMINE_SERP
ACTION SNIPPET 1200 700 SNIPPET_RELEVANT 499e07e2-feb5-11e6-8ebe-6e0dbe4f2bca
ACTION DOC 1200 720 EXAMINING_DOCUMENT 499e07e2-feb5-11e6-8ebe-6e0dbe4f2bca
ACTION SNIPPET 1200 720 SNIPPET_RELEVANT 4f43504a-cb7f-11e5-b9ab-26591104bb19
ACTION DOC 1200 740 EXAMINING_DOCUMENT 4f43504a-cb7f-11e5-b9ab-26591104bb19
ACTION SNIPPET 1200 740 SNIPPET_RELEVANT 7a7ac9fc-fcd3-11e5-813a-90ab563f0dde
ACTION DOC 1200 760 EXAMINING_DOCUMENT 7a7ac9fc-fcd3-11e5-813a-90ab563f0dde
ACTION SNIPPET 1200 760 SNIPPET_RELEVANT fb7ee392b6434ddbf321582a1a3da73f
ACTION DOC 1200 780 EXAMINING_DOCUMENT fb7ee392b6434ddbf321582a1a3da73f
ACTION SNIPPET 1200 780 SNIPPET_RELEVANT 6f5fae0b002f11077e0824fbb3a4b297
ACTION DOC 1200 800 EXAMINING_DOCUMENT 6f5fae0b002f11077e0824fbb3a4b297
ACTION SNIPPET 1200 800 SNIPPET_RELEVANT 26d734b6-52e4-11e3-a7f0-b790929232e1
ACTION DOC 1200 820 EXAMINING_DOCUMENT 26d734b6-52e4-11e3-a7f0-b790929232e1
ACTION QUERY 1200 830 computer assisted paralysis
ACTION SERP 1200 835 EXAMINE_SERP
ACTION SNIPPET 1200 835 SNIPPET_RELEVANT 7a4de4fd17f87727dbec32f7becd6816
ACTION DOC 1200 855 EXAMINING_DOCUMENT 7a4de4fd17f87727dbec32f7becd6816
ACTION MARK 1200 858 CONSIDERED_RELEVANT 7a4de4fd17f87727dbec32f7becd6816
ACTION SNIPPET 1200 858 SNIPPET_RELEVANT a8205e2a-ec6b-11e1-aca7-272630dfd152
ACTION DOC 1200 878 EXAMINING_DOCUMENT a8205e2a-ec6b-11e1-aca7-272630dfd152
ACTION MARK 1200 881 CONSIDERED_RELEVANT a8205e2a-ec6b-11e1-aca7-272630dfd152
ACTION SNIPPET 1200 881 SNIPPET_RELEVANT fa296e6d3b032bd3a1aeb4e7120b84db
ACTION DOC 1200 901 EXAMINING_DOCUMENT fa296e6d3b032bd3a1aeb4e7120b84db
ACTION SNIPPET 1200 901 SNIPPET_RELEVANT d137729e-bccc-11e2-9b09-1638acc3942e
ACTION DOC 1200 921 EXAMINING_DOCUMENT d137729e-bccc-11e2-9b09-1638acc3942e
ACTION SNIPPET 1200 921 SNIPPET_RELEVANT d6ea4204-bd88-11e2-97d4-a479289a31f9
ACTION DOC 1200 941 EXAMINING_DOCUMENT d6ea4204-bd88-11e2-97d4-a479289a31f9
ACTION SNIPPET 1200 941 SNIPPET_RELEVANT 871bc66bacdd72f4fced27554b631b2f
ACTION DOC 1200 961 EXAMINING_DOCUMENT 871bc66bacdd72f4fced27554b631b2f
ACTION QUERY 1200 971 brain computer interface paralysis
ACTION SERP 1200 976 EXAMINE_SERP
ACTION SNIPPET 1200 976 SEEN_PREVIOUSLY 7a4de4fd17f87727dbec32f7becd6816
ACTION SNIPPET 1200 976 SNIPPET_RELEVANT bc800e8f765fac4c09f5adbd1154528e
ACTION DOC 1200 996 EXAMINING_DOCUMENT bc800e8f765fac4c09f5adbd1154528e
ACTION MARK 1200 999 CONSIDERED_RELEVANT bc800e8f765fac4c09f5adbd1154528e
ACTION SNIPPET 1200 999 SNIPPET_RELEVANT 42bc646c-10bd-11e3-85b6-d27422650fd5
ACTION DOC 1200 1019 EXAMINING_DOCUMENT 42bc646c-10bd-11e3-85b6-d27422650fd5
ACTION SNIPPET 1200 1019 SNIPPET_RELEVANT f4c92a47497c69b8cf7ab1b3c7264076
ACTION DOC 1200 1039 EXAMINING_DOCUMENT f4c92a47497c69b8cf7ab1b3c7264076
ACTION MARK 1200 1042 CONSIDERED_RELEVANT f4c92a47497c69b8cf7ab1b3c7264076
ACTION SNIPPET 1200 1042 SEEN_PREVIOUSLY a8205e2a-ec6b-11e1-aca7-272630dfd152
ACTION SNIPPET 1200 1042 SNIPPET_RELEVANT 71105310-9f98-11e1-b635-cd65c275a1e2
ACTION DOC 1200 1062 EXAMINING_DOCUMENT 71105310-9f98-11e1-b635-cd65c275a1e2
ACTION MARK 1200 1065 CONSIDERED_RELEVANT 71105310-9f98-11e1-b635-cd65c275a1e2
ACTION SNIPPET 1200 1065 SNIPPET_RELEVANT 7ba9696e-a861-11e3-b61e-8051b8b52d06
ACTION DOC 1200 1085 EXAMINING_DOCUMENT 7ba9696e-a861-11e3-b61e-8051b8b52d06
ACTION SNIPPET 1200 1085 SNIPPET_RELEVANT 759aafa6-0e48-11e2-bb5e-492c0d30bff6
ACTION DOC 1200 1105 EXAMINING_DOCUMENT 759aafa6-0e48-11e2-bb5e-492c0d30bff6
ACTION QUERY 1200 1115 paralyzed people technology
ACTION SERP 1200 1120 EXAMINE_SERP
ACTION SNIPPET 1200 1120 SNIPPET_RELEVANT 70e9db5caa2afcd84999a85dfbd06097
ACTION DOC 1200 1140 EXAMINING_DOCUMENT 70e9db5caa2afcd84999a85dfbd06097
ACTION MARK 1200 1143 CONSIDERED_RELEVANT 70e9db5caa2afcd84999a85dfbd06097
ACTION SNIPPET 1200 1143 SEEN_PREVIOUSLY 23ad13f0efa9815a765bcd0403ff23af
ACTION SNIPPET 1200 1143 SEEN_PREVIOUSLY 5e143dc4af0fd020901de45c08226174
ACTION SNIPPET 1200 1143 SEEN_PREVIOUSLY c01caf3d8565a560b74a00e996590e9d
ACTION SNIPPET 1200 1143 SEEN_PREVIOUSLY 7a4de4fd17f87727dbec32f7becd6816
ACTION SNIPPET 1200 1143 SEEN_PREVIOUSLY 2a6865ec825a56ea34a6ac3a0a05e6ea
ACTION SNIPPET 1200 1143 SEEN_PREVIOUSLY 9d4e5a94697565b802cda0a1c7d29f6d
ACTION SNIPPET 1200 1143 SEEN_PREVIOUSLY 209f9914a9b9d5b8a4f2af6c23a353e4
ACTION SNIPPET 1200 1143 SEEN_PREVIOUSLY bc800e8f765fac4c09f5adbd1154528e
ACTION SNIPPET 1200 1143 SEEN_PREVIOUSLY 789456ee-c8d2-11e3-a75e-463587891b57
ACTION SNIPPET 1200 1143 SNIPPET_RELEVANT e258757e-fde4-11e2-96a8-d3b921c0924a
ACTION DOC 1200 1163 EXAMINING_DOCUMENT e258757e-fde4-11e2-96a8-d3b921c0924a
ACTION SNIPPET 1200 1163 SNIPPET_RELEVANT 439e7611305290a08f4d0dd2491c2ee0
ACTION DOC 1200 1183 EXAMINING_DOCUMENT 439e7611305290a08f4d0dd2491c2ee0
ACTION MARK 1200 1186 CONSIDERED_RELEVANT 439e7611305290a08f4d0dd2491c2ee0
ACTION SNIPPET 1200 1186 SNIPPET_RELEVANT 33e1f2b114ebb730ae0e4a81b449e34d
ACTION DOC 1200 1206 EXAMINING_DOCUMENT 33e1f2b114ebb730ae0e4a81b449e34d
INFO SUMMARY 
INFO TOTAL_QUERIES_ISSUED 9
INFO TOTAL_SNIPPETS_EXAMINED 77
INFO TOTAL_DOCUMENTS_EXAMINED 51
INFO TOTAL_DOCUMENTS_MARKED_RELEVANT 18
INFO TOTAL_ATTRACTIVE_SERP_IMPRESSIONS 9
INFO TOTAL_UNATTRACTIVE_SERP_IMPRESSIONS 0
