ACTION START 1200 0 START
ACTION QUERY 1200 10 Sony cyberattack perpetrator
ACTION SERP 1200 15 EXAMINE_SERP
ACTION SNIPPET 1200 15 SNIPPET_RELEVANT 6c3c7e3e-7b25-11e4-b821-503cc7efed9e
ACTION DOC 1200 35 EXAMINING_DOCUMENT 6c3c7e3e-7b25-11e4-b821-503cc7efed9e
ACTION SNIPPET 1200 35 SNIPPET_RELEVANT e062ae78-8ddb-11e4-ace9-47de1af4c3eb
ACTION DOC 1200 55 EXAMINING_DOCUMENT e062ae78-8ddb-11e4-ace9-47de1af4c3eb
ACTION SNIPPET 1200 55 SNIPPET_RELEVANT 911c5418-1bac-4307-9119-32adac212568
ACTION DOC 1200 75 EXAMINING_DOCUMENT 911c5418-1bac-4307-9119-32adac212568
ACTION SNIPPET 1200 75 SNIPPET_RELEVANT ce667980-969a-11e4-8005-1924ede3e54a
ACTION DOC 1200 95 EXAMINING_DOCUMENT ce667980-969a-11e4-8005-1924ede3e54a
ACTION MARK 1200 98 CONSIDERED_RELEVANT ce667980-969a-11e4-8005-1924ede3e54a
ACTION SNIPPET 1200 98 SNIPPET_RELEVANT 517fc5a939679c190f17951c47862573
ACTION DOC 1200 118 EXAMINING_DOCUMENT 517fc5a939679c190f17951c47862573
ACTION SNIPPET 1200 118 SNIPPET_RELEVANT 891970d8-8878-11e4-9534-f79a23c40e6c
ACTION DOC 1200 138 EXAMINING_DOCUMENT 891970d8-8878-11e4-9534-f79a23c40e6c
ACTION QUERY 1200 148 Sony cyberattack North Korea
ACTION SERP 1200 153 EXAMINE_SERP
ACTION SNIPPET 1200 153 SEEN_PREVIOUSLY e062ae78-8ddb-11e4-ace9-47de1af4c3eb
ACTION SNIPPET 1200 153 SEEN_PREVIOUSLY 6c3c7e3e-7b25-11e4-b821-503cc7efed9e
ACTION SNIPPET 1200 153 SEEN_PREVIOUSLY 911c5418-1bac-4307-9119-32adac212568
ACTION SNIPPET 1200 153 SEEN_PREVIOUSLY 891970d8-8878-11e4-9534-f79a23c40e6c
ACTION SNIPPET 1200 153 SNIPPET_RELEVANT fc3aec60-8790-11e4-a702-fa31ff4ae98e
ACTION DOC 1200 173 EXAMINING_DOCUMENT fc3aec60-8790-11e4-a702-fa31ff4ae98e
ACTION SNIPPET 1200 173 SNIPPET_RELEVANT ffc37f8c-8885-11e4-9534-f79a23c40e6c
ACTION DOC 1200 193 EXAMINING_DOCUMENT ffc37f8c-8885-11e4-9534-f79a23c40e6c
ACTION SNIPPET 1200 193 SEEN_PREVIOUSLY ce667980-969a-11e4-8005-1924ede3e54a
ACTION SNIPPET 1200 193 SNIPPET_RELEVANT 5fdbf64f910a3b852b6d9be46bacd47d
ACTION DOC 1200 213 EXAMINING_DOCUMENT 5fdbf64f910a3b852b6d9be46bacd47d
ACTION SNIPPET 1200 213 SNIPPET_RELEVANT 233ce850-86eb-11e4-9534-f79a23c40e6c
ACTION DOC 1200 233 EXAMINING_DOCUMENT 233ce850-86eb-11e4-9534-f79a23c40e6c
ACTION SNIPPET 1200 233 SNIPPET_RELEVANT 8329da9e-7a65-11e4-b821-503cc7efed9e
ACTION DOC 1200 253 EXAMINING_DOCUMENT 8329da9e-7a65-11e4-b821-503cc7efed9e
ACTION SNIPPET 1200 253 SNIPPET_RELEVANT 3e5423ae-92af-11e4-a900-9960214d4cd7
ACTION DOC 1200 273 EXAMINING_DOCUMENT 3e5423ae-92af-11e4-a900-9960214d4cd7
ACTION QUERY 1200 283 FBI Sony hack investigation
ACTION SERP 1200 288 EXAMINE_SERP
ACTION SNIPPET 1200 288 SNIPPET_RELEVANT 6513cf120863abe12b2802da95a2d0eb
ACTION DOC 1200 308 EXAMINING_DOCUMENT 6513cf120863abe12b2802da95a2d0eb
ACTION SNIPPET 1200 308 SNIPPET_RELEVANT 52fb343c-87a1-11e4-9534-f79a23c40e6c
ACTION DOC 1200 328 EXAMINING_DOCUMENT 52fb343c-87a1-11e4-9534-f79a23c40e6c
ACTION SNIPPET 1200 328 SNIPPET_RELEVANT 464944fe7e9a4c2f2f3e71f2cef4c449
ACTION DOC 1200 348 EXAMINING_DOCUMENT 464944fe7e9a4c2f2f3e71f2cef4c449
ACTION SNIPPET 1200 348 SNIPPET_RELEVANT bcefea0516392741c33500e686de16c7
ACTION DOC 1200 368 EXAMINING_DOCUMENT bcefea0516392741c33500e686de16c7
ACTION SNIPPET 1200 368 SEEN_PREVIOUSLY 6c3c7e3e-7b25-11e4-b821-503cc7efed9e
ACTION SNIPPET 1200 368 SNIPPET_RELEVANT 508d6991-c242-419c-b71c-59a3d1173766
ACTION DOC 1200 388 EXAMINING_DOCUMENT 508d6991-c242-419c-b71c-59a3d1173766
ACTION SNIPPET 1200 388 SNIPPET_RELEVANT a799e8a0-809c-11e4-8882-03cf08410beb
ACTION DOC 1200 408 EXAMINING_DOCUMENT a799e8a0-809c-11e4-8882-03cf08410beb
ACTION QUERY 1200 418 Sony Pictures cyberattack culprit
ACTION SERP 1200 423 EXAMINE_SERP
ACTION SNIPPET 1200 423 SEEN_PREVIOUSLY e062ae78-8ddb-11e4-ace9-47de1af4c3eb
ACTION SNIPPET 1200 423 SEEN_PREVIOUSLY 6c3c7e3e-7b25-11e4-b821-503cc7efed9e
ACTION SNIPPET 1200 423 SNIPPET_RELEVANT 56dbef5d663082005716ca2cbadb0204
ACTION DOC 1200 443 EXAMINING_DOCUMENT 56dbef5d663082005716ca2cbadb0204
ACTION SNIPPET 1200 443 SEEN_PREVIOUSLY bcefea0516392741c33500e686de16c7
ACTION SNIPPET 1200 443 SEEN_PREVIOUSLY 891970d8-8878-11e4-9534-f79a23c40e6c
ACTION SNIPPET 1200 443 SNIPPET_RELEVANT 1886d3e8-87a5-11e4-9534-f79a23c40e6c
ACTION DOC 1200 463 EXAMINING_DOCUMENT 1886d3e8-87a5-11e4-9534-f79a23c40e6c
ACTION SNIPPET 1200 463 SNIPPET_RELEVANT 16118444aee0b5ac24110ee4f5aabd9c
ACTION DOC 1200 483 EXAMINING_DOCUMENT 16118444aee0b5ac24110ee4f5aabd9c
ACTION SNIPPET 1200 483 SEEN_PREVIOUSLY ce667980-969a-11e4-8005-1924ede3e54a
ACTION SNIPPET 1200 483 SNIPPET_RELEVANT d633dc4be6ffee111e6a3efaa0cb109f
ACTION DOC 1200 503 EXAMINING_DOCUMENT d633dc4be6ffee111e6a3efaa0cb109f
ACTION SNIPPET 1200 503 SEEN_PREVIOUSLY 233ce850-86eb-11e4-9534-f79a23c40e6c
ACTION SNIPPET 1200 503 SNIPPET_RELEVANT 59d8142f4d6ed22a6cabc6533ce711fc
ACTION DOC 1200 523 EXAMINING_DOCUMENT 59d8142f4d6ed22a6cabc6533ce711fc
ACTION SNIPPET 1200 523 SEEN_PREVIOUSLY 5fdbf64f910a3b852b6d9be46bacd47d
ACTION SNIPPET 1200 523 SNIPPET_RELEVANT 9e84856e-8488-11e4-b9b7-b8632ae73d25
ACTION DOC 1200 543 EXAMINING_DOCUMENT 9e84856e-8488-11e4-b9b7-b8632ae73d25
ACTION QUERY 1200 553 FBI Sony hack attribution
ACTION SERP 1200 558 EXAMINE_SERP
ACTION SNIPPET 1200 558 SEEN_PREVIOUSLY ce667980-969a-11e4-8005-1924ede3e54a
ACTION SNIPPET 1200 558 SNIPPET_RELEVANT 84f35ac8529c07fef1ab4ec2d1669305
ACTION DOC 1200 578 EXAMINING_DOCUMENT 84f35ac8529c07fef1ab4ec2d1669305
ACTION SNIPPET 1200 578 SEEN_PREVIOUSLY fc3aec60-8790-11e4-a702-fa31ff4ae98e
ACTION SNIPPET 1200 578 SNIPPET_RELEVANT b01a8be4-9fab-11e6-8832-23a007c77bb4
ACTION DOC 1200 598 EXAMINING_DOCUMENT b01a8be4-9fab-11e6-8832-23a007c77bb4
ACTION SNIPPET 1200 598 SNIPPET_RELEVANT 1c05afe2-55b9-11e6-88eb-7dda4e2f2aec
ACTION DOC 1200 618 EXAMINING_DOCUMENT 1c05afe2-55b9-11e6-88eb-7dda4e2f2aec
ACTION SNIPPET 1200 618 SNIPPET_RELEVANT 2bf6b763f1fa8f5b55e1003c4ec1d6d9
ACTION DOC 1200 638 EXAMINING_DOCUMENT 2bf6b763f1fa8f5b55e1003c4ec1d6d9
ACTION SNIPPET 1200 638 SEEN_PREVIOUSLY a799e8a0-809c-11e4-8882-03cf08410beb
ACTION SNIPPET 1200 638 SEEN_PREVIOUSLY 6513cf120863abe12b2802da95a2d0eb
ACTION SNIPPET 1200 638 SEEN_PREVIOUSLY 464944fe7e9a4c2f2f3e71f2cef4c449
ACTION SNIPPET 1200 638 SEEN_PREVIOUSLY bcefea0516392741c33500e686de16c7
ACTION SNIPPET 1200 638 SEEN_PREVIOUSLY 52fb343c-87a1-11e4-9534-f79a23c40e6c
ACTION SNIPPET 1200 638 SNIPPET_RELEVANT 13aa15966a1134e2a4ece0e505896f75
ACTION DOC 1200 658 EXAMINING_DOCUMENT 13aa15966a1134e2a4ece0e505896f75
ACTION SNIPPET 1200 658 SNIPPET_RELEVANT 9f4fde08c5aa5f5ef5cdc2306e45f907
ACTION DOC 1200 678 EXAMINING_DOCUMENT 9f4fde08c5aa5f5ef5cdc2306e45f907
ACTION MARK 1200 681 CONSIDERED_RELEVANT 9f4fde08c5aa5f5ef5cdc2306e45f907
ACTION QUERY 1200 691 Sony Pictures cyberattack perpetrator
ACTION SERP 1200 696 EXAMINE_SERP
ACTION SNIPPET 1200 696 SEEN_PREVIOUSLY 6c3c7e3e-7b25-11e4-b821-503cc7efed9e
ACTION SNIPPET 1200 696 SEEN_PREVIOUSLY 56dbef5d663082005716ca2cbadb0204
ACTION SNIPPET 1200 696 SEEN_PREVIOUSLY bcefea0516392741c33500e686de16c7
ACTION SNIPPET 1200 696 SEEN_PREVIOUSLY 891970d8-8878-11e4-9534-f79a23c40e6c
ACTION SNIPPET 1200 696 SEEN_PREVIOUSLY e062ae78-8ddb-11e4-ace9-47de1af4c3eb
ACTION SNIPPET 1200 696 SEEN_PREVIOUSLY 1886d3e8-87a5-11e4-9534-f79a23c40e6c
ACTION SNIPPET 1200 696 SEEN_PREVIOUSLY 16118444aee0b5ac24110ee4f5aabd9c
ACTION SNIPPET 1200 696 SEEN_PREVIOUSLY ce667980-969a-11e4-8005-1924ede3e54a
ACTION SNIPPET 1200 696 SEEN_PREVIOUSLY d633dc4be6ffee111e6a3efaa0cb109f
ACTION SNIPPET 1200 696 SEEN_PREVIOUSLY 233ce850-86eb-11e4-9534-f79a23c40e6c
ACTION SNIPPET 1200 696 SEEN_PREVIOUSLY 59d8142f4d6ed22a6cabc6533ce711fc
ACTION SNIPPET 1200 696 SEEN_PREVIOUSLY 5fdbf64f910a3b852b6d9be46bacd47d
ACTION SNIPPET 1200 696 SNIPPET_RELEVANT dd1bdb2a-8608-11e4-9534-f79a23c40e6c
ACTION DOC 1200 716 EXAMINING_DOCUMENT dd1bdb2a-8608-11e4-9534-f79a23c40e6c
ACTION SNIPPET 1200 716 SEEN_PREVIOUSLY 9e84856e-8488-11e4-b9b7-b8632ae73d25
ACTION SNIPPET 1200 716 SNIPPET_RELEVANT e7f7f8cb1cf8aeda9a8de32554292348
ACTION DOC 1200 736 EXAMINING_DOCUMENT e7f7f8cb1cf8aeda9a8de32554292348
ACTION SNIPPET 1200 736 SNIPPET_RELEVANT ba585cb8-9c2d-11e4-96cc-e858eba91ced
ACTION DOC 1200 756 EXAMINING_DOCUMENT ba585cb8-9c2d-11e4-96cc-e858eba91ced
ACTION SNIPPET 1200 756 SNIPPET_RELEVANT 222117a9e028a29ccb5ac43019781c0f
ACTION DOC 1200 776 EXAMINING_DOCUMENT 222117a9e028a29ccb5ac43019781c0f
ACTION SNIPPET 1200 776 SEEN_PREVIOUSLY 8329da9e-7a65-11e4-b821-503cc7efed9e
ACTION SNIPPET 1200 776 SNIPPET_RELEVANT e816b44a-7cc2-11e4-9a27-6fdbc612bff8
ACTION DOC 1200 796 EXAMINING_DOCUMENT e816b44a-7cc2-11e4-9a27-6fdbc612bff8
ACTION SNIPPET 1200 796 SEEN_PREVIOUSLY fc3aec60-8790-11e4-a702-fa31ff4ae98e
ACTION SNIPPET 1200 796 SNIPPET_RELEVANT b57e6b70-acad-11e4-abe8-e1ef60ca26de
ACTION DOC 1200 816 EXAMINING_DOCUMENT b57e6b70-acad-11e4-abe8-e1ef60ca26de
ACTION QUERY 1200 826 Guardians of Peace hackers
ACTION SERP 1200 831 EXAMINE_SERP
ACTION SNIPPET 1200 831 SNIPPET_RELEVANT b0c9227b93f60e35fc8fd3813da03bd1
ACTION DOC 1200 851 EXAMINING_DOCUMENT b0c9227b93f60e35fc8fd3813da03bd1
ACTION MARK 1200 854 CONSIDERED_RELEVANT b0c9227b93f60e35fc8fd3813da03bd1
ACTION SNIPPET 1200 854 SNIPPET_RELEVANT de662b790f0f02d75aee7f0e26f96fae
ACTION DOC 1200 874 EXAMINING_DOCUMENT de662b790f0f02d75aee7f0e26f96fae
ACTION SNIPPET 1200 874 SNIPPET_RELEVANT de8adc2ef1ec61ab0f9c0da9b2e71b3a
ACTION DOC 1200 894 EXAMINING_DOCUMENT de8adc2ef1ec61ab0f9c0da9b2e71b3a
ACTION SNIPPET 1200 894 SNIPPET_RELEVANT 05c1aebb849b6fe51b21d471b4415fbf
ACTION DOC 1200 914 EXAMINING_DOCUMENT 05c1aebb849b6fe51b21d471b4415fbf
ACTION SNIPPET 1200 914 SEEN_PREVIOUSLY ce667980-969a-11e4-8005-1924ede3e54a
ACTION SNIPPET 1200 914 SNIPPET_RELEVANT a69271ef61b8c871e4987c6b053d6adb
ACTION DOC 1200 934 EXAMINING_DOCUMENT a69271ef61b8c871e4987c6b053d6adb
ACTION SNIPPET 1200 934 SNIPPET_RELEVANT cd940836-7f18-11e4-81fd-8c4814dfa9d7
ACTION DOC 1200 954 EXAMINING_DOCUMENT cd940836-7f18-11e4-81fd-8c4814dfa9d7
ACTION MARK 1200 957 CONSIDERED_RELEVANT cd940836-7f18-11e4-81fd-8c4814dfa9d7
ACTION QUERY 1200 967 Guardians of Peace Sony
ACTION SERP 1200 972 EXAMINE_SERP
ACTION SNIPPET 1200 972 SEEN_PREVIOUSLY de662b790f0f02d75aee7f0e26f96fae
ACTION SNIPPET 1200 972 SEEN_PREVIOUSLY b0c9227b93f60e35fc8fd3813da03bd1
ACTION SNIPPET 1200 972 SEEN_PREVIOUSLY 05c1aebb849b6fe51b21d471b4415fbf
ACTION SNIPPET 1200 972 SEEN_PREVIOUSLY 8329da9e-7a65-11e4-b821-503cc7efed9e
ACTION SNIPPET 1200 972 SNIPPET_RELEVANT 9e7a016e-8539-11e4-9534-f79a23c40e6c
ACTION DOC 1200 992 EXAMINING_DOCUMENT 9e7a016e-8539-11e4-9534-f79a23c40e6c
ACTION SNIPPET 1200 992 SEEN_PREVIOUSLY a69271ef61b8c871e4987c6b053d6adb
ACTION SNIPPET 1200 992 SEEN_PREVIOUSLY de8adc2ef1ec61ab0f9c0da9b2e71b3a
ACTION SNIPPET 1200 992 SNIPPET_RELEVANT 696da0ad04bd90d9b4c229a24bfd8e27
ACTION DOC 1200 1012 EXAMINING_DOCUMENT 696da0ad04bd90d9b4c229a24bfd8e27
ACTION SNIPPET 1200 1012 SEEN_PREVIOUSLY cd940836-7f18-11e4-81fd-8c4814dfa9d7
ACTION SNIPPET 1200 1012 SEEN_PREVIOUSLY e7f7f8cb1cf8aeda9a8de32554292348
ACTION SNIPPET 1200 1012 SNIPPET_RELEVANT 095cf9dfa7f0b2cf67da676e6f95835a
ACTION DOC 1200 1032 EXAMINING_DOCUMENT 095cf9dfa7f0b2cf67da676e6f95835a
ACTION MARK 1200 1035 CONSIDERED_RELEVANT 095cf9dfa7f0b2cf67da676e6f95835a
ACTION SNIPPET 1200 1035 SEEN_PREVIOUSLY 9f4fde08c5aa5f5ef5cdc2306e45f907
ACTION SNIPPET 1200 1035 SNIPPET_RELEVANT f72bb9629b4b8f1650e026cc49155767
ACTION DOC 1200 1055 EXAMINING_DOCUMENT f72bb9629b4b8f1650e026cc49155767
ACTION SNIPPET 1200 1055 SEEN_PREVIOUSLY ce667980-969a-11e4-8005-1924ede3e54a
ACTION SNIPPET 1200 1055 SEEN_PREVIOUSLY 56dbef5d663082005716ca2cbadb0204
ACTION SNIPPET 1200 1055 SNIPPET_RELEVANT 55ad7d26-8c87-11e4-a085-34e9b9f09a58
ACTION DOC 1200 1075 EXAMINING_DOCUMENT 55ad7d26-8c87-11e4-a085-34e9b9f09a58
ACTION SNIPPET 1200 1075 SNIPPET_RELEVANT ca12f70035bd0e996a16a80dc6f9c837
ACTION DOC 1200 1095 EXAMINING_DOCUMENT ca12f70035bd0e996a16a80dc6f9c837
ACTION QUERY 1200 1105 Sony Pictures FBI investigation
ACTION SERP 1200 1110 EXAMINE_SERP
ACTION SNIPPET 1200 1110 SEEN_PREVIOUSLY 52fb343c-87a1-11e4-9534-f79a23c40e6c
ACTION SNIPPET 1200 1110 SEEN_PREVIOUSLY 464944fe7e9a4c2f2f3e71f2cef4c449
ACTION SNIPPET 1200 1110 SEEN_PREVIOUSLY 6513cf120863abe12b2802da95a2d0eb
ACTION SNIPPET 1200 1110 SEEN_PREVIOUSLY 508d6991-c242-419c-b71c-59a3d1173766
ACTION SNIPPET 1200 1110 SEEN_PREVIOUSLY 891970d8-8878-11e4-9534-f79a23c40e6c
ACTION SNIPPET 1200 1110 SEEN_PREVIOUSLY bcefea0516392741c33500e686de16c7
ACTION SNIPPET 1200 1110 SEEN_PREVIOUSLY 6c3c7e3e-7b25-11e4-b821-503cc7efed9e
ACTION SNIPPET 1200 1110 SEEN_PREVIOUSLY e816b44a-7cc2-11e4-9a27-6fdbc612bff8
ACTION SNIPPET 1200 1110 SEEN_PREVIOUSLY a799e8a0-809c-11e4-8882-03cf08410beb
ACTION SNIPPET 1200 1110 SEEN_PREVIOUSLY de662b790f0f02d75aee7f0e26f96fae
ACTION SNIPPET 1200 1110 SEEN_PREVIOUSLY 16118444aee0b5ac24110ee4f5aabd9c
ACTION SNIPPET 1200 1110 SEEN_PREVIOUSLY 3e5423ae-92af-11e4-a900-9960214d4cd7
ACTION SNIPPET 1200 1110 SEEN_PREVIOUSLY ce667980-969a-11e4-8005-1924ede3e54a
ACTION SNIPPET 1200 1110 SEEN_PREVIOUSLY 8329da9e-7a65-11e4-b821-503cc7efed9e
ACTION SNIPPET 1200 1110 SEEN_PREVIOUSLY 84f35ac8529c07fef1ab4ec2d1669305
ACTION SNIPPET 1200 1110 SNIPPET_RELEVANT 1c224df47cae21cbf7b1ab6233da65bb
ACTION DOC 1200 1130 EXAMINING_DOCUMENT 1c224df47cae21cbf7b1ab6233da65bb
ACTION SNIPPET 1200 1130 SEEN_PREVIOUSLY b57e6b70-acad-11e4-abe8-e1ef60ca26de
ACTION SNIPPET 1200 1130 SEEN_PREVIOUSLY fc3aec60-8790-11e4-a702-fa31ff4ae98e
ACTION SNIPPET 1200 1130 SEEN_PREVIOUSLY 517fc5a939679c190f17951c47862573
ACTION SNIPPET 1200 1130 SNIPPET_RELEVANT de9f0510-e451-11e4-81ea-0649268f729e
ACTION DOC 1200 1150 EXAMINING_DOCUMENT de9f0510-e451-11e4-81ea-0649268f729e
ACTION SNIPPET 1200 1150 SEEN_PREVIOUSLY d633dc4be6ffee111e6a3efaa0cb109f
ACTION SNIPPET 1200 1150 SEEN_PREVIOUSLY 222117a9e028a29ccb5ac43019781c0f
ACTION SNIPPET 1200 1150 SEEN_PREVIOUSLY b01a8be4-9fab-11e6-8832-23a007c77bb4
ACTION SNIPPET 1200 1150 SEEN_PREVIOUSLY 56dbef5d663082005716ca2cbadb0204
ACTION SNIPPET 1200 1150 SNIPPET_RELEVANT a312201e-afd0-11e4-827f-93f454140e2b
ACTION DOC 1200 1170 EXAMINING_DOCUMENT a312201e-afd0-11e4-827f-93f454140e2b
ACTION SNIPPET 1200 1170 SEEN_PREVIOUSLY 9e7a016e-8539-11e4-9534-f79a23c40e6c
ACTION SNIPPET 1200 1170 SEEN_PREVIOUSLY f72bb9629b4b8f1650e026cc49155767
ACTION SNIPPET 1200 1170 SEEN_PREVIOUSLY 1c05afe2-55b9-11e6-88eb-7dda4e2f2aec
ACTION SNIPPET 1200 1170 SEEN_PREVIOUSLY 2bf6b763f1fa8f5b55e1003c4ec1d6d9
ACTION SNIPPET 1200 1170 SNIPPET_RELEVANT ba78a4db61b97bcfa7e2ceefb4237004
ACTION DOC 1200 1190 EXAMINING_DOCUMENT ba78a4db61b97bcfa7e2ceefb4237004
ACTION SNIPPET 1200 1190 SNIPPET_RELEVANT f50b7b18df3a85a135cd9ddd5b35c7a3
ACTION DOC 1200 1210 EXAMINING_DOCUMENT f50b7b18df3a85a135cd9ddd5b35c7a3
INFO SUMMARY 
INFO TOTAL_QUERIES_ISSUED 9
INFO TOTAL_SNIPPETS_EXAMINED 126
INFO TOTAL_DOCUMENTS_EXAMINED 53
INFO TOTAL_DOCUMENTS_MARKED_RELEVANT 5
INFO TOTAL_ATTRACTIVE_SERP_IMPRESSIONS 9
INFO TOTAL_UNATTRACTIVE_SERP_IMPRESSIONS 0
