ACTION START 1200 0 START
ACTION QUERY 1200 10 human stampede mention
ACTION SERP 1200 15 EXAMINE_SERP
ACTION SNIPPET 1200 15 SNIPPET_RELEVANT 1c3f906e626e01a8d8c9c0f0d31f0f71
ACTION DOC 1200 35 EXAMINING_DOCUMENT 1c3f906e626e01a8d8c9c0f0d31f0f71
ACTION MARK 1200 38 CONSIDERED_RELEVANT 1c3f906e626e01a8d8c9c0f0d31f0f71
ACTION SNIPPET 1200 38 SNIPPET_RELEVANT a79b1b7d8cc5273d4995fec5e122e44b
ACTION DOC 1200 58 EXAMINING_DOCUMENT a79b1b7d8cc5273d4995fec5e122e44b
ACTION MARK 1200 61 CONSIDERED_RELEVANT a79b1b7d8cc5273d4995fec5e122e44b
ACTION SNIPPET 1200 61 SNIPPET_RELEVANT fac2ad3d-d1f1-4ba0-beb9-aefd829009c2
ACTION DOC 1200 81 EXAMINING_DOCUMENT fac2ad3d-d1f1-4ba0-beb9-aefd829009c2
ACTION MARK 1200 84 CONSIDERED_RELEVANT fac2ad3d-d1f1-4ba0-beb9-aefd829009c2
ACTION SNIPPET 1200 84 SNIPPET_NOT_RELEVANT 7a81e87ba8ecc0a82da3dd96df00d1fa
ACTION SNIPPET 1200 84 SNIPPET_NOT_RELEVANT 231c3fd2-2c3e-11e3-8ade-a1f23cda135e
ACTION SNIPPET 1200 84 SNIPPET_RELEVANT f61b6da2-9ca6-11e4-a7ee-526210d665b4
ACTION DOC 1200 104 EXAMINING_DOCUMENT f61b6da2-9ca6-11e4-a7ee-526210d665b4
ACTION MARK 1200 107 CONSIDERED_RELEVANT f61b6da2-9ca6-11e4-a7ee-526210d665b4
ACTION SNIPPET 1200 107 SNIPPET_RELEVANT 54b75712e707ed16c802aa76bfc7cbb1
ACTION DOC 1200 127 EXAMINING_DOCUMENT 54b75712e707ed16c802aa76bfc7cbb1
ACTION MARK 1200 130 CONSIDERED_RELEVANT 54b75712e707ed16c802aa76bfc7cbb1
ACTION QUERY 1200 140 human stampede event
ACTION SERP 1200 145 EXAMINE_SERP
ACTION SNIPPET 1200 145 SEEN_PREVIOUSLY 1c3f906e626e01a8d8c9c0f0d31f0f71
ACTION SNIPPET 1200 145 SEEN_PREVIOUSLY a79b1b7d8cc5273d4995fec5e122e44b
ACTION SNIPPET 1200 145 SNIPPET_RELEVANT b537ec82-9384-11e4-a900-9960214d4cd7
ACTION DOC 1200 165 EXAMINING_DOCUMENT b537ec82-9384-11e4-a900-9960214d4cd7
ACTION MARK 1200 168 CONSIDERED_RELEVANT b537ec82-9384-11e4-a900-9960214d4cd7
ACTION SNIPPET 1200 168 SEEN_PREVIOUSLY f61b6da2-9ca6-11e4-a7ee-526210d665b4
ACTION SNIPPET 1200 168 SNIPPET_RELEVANT 484ba62c-913b-11e4-a412-4b735edc7175
ACTION DOC 1200 188 EXAMINING_DOCUMENT 484ba62c-913b-11e4-a412-4b735edc7175
ACTION MARK 1200 191 CONSIDERED_RELEVANT 484ba62c-913b-11e4-a412-4b735edc7175
ACTION SNIPPET 1200 191 SNIPPET_RELEVANT 28eb7cce-62a7-11e5-9757-e49273f05f65
ACTION DOC 1200 211 EXAMINING_DOCUMENT 28eb7cce-62a7-11e5-9757-e49273f05f65
ACTION MARK 1200 214 CONSIDERED_RELEVANT 28eb7cce-62a7-11e5-9757-e49273f05f65
ACTION SNIPPET 1200 214 SNIPPET_RELEVANT 73f1338a-6356-11e5-9757-e49273f05f65
ACTION DOC 1200 234 EXAMINING_DOCUMENT 73f1338a-6356-11e5-9757-e49273f05f65
ACTION MARK 1200 237 CONSIDERED_RELEVANT 73f1338a-6356-11e5-9757-e49273f05f65
ACTION SNIPPET 1200 237 SNIPPET_RELEVANT 17a13bc0-9106-11e4-a412-4b735edc7175
ACTION DOC 1200 257 EXAMINING_DOCUMENT 17a13bc0-9106-11e4-a412-4b735edc7175
ACTION MARK 1200 260 CONSIDERED_RELEVANT 17a13bc0-9106-11e4-a412-4b735edc7175
ACTION QUERY 1200 270 human stampede reports
ACTION SERP 1200 275 EXAMINE_SERP
ACTION SNIPPET 1200 275 SEEN_PREVIOUSLY 1c3f906e626e01a8d8c9c0f0d31f0f71
ACTION SNIPPET 1200 275 SEEN_PREVIOUSLY a79b1b7d8cc5273d4995fec5e122e44b
ACTION SNIPPET 1200 275 SEEN_PREVIOUSLY f61b6da2-9ca6-11e4-a7ee-526210d665b4
ACTION SNIPPET 1200 275 SEEN_PREVIOUSLY b537ec82-9384-11e4-a900-9960214d4cd7
ACTION SNIPPET 1200 275 SNIPPET_RELEVANT 5e8f029982d19cd89736ae9f84f60662
ACTION DOC 1200 295 EXAMINING_DOCUMENT 5e8f029982d19cd89736ae9f84f60662
ACTION MARK 1200 298 CONSIDERED_RELEVANT 5e8f029982d19cd89736ae9f84f60662
ACTION SNIPPET 1200 298 SEEN_PREVIOUSLY 73f1338a-6356-11e5-9757-e49273f05f65
ACTION SNIPPET 1200 298 SEEN_PREVIOUSLY 484ba62c-913b-11e4-a412-4b735edc7175
ACTION SNIPPET 1200 298 SEEN_PREVIOUSLY 28eb7cce-62a7-11e5-9757-e49273f05f65
ACTION SNIPPET 1200 298 SEEN_PREVIOUSLY fac2ad3d-d1f1-4ba0-beb9-aefd829009c2
ACTION SNIPPET 1200 298 SNIPPET_NOT_RELEVANT 7a81e87ba8ecc0a82da3dd96df00d1fa
ACTION SNIPPET 1200 298 SNIPPET_NOT_RELEVANT 231c3fd2-2c3e-11e3-8ade-a1f23cda135e
ACTION SNIPPET 1200 298 SNIPPET_NOT_RELEVANT 08b145e6-9afb-11e1-bf13-663ec2f5fb28
ACTION SNIPPET 1200 298 SEEN_PREVIOUSLY 54b75712e707ed16c802aa76bfc7cbb1
ACTION SNIPPET 1200 298 SEEN_PREVIOUSLY 17a13bc0-9106-11e4-a412-4b735edc7175
ACTION SNIPPET 1200 298 SNIPPET_RELEVANT 7301a1e7-5577-4464-8029-e3db99a6b7cb
ACTION DOC 1200 318 EXAMINING_DOCUMENT 7301a1e7-5577-4464-8029-e3db99a6b7cb
ACTION MARK 1200 321 CONSIDERED_RELEVANT 7301a1e7-5577-4464-8029-e3db99a6b7cb
ACTION SNIPPET 1200 321 SNIPPET_NOT_RELEVANT d7f41eb1f29ea630857d8cf0a1d783a7
ACTION SNIPPET 1200 321 SNIPPET_NOT_RELEVANT 102f557e-d39e-11e2-b05f-3ea3f0e7bb5a
ACTION SNIPPET 1200 321 SNIPPET_NOT_RELEVANT 24be59a2-d3b4-11e2-b05f-3ea3f0e7bb5a
ACTION SNIPPET 1200 321 SNIPPET_NOT_RELEVANT 0629163c711e686d72338cfa295f762a
ACTION SNIPPET 1200 321 SNIPPET_NOT_RELEVANT 438635f64642923e47df1aef6caa7c5b
ACTION SNIPPET 1200 321 SNIPPET_RELEVANT cd65ac343aa65e723eadcbf05104bc16
ACTION DOC 1200 341 EXAMINING_DOCUMENT cd65ac343aa65e723eadcbf05104bc16
ACTION MARK 1200 344 CONSIDERED_RELEVANT cd65ac343aa65e723eadcbf05104bc16
ACTION SNIPPET 1200 344 SNIPPET_NOT_RELEVANT 65263aa2-ad4b-11e3-a49e-76adc9210f19
ACTION SNIPPET 1200 344 SNIPPET_NOT_RELEVANT dc49fe1bfb0d1918d7684186e71b8a6d
ACTION SNIPPET 1200 344 SNIPPET_RELEVANT 81839d003e55905d1b557d14ae4d1a3b
ACTION DOC 1200 364 EXAMINING_DOCUMENT 81839d003e55905d1b557d14ae4d1a3b
ACTION MARK 1200 367 CONSIDERED_RELEVANT 81839d003e55905d1b557d14ae4d1a3b
ACTION SNIPPET 1200 367 SNIPPET_NOT_RELEVANT 2d28ccc2f759a1e8a0e78f3f56f0e933
ACTION SNIPPET 1200 367 SNIPPET_NOT_RELEVANT ff871ed540102bbc7ff03aba759f38d0
ACTION SNIPPET 1200 367 SNIPPET_NOT_RELEVANT 85a9b55c7170dd68444e886fea6400d9
ACTION SNIPPET 1200 367 SNIPPET_RELEVANT 75c0f7a59659c22a15c9ede1c1263511
ACTION DOC 1200 387 EXAMINING_DOCUMENT 75c0f7a59659c22a15c9ede1c1263511
ACTION MARK 1200 390 CONSIDERED_RELEVANT 75c0f7a59659c22a15c9ede1c1263511
ACTION QUERY 1200 400 human stampede resulted
ACTION SERP 1200 405 EXAMINE_SERP
ACTION SNIPPET 1200 405 SEEN_PREVIOUSLY 1c3f906e626e01a8d8c9c0f0d31f0f71
ACTION SNIPPET 1200 405 SEEN_PREVIOUSLY a79b1b7d8cc5273d4995fec5e122e44b
ACTION SNIPPET 1200 405 SEEN_PREVIOUSLY 5e8f029982d19cd89736ae9f84f60662
ACTION SNIPPET 1200 405 SEEN_PREVIOUSLY 484ba62c-913b-11e4-a412-4b735edc7175
ACTION SNIPPET 1200 405 SNIPPET_NOT_RELEVANT a6e80dd5fe61723142f0d882da2d77f6
ACTION SNIPPET 1200 405 SNIPPET_NOT_RELEVANT 2f40b33035b979b30dbde29b43a0e357
ACTION SNIPPET 1200 405 SNIPPET_NOT_RELEVANT ff871ed540102bbc7ff03aba759f38d0
ACTION SNIPPET 1200 405 SNIPPET_NOT_RELEVANT 7a81e87ba8ecc0a82da3dd96df00d1fa
ACTION SNIPPET 1200 405 SNIPPET_NOT_RELEVANT 9c821676-c9d5-11e5-b9ab-26591104bb19
ACTION SNIPPET 1200 405 SNIPPET_NOT_RELEVANT 231c3fd2-2c3e-11e3-8ade-a1f23cda135e
ACTION SNIPPET 1200 405 SEEN_PREVIOUSLY f61b6da2-9ca6-11e4-a7ee-526210d665b4
ACTION SNIPPET 1200 405 SNIPPET_NOT_RELEVANT 102f557e-d39e-11e2-b05f-3ea3f0e7bb5a
ACTION SNIPPET 1200 405 SEEN_PREVIOUSLY 54b75712e707ed16c802aa76bfc7cbb1
ACTION SNIPPET 1200 405 SNIPPET_NOT_RELEVANT 24be59a2-d3b4-11e2-b05f-3ea3f0e7bb5a
ACTION SNIPPET 1200 405 SEEN_PREVIOUSLY 7301a1e7-5577-4464-8029-e3db99a6b7cb
ACTION SNIPPET 1200 405 SEEN_PREVIOUSLY 73f1338a-6356-11e5-9757-e49273f05f65
ACTION SNIPPET 1200 405 SEEN_PREVIOUSLY b537ec82-9384-11e4-a900-9960214d4cd7
ACTION SNIPPET 1200 405 SEEN_PREVIOUSLY 28eb7cce-62a7-11e5-9757-e49273f05f65
ACTION SNIPPET 1200 405 SNIPPET_NOT_RELEVANT d7f41eb1f29ea630857d8cf0a1d783a7
ACTION SNIPPET 1200 405 SEEN_PREVIOUSLY fac2ad3d-d1f1-4ba0-beb9-aefd829009c2
ACTION SNIPPET 1200 405 SNIPPET_NOT_RELEVANT 0629163c711e686d72338cfa295f762a
ACTION SNIPPET 1200 405 SNIPPET_NOT_RELEVANT 08b145e6-9afb-11e1-bf13-663ec2f5fb28
ACTION SNIPPET 1200 405 SNIPPET_NOT_RELEVANT 438635f64642923e47df1aef6caa7c5b
ACTION SNIPPET 1200 405 SEEN_PREVIOUSLY cd65ac343aa65e723eadcbf05104bc16
ACTION SNIPPET 1200 405 SNIPPET_NOT_RELEVANT 65263aa2-ad4b-11e3-a49e-76adc9210f19
ACTION SNIPPET 1200 405 SNIPPET_NOT_RELEVANT c877676c-b05d-11e6-840f-e3ebab6bcdd3
ACTION SNIPPET 1200 405 SNIPPET_NOT_RELEVANT dc49fe1bfb0d1918d7684186e71b8a6d
ACTION SNIPPET 1200 405 SNIPPET_NOT_RELEVANT 64099c96-1279-11e6-8967-7ac733c56f12
ACTION SNIPPET 1200 405 SNIPPET_NOT_RELEVANT 2d28ccc2f759a1e8a0e78f3f56f0e933
ACTION SNIPPET 1200 405 SNIPPET_NOT_RELEVANT 85a9b55c7170dd68444e886fea6400d9
ACTION SNIPPET 1200 405 SEEN_PREVIOUSLY 75c0f7a59659c22a15c9ede1c1263511
ACTION SNIPPET 1200 405 SNIPPET_RELEVANT a1b79359d6d1ba31a37c20bd355aa30f
ACTION DOC 1200 425 EXAMINING_DOCUMENT a1b79359d6d1ba31a37c20bd355aa30f
ACTION MARK 1200 428 CONSIDERED_RELEVANT a1b79359d6d1ba31a37c20bd355aa30f
ACTION SNIPPET 1200 428 SNIPPET_NOT_RELEVANT 3d046844-16c4-11e5-9518-f9e0a8959f32
ACTION SNIPPET 1200 428 SNIPPET_NOT_RELEVANT c7ceed2f9dd1293c9bdc3190f12166b5
ACTION SNIPPET 1200 428 SNIPPET_NOT_RELEVANT 5ccd632c-680e-11e7-a1d7-9a32c91c6f40
ACTION SNIPPET 1200 428 SNIPPET_NOT_RELEVANT cbeacfbc-5703-11e3-8304-caf30787c0a9
ACTION SNIPPET 1200 428 SNIPPET_NOT_RELEVANT 9d07775866fe200d3daae7e102463e83
ACTION SNIPPET 1200 428 SEEN_PREVIOUSLY 17a13bc0-9106-11e4-a412-4b735edc7175
ACTION SNIPPET 1200 428 SNIPPET_NOT_RELEVANT 3c727fa3cbd6abdea03545567789e47c
ACTION SNIPPET 1200 428 SNIPPET_NOT_RELEVANT 41b59946-3e26-11e6-a66f-aa6c1883b6b1
ACTION SNIPPET 1200 428 SNIPPET_NOT_RELEVANT 9124cfd7899d5ec220d89b587c79e497
ACTION SNIPPET 1200 428 SNIPPET_NOT_RELEVANT 4ef724cebb6eafa9ae0e6c3b395af941
ACTION SNIPPET 1200 428 SNIPPET_RELEVANT 28c2a64c-9b93-4d8e-b19d-a436666a77a7
ACTION DOC 1200 448 EXAMINING_DOCUMENT 28c2a64c-9b93-4d8e-b19d-a436666a77a7
ACTION MARK 1200 451 CONSIDERED_RELEVANT 28c2a64c-9b93-4d8e-b19d-a436666a77a7
ACTION SNIPPET 1200 451 SNIPPET_RELEVANT b79add2c-b79a-11e6-a677-b608fbb3aaf6
ACTION DOC 1200 471 EXAMINING_DOCUMENT b79add2c-b79a-11e6-a677-b608fbb3aaf6
ACTION MARK 1200 474 CONSIDERED_RELEVANT b79add2c-b79a-11e6-a677-b608fbb3aaf6
ACTION SNIPPET 1200 474 SNIPPET_NOT_RELEVANT b0bb29eadedb2f12e56f5aaee7e8f94f
ACTION SNIPPET 1200 474 SNIPPET_NOT_RELEVANT 19450a62a004839d4ed03fc24c5b3953
ACTION SNIPPET 1200 474 SNIPPET_NOT_RELEVANT 5d90768880d68e47a65f2b25561efaa2
ACTION SNIPPET 1200 474 SNIPPET_NOT_RELEVANT 057754ba20d0161d614cf6ab6a2c55ea
ACTION SNIPPET 1200 474 SNIPPET_NOT_RELEVANT 5bbd17a2207871b292e8ea51042b2387
ACTION SNIPPET 1200 474 SNIPPET_NOT_RELEVANT 74d80d72cb4caf53f42c845ab706d3ec
ACTION SNIPPET 1200 474 SNIPPET_NOT_RELEVANT bf3cf4c63b9cc3b8f4a547a7c0f57154
ACTION SNIPPET 1200 474 SNIPPET_RELEVANT 53cc9a5a-17f7-11e4-85b6-c1451e622637
ACTION DOC 1200 494 EXAMINING_DOCUMENT 53cc9a5a-17f7-11e4-85b6-c1451e622637
ACTION MARK 1200 497 CONSIDERED_RELEVANT 53cc9a5a-17f7-11e4-85b6-c1451e622637
ACTION SNIPPET 1200 497 SNIPPET_NOT_RELEVANT 58d24af1d54038b9f7fc17250e5885ee
ACTION SNIPPET 1200 497 SNIPPET_NOT_RELEVANT 34bfeb7cfd4fd1235db256e97a7b92d9
ACTION SNIPPET 1200 497 SNIPPET_NOT_RELEVANT 52b388c185c4c4eb8965eaf168c44154
ACTION SNIPPET 1200 497 SNIPPET_NOT_RELEVANT 129285cbe861e6c14a36fa707fc99146
ACTION SNIPPET 1200 497 SNIPPET_RELEVANT 6e1d8f50-88b0-11e6-875e-2c1bfe943b66
ACTION DOC 1200 517 EXAMINING_DOCUMENT 6e1d8f50-88b0-11e6-875e-2c1bfe943b66
ACTION MARK 1200 520 CONSIDERED_RELEVANT 6e1d8f50-88b0-11e6-875e-2c1bfe943b66
ACTION QUERY 1200 530 human stampede deaths
ACTION SERP 1200 535 EXAMINE_SERP
ACTION SNIPPET 1200 535 SEEN_PREVIOUSLY 1c3f906e626e01a8d8c9c0f0d31f0f71
ACTION SNIPPET 1200 535 SEEN_PREVIOUSLY 73f1338a-6356-11e5-9757-e49273f05f65
ACTION SNIPPET 1200 535 SEEN_PREVIOUSLY a79b1b7d8cc5273d4995fec5e122e44b
ACTION SNIPPET 1200 535 SEEN_PREVIOUSLY 28eb7cce-62a7-11e5-9757-e49273f05f65
ACTION SNIPPET 1200 535 SEEN_PREVIOUSLY 54b75712e707ed16c802aa76bfc7cbb1
ACTION SNIPPET 1200 535 SEEN_PREVIOUSLY f61b6da2-9ca6-11e4-a7ee-526210d665b4
ACTION SNIPPET 1200 535 SNIPPET_NOT_RELEVANT 65263aa2-ad4b-11e3-a49e-76adc9210f19
ACTION SNIPPET 1200 535 SEEN_PREVIOUSLY cd65ac343aa65e723eadcbf05104bc16
ACTION SNIPPET 1200 535 SEEN_PREVIOUSLY b537ec82-9384-11e4-a900-9960214d4cd7
ACTION SNIPPET 1200 535 SNIPPET_NOT_RELEVANT 9c821676-c9d5-11e5-b9ab-26591104bb19
ACTION SNIPPET 1200 535 SNIPPET_NOT_RELEVANT 7a81e87ba8ecc0a82da3dd96df00d1fa
ACTION SNIPPET 1200 535 SNIPPET_NOT_RELEVANT 231c3fd2-2c3e-11e3-8ade-a1f23cda135e
ACTION SNIPPET 1200 535 SEEN_PREVIOUSLY 17a13bc0-9106-11e4-a412-4b735edc7175
ACTION SNIPPET 1200 535 SEEN_PREVIOUSLY 7301a1e7-5577-4464-8029-e3db99a6b7cb
ACTION SNIPPET 1200 535 SEEN_PREVIOUSLY 81839d003e55905d1b557d14ae4d1a3b
ACTION SNIPPET 1200 535 SNIPPET_NOT_RELEVANT d7f41eb1f29ea630857d8cf0a1d783a7
ACTION SNIPPET 1200 535 SEEN_PREVIOUSLY 5e8f029982d19cd89736ae9f84f60662
ACTION SNIPPET 1200 535 SEEN_PREVIOUSLY 484ba62c-913b-11e4-a412-4b735edc7175
ACTION SNIPPET 1200 535 SEEN_PREVIOUSLY fac2ad3d-d1f1-4ba0-beb9-aefd829009c2
ACTION SNIPPET 1200 535 SNIPPET_NOT_RELEVANT ebfe8950e8ad3acaf972a35e647c641b
ACTION SNIPPET 1200 535 SNIPPET_NOT_RELEVANT 0629163c711e686d72338cfa295f762a
ACTION SNIPPET 1200 535 SNIPPET_NOT_RELEVANT 08b145e6-9afb-11e1-bf13-663ec2f5fb28
ACTION SNIPPET 1200 535 SNIPPET_NOT_RELEVANT 438635f64642923e47df1aef6caa7c5b
ACTION SNIPPET 1200 535 SNIPPET_NOT_RELEVANT dc49fe1bfb0d1918d7684186e71b8a6d
ACTION SNIPPET 1200 535 SNIPPET_NOT_RELEVANT 3fabf1aeca212583cff6f34f656c5f76
ACTION SNIPPET 1200 535 SNIPPET_NOT_RELEVANT fe76e4f17a1946ecef9773c228b527d1
ACTION SNIPPET 1200 535 SNIPPET_NOT_RELEVANT e589eed4b3b3f87288f93c3c71222641
ACTION SNIPPET 1200 535 SNIPPET_NOT_RELEVANT d59ee2ba7e8c62834b1d343312990847
ACTION SNIPPET 1200 535 SNIPPET_NOT_RELEVANT 6dbd3739f48ddfcf41a292780c9f56e9
ACTION SNIPPET 1200 535 SNIPPET_NOT_RELEVANT 10408f9c8fdfa91fd8cc00bb94303835
ACTION SNIPPET 1200 535 SNIPPET_NOT_RELEVANT 2fff89d1514e0a86fcb2b7d741fc7180
ACTION SNIPPET 1200 535 SNIPPET_NOT_RELEVANT 81a6f6d3510cebfa7c7ea6bdc4a5da08
ACTION SNIPPET 1200 535 SNIPPET_NOT_RELEVANT fe223a44226db440264ed05fe3c65bea
ACTION SNIPPET 1200 535 SNIPPET_NOT_RELEVANT 11fcdf3974c927d7e658e9b34dea701e
ACTION SNIPPET 1200 535 SNIPPET_NOT_RELEVANT 5eab43b153dfcb40da881f0e3d6f0a44
ACTION SNIPPET 1200 535 SNIPPET_NOT_RELEVANT d5c819db2288ab7a54bd51f370cebd68
ACTION SNIPPET 1200 535 SNIPPET_NOT_RELEVANT 1197deae77342846a43a9a900d60ed34
ACTION SNIPPET 1200 535 SNIPPET_NOT_RELEVANT d3b8ec932815192b6206eeb42cbb784b
ACTION SNIPPET 1200 535 SNIPPET_NOT_RELEVANT 399f611cc0c56bed369b9ba87cec84fe
ACTION SNIPPET 1200 535 SNIPPET_NOT_RELEVANT c747a077c7d7f5266d33433149f60161
ACTION SNIPPET 1200 535 SNIPPET_NOT_RELEVANT 6fff8dd30f34fd71d06173ec1a8c6af3
ACTION SNIPPET 1200 535 SNIPPET_NOT_RELEVANT 7a41f34ce7ec5df1ac6703b3127f18fd
ACTION SNIPPET 1200 535 SNIPPET_NOT_RELEVANT aebe8918ef81d40a4fa0d70158c080b2
ACTION SNIPPET 1200 535 SNIPPET_NOT_RELEVANT 70bc84e2026737750fcb913d94ac47d0
ACTION SNIPPET 1200 535 SNIPPET_NOT_RELEVANT 77dd95264a2df5fe2854709455caa958
ACTION SNIPPET 1200 535 SNIPPET_NOT_RELEVANT 48ffe3d17fa797f0e0e549475ac9463e
ACTION SNIPPET 1200 535 SNIPPET_NOT_RELEVANT 47c2a4f82a9910bf095919701d7f3a74
ACTION SNIPPET 1200 535 SNIPPET_NOT_RELEVANT 4a6a62740868fb9dd8c36e6c3c310469
ACTION SNIPPET 1200 535 SNIPPET_NOT_RELEVANT d8e93e3b0809330b57c80239e00b7f32
ACTION SNIPPET 1200 535 SNIPPET_NOT_RELEVANT 6e86e1611bc235251962b63cd22a0d60
ACTION SNIPPET 1200 535 SNIPPET_NOT_RELEVANT a5679ecd1b6313ad2424dd13458f8790
ACTION SNIPPET 1200 535 SNIPPET_NOT_RELEVANT 285a0a73f82b18ee01b65b71d84613b0
ACTION SNIPPET 1200 535 SNIPPET_NOT_RELEVANT a3618ca368a4e4872f479ac48d9988d8
ACTION SNIPPET 1200 535 SNIPPET_NOT_RELEVANT dda1a86d826d754e7b1385ec3c8a44b2
ACTION SNIPPET 1200 535 SNIPPET_NOT_RELEVANT 7868d015a589eb9b53f6235c5c671a6c
ACTION SNIPPET 1200 535 SNIPPET_NOT_RELEVANT 4943f22c73c1dc439e771815bf37f323
ACTION SNIPPET 1200 535 SNIPPET_NOT_RELEVANT 5d5a502e95a015aeb8b57418cb090f3a
ACTION SNIPPET 1200 535 SNIPPET_NOT_RELEVANT 0b8aca6f8e4e16a91701e26346cbc844
ACTION SNIPPET 1200 535 SNIPPET_NOT_RELEVANT 9750e6e6e87c6c45cc6ad42641689af8
ACTION SNIPPET 1200 535 SNIPPET_NOT_RELEVANT 2d28ccc2f759a1e8a0e78f3f56f0e933
ACTION SNIPPET 1200 535 SNIPPET_NOT_RELEVANT ff871ed540102bbc7ff03aba759f38d0
ACTION SNIPPET 1200 535 SNIPPET_NOT_RELEVANT 85a9b55c7170dd68444e886fea6400d9
ACTION SNIPPET 1200 535 SEEN_PREVIOUSLY 75c0f7a59659c22a15c9ede1c1263511
ACTION SNIPPET 1200 535 SNIPPET_NOT_RELEVANT 9d07775866fe200d3daae7e102463e83
ACTION SNIPPET 1200 535 SEEN_PREVIOUSLY a1b79359d6d1ba31a37c20bd355aa30f
ACTION SNIPPET 1200 535 SNIPPET_NOT_RELEVANT 3d046844-16c4-11e5-9518-f9e0a8959f32
ACTION SNIPPET 1200 535 SNIPPET_NOT_RELEVANT c7ceed2f9dd1293c9bdc3190f12166b5
ACTION SNIPPET 1200 535 SEEN_PREVIOUSLY 28c2a64c-9b93-4d8e-b19d-a436666a77a7
ACTION SNIPPET 1200 535 SNIPPET_NOT_RELEVANT cbeacfbc-5703-11e3-8304-caf30787c0a9
ACTION SNIPPET 1200 535 SNIPPET_NOT_RELEVANT a6e80dd5fe61723142f0d882da2d77f6
ACTION SNIPPET 1200 535 SNIPPET_NOT_RELEVANT 2f40b33035b979b30dbde29b43a0e357
ACTION SNIPPET 1200 535 SNIPPET_NOT_RELEVANT 102f557e-d39e-11e2-b05f-3ea3f0e7bb5a
ACTION SNIPPET 1200 535 SNIPPET_NOT_RELEVANT 24be59a2-d3b4-11e2-b05f-3ea3f0e7bb5a
ACTION SNIPPET 1200 535 SNIPPET_NOT_RELEVANT 41b59946-3e26-11e6-a66f-aa6c1883b6b1
ACTION SNIPPET 1200 535 SNIPPET_NOT_RELEVANT 9124cfd7899d5ec220d89b587c79e497
ACTION SNIPPET 1200 535 SNIPPET_NOT_RELEVANT 4ef724cebb6eafa9ae0e6c3b395af941
ACTION SNIPPET 1200 535 SEEN_PREVIOUSLY b79add2c-b79a-11e6-a677-b608fbb3aaf6
ACTION SNIPPET 1200 535 SNIPPET_NOT_RELEVANT b0bb29eadedb2f12e56f5aaee7e8f94f
ACTION SNIPPET 1200 535 SNIPPET_NOT_RELEVANT 057754ba20d0161d614cf6ab6a2c55ea
ACTION SNIPPET 1200 535 SNIPPET_NOT_RELEVANT fb68e5f8-ee88-11e4-8abc-d6aa3bad79dd
ACTION SNIPPET 1200 535 SNIPPET_NOT_RELEVANT 5bbd17a2207871b292e8ea51042b2387
ACTION SNIPPET 1200 535 SNIPPET_NOT_RELEVANT 74d80d72cb4caf53f42c845ab706d3ec
ACTION SNIPPET 1200 535 SNIPPET_NOT_RELEVANT bf3cf4c63b9cc3b8f4a547a7c0f57154
ACTION SNIPPET 1200 535 SEEN_PREVIOUSLY 53cc9a5a-17f7-11e4-85b6-c1451e622637
ACTION SNIPPET 1200 535 SNIPPET_NOT_RELEVANT 183b9b4e2712ddc83dd4f61dbfcbe37d
ACTION SNIPPET 1200 535 SNIPPET_NOT_RELEVANT 34bfeb7cfd4fd1235db256e97a7b92d9
ACTION SNIPPET 1200 535 SNIPPET_NOT_RELEVANT 52b388c185c4c4eb8965eaf168c44154
ACTION SNIPPET 1200 535 SNIPPET_NOT_RELEVANT 129285cbe861e6c14a36fa707fc99146
ACTION SNIPPET 1200 535 SEEN_PREVIOUSLY 6e1d8f50-88b0-11e6-875e-2c1bfe943b66
ACTION SNIPPET 1200 535 SNIPPET_NOT_RELEVANT fa789af4-470e-11e7-bcde-624ad94170ab
ACTION SNIPPET 1200 535 SNIPPET_RELEVANT 8a3a8c94-88cb-11e2-9d71-f0feafdd1394
ACTION DOC 1200 555 EXAMINING_DOCUMENT 8a3a8c94-88cb-11e2-9d71-f0feafdd1394
ACTION MARK 1200 558 CONSIDERED_RELEVANT 8a3a8c94-88cb-11e2-9d71-f0feafdd1394
ACTION SNIPPET 1200 558 SNIPPET_RELEVANT edf2d3e6-7b7d-11e2-a044-676856536b40
ACTION DOC 1200 578 EXAMINING_DOCUMENT edf2d3e6-7b7d-11e2-a044-676856536b40
ACTION MARK 1200 581 CONSIDERED_RELEVANT edf2d3e6-7b7d-11e2-a044-676856536b40
ACTION SNIPPET 1200 581 SNIPPET_RELEVANT 84768bdc-2df3-11e3-8ade-a1f23cda135e
ACTION DOC 1200 601 EXAMINING_DOCUMENT 84768bdc-2df3-11e3-8ade-a1f23cda135e
ACTION MARK 1200 604 CONSIDERED_RELEVANT 84768bdc-2df3-11e3-8ade-a1f23cda135e
ACTION SNIPPET 1200 604 SNIPPET_NOT_RELEVANT 365cef00-d9e1-11e3-b745-87d39690c5c0
ACTION SNIPPET 1200 604 SNIPPET_NOT_RELEVANT c5a604bc-d9b5-11e2-9df4-895344c13c30
ACTION SNIPPET 1200 604 SNIPPET_NOT_RELEVANT 92f055e9da103add61ad662b5bebf0f8
ACTION SNIPPET 1200 604 SNIPPET_NOT_RELEVANT 92d7f97758049f41eaefe1db99a5a04d
ACTION SNIPPET 1200 604 SNIPPET_NOT_RELEVANT 6e19ece6b4d4bf4a6d86b7b1287b545e
ACTION SNIPPET 1200 604 SNIPPET_NOT_RELEVANT 819d636e-8104-11e2-b99e-6baf4ebe42df
ACTION SNIPPET 1200 604 SNIPPET_NOT_RELEVANT 8ce56a69d594d886aed957dc2358c592
INFO SERP_END_REACHED 
ACTION QUERY 1200 614 human stampede people
ACTION SERP 1200 619 EXAMINE_SERP
ACTION SNIPPET 1200 619 SEEN_PREVIOUSLY 1c3f906e626e01a8d8c9c0f0d31f0f71
ACTION SNIPPET 1200 619 SEEN_PREVIOUSLY a79b1b7d8cc5273d4995fec5e122e44b
ACTION SNIPPET 1200 619 SNIPPET_NOT_RELEVANT 7a81e87ba8ecc0a82da3dd96df00d1fa
ACTION SNIPPET 1200 619 SNIPPET_NOT_RELEVANT 231c3fd2-2c3e-11e3-8ade-a1f23cda135e
ACTION SNIPPET 1200 619 SEEN_PREVIOUSLY f61b6da2-9ca6-11e4-a7ee-526210d665b4
ACTION SNIPPET 1200 619 SEEN_PREVIOUSLY 54b75712e707ed16c802aa76bfc7cbb1
ACTION SNIPPET 1200 619 SEEN_PREVIOUSLY 73f1338a-6356-11e5-9757-e49273f05f65
ACTION SNIPPET 1200 619 SEEN_PREVIOUSLY b537ec82-9384-11e4-a900-9960214d4cd7
ACTION SNIPPET 1200 619 SEEN_PREVIOUSLY 28eb7cce-62a7-11e5-9757-e49273f05f65
ACTION SNIPPET 1200 619 SEEN_PREVIOUSLY 7301a1e7-5577-4464-8029-e3db99a6b7cb
ACTION SNIPPET 1200 619 SEEN_PREVIOUSLY 5e8f029982d19cd89736ae9f84f60662
ACTION SNIPPET 1200 619 SEEN_PREVIOUSLY 484ba62c-913b-11e4-a412-4b735edc7175
ACTION SNIPPET 1200 619 SNIPPET_NOT_RELEVANT 438635f64642923e47df1aef6caa7c5b
ACTION SNIPPET 1200 619 SEEN_PREVIOUSLY cd65ac343aa65e723eadcbf05104bc16
ACTION SNIPPET 1200 619 SEEN_PREVIOUSLY fac2ad3d-d1f1-4ba0-beb9-aefd829009c2
ACTION SNIPPET 1200 619 SNIPPET_NOT_RELEVANT 65263aa2-ad4b-11e3-a49e-76adc9210f19
ACTION SNIPPET 1200 619 SNIPPET_NOT_RELEVANT d7f41eb1f29ea630857d8cf0a1d783a7
ACTION SNIPPET 1200 619 SEEN_PREVIOUSLY a1b79359d6d1ba31a37c20bd355aa30f
ACTION SNIPPET 1200 619 SEEN_PREVIOUSLY 75c0f7a59659c22a15c9ede1c1263511
ACTION SNIPPET 1200 619 SNIPPET_NOT_RELEVANT 0629163c711e686d72338cfa295f762a
ACTION SNIPPET 1200 619 SNIPPET_NOT_RELEVANT 08b145e6-9afb-11e1-bf13-663ec2f5fb28
ACTION SNIPPET 1200 619 SNIPPET_NOT_RELEVANT c7ceed2f9dd1293c9bdc3190f12166b5
ACTION SNIPPET 1200 619 SNIPPET_NOT_RELEVANT 9c821676-c9d5-11e5-b9ab-26591104bb19
ACTION SNIPPET 1200 619 SEEN_PREVIOUSLY 17a13bc0-9106-11e4-a412-4b735edc7175
ACTION SNIPPET 1200 619 SNIPPET_NOT_RELEVANT dc49fe1bfb0d1918d7684186e71b8a6d
ACTION SNIPPET 1200 619 SNIPPET_NOT_RELEVANT cbeacfbc-5703-11e3-8304-caf30787c0a9
ACTION SNIPPET 1200 619 SEEN_PREVIOUSLY b79add2c-b79a-11e6-a677-b608fbb3aaf6
ACTION SNIPPET 1200 619 SNIPPET_NOT_RELEVANT 2d28ccc2f759a1e8a0e78f3f56f0e933
ACTION SNIPPET 1200 619 SNIPPET_NOT_RELEVANT ff871ed540102bbc7ff03aba759f38d0
ACTION SNIPPET 1200 619 SNIPPET_NOT_RELEVANT 85a9b55c7170dd68444e886fea6400d9
ACTION SNIPPET 1200 619 SNIPPET_NOT_RELEVANT 9124cfd7899d5ec220d89b587c79e497
ACTION SNIPPET 1200 619 SEEN_PREVIOUSLY 6e1d8f50-88b0-11e6-875e-2c1bfe943b66
ACTION SNIPPET 1200 619 SEEN_PREVIOUSLY 53cc9a5a-17f7-11e4-85b6-c1451e622637
ACTION SNIPPET 1200 619 SNIPPET_NOT_RELEVANT 3d046844-16c4-11e5-9518-f9e0a8959f32
ACTION SNIPPET 1200 619 SNIPPET_NOT_RELEVANT 41b59946-3e26-11e6-a66f-aa6c1883b6b1
ACTION SNIPPET 1200 619 SNIPPET_NOT_RELEVANT 5bbd17a2207871b292e8ea51042b2387
ACTION SNIPPET 1200 619 SNIPPET_NOT_RELEVANT 74d80d72cb4caf53f42c845ab706d3ec
ACTION SNIPPET 1200 619 SNIPPET_NOT_RELEVANT bf3cf4c63b9cc3b8f4a547a7c0f57154
ACTION SNIPPET 1200 619 SNIPPET_NOT_RELEVANT 34bfeb7cfd4fd1235db256e97a7b92d9
ACTION SNIPPET 1200 619 SNIPPET_NOT_RELEVANT 52b388c185c4c4eb8965eaf168c44154
ACTION SNIPPET 1200 619 SNIPPET_NOT_RELEVANT 129285cbe861e6c14a36fa707fc99146
ACTION SNIPPET 1200 619 SNIPPET_NOT_RELEVANT a6e80dd5fe61723142f0d882da2d77f6
ACTION SNIPPET 1200 619 SNIPPET_NOT_RELEVANT 2f40b33035b979b30dbde29b43a0e357
ACTION SNIPPET 1200 619 SNIPPET_NOT_RELEVANT fa789af4-470e-11e7-bcde-624ad94170ab
ACTION SNIPPET 1200 619 SNIPPET_NOT_RELEVANT 102f557e-d39e-11e2-b05f-3ea3f0e7bb5a
ACTION SNIPPET 1200 619 SNIPPET_NOT_RELEVANT 24be59a2-d3b4-11e2-b05f-3ea3f0e7bb5a
ACTION SNIPPET 1200 619 SNIPPET_NOT_RELEVANT 365cef00-d9e1-11e3-b745-87d39690c5c0
ACTION SNIPPET 1200 619 SNIPPET_NOT_RELEVANT 4ef724cebb6eafa9ae0e6c3b395af941
ACTION SNIPPET 1200 619 SNIPPET_NOT_RELEVANT b0bb29eadedb2f12e56f5aaee7e8f94f
ACTION SNIPPET 1200 619 SEEN_PREVIOUSLY 81839d003e55905d1b557d14ae4d1a3b
ACTION SNIPPET 1200 619 SNIPPET_NOT_RELEVANT d527cdf5e2e4d414796a3d4a2f413c25
ACTION SNIPPET 1200 619 SNIPPET_NOT_RELEVANT 057754ba20d0161d614cf6ab6a2c55ea
ACTION SNIPPET 1200 619 SNIPPET_NOT_RELEVANT 955c1ef0-6002-11e6-af8e-54aa2e849447
ACTION SNIPPET 1200 619 SNIPPET_NOT_RELEVANT 819d636e-8104-11e2-b99e-6baf4ebe42df
ACTION SNIPPET 1200 619 SNIPPET_NOT_RELEVANT e46ed696-8bd5-11e6-bff0-d53f592f176e
ACTION SNIPPET 1200 619 SNIPPET_NOT_RELEVANT 90b9cf78-4aaa-11e5-846d-02792f854297
ACTION SNIPPET 1200 619 SNIPPET_NOT_RELEVANT 92d7f97758049f41eaefe1db99a5a04d
ACTION SNIPPET 1200 619 SNIPPET_NOT_RELEVANT ce9f6e6e-778b-11e2-aa12-e6cf1d31106b
ACTION SNIPPET 1200 619 SNIPPET_NOT_RELEVANT 3c727fa3cbd6abdea03545567789e47c
ACTION SNIPPET 1200 619 SNIPPET_NOT_RELEVANT 8ce56a69d594d886aed957dc2358c592
ACTION SNIPPET 1200 619 SNIPPET_NOT_RELEVANT 11e880e0-df76-11e3-9743-bb9b59cde7b9
ACTION SNIPPET 1200 619 SNIPPET_RELEVANT 35d4ad7a-340a-11e3-8a0e-4e2cf80831fc
ACTION DOC 1200 639 EXAMINING_DOCUMENT 35d4ad7a-340a-11e3-8a0e-4e2cf80831fc
ACTION MARK 1200 642 CONSIDERED_RELEVANT 35d4ad7a-340a-11e3-8a0e-4e2cf80831fc
ACTION SNIPPET 1200 642 SNIPPET_RELEVANT 3941bdc8-a0e6-11e4-91fc-7dff95a14458
ACTION DOC 1200 662 EXAMINING_DOCUMENT 3941bdc8-a0e6-11e4-91fc-7dff95a14458
ACTION MARK 1200 665 CONSIDERED_RELEVANT 3941bdc8-a0e6-11e4-91fc-7dff95a14458
ACTION SNIPPET 1200 665 SNIPPET_NOT_RELEVANT c877676c-b05d-11e6-840f-e3ebab6bcdd3
ACTION SNIPPET 1200 665 SNIPPET_NOT_RELEVANT 030fe2f20aebb4a651c11df750aaff3c
ACTION SNIPPET 1200 665 SNIPPET_NOT_RELEVANT 64099c96-1279-11e6-8967-7ac733c56f12
ACTION SNIPPET 1200 665 SNIPPET_NOT_RELEVANT b9d74d308dfddb0a795da07feaaa4c2a
ACTION SNIPPET 1200 665 SEEN_PREVIOUSLY 28c2a64c-9b93-4d8e-b19d-a436666a77a7
ACTION SNIPPET 1200 665 SNIPPET_NOT_RELEVANT ac557a06-8754-11e6-ac72-a29979381495
ACTION SNIPPET 1200 665 SNIPPET_NOT_RELEVANT fb68e5f8-ee88-11e4-8abc-d6aa3bad79dd
ACTION SNIPPET 1200 665 SNIPPET_NOT_RELEVANT 5ccd632c-680e-11e7-a1d7-9a32c91c6f40
ACTION SNIPPET 1200 665 SNIPPET_NOT_RELEVANT 10f375d6-b15e-11e4-886b-c22184f27c35
ACTION SNIPPET 1200 665 SNIPPET_NOT_RELEVANT 3536c1c31ffa7e85eed605cffb1192e2
ACTION SNIPPET 1200 665 SNIPPET_NOT_RELEVANT 810933004ee52c3bc56e4f333ac51509
ACTION SNIPPET 1200 665 SNIPPET_NOT_RELEVANT 697b9768-2d7e-11e6-9b37-42985f6a265c
ACTION SNIPPET 1200 665 SNIPPET_NOT_RELEVANT 3472e4b9db76886ac1133ec76a254eee
ACTION SNIPPET 1200 665 SNIPPET_NOT_RELEVANT 230347ec-e9ed-11e5-a6f3-21ccdbc5f74e
ACTION SNIPPET 1200 665 SNIPPET_NOT_RELEVANT d21193be5db4c35d8d38c3c161c80621
ACTION SNIPPET 1200 665 SNIPPET_NOT_RELEVANT 1adf559a-a209-11e6-8d63-3e0a660f1f04
ACTION SNIPPET 1200 665 SNIPPET_NOT_RELEVANT c9b08195154878a1f221e325af5137e6
ACTION SNIPPET 1200 665 SNIPPET_NOT_RELEVANT 9d07775866fe200d3daae7e102463e83
ACTION SNIPPET 1200 665 SNIPPET_NOT_RELEVANT 0a0f659c-abb4-11e2-b6fd-ba6f5f26d70e
ACTION SNIPPET 1200 665 SNIPPET_NOT_RELEVANT 02239e100fd9d1c7ab4893a499f3ed4d
ACTION SNIPPET 1200 665 SNIPPET_NOT_RELEVANT 835941211bd8c2b03ccfbad1772164c2
ACTION SNIPPET 1200 665 SNIPPET_NOT_RELEVANT 10aad9da36fb0fd306966989b216ae6a
ACTION SNIPPET 1200 665 SNIPPET_NOT_RELEVANT b619e97ee40a149524246a7549c90088
ACTION SNIPPET 1200 665 SNIPPET_NOT_RELEVANT 5c0c7bcd640ec870ef6471c729268ef3
ACTION SNIPPET 1200 665 SNIPPET_NOT_RELEVANT 7eb1073e-3f60-11e4-b03f-de718edeb92f
ACTION SNIPPET 1200 665 SNIPPET_NOT_RELEVANT 0ed3797af3e650cf5f2128f7f59301b7
ACTION SNIPPET 1200 665 SNIPPET_NOT_RELEVANT 8ba556aad09f088d59fb1e49146ff400
ACTION SNIPPET 1200 665 SNIPPET_NOT_RELEVANT 6a23d377895ba0ff734a113902fed390
ACTION SNIPPET 1200 665 SNIPPET_NOT_RELEVANT 34b07b7e-46f6-11e7-98cd-af64b4fe2dfc
ACTION SNIPPET 1200 665 SNIPPET_NOT_RELEVANT ae4d7021a16a0f6f66a3abec96d8daf1
ACTION SNIPPET 1200 665 SNIPPET_NOT_RELEVANT e589eed4b3b3f87288f93c3c71222641
ACTION SNIPPET 1200 665 SNIPPET_NOT_RELEVANT fe76e4f17a1946ecef9773c228b527d1
ACTION SNIPPET 1200 665 SNIPPET_NOT_RELEVANT 5eab43b153dfcb40da881f0e3d6f0a44
ACTION SNIPPET 1200 665 SNIPPET_NOT_RELEVANT c747a077c7d7f5266d33433149f60161
ACTION SNIPPET 1200 665 SNIPPET_NOT_RELEVANT 399f611cc0c56bed369b9ba87cec84fe
ACTION SNIPPET 1200 665 SNIPPET_NOT_RELEVANT d3b8ec932815192b6206eeb42cbb784b
ACTION SNIPPET 1200 665 SNIPPET_NOT_RELEVANT 1197deae77342846a43a9a900d60ed34
INFO SERP_END_REACHED 
ACTION QUERY 1200 675 human stampede killed
ACTION SERP 1200 680 EXAMINE_SERP
ACTION SNIPPET 1200 680 SEEN_PREVIOUSLY 1c3f906e626e01a8d8c9c0f0d31f0f71
ACTION SNIPPET 1200 680 SEEN_PREVIOUSLY a79b1b7d8cc5273d4995fec5e122e44b
ACTION SNIPPET 1200 680 SEEN_PREVIOUSLY 54b75712e707ed16c802aa76bfc7cbb1
ACTION SNIPPET 1200 680 SNIPPET_NOT_RELEVANT 7a81e87ba8ecc0a82da3dd96df00d1fa
ACTION SNIPPET 1200 680 SEEN_PREVIOUSLY 484ba62c-913b-11e4-a412-4b735edc7175
ACTION SNIPPET 1200 680 SEEN_PREVIOUSLY b537ec82-9384-11e4-a900-9960214d4cd7
ACTION SNIPPET 1200 680 SEEN_PREVIOUSLY 28eb7cce-62a7-11e5-9757-e49273f05f65
ACTION SNIPPET 1200 680 SEEN_PREVIOUSLY f61b6da2-9ca6-11e4-a7ee-526210d665b4
ACTION SNIPPET 1200 680 SNIPPET_NOT_RELEVANT 65263aa2-ad4b-11e3-a49e-76adc9210f19
ACTION SNIPPET 1200 680 SEEN_PREVIOUSLY 17a13bc0-9106-11e4-a412-4b735edc7175
ACTION SNIPPET 1200 680 SEEN_PREVIOUSLY 7301a1e7-5577-4464-8029-e3db99a6b7cb
ACTION SNIPPET 1200 680 SEEN_PREVIOUSLY cd65ac343aa65e723eadcbf05104bc16
ACTION SNIPPET 1200 680 SEEN_PREVIOUSLY 5e8f029982d19cd89736ae9f84f60662
ACTION SNIPPET 1200 680 SEEN_PREVIOUSLY 53cc9a5a-17f7-11e4-85b6-c1451e622637
ACTION SNIPPET 1200 680 SNIPPET_NOT_RELEVANT 365cef00-d9e1-11e3-b745-87d39690c5c0
ACTION SNIPPET 1200 680 SEEN_PREVIOUSLY a1b79359d6d1ba31a37c20bd355aa30f
ACTION SNIPPET 1200 680 SEEN_PREVIOUSLY 73f1338a-6356-11e5-9757-e49273f05f65
ACTION SNIPPET 1200 680 SEEN_PREVIOUSLY 6e1d8f50-88b0-11e6-875e-2c1bfe943b66
ACTION SNIPPET 1200 680 SNIPPET_NOT_RELEVANT c7ceed2f9dd1293c9bdc3190f12166b5
ACTION SNIPPET 1200 680 SNIPPET_NOT_RELEVANT 231c3fd2-2c3e-11e3-8ade-a1f23cda135e
ACTION SNIPPET 1200 680 SEEN_PREVIOUSLY b79add2c-b79a-11e6-a677-b608fbb3aaf6
ACTION SNIPPET 1200 680 SEEN_PREVIOUSLY 35d4ad7a-340a-11e3-8a0e-4e2cf80831fc
ACTION SNIPPET 1200 680 SNIPPET_NOT_RELEVANT e589eed4b3b3f87288f93c3c71222641
ACTION SNIPPET 1200 680 SNIPPET_NOT_RELEVANT d7f41eb1f29ea630857d8cf0a1d783a7
ACTION SNIPPET 1200 680 SNIPPET_NOT_RELEVANT d527cdf5e2e4d414796a3d4a2f413c25
ACTION SNIPPET 1200 680 SEEN_PREVIOUSLY fac2ad3d-d1f1-4ba0-beb9-aefd829009c2
ACTION SNIPPET 1200 680 SNIPPET_NOT_RELEVANT 0629163c711e686d72338cfa295f762a
ACTION SNIPPET 1200 680 SNIPPET_NOT_RELEVANT 08b145e6-9afb-11e1-bf13-663ec2f5fb28
ACTION SNIPPET 1200 680 SNIPPET_NOT_RELEVANT 438635f64642923e47df1aef6caa7c5b
ACTION SNIPPET 1200 680 SNIPPET_NOT_RELEVANT 045379aa-d911-11e3-bda1-9b46b2066796
ACTION SNIPPET 1200 680 SNIPPET_NOT_RELEVANT dc49fe1bfb0d1918d7684186e71b8a6d
ACTION SNIPPET 1200 680 SEEN_PREVIOUSLY 84768bdc-2df3-11e3-8ade-a1f23cda135e
ACTION SNIPPET 1200 680 SEEN_PREVIOUSLY 3941bdc8-a0e6-11e4-91fc-7dff95a14458
ACTION SNIPPET 1200 680 SNIPPET_RELEVANT f1d8f7cb6573e41de30c2aaf98831ad7
ACTION DOC 1200 700 EXAMINING_DOCUMENT f1d8f7cb6573e41de30c2aaf98831ad7
ACTION MARK 1200 703 CONSIDERED_RELEVANT f1d8f7cb6573e41de30c2aaf98831ad7
ACTION SNIPPET 1200 703 SNIPPET_NOT_RELEVANT 2d28ccc2f759a1e8a0e78f3f56f0e933
ACTION SNIPPET 1200 703 SNIPPET_NOT_RELEVANT ff871ed540102bbc7ff03aba759f38d0
ACTION SNIPPET 1200 703 SNIPPET_NOT_RELEVANT 85a9b55c7170dd68444e886fea6400d9
ACTION SNIPPET 1200 703 SEEN_PREVIOUSLY 75c0f7a59659c22a15c9ede1c1263511
ACTION SNIPPET 1200 703 SNIPPET_NOT_RELEVANT 3d046844-16c4-11e5-9518-f9e0a8959f32
ACTION SNIPPET 1200 703 SNIPPET_NOT_RELEVANT c2dbab6bfbe252b8cc42b63e2c7adf1e
ACTION SNIPPET 1200 703 SNIPPET_NOT_RELEVANT cbeacfbc-5703-11e3-8304-caf30787c0a9
ACTION SNIPPET 1200 703 SEEN_PREVIOUSLY 28c2a64c-9b93-4d8e-b19d-a436666a77a7
ACTION SNIPPET 1200 703 SNIPPET_NOT_RELEVANT a6e80dd5fe61723142f0d882da2d77f6
ACTION SNIPPET 1200 703 SNIPPET_NOT_RELEVANT 2f40b33035b979b30dbde29b43a0e357
ACTION SNIPPET 1200 703 SNIPPET_NOT_RELEVANT 9c821676-c9d5-11e5-b9ab-26591104bb19
ACTION SNIPPET 1200 703 SNIPPET_NOT_RELEVANT 102f557e-d39e-11e2-b05f-3ea3f0e7bb5a
ACTION SNIPPET 1200 703 SNIPPET_NOT_RELEVANT 24be59a2-d3b4-11e2-b05f-3ea3f0e7bb5a
ACTION SNIPPET 1200 703 SNIPPET_NOT_RELEVANT 41b59946-3e26-11e6-a66f-aa6c1883b6b1
ACTION SNIPPET 1200 703 SNIPPET_NOT_RELEVANT 816694c6800a9d8599ef5e1137d3bea6
ACTION SNIPPET 1200 703 SNIPPET_NOT_RELEVANT 9124cfd7899d5ec220d89b587c79e497
ACTION SNIPPET 1200 703 SNIPPET_NOT_RELEVANT 4ef724cebb6eafa9ae0e6c3b395af941
ACTION SNIPPET 1200 703 SNIPPET_NOT_RELEVANT b0bb29eadedb2f12e56f5aaee7e8f94f
ACTION SNIPPET 1200 703 SNIPPET_NOT_RELEVANT d21193be5db4c35d8d38c3c161c80621
ACTION SNIPPET 1200 703 SNIPPET_NOT_RELEVANT 057754ba20d0161d614cf6ab6a2c55ea
ACTION SNIPPET 1200 703 SNIPPET_NOT_RELEVANT 5bbd17a2207871b292e8ea51042b2387
ACTION SNIPPET 1200 703 SNIPPET_NOT_RELEVANT 74d80d72cb4caf53f42c845ab706d3ec
ACTION SNIPPET 1200 703 SNIPPET_NOT_RELEVANT bf3cf4c63b9cc3b8f4a547a7c0f57154
ACTION SNIPPET 1200 703 SNIPPET_NOT_RELEVANT 49ce5bbfc88b29432563835fe0ba0b31
ACTION SNIPPET 1200 703 SNIPPET_NOT_RELEVANT ebfe8950e8ad3acaf972a35e647c641b
ACTION SNIPPET 1200 703 SNIPPET_NOT_RELEVANT 34bfeb7cfd4fd1235db256e97a7b92d9
ACTION SNIPPET 1200 703 SNIPPET_NOT_RELEVANT 52b388c185c4c4eb8965eaf168c44154
ACTION SNIPPET 1200 703 SNIPPET_NOT_RELEVANT 129285cbe861e6c14a36fa707fc99146
ACTION SNIPPET 1200 703 SNIPPET_NOT_RELEVANT fa789af4-470e-11e7-bcde-624ad94170ab
ACTION SNIPPET 1200 703 SNIPPET_NOT_RELEVANT 28860270bb5240e82046bfb79ccd0a68
ACTION SNIPPET 1200 703 SNIPPET_NOT_RELEVANT 34b07b7e-46f6-11e7-98cd-af64b4fe2dfc
ACTION SNIPPET 1200 703 SEEN_PREVIOUSLY edf2d3e6-7b7d-11e2-a044-676856536b40
ACTION SNIPPET 1200 703 SNIPPET_NOT_RELEVANT 92d7f97758049f41eaefe1db99a5a04d
ACTION SNIPPET 1200 703 SNIPPET_NOT_RELEVANT 7338f5b1cbab38fd5a04d3ba8fd53a00
ACTION SNIPPET 1200 703 SNIPPET_NOT_RELEVANT 819d636e-8104-11e2-b99e-6baf4ebe42df
ACTION SNIPPET 1200 703 SNIPPET_NOT_RELEVANT 8ce56a69d594d886aed957dc2358c592
ACTION SNIPPET 1200 703 SEEN_PREVIOUSLY 81839d003e55905d1b557d14ae4d1a3b
ACTION SNIPPET 1200 703 SNIPPET_NOT_RELEVANT 11e880e0-df76-11e3-9743-bb9b59cde7b9
ACTION SNIPPET 1200 703 SNIPPET_NOT_RELEVANT d6bd70bc-8051-11e3-9556-4a4bf7bcbd84
ACTION SNIPPET 1200 703 SNIPPET_NOT_RELEVANT 955c1ef0-6002-11e6-af8e-54aa2e849447
ACTION SNIPPET 1200 703 SNIPPET_NOT_RELEVANT f5de02be-46fe-11e7-a196-a1bb629f64cb
ACTION SNIPPET 1200 703 SNIPPET_NOT_RELEVANT e46ed696-8bd5-11e6-bff0-d53f592f176e
ACTION SNIPPET 1200 703 SNIPPET_NOT_RELEVANT c877676c-b05d-11e6-840f-e3ebab6bcdd3
ACTION SNIPPET 1200 703 SNIPPET_NOT_RELEVANT 90b9cf78-4aaa-11e5-846d-02792f854297
ACTION SNIPPET 1200 703 SNIPPET_NOT_RELEVANT 29e7b7f285e3527d146f336c7b667eb6
ACTION SNIPPET 1200 703 SNIPPET_NOT_RELEVANT b9d74d308dfddb0a795da07feaaa4c2a
ACTION SNIPPET 1200 703 SNIPPET_NOT_RELEVANT ac557a06-8754-11e6-ac72-a29979381495
ACTION SNIPPET 1200 703 SNIPPET_NOT_RELEVANT d59ee2ba7e8c62834b1d343312990847
ACTION SNIPPET 1200 703 SNIPPET_NOT_RELEVANT 3536c1c31ffa7e85eed605cffb1192e2
ACTION SNIPPET 1200 703 SNIPPET_NOT_RELEVANT 697b9768-2d7e-11e6-9b37-42985f6a265c
ACTION SNIPPET 1200 703 SNIPPET_NOT_RELEVANT 7868d015a589eb9b53f6235c5c671a6c
ACTION SNIPPET 1200 703 SNIPPET_NOT_RELEVANT 4943f22c73c1dc439e771815bf37f323
ACTION SNIPPET 1200 703 SNIPPET_NOT_RELEVANT 5d5a502e95a015aeb8b57418cb090f3a
ACTION SNIPPET 1200 703 SNIPPET_NOT_RELEVANT 0b8aca6f8e4e16a91701e26346cbc844
ACTION SNIPPET 1200 703 SNIPPET_NOT_RELEVANT 9750e6e6e87c6c45cc6ad42641689af8
ACTION SNIPPET 1200 703 SNIPPET_RELEVANT 6fd9e726770bc6e1d1313f1beb8c6b61
ACTION DOC 1200 723 EXAMINING_DOCUMENT 6fd9e726770bc6e1d1313f1beb8c6b61
ACTION MARK 1200 726 CONSIDERED_RELEVANT 6fd9e726770bc6e1d1313f1beb8c6b61
ACTION SNIPPET 1200 726 SNIPPET_NOT_RELEVANT 230347ec-e9ed-11e5-a6f3-21ccdbc5f74e
ACTION SNIPPET 1200 726 SNIPPET_NOT_RELEVANT ce9f6e6e-778b-11e2-aa12-e6cf1d31106b
ACTION SNIPPET 1200 726 SNIPPET_NOT_RELEVANT 3c727fa3cbd6abdea03545567789e47c
ACTION SNIPPET 1200 726 SNIPPET_NOT_RELEVANT 9d07775866fe200d3daae7e102463e83
ACTION SNIPPET 1200 726 SNIPPET_RELEVANT 6c561a853ae40029dddea3dfa026be82
ACTION DOC 1200 746 EXAMINING_DOCUMENT 6c561a853ae40029dddea3dfa026be82
ACTION MARK 1200 749 CONSIDERED_RELEVANT 6c561a853ae40029dddea3dfa026be82
ACTION SNIPPET 1200 749 SNIPPET_RELEVANT ea6c9dafa7aa45e1bb10517e149459d0
ACTION DOC 1200 769 EXAMINING_DOCUMENT ea6c9dafa7aa45e1bb10517e149459d0
ACTION MARK 1200 772 CONSIDERED_RELEVANT ea6c9dafa7aa45e1bb10517e149459d0
ACTION SNIPPET 1200 772 SNIPPET_NOT_RELEVANT c6909c606391b83bb95671153c4a1c9e
ACTION SNIPPET 1200 772 SNIPPET_NOT_RELEVANT 030fe2f20aebb4a651c11df750aaff3c
ACTION SNIPPET 1200 772 SNIPPET_NOT_RELEVANT 64099c96-1279-11e6-8967-7ac733c56f12
ACTION SNIPPET 1200 772 SNIPPET_NOT_RELEVANT 0a0f659c-abb4-11e2-b6fd-ba6f5f26d70e
INFO SERP_END_REACHED 
ACTION QUERY 1200 782 human stampede animal
ACTION SERP 1200 787 EXAMINE_SERP
ACTION SNIPPET 1200 787 SNIPPET_NOT_RELEVANT 7a81e87ba8ecc0a82da3dd96df00d1fa
ACTION SNIPPET 1200 787 SNIPPET_NOT_RELEVANT 231c3fd2-2c3e-11e3-8ade-a1f23cda135e
ACTION SNIPPET 1200 787 SEEN_PREVIOUSLY 1c3f906e626e01a8d8c9c0f0d31f0f71
ACTION SNIPPET 1200 787 SEEN_PREVIOUSLY a79b1b7d8cc5273d4995fec5e122e44b
ACTION SNIPPET 1200 787 SNIPPET_NOT_RELEVANT e46ed696-8bd5-11e6-bff0-d53f592f176e
ACTION SNIPPET 1200 787 SNIPPET_NOT_RELEVANT c7ceed2f9dd1293c9bdc3190f12166b5
ACTION SNIPPET 1200 787 SNIPPET_NOT_RELEVANT d21193be5db4c35d8d38c3c161c80621
ACTION SNIPPET 1200 787 SNIPPET_NOT_RELEVANT 9d07775866fe200d3daae7e102463e83
ACTION SNIPPET 1200 787 SEEN_PREVIOUSLY f61b6da2-9ca6-11e4-a7ee-526210d665b4
ACTION SNIPPET 1200 787 SNIPPET_NOT_RELEVANT 621975b6c21d045c291735ca51119b94
ACTION SNIPPET 1200 787 SEEN_PREVIOUSLY 54b75712e707ed16c802aa76bfc7cbb1
ACTION SNIPPET 1200 787 SNIPPET_NOT_RELEVANT 7338f5b1cbab38fd5a04d3ba8fd53a00
ACTION SNIPPET 1200 787 SNIPPET_NOT_RELEVANT 49ce5bbfc88b29432563835fe0ba0b31
ACTION SNIPPET 1200 787 SEEN_PREVIOUSLY 7301a1e7-5577-4464-8029-e3db99a6b7cb
ACTION SNIPPET 1200 787 SEEN_PREVIOUSLY 73f1338a-6356-11e5-9757-e49273f05f65
ACTION SNIPPET 1200 787 SEEN_PREVIOUSLY b537ec82-9384-11e4-a900-9960214d4cd7
ACTION SNIPPET 1200 787 SNIPPET_NOT_RELEVANT 697b9768-2d7e-11e6-9b37-42985f6a265c
ACTION SNIPPET 1200 787 SEEN_PREVIOUSLY 28eb7cce-62a7-11e5-9757-e49273f05f65
ACTION SNIPPET 1200 787 SNIPPET_NOT_RELEVANT d7f41eb1f29ea630857d8cf0a1d783a7
ACTION SNIPPET 1200 787 SEEN_PREVIOUSLY 5e8f029982d19cd89736ae9f84f60662
ACTION SNIPPET 1200 787 SEEN_PREVIOUSLY 484ba62c-913b-11e4-a412-4b735edc7175
ACTION SNIPPET 1200 787 SEEN_PREVIOUSLY fac2ad3d-d1f1-4ba0-beb9-aefd829009c2
ACTION SNIPPET 1200 787 SNIPPET_NOT_RELEVANT 64099c96-1279-11e6-8967-7ac733c56f12
ACTION SNIPPET 1200 787 SNIPPET_NOT_RELEVANT 0629163c711e686d72338cfa295f762a
ACTION SNIPPET 1200 787 SNIPPET_NOT_RELEVANT 08b145e6-9afb-11e1-bf13-663ec2f5fb28
ACTION SNIPPET 1200 787 SNIPPET_NOT_RELEVANT 3fabf1aeca212583cff6f34f656c5f76
ACTION SNIPPET 1200 787 SNIPPET_NOT_RELEVANT 438635f64642923e47df1aef6caa7c5b
ACTION SNIPPET 1200 787 SEEN_PREVIOUSLY cd65ac343aa65e723eadcbf05104bc16
ACTION SNIPPET 1200 787 SNIPPET_NOT_RELEVANT 65263aa2-ad4b-11e3-a49e-76adc9210f19
ACTION SNIPPET 1200 787 SNIPPET_NOT_RELEVANT dc49fe1bfb0d1918d7684186e71b8a6d
ACTION SNIPPET 1200 787 SNIPPET_NOT_RELEVANT 827a045d50725a88ca61e5563ac67367
ACTION SNIPPET 1200 787 SNIPPET_NOT_RELEVANT 2d28ccc2f759a1e8a0e78f3f56f0e933
ACTION SNIPPET 1200 787 SNIPPET_NOT_RELEVANT ff871ed540102bbc7ff03aba759f38d0
ACTION SNIPPET 1200 787 SNIPPET_NOT_RELEVANT 85a9b55c7170dd68444e886fea6400d9
ACTION SNIPPET 1200 787 SEEN_PREVIOUSLY 75c0f7a59659c22a15c9ede1c1263511
ACTION SNIPPET 1200 787 SEEN_PREVIOUSLY a1b79359d6d1ba31a37c20bd355aa30f
ACTION SNIPPET 1200 787 SNIPPET_NOT_RELEVANT 76a2ab12-d012-11e5-b2bc-988409ee911b
ACTION SNIPPET 1200 787 SNIPPET_NOT_RELEVANT 3d046844-16c4-11e5-9518-f9e0a8959f32
ACTION SNIPPET 1200 787 SNIPPET_NOT_RELEVANT 65909a30-99ea-11e6-a0ed-ab0774c1eaa5
ACTION SNIPPET 1200 787 SNIPPET_NOT_RELEVANT a9f5bf695b9f5aeea3dab02953a5d1d5
ACTION SNIPPET 1200 787 SNIPPET_NOT_RELEVANT 80884d9c-dd0f-11e2-9218-bc2ac7cd44e2
ACTION SNIPPET 1200 787 SNIPPET_NOT_RELEVANT cbeacfbc-5703-11e3-8304-caf30787c0a9
ACTION SNIPPET 1200 787 SNIPPET_NOT_RELEVANT a6e80dd5fe61723142f0d882da2d77f6
ACTION SNIPPET 1200 787 SNIPPET_NOT_RELEVANT 2f40b33035b979b30dbde29b43a0e357
ACTION SNIPPET 1200 787 SNIPPET_NOT_RELEVANT 9c821676-c9d5-11e5-b9ab-26591104bb19
ACTION SNIPPET 1200 787 SNIPPET_NOT_RELEVANT bc049b99b714253d4ec57f075ae1b04a
ACTION SNIPPET 1200 787 SNIPPET_NOT_RELEVANT f85c01d7540a13fbc6a113b067723c6d
ACTION SNIPPET 1200 787 SNIPPET_NOT_RELEVANT 29f60ed915dc64cb1a043c665a7d3128
ACTION SNIPPET 1200 787 SNIPPET_NOT_RELEVANT 40a230f5df065e2a44f17ecfea84c09c
ACTION SNIPPET 1200 787 SNIPPET_NOT_RELEVANT bc2105f78322c3db8f6b628e8378c965
ACTION SNIPPET 1200 787 SNIPPET_NOT_RELEVANT 713a8d1969a1512558f92f4989c63e33
ACTION SNIPPET 1200 787 SNIPPET_NOT_RELEVANT 102f557e-d39e-11e2-b05f-3ea3f0e7bb5a
ACTION SNIPPET 1200 787 SNIPPET_NOT_RELEVANT 185991bc-05ec-11e3-a07f-49ddc7417125
ACTION SNIPPET 1200 787 SNIPPET_NOT_RELEVANT 7ee9eab4-e00b-11e2-8cf3-35c1113cfcc5
ACTION SNIPPET 1200 787 SEEN_PREVIOUSLY 17a13bc0-9106-11e4-a412-4b735edc7175
ACTION SNIPPET 1200 787 SNIPPET_NOT_RELEVANT 24be59a2-d3b4-11e2-b05f-3ea3f0e7bb5a
ACTION SNIPPET 1200 787 SNIPPET_NOT_RELEVANT bf51f688-09d1-11e3-8974-f97ab3b3c677
ACTION SNIPPET 1200 787 SNIPPET_NOT_RELEVANT 63ffc526-88c7-11e1-97b9-0c8b2351aef5
ACTION SNIPPET 1200 787 SNIPPET_NOT_RELEVANT b3a8ea0dc47d989003d610eadba425eb
ACTION SNIPPET 1200 787 SNIPPET_NOT_RELEVANT 11dfd92a-0382-11e3-bfc5-406b928603b2
ACTION SNIPPET 1200 787 SNIPPET_NOT_RELEVANT 4aaae76c-8b15-11e2-9838-d62f083ba93f
ACTION SNIPPET 1200 787 SNIPPET_NOT_RELEVANT 41b59946-3e26-11e6-a66f-aa6c1883b6b1
ACTION SNIPPET 1200 787 SNIPPET_NOT_RELEVANT 1c49cc82-09b9-11e6-b283-e79d81c63c1b
ACTION SNIPPET 1200 787 SNIPPET_NOT_RELEVANT ecf84476-0e4f-11e7-9b0d-d27c98455440
ACTION SNIPPET 1200 787 SNIPPET_NOT_RELEVANT c2b698e43daa288aa91c7a2e3b0b67ac
ACTION SNIPPET 1200 787 SNIPPET_NOT_RELEVANT 1f0109b0c6124c15048ca11b40dab981
ACTION SNIPPET 1200 787 SNIPPET_NOT_RELEVANT 9124cfd7899d5ec220d89b587c79e497
ACTION SNIPPET 1200 787 SNIPPET_NOT_RELEVANT 8dfb7481142b68cb9942de8d0e194654
ACTION SNIPPET 1200 787 SNIPPET_NOT_RELEVANT 8c38f32a-60c5-11e6-8e45-477372e89d78
ACTION SNIPPET 1200 787 SNIPPET_NOT_RELEVANT 4ef724cebb6eafa9ae0e6c3b395af941
ACTION SNIPPET 1200 787 SNIPPET_NOT_RELEVANT d572a9aa-f597-11e3-a606-946fd632f9f1
ACTION SNIPPET 1200 787 SNIPPET_NOT_RELEVANT 018ed266f31927b5b66cff809d07a104
ACTION SNIPPET 1200 787 SEEN_PREVIOUSLY b79add2c-b79a-11e6-a677-b608fbb3aaf6
ACTION SNIPPET 1200 787 SNIPPET_NOT_RELEVANT b0bb29eadedb2f12e56f5aaee7e8f94f
ACTION SNIPPET 1200 787 SNIPPET_NOT_RELEVANT ef5f2760-e88f-11e1-8487-64e4b2a79ba8
ACTION SNIPPET 1200 787 SNIPPET_NOT_RELEVANT 20e42fda-42da-11e6-a76d-3550dba926ac
ACTION SNIPPET 1200 787 SNIPPET_NOT_RELEVANT c6f07be4-1477-11e2-ba83-a7a396e6b2a7
ACTION SNIPPET 1200 787 SNIPPET_NOT_RELEVANT cee75796-ef5d-11e4-8666-a1d756d0218e
ACTION SNIPPET 1200 787 SNIPPET_NOT_RELEVANT e963d0f8-53e6-11e4-809b-8cc0a295c773
ACTION SNIPPET 1200 787 SNIPPET_NOT_RELEVANT 86eaa116-dd92-11e2-b797-cbd4cb13f9c6
ACTION SNIPPET 1200 787 SNIPPET_NOT_RELEVANT 43ae833d2513bc09bb9e7d0c5fdac099
ACTION SNIPPET 1200 787 SNIPPET_NOT_RELEVANT 3a79106c90f90226585f9de310caf936
ACTION SNIPPET 1200 787 SNIPPET_NOT_RELEVANT c04065f790d7771f665eb30d2d79918a
ACTION SNIPPET 1200 787 SNIPPET_NOT_RELEVANT d4b4ab58-60c5-11e6-8e45-477372e89d78
ACTION SNIPPET 1200 787 SNIPPET_NOT_RELEVANT 834f2ee7488750a07a26420cb90b3af2
ACTION SNIPPET 1200 787 SNIPPET_NOT_RELEVANT 97f29bd4-0091-11e5-805c-c3f407e5a9e9
ACTION SNIPPET 1200 787 SNIPPET_NOT_RELEVANT f52d15fbadac2377a0f974b553acae4c
ACTION SNIPPET 1200 787 SNIPPET_NOT_RELEVANT 58eae925bd952eec0f6ba3a94110d362
ACTION SNIPPET 1200 787 SNIPPET_NOT_RELEVANT e0e4aa60-37ec-11e6-8f7c-d4c723a2becb
ACTION SNIPPET 1200 787 SNIPPET_NOT_RELEVANT 1ddccb1e-179a-11e6-924d-838753295f9a
ACTION SNIPPET 1200 787 SNIPPET_NOT_RELEVANT 566e9de4-6c64-11e1-8970-1c405b6eaeac
ACTION SNIPPET 1200 787 SNIPPET_NOT_RELEVANT c49fed2c-b4e7-11e3-8020-b2d790b3c9e1
ACTION SNIPPET 1200 787 SNIPPET_NOT_RELEVANT 2aaf5fb8-a6ac-11e6-8fc0-7be8f848c492
ACTION SNIPPET 1200 787 SNIPPET_NOT_RELEVANT f4d93e38-508e-11e4-babe-e91da079cb8a
ACTION SNIPPET 1200 787 SNIPPET_NOT_RELEVANT 3c3077b1643c248fef90fc2077384d78
ACTION SNIPPET 1200 787 SNIPPET_NOT_RELEVANT 0717e9c2-37ed-11e6-8f7c-d4c723a2becb
ACTION SNIPPET 1200 787 SNIPPET_NOT_RELEVANT aaecda40-10e8-11e4-9285-4243a40ddc97
ACTION SNIPPET 1200 787 SNIPPET_NOT_RELEVANT 7f77ea2c-6911-11e4-b053-65cea7903f2e
ACTION SNIPPET 1200 787 SNIPPET_NOT_RELEVANT d969778a-e494-11e5-bc08-3e03a5b41910
ACTION SNIPPET 1200 787 SNIPPET_NOT_RELEVANT fb93d3d8-aaac-11e3-b8ca-197ef3568958
INFO SERP_END_REACHED 
ACTION QUERY 1200 797 human stampede public
ACTION SERP 1200 802 EXAMINE_SERP
ACTION SNIPPET 1200 802 SEEN_PREVIOUSLY 1c3f906e626e01a8d8c9c0f0d31f0f71
ACTION SNIPPET 1200 802 SEEN_PREVIOUSLY a79b1b7d8cc5273d4995fec5e122e44b
ACTION SNIPPET 1200 802 SEEN_PREVIOUSLY f61b6da2-9ca6-11e4-a7ee-526210d665b4
ACTION SNIPPET 1200 802 SEEN_PREVIOUSLY 5e8f029982d19cd89736ae9f84f60662
ACTION SNIPPET 1200 802 SEEN_PREVIOUSLY b537ec82-9384-11e4-a900-9960214d4cd7
ACTION SNIPPET 1200 802 SNIPPET_NOT_RELEVANT 7a81e87ba8ecc0a82da3dd96df00d1fa
ACTION SNIPPET 1200 802 SEEN_PREVIOUSLY 484ba62c-913b-11e4-a412-4b735edc7175
ACTION SNIPPET 1200 802 SNIPPET_NOT_RELEVANT 08b145e6-9afb-11e1-bf13-663ec2f5fb28
ACTION SNIPPET 1200 802 SNIPPET_NOT_RELEVANT 231c3fd2-2c3e-11e3-8ade-a1f23cda135e
ACTION SNIPPET 1200 802 SEEN_PREVIOUSLY cd65ac343aa65e723eadcbf05104bc16
ACTION SNIPPET 1200 802 SNIPPET_NOT_RELEVANT 102f557e-d39e-11e2-b05f-3ea3f0e7bb5a
ACTION SNIPPET 1200 802 SEEN_PREVIOUSLY 75c0f7a59659c22a15c9ede1c1263511
ACTION SNIPPET 1200 802 SNIPPET_NOT_RELEVANT 24be59a2-d3b4-11e2-b05f-3ea3f0e7bb5a
ACTION SNIPPET 1200 802 SNIPPET_NOT_RELEVANT ff871ed540102bbc7ff03aba759f38d0
ACTION SNIPPET 1200 802 SEEN_PREVIOUSLY 54b75712e707ed16c802aa76bfc7cbb1
ACTION SNIPPET 1200 802 SNIPPET_NOT_RELEVANT 3d046844-16c4-11e5-9518-f9e0a8959f32
ACTION SNIPPET 1200 802 SEEN_PREVIOUSLY 7301a1e7-5577-4464-8029-e3db99a6b7cb
ACTION SNIPPET 1200 802 SEEN_PREVIOUSLY 73f1338a-6356-11e5-9757-e49273f05f65
ACTION SNIPPET 1200 802 SEEN_PREVIOUSLY 28eb7cce-62a7-11e5-9757-e49273f05f65
ACTION SNIPPET 1200 802 SNIPPET_NOT_RELEVANT d7f41eb1f29ea630857d8cf0a1d783a7
ACTION SNIPPET 1200 802 SEEN_PREVIOUSLY fac2ad3d-d1f1-4ba0-beb9-aefd829009c2
ACTION SNIPPET 1200 802 SNIPPET_NOT_RELEVANT 0629163c711e686d72338cfa295f762a
ACTION SNIPPET 1200 802 SNIPPET_NOT_RELEVANT 41b59946-3e26-11e6-a66f-aa6c1883b6b1
ACTION SNIPPET 1200 802 SNIPPET_NOT_RELEVANT 438635f64642923e47df1aef6caa7c5b
ACTION SNIPPET 1200 802 SNIPPET_NOT_RELEVANT 65263aa2-ad4b-11e3-a49e-76adc9210f19
ACTION SNIPPET 1200 802 SNIPPET_NOT_RELEVANT dc49fe1bfb0d1918d7684186e71b8a6d
ACTION SNIPPET 1200 802 SNIPPET_NOT_RELEVANT 2d28ccc2f759a1e8a0e78f3f56f0e933
ACTION SNIPPET 1200 802 SNIPPET_NOT_RELEVANT 85a9b55c7170dd68444e886fea6400d9
ACTION SNIPPET 1200 802 SEEN_PREVIOUSLY a1b79359d6d1ba31a37c20bd355aa30f
ACTION SNIPPET 1200 802 SNIPPET_NOT_RELEVANT c7ceed2f9dd1293c9bdc3190f12166b5
ACTION SNIPPET 1200 802 SNIPPET_NOT_RELEVANT cbeacfbc-5703-11e3-8304-caf30787c0a9
ACTION SNIPPET 1200 802 SNIPPET_NOT_RELEVANT 2f40b33035b979b30dbde29b43a0e357
ACTION SNIPPET 1200 802 SNIPPET_NOT_RELEVANT a6e80dd5fe61723142f0d882da2d77f6
ACTION SNIPPET 1200 802 SNIPPET_NOT_RELEVANT 9c821676-c9d5-11e5-b9ab-26591104bb19
ACTION SNIPPET 1200 802 SEEN_PREVIOUSLY 17a13bc0-9106-11e4-a412-4b735edc7175
ACTION SNIPPET 1200 802 SNIPPET_NOT_RELEVANT 9124cfd7899d5ec220d89b587c79e497
ACTION SNIPPET 1200 802 SNIPPET_NOT_RELEVANT 4ef724cebb6eafa9ae0e6c3b395af941
ACTION SNIPPET 1200 802 SEEN_PREVIOUSLY b79add2c-b79a-11e6-a677-b608fbb3aaf6
ACTION SNIPPET 1200 802 SNIPPET_NOT_RELEVANT b0bb29eadedb2f12e56f5aaee7e8f94f
ACTION SNIPPET 1200 802 SNIPPET_NOT_RELEVANT 057754ba20d0161d614cf6ab6a2c55ea
ACTION SNIPPET 1200 802 SNIPPET_NOT_RELEVANT 5bbd17a2207871b292e8ea51042b2387
ACTION SNIPPET 1200 802 SNIPPET_NOT_RELEVANT 74d80d72cb4caf53f42c845ab706d3ec
ACTION SNIPPET 1200 802 SNIPPET_NOT_RELEVANT bf3cf4c63b9cc3b8f4a547a7c0f57154
ACTION SNIPPET 1200 802 SEEN_PREVIOUSLY 53cc9a5a-17f7-11e4-85b6-c1451e622637
ACTION SNIPPET 1200 802 SNIPPET_NOT_RELEVANT e589eed4b3b3f87288f93c3c71222641
ACTION SNIPPET 1200 802 SNIPPET_NOT_RELEVANT 34bfeb7cfd4fd1235db256e97a7b92d9
ACTION SNIPPET 1200 802 SNIPPET_NOT_RELEVANT 52b388c185c4c4eb8965eaf168c44154
ACTION SNIPPET 1200 802 SNIPPET_NOT_RELEVANT 129285cbe861e6c14a36fa707fc99146
ACTION SNIPPET 1200 802 SEEN_PREVIOUSLY 6e1d8f50-88b0-11e6-875e-2c1bfe943b66
ACTION SNIPPET 1200 802 SNIPPET_NOT_RELEVANT fa789af4-470e-11e7-bcde-624ad94170ab
ACTION SNIPPET 1200 802 SNIPPET_NOT_RELEVANT 64099c96-1279-11e6-8967-7ac733c56f12
ACTION SNIPPET 1200 802 SEEN_PREVIOUSLY 3941bdc8-a0e6-11e4-91fc-7dff95a14458
ACTION SNIPPET 1200 802 SNIPPET_NOT_RELEVANT f5de02be-46fe-11e7-a196-a1bb629f64cb
ACTION SNIPPET 1200 802 SNIPPET_NOT_RELEVANT 1adf559a-a209-11e6-8d63-3e0a660f1f04
ACTION SNIPPET 1200 802 SNIPPET_NOT_RELEVANT 365cef00-d9e1-11e3-b745-87d39690c5c0
ACTION SNIPPET 1200 802 SNIPPET_NOT_RELEVANT 92d7f97758049f41eaefe1db99a5a04d
ACTION SNIPPET 1200 802 SNIPPET_NOT_RELEVANT 7eb1073e-3f60-11e4-b03f-de718edeb92f
ACTION SNIPPET 1200 802 SNIPPET_NOT_RELEVANT 19450a62a004839d4ed03fc24c5b3953
ACTION SNIPPET 1200 802 SNIPPET_NOT_RELEVANT 5d90768880d68e47a65f2b25561efaa2
ACTION SNIPPET 1200 802 SNIPPET_NOT_RELEVANT 819d636e-8104-11e2-b99e-6baf4ebe42df
ACTION SNIPPET 1200 802 SNIPPET_NOT_RELEVANT fcea3180535c76431b686b4c8964738b
ACTION SNIPPET 1200 802 SNIPPET_NOT_RELEVANT 8ce56a69d594d886aed957dc2358c592
ACTION SNIPPET 1200 802 SEEN_PREVIOUSLY 81839d003e55905d1b557d14ae4d1a3b
ACTION SNIPPET 1200 802 SNIPPET_NOT_RELEVANT 11e880e0-df76-11e3-9743-bb9b59cde7b9
ACTION SNIPPET 1200 802 SNIPPET_NOT_RELEVANT 955c1ef0-6002-11e6-af8e-54aa2e849447
ACTION SNIPPET 1200 802 SNIPPET_NOT_RELEVANT e46ed696-8bd5-11e6-bff0-d53f592f176e
ACTION SNIPPET 1200 802 SNIPPET_NOT_RELEVANT 52f0f33c-c530-11e5-9693-933a4d31bcc8
ACTION SNIPPET 1200 802 SNIPPET_NOT_RELEVANT c877676c-b05d-11e6-840f-e3ebab6bcdd3
ACTION SNIPPET 1200 802 SNIPPET_NOT_RELEVANT ebfe8950e8ad3acaf972a35e647c641b
ACTION SNIPPET 1200 802 SNIPPET_NOT_RELEVANT fb68e5f8-ee88-11e4-8abc-d6aa3bad79dd
ACTION SNIPPET 1200 802 SNIPPET_NOT_RELEVANT d527cdf5e2e4d414796a3d4a2f413c25
ACTION SNIPPET 1200 802 SNIPPET_NOT_RELEVANT 90b9cf78-4aaa-11e5-846d-02792f854297
ACTION SNIPPET 1200 802 SNIPPET_NOT_RELEVANT 20cfcb156d71e0fc6160da2d7c28aa07
ACTION SNIPPET 1200 802 SNIPPET_NOT_RELEVANT 3361353ed5845093b32488a3cab1bf8a
ACTION SNIPPET 1200 802 SNIPPET_NOT_RELEVANT 79343b9bcd4c127221ff8ee0dd47c43c
ACTION SNIPPET 1200 802 SNIPPET_NOT_RELEVANT b6a4a48b2bb63d7f9ab8908ba63d69f6
ACTION SNIPPET 1200 802 SNIPPET_NOT_RELEVANT 6b9186e8eaa6a86f9ff38f6f67ea471e
ACTION SNIPPET 1200 802 SNIPPET_NOT_RELEVANT 95d07453b097ef6e87f3d62d6da6d6ca
ACTION SNIPPET 1200 802 SNIPPET_NOT_RELEVANT c4e75e12b19bbc02ed04529bc75956eb
ACTION SNIPPET 1200 802 SNIPPET_NOT_RELEVANT 3c60f4863bcc8780669d2b87f81b2c51
ACTION SNIPPET 1200 802 SNIPPET_NOT_RELEVANT 4a3c88de9967193e36df003c58cc3c9e
ACTION SNIPPET 1200 802 SNIPPET_NOT_RELEVANT db368529e6c1492c85d5dfb06766d9a1
ACTION SNIPPET 1200 802 SNIPPET_NOT_RELEVANT 2051d3e5960506bdb85f4a29e47a1462
ACTION SNIPPET 1200 802 SNIPPET_NOT_RELEVANT fbf3ad1ad95ed897e6eef4b51b801cd4
ACTION SNIPPET 1200 802 SNIPPET_NOT_RELEVANT e8b2e16a021ddc9fd480a636665313a9
ACTION SNIPPET 1200 802 SNIPPET_NOT_RELEVANT 7eb3e7fc8e2ca5c749deed793407ad8a
ACTION SNIPPET 1200 802 SNIPPET_NOT_RELEVANT 1df3d75200635c39bf9497372ddafc3c
ACTION SNIPPET 1200 802 SNIPPET_NOT_RELEVANT 3edad67ecae2f6e307598816c4e5f036
ACTION SNIPPET 1200 802 SNIPPET_NOT_RELEVANT aea59c68e649d01d625390c2fba62dfe
ACTION SNIPPET 1200 802 SNIPPET_NOT_RELEVANT 44141e3b7939f8dddb73a0d9c871e196
ACTION SNIPPET 1200 802 SNIPPET_NOT_RELEVANT c0eaf46c4fe94aed9fe2f1edbbe719c9
ACTION SNIPPET 1200 802 SNIPPET_NOT_RELEVANT 8d0a73b7c229c0a33d12e9e0794e8837
ACTION SNIPPET 1200 802 SNIPPET_NOT_RELEVANT 562fe9a29f0efa30191b6bb3b727ee03
ACTION SNIPPET 1200 802 SNIPPET_NOT_RELEVANT bb6e9889685bd92f86f87e33cbd7957d
ACTION SNIPPET 1200 802 SNIPPET_NOT_RELEVANT b9d74d308dfddb0a795da07feaaa4c2a
ACTION SNIPPET 1200 802 SNIPPET_NOT_RELEVANT ac557a06-8754-11e6-ac72-a29979381495
ACTION SNIPPET 1200 802 SNIPPET_NOT_RELEVANT 3536c1c31ffa7e85eed605cffb1192e2
ACTION SNIPPET 1200 802 SNIPPET_NOT_RELEVANT 7f1c049be0e1ebfc817b5f525019043a
ACTION SNIPPET 1200 802 SNIPPET_NOT_RELEVANT cc04b81749964281dc7694eca7eb47cb
ACTION SNIPPET 1200 802 SNIPPET_NOT_RELEVANT 6804dfcdae7b8f48d5cca5479b269f88
INFO SERP_END_REACHED 
ACTION QUERY 1200 812 human stampede sporting
ACTION SERP 1200 817 EXAMINE_SERP
ACTION SNIPPET 1200 817 SEEN_PREVIOUSLY 1c3f906e626e01a8d8c9c0f0d31f0f71
ACTION SNIPPET 1200 817 SEEN_PREVIOUSLY a79b1b7d8cc5273d4995fec5e122e44b
ACTION SNIPPET 1200 817 SNIPPET_NOT_RELEVANT 102f557e-d39e-11e2-b05f-3ea3f0e7bb5a
ACTION SNIPPET 1200 817 SNIPPET_NOT_RELEVANT 24be59a2-d3b4-11e2-b05f-3ea3f0e7bb5a
ACTION SNIPPET 1200 817 SNIPPET_NOT_RELEVANT 08b145e6-9afb-11e1-bf13-663ec2f5fb28
ACTION SNIPPET 1200 817 SNIPPET_NOT_RELEVANT 7a81e87ba8ecc0a82da3dd96df00d1fa
ACTION SNIPPET 1200 817 SNIPPET_NOT_RELEVANT 5bbd17a2207871b292e8ea51042b2387
ACTION SNIPPET 1200 817 SNIPPET_NOT_RELEVANT 74d80d72cb4caf53f42c845ab706d3ec
ACTION SNIPPET 1200 817 SNIPPET_NOT_RELEVANT bf3cf4c63b9cc3b8f4a547a7c0f57154
ACTION SNIPPET 1200 817 SNIPPET_NOT_RELEVANT 231c3fd2-2c3e-11e3-8ade-a1f23cda135e
ACTION SNIPPET 1200 817 SEEN_PREVIOUSLY f61b6da2-9ca6-11e4-a7ee-526210d665b4
ACTION SNIPPET 1200 817 SEEN_PREVIOUSLY 54b75712e707ed16c802aa76bfc7cbb1
ACTION SNIPPET 1200 817 SNIPPET_NOT_RELEVANT 057754ba20d0161d614cf6ab6a2c55ea
ACTION SNIPPET 1200 817 SEEN_PREVIOUSLY 7301a1e7-5577-4464-8029-e3db99a6b7cb
ACTION SNIPPET 1200 817 SEEN_PREVIOUSLY 73f1338a-6356-11e5-9757-e49273f05f65
ACTION SNIPPET 1200 817 SEEN_PREVIOUSLY b537ec82-9384-11e4-a900-9960214d4cd7
ACTION SNIPPET 1200 817 SEEN_PREVIOUSLY 28eb7cce-62a7-11e5-9757-e49273f05f65
ACTION SNIPPET 1200 817 SNIPPET_NOT_RELEVANT d7f41eb1f29ea630857d8cf0a1d783a7
ACTION SNIPPET 1200 817 SEEN_PREVIOUSLY 5e8f029982d19cd89736ae9f84f60662
ACTION SNIPPET 1200 817 SEEN_PREVIOUSLY 484ba62c-913b-11e4-a412-4b735edc7175
ACTION SNIPPET 1200 817 SEEN_PREVIOUSLY fac2ad3d-d1f1-4ba0-beb9-aefd829009c2
ACTION SNIPPET 1200 817 SNIPPET_NOT_RELEVANT 0629163c711e686d72338cfa295f762a
ACTION SNIPPET 1200 817 SNIPPET_NOT_RELEVANT 11e880e0-df76-11e3-9743-bb9b59cde7b9
ACTION SNIPPET 1200 817 SNIPPET_NOT_RELEVANT 438635f64642923e47df1aef6caa7c5b
ACTION SNIPPET 1200 817 SEEN_PREVIOUSLY cd65ac343aa65e723eadcbf05104bc16
ACTION SNIPPET 1200 817 SNIPPET_NOT_RELEVANT 65263aa2-ad4b-11e3-a49e-76adc9210f19
ACTION SNIPPET 1200 817 SNIPPET_NOT_RELEVANT c877676c-b05d-11e6-840f-e3ebab6bcdd3
ACTION SNIPPET 1200 817 SNIPPET_NOT_RELEVANT dc49fe1bfb0d1918d7684186e71b8a6d
ACTION SNIPPET 1200 817 SNIPPET_NOT_RELEVANT fb68e5f8-ee88-11e4-8abc-d6aa3bad79dd
ACTION SNIPPET 1200 817 SNIPPET_NOT_RELEVANT 2d28ccc2f759a1e8a0e78f3f56f0e933
ACTION SNIPPET 1200 817 SNIPPET_NOT_RELEVANT ff871ed540102bbc7ff03aba759f38d0
ACTION SNIPPET 1200 817 SNIPPET_NOT_RELEVANT 85a9b55c7170dd68444e886fea6400d9
ACTION SNIPPET 1200 817 SEEN_PREVIOUSLY 75c0f7a59659c22a15c9ede1c1263511
ACTION SNIPPET 1200 817 SEEN_PREVIOUSLY a1b79359d6d1ba31a37c20bd355aa30f
ACTION SNIPPET 1200 817 SNIPPET_NOT_RELEVANT 3d046844-16c4-11e5-9518-f9e0a8959f32
ACTION SNIPPET 1200 817 SNIPPET_NOT_RELEVANT c7ceed2f9dd1293c9bdc3190f12166b5
ACTION SNIPPET 1200 817 SNIPPET_NOT_RELEVANT 9758109a-cc0d-11e4-8c54-ffb5ba6f2f69
ACTION SNIPPET 1200 817 SNIPPET_NOT_RELEVANT 88e39a30c6e51cb48b5b3010ca7a00aa
ACTION SNIPPET 1200 817 SNIPPET_NOT_RELEVANT cbeacfbc-5703-11e3-8304-caf30787c0a9
ACTION SNIPPET 1200 817 SNIPPET_NOT_RELEVANT fe289dbe5e57571c515b851c0655c4b7
ACTION SNIPPET 1200 817 SNIPPET_NOT_RELEVANT a6e80dd5fe61723142f0d882da2d77f6
ACTION SNIPPET 1200 817 SNIPPET_NOT_RELEVANT 2f40b33035b979b30dbde29b43a0e357
ACTION SNIPPET 1200 817 SNIPPET_NOT_RELEVANT 9c821676-c9d5-11e5-b9ab-26591104bb19
ACTION SNIPPET 1200 817 SNIPPET_NOT_RELEVANT 0401df02095574a6f4f15f4a7f1f4d53
ACTION SNIPPET 1200 817 SEEN_PREVIOUSLY 17a13bc0-9106-11e4-a412-4b735edc7175
ACTION SNIPPET 1200 817 SNIPPET_NOT_RELEVANT 02239e100fd9d1c7ab4893a499f3ed4d
ACTION SNIPPET 1200 817 SNIPPET_NOT_RELEVANT 41b59946-3e26-11e6-a66f-aa6c1883b6b1
ACTION SNIPPET 1200 817 SNIPPET_NOT_RELEVANT 9124cfd7899d5ec220d89b587c79e497
ACTION SNIPPET 1200 817 SNIPPET_NOT_RELEVANT 4ef724cebb6eafa9ae0e6c3b395af941
ACTION SNIPPET 1200 817 SEEN_PREVIOUSLY b79add2c-b79a-11e6-a677-b608fbb3aaf6
ACTION SNIPPET 1200 817 SNIPPET_NOT_RELEVANT b0bb29eadedb2f12e56f5aaee7e8f94f
ACTION SNIPPET 1200 817 SNIPPET_NOT_RELEVANT df0af12e-1fc1-11e6-8c7b-6931e66333e7
ACTION SNIPPET 1200 817 SNIPPET_NOT_RELEVANT e9a89cf4-5f69-11e4-9f3a-7e28799e0549
ACTION SNIPPET 1200 817 SNIPPET_NOT_RELEVANT d602f6124fc1dd1355c73537a7a0ded8
ACTION SNIPPET 1200 817 SEEN_PREVIOUSLY 53cc9a5a-17f7-11e4-85b6-c1451e622637
ACTION SNIPPET 1200 817 SNIPPET_NOT_RELEVANT 34bfeb7cfd4fd1235db256e97a7b92d9
ACTION SNIPPET 1200 817 SNIPPET_NOT_RELEVANT 52b388c185c4c4eb8965eaf168c44154
ACTION SNIPPET 1200 817 SNIPPET_NOT_RELEVANT 129285cbe861e6c14a36fa707fc99146
ACTION SNIPPET 1200 817 SEEN_PREVIOUSLY 6e1d8f50-88b0-11e6-875e-2c1bfe943b66
ACTION SNIPPET 1200 817 SNIPPET_NOT_RELEVANT fa789af4-470e-11e7-bcde-624ad94170ab
ACTION SNIPPET 1200 817 SNIPPET_NOT_RELEVANT 365cef00-d9e1-11e3-b745-87d39690c5c0
ACTION SNIPPET 1200 817 SNIPPET_NOT_RELEVANT 92d7f97758049f41eaefe1db99a5a04d
ACTION SNIPPET 1200 817 SNIPPET_NOT_RELEVANT b303348e-a878-11e6-ba59-a7d93165c6d4
ACTION SNIPPET 1200 817 SNIPPET_NOT_RELEVANT 819d636e-8104-11e2-b99e-6baf4ebe42df
ACTION SNIPPET 1200 817 SNIPPET_NOT_RELEVANT 8ce56a69d594d886aed957dc2358c592
ACTION SNIPPET 1200 817 SEEN_PREVIOUSLY 81839d003e55905d1b557d14ae4d1a3b
ACTION SNIPPET 1200 817 SNIPPET_NOT_RELEVANT 955c1ef0-6002-11e6-af8e-54aa2e849447
ACTION SNIPPET 1200 817 SNIPPET_NOT_RELEVANT e46ed696-8bd5-11e6-bff0-d53f592f176e
ACTION SNIPPET 1200 817 SNIPPET_NOT_RELEVANT d527cdf5e2e4d414796a3d4a2f413c25
ACTION SNIPPET 1200 817 SNIPPET_NOT_RELEVANT adbb6d15d77f347457a551a02e8b9720
ACTION SNIPPET 1200 817 SNIPPET_NOT_RELEVANT 90b9cf78-4aaa-11e5-846d-02792f854297
ACTION SNIPPET 1200 817 SNIPPET_NOT_RELEVANT f755a499e684e1243ee28b0dbe1d18bf
ACTION SNIPPET 1200 817 SNIPPET_NOT_RELEVANT b9d74d308dfddb0a795da07feaaa4c2a
ACTION SNIPPET 1200 817 SNIPPET_NOT_RELEVANT ac557a06-8754-11e6-ac72-a29979381495
ACTION SNIPPET 1200 817 SNIPPET_NOT_RELEVANT 3536c1c31ffa7e85eed605cffb1192e2
ACTION SNIPPET 1200 817 SNIPPET_NOT_RELEVANT bb670570-7938-11e6-beac-57a4a412e93a
ACTION SNIPPET 1200 817 SNIPPET_NOT_RELEVANT 697b9768-2d7e-11e6-9b37-42985f6a265c
ACTION SNIPPET 1200 817 SEEN_PREVIOUSLY 3941bdc8-a0e6-11e4-91fc-7dff95a14458
ACTION SNIPPET 1200 817 SNIPPET_NOT_RELEVANT 230347ec-e9ed-11e5-a6f3-21ccdbc5f74e
ACTION SNIPPET 1200 817 SNIPPET_NOT_RELEVANT 0660c71de4de97375d373bd85dab3b05
ACTION SNIPPET 1200 817 SNIPPET_NOT_RELEVANT ce9f6e6e-778b-11e2-aa12-e6cf1d31106b
ACTION SNIPPET 1200 817 SNIPPET_NOT_RELEVANT 3c727fa3cbd6abdea03545567789e47c
ACTION SNIPPET 1200 817 SNIPPET_NOT_RELEVANT 9d07775866fe200d3daae7e102463e83
ACTION SNIPPET 1200 817 SNIPPET_NOT_RELEVANT 030fe2f20aebb4a651c11df750aaff3c
ACTION SNIPPET 1200 817 SNIPPET_NOT_RELEVANT 64099c96-1279-11e6-8967-7ac733c56f12
ACTION SNIPPET 1200 817 SNIPPET_NOT_RELEVANT 0a0f659c-abb4-11e2-b6fd-ba6f5f26d70e
ACTION SNIPPET 1200 817 SEEN_PREVIOUSLY 28c2a64c-9b93-4d8e-b19d-a436666a77a7
ACTION SNIPPET 1200 817 SEEN_PREVIOUSLY 35d4ad7a-340a-11e3-8a0e-4e2cf80831fc
ACTION SNIPPET 1200 817 SNIPPET_NOT_RELEVANT 050b5280-be59-11e5-bcda-62a36b394160
ACTION SNIPPET 1200 817 SNIPPET_NOT_RELEVANT 8e04a9de-8726-11e5-be39-0034bb576eee
ACTION SNIPPET 1200 817 SNIPPET_NOT_RELEVANT 4faabab2-a7cf-11e3-8599-ce7295b6851c
ACTION SNIPPET 1200 817 SNIPPET_NOT_RELEVANT 0b76567a-7897-11e2-aa12-e6cf1d31106b
ACTION SNIPPET 1200 817 SNIPPET_NOT_RELEVANT 0ed3797af3e650cf5f2128f7f59301b7
ACTION SNIPPET 1200 817 SNIPPET_NOT_RELEVANT 8ba556aad09f088d59fb1e49146ff400
ACTION SNIPPET 1200 817 SNIPPET_NOT_RELEVANT 6a23d377895ba0ff734a113902fed390
ACTION SNIPPET 1200 817 SNIPPET_NOT_RELEVANT 5ccd632c-680e-11e7-a1d7-9a32c91c6f40
ACTION SNIPPET 1200 817 SNIPPET_NOT_RELEVANT fe76e4f17a1946ecef9773c228b527d1
ACTION SNIPPET 1200 817 SNIPPET_NOT_RELEVANT e589eed4b3b3f87288f93c3c71222641
ACTION SNIPPET 1200 817 SNIPPET_NOT_RELEVANT ae4d7021a16a0f6f66a3abec96d8daf1
ACTION SNIPPET 1200 817 SNIPPET_NOT_RELEVANT 5eab43b153dfcb40da881f0e3d6f0a44
INFO SERP_END_REACHED 
ACTION QUERY 1200 827 human stampede bar
ACTION SERP 1200 832 EXAMINE_SERP
ACTION SNIPPET 1200 832 SEEN_PREVIOUSLY 1c3f906e626e01a8d8c9c0f0d31f0f71
ACTION SNIPPET 1200 832 SNIPPET_NOT_RELEVANT 34bfeb7cfd4fd1235db256e97a7b92d9
ACTION SNIPPET 1200 832 SNIPPET_NOT_RELEVANT 52b388c185c4c4eb8965eaf168c44154
ACTION SNIPPET 1200 832 SNIPPET_NOT_RELEVANT 129285cbe861e6c14a36fa707fc99146
ACTION SNIPPET 1200 832 SEEN_PREVIOUSLY a79b1b7d8cc5273d4995fec5e122e44b
ACTION SNIPPET 1200 832 SNIPPET_NOT_RELEVANT ff871ed540102bbc7ff03aba759f38d0
ACTION SNIPPET 1200 832 SNIPPET_NOT_RELEVANT 7a81e87ba8ecc0a82da3dd96df00d1fa
ACTION SNIPPET 1200 832 SNIPPET_NOT_RELEVANT 231c3fd2-2c3e-11e3-8ade-a1f23cda135e
ACTION SNIPPET 1200 832 SEEN_PREVIOUSLY f61b6da2-9ca6-11e4-a7ee-526210d665b4
ACTION SNIPPET 1200 832 SEEN_PREVIOUSLY 54b75712e707ed16c802aa76bfc7cbb1
ACTION SNIPPET 1200 832 SEEN_PREVIOUSLY 7301a1e7-5577-4464-8029-e3db99a6b7cb
ACTION SNIPPET 1200 832 SEEN_PREVIOUSLY 73f1338a-6356-11e5-9757-e49273f05f65
ACTION SNIPPET 1200 832 SEEN_PREVIOUSLY b537ec82-9384-11e4-a900-9960214d4cd7
ACTION SNIPPET 1200 832 SEEN_PREVIOUSLY 28eb7cce-62a7-11e5-9757-e49273f05f65
ACTION SNIPPET 1200 832 SNIPPET_NOT_RELEVANT d7f41eb1f29ea630857d8cf0a1d783a7
ACTION SNIPPET 1200 832 SEEN_PREVIOUSLY 5e8f029982d19cd89736ae9f84f60662
ACTION SNIPPET 1200 832 SEEN_PREVIOUSLY 484ba62c-913b-11e4-a412-4b735edc7175
ACTION SNIPPET 1200 832 SEEN_PREVIOUSLY fac2ad3d-d1f1-4ba0-beb9-aefd829009c2
ACTION SNIPPET 1200 832 SNIPPET_NOT_RELEVANT 0629163c711e686d72338cfa295f762a
ACTION SNIPPET 1200 832 SNIPPET_NOT_RELEVANT 08b145e6-9afb-11e1-bf13-663ec2f5fb28
ACTION SNIPPET 1200 832 SNIPPET_NOT_RELEVANT 438635f64642923e47df1aef6caa7c5b
ACTION SNIPPET 1200 832 SEEN_PREVIOUSLY cd65ac343aa65e723eadcbf05104bc16
ACTION SNIPPET 1200 832 SNIPPET_NOT_RELEVANT 65263aa2-ad4b-11e3-a49e-76adc9210f19
ACTION SNIPPET 1200 832 SNIPPET_NOT_RELEVANT 64099c96-1279-11e6-8967-7ac733c56f12
ACTION SNIPPET 1200 832 SNIPPET_NOT_RELEVANT dc49fe1bfb0d1918d7684186e71b8a6d
ACTION SNIPPET 1200 832 SNIPPET_NOT_RELEVANT 2d28ccc2f759a1e8a0e78f3f56f0e933
ACTION SNIPPET 1200 832 SNIPPET_NOT_RELEVANT 85a9b55c7170dd68444e886fea6400d9
ACTION SNIPPET 1200 832 SEEN_PREVIOUSLY 75c0f7a59659c22a15c9ede1c1263511
ACTION SNIPPET 1200 832 SEEN_PREVIOUSLY a1b79359d6d1ba31a37c20bd355aa30f
ACTION SNIPPET 1200 832 SNIPPET_NOT_RELEVANT 3d046844-16c4-11e5-9518-f9e0a8959f32
ACTION SNIPPET 1200 832 SNIPPET_NOT_RELEVANT c7ceed2f9dd1293c9bdc3190f12166b5
ACTION SNIPPET 1200 832 SNIPPET_NOT_RELEVANT cbeacfbc-5703-11e3-8304-caf30787c0a9
ACTION SNIPPET 1200 832 SNIPPET_NOT_RELEVANT a6e80dd5fe61723142f0d882da2d77f6
ACTION SNIPPET 1200 832 SNIPPET_NOT_RELEVANT 2f40b33035b979b30dbde29b43a0e357
ACTION SNIPPET 1200 832 SNIPPET_NOT_RELEVANT 9c821676-c9d5-11e5-b9ab-26591104bb19
ACTION SNIPPET 1200 832 SNIPPET_NOT_RELEVANT 102f557e-d39e-11e2-b05f-3ea3f0e7bb5a
ACTION SNIPPET 1200 832 SNIPPET_NOT_RELEVANT b7bb02b6-657b-11e2-b84d-21c7b65985ee
ACTION SNIPPET 1200 832 SEEN_PREVIOUSLY 17a13bc0-9106-11e4-a412-4b735edc7175
ACTION SNIPPET 1200 832 SNIPPET_NOT_RELEVANT 24be59a2-d3b4-11e2-b05f-3ea3f0e7bb5a
ACTION SNIPPET 1200 832 SNIPPET_NOT_RELEVANT 41b59946-3e26-11e6-a66f-aa6c1883b6b1
ACTION SNIPPET 1200 832 SNIPPET_NOT_RELEVANT 9124cfd7899d5ec220d89b587c79e497
ACTION SNIPPET 1200 832 SNIPPET_NOT_RELEVANT 4ef724cebb6eafa9ae0e6c3b395af941
ACTION SNIPPET 1200 832 SEEN_PREVIOUSLY b79add2c-b79a-11e6-a677-b608fbb3aaf6
ACTION SNIPPET 1200 832 SNIPPET_NOT_RELEVANT b0bb29eadedb2f12e56f5aaee7e8f94f
ACTION SNIPPET 1200 832 SNIPPET_NOT_RELEVANT 6b1251f9218db4ca608fcd1308d4b134
ACTION SNIPPET 1200 832 SNIPPET_NOT_RELEVANT 057754ba20d0161d614cf6ab6a2c55ea
ACTION SNIPPET 1200 832 SNIPPET_NOT_RELEVANT 5bbd17a2207871b292e8ea51042b2387
ACTION SNIPPET 1200 832 SNIPPET_NOT_RELEVANT 74d80d72cb4caf53f42c845ab706d3ec
ACTION SNIPPET 1200 832 SNIPPET_NOT_RELEVANT 52f0f33c-c530-11e5-9693-933a4d31bcc8
ACTION SNIPPET 1200 832 SNIPPET_NOT_RELEVANT bf3cf4c63b9cc3b8f4a547a7c0f57154
ACTION SNIPPET 1200 832 SEEN_PREVIOUSLY 53cc9a5a-17f7-11e4-85b6-c1451e622637
ACTION SNIPPET 1200 832 SNIPPET_NOT_RELEVANT cd69f7be-5b32-11e7-9fc6-c7ef4bc58d13
ACTION SNIPPET 1200 832 SEEN_PREVIOUSLY 6e1d8f50-88b0-11e6-875e-2c1bfe943b66
ACTION SNIPPET 1200 832 SNIPPET_NOT_RELEVANT fa789af4-470e-11e7-bcde-624ad94170ab
ACTION SNIPPET 1200 832 SNIPPET_NOT_RELEVANT 34b07b7e-46f6-11e7-98cd-af64b4fe2dfc
ACTION SNIPPET 1200 832 SNIPPET_NOT_RELEVANT 365cef00-d9e1-11e3-b745-87d39690c5c0
ACTION SNIPPET 1200 832 SNIPPET_NOT_RELEVANT 92d7f97758049f41eaefe1db99a5a04d
ACTION SNIPPET 1200 832 SNIPPET_NOT_RELEVANT 819d636e-8104-11e2-b99e-6baf4ebe42df
ACTION SNIPPET 1200 832 SNIPPET_NOT_RELEVANT a2a1b8aa-f190-11e3-9ebc-2ee6f81ed217
ACTION SNIPPET 1200 832 SNIPPET_NOT_RELEVANT 8ce56a69d594d886aed957dc2358c592
ACTION SNIPPET 1200 832 SEEN_PREVIOUSLY 81839d003e55905d1b557d14ae4d1a3b
ACTION SNIPPET 1200 832 SNIPPET_NOT_RELEVANT 11e880e0-df76-11e3-9743-bb9b59cde7b9
ACTION SNIPPET 1200 832 SNIPPET_NOT_RELEVANT 8b9b4a28-8a22-11e5-9a07-453018f9a0ec
ACTION SNIPPET 1200 832 SNIPPET_NOT_RELEVANT 955c1ef0-6002-11e6-af8e-54aa2e849447
ACTION SNIPPET 1200 832 SNIPPET_NOT_RELEVANT e46ed696-8bd5-11e6-bff0-d53f592f176e
ACTION SNIPPET 1200 832 SNIPPET_NOT_RELEVANT c877676c-b05d-11e6-840f-e3ebab6bcdd3
ACTION SNIPPET 1200 832 SNIPPET_NOT_RELEVANT d527cdf5e2e4d414796a3d4a2f413c25
ACTION SNIPPET 1200 832 SNIPPET_NOT_RELEVANT 90b9cf78-4aaa-11e5-846d-02792f854297
ACTION SNIPPET 1200 832 SNIPPET_NOT_RELEVANT b9d74d308dfddb0a795da07feaaa4c2a
ACTION SNIPPET 1200 832 SNIPPET_NOT_RELEVANT 9f2f6a95-11a1-43c8-b0af-ae0f5103a456
ACTION SNIPPET 1200 832 SNIPPET_NOT_RELEVANT ac557a06-8754-11e6-ac72-a29979381495
ACTION SNIPPET 1200 832 SNIPPET_NOT_RELEVANT 3536c1c31ffa7e85eed605cffb1192e2
ACTION SNIPPET 1200 832 SNIPPET_NOT_RELEVANT 9ed7496801e83fc5dca988542ad7e232
ACTION SNIPPET 1200 832 SNIPPET_NOT_RELEVANT 8600ed30-2440-11e6-8690-f14ca9de2972
ACTION SNIPPET 1200 832 SNIPPET_NOT_RELEVANT 697b9768-2d7e-11e6-9b37-42985f6a265c
ACTION SNIPPET 1200 832 SEEN_PREVIOUSLY 3941bdc8-a0e6-11e4-91fc-7dff95a14458
ACTION SNIPPET 1200 832 SNIPPET_NOT_RELEVANT 230347ec-e9ed-11e5-a6f3-21ccdbc5f74e
ACTION SNIPPET 1200 832 SNIPPET_NOT_RELEVANT ce9f6e6e-778b-11e2-aa12-e6cf1d31106b
ACTION SNIPPET 1200 832 SNIPPET_NOT_RELEVANT 3b33a1a65c4979ed5243b966f60df1d1
ACTION SNIPPET 1200 832 SNIPPET_NOT_RELEVANT 6dc44324d0efff7b117a721ba9ea6c1b
ACTION SNIPPET 1200 832 SNIPPET_NOT_RELEVANT 39aec604ca6e8c431cf11e71230397f2
ACTION SNIPPET 1200 832 SNIPPET_NOT_RELEVANT 3c727fa3cbd6abdea03545567789e47c
ACTION SNIPPET 1200 832 SNIPPET_NOT_RELEVANT 9d07775866fe200d3daae7e102463e83
ACTION SNIPPET 1200 832 SNIPPET_NOT_RELEVANT 8b696666-5728-11e5-9f54-1ea23f6e02f3
ACTION SNIPPET 1200 832 SNIPPET_NOT_RELEVANT 030fe2f20aebb4a651c11df750aaff3c
ACTION SNIPPET 1200 832 SNIPPET_NOT_RELEVANT 0a0f659c-abb4-11e2-b6fd-ba6f5f26d70e
ACTION SNIPPET 1200 832 SEEN_PREVIOUSLY 28c2a64c-9b93-4d8e-b19d-a436666a77a7
ACTION SNIPPET 1200 832 SEEN_PREVIOUSLY 35d4ad7a-340a-11e3-8a0e-4e2cf80831fc
ACTION SNIPPET 1200 832 SNIPPET_NOT_RELEVANT 3fbd6cd2-b0b4-11e4-bf39-5560f3918d4b
ACTION SNIPPET 1200 832 SNIPPET_NOT_RELEVANT 35841fd2-6e0d-11e1-b6cb-8f400698f97c
ACTION SNIPPET 1200 832 SNIPPET_NOT_RELEVANT 6bc90126beafa7e97938f70547275464
ACTION SNIPPET 1200 832 SNIPPET_NOT_RELEVANT 0ed3797af3e650cf5f2128f7f59301b7
ACTION SNIPPET 1200 832 SNIPPET_NOT_RELEVANT 8ba556aad09f088d59fb1e49146ff400
ACTION SNIPPET 1200 832 SNIPPET_NOT_RELEVANT b6b27781c91ed444e0f0c91ba61115f1
ACTION SNIPPET 1200 832 SNIPPET_NOT_RELEVANT 5ccd632c-680e-11e7-a1d7-9a32c91c6f40
ACTION SNIPPET 1200 832 SNIPPET_NOT_RELEVANT 6a23d377895ba0ff734a113902fed390
ACTION SNIPPET 1200 832 SNIPPET_NOT_RELEVANT db3faf66d30330c563fce7249d2c9dd7
ACTION SNIPPET 1200 832 SNIPPET_NOT_RELEVANT e589eed4b3b3f87288f93c3c71222641
ACTION SNIPPET 1200 832 SNIPPET_NOT_RELEVANT ae4d7021a16a0f6f66a3abec96d8daf1
ACTION SNIPPET 1200 832 SNIPPET_NOT_RELEVANT fe76e4f17a1946ecef9773c228b527d1
INFO SERP_END_REACHED 
ACTION QUERY 1200 842 human stampede restaurant
ACTION SERP 1200 847 EXAMINE_SERP
ACTION SNIPPET 1200 847 SEEN_PREVIOUSLY f61b6da2-9ca6-11e4-a7ee-526210d665b4
ACTION SNIPPET 1200 847 SEEN_PREVIOUSLY 1c3f906e626e01a8d8c9c0f0d31f0f71
ACTION SNIPPET 1200 847 SEEN_PREVIOUSLY a79b1b7d8cc5273d4995fec5e122e44b
ACTION SNIPPET 1200 847 SNIPPET_NOT_RELEVANT 7a81e87ba8ecc0a82da3dd96df00d1fa
ACTION SNIPPET 1200 847 SNIPPET_NOT_RELEVANT 231c3fd2-2c3e-11e3-8ade-a1f23cda135e
ACTION SNIPPET 1200 847 SNIPPET_NOT_RELEVANT e46ed696-8bd5-11e6-bff0-d53f592f176e
ACTION SNIPPET 1200 847 SEEN_PREVIOUSLY 54b75712e707ed16c802aa76bfc7cbb1
ACTION SNIPPET 1200 847 SEEN_PREVIOUSLY 7301a1e7-5577-4464-8029-e3db99a6b7cb
ACTION SNIPPET 1200 847 SEEN_PREVIOUSLY 73f1338a-6356-11e5-9757-e49273f05f65
ACTION SNIPPET 1200 847 SEEN_PREVIOUSLY b537ec82-9384-11e4-a900-9960214d4cd7
ACTION SNIPPET 1200 847 SEEN_PREVIOUSLY 28eb7cce-62a7-11e5-9757-e49273f05f65
ACTION SNIPPET 1200 847 SNIPPET_NOT_RELEVANT d7f41eb1f29ea630857d8cf0a1d783a7
ACTION SNIPPET 1200 847 SEEN_PREVIOUSLY 5e8f029982d19cd89736ae9f84f60662
ACTION SNIPPET 1200 847 SEEN_PREVIOUSLY 484ba62c-913b-11e4-a412-4b735edc7175
ACTION SNIPPET 1200 847 SEEN_PREVIOUSLY fac2ad3d-d1f1-4ba0-beb9-aefd829009c2
ACTION SNIPPET 1200 847 SNIPPET_NOT_RELEVANT 0629163c711e686d72338cfa295f762a
ACTION SNIPPET 1200 847 SNIPPET_NOT_RELEVANT 08b145e6-9afb-11e1-bf13-663ec2f5fb28
ACTION SNIPPET 1200 847 SNIPPET_NOT_RELEVANT 438635f64642923e47df1aef6caa7c5b
ACTION SNIPPET 1200 847 SEEN_PREVIOUSLY cd65ac343aa65e723eadcbf05104bc16
ACTION SNIPPET 1200 847 SNIPPET_NOT_RELEVANT 65263aa2-ad4b-11e3-a49e-76adc9210f19
ACTION SNIPPET 1200 847 SNIPPET_NOT_RELEVANT dc49fe1bfb0d1918d7684186e71b8a6d
ACTION SNIPPET 1200 847 SNIPPET_NOT_RELEVANT 2d28ccc2f759a1e8a0e78f3f56f0e933
ACTION SNIPPET 1200 847 SNIPPET_NOT_RELEVANT ff871ed540102bbc7ff03aba759f38d0
ACTION SNIPPET 1200 847 SNIPPET_NOT_RELEVANT 85a9b55c7170dd68444e886fea6400d9
ACTION SNIPPET 1200 847 SEEN_PREVIOUSLY 75c0f7a59659c22a15c9ede1c1263511
ACTION SNIPPET 1200 847 SEEN_PREVIOUSLY a1b79359d6d1ba31a37c20bd355aa30f
ACTION SNIPPET 1200 847 SNIPPET_NOT_RELEVANT 3d046844-16c4-11e5-9518-f9e0a8959f32
ACTION SNIPPET 1200 847 SNIPPET_NOT_RELEVANT c7ceed2f9dd1293c9bdc3190f12166b5
ACTION SNIPPET 1200 847 SNIPPET_NOT_RELEVANT 3fbd6cd2-b0b4-11e4-bf39-5560f3918d4b
ACTION SNIPPET 1200 847 SNIPPET_NOT_RELEVANT cbeacfbc-5703-11e3-8304-caf30787c0a9
ACTION SNIPPET 1200 847 SNIPPET_NOT_RELEVANT 2f40b33035b979b30dbde29b43a0e357
ACTION SNIPPET 1200 847 SNIPPET_NOT_RELEVANT a6e80dd5fe61723142f0d882da2d77f6
ACTION SNIPPET 1200 847 SNIPPET_NOT_RELEVANT 9c821676-c9d5-11e5-b9ab-26591104bb19
ACTION SNIPPET 1200 847 SNIPPET_NOT_RELEVANT 102f557e-d39e-11e2-b05f-3ea3f0e7bb5a
ACTION SNIPPET 1200 847 SNIPPET_NOT_RELEVANT d6bd70bc-8051-11e3-9556-4a4bf7bcbd84
ACTION SNIPPET 1200 847 SEEN_PREVIOUSLY 17a13bc0-9106-11e4-a412-4b735edc7175
ACTION SNIPPET 1200 847 SNIPPET_NOT_RELEVANT 24be59a2-d3b4-11e2-b05f-3ea3f0e7bb5a
ACTION SNIPPET 1200 847 SNIPPET_NOT_RELEVANT 41b59946-3e26-11e6-a66f-aa6c1883b6b1
ACTION SNIPPET 1200 847 SNIPPET_NOT_RELEVANT 9124cfd7899d5ec220d89b587c79e497
ACTION SNIPPET 1200 847 SNIPPET_NOT_RELEVANT 4ef724cebb6eafa9ae0e6c3b395af941
ACTION SNIPPET 1200 847 SEEN_PREVIOUSLY b79add2c-b79a-11e6-a677-b608fbb3aaf6
ACTION SNIPPET 1200 847 SNIPPET_NOT_RELEVANT b0bb29eadedb2f12e56f5aaee7e8f94f
ACTION SNIPPET 1200 847 SNIPPET_NOT_RELEVANT a79099fc66a705f8fd75725c25cb4901
ACTION SNIPPET 1200 847 SNIPPET_NOT_RELEVANT 057754ba20d0161d614cf6ab6a2c55ea
ACTION SNIPPET 1200 847 SNIPPET_NOT_RELEVANT 5bbd17a2207871b292e8ea51042b2387
ACTION SNIPPET 1200 847 SNIPPET_NOT_RELEVANT 74d80d72cb4caf53f42c845ab706d3ec
ACTION SNIPPET 1200 847 SNIPPET_NOT_RELEVANT bf3cf4c63b9cc3b8f4a547a7c0f57154
ACTION SNIPPET 1200 847 SEEN_PREVIOUSLY 53cc9a5a-17f7-11e4-85b6-c1451e622637
ACTION SNIPPET 1200 847 SNIPPET_NOT_RELEVANT 34bfeb7cfd4fd1235db256e97a7b92d9
ACTION SNIPPET 1200 847 SNIPPET_NOT_RELEVANT 52b388c185c4c4eb8965eaf168c44154
ACTION SNIPPET 1200 847 SNIPPET_NOT_RELEVANT 129285cbe861e6c14a36fa707fc99146
ACTION SNIPPET 1200 847 SEEN_PREVIOUSLY 6e1d8f50-88b0-11e6-875e-2c1bfe943b66
ACTION SNIPPET 1200 847 SNIPPET_NOT_RELEVANT fa789af4-470e-11e7-bcde-624ad94170ab
ACTION SNIPPET 1200 847 SNIPPET_NOT_RELEVANT 17aea794aec10cce5b801d047c7046ec
ACTION SNIPPET 1200 847 SNIPPET_NOT_RELEVANT 34b07b7e-46f6-11e7-98cd-af64b4fe2dfc
ACTION SNIPPET 1200 847 SNIPPET_NOT_RELEVANT 77bff0b629c57518385a073e465cd381
ACTION SNIPPET 1200 847 SNIPPET_NOT_RELEVANT d2f874d6e008eba07c41f1da0926b7b5
ACTION SNIPPET 1200 847 SNIPPET_NOT_RELEVANT a519af3e-0481-11e5-bc72-f3e16bf50bb6
ACTION SNIPPET 1200 847 SNIPPET_NOT_RELEVANT 365cef00-d9e1-11e3-b745-87d39690c5c0
ACTION SNIPPET 1200 847 SNIPPET_NOT_RELEVANT 92d7f97758049f41eaefe1db99a5a04d
ACTION SNIPPET 1200 847 SNIPPET_NOT_RELEVANT de5d9b48-e4cc-11e6-a419-eefe8eff0835
ACTION SNIPPET 1200 847 SNIPPET_NOT_RELEVANT adbb6d15d77f347457a551a02e8b9720
ACTION SNIPPET 1200 847 SNIPPET_NOT_RELEVANT 819d636e-8104-11e2-b99e-6baf4ebe42df
ACTION SNIPPET 1200 847 SNIPPET_NOT_RELEVANT 8ce56a69d594d886aed957dc2358c592
ACTION SNIPPET 1200 847 SNIPPET_NOT_RELEVANT 4d3cd6be-2a3e-11e5-a5ea-cf74396e59ec
ACTION SNIPPET 1200 847 SEEN_PREVIOUSLY 81839d003e55905d1b557d14ae4d1a3b
ACTION SNIPPET 1200 847 SNIPPET_NOT_RELEVANT 11e880e0-df76-11e3-9743-bb9b59cde7b9
ACTION SNIPPET 1200 847 SNIPPET_NOT_RELEVANT 955c1ef0-6002-11e6-af8e-54aa2e849447
ACTION SNIPPET 1200 847 SNIPPET_NOT_RELEVANT 98c11456-58a6-11e5-b8c9-944725fcd3b9
ACTION SNIPPET 1200 847 SNIPPET_NOT_RELEVANT ce4b6bcaa365eee80bd77b6538a33776
ACTION SNIPPET 1200 847 SNIPPET_NOT_RELEVANT 1955d6cac326d09caaa6681a0a97ea61
ACTION SNIPPET 1200 847 SNIPPET_NOT_RELEVANT 62ae0d7bdddc898c38550ec8d0ede4ed
ACTION SNIPPET 1200 847 SNIPPET_NOT_RELEVANT c877676c-b05d-11e6-840f-e3ebab6bcdd3
ACTION SNIPPET 1200 847 SNIPPET_NOT_RELEVANT d527cdf5e2e4d414796a3d4a2f413c25
ACTION SNIPPET 1200 847 SNIPPET_NOT_RELEVANT e7eaf5a9b11c07b5af090ddda4aac32a
ACTION SNIPPET 1200 847 SNIPPET_NOT_RELEVANT 90b9cf78-4aaa-11e5-846d-02792f854297
ACTION SNIPPET 1200 847 SNIPPET_NOT_RELEVANT 0b8e60b828086d73d7d8e28f81c21137
ACTION SNIPPET 1200 847 SNIPPET_NOT_RELEVANT 6128c76ce4f30faa5830ed5878220d64
ACTION SNIPPET 1200 847 SNIPPET_NOT_RELEVANT b9d74d308dfddb0a795da07feaaa4c2a
ACTION SNIPPET 1200 847 SNIPPET_NOT_RELEVANT ac557a06-8754-11e6-ac72-a29979381495
ACTION SNIPPET 1200 847 SNIPPET_NOT_RELEVANT 3536c1c31ffa7e85eed605cffb1192e2
ACTION SNIPPET 1200 847 SNIPPET_NOT_RELEVANT 2ba482dc-9a0d-11e6-b3c9-f662adaa0048
ACTION SNIPPET 1200 847 SNIPPET_NOT_RELEVANT b6b27781c91ed444e0f0c91ba61115f1
ACTION SNIPPET 1200 847 SNIPPET_NOT_RELEVANT 615cc728-e6b3-11e3-8f90-73e071f3d637
ACTION SNIPPET 1200 847 SNIPPET_NOT_RELEVANT 35f284ea-3f6f-11e5-8d45-d815146f81fa
ACTION SNIPPET 1200 847 SNIPPET_NOT_RELEVANT a4bf7e70-c28b-11e4-ad5c-3b8ce89f1b89
ACTION SNIPPET 1200 847 SNIPPET_NOT_RELEVANT 697b9768-2d7e-11e6-9b37-42985f6a265c
ACTION SNIPPET 1200 847 SEEN_PREVIOUSLY 3941bdc8-a0e6-11e4-91fc-7dff95a14458
ACTION SNIPPET 1200 847 SNIPPET_NOT_RELEVANT f95348ce-d483-11e2-b05f-3ea3f0e7bb5a
ACTION SNIPPET 1200 847 SNIPPET_NOT_RELEVANT 230347ec-e9ed-11e5-a6f3-21ccdbc5f74e
ACTION SNIPPET 1200 847 SNIPPET_NOT_RELEVANT 1ddeaebfd33e6eea2a60619574c951d9
ACTION SNIPPET 1200 847 SNIPPET_NOT_RELEVANT 409e1d7c434b7a8ed5686e5d71706a45
ACTION SNIPPET 1200 847 SNIPPET_NOT_RELEVANT ce9f6e6e-778b-11e2-aa12-e6cf1d31106b
ACTION SNIPPET 1200 847 SNIPPET_NOT_RELEVANT 3c727fa3cbd6abdea03545567789e47c
ACTION SNIPPET 1200 847 SNIPPET_NOT_RELEVANT 9d07775866fe200d3daae7e102463e83
ACTION SNIPPET 1200 847 SNIPPET_NOT_RELEVANT 0b2245c00e40d51ea40dcdb5cd02a537
ACTION SNIPPET 1200 847 SNIPPET_NOT_RELEVANT 0b303456-0bde-11e5-95fd-d580f1c5d44e
ACTION SNIPPET 1200 847 SNIPPET_NOT_RELEVANT ed6fa99e-67f4-11e3-8b5b-a77187b716a3
ACTION SNIPPET 1200 847 SNIPPET_NOT_RELEVANT 76caf2ce9ef5cb3fca46383487d7fd45
ACTION SNIPPET 1200 847 SNIPPET_NOT_RELEVANT 315c9d4e-1a9e-11e5-93b7-5eddc056ad8a
INFO SERP_END_REACHED 
ACTION QUERY 1200 857 human stampede entertainment
ACTION SERP 1200 862 EXAMINE_SERP
ACTION SNIPPET 1200 862 SEEN_PREVIOUSLY 1c3f906e626e01a8d8c9c0f0d31f0f71
ACTION SNIPPET 1200 862 SEEN_PREVIOUSLY a79b1b7d8cc5273d4995fec5e122e44b
ACTION SNIPPET 1200 862 SNIPPET_NOT_RELEVANT 3d046844-16c4-11e5-9518-f9e0a8959f32
ACTION SNIPPET 1200 862 SNIPPET_NOT_RELEVANT 7a81e87ba8ecc0a82da3dd96df00d1fa
ACTION SNIPPET 1200 862 SNIPPET_NOT_RELEVANT 231c3fd2-2c3e-11e3-8ade-a1f23cda135e
ACTION SNIPPET 1200 862 SEEN_PREVIOUSLY f61b6da2-9ca6-11e4-a7ee-526210d665b4
ACTION SNIPPET 1200 862 SEEN_PREVIOUSLY 54b75712e707ed16c802aa76bfc7cbb1
ACTION SNIPPET 1200 862 SEEN_PREVIOUSLY 7301a1e7-5577-4464-8029-e3db99a6b7cb
ACTION SNIPPET 1200 862 SEEN_PREVIOUSLY 73f1338a-6356-11e5-9757-e49273f05f65
ACTION SNIPPET 1200 862 SEEN_PREVIOUSLY b537ec82-9384-11e4-a900-9960214d4cd7
ACTION SNIPPET 1200 862 SEEN_PREVIOUSLY 28eb7cce-62a7-11e5-9757-e49273f05f65
ACTION SNIPPET 1200 862 SNIPPET_NOT_RELEVANT d7f41eb1f29ea630857d8cf0a1d783a7
ACTION SNIPPET 1200 862 SEEN_PREVIOUSLY 5e8f029982d19cd89736ae9f84f60662
ACTION SNIPPET 1200 862 SNIPPET_NOT_RELEVANT 8ba556aad09f088d59fb1e49146ff400
ACTION SNIPPET 1200 862 SEEN_PREVIOUSLY 484ba62c-913b-11e4-a412-4b735edc7175
ACTION SNIPPET 1200 862 SEEN_PREVIOUSLY fac2ad3d-d1f1-4ba0-beb9-aefd829009c2
ACTION SNIPPET 1200 862 SNIPPET_NOT_RELEVANT 0629163c711e686d72338cfa295f762a
ACTION SNIPPET 1200 862 SNIPPET_NOT_RELEVANT 08b145e6-9afb-11e1-bf13-663ec2f5fb28
ACTION SNIPPET 1200 862 SNIPPET_NOT_RELEVANT 438635f64642923e47df1aef6caa7c5b
ACTION SNIPPET 1200 862 SEEN_PREVIOUSLY cd65ac343aa65e723eadcbf05104bc16
ACTION SNIPPET 1200 862 SNIPPET_NOT_RELEVANT 65263aa2-ad4b-11e3-a49e-76adc9210f19
ACTION SNIPPET 1200 862 SNIPPET_NOT_RELEVANT dc49fe1bfb0d1918d7684186e71b8a6d
ACTION SNIPPET 1200 862 SNIPPET_NOT_RELEVANT 2d28ccc2f759a1e8a0e78f3f56f0e933
ACTION SNIPPET 1200 862 SNIPPET_NOT_RELEVANT ff871ed540102bbc7ff03aba759f38d0
ACTION SNIPPET 1200 862 SNIPPET_NOT_RELEVANT 85a9b55c7170dd68444e886fea6400d9
ACTION SNIPPET 1200 862 SEEN_PREVIOUSLY 75c0f7a59659c22a15c9ede1c1263511
ACTION SNIPPET 1200 862 SEEN_PREVIOUSLY a1b79359d6d1ba31a37c20bd355aa30f
ACTION SNIPPET 1200 862 SNIPPET_NOT_RELEVANT f5de02be-46fe-11e7-a196-a1bb629f64cb
ACTION SNIPPET 1200 862 SNIPPET_NOT_RELEVANT c7ceed2f9dd1293c9bdc3190f12166b5
ACTION SNIPPET 1200 862 SNIPPET_NOT_RELEVANT cbeacfbc-5703-11e3-8304-caf30787c0a9
ACTION SNIPPET 1200 862 SNIPPET_NOT_RELEVANT 2f40b33035b979b30dbde29b43a0e357
ACTION SNIPPET 1200 862 SNIPPET_NOT_RELEVANT a6e80dd5fe61723142f0d882da2d77f6
ACTION SNIPPET 1200 862 SNIPPET_NOT_RELEVANT 9c821676-c9d5-11e5-b9ab-26591104bb19
ACTION SNIPPET 1200 862 SNIPPET_NOT_RELEVANT 102f557e-d39e-11e2-b05f-3ea3f0e7bb5a
ACTION SNIPPET 1200 862 SEEN_PREVIOUSLY 17a13bc0-9106-11e4-a412-4b735edc7175
ACTION SNIPPET 1200 862 SNIPPET_NOT_RELEVANT 24be59a2-d3b4-11e2-b05f-3ea3f0e7bb5a
ACTION SNIPPET 1200 862 SNIPPET_NOT_RELEVANT 41b59946-3e26-11e6-a66f-aa6c1883b6b1
ACTION SNIPPET 1200 862 SNIPPET_NOT_RELEVANT fb68e5f8-ee88-11e4-8abc-d6aa3bad79dd
ACTION SNIPPET 1200 862 SNIPPET_NOT_RELEVANT 9124cfd7899d5ec220d89b587c79e497
ACTION SNIPPET 1200 862 SNIPPET_NOT_RELEVANT 4ef724cebb6eafa9ae0e6c3b395af941
ACTION SNIPPET 1200 862 SEEN_PREVIOUSLY b79add2c-b79a-11e6-a677-b608fbb3aaf6
ACTION SNIPPET 1200 862 SNIPPET_NOT_RELEVANT b0bb29eadedb2f12e56f5aaee7e8f94f
ACTION SNIPPET 1200 862 SNIPPET_NOT_RELEVANT 057754ba20d0161d614cf6ab6a2c55ea
ACTION SNIPPET 1200 862 SNIPPET_NOT_RELEVANT 5bbd17a2207871b292e8ea51042b2387
ACTION SNIPPET 1200 862 SNIPPET_NOT_RELEVANT 74d80d72cb4caf53f42c845ab706d3ec
ACTION SNIPPET 1200 862 SNIPPET_NOT_RELEVANT bf3cf4c63b9cc3b8f4a547a7c0f57154
ACTION SNIPPET 1200 862 SEEN_PREVIOUSLY 53cc9a5a-17f7-11e4-85b6-c1451e622637
ACTION SNIPPET 1200 862 SNIPPET_NOT_RELEVANT 34bfeb7cfd4fd1235db256e97a7b92d9
ACTION SNIPPET 1200 862 SNIPPET_NOT_RELEVANT 52b388c185c4c4eb8965eaf168c44154
ACTION SNIPPET 1200 862 SNIPPET_NOT_RELEVANT 129285cbe861e6c14a36fa707fc99146
ACTION SNIPPET 1200 862 SEEN_PREVIOUSLY 6e1d8f50-88b0-11e6-875e-2c1bfe943b66
ACTION SNIPPET 1200 862 SNIPPET_NOT_RELEVANT fa789af4-470e-11e7-bcde-624ad94170ab
ACTION SNIPPET 1200 862 SNIPPET_NOT_RELEVANT 365cef00-d9e1-11e3-b745-87d39690c5c0
ACTION SNIPPET 1200 862 SNIPPET_NOT_RELEVANT 92d7f97758049f41eaefe1db99a5a04d
ACTION SNIPPET 1200 862 SNIPPET_NOT_RELEVANT 819d636e-8104-11e2-b99e-6baf4ebe42df
ACTION SNIPPET 1200 862 SNIPPET_NOT_RELEVANT 8ce56a69d594d886aed957dc2358c592
ACTION SNIPPET 1200 862 SEEN_PREVIOUSLY 81839d003e55905d1b557d14ae4d1a3b
ACTION SNIPPET 1200 862 SNIPPET_NOT_RELEVANT 1a48bfa8-3bd4-11e7-8854-21f359183e8c
ACTION SNIPPET 1200 862 SNIPPET_NOT_RELEVANT 11e880e0-df76-11e3-9743-bb9b59cde7b9
ACTION SNIPPET 1200 862 SNIPPET_NOT_RELEVANT 955c1ef0-6002-11e6-af8e-54aa2e849447
ACTION SNIPPET 1200 862 SNIPPET_NOT_RELEVANT c9e7f722-dcf0-11e2-9218-bc2ac7cd44e2
ACTION SNIPPET 1200 862 SNIPPET_NOT_RELEVANT e46ed696-8bd5-11e6-bff0-d53f592f176e
ACTION SNIPPET 1200 862 SNIPPET_NOT_RELEVANT c877676c-b05d-11e6-840f-e3ebab6bcdd3
ACTION SNIPPET 1200 862 SNIPPET_NOT_RELEVANT d527cdf5e2e4d414796a3d4a2f413c25
ACTION SNIPPET 1200 862 SNIPPET_NOT_RELEVANT 90b9cf78-4aaa-11e5-846d-02792f854297
ACTION SNIPPET 1200 862 SNIPPET_NOT_RELEVANT b9d74d308dfddb0a795da07feaaa4c2a
ACTION SNIPPET 1200 862 SNIPPET_NOT_RELEVANT ac557a06-8754-11e6-ac72-a29979381495
ACTION SNIPPET 1200 862 SNIPPET_NOT_RELEVANT 7ac2588c-e949-11e5-a6f3-21ccdbc5f74e
ACTION SNIPPET 1200 862 SNIPPET_NOT_RELEVANT f9dbec7c30a820ed4b68ba3c95bca369
ACTION SNIPPET 1200 862 SNIPPET_NOT_RELEVANT 3536c1c31ffa7e85eed605cffb1192e2
ACTION SNIPPET 1200 862 SNIPPET_NOT_RELEVANT cda04b1066889a9f9a3eb5e0f66dce00
ACTION SNIPPET 1200 862 SNIPPET_NOT_RELEVANT 697b9768-2d7e-11e6-9b37-42985f6a265c
ACTION SNIPPET 1200 862 SEEN_PREVIOUSLY 3941bdc8-a0e6-11e4-91fc-7dff95a14458
ACTION SNIPPET 1200 862 SNIPPET_NOT_RELEVANT 230347ec-e9ed-11e5-a6f3-21ccdbc5f74e
ACTION SNIPPET 1200 862 SNIPPET_NOT_RELEVANT ce9f6e6e-778b-11e2-aa12-e6cf1d31106b
ACTION SNIPPET 1200 862 SNIPPET_NOT_RELEVANT 3c727fa3cbd6abdea03545567789e47c
ACTION SNIPPET 1200 862 SNIPPET_NOT_RELEVANT 9d07775866fe200d3daae7e102463e83
ACTION SNIPPET 1200 862 SNIPPET_NOT_RELEVANT cd69f7be-5b32-11e7-9fc6-c7ef4bc58d13
ACTION SNIPPET 1200 862 SNIPPET_NOT_RELEVANT e22785ca-3b44-11e3-b0e7-716179a2c2c7
ACTION SNIPPET 1200 862 SNIPPET_NOT_RELEVANT 030fe2f20aebb4a651c11df750aaff3c
ACTION SNIPPET 1200 862 SNIPPET_NOT_RELEVANT 64099c96-1279-11e6-8967-7ac733c56f12
ACTION SNIPPET 1200 862 SNIPPET_NOT_RELEVANT 0a0f659c-abb4-11e2-b6fd-ba6f5f26d70e
ACTION SNIPPET 1200 862 SEEN_PREVIOUSLY 28c2a64c-9b93-4d8e-b19d-a436666a77a7
ACTION SNIPPET 1200 862 SEEN_PREVIOUSLY 35d4ad7a-340a-11e3-8a0e-4e2cf80831fc
ACTION SNIPPET 1200 862 SNIPPET_NOT_RELEVANT ba37f62447cb7a7196a34d3cd6f2b152
ACTION SNIPPET 1200 862 SNIPPET_NOT_RELEVANT 0ed3797af3e650cf5f2128f7f59301b7
ACTION SNIPPET 1200 862 SNIPPET_NOT_RELEVANT 6a23d377895ba0ff734a113902fed390
ACTION SNIPPET 1200 862 SNIPPET_NOT_RELEVANT 5ccd632c-680e-11e7-a1d7-9a32c91c6f40
ACTION SNIPPET 1200 862 SNIPPET_NOT_RELEVANT 35f9ef155f54c3604c2e6ee89e310f49
ACTION SNIPPET 1200 862 SNIPPET_NOT_RELEVANT fe76e4f17a1946ecef9773c228b527d1
ACTION SNIPPET 1200 862 SNIPPET_NOT_RELEVANT ae4d7021a16a0f6f66a3abec96d8daf1
ACTION SNIPPET 1200 862 SNIPPET_NOT_RELEVANT e589eed4b3b3f87288f93c3c71222641
ACTION SNIPPET 1200 862 SNIPPET_NOT_RELEVANT 6dbd3739f48ddfcf41a292780c9f56e9
ACTION SNIPPET 1200 862 SNIPPET_NOT_RELEVANT 10408f9c8fdfa91fd8cc00bb94303835
ACTION SNIPPET 1200 862 SNIPPET_NOT_RELEVANT 2fff89d1514e0a86fcb2b7d741fc7180
ACTION SNIPPET 1200 862 SNIPPET_NOT_RELEVANT 81a6f6d3510cebfa7c7ea6bdc4a5da08
ACTION SNIPPET 1200 862 SNIPPET_NOT_RELEVANT fe223a44226db440264ed05fe3c65bea
ACTION SNIPPET 1200 862 SNIPPET_NOT_RELEVANT 11fcdf3974c927d7e658e9b34dea701e
ACTION SNIPPET 1200 862 SNIPPET_NOT_RELEVANT d3b8ec932815192b6206eeb42cbb784b
ACTION SNIPPET 1200 862 SNIPPET_NOT_RELEVANT d5c819db2288ab7a54bd51f370cebd68
INFO SERP_END_REACHED 
INFO OUT_OF_QUERIES 
INFO SUMMARY 
INFO TOTAL_QUERIES_ISSUED 13
INFO TOTAL_SNIPPETS_EXAMINED 1000
INFO TOTAL_DOCUMENTS_EXAMINED 29
INFO TOTAL_DOCUMENTS_MARKED_RELEVANT 29
INFO TOTAL_ATTRACTIVE_SERP_IMPRESSIONS 13
INFO TOTAL_UNATTRACTIVE_SERP_IMPRESSIONS 0
INFO TOTAL_TREC_RELEVANT_DOCS 29
INFO TOTAL_UNIQ_TREC_RELEVANT_DOCS 29
INFO PRECISION_TREC_RELEVANT_DOCS 1.0
