ACTION START 1200 0 START
ACTION QUERY 1200 10 wildlife extinction
ACTION SERP 1200 15 EXAMINE_SERP
ACTION SNIPPET 1200 15 SNIPPET_RELEVANT 4d0dc4c8-1fa6-11e2-afca-58c2f5789c5d
ACTION DOC 1200 35 EXAMINING_DOCUMENT 4d0dc4c8-1fa6-11e2-afca-58c2f5789c5d
ACTION MARK 1200 38 CONSIDERED_RELEVANT 4d0dc4c8-1fa6-11e2-afca-58c2f5789c5d
ACTION SNIPPET 1200 38 SNIPPET_NOT_RELEVANT 3aa202a0-f312-11e2-bdae-0d1f78989e8a
ACTION SNIPPET 1200 38 SNIPPET_NOT_RELEVANT d3cb871a822e2cf71e7f584850299079
ACTION SNIPPET 1200 38 SNIPPET_NOT_RELEVANT 4679869bc07ec0bafd0bcf991e4e1a7a
ACTION SNIPPET 1200 38 SNIPPET_NOT_RELEVANT 8712822fbc6f8e9237454553282dcedc
ACTION SNIPPET 1200 38 SNIPPET_NOT_RELEVANT a5688a26d030a03eca26ca3f865b1988
ACTION SNIPPET 1200 38 SNIPPET_NOT_RELEVANT d13904a0-5de9-11e4-91f7-5d89b5e8c251
ACTION SNIPPET 1200 38 SNIPPET_NOT_RELEVANT fe1e8ffac1b3b0fa77c78a496ff3ee88
ACTION SNIPPET 1200 38 SNIPPET_NOT_RELEVANT cd0c8cd2229b755268a582375f33035a
ACTION SNIPPET 1200 38 SNIPPET_NOT_RELEVANT 65c7917056ad26d16dc56fa9ee345760
ACTION SNIPPET 1200 38 SNIPPET_NOT_RELEVANT 2867e65870edeb8bed0eec90f8277de5
ACTION SNIPPET 1200 38 SNIPPET_RELEVANT 07cdf2bc-41e8-11e1-9091-3ad6d04900db
ACTION DOC 1200 58 EXAMINING_DOCUMENT 07cdf2bc-41e8-11e1-9091-3ad6d04900db
ACTION MARK 1200 61 CONSIDERED_RELEVANT 07cdf2bc-41e8-11e1-9091-3ad6d04900db
ACTION SNIPPET 1200 61 SNIPPET_NOT_RELEVANT 125b1984-5861-11e4-9d6c-756a229d8b18
ACTION SNIPPET 1200 61 SNIPPET_NOT_RELEVANT f30bfadcc526ddce6f354d896b0af415
ACTION SNIPPET 1200 61 SNIPPET_NOT_RELEVANT 23fd83e3dda240bd8d09bf3b5caf4d25
ACTION SNIPPET 1200 61 SNIPPET_NOT_RELEVANT edd8e78940c2d84d642f7287ab698da2
ACTION SNIPPET 1200 61 SNIPPET_NOT_RELEVANT 11cf231a1f2b02db0bfc1d48cd2c9674
ACTION SNIPPET 1200 61 SNIPPET_NOT_RELEVANT 5291869f8e067dbbec2e31cd33ae0cce
ACTION SNIPPET 1200 61 SNIPPET_NOT_RELEVANT ae4eb1cf33a580a2334dd6fe6c1be214
ACTION SNIPPET 1200 61 SNIPPET_NOT_RELEVANT ce8606fd2ed417ff71b6ba60851aae59
ACTION SNIPPET 1200 61 SNIPPET_NOT_RELEVANT 1393a79533e2faa0e6eccee028f04a20
ACTION SNIPPET 1200 61 SNIPPET_NOT_RELEVANT 926ec2b3b58cd15157e4b33e05bbd446
ACTION SNIPPET 1200 61 SNIPPET_NOT_RELEVANT 1d90556c-8410-11e6-92c2-14b64f3d453f
ACTION SNIPPET 1200 61 SNIPPET_NOT_RELEVANT cea40e9cbbfbac28a9837f810eadf80b
ACTION SNIPPET 1200 61 SNIPPET_NOT_RELEVANT da0f835b5538ceea2a6e03a5549ef26a
ACTION SNIPPET 1200 61 SNIPPET_NOT_RELEVANT d0fcf38ed06109a6830bf64b9009fc50
ACTION SNIPPET 1200 61 SNIPPET_NOT_RELEVANT 061ecb90-4d65-11e4-8c24-487e92bc997b
ACTION SNIPPET 1200 61 SNIPPET_NOT_RELEVANT 9f243554157c4627afbd7fbefb70074b
ACTION SNIPPET 1200 61 SNIPPET_NOT_RELEVANT ed4d332db6537587cc4be27a0dc36d22
ACTION SNIPPET 1200 61 SNIPPET_NOT_RELEVANT be451a3c88d6395db8d05f3654a7c9b6
ACTION SNIPPET 1200 61 SNIPPET_NOT_RELEVANT 0754573e-d370-11e2-b05f-3ea3f0e7bb5a
ACTION SNIPPET 1200 61 SNIPPET_NOT_RELEVANT 3f45c6ac-f210-11e5-89c3-a647fcce95e0
ACTION SNIPPET 1200 61 SNIPPET_RELEVANT 13d14b8e81cddcf34801cc3bddd1bb7e
ACTION DOC 1200 81 EXAMINING_DOCUMENT 13d14b8e81cddcf34801cc3bddd1bb7e
ACTION MARK 1200 84 CONSIDERED_RELEVANT 13d14b8e81cddcf34801cc3bddd1bb7e
ACTION SNIPPET 1200 84 SNIPPET_NOT_RELEVANT 3a3f2dad024a08bdbc1b29ddd4632353
ACTION SNIPPET 1200 84 SNIPPET_NOT_RELEVANT 327b34dd16c293895d192b2fc8c5c002
ACTION SNIPPET 1200 84 SNIPPET_RELEVANT 8f45a0dacf84cff8bca2487357eba754
ACTION DOC 1200 104 EXAMINING_DOCUMENT 8f45a0dacf84cff8bca2487357eba754
ACTION MARK 1200 107 CONSIDERED_RELEVANT 8f45a0dacf84cff8bca2487357eba754
ACTION SNIPPET 1200 107 SNIPPET_NOT_RELEVANT 57e0f956-80ef-11e2-a350-49866afab584
ACTION SNIPPET 1200 107 SNIPPET_NOT_RELEVANT 1fa774426d1421f717c29b883cc9c313
ACTION SNIPPET 1200 107 SNIPPET_RELEVANT 93c85e8a76b640ece29ca3f9b412840f
ACTION DOC 1200 127 EXAMINING_DOCUMENT 93c85e8a76b640ece29ca3f9b412840f
ACTION MARK 1200 130 CONSIDERED_RELEVANT 93c85e8a76b640ece29ca3f9b412840f
ACTION QUERY 1200 140 species conservation
ACTION SERP 1200 145 EXAMINE_SERP
ACTION SNIPPET 1200 145 SNIPPET_NOT_RELEVANT 9e13cbdc31c531f3aee6c3182faf0d70
ACTION SNIPPET 1200 145 SNIPPET_NOT_RELEVANT 57c46a4e9309e1df8bf818fc961341b2
ACTION SNIPPET 1200 145 SNIPPET_NOT_RELEVANT 44f5fa4e5559a0907a4232efdd734da9
ACTION SNIPPET 1200 145 SNIPPET_NOT_RELEVANT 6d24a41e-3ff5-11e3-a751-f032898f2dbc
ACTION SNIPPET 1200 145 SNIPPET_NOT_RELEVANT 504264f365c7e9e886770da7e4d5099b
ACTION SNIPPET 1200 145 SNIPPET_NOT_RELEVANT a0749f68877e79b410194bc1f2a5b973
ACTION SNIPPET 1200 145 SNIPPET_NOT_RELEVANT 6ded299bb7dd52947970394ae7e165ef
ACTION SNIPPET 1200 145 SNIPPET_NOT_RELEVANT 95e2fc5cde70d26789ae74086810fad8
ACTION SNIPPET 1200 145 SNIPPET_NOT_RELEVANT 23946f12596b3c76e6ad6b9786bd6cb3
ACTION SNIPPET 1200 145 SNIPPET_NOT_RELEVANT a9c11f6d751e70d6536f76f2f46a117b
ACTION SNIPPET 1200 145 SNIPPET_NOT_RELEVANT 65c7917056ad26d16dc56fa9ee345760
ACTION SNIPPET 1200 145 SNIPPET_NOT_RELEVANT f30bfadcc526ddce6f354d896b0af415
ACTION SNIPPET 1200 145 SNIPPET_NOT_RELEVANT 7fcbbf4cb12251274806fe83d13b38fe
ACTION SNIPPET 1200 145 SNIPPET_NOT_RELEVANT 9a5d70209e54f39e3e8d782d2e2f5647
ACTION SNIPPET 1200 145 SNIPPET_NOT_RELEVANT 1b01d436-d62c-11e3-95d3-3bcd77cd4e11
ACTION SNIPPET 1200 145 SNIPPET_NOT_RELEVANT d61cb39f5e7a24bca73a025b8449e009
ACTION SNIPPET 1200 145 SNIPPET_NOT_RELEVANT 22f5b144-b426-11e3-8020-b2d790b3c9e1
ACTION SNIPPET 1200 145 SNIPPET_NOT_RELEVANT 1711d9673c70270aa36c0cefb58694b1
ACTION SNIPPET 1200 145 SNIPPET_NOT_RELEVANT fd35637c-d700-11e6-b8b2-cb5164beba6b
ACTION SNIPPET 1200 145 SNIPPET_NOT_RELEVANT 4555e8a6-e5a2-11e2-aef3-339619eab080
ACTION SNIPPET 1200 145 SNIPPET_NOT_RELEVANT 54c8c044-95f6-11e1-9f11-89a9ce471431
ACTION SNIPPET 1200 145 SNIPPET_NOT_RELEVANT 5f2edada-3e0a-11e1-934a-2f8ab90f81c8
ACTION SNIPPET 1200 145 SNIPPET_NOT_RELEVANT f5a9ca46-b22a-11e4-bf39-5560f3918d4b
ACTION SNIPPET 1200 145 SNIPPET_NOT_RELEVANT 1413ba921829f354bf022e54c2aa1d5f
ACTION SNIPPET 1200 145 SNIPPET_NOT_RELEVANT ba48862806358872df439b07c5628f7d
ACTION SNIPPET 1200 145 SNIPPET_NOT_RELEVANT ab855185a85bce4f8f48d02e54986fe8
ACTION SNIPPET 1200 145 SNIPPET_NOT_RELEVANT 97987310f0e00e5a1d5fb3fa35b58cec
ACTION SNIPPET 1200 145 SNIPPET_NOT_RELEVANT 45434080-2f7a-11e3-8906-3daa2bcde110
ACTION SNIPPET 1200 145 SNIPPET_NOT_RELEVANT 63798bd2-39dc-11e4-9c9f-ebb47272e40e
ACTION SNIPPET 1200 145 SNIPPET_NOT_RELEVANT ce8606fd2ed417ff71b6ba60851aae59
ACTION SNIPPET 1200 145 SNIPPET_NOT_RELEVANT c407703a-86cc-11e4-9534-f79a23c40e6c
ACTION SNIPPET 1200 145 SNIPPET_NOT_RELEVANT 56cd125d01ac2cfbb125ea49aa6bfe6c
ACTION SNIPPET 1200 145 SNIPPET_NOT_RELEVANT 58f2a366-c4ba-11e3-b574-f8748871856a
ACTION SNIPPET 1200 145 SNIPPET_NOT_RELEVANT 26bf0db6cdddf4dea7b17150c56cb6fe
ACTION SNIPPET 1200 145 SNIPPET_NOT_RELEVANT 3ef554bc-9d18-11e5-a3c5-c77f2cc5a43c
ACTION SNIPPET 1200 145 SNIPPET_NOT_RELEVANT 2c9d4add64756f9835de157520ad9278
ACTION SNIPPET 1200 145 SNIPPET_NOT_RELEVANT 4a4887b6c0f7359491dfe2d5a051420f
ACTION SNIPPET 1200 145 SNIPPET_NOT_RELEVANT f60f14e90866a3307e23fced2115ac02
ACTION SNIPPET 1200 145 SNIPPET_NOT_RELEVANT c86971f0-bb0a-11e5-829c-26ffb874a18d
ACTION SNIPPET 1200 145 SNIPPET_RELEVANT ff0ae020-4a6e-11e5-8ab4-c73967a143d3
ACTION DOC 1200 165 EXAMINING_DOCUMENT ff0ae020-4a6e-11e5-8ab4-c73967a143d3
ACTION MARK 1200 168 CONSIDERED_RELEVANT ff0ae020-4a6e-11e5-8ab4-c73967a143d3
ACTION SNIPPET 1200 168 SNIPPET_NOT_RELEVANT 677a77d5a00e7b5cb282ec5668ef35c7
ACTION SNIPPET 1200 168 SEEN_PREVIOUSLY 4d0dc4c8-1fa6-11e2-afca-58c2f5789c5d
ACTION SNIPPET 1200 168 SNIPPET_NOT_RELEVANT e76903d6-0e6f-11e7-9b0d-d27c98455440
ACTION SNIPPET 1200 168 SNIPPET_NOT_RELEVANT b79a579e-b201-11e4-827f-93f454140e2b
ACTION SNIPPET 1200 168 SNIPPET_NOT_RELEVANT 098bd5c4-ed7c-11e2-bb32-725c8351a69e
ACTION SNIPPET 1200 168 SNIPPET_NOT_RELEVANT 9a22950900203965d98e6368e27efb0c
ACTION SNIPPET 1200 168 SNIPPET_NOT_RELEVANT 06946ece124cc835ba7c2d8ab1eb6b9e
ACTION SNIPPET 1200 168 SNIPPET_NOT_RELEVANT be451a3c88d6395db8d05f3654a7c9b6
ACTION SNIPPET 1200 168 SNIPPET_NOT_RELEVANT 2654bb0ecddc60b5b66645c11294b751
ACTION SNIPPET 1200 168 SNIPPET_NOT_RELEVANT fdb7e2a4-551b-11e7-840b-512026319da7
ACTION SNIPPET 1200 168 SNIPPET_NOT_RELEVANT 5c974e2e-2695-11e1-ba51-99a2b27f6305
ACTION SNIPPET 1200 168 SNIPPET_NOT_RELEVANT 1f523a7f6c0b7c8c32c9106c9b451e4a
ACTION SNIPPET 1200 168 SNIPPET_NOT_RELEVANT 171731bb6c790fd54274c6317edf94fd
ACTION SNIPPET 1200 168 SNIPPET_NOT_RELEVANT b3f070875482174668c5a45c4d71bfa5
ACTION SNIPPET 1200 168 SNIPPET_NOT_RELEVANT 4e9b1668-8144-11e4-9f38-95a187e4c1f7
ACTION SNIPPET 1200 168 SNIPPET_NOT_RELEVANT 318819e8d7569223f051e5a26c471e31
ACTION SNIPPET 1200 168 SNIPPET_NOT_RELEVANT d3cb871a822e2cf71e7f584850299079
ACTION SNIPPET 1200 168 SNIPPET_NOT_RELEVANT 48af3b51443d6a3f776b7bac8df62949
ACTION SNIPPET 1200 168 SNIPPET_NOT_RELEVANT 3dd0ce90029fd586a6b893fc4a7bfb5d
ACTION SNIPPET 1200 168 SNIPPET_NOT_RELEVANT 9e0a26aa-bb67-11e4-9dfb-03366e719af8
ACTION SNIPPET 1200 168 SNIPPET_NOT_RELEVANT 0f9056f8-69c7-11e3-ae56-22de072140a2
ACTION SNIPPET 1200 168 SNIPPET_NOT_RELEVANT 6f28d7a0-93ca-11e5-b5e4-279b4501e8a6
ACTION SNIPPET 1200 168 SNIPPET_NOT_RELEVANT ad1cc5ba-8bf1-11e6-8cdc-4fbb1973b506
ACTION SNIPPET 1200 168 SNIPPET_NOT_RELEVANT 5cc57e532aa2701440f0e87f7e8a9469
ACTION SNIPPET 1200 168 SNIPPET_NOT_RELEVANT 1a508790ddc87ae5ebef3c072721057a
ACTION SNIPPET 1200 168 SNIPPET_NOT_RELEVANT eee98d2c-08ea-11e7-bd19-fd3afa0f7e2a
ACTION SNIPPET 1200 168 SNIPPET_NOT_RELEVANT cd936d60-b887-11e4-a200-c008a01a6692
ACTION SNIPPET 1200 168 SNIPPET_NOT_RELEVANT d13904a0-5de9-11e4-91f7-5d89b5e8c251
ACTION SNIPPET 1200 168 SNIPPET_NOT_RELEVANT de1d64abf3359915d49f7447beba8777
ACTION SNIPPET 1200 168 SNIPPET_NOT_RELEVANT bd27a316-e002-11e1-a421-8bf0f0e5aa11
ACTION SNIPPET 1200 168 SNIPPET_NOT_RELEVANT edd8e78940c2d84d642f7287ab698da2
ACTION SNIPPET 1200 168 SNIPPET_NOT_RELEVANT a36f6eec24ebc5b740f613533f7f6ed9
ACTION SNIPPET 1200 168 SNIPPET_NOT_RELEVANT 07b0a21e-0b8c-11e4-8341-b8072b1e7348
ACTION SNIPPET 1200 168 SNIPPET_NOT_RELEVANT a3949e76-722a-11e2-ac36-3d8d9dcaa2e2
ACTION SNIPPET 1200 168 SNIPPET_NOT_RELEVANT 061ecb90-4d65-11e4-8c24-487e92bc997b
ACTION SNIPPET 1200 168 SNIPPET_NOT_RELEVANT 27d4e688ce9019af2a43897976bc7f84
ACTION SNIPPET 1200 168 SNIPPET_NOT_RELEVANT 02475047d615c46a006924f0e2317cca
ACTION SNIPPET 1200 168 SNIPPET_NOT_RELEVANT 8090a6e4d335b421a8037e8c6d481e27
ACTION SNIPPET 1200 168 SNIPPET_NOT_RELEVANT 3f45c6ac-f210-11e5-89c3-a647fcce95e0
ACTION SNIPPET 1200 168 SNIPPET_NOT_RELEVANT 8f92c6fc5fe5e680ba059a68b7149038
ACTION SNIPPET 1200 168 SNIPPET_NOT_RELEVANT 7f686654-94d9-11e3-9e13-770265cf4962
ACTION SNIPPET 1200 168 SNIPPET_NOT_RELEVANT a886833d0c827a65cc2270adcd5e0efc
ACTION SNIPPET 1200 168 SNIPPET_NOT_RELEVANT a263d096-e25e-11e1-ae7f-d2a13e249eb2
ACTION SNIPPET 1200 168 SNIPPET_NOT_RELEVANT 43f217f1ca05d8ce17a427237b243a0d
ACTION SNIPPET 1200 168 SNIPPET_NOT_RELEVANT a9d24f67a5a04b13a69ce41b520d4596
ACTION SNIPPET 1200 168 SNIPPET_NOT_RELEVANT d9b9185ffc5190c5fc2ece7f6292d47e
ACTION SNIPPET 1200 168 SNIPPET_NOT_RELEVANT e45ecb3c0ba7e8044c0dca6d63bcee9b
ACTION SNIPPET 1200 168 SNIPPET_NOT_RELEVANT fa050a54f3419b11494f4314a2c3d0f8
ACTION SNIPPET 1200 168 SNIPPET_NOT_RELEVANT 1d90556c-8410-11e6-92c2-14b64f3d453f
ACTION SNIPPET 1200 168 SEEN_PREVIOUSLY 93c85e8a76b640ece29ca3f9b412840f
ACTION SNIPPET 1200 168 SNIPPET_NOT_RELEVANT e666dc08-906b-11e4-a900-9960214d4cd7
ACTION SNIPPET 1200 168 SNIPPET_NOT_RELEVANT 2c1ed7a6affd818c4628098996a5e72c
ACTION SNIPPET 1200 168 SNIPPET_NOT_RELEVANT 849e79bdaf4b9300db57ed0997b3fd49
ACTION SNIPPET 1200 168 SNIPPET_NOT_RELEVANT 004f4a9f9c07ac57f3725a4af6388f54
ACTION SNIPPET 1200 168 SNIPPET_NOT_RELEVANT bb0d0e94-4766-11e5-846d-02792f854297
ACTION SNIPPET 1200 168 SNIPPET_NOT_RELEVANT 123936eb32609480aed4f0cfa14c57de
ACTION SNIPPET 1200 168 SNIPPET_NOT_RELEVANT e27f44f2-a75f-11e5-bff5-905b92f5f94b
ACTION SNIPPET 1200 168 SNIPPET_NOT_RELEVANT 6c99a87a-3f9b-11e6-80bc-d06711fd2125
ACTION SNIPPET 1200 168 SNIPPET_NOT_RELEVANT 567b9a95c833d8f77eee8fe672ef41d0
ACTION SNIPPET 1200 168 SNIPPET_NOT_RELEVANT 13076117a24513d8a33e11043b474f37
INFO SERP_END_REACHED 
ACTION QUERY 1200 178 endangered animals
ACTION SERP 1200 183 EXAMINE_SERP
ACTION SNIPPET 1200 183 SNIPPET_NOT_RELEVANT 1b01d436-d62c-11e3-95d3-3bcd77cd4e11
ACTION SNIPPET 1200 183 SNIPPET_NOT_RELEVANT 1a508790ddc87ae5ebef3c072721057a
ACTION SNIPPET 1200 183 SNIPPET_RELEVANT 8a56eb4c3b97dc7db1d1e77798b086ca
ACTION DOC 1200 203 EXAMINING_DOCUMENT 8a56eb4c3b97dc7db1d1e77798b086ca
ACTION MARK 1200 206 CONSIDERED_RELEVANT 8a56eb4c3b97dc7db1d1e77798b086ca
ACTION SNIPPET 1200 206 SNIPPET_NOT_RELEVANT d1e656a0-ee28-11e2-bed3-b9b6fe264871
ACTION SNIPPET 1200 206 SNIPPET_NOT_RELEVANT 2867e65870edeb8bed0eec90f8277de5
ACTION SNIPPET 1200 206 SNIPPET_NOT_RELEVANT ae4eb1cf33a580a2334dd6fe6c1be214
ACTION SNIPPET 1200 206 SNIPPET_NOT_RELEVANT e70774d1059692bbff5e25f722de9c31
ACTION SNIPPET 1200 206 SNIPPET_NOT_RELEVANT 9a22950900203965d98e6368e27efb0c
ACTION SNIPPET 1200 206 SNIPPET_NOT_RELEVANT fcad0386-3972-11e7-9e48-c4f199710b69
ACTION SNIPPET 1200 206 SNIPPET_NOT_RELEVANT d357206049a576b2022ce7ea817b441a
ACTION SNIPPET 1200 206 SNIPPET_NOT_RELEVANT d13904a0-5de9-11e4-91f7-5d89b5e8c251
ACTION SNIPPET 1200 206 SNIPPET_NOT_RELEVANT 677a77d5a00e7b5cb282ec5668ef35c7
ACTION SNIPPET 1200 206 SNIPPET_NOT_RELEVANT c33be654-62b5-11e3-a373-0f9f2d1c2b61
ACTION SNIPPET 1200 206 SNIPPET_NOT_RELEVANT a3949e76-722a-11e2-ac36-3d8d9dcaa2e2
ACTION SNIPPET 1200 206 SNIPPET_NOT_RELEVANT 85f22f4874c6bb1ed0e30ca2370ded91
ACTION SNIPPET 1200 206 SNIPPET_NOT_RELEVANT 9664455da84645c16d945e78300273bb
ACTION SNIPPET 1200 206 SNIPPET_NOT_RELEVANT b79a579e-b201-11e4-827f-93f454140e2b
ACTION SNIPPET 1200 206 SNIPPET_NOT_RELEVANT 1f3382f4-d216-11e2-a73e-826d299ff459
ACTION SNIPPET 1200 206 SNIPPET_NOT_RELEVANT d610b45e-40a0-11e2-8a5c-473797be602c
ACTION SNIPPET 1200 206 SNIPPET_NOT_RELEVANT 2c2b9de2df72bdd10fde1dfc7a428968
ACTION SNIPPET 1200 206 SNIPPET_NOT_RELEVANT b863ce18c784e37e4c3d7a3b6c1c1d16
ACTION SNIPPET 1200 206 SNIPPET_NOT_RELEVANT 0f3889dd07de25a346407150ff45682d
ACTION SNIPPET 1200 206 SNIPPET_NOT_RELEVANT 06e1f704-76df-11e7-a8a1-443822fe43a7
ACTION SNIPPET 1200 206 SNIPPET_NOT_RELEVANT 1d5230d28c0ea76bf92099f27af95b14
ACTION SNIPPET 1200 206 SNIPPET_NOT_RELEVANT 0fa6f0ae-381b-11e2-a263-f0ebffed2f15
ACTION SNIPPET 1200 206 SNIPPET_NOT_RELEVANT 3a3f2dad024a08bdbc1b29ddd4632353
ACTION SNIPPET 1200 206 SNIPPET_NOT_RELEVANT 327b34dd16c293895d192b2fc8c5c002
ACTION SNIPPET 1200 206 SNIPPET_NOT_RELEVANT 1cec086e105696d0ef8ff37c4dcf12bf
ACTION SNIPPET 1200 206 SNIPPET_NOT_RELEVANT e255fb72-ba44-11e5-b682-4bb4dd403c7d
ACTION SNIPPET 1200 206 SNIPPET_NOT_RELEVANT 28a9415625b17a6862cc289ffc59a433
ACTION SNIPPET 1200 206 SNIPPET_NOT_RELEVANT 0f157209fb06ea87f9e15eee19fd57e7
ACTION SNIPPET 1200 206 SNIPPET_NOT_RELEVANT 2aaf5fb8-a6ac-11e6-8fc0-7be8f848c492
ACTION SNIPPET 1200 206 SNIPPET_NOT_RELEVANT 3dd0ce90029fd586a6b893fc4a7bfb5d
ACTION SNIPPET 1200 206 SNIPPET_RELEVANT 62da24630e12181613ca7a57525beaa6
ACTION DOC 1200 226 EXAMINING_DOCUMENT 62da24630e12181613ca7a57525beaa6
ACTION MARK 1200 229 CONSIDERED_RELEVANT 62da24630e12181613ca7a57525beaa6
ACTION SNIPPET 1200 229 SNIPPET_NOT_RELEVANT c9de8813b50d941ac876bc19fda3fa20
ACTION SNIPPET 1200 229 SNIPPET_NOT_RELEVANT 9fac332c-924d-11e6-9c85-ac42097b8cc0
ACTION SNIPPET 1200 229 SNIPPET_RELEVANT e991dde0-c5d7-11e5-b933-31c93021392a
ACTION DOC 1200 249 EXAMINING_DOCUMENT e991dde0-c5d7-11e5-b933-31c93021392a
ACTION MARK 1200 252 CONSIDERED_RELEVANT e991dde0-c5d7-11e5-b933-31c93021392a
ACTION SNIPPET 1200 252 SNIPPET_NOT_RELEVANT 4fd16b4080411a76ef8fe7908981b0b5
ACTION SNIPPET 1200 252 SNIPPET_NOT_RELEVANT 061ecb90-4d65-11e4-8c24-487e92bc997b
ACTION SNIPPET 1200 252 SNIPPET_NOT_RELEVANT 773fbfa761bdcab034051798cf401170
ACTION SNIPPET 1200 252 SNIPPET_NOT_RELEVANT 171731bb6c790fd54274c6317edf94fd
ACTION SNIPPET 1200 252 SNIPPET_NOT_RELEVANT aedee1bc-043b-11e3-88d6-d5795fab4637
ACTION SNIPPET 1200 252 SNIPPET_NOT_RELEVANT f443b983e8c259914fafa328aa70f0eb
ACTION SNIPPET 1200 252 SNIPPET_NOT_RELEVANT 708a7c16-60ce-11e2-a389-ee565c81c565
ACTION SNIPPET 1200 252 SNIPPET_NOT_RELEVANT 0d440118-6583-11e2-b84d-21c7b65985ee
ACTION SNIPPET 1200 252 SNIPPET_NOT_RELEVANT 181f2efc-f3cf-11e2-9434-60440856fadf
ACTION SNIPPET 1200 252 SNIPPET_NOT_RELEVANT d3cb871a822e2cf71e7f584850299079
ACTION SNIPPET 1200 252 SNIPPET_NOT_RELEVANT a44015e8-27ea-11e6-b989-4e5479715b54
ACTION SNIPPET 1200 252 SNIPPET_NOT_RELEVANT cce383b4828611cfad30371c8699f8a9
ACTION SNIPPET 1200 252 SNIPPET_NOT_RELEVANT 1156547a-fae0-11e2-9bde-7ddaa186b751
ACTION SNIPPET 1200 252 SNIPPET_NOT_RELEVANT e27f44f2-a75f-11e5-bff5-905b92f5f94b
ACTION SNIPPET 1200 252 SNIPPET_NOT_RELEVANT 9a5d70209e54f39e3e8d782d2e2f5647
ACTION SNIPPET 1200 252 SNIPPET_NOT_RELEVANT bb3f5c44-f92c-11e2-b018-5b8251f0c56e
ACTION SNIPPET 1200 252 SNIPPET_NOT_RELEVANT 25903642e1d4d63ce84dbe388765cb37
ACTION SNIPPET 1200 252 SNIPPET_NOT_RELEVANT 7c048132-76f8-11e2-aa12-e6cf1d31106b
ACTION SNIPPET 1200 252 SNIPPET_NOT_RELEVANT 1f5f4fcfc3b27ea0de0710855aa1a345
ACTION SNIPPET 1200 252 SNIPPET_NOT_RELEVANT b17c58fa614646771c9ef8a40ed869e9
ACTION SNIPPET 1200 252 SNIPPET_NOT_RELEVANT c749b3b2-5e8b-11e3-bc56-c6ca94801fac
ACTION SNIPPET 1200 252 SNIPPET_NOT_RELEVANT de9c86d4-1407-11e4-9285-4243a40ddc97
ACTION SNIPPET 1200 252 SNIPPET_NOT_RELEVANT 063e0d2c-0ff8-11e7-ab07-07d9f521f6b5
ACTION SNIPPET 1200 252 SNIPPET_NOT_RELEVANT 318819e8d7569223f051e5a26c471e31
ACTION SNIPPET 1200 252 SNIPPET_NOT_RELEVANT f6631524-ca26-11e3-95f7-7ecdde72d2ea
ACTION SNIPPET 1200 252 SNIPPET_NOT_RELEVANT 37b1db3f343fbd1dbcfa291f9646ba42
ACTION SNIPPET 1200 252 SNIPPET_RELEVANT 1bd28be6-14a2-11e7-9e4f-09aa75d3ec57
ACTION DOC 1200 272 EXAMINING_DOCUMENT 1bd28be6-14a2-11e7-9e4f-09aa75d3ec57
ACTION MARK 1200 275 CONSIDERED_RELEVANT 1bd28be6-14a2-11e7-9e4f-09aa75d3ec57
ACTION SNIPPET 1200 275 SNIPPET_NOT_RELEVANT 89e61920-0f22-11e2-bd1a-b868e65d57eb
ACTION SNIPPET 1200 275 SNIPPET_NOT_RELEVANT 82d210fa-f685-11e5-a3ce-f06b5ba21f33
ACTION SNIPPET 1200 275 SNIPPET_RELEVANT b1230fb691be9812f0ae368499c3d5f0
ACTION DOC 1200 295 EXAMINING_DOCUMENT b1230fb691be9812f0ae368499c3d5f0
ACTION MARK 1200 298 CONSIDERED_RELEVANT b1230fb691be9812f0ae368499c3d5f0
ACTION QUERY 1200 308 country wildlife efforts
ACTION SERP 1200 313 EXAMINE_SERP
ACTION SNIPPET 1200 313 SNIPPET_RELEVANT e743ef70-d363-11e6-9cb0-54ab630851e8
ACTION DOC 1200 333 EXAMINING_DOCUMENT e743ef70-d363-11e6-9cb0-54ab630851e8
ACTION MARK 1200 336 CONSIDERED_RELEVANT e743ef70-d363-11e6-9cb0-54ab630851e8
ACTION SNIPPET 1200 336 SNIPPET_NOT_RELEVANT 42e64299ebd69fc02d8f358428a0c6d2
ACTION SNIPPET 1200 336 SNIPPET_RELEVANT 2c35d25e-e26f-11e2-aef3-339619eab080
ACTION DOC 1200 356 EXAMINING_DOCUMENT 2c35d25e-e26f-11e2-aef3-339619eab080
ACTION MARK 1200 359 CONSIDERED_RELEVANT 2c35d25e-e26f-11e2-aef3-339619eab080
ACTION SNIPPET 1200 359 SNIPPET_NOT_RELEVANT e6660d9f6bfab7befaf1ab2fa4d50251
ACTION SNIPPET 1200 359 SNIPPET_NOT_RELEVANT 098bd5c4-ed7c-11e2-bb32-725c8351a69e
ACTION SNIPPET 1200 359 SNIPPET_NOT_RELEVANT 9899080e826b581639ce05632242798c
ACTION SNIPPET 1200 359 SNIPPET_NOT_RELEVANT 386f58c6c0b2dc08c0f4373006a88d1c
ACTION SNIPPET 1200 359 SNIPPET_NOT_RELEVANT 11299c20-53ac-11e4-ba4b-f6333e2c0453
ACTION SNIPPET 1200 359 SNIPPET_NOT_RELEVANT d9c9d6d4-3ce0-11e2-ae43-cf491b837f7b
ACTION SNIPPET 1200 359 SNIPPET_NOT_RELEVANT 1bc79f16-3b4c-11e3-a94f-b58017bfee6c
ACTION SNIPPET 1200 359 SNIPPET_NOT_RELEVANT 8712822fbc6f8e9237454553282dcedc
ACTION SNIPPET 1200 359 SNIPPET_NOT_RELEVANT a5688a26d030a03eca26ca3f865b1988
ACTION SNIPPET 1200 359 SNIPPET_NOT_RELEVANT f21f3e74-7a79-11e1-8528-f799df778c43
ACTION SNIPPET 1200 359 SNIPPET_NOT_RELEVANT 325933686af66f92df92d0f8addf310a
ACTION SNIPPET 1200 359 SNIPPET_NOT_RELEVANT a5d95022366a061ba610c594095b3d6c
ACTION SNIPPET 1200 359 SNIPPET_NOT_RELEVANT 2867e65870edeb8bed0eec90f8277de5
ACTION SNIPPET 1200 359 SNIPPET_NOT_RELEVANT 4679869bc07ec0bafd0bcf991e4e1a7a
ACTION SNIPPET 1200 359 SNIPPET_NOT_RELEVANT 8df97ae6-fffd-11e5-9203-7b8670959b88
ACTION SNIPPET 1200 359 SNIPPET_NOT_RELEVANT 9fac332c-924d-11e6-9c85-ac42097b8cc0
ACTION SNIPPET 1200 359 SNIPPET_NOT_RELEVANT c3cea789141ef2ae856419e86e165e0c
ACTION SNIPPET 1200 359 SNIPPET_NOT_RELEVANT c749b3b2-5e8b-11e3-bc56-c6ca94801fac
ACTION SNIPPET 1200 359 SNIPPET_NOT_RELEVANT 64ffe592-b57c-11e5-9388-466021d971de
ACTION SNIPPET 1200 359 SNIPPET_RELEVANT 3b08fbf92e6d2f4dee432ea35d9c9fde
ACTION DOC 1200 379 EXAMINING_DOCUMENT 3b08fbf92e6d2f4dee432ea35d9c9fde
ACTION MARK 1200 382 CONSIDERED_RELEVANT 3b08fbf92e6d2f4dee432ea35d9c9fde
ACTION SNIPPET 1200 382 SNIPPET_NOT_RELEVANT ca8f221a-c789-11e4-bea5-b893e7ac3fb3
ACTION SNIPPET 1200 382 SNIPPET_NOT_RELEVANT ce8606fd2ed417ff71b6ba60851aae59
ACTION SNIPPET 1200 382 SNIPPET_NOT_RELEVANT 1f3382f4-d216-11e2-a73e-826d299ff459
ACTION SNIPPET 1200 382 SNIPPET_NOT_RELEVANT f51ab538-6875-11e6-ba32-5a4bf5aad4fa
ACTION SNIPPET 1200 382 SNIPPET_NOT_RELEVANT 7805b67eddaa0cf6ef8aa8918b732eba
ACTION SNIPPET 1200 382 SNIPPET_NOT_RELEVANT b315a6cc-3d4e-11e6-9e16-4cf01a41decb
ACTION SNIPPET 1200 382 SEEN_PREVIOUSLY 13d14b8e81cddcf34801cc3bddd1bb7e
ACTION SNIPPET 1200 382 SNIPPET_NOT_RELEVANT 8df6255d926afa24d4a0be128bab7928
ACTION SNIPPET 1200 382 SNIPPET_RELEVANT 7fc90c67964f14188921cb27fcbb2542
ACTION DOC 1200 402 EXAMINING_DOCUMENT 7fc90c67964f14188921cb27fcbb2542
ACTION MARK 1200 405 CONSIDERED_RELEVANT 7fc90c67964f14188921cb27fcbb2542
ACTION SNIPPET 1200 405 SNIPPET_RELEVANT 267e432c-76d6-11e3-b1c5-739e63e9c9a7
ACTION DOC 1200 425 EXAMINING_DOCUMENT 267e432c-76d6-11e3-b1c5-739e63e9c9a7
ACTION MARK 1200 428 CONSIDERED_RELEVANT 267e432c-76d6-11e3-b1c5-739e63e9c9a7
ACTION QUERY 1200 438 species preservation
ACTION SERP 1200 443 EXAMINE_SERP
ACTION SNIPPET 1200 443 SNIPPET_NOT_RELEVANT 3390b3ab013e4ee3f3e3f65e1ab273c0
ACTION SNIPPET 1200 443 SNIPPET_NOT_RELEVANT eb2638462b8aef9809f0b4a8ac2c3d1e
ACTION SNIPPET 1200 443 SNIPPET_NOT_RELEVANT 7f9252a5b115678f05b0977ccb81b02c
ACTION SNIPPET 1200 443 SNIPPET_NOT_RELEVANT 873bec0207377209e607cd34d90d6ccf
ACTION SNIPPET 1200 443 SNIPPET_NOT_RELEVANT 6d24a41e-3ff5-11e3-a751-f032898f2dbc
ACTION SNIPPET 1200 443 SNIPPET_NOT_RELEVANT 65c7917056ad26d16dc56fa9ee345760
ACTION SNIPPET 1200 443 SNIPPET_NOT_RELEVANT 64ca3908c2762c0291898b64682983f7
ACTION SNIPPET 1200 443 SNIPPET_NOT_RELEVANT 9e0a26aa-bb67-11e4-9dfb-03366e719af8
ACTION SNIPPET 1200 443 SEEN_PREVIOUSLY 07cdf2bc-41e8-11e1-9091-3ad6d04900db
ACTION SNIPPET 1200 443 SNIPPET_NOT_RELEVANT 62a9a0e6-a77d-11e6-ba59-a7d93165c6d4
ACTION SNIPPET 1200 443 SNIPPET_NOT_RELEVANT 318819e8d7569223f051e5a26c471e31
ACTION SNIPPET 1200 443 SNIPPET_NOT_RELEVANT 76adfdc51cbf221946e23ad281458a15
ACTION SNIPPET 1200 443 SNIPPET_NOT_RELEVANT bbfe716ce35e4e1f5015c925796e4cae
ACTION SNIPPET 1200 443 SNIPPET_NOT_RELEVANT 96051bae01064ffee08a13014c79adaf
ACTION SNIPPET 1200 443 SNIPPET_NOT_RELEVANT c5fa5365ef48ebb02b1bebdb610d1bf2
ACTION SNIPPET 1200 443 SNIPPET_NOT_RELEVANT 7f8a6b84-b307-11e5-8abc-d09392edc612
ACTION SNIPPET 1200 443 SNIPPET_NOT_RELEVANT ffa1854efb863fbb05828588b8304a64
ACTION SNIPPET 1200 443 SNIPPET_NOT_RELEVANT b635c49a-784a-11e1-883d-f22537a8ca20
ACTION SNIPPET 1200 443 SNIPPET_NOT_RELEVANT c665594e-4469-11e6-88d0-6adee48be8bc
ACTION SNIPPET 1200 443 SNIPPET_NOT_RELEVANT 38cbe0cf1c7db2e6f72691a58f5337c7
ACTION SNIPPET 1200 443 SNIPPET_NOT_RELEVANT a20f3dee-8cf1-11e3-9ed8-259977a48789
ACTION SNIPPET 1200 443 SNIPPET_NOT_RELEVANT 0c0dd0926ef30296351fbd94f4b3f2bb
ACTION SNIPPET 1200 443 SNIPPET_NOT_RELEVANT 2aa9ccfbadf365c7c34650ae11fb103f
ACTION SNIPPET 1200 443 SNIPPET_NOT_RELEVANT e470369a2276d8b8a72ac8c012222aab
ACTION SNIPPET 1200 443 SNIPPET_NOT_RELEVANT 2fe035765d3176dffbae9762f4e49f5b
ACTION SNIPPET 1200 443 SNIPPET_NOT_RELEVANT 60e1060dd343ddec080227dd06bb7cae
ACTION SNIPPET 1200 443 SNIPPET_NOT_RELEVANT 98843751b58c0d76457842683fd074a9
ACTION SNIPPET 1200 443 SNIPPET_NOT_RELEVANT 0940783c-05e4-11e4-8a6a-19355c7e870a
ACTION SNIPPET 1200 443 SNIPPET_NOT_RELEVANT 1f523a7f6c0b7c8c32c9106c9b451e4a
ACTION SNIPPET 1200 443 SNIPPET_NOT_RELEVANT 77f19520-9300-11e2-a31e-14700e2724e4
ACTION SNIPPET 1200 443 SNIPPET_NOT_RELEVANT 003b5a8eed4e0dd279ba63a6e1f29d66
ACTION SNIPPET 1200 443 SNIPPET_NOT_RELEVANT 4d864acdce318dfb0011be5d1fcced6a
ACTION SNIPPET 1200 443 SNIPPET_NOT_RELEVANT 931435f8-66c4-11e4-bb14-4cfea1e742d5
ACTION SNIPPET 1200 443 SNIPPET_NOT_RELEVANT c1a8bd41d560a17ae837f878afebcd99
ACTION SNIPPET 1200 443 SNIPPET_NOT_RELEVANT 3752c07c-2cfb-11e2-9ac2-1c61452669c3
ACTION SNIPPET 1200 443 SNIPPET_NOT_RELEVANT 5d0fb0da35231222ba8d6ae545ba1c2e
ACTION SNIPPET 1200 443 SNIPPET_NOT_RELEVANT 4ae6df36-84e2-11e1-826b-53728db4a08d
ACTION SNIPPET 1200 443 SNIPPET_NOT_RELEVANT 54a9776a4ad1751c52ddca58aa357159
ACTION SNIPPET 1200 443 SNIPPET_NOT_RELEVANT 26278fb63ab0038c098ea5c29b6750c9
ACTION SNIPPET 1200 443 SNIPPET_NOT_RELEVANT 3552f52ed680c5a19143b10bee910ec0
ACTION SNIPPET 1200 443 SNIPPET_NOT_RELEVANT 0fcd2595d3b65a165b97e0f65c1707e8
ACTION SNIPPET 1200 443 SNIPPET_NOT_RELEVANT 6c44f49a5e48c9f3aba0fe563f50c2d7
ACTION SNIPPET 1200 443 SNIPPET_NOT_RELEVANT 7da2edcdcc899f32bcf659ea0d394834
ACTION SNIPPET 1200 443 SNIPPET_NOT_RELEVANT 4ddb7720-8bd5-11e6-bff0-d53f592f176e
ACTION SNIPPET 1200 443 SNIPPET_NOT_RELEVANT d3cb871a822e2cf71e7f584850299079
ACTION SNIPPET 1200 443 SNIPPET_NOT_RELEVANT 1ad634d696d4b376118b65ca705931af
ACTION SNIPPET 1200 443 SNIPPET_NOT_RELEVANT bd81edd519ef6274e95fcf6618b179f7
ACTION SNIPPET 1200 443 SNIPPET_NOT_RELEVANT e79e76c2-a6dd-11e2-8302-3c7e0ea97057
ACTION SNIPPET 1200 443 SNIPPET_NOT_RELEVANT 83ddf07130f906047b17b68e521e39a0
ACTION SNIPPET 1200 443 SNIPPET_NOT_RELEVANT 42ad451accd4384a395d1a669e9ad245
ACTION SNIPPET 1200 443 SNIPPET_NOT_RELEVANT 1e827c349236a6215ce4ea49e3551333
ACTION SNIPPET 1200 443 SNIPPET_NOT_RELEVANT e15e54df625115a41ff6caccc12dbe67
ACTION SNIPPET 1200 443 SNIPPET_NOT_RELEVANT 74632c05725d175847f185480a7f201e
ACTION SNIPPET 1200 443 SNIPPET_NOT_RELEVANT 381e6d334f298e3851f3accff1407785
ACTION SNIPPET 1200 443 SNIPPET_NOT_RELEVANT 1db1af2c28bc13ed4f53713e470c563c
ACTION SNIPPET 1200 443 SNIPPET_NOT_RELEVANT 163e2d27d4ca41481fa567caefbf3e99
ACTION SNIPPET 1200 443 SNIPPET_NOT_RELEVANT d1193ce67096ce27335f9c5c2714e079
ACTION SNIPPET 1200 443 SNIPPET_NOT_RELEVANT 6b9bf970c26f5950a4dced965801c8b5
ACTION SNIPPET 1200 443 SNIPPET_NOT_RELEVANT 56fcbd171feda6e90e7e7058fd259353
ACTION SNIPPET 1200 443 SNIPPET_NOT_RELEVANT 2674a49887b2ace10937c9d3cca62f0b
ACTION SNIPPET 1200 443 SNIPPET_NOT_RELEVANT b79a579e-b201-11e4-827f-93f454140e2b
ACTION SNIPPET 1200 443 SNIPPET_NOT_RELEVANT fe1929f0-327c-11e6-ab9d-1da2b0f24f93
ACTION SNIPPET 1200 443 SNIPPET_NOT_RELEVANT 1bddd06c-9e41-11e3-b8d8-94577ff66b28
ACTION SNIPPET 1200 443 SNIPPET_NOT_RELEVANT 2c86a84e-f938-11e6-be05-1a3817ac21a5
ACTION SNIPPET 1200 443 SNIPPET_NOT_RELEVANT b539ce9d360793e36a0bce8cee91b48f
ACTION SNIPPET 1200 443 SNIPPET_NOT_RELEVANT fba2d912-736a-11e1-98b8-6a87961e5beb
ACTION SNIPPET 1200 443 SNIPPET_NOT_RELEVANT b472a34a-47b5-11e7-8de1-cec59a9bf4b1
ACTION SNIPPET 1200 443 SNIPPET_NOT_RELEVANT 7626c94a-1bd1-11e3-8685-5021e0c41964
ACTION SNIPPET 1200 443 SNIPPET_NOT_RELEVANT 82c53de2f49400cba29aa864fac41ce1
ACTION SNIPPET 1200 443 SNIPPET_NOT_RELEVANT 30ea92ae8e8c78d337ed92687cb6805a
ACTION SNIPPET 1200 443 SNIPPET_NOT_RELEVANT f30bfadcc526ddce6f354d896b0af415
ACTION SNIPPET 1200 443 SNIPPET_NOT_RELEVANT 85243a16-ed05-11e4-8abc-d6aa3bad79dd
ACTION SNIPPET 1200 443 SNIPPET_NOT_RELEVANT b004ca32b76e4ed9c82bde7d7503b143
ACTION SNIPPET 1200 443 SNIPPET_NOT_RELEVANT bb0d0e94-4766-11e5-846d-02792f854297
ACTION SNIPPET 1200 443 SNIPPET_NOT_RELEVANT 9e99097c820da802eab0782814d428d0
ACTION SNIPPET 1200 443 SNIPPET_NOT_RELEVANT 63798bd2-39dc-11e4-9c9f-ebb47272e40e
ACTION SNIPPET 1200 443 SNIPPET_NOT_RELEVANT 1af11834-56a3-11e3-8304-caf30787c0a9
ACTION SNIPPET 1200 443 SNIPPET_NOT_RELEVANT 0ae0a758cd7b712d8572f273b954243d
ACTION SNIPPET 1200 443 SNIPPET_NOT_RELEVANT e207e82b7225f8bca3bb108b0db6119b
ACTION SNIPPET 1200 443 SNIPPET_NOT_RELEVANT 8cca6c12007b41211f4ab870751106d5
ACTION SNIPPET 1200 443 SNIPPET_NOT_RELEVANT 69c8775e6445024a468f7595e7cbf0a3
ACTION SNIPPET 1200 443 SNIPPET_NOT_RELEVANT 2e4868622297c9ce29081715a596b071
ACTION SNIPPET 1200 443 SNIPPET_NOT_RELEVANT 063f8f160923baed72e7aeafa4886057
ACTION SNIPPET 1200 443 SNIPPET_NOT_RELEVANT 6ad1f4dc-344b-11e4-9e92-0899b306bbea
ACTION SNIPPET 1200 443 SNIPPET_NOT_RELEVANT 8959ef10-4045-11e1-ab0d-57daac9cd86d
ACTION SNIPPET 1200 443 SNIPPET_NOT_RELEVANT 604cd59fd438ca0c4dccef9b57ea2a9e
ACTION SNIPPET 1200 443 SNIPPET_NOT_RELEVANT 3dd0ce90029fd586a6b893fc4a7bfb5d
ACTION SNIPPET 1200 443 SNIPPET_NOT_RELEVANT ee530d4b88f1dc7e2dc52baeed50ac38
ACTION SNIPPET 1200 443 SNIPPET_NOT_RELEVANT cb3eeb981f8b528f62aba64b8113ae0f
ACTION SNIPPET 1200 443 SNIPPET_NOT_RELEVANT b51ff1fc9141c4ea4cfd2b8aaf2ad00b
ACTION SNIPPET 1200 443 SNIPPET_NOT_RELEVANT 320b9029b0ac619d3bba8287e67c129a
ACTION SNIPPET 1200 443 SNIPPET_NOT_RELEVANT c94ba3719f2394549292810b284c23a8
ACTION SNIPPET 1200 443 SNIPPET_NOT_RELEVANT d13904a0-5de9-11e4-91f7-5d89b5e8c251
ACTION SNIPPET 1200 443 SNIPPET_NOT_RELEVANT 1cec086e105696d0ef8ff37c4dcf12bf
ACTION SNIPPET 1200 443 SNIPPET_NOT_RELEVANT f66d924c1ee5f85c795badc033ffa449
ACTION SNIPPET 1200 443 SNIPPET_NOT_RELEVANT eb060052-a653-11e3-a5fa-55f0c77bf39c
ACTION SNIPPET 1200 443 SNIPPET_NOT_RELEVANT f9f622c4-4eab-11e6-a7d8-13d06b37f256
ACTION SNIPPET 1200 443 SNIPPET_NOT_RELEVANT f540ca1a74789f20f63e02c5db018239
ACTION SNIPPET 1200 443 SNIPPET_NOT_RELEVANT 26bf0db6cdddf4dea7b17150c56cb6fe
ACTION SNIPPET 1200 443 SNIPPET_NOT_RELEVANT 19b1be60-d1bc-11e5-abc9-ea152f0b9561
INFO SERP_END_REACHED 
ACTION QUERY 1200 453 wildlife protection
ACTION SERP 1200 458 EXAMINE_SERP
ACTION SNIPPET 1200 458 SNIPPET_NOT_RELEVANT 51f5286a-342c-11e2-92f0-496af208bf23
ACTION SNIPPET 1200 458 SNIPPET_NOT_RELEVANT 69dfc36c-f191-11e3-b140-bd7309109588
ACTION SNIPPET 1200 458 SNIPPET_NOT_RELEVANT d9c9d6d4-3ce0-11e2-ae43-cf491b837f7b
ACTION SNIPPET 1200 458 SEEN_PREVIOUSLY e991dde0-c5d7-11e5-b933-31c93021392a
ACTION SNIPPET 1200 458 SNIPPET_NOT_RELEVANT a3949e76-722a-11e2-ac36-3d8d9dcaa2e2
ACTION SNIPPET 1200 458 SNIPPET_NOT_RELEVANT a0733786-cf93-11e2-8845-d970ccb04497
ACTION SNIPPET 1200 458 SNIPPET_NOT_RELEVANT ecc930ac-e18f-11e5-8d98-4b3d9215ade1
ACTION SNIPPET 1200 458 SNIPPET_NOT_RELEVANT f5a9ca46-b22a-11e4-bf39-5560f3918d4b
ACTION SNIPPET 1200 458 SNIPPET_NOT_RELEVANT edd8e78940c2d84d642f7287ab698da2
ACTION SNIPPET 1200 458 SNIPPET_NOT_RELEVANT 1f3382f4-d216-11e2-a73e-826d299ff459
ACTION SNIPPET 1200 458 SNIPPET_NOT_RELEVANT 57e0f956-80ef-11e2-a350-49866afab584
ACTION SNIPPET 1200 458 SNIPPET_NOT_RELEVANT a7c053aaad60174ac52128c16dac0ffb
ACTION SNIPPET 1200 458 SNIPPET_NOT_RELEVANT c749b3b2-5e8b-11e3-bc56-c6ca94801fac
ACTION SNIPPET 1200 458 SNIPPET_NOT_RELEVANT 3bf4fbc134f94200f5e627afdab9a04b
ACTION SNIPPET 1200 458 SNIPPET_NOT_RELEVANT 9e8d7eca6ca91ac5466c93afa355e413
ACTION SNIPPET 1200 458 SNIPPET_NOT_RELEVANT 4c0860b8-27b9-11e2-ac64-5d52a2c5953e
ACTION SNIPPET 1200 458 SNIPPET_NOT_RELEVANT 5ad8159c-3aa9-11e5-b3ac-8a79bc44e5e2
ACTION SNIPPET 1200 458 SNIPPET_NOT_RELEVANT ce8606fd2ed417ff71b6ba60851aae59
ACTION SNIPPET 1200 458 SNIPPET_NOT_RELEVANT 1d90556c-8410-11e6-92c2-14b64f3d453f
ACTION SNIPPET 1200 458 SNIPPET_NOT_RELEVANT 125b1984-5861-11e4-9d6c-756a229d8b18
ACTION SNIPPET 1200 458 SNIPPET_NOT_RELEVANT 2867e65870edeb8bed0eec90f8277de5
ACTION SNIPPET 1200 458 SEEN_PREVIOUSLY 13d14b8e81cddcf34801cc3bddd1bb7e
ACTION SNIPPET 1200 458 SNIPPET_NOT_RELEVANT 0dd2f3e35c319d0ae217ed31f765c894
ACTION SNIPPET 1200 458 SNIPPET_NOT_RELEVANT b24a2522-5580-11e4-b86d-184ac281388d
ACTION SNIPPET 1200 458 SNIPPET_NOT_RELEVANT 2c9d4add64756f9835de157520ad9278
ACTION SNIPPET 1200 458 SNIPPET_NOT_RELEVANT 4a4887b6c0f7359491dfe2d5a051420f
ACTION SNIPPET 1200 458 SNIPPET_NOT_RELEVANT f60f14e90866a3307e23fced2115ac02
ACTION SNIPPET 1200 458 SNIPPET_NOT_RELEVANT e0b684ae-20d3-11e5-bf41-c23f5d3face1
ACTION SNIPPET 1200 458 SNIPPET_NOT_RELEVANT 846176f54fb48d37946c82edcbe23405
ACTION SNIPPET 1200 458 SNIPPET_NOT_RELEVANT 64739d93f673744f540717a41f8964b6
ACTION SNIPPET 1200 458 SNIPPET_NOT_RELEVANT 0bea2d4dbb7933a57c1be7f246367928
ACTION SNIPPET 1200 458 SNIPPET_NOT_RELEVANT 1393a79533e2faa0e6eccee028f04a20
ACTION SNIPPET 1200 458 SNIPPET_NOT_RELEVANT 8df6255d926afa24d4a0be128bab7928
ACTION SNIPPET 1200 458 SNIPPET_NOT_RELEVANT 098bd5c4-ed7c-11e2-bb32-725c8351a69e
ACTION SNIPPET 1200 458 SNIPPET_NOT_RELEVANT e666dc08-906b-11e4-a900-9960214d4cd7
ACTION SNIPPET 1200 458 SNIPPET_NOT_RELEVANT 095cc9a8-60a8-11e1-89ec-c50be597b712
ACTION SNIPPET 1200 458 SNIPPET_NOT_RELEVANT e6660d9f6bfab7befaf1ab2fa4d50251
ACTION SNIPPET 1200 458 SNIPPET_NOT_RELEVANT b8971306-fe73-11e1-b153-218509a954e1
ACTION SNIPPET 1200 458 SNIPPET_NOT_RELEVANT 536fb3833aad526ced0bfab059f3fa65
ACTION SNIPPET 1200 458 SNIPPET_RELEVANT 92d00fede98dee80eb15b7e6fc4dd15b
ACTION DOC 1200 478 EXAMINING_DOCUMENT 92d00fede98dee80eb15b7e6fc4dd15b
ACTION MARK 1200 481 CONSIDERED_RELEVANT 92d00fede98dee80eb15b7e6fc4dd15b
ACTION SNIPPET 1200 481 SNIPPET_NOT_RELEVANT c86971f0-bb0a-11e5-829c-26ffb874a18d
ACTION SNIPPET 1200 481 SNIPPET_NOT_RELEVANT 3723d71318c56256fb1bb28a8558fbff
ACTION SNIPPET 1200 481 SNIPPET_NOT_RELEVANT d13904a0-5de9-11e4-91f7-5d89b5e8c251
ACTION SNIPPET 1200 481 SNIPPET_NOT_RELEVANT 402fc44b19fdecf08b0ed75657cef101
ACTION SNIPPET 1200 481 SNIPPET_NOT_RELEVANT 49a467dade2fdf5c81142d74b59ea080
ACTION SNIPPET 1200 481 SNIPPET_NOT_RELEVANT 8159e7c8-2ce6-11e2-89d4-040c9330702a
ACTION SNIPPET 1200 481 SNIPPET_NOT_RELEVANT 2d7f07d41fcc4be48db2d87ad75498f9
ACTION SNIPPET 1200 481 SNIPPET_NOT_RELEVANT bdd887091c50106c9a8752e4bf536446
ACTION SNIPPET 1200 481 SNIPPET_NOT_RELEVANT 061ecb90-4d65-11e4-8c24-487e92bc997b
ACTION SNIPPET 1200 481 SNIPPET_NOT_RELEVANT 95e2fc5cde70d26789ae74086810fad8
ACTION SNIPPET 1200 481 SNIPPET_NOT_RELEVANT 3894cf10-8819-11e2-9d71-f0feafdd1394
ACTION SNIPPET 1200 481 SNIPPET_NOT_RELEVANT c89bb6c8-de83-11e5-8d98-4b3d9215ade1
ACTION SNIPPET 1200 481 SNIPPET_NOT_RELEVANT ad4371c3dfbf43d22142230cf0280ef5
ACTION SNIPPET 1200 481 SNIPPET_NOT_RELEVANT 57a22f78-05de-11e7-b9fa-ed727b644a0b
ACTION SNIPPET 1200 481 SEEN_PREVIOUSLY 1bd28be6-14a2-11e7-9e4f-09aa75d3ec57
ACTION SNIPPET 1200 481 SNIPPET_NOT_RELEVANT 39ddf300-2d15-11e3-b139-029811dbb57f
ACTION SNIPPET 1200 481 SNIPPET_NOT_RELEVANT 0c31c052-46ea-11e1-95ea-d3d7baa6debe
ACTION SNIPPET 1200 481 SNIPPET_NOT_RELEVANT 64ffe592-b57c-11e5-9388-466021d971de
ACTION SNIPPET 1200 481 SNIPPET_NOT_RELEVANT 6f28d7a0-93ca-11e5-b5e4-279b4501e8a6
ACTION SNIPPET 1200 481 SNIPPET_NOT_RELEVANT 6e13d61eed6b00f7505151dca9380310
ACTION SNIPPET 1200 481 SNIPPET_NOT_RELEVANT 1d1de86c-ad0c-11e2-a8e6-b6e4cc7c49d1
ACTION SNIPPET 1200 481 SNIPPET_RELEVANT 3c483e41871eb1f4dacb7baa0f7ca635
ACTION DOC 1200 501 EXAMINING_DOCUMENT 3c483e41871eb1f4dacb7baa0f7ca635
ACTION MARK 1200 504 CONSIDERED_RELEVANT 3c483e41871eb1f4dacb7baa0f7ca635
ACTION SNIPPET 1200 504 SNIPPET_NOT_RELEVANT 2aaf5fb8-a6ac-11e6-8fc0-7be8f848c492
ACTION SNIPPET 1200 504 SNIPPET_NOT_RELEVANT f3daef16-d378-11e2-b05f-3ea3f0e7bb5a
ACTION SNIPPET 1200 504 SNIPPET_NOT_RELEVANT 169a644c-5985-11e1-99b5-51e164267de6
ACTION SNIPPET 1200 504 SNIPPET_NOT_RELEVANT 3a3f2dad024a08bdbc1b29ddd4632353
ACTION SNIPPET 1200 504 SNIPPET_NOT_RELEVANT 327b34dd16c293895d192b2fc8c5c002
ACTION SNIPPET 1200 504 SNIPPET_NOT_RELEVANT 3dfd9ac2-ff05-11e3-b1f4-8e77c632c07b
ACTION SNIPPET 1200 504 SNIPPET_RELEVANT 8564fcca-8b2a-11e2-9f54-f3fdd70acad2
ACTION DOC 1200 524 EXAMINING_DOCUMENT 8564fcca-8b2a-11e2-9f54-f3fdd70acad2
ACTION MARK 1200 527 CONSIDERED_RELEVANT 8564fcca-8b2a-11e2-9f54-f3fdd70acad2
ACTION SNIPPET 1200 527 SEEN_PREVIOUSLY b1230fb691be9812f0ae368499c3d5f0
ACTION SNIPPET 1200 527 SNIPPET_NOT_RELEVANT 026f9fed0816a59f24d6feacec9d7ab5
ACTION SNIPPET 1200 527 SEEN_PREVIOUSLY 07cdf2bc-41e8-11e1-9091-3ad6d04900db
ACTION SNIPPET 1200 527 SEEN_PREVIOUSLY 2c35d25e-e26f-11e2-aef3-339619eab080
ACTION SNIPPET 1200 527 SNIPPET_NOT_RELEVANT 8e62d76c-ff35-11e4-805c-c3f407e5a9e9
ACTION SNIPPET 1200 527 SNIPPET_NOT_RELEVANT d88dfa74-c23e-11e6-9578-0054287507db
ACTION SNIPPET 1200 527 SNIPPET_NOT_RELEVANT 265c479f0aec341387137caeea18e61b
ACTION SNIPPET 1200 527 SNIPPET_NOT_RELEVANT ae4eb1cf33a580a2334dd6fe6c1be214
ACTION SNIPPET 1200 527 SNIPPET_NOT_RELEVANT ba13d8ba-1956-11e7-855e-4824bbb5d748
ACTION SNIPPET 1200 527 SNIPPET_NOT_RELEVANT fbc457b36d854c4a6a728b769e3317c6
ACTION SNIPPET 1200 527 SNIPPET_NOT_RELEVANT bdfbfc9c06ac7cb425a09f06b2758b84
ACTION SNIPPET 1200 527 SNIPPET_NOT_RELEVANT 8cdd83c0fc919a17c6473c8ee117261a
ACTION SNIPPET 1200 527 SNIPPET_NOT_RELEVANT 90a0b494431f0d8dd5522664416b4f51
ACTION SNIPPET 1200 527 SNIPPET_NOT_RELEVANT 1f22a8a3aaa2d31392d0614d0d107793
ACTION SNIPPET 1200 527 SNIPPET_NOT_RELEVANT 478ba426bb0e7d673ee29c477395634d
ACTION SNIPPET 1200 527 SNIPPET_NOT_RELEVANT c3ed27341550ee20f33dd05312248b32
ACTION SNIPPET 1200 527 SNIPPET_NOT_RELEVANT 6d9f9b08a4735904cfad00dd22abdf8a
ACTION SNIPPET 1200 527 SNIPPET_NOT_RELEVANT 349b1303369bc69d70f4f8856e60e486
ACTION SNIPPET 1200 527 SNIPPET_NOT_RELEVANT 9ef59fe8f98ecabf13c9fb56f2a27a66
ACTION SNIPPET 1200 527 SNIPPET_NOT_RELEVANT 418d5f4a5a20f885df592f52dc4bbf87
ACTION SNIPPET 1200 527 SNIPPET_NOT_RELEVANT ad4149cc-631e-11e6-96c0-37533479f3f5
ACTION SNIPPET 1200 527 SNIPPET_NOT_RELEVANT 440042f49282e544e440eed9e5fa3eba
ACTION SNIPPET 1200 527 SNIPPET_NOT_RELEVANT a304c120-1667-11e3-804b-d3a1a3a18f2c
ACTION SNIPPET 1200 527 SNIPPET_NOT_RELEVANT fcbb53d15f6eba0d1125f2664814ddc2
ACTION SNIPPET 1200 527 SNIPPET_NOT_RELEVANT 85f22f4874c6bb1ed0e30ca2370ded91
ACTION SNIPPET 1200 527 SNIPPET_NOT_RELEVANT 54c8c044-95f6-11e1-9f11-89a9ce471431
ACTION SNIPPET 1200 527 SNIPPET_NOT_RELEVANT 42c63f6d0c30c03cbc7f7698172b52c5
ACTION SNIPPET 1200 527 SNIPPET_NOT_RELEVANT 325933686af66f92df92d0f8addf310a
ACTION SNIPPET 1200 527 SNIPPET_NOT_RELEVANT 7f2e9262-3f08-11e7-adba-394ee67a7582
ACTION SNIPPET 1200 527 SNIPPET_NOT_RELEVANT 2f1dc5b954bcfe5e428785d9187c2ec3
ACTION SNIPPET 1200 527 SNIPPET_NOT_RELEVANT 7d7910792f221eec8fefb686315197fc
INFO SERP_END_REACHED 
ACTION QUERY 1200 537 animal extinction prevention
ACTION SERP 1200 542 EXAMINE_SERP
ACTION SNIPPET 1200 542 SNIPPET_NOT_RELEVANT 7fcbbf4cb12251274806fe83d13b38fe
ACTION SNIPPET 1200 542 SNIPPET_NOT_RELEVANT 320b9029b0ac619d3bba8287e67c129a
ACTION SNIPPET 1200 542 SNIPPET_NOT_RELEVANT c94ba3719f2394549292810b284c23a8
ACTION SNIPPET 1200 542 SNIPPET_NOT_RELEVANT ee530d4b88f1dc7e2dc52baeed50ac38
ACTION SNIPPET 1200 542 SNIPPET_NOT_RELEVANT b51ff1fc9141c4ea4cfd2b8aaf2ad00b
ACTION SNIPPET 1200 542 SNIPPET_NOT_RELEVANT cb3eeb981f8b528f62aba64b8113ae0f
ACTION SNIPPET 1200 542 SNIPPET_NOT_RELEVANT 4679869bc07ec0bafd0bcf991e4e1a7a
ACTION SNIPPET 1200 542 SNIPPET_NOT_RELEVANT 277647ef8898107e69cbaea1511faa7f
ACTION SNIPPET 1200 542 SNIPPET_NOT_RELEVANT f740ee5e9e29d3e98699633862d71169
ACTION SNIPPET 1200 542 SNIPPET_NOT_RELEVANT ece081ce52ea8abd14698c9a72fa7c04
ACTION SNIPPET 1200 542 SNIPPET_NOT_RELEVANT 32832db6-89fc-11e3-833c-33098f9e5267
ACTION SNIPPET 1200 542 SNIPPET_NOT_RELEVANT 8d3718e491c2a262a8cba66d24574a54
ACTION SNIPPET 1200 542 SNIPPET_NOT_RELEVANT fe1e8ffac1b3b0fa77c78a496ff3ee88
ACTION SNIPPET 1200 542 SNIPPET_NOT_RELEVANT 11cf231a1f2b02db0bfc1d48cd2c9674
ACTION SNIPPET 1200 542 SNIPPET_NOT_RELEVANT 0b052ba9e1f1de01788bd738b7472c56
ACTION SNIPPET 1200 542 SNIPPET_NOT_RELEVANT 1473ca83204dc34e9e5d97bf5ff03ea3
ACTION SNIPPET 1200 542 SNIPPET_RELEVANT b2b967a670b9faa24df80e9bf802c604
ACTION DOC 1200 562 EXAMINING_DOCUMENT b2b967a670b9faa24df80e9bf802c604
ACTION MARK 1200 565 CONSIDERED_RELEVANT b2b967a670b9faa24df80e9bf802c604
ACTION SNIPPET 1200 565 SNIPPET_NOT_RELEVANT 6fd71746cda986550ba84dd5b605c033
ACTION SNIPPET 1200 565 SNIPPET_NOT_RELEVANT a886833d0c827a65cc2270adcd5e0efc
ACTION SNIPPET 1200 565 SNIPPET_NOT_RELEVANT c8c7d1d9d6585df2912878f2ca011b7c
ACTION SNIPPET 1200 565 SNIPPET_NOT_RELEVANT 38045628-9d9a-11e3-9ba6-800d1192d08b
ACTION SNIPPET 1200 565 SNIPPET_NOT_RELEVANT d3cb871a822e2cf71e7f584850299079
ACTION SNIPPET 1200 565 SNIPPET_NOT_RELEVANT 0fcd2595d3b65a165b97e0f65c1707e8
ACTION SNIPPET 1200 565 SNIPPET_NOT_RELEVANT 391d20e0-7002-11e4-893f-86bd390a3340
ACTION SNIPPET 1200 565 SNIPPET_NOT_RELEVANT 3bf3a41deb8a8207f086a18f72b50925
ACTION SNIPPET 1200 565 SNIPPET_NOT_RELEVANT 5c974e2e-2695-11e1-ba51-99a2b27f6305
ACTION SNIPPET 1200 565 SNIPPET_NOT_RELEVANT e1e3c38a-c5e9-11e5-a4aa-f25866ba0dc6
ACTION SNIPPET 1200 565 SNIPPET_NOT_RELEVANT af2912695e6e907f1d728cc705561934
ACTION SNIPPET 1200 565 SNIPPET_NOT_RELEVANT 9dfb3be0-9dd9-11e5-8728-1af6af208198
ACTION SNIPPET 1200 565 SNIPPET_NOT_RELEVANT 30ea92ae8e8c78d337ed92687cb6805a
ACTION SNIPPET 1200 565 SNIPPET_NOT_RELEVANT 23ea733e-8ddc-11e3-833c-33098f9e5267
ACTION SNIPPET 1200 565 SNIPPET_NOT_RELEVANT 55ec1a42-695b-11e1-acc6-32fefc7ccd67
ACTION SNIPPET 1200 565 SNIPPET_NOT_RELEVANT 41ab77f8-ee34-11e2-a1f9-ea873b7e0424
ACTION SNIPPET 1200 565 SNIPPET_NOT_RELEVANT ab855185a85bce4f8f48d02e54986fe8
ACTION SNIPPET 1200 565 SNIPPET_NOT_RELEVANT ba48862806358872df439b07c5628f7d
ACTION SNIPPET 1200 565 SNIPPET_NOT_RELEVANT 1413ba921829f354bf022e54c2aa1d5f
ACTION SNIPPET 1200 565 SNIPPET_NOT_RELEVANT 97987310f0e00e5a1d5fb3fa35b58cec
ACTION SNIPPET 1200 565 SNIPPET_NOT_RELEVANT 43ae833d2513bc09bb9e7d0c5fdac099
ACTION SNIPPET 1200 565 SNIPPET_NOT_RELEVANT 2c1ed7a6affd818c4628098996a5e72c
ACTION SNIPPET 1200 565 SNIPPET_NOT_RELEVANT c04065f790d7771f665eb30d2d79918a
ACTION SNIPPET 1200 565 SNIPPET_NOT_RELEVANT 004f4a9f9c07ac57f3725a4af6388f54
ACTION SNIPPET 1200 565 SNIPPET_NOT_RELEVANT a27f8c21a1e099f9aceb3e2ec1b068d2
ACTION SNIPPET 1200 565 SNIPPET_NOT_RELEVANT dfacf4411b0de7b2bb5e7e124f9716a7
ACTION SNIPPET 1200 565 SEEN_PREVIOUSLY 93c85e8a76b640ece29ca3f9b412840f
ACTION SNIPPET 1200 565 SNIPPET_NOT_RELEVANT 8b6e3a94-52eb-11e3-9e2c-e1d01116fd98
ACTION SNIPPET 1200 565 SNIPPET_NOT_RELEVANT ffa1854efb863fbb05828588b8304a64
ACTION SNIPPET 1200 565 SEEN_PREVIOUSLY 07cdf2bc-41e8-11e1-9091-3ad6d04900db
ACTION SNIPPET 1200 565 SNIPPET_NOT_RELEVANT b79a579e-b201-11e4-827f-93f454140e2b
ACTION SNIPPET 1200 565 SNIPPET_NOT_RELEVANT ae4eb1cf33a580a2334dd6fe6c1be214
ACTION SNIPPET 1200 565 SNIPPET_NOT_RELEVANT d2e2135e79f55f5551340568c691b7e0
ACTION SNIPPET 1200 565 SEEN_PREVIOUSLY 4d0dc4c8-1fa6-11e2-afca-58c2f5789c5d
ACTION SNIPPET 1200 565 SNIPPET_NOT_RELEVANT ab708cb8-bc2a-11e3-96ae-f2c36d2b1245
ACTION SNIPPET 1200 565 SNIPPET_NOT_RELEVANT 8712822fbc6f8e9237454553282dcedc
ACTION SNIPPET 1200 565 SNIPPET_NOT_RELEVANT a5688a26d030a03eca26ca3f865b1988
ACTION SNIPPET 1200 565 SNIPPET_NOT_RELEVANT 1a9d96458607d60b88e23de2a3709d9e
ACTION SNIPPET 1200 565 SNIPPET_NOT_RELEVANT 6c44f49a5e48c9f3aba0fe563f50c2d7
ACTION SNIPPET 1200 565 SNIPPET_NOT_RELEVANT 7da2edcdcc899f32bcf659ea0d394834
ACTION SNIPPET 1200 565 SNIPPET_NOT_RELEVANT d00da7c3758cb29cddd8263edb2b212b
ACTION SNIPPET 1200 565 SNIPPET_NOT_RELEVANT d13904a0-5de9-11e4-91f7-5d89b5e8c251
ACTION SNIPPET 1200 565 SNIPPET_NOT_RELEVANT 926ec2b3b58cd15157e4b33e05bbd446
ACTION SNIPPET 1200 565 SNIPPET_NOT_RELEVANT 194561420454263e5509a2df0972c64e
ACTION SNIPPET 1200 565 SNIPPET_RELEVANT 2fb7b997921fd06d1daa7c81ee13a2f3
ACTION DOC 1200 585 EXAMINING_DOCUMENT 2fb7b997921fd06d1daa7c81ee13a2f3
ACTION MARK 1200 588 CONSIDERED_RELEVANT 2fb7b997921fd06d1daa7c81ee13a2f3
ACTION SNIPPET 1200 588 SNIPPET_NOT_RELEVANT 88cc6ef3ddcdb08948de4fb20c685a2f
ACTION SNIPPET 1200 588 SNIPPET_NOT_RELEVANT d59f4f6da12eb40590d88f491e68cb1a
ACTION SNIPPET 1200 588 SNIPPET_NOT_RELEVANT e134df20ae97788e32cbd57a2d0d66a3
ACTION SNIPPET 1200 588 SNIPPET_NOT_RELEVANT 0a0dd49a-87f6-11e5-be8b-1ae2e4f50f76
ACTION SNIPPET 1200 588 SNIPPET_NOT_RELEVANT 08056fe4-7cb9-11e4-b821-503cc7efed9e
ACTION SNIPPET 1200 588 SNIPPET_NOT_RELEVANT 3304ed10-6fa0-11e1-9118-82b72e1e284a
ACTION SNIPPET 1200 588 SNIPPET_NOT_RELEVANT 13076117a24513d8a33e11043b474f37
ACTION SNIPPET 1200 588 SNIPPET_NOT_RELEVANT cea40e9cbbfbac28a9837f810eadf80b
ACTION SNIPPET 1200 588 SNIPPET_NOT_RELEVANT 6f6791ec1832f58cf995ae3433d47480
ACTION SNIPPET 1200 588 SNIPPET_NOT_RELEVANT e8f351d4d9f1186ba555346e1d58c377
ACTION SNIPPET 1200 588 SNIPPET_NOT_RELEVANT cd0c8cd2229b755268a582375f33035a
ACTION SNIPPET 1200 588 SNIPPET_NOT_RELEVANT 677a77d5a00e7b5cb282ec5668ef35c7
ACTION SNIPPET 1200 588 SNIPPET_NOT_RELEVANT 3aa202a0-f312-11e2-bdae-0d1f78989e8a
ACTION SNIPPET 1200 588 SNIPPET_NOT_RELEVANT c1ffdff2-3634-11e6-af02-1df55f0c77ff
ACTION SNIPPET 1200 588 SNIPPET_NOT_RELEVANT 921e772c-f76d-11e5-a3ce-f06b5ba21f33
ACTION SNIPPET 1200 588 SNIPPET_NOT_RELEVANT 2867e65870edeb8bed0eec90f8277de5
ACTION SNIPPET 1200 588 SNIPPET_NOT_RELEVANT 44fababfa4bab76b989576dedf12ed45
ACTION SNIPPET 1200 588 SNIPPET_NOT_RELEVANT 9a5d70209e54f39e3e8d782d2e2f5647
ACTION SNIPPET 1200 588 SNIPPET_NOT_RELEVANT d0fcf38ed06109a6830bf64b9009fc50
ACTION SNIPPET 1200 588 SNIPPET_NOT_RELEVANT 5f79029a-927c-11e3-b46a-5a3d0d2130da
ACTION SNIPPET 1200 588 SNIPPET_NOT_RELEVANT 1fa774426d1421f717c29b883cc9c313
ACTION SNIPPET 1200 588 SNIPPET_NOT_RELEVANT 52dbe841257e48a0d12c9d4193948180
ACTION SNIPPET 1200 588 SNIPPET_NOT_RELEVANT 778207f2-785b-11e6-bd86-b7bbd53d2b5d
ACTION SNIPPET 1200 588 SNIPPET_NOT_RELEVANT 061ecb90-4d65-11e4-8c24-487e92bc997b
ACTION SNIPPET 1200 588 SNIPPET_NOT_RELEVANT ad9bdb648296888ee98714612b663e64
ACTION SNIPPET 1200 588 SNIPPET_NOT_RELEVANT 0ae0a758cd7b712d8572f273b954243d
ACTION SNIPPET 1200 588 SNIPPET_RELEVANT b48816d98a5867ff2475d9b329ba0e32
ACTION DOC 1200 608 EXAMINING_DOCUMENT b48816d98a5867ff2475d9b329ba0e32
ACTION MARK 1200 611 CONSIDERED_RELEVANT b48816d98a5867ff2475d9b329ba0e32
ACTION SNIPPET 1200 611 SNIPPET_NOT_RELEVANT eb43bdc089444c543786f4deca1941c3
ACTION SNIPPET 1200 611 SNIPPET_NOT_RELEVANT 4830efe66fa2c8dc0341d57c5c0fcd82
ACTION SNIPPET 1200 611 SNIPPET_NOT_RELEVANT 4c9ef9d3bee8ba1be5284f418c789726
ACTION SNIPPET 1200 611 SNIPPET_NOT_RELEVANT 606f9b2c47104d6f87d362d7879c768f
ACTION SNIPPET 1200 611 SNIPPET_NOT_RELEVANT c2c7aa9a-4139-11e1-afad-097055960b44
ACTION SNIPPET 1200 611 SNIPPET_NOT_RELEVANT 84bfe3a8-4ddb-11e6-a422-83ab49ed5e6a
ACTION SNIPPET 1200 611 SNIPPET_NOT_RELEVANT 2326f03ae600be103bc1d03d8a6a4efb
ACTION SNIPPET 1200 611 SNIPPET_NOT_RELEVANT 327b34dd16c293895d192b2fc8c5c002
ACTION SNIPPET 1200 611 SNIPPET_NOT_RELEVANT 3a3f2dad024a08bdbc1b29ddd4632353
ACTION SNIPPET 1200 611 SNIPPET_NOT_RELEVANT c1a8bd41d560a17ae837f878afebcd99
ACTION SNIPPET 1200 611 SNIPPET_NOT_RELEVANT 2654bb0ecddc60b5b66645c11294b751
INFO SERP_END_REACHED 
ACTION QUERY 1200 621 native species conservation
ACTION SERP 1200 626 EXAMINE_SERP
ACTION SNIPPET 1200 626 SNIPPET_NOT_RELEVANT 9e0a26aa-bb67-11e4-9dfb-03366e719af8
ACTION SNIPPET 1200 626 SNIPPET_NOT_RELEVANT 70be3016-25ab-11e5-b621-b55e495e9b78
ACTION SNIPPET 1200 626 SNIPPET_NOT_RELEVANT 834970a70454c41f787029a32b41e644
ACTION SNIPPET 1200 626 SNIPPET_NOT_RELEVANT 3f45c6ac-f210-11e5-89c3-a647fcce95e0
ACTION SNIPPET 1200 626 SNIPPET_NOT_RELEVANT fd35637c-d700-11e6-b8b2-cb5164beba6b
ACTION SNIPPET 1200 626 SNIPPET_NOT_RELEVANT 1711d9673c70270aa36c0cefb58694b1
ACTION SNIPPET 1200 626 SNIPPET_NOT_RELEVANT a3949e76-722a-11e2-ac36-3d8d9dcaa2e2
ACTION SNIPPET 1200 626 SNIPPET_NOT_RELEVANT 003b5a8eed4e0dd279ba63a6e1f29d66
ACTION SNIPPET 1200 626 SNIPPET_NOT_RELEVANT f30bfadcc526ddce6f354d896b0af415
ACTION SNIPPET 1200 626 SNIPPET_NOT_RELEVANT 063e0d2c-0ff8-11e7-ab07-07d9f521f6b5
ACTION SNIPPET 1200 626 SNIPPET_NOT_RELEVANT 2c9d4add64756f9835de157520ad9278
ACTION SNIPPET 1200 626 SNIPPET_NOT_RELEVANT 4a4887b6c0f7359491dfe2d5a051420f
ACTION SNIPPET 1200 626 SNIPPET_NOT_RELEVANT f60f14e90866a3307e23fced2115ac02
ACTION SNIPPET 1200 626 SNIPPET_NOT_RELEVANT ed923acb008e97619a479390dfb3106f
ACTION SNIPPET 1200 626 SNIPPET_NOT_RELEVANT 1366c90250b3d68df39389a988150a85
ACTION SNIPPET 1200 626 SNIPPET_NOT_RELEVANT 7626c94a-1bd1-11e3-8685-5021e0c41964
ACTION SNIPPET 1200 626 SNIPPET_NOT_RELEVANT a20f3dee-8cf1-11e3-9ed8-259977a48789
ACTION SNIPPET 1200 626 SNIPPET_NOT_RELEVANT c665594e-4469-11e6-88d0-6adee48be8bc
ACTION SNIPPET 1200 626 SNIPPET_NOT_RELEVANT e76903d6-0e6f-11e7-9b0d-d27c98455440
ACTION SNIPPET 1200 626 SNIPPET_NOT_RELEVANT 71e909fc-ac19-11e1-9369-05cf05b03c2e
ACTION SNIPPET 1200 626 SNIPPET_NOT_RELEVANT 3e5046a2-5b76-11e2-88d0-c4cf65c3ad15
ACTION SNIPPET 1200 626 SNIPPET_NOT_RELEVANT 9a5d70209e54f39e3e8d782d2e2f5647
ACTION SNIPPET 1200 626 SNIPPET_NOT_RELEVANT 849b9449854b579542b7c8595f371902
ACTION SNIPPET 1200 626 SNIPPET_NOT_RELEVANT ac0f0774-4e8d-11e6-aa14-e0c1087f7583
ACTION SNIPPET 1200 626 SNIPPET_NOT_RELEVANT 2654bb0ecddc60b5b66645c11294b751
ACTION SNIPPET 1200 626 SNIPPET_NOT_RELEVANT 43fba7d6-fe6c-11e4-833c-a2de05b6b2a4
ACTION SNIPPET 1200 626 SNIPPET_NOT_RELEVANT 6fd71746cda986550ba84dd5b605c033
ACTION SNIPPET 1200 626 SNIPPET_NOT_RELEVANT 35368a40ba06a61892a1e50f24e38609
ACTION SNIPPET 1200 626 SNIPPET_NOT_RELEVANT b004ca32b76e4ed9c82bde7d7503b143
ACTION SNIPPET 1200 626 SNIPPET_NOT_RELEVANT 5da2e29a-5cbc-11e5-9757-e49273f05f65
ACTION SNIPPET 1200 626 SNIPPET_NOT_RELEVANT be451a3c88d6395db8d05f3654a7c9b6
ACTION SNIPPET 1200 626 SNIPPET_NOT_RELEVANT e61cbb4c-e449-11e3-8f90-73e071f3d637
ACTION SNIPPET 1200 626 SNIPPET_NOT_RELEVANT b85d5372-72dc-11e2-ac36-3d8d9dcaa2e2
ACTION SNIPPET 1200 626 SNIPPET_NOT_RELEVANT 1ef299c1a292257d7162f004fb2a3e42
ACTION SNIPPET 1200 626 SNIPPET_NOT_RELEVANT f1d988a573979dcf091a6ecb1db56f45
ACTION SNIPPET 1200 626 SNIPPET_NOT_RELEVANT 48d6825a-b1e1-11e2-9fb1-62de9581c946
ACTION SNIPPET 1200 626 SNIPPET_NOT_RELEVANT 43dbcb94-b650-11e6-b8df-600bd9d38a02
ACTION SNIPPET 1200 626 SNIPPET_NOT_RELEVANT 6aa9b114-06a3-11e4-9a71-264773a2ffc8
ACTION SNIPPET 1200 626 SNIPPET_NOT_RELEVANT fcad0386-3972-11e7-9e48-c4f199710b69
ACTION SNIPPET 1200 626 SNIPPET_NOT_RELEVANT bddb9246d3fce637d1c41ed43aeec8ef
ACTION SNIPPET 1200 626 SNIPPET_RELEVANT 47421e32a5d541d81c4923fe190259c6
ACTION DOC 1200 646 EXAMINING_DOCUMENT 47421e32a5d541d81c4923fe190259c6
ACTION MARK 1200 649 CONSIDERED_RELEVANT 47421e32a5d541d81c4923fe190259c6
ACTION SNIPPET 1200 649 SNIPPET_NOT_RELEVANT cc03f8625f76d15bc05c6b66d5a3c7b8
ACTION SNIPPET 1200 649 SNIPPET_NOT_RELEVANT 3b044fee-b971-11e2-b94c-b684dda07add
ACTION SNIPPET 1200 649 SNIPPET_NOT_RELEVANT 1ef836b166f6a63845416c375017c535
ACTION SNIPPET 1200 649 SNIPPET_NOT_RELEVANT 8921ea18-69bd-11e3-ae56-22de072140a2
ACTION SNIPPET 1200 649 SNIPPET_NOT_RELEVANT c0ad093000a1238f37695ae01b3e1f5f
ACTION SNIPPET 1200 649 SNIPPET_NOT_RELEVANT bd867f7e-8165-11e4-81fd-8c4814dfa9d7
ACTION SNIPPET 1200 649 SNIPPET_NOT_RELEVANT d9570b8e2ba4518d4c12a712b969d4a5
ACTION SNIPPET 1200 649 SNIPPET_NOT_RELEVANT 6f8db0d8-fa14-11e1-8398-0327ab83ab91
ACTION SNIPPET 1200 649 SNIPPET_NOT_RELEVANT fb937d6e59110f52400f3f2ec35f541b
ACTION SNIPPET 1200 649 SNIPPET_NOT_RELEVANT 3dfd9ac2-ff05-11e3-b1f4-8e77c632c07b
ACTION SNIPPET 1200 649 SNIPPET_NOT_RELEVANT 9e13cbdc31c531f3aee6c3182faf0d70
ACTION SNIPPET 1200 649 SNIPPET_NOT_RELEVANT 57c46a4e9309e1df8bf818fc961341b2
ACTION SNIPPET 1200 649 SNIPPET_NOT_RELEVANT 90e01bae89255860ab6df44778fd8034
ACTION SNIPPET 1200 649 SNIPPET_NOT_RELEVANT 44f5fa4e5559a0907a4232efdd734da9
ACTION SNIPPET 1200 649 SNIPPET_NOT_RELEVANT 4be5aaf90997a6f4c1ef3fdf3e64e6e6
ACTION SNIPPET 1200 649 SNIPPET_NOT_RELEVANT 6d24a41e-3ff5-11e3-a751-f032898f2dbc
ACTION SNIPPET 1200 649 SNIPPET_NOT_RELEVANT 504264f365c7e9e886770da7e4d5099b
ACTION SNIPPET 1200 649 SNIPPET_NOT_RELEVANT a0749f68877e79b410194bc1f2a5b973
ACTION SNIPPET 1200 649 SNIPPET_NOT_RELEVANT 6ded299bb7dd52947970394ae7e165ef
ACTION SNIPPET 1200 649 SNIPPET_NOT_RELEVANT 6f1e1544-ce5a-11e4-8a46-b1dc9be5a8ff
ACTION SNIPPET 1200 649 SNIPPET_NOT_RELEVANT d59f4f6da12eb40590d88f491e68cb1a
ACTION SNIPPET 1200 649 SNIPPET_NOT_RELEVANT ac785e24-1240-11e6-8967-7ac733c56f12
ACTION SNIPPET 1200 649 SNIPPET_NOT_RELEVANT 42f506f4-5eb5-11e4-9f3a-7e28799e0549
ACTION SNIPPET 1200 649 SNIPPET_NOT_RELEVANT 23fd83e3dda240bd8d09bf3b5caf4d25
ACTION SNIPPET 1200 649 SNIPPET_NOT_RELEVANT ded2d422-702a-11e3-aecc-85cb037b7236
ACTION SNIPPET 1200 649 SNIPPET_NOT_RELEVANT e400fd44-4d2b-11e6-a7d8-13d06b37f256
ACTION SNIPPET 1200 649 SNIPPET_NOT_RELEVANT 95e2fc5cde70d26789ae74086810fad8
ACTION SNIPPET 1200 649 SNIPPET_NOT_RELEVANT f6631524-ca26-11e3-95f7-7ecdde72d2ea
ACTION SNIPPET 1200 649 SNIPPET_NOT_RELEVANT 2c2b9de2df72bdd10fde1dfc7a428968
ACTION SNIPPET 1200 649 SNIPPET_NOT_RELEVANT 7f060966-84c8-11e4-9534-f79a23c40e6c
ACTION SNIPPET 1200 649 SNIPPET_NOT_RELEVANT 23946f12596b3c76e6ad6b9786bd6cb3
ACTION SNIPPET 1200 649 SNIPPET_NOT_RELEVANT 8040f1be9e5effee1c732e643020d95e
ACTION SNIPPET 1200 649 SNIPPET_NOT_RELEVANT a9c11f6d751e70d6536f76f2f46a117b
ACTION SNIPPET 1200 649 SNIPPET_NOT_RELEVANT 65c7917056ad26d16dc56fa9ee345760
ACTION SNIPPET 1200 649 SNIPPET_NOT_RELEVANT 7fcbbf4cb12251274806fe83d13b38fe
ACTION SNIPPET 1200 649 SNIPPET_NOT_RELEVANT d69bb5166132bed0e845f7cc42d683d1
ACTION SNIPPET 1200 649 SNIPPET_NOT_RELEVANT 6f6791ec1832f58cf995ae3433d47480
ACTION SNIPPET 1200 649 SNIPPET_NOT_RELEVANT f64bb93aca991a17d9ec36b2e293187e
ACTION SNIPPET 1200 649 SNIPPET_NOT_RELEVANT 40459b20498a37a91caffbf2ea64fa1b
ACTION SNIPPET 1200 649 SNIPPET_NOT_RELEVANT 5025c60c-61b3-11e7-84a1-a26b75ad39fe
ACTION SNIPPET 1200 649 SNIPPET_NOT_RELEVANT 1b01d436-d62c-11e3-95d3-3bcd77cd4e11
ACTION SNIPPET 1200 649 SNIPPET_NOT_RELEVANT 1df77bfb64648a4bfc914f506bceead0
ACTION SNIPPET 1200 649 SNIPPET_NOT_RELEVANT d05e71efa6fdf3597b0bd1209675c386
ACTION SNIPPET 1200 649 SNIPPET_NOT_RELEVANT 9319037a-af39-11e1-a163-d43a3ca733b4
ACTION SNIPPET 1200 649 SNIPPET_NOT_RELEVANT 2bcb82dc-bbc9-11e6-ae79-bec72d34f8c9
ACTION SNIPPET 1200 649 SNIPPET_NOT_RELEVANT 9ef59fe8f98ecabf13c9fb56f2a27a66
ACTION SNIPPET 1200 649 SNIPPET_NOT_RELEVANT d61cb39f5e7a24bca73a025b8449e009
ACTION SNIPPET 1200 649 SNIPPET_NOT_RELEVANT c7eac11d19939cb07344f5f670f52cd2
ACTION SNIPPET 1200 649 SNIPPET_NOT_RELEVANT c3a02c22-71f3-11e1-958a-fd4578434472
ACTION SNIPPET 1200 649 SNIPPET_NOT_RELEVANT 6d6a7bc8-6b30-11e7-abbc-a53480672286
ACTION SNIPPET 1200 649 SNIPPET_NOT_RELEVANT b12fab36-0859-11e4-a0dd-f2b22a257353
ACTION SNIPPET 1200 649 SNIPPET_NOT_RELEVANT 22f5b144-b426-11e3-8020-b2d790b3c9e1
ACTION SNIPPET 1200 649 SNIPPET_NOT_RELEVANT 4555e8a6-e5a2-11e2-aef3-339619eab080
ACTION SNIPPET 1200 649 SNIPPET_NOT_RELEVANT 8d3718e491c2a262a8cba66d24574a54
ACTION SNIPPET 1200 649 SNIPPET_NOT_RELEVANT fe1c7f6372a5cae043e6054f52388ce2
ACTION SNIPPET 1200 649 SNIPPET_NOT_RELEVANT 9dac85dd57cb28a6c24fc4ea1e7a32d5
ACTION SNIPPET 1200 649 SNIPPET_NOT_RELEVANT ff86307f72f48a8fff383406f16a1a54
ACTION SNIPPET 1200 649 SNIPPET_NOT_RELEVANT a27f8c21a1e099f9aceb3e2ec1b068d2
ACTION SNIPPET 1200 649 SNIPPET_NOT_RELEVANT 54c8c044-95f6-11e1-9f11-89a9ce471431
INFO SERP_END_REACHED 
ACTION QUERY 1200 659 global wildlife conservation
ACTION SERP 1200 664 EXAMINE_SERP
ACTION SNIPPET 1200 664 SNIPPET_NOT_RELEVANT f30bfadcc526ddce6f354d896b0af415
ACTION SNIPPET 1200 664 SNIPPET_NOT_RELEVANT 2d2c9232-ed7f-11e6-9973-c5efb7ccfb0d
ACTION SNIPPET 1200 664 SNIPPET_NOT_RELEVANT 1d90556c-8410-11e6-92c2-14b64f3d453f
ACTION SNIPPET 1200 664 SNIPPET_NOT_RELEVANT 65c7917056ad26d16dc56fa9ee345760
ACTION SNIPPET 1200 664 SNIPPET_NOT_RELEVANT 8df97ae6-fffd-11e5-9203-7b8670959b88
ACTION SNIPPET 1200 664 SNIPPET_NOT_RELEVANT 2c3e7eab960dd5dcbbd552c74b06b8bb
ACTION SNIPPET 1200 664 SEEN_PREVIOUSLY 267e432c-76d6-11e3-b1c5-739e63e9c9a7
ACTION SNIPPET 1200 664 SEEN_PREVIOUSLY 1bd28be6-14a2-11e7-9e4f-09aa75d3ec57
ACTION SNIPPET 1200 664 SNIPPET_NOT_RELEVANT b6fb660858ce8c00695f27aee4d0a2e3
ACTION SNIPPET 1200 664 SNIPPET_NOT_RELEVANT d8479cde76d3859018524470492b29c7
ACTION SNIPPET 1200 664 SNIPPET_NOT_RELEVANT d751e412-534f-11e6-bbf5-957ad17b4385
ACTION SNIPPET 1200 664 SNIPPET_NOT_RELEVANT ad4149cc-631e-11e6-96c0-37533479f3f5
ACTION SNIPPET 1200 664 SNIPPET_NOT_RELEVANT 386f58c6c0b2dc08c0f4373006a88d1c
ACTION SNIPPET 1200 664 SNIPPET_NOT_RELEVANT d3cb871a822e2cf71e7f584850299079
ACTION SNIPPET 1200 664 SNIPPET_NOT_RELEVANT 1bc79f16-3b4c-11e3-a94f-b58017bfee6c
ACTION SNIPPET 1200 664 SNIPPET_NOT_RELEVANT d88dfa74-c23e-11e6-9578-0054287507db
ACTION SNIPPET 1200 664 SNIPPET_NOT_RELEVANT 8d18bb80-4086-11e2-a2d9-822f58ac9fd5
ACTION SNIPPET 1200 664 SEEN_PREVIOUSLY e743ef70-d363-11e6-9cb0-54ab630851e8
ACTION SNIPPET 1200 664 SNIPPET_NOT_RELEVANT 919020e5412fc48bd165e3643af557c8
ACTION SNIPPET 1200 664 SNIPPET_RELEVANT e8181326-3646-11e3-89db-8002ba99b894
ACTION DOC 1200 684 EXAMINING_DOCUMENT e8181326-3646-11e3-89db-8002ba99b894
ACTION MARK 1200 687 CONSIDERED_RELEVANT e8181326-3646-11e3-89db-8002ba99b894
ACTION SNIPPET 1200 687 SNIPPET_RELEVANT 3b9a1946-0aed-11e5-951e-8e15090d64ae
ACTION DOC 1200 707 EXAMINING_DOCUMENT 3b9a1946-0aed-11e5-951e-8e15090d64ae
ACTION MARK 1200 710 CONSIDERED_RELEVANT 3b9a1946-0aed-11e5-951e-8e15090d64ae
ACTION SNIPPET 1200 710 SNIPPET_NOT_RELEVANT 49e72bb4f1c16e04f2223f734fcbd999
ACTION SNIPPET 1200 710 SNIPPET_RELEVANT 9b26a330-ceae-11e6-85cd-e66532e35a44
ACTION DOC 1200 730 EXAMINING_DOCUMENT 9b26a330-ceae-11e6-85cd-e66532e35a44
ACTION MARK 1200 733 CONSIDERED_RELEVANT 9b26a330-ceae-11e6-85cd-e66532e35a44
ACTION SNIPPET 1200 733 SNIPPET_NOT_RELEVANT 9899080e826b581639ce05632242798c
ACTION SNIPPET 1200 733 SNIPPET_RELEVANT 3c258c40-26c1-11e3-b3e9-d97fb087acd6
ACTION DOC 1200 753 EXAMINING_DOCUMENT 3c258c40-26c1-11e3-b3e9-d97fb087acd6
ACTION MARK 1200 756 CONSIDERED_RELEVANT 3c258c40-26c1-11e3-b3e9-d97fb087acd6
ACTION SNIPPET 1200 756 SNIPPET_NOT_RELEVANT 5f2c89eadba1125b65702838eaa9f986
ACTION SNIPPET 1200 756 SNIPPET_NOT_RELEVANT 3dd0ce90029fd586a6b893fc4a7bfb5d
ACTION SNIPPET 1200 756 SNIPPET_NOT_RELEVANT 43f217f1ca05d8ce17a427237b243a0d
ACTION SNIPPET 1200 756 SNIPPET_NOT_RELEVANT a9d24f67a5a04b13a69ce41b520d4596
ACTION SNIPPET 1200 756 SNIPPET_NOT_RELEVANT d9b9185ffc5190c5fc2ece7f6292d47e
ACTION SNIPPET 1200 756 SNIPPET_NOT_RELEVANT e45ecb3c0ba7e8044c0dca6d63bcee9b
ACTION SNIPPET 1200 756 SNIPPET_NOT_RELEVANT 8cdd83c0fc919a17c6473c8ee117261a
ACTION SNIPPET 1200 756 SNIPPET_NOT_RELEVANT fa050a54f3419b11494f4314a2c3d0f8
ACTION SNIPPET 1200 756 SNIPPET_NOT_RELEVANT 663b8176-36c6-11e5-9d0f-7865a67390ee
ACTION SNIPPET 1200 756 SNIPPET_NOT_RELEVANT 093f9252-70f9-11e4-ad12-3734c461eab6
ACTION SNIPPET 1200 756 SNIPPET_NOT_RELEVANT 8040f1be9e5effee1c732e643020d95e
ACTION SNIPPET 1200 756 SNIPPET_NOT_RELEVANT af4ee1a2-941d-11e3-b46a-5a3d0d2130da
ACTION SNIPPET 1200 756 SEEN_PREVIOUSLY b1230fb691be9812f0ae368499c3d5f0
ACTION SNIPPET 1200 756 SEEN_PREVIOUSLY 93c85e8a76b640ece29ca3f9b412840f
ACTION SNIPPET 1200 756 SNIPPET_NOT_RELEVANT 8788226c-dda0-11e6-acdf-14da832ae861
ACTION SNIPPET 1200 756 SNIPPET_NOT_RELEVANT 64ffe592-b57c-11e5-9388-466021d971de
ACTION SNIPPET 1200 756 SNIPPET_NOT_RELEVANT 64739d93f673744f540717a41f8964b6
ACTION SNIPPET 1200 756 SNIPPET_NOT_RELEVANT 063f31c6-4a0d-11e2-ad54-580638ede391
ACTION SNIPPET 1200 756 SEEN_PREVIOUSLY 4d0dc4c8-1fa6-11e2-afca-58c2f5789c5d
ACTION SNIPPET 1200 756 SEEN_PREVIOUSLY 7fc90c67964f14188921cb27fcbb2542
ACTION SNIPPET 1200 756 SNIPPET_NOT_RELEVANT 1c35179913f4459f1217559be6293877
ACTION SNIPPET 1200 756 SNIPPET_NOT_RELEVANT 165e6b556b8da7a62c2b75547ba08f97
ACTION SNIPPET 1200 756 SNIPPET_NOT_RELEVANT 8c2451bdafd280ae31e550c1ccf74ff2
ACTION SNIPPET 1200 756 SNIPPET_NOT_RELEVANT 61e19570b15d1e48b0e0857227a4a60a
ACTION SNIPPET 1200 756 SNIPPET_NOT_RELEVANT 18247618-54ee-11e6-b7de-dfe509430c39
ACTION SNIPPET 1200 756 SNIPPET_NOT_RELEVANT 098bd5c4-ed7c-11e2-bb32-725c8351a69e
ACTION SNIPPET 1200 756 SNIPPET_NOT_RELEVANT 1c6bc171a4b94f8a14d272db350eab6c
ACTION SNIPPET 1200 756 SNIPPET_NOT_RELEVANT d41177f4-64d3-11e2-85f5-a8a9228e55e7
ACTION SNIPPET 1200 756 SNIPPET_NOT_RELEVANT da7f3376-4e36-11e4-aa5e-7153e466a02d
ACTION SNIPPET 1200 756 SNIPPET_NOT_RELEVANT 2c2b9de2df72bdd10fde1dfc7a428968
ACTION SNIPPET 1200 756 SNIPPET_NOT_RELEVANT f5a9ca46-b22a-11e4-bf39-5560f3918d4b
ACTION SNIPPET 1200 756 SNIPPET_NOT_RELEVANT 67db87a9d9a7c9310d990310929de8b2
ACTION SNIPPET 1200 756 SNIPPET_NOT_RELEVANT 194630ec-dc62-11e3-bda1-9b46b2066796
ACTION SNIPPET 1200 756 SNIPPET_NOT_RELEVANT 26485ec48e235ddf500398669f26f2a0
ACTION SNIPPET 1200 756 SNIPPET_NOT_RELEVANT 3bf4fbc134f94200f5e627afdab9a04b
ACTION SNIPPET 1200 756 SNIPPET_NOT_RELEVANT 0618ad0a-7f5e-11e6-8d13-d7c704ef9fd9
ACTION SNIPPET 1200 756 SNIPPET_NOT_RELEVANT 3b495fc598a0d5d4b322ac7ebe19ad4e
ACTION SNIPPET 1200 756 SNIPPET_NOT_RELEVANT 518cb75ebf630b246793c7a2505eefb3
ACTION SNIPPET 1200 756 SNIPPET_RELEVANT 87da39b5a79b17b2c386cb054206a48f
ACTION DOC 1200 776 EXAMINING_DOCUMENT 87da39b5a79b17b2c386cb054206a48f
ACTION MARK 1200 779 CONSIDERED_RELEVANT 87da39b5a79b17b2c386cb054206a48f
INFO OUT_OF_QUERIES 
INFO SUMMARY 
INFO TOTAL_QUERIES_ISSUED 9
INFO TOTAL_SNIPPETS_EXAMINED 703
INFO TOTAL_DOCUMENTS_EXAMINED 28
INFO TOTAL_DOCUMENTS_MARKED_RELEVANT 28
INFO TOTAL_ATTRACTIVE_SERP_IMPRESSIONS 9
INFO TOTAL_UNATTRACTIVE_SERP_IMPRESSIONS 0
INFO TOTAL_TREC_RELEVANT_DOCS 28
INFO TOTAL_UNIQ_TREC_RELEVANT_DOCS 28
INFO PRECISION_TREC_RELEVANT_DOCS 1.0
