ACTION START 1200 0 START
ACTION QUERY 1200 10 women in parliament
ACTION SERP 1200 15 EXAMINE_SERP
ACTION SNIPPET 1200 15 SNIPPET_RELEVANT f233ecdeb87a44a6aa9ac429999d2d4c
ACTION DOC 1200 35 EXAMINING_DOCUMENT f233ecdeb87a44a6aa9ac429999d2d4c
ACTION MARK 1200 38 CONSIDERED_RELEVANT f233ecdeb87a44a6aa9ac429999d2d4c
ACTION SNIPPET 1200 38 SNIPPET_RELEVANT 4a7c2970fd9bf65fe09c7cf46df7b06d
ACTION DOC 1200 58 EXAMINING_DOCUMENT 4a7c2970fd9bf65fe09c7cf46df7b06d
ACTION MARK 1200 61 CONSIDERED_RELEVANT 4a7c2970fd9bf65fe09c7cf46df7b06d
ACTION SNIPPET 1200 61 SNIPPET_RELEVANT 9171debc316e5e2782e0d2404ca7d09d
ACTION DOC 1200 81 EXAMINING_DOCUMENT 9171debc316e5e2782e0d2404ca7d09d
ACTION MARK 1200 84 CONSIDERED_RELEVANT 9171debc316e5e2782e0d2404ca7d09d
ACTION SNIPPET 1200 84 SNIPPET_RELEVANT f1ab493726e1e6f5dd90615d5a1b58b8
ACTION DOC 1200 104 EXAMINING_DOCUMENT f1ab493726e1e6f5dd90615d5a1b58b8
ACTION SNIPPET 1200 104 SNIPPET_RELEVANT a5dfae0e39d5c86e8a2cc3c4294248b0
ACTION DOC 1200 124 EXAMINING_DOCUMENT a5dfae0e39d5c86e8a2cc3c4294248b0
ACTION SNIPPET 1200 124 SNIPPET_RELEVANT 34d443eec1add515a2fbc4af2c8a3a57
ACTION DOC 1200 144 EXAMINING_DOCUMENT 34d443eec1add515a2fbc4af2c8a3a57
ACTION QUERY 1200 154 Women in Parliament
ACTION SERP 1200 159 EXAMINE_SERP
ACTION SNIPPET 1200 159 SEEN_PREVIOUSLY f233ecdeb87a44a6aa9ac429999d2d4c
ACTION SNIPPET 1200 159 SEEN_PREVIOUSLY 4a7c2970fd9bf65fe09c7cf46df7b06d
ACTION SNIPPET 1200 159 SEEN_PREVIOUSLY 9171debc316e5e2782e0d2404ca7d09d
ACTION SNIPPET 1200 159 SEEN_PREVIOUSLY f1ab493726e1e6f5dd90615d5a1b58b8
ACTION SNIPPET 1200 159 SEEN_PREVIOUSLY a5dfae0e39d5c86e8a2cc3c4294248b0
ACTION SNIPPET 1200 159 SEEN_PREVIOUSLY 34d443eec1add515a2fbc4af2c8a3a57
ACTION SNIPPET 1200 159 SNIPPET_RELEVANT 7f9c94c6898e0fd0cb7b176e90ae131e
ACTION DOC 1200 179 EXAMINING_DOCUMENT 7f9c94c6898e0fd0cb7b176e90ae131e
ACTION MARK 1200 182 CONSIDERED_RELEVANT 7f9c94c6898e0fd0cb7b176e90ae131e
ACTION SNIPPET 1200 182 SNIPPET_RELEVANT e3f98e030d06908bd0d7ca79fa4e097b
ACTION DOC 1200 202 EXAMINING_DOCUMENT e3f98e030d06908bd0d7ca79fa4e097b
ACTION SNIPPET 1200 202 SNIPPET_RELEVANT 6f01fc5c-a2b0-11e1-81b4-d0e4bf8c8fd8
ACTION DOC 1200 222 EXAMINING_DOCUMENT 6f01fc5c-a2b0-11e1-81b4-d0e4bf8c8fd8
ACTION MARK 1200 225 CONSIDERED_RELEVANT 6f01fc5c-a2b0-11e1-81b4-d0e4bf8c8fd8
ACTION SNIPPET 1200 225 SNIPPET_RELEVANT 7018c8c25447d9c2c2a111927154db5d
ACTION DOC 1200 245 EXAMINING_DOCUMENT 7018c8c25447d9c2c2a111927154db5d
ACTION SNIPPET 1200 245 SNIPPET_RELEVANT 845380ae-6e2e-11e2-ac36-3d8d9dcaa2e2
ACTION DOC 1200 265 EXAMINING_DOCUMENT 845380ae-6e2e-11e2-ac36-3d8d9dcaa2e2
ACTION SNIPPET 1200 265 SNIPPET_RELEVANT 9fa0f07a-655c-11e1-8ca8-e9c037995d79
ACTION DOC 1200 285 EXAMINING_DOCUMENT 9fa0f07a-655c-11e1-8ca8-e9c037995d79
ACTION QUERY 1200 295 women in parliament statistics
ACTION SERP 1200 300 EXAMINE_SERP
ACTION SNIPPET 1200 300 SNIPPET_RELEVANT 6c9de312b46505c8d6741cc2f126e08e
ACTION DOC 1200 320 EXAMINING_DOCUMENT 6c9de312b46505c8d6741cc2f126e08e
ACTION MARK 1200 323 CONSIDERED_RELEVANT 6c9de312b46505c8d6741cc2f126e08e
ACTION SNIPPET 1200 323 SNIPPET_RELEVANT c24261d5b2d62bc2f9c44e90260bcd2a
ACTION DOC 1200 343 EXAMINING_DOCUMENT c24261d5b2d62bc2f9c44e90260bcd2a
ACTION SNIPPET 1200 343 SEEN_PREVIOUSLY f233ecdeb87a44a6aa9ac429999d2d4c
ACTION SNIPPET 1200 343 SEEN_PREVIOUSLY 4a7c2970fd9bf65fe09c7cf46df7b06d
ACTION SNIPPET 1200 343 SEEN_PREVIOUSLY 9171debc316e5e2782e0d2404ca7d09d
ACTION SNIPPET 1200 343 SNIPPET_RELEVANT db8ae2a30ab9fe3422044c9af7e1bae0
ACTION DOC 1200 363 EXAMINING_DOCUMENT db8ae2a30ab9fe3422044c9af7e1bae0
ACTION MARK 1200 366 CONSIDERED_RELEVANT db8ae2a30ab9fe3422044c9af7e1bae0
ACTION SNIPPET 1200 366 SEEN_PREVIOUSLY f1ab493726e1e6f5dd90615d5a1b58b8
ACTION SNIPPET 1200 366 SEEN_PREVIOUSLY a5dfae0e39d5c86e8a2cc3c4294248b0
ACTION SNIPPET 1200 366 SEEN_PREVIOUSLY 34d443eec1add515a2fbc4af2c8a3a57
ACTION SNIPPET 1200 366 SNIPPET_RELEVANT 705b0b6c9f00adb467be285e36dca522
ACTION DOC 1200 386 EXAMINING_DOCUMENT 705b0b6c9f00adb467be285e36dca522
ACTION SNIPPET 1200 386 SEEN_PREVIOUSLY 7f9c94c6898e0fd0cb7b176e90ae131e
ACTION SNIPPET 1200 386 SEEN_PREVIOUSLY e3f98e030d06908bd0d7ca79fa4e097b
ACTION SNIPPET 1200 386 SEEN_PREVIOUSLY 6f01fc5c-a2b0-11e1-81b4-d0e4bf8c8fd8
ACTION SNIPPET 1200 386 SNIPPET_RELEVANT 6207232b9bc81b1f4e3f52c82a4bee1e
ACTION DOC 1200 406 EXAMINING_DOCUMENT 6207232b9bc81b1f4e3f52c82a4bee1e
ACTION SNIPPET 1200 406 SEEN_PREVIOUSLY 7018c8c25447d9c2c2a111927154db5d
ACTION SNIPPET 1200 406 SEEN_PREVIOUSLY 845380ae-6e2e-11e2-ac36-3d8d9dcaa2e2
ACTION SNIPPET 1200 406 SEEN_PREVIOUSLY 9fa0f07a-655c-11e1-8ca8-e9c037995d79
ACTION SNIPPET 1200 406 SNIPPET_RELEVANT 1f3d12c8-5bdc-43c6-bc9f-47d8f8c18a9f
ACTION DOC 1200 426 EXAMINING_DOCUMENT 1f3d12c8-5bdc-43c6-bc9f-47d8f8c18a9f
ACTION QUERY 1200 436 global female parliamentarians
ACTION SERP 1200 441 EXAMINE_SERP
ACTION SNIPPET 1200 441 SNIPPET_RELEVANT c02ac2d073c936694e7e62d1366c106f
ACTION DOC 1200 461 EXAMINING_DOCUMENT c02ac2d073c936694e7e62d1366c106f
ACTION MARK 1200 464 CONSIDERED_RELEVANT c02ac2d073c936694e7e62d1366c106f
ACTION SNIPPET 1200 464 SNIPPET_RELEVANT 8d735dd62a4a358a041036e838df3adc
ACTION DOC 1200 484 EXAMINING_DOCUMENT 8d735dd62a4a358a041036e838df3adc
ACTION MARK 1200 487 CONSIDERED_RELEVANT 8d735dd62a4a358a041036e838df3adc
ACTION SNIPPET 1200 487 SNIPPET_RELEVANT 1f11f669cc01f7fbaa1eecca623fa4a1
ACTION DOC 1200 507 EXAMINING_DOCUMENT 1f11f669cc01f7fbaa1eecca623fa4a1
ACTION MARK 1200 510 CONSIDERED_RELEVANT 1f11f669cc01f7fbaa1eecca623fa4a1
ACTION SNIPPET 1200 510 SNIPPET_RELEVANT 7b2941294290b7acc6b7e8b5907b292d
ACTION DOC 1200 530 EXAMINING_DOCUMENT 7b2941294290b7acc6b7e8b5907b292d
ACTION MARK 1200 533 CONSIDERED_RELEVANT 7b2941294290b7acc6b7e8b5907b292d
ACTION SNIPPET 1200 533 SNIPPET_RELEVANT 6f6037f1e6c8292c011eae57ca216b03
ACTION DOC 1200 553 EXAMINING_DOCUMENT 6f6037f1e6c8292c011eae57ca216b03
ACTION SNIPPET 1200 553 SNIPPET_RELEVANT 8f5895b36230630bce7717d79b8024c3
ACTION DOC 1200 573 EXAMINING_DOCUMENT 8f5895b36230630bce7717d79b8024c3
ACTION QUERY 1200 583 gender gap in legislatures
ACTION SERP 1200 588 EXAMINE_SERP
ACTION SNIPPET 1200 588 SNIPPET_RELEVANT 27612953bc67b332db33b8ed10192fbd
ACTION DOC 1200 608 EXAMINING_DOCUMENT 27612953bc67b332db33b8ed10192fbd
ACTION MARK 1200 611 CONSIDERED_RELEVANT 27612953bc67b332db33b8ed10192fbd
ACTION SNIPPET 1200 611 SNIPPET_RELEVANT 7f60ca1547ea416dbecf2b412804d376
ACTION DOC 1200 631 EXAMINING_DOCUMENT 7f60ca1547ea416dbecf2b412804d376
ACTION MARK 1200 634 CONSIDERED_RELEVANT 7f60ca1547ea416dbecf2b412804d376
ACTION SNIPPET 1200 634 SNIPPET_RELEVANT a28bc269bf5b7a3a482b39dc019c1218
ACTION DOC 1200 654 EXAMINING_DOCUMENT a28bc269bf5b7a3a482b39dc019c1218
ACTION MARK 1200 657 CONSIDERED_RELEVANT a28bc269bf5b7a3a482b39dc019c1218
ACTION SNIPPET 1200 657 SNIPPET_RELEVANT 69981b6c-ea04-11e5-b0fd-073d5930a7b7
ACTION DOC 1200 677 EXAMINING_DOCUMENT 69981b6c-ea04-11e5-b0fd-073d5930a7b7
ACTION SNIPPET 1200 677 SNIPPET_RELEVANT b69727c965a6610b99d3c06a9817e7ee
ACTION DOC 1200 697 EXAMINING_DOCUMENT b69727c965a6610b99d3c06a9817e7ee
ACTION SNIPPET 1200 697 SNIPPET_RELEVANT f1480294727b80e23b24d4deca00d6ec
ACTION DOC 1200 717 EXAMINING_DOCUMENT f1480294727b80e23b24d4deca00d6ec
ACTION QUERY 1200 727 female representation in legislatures
ACTION SERP 1200 732 EXAMINE_SERP
ACTION SNIPPET 1200 732 SNIPPET_RELEVANT eb8eeb3fde8373c9b89cc95ad63d4a92
ACTION DOC 1200 752 EXAMINING_DOCUMENT eb8eeb3fde8373c9b89cc95ad63d4a92
ACTION MARK 1200 755 CONSIDERED_RELEVANT eb8eeb3fde8373c9b89cc95ad63d4a92
ACTION SNIPPET 1200 755 SEEN_PREVIOUSLY 27612953bc67b332db33b8ed10192fbd
ACTION SNIPPET 1200 755 SNIPPET_RELEVANT af5f8d4080b0a5f5b3c8c957f602f27c
ACTION DOC 1200 775 EXAMINING_DOCUMENT af5f8d4080b0a5f5b3c8c957f602f27c
ACTION MARK 1200 778 CONSIDERED_RELEVANT af5f8d4080b0a5f5b3c8c957f602f27c
ACTION SNIPPET 1200 778 SNIPPET_RELEVANT 93ccb296-9a02-11e5-b499-76cbec161973
ACTION DOC 1200 798 EXAMINING_DOCUMENT 93ccb296-9a02-11e5-b499-76cbec161973
ACTION MARK 1200 801 CONSIDERED_RELEVANT 93ccb296-9a02-11e5-b499-76cbec161973
ACTION SNIPPET 1200 801 SEEN_PREVIOUSLY 4a7c2970fd9bf65fe09c7cf46df7b06d
ACTION SNIPPET 1200 801 SEEN_PREVIOUSLY 9171debc316e5e2782e0d2404ca7d09d
ACTION SNIPPET 1200 801 SNIPPET_RELEVANT b319e36a84e0389ecb9bc660cf500976
ACTION DOC 1200 821 EXAMINING_DOCUMENT b319e36a84e0389ecb9bc660cf500976
ACTION SNIPPET 1200 821 SNIPPET_RELEVANT 026c8dfc8025e7bafe0eec0825780fa1
ACTION DOC 1200 841 EXAMINING_DOCUMENT 026c8dfc8025e7bafe0eec0825780fa1
ACTION SNIPPET 1200 841 SNIPPET_RELEVANT 8e123fde1ffaaf2184f01e00fee60810
ACTION DOC 1200 861 EXAMINING_DOCUMENT 8e123fde1ffaaf2184f01e00fee60810
ACTION MARK 1200 864 CONSIDERED_RELEVANT 8e123fde1ffaaf2184f01e00fee60810
ACTION QUERY 1200 874 gender gap legislation
ACTION SERP 1200 879 EXAMINE_SERP
ACTION SNIPPET 1200 879 SNIPPET_RELEVANT a26a7fb4a8f12f9c2d03069342bdc1ea
ACTION DOC 1200 899 EXAMINING_DOCUMENT a26a7fb4a8f12f9c2d03069342bdc1ea
ACTION MARK 1200 902 CONSIDERED_RELEVANT a26a7fb4a8f12f9c2d03069342bdc1ea
ACTION SNIPPET 1200 902 SNIPPET_RELEVANT d367e35c-8026-11e6-a52d-9a865a0ed0d4
ACTION DOC 1200 922 EXAMINING_DOCUMENT d367e35c-8026-11e6-a52d-9a865a0ed0d4
ACTION SNIPPET 1200 922 SNIPPET_RELEVANT 9e5cff34-fcd5-11e3-8176-f2c941cf35f1
ACTION DOC 1200 942 EXAMINING_DOCUMENT 9e5cff34-fcd5-11e3-8176-f2c941cf35f1
ACTION SNIPPET 1200 942 SEEN_PREVIOUSLY 69981b6c-ea04-11e5-b0fd-073d5930a7b7
ACTION SNIPPET 1200 942 SNIPPET_RELEVANT c0a3a442-707f-11e6-9705-23e51a2f424d
ACTION DOC 1200 962 EXAMINING_DOCUMENT c0a3a442-707f-11e6-9705-23e51a2f424d
ACTION SNIPPET 1200 962 SNIPPET_RELEVANT 7b6b88ce98a521c6f43f31c79dec3caf
ACTION DOC 1200 982 EXAMINING_DOCUMENT 7b6b88ce98a521c6f43f31c79dec3caf
ACTION SNIPPET 1200 982 SEEN_PREVIOUSLY 27612953bc67b332db33b8ed10192fbd
ACTION SNIPPET 1200 982 SNIPPET_RELEVANT fb1b7c170108765743a4f260e8203ffd
ACTION DOC 1200 1002 EXAMINING_DOCUMENT fb1b7c170108765743a4f260e8203ffd
ACTION QUERY 1200 1012 Female Legislative Representation
ACTION SERP 1200 1017 EXAMINE_SERP
ACTION SNIPPET 1200 1017 SEEN_PREVIOUSLY 93ccb296-9a02-11e5-b499-76cbec161973
ACTION SNIPPET 1200 1017 SEEN_PREVIOUSLY b319e36a84e0389ecb9bc660cf500976
ACTION SNIPPET 1200 1017 SNIPPET_RELEVANT 5ce04dee45db5b904d90e3ddb38dcf70
ACTION DOC 1200 1037 EXAMINING_DOCUMENT 5ce04dee45db5b904d90e3ddb38dcf70
ACTION SNIPPET 1200 1037 SNIPPET_RELEVANT 8858df085bd655a08d66ee1dfc1a559a
ACTION DOC 1200 1057 EXAMINING_DOCUMENT 8858df085bd655a08d66ee1dfc1a559a
ACTION SNIPPET 1200 1057 SNIPPET_RELEVANT bc6b5da64d0c6447fed1bdf2cf3a10ef
ACTION DOC 1200 1077 EXAMINING_DOCUMENT bc6b5da64d0c6447fed1bdf2cf3a10ef
ACTION MARK 1200 1080 CONSIDERED_RELEVANT bc6b5da64d0c6447fed1bdf2cf3a10ef
ACTION SNIPPET 1200 1080 SEEN_PREVIOUSLY 8e123fde1ffaaf2184f01e00fee60810
ACTION SNIPPET 1200 1080 SEEN_PREVIOUSLY 27612953bc67b332db33b8ed10192fbd
ACTION SNIPPET 1200 1080 SEEN_PREVIOUSLY af5f8d4080b0a5f5b3c8c957f602f27c
ACTION SNIPPET 1200 1080 SNIPPET_RELEVANT 8cd330198af8dcce2f31de3317cd669a
ACTION DOC 1200 1100 EXAMINING_DOCUMENT 8cd330198af8dcce2f31de3317cd669a
ACTION SNIPPET 1200 1100 SNIPPET_RELEVANT 8bb28de6-350f-11e4-9f4d-24103cb8b742
ACTION DOC 1200 1120 EXAMINING_DOCUMENT 8bb28de6-350f-11e4-9f4d-24103cb8b742
ACTION SNIPPET 1200 1120 SNIPPET_RELEVANT 6fb1830402c07c49fcedfbcf38be382a
ACTION DOC 1200 1140 EXAMINING_DOCUMENT 6fb1830402c07c49fcedfbcf38be382a
ACTION MARK 1200 1143 CONSIDERED_RELEVANT 6fb1830402c07c49fcedfbcf38be382a
ACTION QUERY 1200 1153 female legislative representation
ACTION SERP 1200 1158 EXAMINE_SERP
ACTION SNIPPET 1200 1158 SEEN_PREVIOUSLY 93ccb296-9a02-11e5-b499-76cbec161973
ACTION SNIPPET 1200 1158 SEEN_PREVIOUSLY b319e36a84e0389ecb9bc660cf500976
ACTION SNIPPET 1200 1158 SEEN_PREVIOUSLY 5ce04dee45db5b904d90e3ddb38dcf70
ACTION SNIPPET 1200 1158 SEEN_PREVIOUSLY 8858df085bd655a08d66ee1dfc1a559a
ACTION SNIPPET 1200 1158 SEEN_PREVIOUSLY bc6b5da64d0c6447fed1bdf2cf3a10ef
ACTION SNIPPET 1200 1158 SEEN_PREVIOUSLY 8e123fde1ffaaf2184f01e00fee60810
ACTION SNIPPET 1200 1158 SEEN_PREVIOUSLY 27612953bc67b332db33b8ed10192fbd
ACTION SNIPPET 1200 1158 SEEN_PREVIOUSLY af5f8d4080b0a5f5b3c8c957f602f27c
ACTION SNIPPET 1200 1158 SEEN_PREVIOUSLY 8cd330198af8dcce2f31de3317cd669a
ACTION SNIPPET 1200 1158 SEEN_PREVIOUSLY 8bb28de6-350f-11e4-9f4d-24103cb8b742
ACTION SNIPPET 1200 1158 SEEN_PREVIOUSLY 6fb1830402c07c49fcedfbcf38be382a
ACTION SNIPPET 1200 1158 SNIPPET_RELEVANT eacd327b20aa77a2aa909596ae336497
ACTION DOC 1200 1178 EXAMINING_DOCUMENT eacd327b20aa77a2aa909596ae336497
ACTION MARK 1200 1181 CONSIDERED_RELEVANT eacd327b20aa77a2aa909596ae336497
ACTION SNIPPET 1200 1181 SNIPPET_RELEVANT dafe3110-4a9e-11e6-acbc-4d4870a079da
ACTION DOC 1200 1201 EXAMINING_DOCUMENT dafe3110-4a9e-11e6-acbc-4d4870a079da
INFO SUMMARY 
INFO TOTAL_QUERIES_ISSUED 9
INFO TOTAL_SNIPPETS_EXAMINED 89
INFO TOTAL_DOCUMENTS_EXAMINED 50
INFO TOTAL_DOCUMENTS_MARKED_RELEVANT 23
INFO TOTAL_ATTRACTIVE_SERP_IMPRESSIONS 9
INFO TOTAL_UNATTRACTIVE_SERP_IMPRESSIONS 0
