ACTION START 1200 0 START
ACTION QUERY 1200 10 Sony cyberattack culprit
ACTION SERP 1200 15 EXAMINE_SERP
ACTION SNIPPET 1200 15 SNIPPET_RELEVANT e062ae78-8ddb-11e4-ace9-47de1af4c3eb
ACTION DOC 1200 35 EXAMINING_DOCUMENT e062ae78-8ddb-11e4-ace9-47de1af4c3eb
ACTION SNIPPET 1200 35 SNIPPET_RELEVANT 6c3c7e3e-7b25-11e4-b821-503cc7efed9e
ACTION DOC 1200 55 EXAMINING_DOCUMENT 6c3c7e3e-7b25-11e4-b821-503cc7efed9e
ACTION SNIPPET 1200 55 SNIPPET_RELEVANT 911c5418-1bac-4307-9119-32adac212568
ACTION DOC 1200 75 EXAMINING_DOCUMENT 911c5418-1bac-4307-9119-32adac212568
ACTION SNIPPET 1200 75 SNIPPET_RELEVANT ce667980-969a-11e4-8005-1924ede3e54a
ACTION DOC 1200 95 EXAMINING_DOCUMENT ce667980-969a-11e4-8005-1924ede3e54a
ACTION SNIPPET 1200 95 SNIPPET_RELEVANT 517fc5a939679c190f17951c47862573
ACTION DOC 1200 115 EXAMINING_DOCUMENT 517fc5a939679c190f17951c47862573
ACTION SNIPPET 1200 115 SNIPPET_RELEVANT 891970d8-8878-11e4-9534-f79a23c40e6c
ACTION DOC 1200 135 EXAMINING_DOCUMENT 891970d8-8878-11e4-9534-f79a23c40e6c
ACTION QUERY 1200 145 Sony Pictures hack group
ACTION SERP 1200 150 EXAMINE_SERP
ACTION SNIPPET 1200 150 SNIPPET_RELEVANT 1886d3e8-87a5-11e4-9534-f79a23c40e6c
ACTION DOC 1200 170 EXAMINING_DOCUMENT 1886d3e8-87a5-11e4-9534-f79a23c40e6c
ACTION SNIPPET 1200 170 SNIPPET_RELEVANT 05c1aebb849b6fe51b21d471b4415fbf
ACTION DOC 1200 190 EXAMINING_DOCUMENT 05c1aebb849b6fe51b21d471b4415fbf
ACTION SNIPPET 1200 190 SNIPPET_RELEVANT 34c94234a45f162149b56996ccf31803
ACTION DOC 1200 210 EXAMINING_DOCUMENT 34c94234a45f162149b56996ccf31803
ACTION SNIPPET 1200 210 SNIPPET_RELEVANT 4f5607b59e4d707b870102c06b4b05f5
ACTION DOC 1200 230 EXAMINING_DOCUMENT 4f5607b59e4d707b870102c06b4b05f5
ACTION SNIPPET 1200 230 SNIPPET_RELEVANT 9e7a016e-8539-11e4-9534-f79a23c40e6c
ACTION DOC 1200 250 EXAMINING_DOCUMENT 9e7a016e-8539-11e4-9534-f79a23c40e6c
ACTION SNIPPET 1200 250 SNIPPET_RELEVANT 61be73b6-bc68-11e4-b274-e5209a3bc9a9
ACTION DOC 1200 270 EXAMINING_DOCUMENT 61be73b6-bc68-11e4-b274-e5209a3bc9a9
ACTION QUERY 1200 280 Sony cyberattack perpetrator
ACTION SERP 1200 285 EXAMINE_SERP
ACTION SNIPPET 1200 285 SEEN_PREVIOUSLY 6c3c7e3e-7b25-11e4-b821-503cc7efed9e
ACTION SNIPPET 1200 285 SEEN_PREVIOUSLY e062ae78-8ddb-11e4-ace9-47de1af4c3eb
ACTION SNIPPET 1200 285 SEEN_PREVIOUSLY 911c5418-1bac-4307-9119-32adac212568
ACTION SNIPPET 1200 285 SEEN_PREVIOUSLY ce667980-969a-11e4-8005-1924ede3e54a
ACTION SNIPPET 1200 285 SEEN_PREVIOUSLY 517fc5a939679c190f17951c47862573
ACTION SNIPPET 1200 285 SEEN_PREVIOUSLY 891970d8-8878-11e4-9534-f79a23c40e6c
ACTION SNIPPET 1200 285 SNIPPET_RELEVANT 56dbef5d663082005716ca2cbadb0204
ACTION DOC 1200 305 EXAMINING_DOCUMENT 56dbef5d663082005716ca2cbadb0204
ACTION SNIPPET 1200 305 SNIPPET_RELEVANT bcefea0516392741c33500e686de16c7
ACTION DOC 1200 325 EXAMINING_DOCUMENT bcefea0516392741c33500e686de16c7
ACTION SNIPPET 1200 325 SNIPPET_RELEVANT dd1bdb2a-8608-11e4-9534-f79a23c40e6c
ACTION DOC 1200 345 EXAMINING_DOCUMENT dd1bdb2a-8608-11e4-9534-f79a23c40e6c
ACTION SNIPPET 1200 345 SNIPPET_RELEVANT fc3aec60-8790-11e4-a702-fa31ff4ae98e
ACTION DOC 1200 365 EXAMINING_DOCUMENT fc3aec60-8790-11e4-a702-fa31ff4ae98e
ACTION SNIPPET 1200 365 SNIPPET_RELEVANT 8329da9e-7a65-11e4-b821-503cc7efed9e
ACTION DOC 1200 385 EXAMINING_DOCUMENT 8329da9e-7a65-11e4-b821-503cc7efed9e
ACTION SNIPPET 1200 385 SEEN_PREVIOUSLY 1886d3e8-87a5-11e4-9534-f79a23c40e6c
ACTION SNIPPET 1200 385 SNIPPET_RELEVANT 5fdbf64f910a3b852b6d9be46bacd47d
ACTION DOC 1200 405 EXAMINING_DOCUMENT 5fdbf64f910a3b852b6d9be46bacd47d
ACTION QUERY 1200 415 Sony hack suspects
ACTION SERP 1200 420 EXAMINE_SERP
ACTION SNIPPET 1200 420 SEEN_PREVIOUSLY 4f5607b59e4d707b870102c06b4b05f5
ACTION SNIPPET 1200 420 SEEN_PREVIOUSLY 34c94234a45f162149b56996ccf31803
ACTION SNIPPET 1200 420 SNIPPET_RELEVANT 60762119e4f80856b1dff68440bcf0fa
ACTION DOC 1200 440 EXAMINING_DOCUMENT 60762119e4f80856b1dff68440bcf0fa
ACTION SNIPPET 1200 440 SNIPPET_RELEVANT 01eb8324-86ea-11e4-b9b7-b8632ae73d25
ACTION DOC 1200 460 EXAMINING_DOCUMENT 01eb8324-86ea-11e4-b9b7-b8632ae73d25
ACTION SNIPPET 1200 460 SNIPPET_RELEVANT 46a5f2b4-86f5-11e4-9534-f79a23c40e6c
ACTION DOC 1200 480 EXAMINING_DOCUMENT 46a5f2b4-86f5-11e4-9534-f79a23c40e6c
ACTION SNIPPET 1200 480 SEEN_PREVIOUSLY bcefea0516392741c33500e686de16c7
ACTION SNIPPET 1200 480 SEEN_PREVIOUSLY 1886d3e8-87a5-11e4-9534-f79a23c40e6c
ACTION SNIPPET 1200 480 SEEN_PREVIOUSLY 5fdbf64f910a3b852b6d9be46bacd47d
ACTION SNIPPET 1200 480 SNIPPET_RELEVANT de8adc2ef1ec61ab0f9c0da9b2e71b3a
ACTION DOC 1200 500 EXAMINING_DOCUMENT de8adc2ef1ec61ab0f9c0da9b2e71b3a
ACTION SNIPPET 1200 500 SEEN_PREVIOUSLY 6c3c7e3e-7b25-11e4-b821-503cc7efed9e
ACTION SNIPPET 1200 500 SNIPPET_RELEVANT 6513cf120863abe12b2802da95a2d0eb
ACTION DOC 1200 520 EXAMINING_DOCUMENT 6513cf120863abe12b2802da95a2d0eb
ACTION SNIPPET 1200 520 SNIPPET_RELEVANT abd6d4ab1e0c70bb8e78c4d2860b500a
ACTION DOC 1200 540 EXAMINING_DOCUMENT abd6d4ab1e0c70bb8e78c4d2860b500a
ACTION QUERY 1200 550 Sony cyberattack perpetrators
ACTION SERP 1200 555 EXAMINE_SERP
ACTION SNIPPET 1200 555 SEEN_PREVIOUSLY 6c3c7e3e-7b25-11e4-b821-503cc7efed9e
ACTION SNIPPET 1200 555 SEEN_PREVIOUSLY e062ae78-8ddb-11e4-ace9-47de1af4c3eb
ACTION SNIPPET 1200 555 SEEN_PREVIOUSLY 911c5418-1bac-4307-9119-32adac212568
ACTION SNIPPET 1200 555 SEEN_PREVIOUSLY ce667980-969a-11e4-8005-1924ede3e54a
ACTION SNIPPET 1200 555 SEEN_PREVIOUSLY 517fc5a939679c190f17951c47862573
ACTION SNIPPET 1200 555 SEEN_PREVIOUSLY 891970d8-8878-11e4-9534-f79a23c40e6c
ACTION SNIPPET 1200 555 SEEN_PREVIOUSLY 56dbef5d663082005716ca2cbadb0204
ACTION SNIPPET 1200 555 SEEN_PREVIOUSLY bcefea0516392741c33500e686de16c7
ACTION SNIPPET 1200 555 SEEN_PREVIOUSLY dd1bdb2a-8608-11e4-9534-f79a23c40e6c
ACTION SNIPPET 1200 555 SEEN_PREVIOUSLY fc3aec60-8790-11e4-a702-fa31ff4ae98e
ACTION SNIPPET 1200 555 SEEN_PREVIOUSLY 8329da9e-7a65-11e4-b821-503cc7efed9e
ACTION SNIPPET 1200 555 SEEN_PREVIOUSLY 1886d3e8-87a5-11e4-9534-f79a23c40e6c
ACTION SNIPPET 1200 555 SEEN_PREVIOUSLY 5fdbf64f910a3b852b6d9be46bacd47d
ACTION SNIPPET 1200 555 SNIPPET_RELEVANT ffc37f8c-8885-11e4-9534-f79a23c40e6c
ACTION DOC 1200 575 EXAMINING_DOCUMENT ffc37f8c-8885-11e4-9534-f79a23c40e6c
ACTION SNIPPET 1200 575 SNIPPET_RELEVANT bbf79e3fb1b2f37ed3b4782cbdb7cce9
ACTION DOC 1200 595 EXAMINING_DOCUMENT bbf79e3fb1b2f37ed3b4782cbdb7cce9
ACTION SNIPPET 1200 595 SNIPPET_RELEVANT 16118444aee0b5ac24110ee4f5aabd9c
ACTION DOC 1200 615 EXAMINING_DOCUMENT 16118444aee0b5ac24110ee4f5aabd9c
ACTION SNIPPET 1200 615 SNIPPET_RELEVANT 3e9bd5d262c09fd65cb27862ffd5d8ef
ACTION DOC 1200 635 EXAMINING_DOCUMENT 3e9bd5d262c09fd65cb27862ffd5d8ef
ACTION SNIPPET 1200 635 SNIPPET_RELEVANT 9e84856e-8488-11e4-b9b7-b8632ae73d25
ACTION DOC 1200 655 EXAMINING_DOCUMENT 9e84856e-8488-11e4-b9b7-b8632ae73d25
ACTION SNIPPET 1200 655 SNIPPET_RELEVANT d633dc4be6ffee111e6a3efaa0cb109f
ACTION DOC 1200 675 EXAMINING_DOCUMENT d633dc4be6ffee111e6a3efaa0cb109f
ACTION QUERY 1200 685 Guardians of Peace investigation
ACTION SERP 1200 690 EXAMINE_SERP
ACTION SNIPPET 1200 690 SNIPPET_RELEVANT de662b790f0f02d75aee7f0e26f96fae
ACTION DOC 1200 710 EXAMINING_DOCUMENT de662b790f0f02d75aee7f0e26f96fae
ACTION SNIPPET 1200 710 SNIPPET_RELEVANT e8427fca-12ba-11e4-9285-4243a40ddc97
ACTION DOC 1200 730 EXAMINING_DOCUMENT e8427fca-12ba-11e4-9285-4243a40ddc97
ACTION SNIPPET 1200 730 SNIPPET_RELEVANT a8637877579a7e1c098ced602387e556
ACTION DOC 1200 750 EXAMINING_DOCUMENT a8637877579a7e1c098ced602387e556
ACTION SNIPPET 1200 750 SNIPPET_RELEVANT 4db27338-1428-11e4-98ee-daea85133bc9
ACTION DOC 1200 770 EXAMINING_DOCUMENT 4db27338-1428-11e4-98ee-daea85133bc9
ACTION SNIPPET 1200 770 SEEN_PREVIOUSLY 8329da9e-7a65-11e4-b821-503cc7efed9e
ACTION SNIPPET 1200 770 SNIPPET_RELEVANT c788fcad4f6152baab92e074486c5408
ACTION DOC 1200 790 EXAMINING_DOCUMENT c788fcad4f6152baab92e074486c5408
ACTION SNIPPET 1200 790 SNIPPET_RELEVANT e1cc46221caf305ede9ddc934e52df08
ACTION DOC 1200 810 EXAMINING_DOCUMENT e1cc46221caf305ede9ddc934e52df08
ACTION QUERY 1200 820 Cyberattack on Sony responsible
ACTION SERP 1200 825 EXAMINE_SERP
ACTION SNIPPET 1200 825 SEEN_PREVIOUSLY 6c3c7e3e-7b25-11e4-b821-503cc7efed9e
ACTION SNIPPET 1200 825 SEEN_PREVIOUSLY e062ae78-8ddb-11e4-ace9-47de1af4c3eb
ACTION SNIPPET 1200 825 SEEN_PREVIOUSLY 911c5418-1bac-4307-9119-32adac212568
ACTION SNIPPET 1200 825 SEEN_PREVIOUSLY fc3aec60-8790-11e4-a702-fa31ff4ae98e
ACTION SNIPPET 1200 825 SEEN_PREVIOUSLY ce667980-969a-11e4-8005-1924ede3e54a
ACTION SNIPPET 1200 825 SEEN_PREVIOUSLY 16118444aee0b5ac24110ee4f5aabd9c
ACTION SNIPPET 1200 825 SNIPPET_RELEVANT cd940836-7f18-11e4-81fd-8c4814dfa9d7
ACTION DOC 1200 845 EXAMINING_DOCUMENT cd940836-7f18-11e4-81fd-8c4814dfa9d7
ACTION MARK 1200 848 CONSIDERED_RELEVANT cd940836-7f18-11e4-81fd-8c4814dfa9d7
ACTION SNIPPET 1200 848 SNIPPET_RELEVANT 233ce850-86eb-11e4-9534-f79a23c40e6c
ACTION DOC 1200 868 EXAMINING_DOCUMENT 233ce850-86eb-11e4-9534-f79a23c40e6c
ACTION SNIPPET 1200 868 SEEN_PREVIOUSLY ffc37f8c-8885-11e4-9534-f79a23c40e6c
ACTION SNIPPET 1200 868 SNIPPET_RELEVANT 679185d4-9a63-11e4-96cc-e858eba91ced
ACTION DOC 1200 888 EXAMINING_DOCUMENT 679185d4-9a63-11e4-96cc-e858eba91ced
ACTION SNIPPET 1200 888 SEEN_PREVIOUSLY 517fc5a939679c190f17951c47862573
ACTION SNIPPET 1200 888 SEEN_PREVIOUSLY 891970d8-8878-11e4-9534-f79a23c40e6c
ACTION SNIPPET 1200 888 SEEN_PREVIOUSLY 56dbef5d663082005716ca2cbadb0204
ACTION SNIPPET 1200 888 SNIPPET_RELEVANT e816b44a-7cc2-11e4-9a27-6fdbc612bff8
ACTION DOC 1200 908 EXAMINING_DOCUMENT e816b44a-7cc2-11e4-9a27-6fdbc612bff8
ACTION SNIPPET 1200 908 SEEN_PREVIOUSLY bcefea0516392741c33500e686de16c7
ACTION SNIPPET 1200 908 SEEN_PREVIOUSLY 01eb8324-86ea-11e4-b9b7-b8632ae73d25
ACTION SNIPPET 1200 908 SNIPPET_RELEVANT 3e5423ae-92af-11e4-a900-9960214d4cd7
ACTION DOC 1200 928 EXAMINING_DOCUMENT 3e5423ae-92af-11e4-a900-9960214d4cd7
ACTION SNIPPET 1200 928 SEEN_PREVIOUSLY 8329da9e-7a65-11e4-b821-503cc7efed9e
ACTION SNIPPET 1200 928 SEEN_PREVIOUSLY dd1bdb2a-8608-11e4-9534-f79a23c40e6c
ACTION SNIPPET 1200 928 SEEN_PREVIOUSLY 1886d3e8-87a5-11e4-9534-f79a23c40e6c
ACTION SNIPPET 1200 928 SNIPPET_RELEVANT 37f88c67d0bd74f8b4692892dd390ea2
ACTION DOC 1200 948 EXAMINING_DOCUMENT 37f88c67d0bd74f8b4692892dd390ea2
ACTION QUERY 1200 958 Sony hack perpetrators
ACTION SERP 1200 963 EXAMINE_SERP
ACTION SNIPPET 1200 963 SNIPPET_RELEVANT 1c224df47cae21cbf7b1ab6233da65bb
ACTION DOC 1200 983 EXAMINING_DOCUMENT 1c224df47cae21cbf7b1ab6233da65bb
ACTION SNIPPET 1200 983 SEEN_PREVIOUSLY de662b790f0f02d75aee7f0e26f96fae
ACTION SNIPPET 1200 983 SEEN_PREVIOUSLY dd1bdb2a-8608-11e4-9534-f79a23c40e6c
ACTION SNIPPET 1200 983 SEEN_PREVIOUSLY 34c94234a45f162149b56996ccf31803
ACTION SNIPPET 1200 983 SEEN_PREVIOUSLY 4f5607b59e4d707b870102c06b4b05f5
ACTION SNIPPET 1200 983 SEEN_PREVIOUSLY bcefea0516392741c33500e686de16c7
ACTION SNIPPET 1200 983 SEEN_PREVIOUSLY 1886d3e8-87a5-11e4-9534-f79a23c40e6c
ACTION SNIPPET 1200 983 SEEN_PREVIOUSLY 5fdbf64f910a3b852b6d9be46bacd47d
ACTION SNIPPET 1200 983 SEEN_PREVIOUSLY de8adc2ef1ec61ab0f9c0da9b2e71b3a
ACTION SNIPPET 1200 983 SEEN_PREVIOUSLY 6c3c7e3e-7b25-11e4-b821-503cc7efed9e
ACTION SNIPPET 1200 983 SEEN_PREVIOUSLY 6513cf120863abe12b2802da95a2d0eb
ACTION SNIPPET 1200 983 SEEN_PREVIOUSLY abd6d4ab1e0c70bb8e78c4d2860b500a
ACTION SNIPPET 1200 983 SNIPPET_RELEVANT 4e9f870b7fa00e3349c7513b10b68246
ACTION DOC 1200 1003 EXAMINING_DOCUMENT 4e9f870b7fa00e3349c7513b10b68246
ACTION SNIPPET 1200 1003 SNIPPET_RELEVANT 43e9f3f12982c0e0bb15ad64b33a89c0
ACTION DOC 1200 1023 EXAMINING_DOCUMENT 43e9f3f12982c0e0bb15ad64b33a89c0
ACTION SNIPPET 1200 1023 SNIPPET_RELEVANT d8344dec7be217b6e7b0ba8109ee0a38
ACTION DOC 1200 1043 EXAMINING_DOCUMENT d8344dec7be217b6e7b0ba8109ee0a38
ACTION SNIPPET 1200 1043 SNIPPET_RELEVANT 464944fe7e9a4c2f2f3e71f2cef4c449
ACTION DOC 1200 1063 EXAMINING_DOCUMENT 464944fe7e9a4c2f2f3e71f2cef4c449
ACTION SNIPPET 1200 1063 SEEN_PREVIOUSLY 05c1aebb849b6fe51b21d471b4415fbf
ACTION SNIPPET 1200 1063 SNIPPET_RELEVANT 21666c50f87272af8f569d21d94f44dc
ACTION DOC 1200 1083 EXAMINING_DOCUMENT 21666c50f87272af8f569d21d94f44dc
ACTION QUERY 1200 1093 Responsible party Sony breach
ACTION SERP 1200 1098 EXAMINE_SERP
ACTION SNIPPET 1200 1098 SNIPPET_RELEVANT 566ce6354f7f9e444168abbcf274e16f
ACTION DOC 1200 1118 EXAMINING_DOCUMENT 566ce6354f7f9e444168abbcf274e16f
ACTION SNIPPET 1200 1118 SNIPPET_RELEVANT af7acfc0-8ae3-11e4-9e8d-0c687bc18da4
ACTION DOC 1200 1138 EXAMINING_DOCUMENT af7acfc0-8ae3-11e4-9e8d-0c687bc18da4
ACTION SNIPPET 1200 1138 SNIPPET_RELEVANT 508d6991-c242-419c-b71c-59a3d1173766
ACTION DOC 1200 1158 EXAMINING_DOCUMENT 508d6991-c242-419c-b71c-59a3d1173766
ACTION SNIPPET 1200 1158 SEEN_PREVIOUSLY 05c1aebb849b6fe51b21d471b4415fbf
ACTION SNIPPET 1200 1158 SNIPPET_RELEVANT 41d3e4c81756c27d552716e0fe52312f
ACTION DOC 1200 1178 EXAMINING_DOCUMENT 41d3e4c81756c27d552716e0fe52312f
ACTION SNIPPET 1200 1178 SNIPPET_RELEVANT 2929b608-4cf1-11e1-95b2-656c26bc661a
ACTION DOC 1200 1198 EXAMINING_DOCUMENT 2929b608-4cf1-11e1-95b2-656c26bc661a
ACTION SNIPPET 1200 1198 SEEN_PREVIOUSLY 60762119e4f80856b1dff68440bcf0fa
ACTION SNIPPET 1200 1198 SEEN_PREVIOUSLY 4f5607b59e4d707b870102c06b4b05f5
ACTION SNIPPET 1200 1198 SNIPPET_RELEVANT b399c711f649eb374bbf82de6f6eae52
ACTION DOC 1200 1218 EXAMINING_DOCUMENT b399c711f649eb374bbf82de6f6eae52
INFO SUMMARY 
INFO TOTAL_QUERIES_ISSUED 9
INFO TOTAL_SNIPPETS_EXAMINED 111
INFO TOTAL_DOCUMENTS_EXAMINED 54
INFO TOTAL_DOCUMENTS_MARKED_RELEVANT 1
INFO TOTAL_ATTRACTIVE_SERP_IMPRESSIONS 9
INFO TOTAL_UNATTRACTIVE_SERP_IMPRESSIONS 0
