ACTION START 1200 0 START
ACTION QUERY 1200 10 invasive species edible
ACTION SERP 1200 15 EXAMINE_SERP
ACTION SNIPPET 1200 15 SNIPPET_RELEVANT 3e44d366fff0211be197742226ced85b
ACTION DOC 1200 35 EXAMINING_DOCUMENT 3e44d366fff0211be197742226ced85b
ACTION MARK 1200 38 CONSIDERED_RELEVANT 3e44d366fff0211be197742226ced85b
ACTION SNIPPET 1200 38 SNIPPET_RELEVANT e61cbb4c-e449-11e3-8f90-73e071f3d637
ACTION DOC 1200 58 EXAMINING_DOCUMENT e61cbb4c-e449-11e3-8f90-73e071f3d637
ACTION MARK 1200 61 CONSIDERED_RELEVANT e61cbb4c-e449-11e3-8f90-73e071f3d637
ACTION SNIPPET 1200 61 SNIPPET_RELEVANT f3f3b5a67ab3abedfb7c85a00d1bdf68
ACTION DOC 1200 81 EXAMINING_DOCUMENT f3f3b5a67ab3abedfb7c85a00d1bdf68
ACTION SNIPPET 1200 81 SNIPPET_RELEVANT ac0f0774-4e8d-11e6-aa14-e0c1087f7583
ACTION DOC 1200 101 EXAMINING_DOCUMENT ac0f0774-4e8d-11e6-aa14-e0c1087f7583
ACTION SNIPPET 1200 101 SNIPPET_RELEVANT c3a02c22-71f3-11e1-958a-fd4578434472
ACTION DOC 1200 121 EXAMINING_DOCUMENT c3a02c22-71f3-11e1-958a-fd4578434472
ACTION SNIPPET 1200 121 SNIPPET_RELEVANT 259d04df8872a28df3513b0d7da6f139
ACTION DOC 1200 141 EXAMINING_DOCUMENT 259d04df8872a28df3513b0d7da6f139
ACTION QUERY 1200 151 eating invasive animals
ACTION SERP 1200 156 EXAMINE_SERP
ACTION SNIPPET 1200 156 SNIPPET_RELEVANT 11e179b59bd93810df5c4c2239d6d5ab
ACTION DOC 1200 176 EXAMINING_DOCUMENT 11e179b59bd93810df5c4c2239d6d5ab
ACTION SNIPPET 1200 176 SNIPPET_RELEVANT d3f8f80afc991385afc6eedaab8c248f
ACTION DOC 1200 196 EXAMINING_DOCUMENT d3f8f80afc991385afc6eedaab8c248f
ACTION SNIPPET 1200 196 SNIPPET_RELEVANT 6fe19c2e-d2a1-11e6-9cb0-54ab630851e8
ACTION DOC 1200 216 EXAMINING_DOCUMENT 6fe19c2e-d2a1-11e6-9cb0-54ab630851e8
ACTION SNIPPET 1200 216 SNIPPET_RELEVANT 40459b20498a37a91caffbf2ea64fa1b
ACTION DOC 1200 236 EXAMINING_DOCUMENT 40459b20498a37a91caffbf2ea64fa1b
ACTION SNIPPET 1200 236 SNIPPET_RELEVANT f64bb93aca991a17d9ec36b2e293187e
ACTION DOC 1200 256 EXAMINING_DOCUMENT f64bb93aca991a17d9ec36b2e293187e
ACTION SNIPPET 1200 256 SNIPPET_RELEVANT 75e5fe3c-3afc-11e5-b3ac-8a79bc44e5e2
ACTION DOC 1200 276 EXAMINING_DOCUMENT 75e5fe3c-3afc-11e5-b3ac-8a79bc44e5e2
ACTION MARK 1200 279 CONSIDERED_RELEVANT 75e5fe3c-3afc-11e5-b3ac-8a79bc44e5e2
ACTION QUERY 1200 289 controlling invasives through consumption
ACTION SERP 1200 294 EXAMINE_SERP
ACTION SNIPPET 1200 294 SNIPPET_RELEVANT 91275a9e-3a60-11e4-9c9f-ebb47272e40e
ACTION DOC 1200 314 EXAMINING_DOCUMENT 91275a9e-3a60-11e4-9c9f-ebb47272e40e
ACTION SNIPPET 1200 314 SNIPPET_RELEVANT 5653a51e-1883-11e6-aa55-670cabef46e0
ACTION DOC 1200 334 EXAMINING_DOCUMENT 5653a51e-1883-11e6-aa55-670cabef46e0
ACTION SNIPPET 1200 334 SNIPPET_RELEVANT 32efc18a-547a-11e4-809b-8cc0a295c773
ACTION DOC 1200 354 EXAMINING_DOCUMENT 32efc18a-547a-11e4-809b-8cc0a295c773
ACTION MARK 1200 357 CONSIDERED_RELEVANT 32efc18a-547a-11e4-809b-8cc0a295c773
ACTION SNIPPET 1200 357 SNIPPET_RELEVANT a3f481599964bf68205aecf9256312b4
ACTION DOC 1200 377 EXAMINING_DOCUMENT a3f481599964bf68205aecf9256312b4
ACTION SNIPPET 1200 377 SNIPPET_RELEVANT 10a738c40a4b4aa44aba6ec41f8b3725
ACTION DOC 1200 397 EXAMINING_DOCUMENT 10a738c40a4b4aa44aba6ec41f8b3725
ACTION SNIPPET 1200 397 SNIPPET_RELEVANT 08345d83978945ab0b6bb58461d6ba57
ACTION DOC 1200 417 EXAMINING_DOCUMENT 08345d83978945ab0b6bb58461d6ba57
ACTION QUERY 1200 427 invasive fish recipes
ACTION SERP 1200 432 EXAMINE_SERP
ACTION SNIPPET 1200 432 SNIPPET_RELEVANT 0d4447c2-2407-11e6-aa84-42391ba52c91
ACTION DOC 1200 452 EXAMINING_DOCUMENT 0d4447c2-2407-11e6-aa84-42391ba52c91
ACTION MARK 1200 455 CONSIDERED_RELEVANT 0d4447c2-2407-11e6-aa84-42391ba52c91
ACTION SNIPPET 1200 455 SNIPPET_RELEVANT 5490e634-851e-11e2-9d71-f0feafdd1394
ACTION DOC 1200 475 EXAMINING_DOCUMENT 5490e634-851e-11e2-9d71-f0feafdd1394
ACTION SNIPPET 1200 475 SNIPPET_RELEVANT d8467c08-6bf7-11e3-a523-fe73f0ff6b8d
ACTION DOC 1200 495 EXAMINING_DOCUMENT d8467c08-6bf7-11e3-a523-fe73f0ff6b8d
ACTION SNIPPET 1200 495 SNIPPET_RELEVANT f8a6d804-79a0-11e5-bc80-9091021aeb69
ACTION DOC 1200 515 EXAMINING_DOCUMENT f8a6d804-79a0-11e5-bc80-9091021aeb69
ACTION MARK 1200 518 CONSIDERED_RELEVANT f8a6d804-79a0-11e5-bc80-9091021aeb69
ACTION SNIPPET 1200 518 SEEN_PREVIOUSLY e61cbb4c-e449-11e3-8f90-73e071f3d637
ACTION SNIPPET 1200 518 SNIPPET_RELEVANT a7fa9618-4299-11e5-846d-02792f854297
ACTION DOC 1200 538 EXAMINING_DOCUMENT a7fa9618-4299-11e5-846d-02792f854297
ACTION SNIPPET 1200 538 SNIPPET_RELEVANT 14ee8df132ac705b1222c05b6166caad
ACTION DOC 1200 558 EXAMINING_DOCUMENT 14ee8df132ac705b1222c05b6166caad
ACTION MARK 1200 561 CONSIDERED_RELEVANT 14ee8df132ac705b1222c05b6166caad
ACTION QUERY 1200 571 edible invasive plants
ACTION SERP 1200 576 EXAMINE_SERP
ACTION SNIPPET 1200 576 SNIPPET_RELEVANT e447bfd8-4789-11e1-ac5a-877c11c519ad
ACTION DOC 1200 596 EXAMINING_DOCUMENT e447bfd8-4789-11e1-ac5a-877c11c519ad
ACTION SNIPPET 1200 596 SNIPPET_RELEVANT 15b2884c-165a-11e7-833c-503e1f6394c9
ACTION DOC 1200 616 EXAMINING_DOCUMENT 15b2884c-165a-11e7-833c-503e1f6394c9
ACTION SNIPPET 1200 616 SNIPPET_RELEVANT e61024f4-a986-11e1-bd2b-15b0b96b652a
ACTION DOC 1200 636 EXAMINING_DOCUMENT e61024f4-a986-11e1-bd2b-15b0b96b652a
ACTION SNIPPET 1200 636 SNIPPET_RELEVANT 88a3c721ac2c5a0f945a53503e283466
ACTION DOC 1200 656 EXAMINING_DOCUMENT 88a3c721ac2c5a0f945a53503e283466
ACTION SNIPPET 1200 656 SNIPPET_RELEVANT 7308a290-2e8a-11e7-9dec-764dc781686f
ACTION DOC 1200 676 EXAMINING_DOCUMENT 7308a290-2e8a-11e7-9dec-764dc781686f
ACTION SNIPPET 1200 676 SNIPPET_RELEVANT 41aca7f2-f340-11e2-8464-57e57af86290
ACTION DOC 1200 696 EXAMINING_DOCUMENT 41aca7f2-f340-11e2-8464-57e57af86290
ACTION QUERY 1200 706 invasive species cuisine
ACTION SERP 1200 711 EXAMINE_SERP
ACTION SNIPPET 1200 711 SEEN_PREVIOUSLY e61cbb4c-e449-11e3-8f90-73e071f3d637
ACTION SNIPPET 1200 711 SEEN_PREVIOUSLY f3f3b5a67ab3abedfb7c85a00d1bdf68
ACTION SNIPPET 1200 711 SEEN_PREVIOUSLY ac0f0774-4e8d-11e6-aa14-e0c1087f7583
ACTION SNIPPET 1200 711 SEEN_PREVIOUSLY c3a02c22-71f3-11e1-958a-fd4578434472
ACTION SNIPPET 1200 711 SEEN_PREVIOUSLY 14ee8df132ac705b1222c05b6166caad
ACTION SNIPPET 1200 711 SNIPPET_RELEVANT 355d90baec651dead078a67af4ca722a
ACTION DOC 1200 731 EXAMINING_DOCUMENT 355d90baec651dead078a67af4ca722a
ACTION SNIPPET 1200 731 SNIPPET_RELEVANT 3c299500c63886fb798ccea0c9277c53
ACTION DOC 1200 751 EXAMINING_DOCUMENT 3c299500c63886fb798ccea0c9277c53
ACTION SNIPPET 1200 751 SNIPPET_RELEVANT eee98d2c-08ea-11e7-bd19-fd3afa0f7e2a
ACTION DOC 1200 771 EXAMINING_DOCUMENT eee98d2c-08ea-11e7-bd19-fd3afa0f7e2a
ACTION SNIPPET 1200 771 SNIPPET_RELEVANT 8b773fd7b1bb49f07e065a9157349c3c
ACTION DOC 1200 791 EXAMINING_DOCUMENT 8b773fd7b1bb49f07e065a9157349c3c
ACTION MARK 1200 794 CONSIDERED_RELEVANT 8b773fd7b1bb49f07e065a9157349c3c
ACTION SNIPPET 1200 794 SNIPPET_RELEVANT d1dc0b447d5170f454638467d15d35fc
ACTION DOC 1200 814 EXAMINING_DOCUMENT d1dc0b447d5170f454638467d15d35fc
ACTION MARK 1200 817 CONSIDERED_RELEVANT d1dc0b447d5170f454638467d15d35fc
ACTION SNIPPET 1200 817 SNIPPET_RELEVANT c55588edc98f521daf95093ebb0c6282
ACTION DOC 1200 837 EXAMINING_DOCUMENT c55588edc98f521daf95093ebb0c6282
ACTION QUERY 1200 847 wildlife control through eating
ACTION SERP 1200 852 EXAMINE_SERP
ACTION SNIPPET 1200 852 SNIPPET_RELEVANT a8760458-b4a1-11e1-92df-14cd260b161d
ACTION DOC 1200 872 EXAMINING_DOCUMENT a8760458-b4a1-11e1-92df-14cd260b161d
ACTION SNIPPET 1200 872 SNIPPET_RELEVANT f418f30c-f7cf-11e3-a3a5-42be35962a52
ACTION DOC 1200 892 EXAMINING_DOCUMENT f418f30c-f7cf-11e3-a3a5-42be35962a52
ACTION SNIPPET 1200 892 SNIPPET_RELEVANT d7b98af2-8dc9-11e3-95dd-36ff657a4dae
ACTION DOC 1200 912 EXAMINING_DOCUMENT d7b98af2-8dc9-11e3-95dd-36ff657a4dae
ACTION SNIPPET 1200 912 SNIPPET_RELEVANT ca8f221a-c789-11e4-bea5-b893e7ac3fb3
ACTION DOC 1200 932 EXAMINING_DOCUMENT ca8f221a-c789-11e4-bea5-b893e7ac3fb3
ACTION SNIPPET 1200 932 SNIPPET_RELEVANT 9f15ec26-67a8-11e5-9ef3-fde182507eac
ACTION DOC 1200 952 EXAMINING_DOCUMENT 9f15ec26-67a8-11e5-9ef3-fde182507eac
ACTION SNIPPET 1200 952 SNIPPET_RELEVANT c749b3b2-5e8b-11e3-bc56-c6ca94801fac
ACTION DOC 1200 972 EXAMINING_DOCUMENT c749b3b2-5e8b-11e3-bc56-c6ca94801fac
ACTION QUERY 1200 982 invasive animal cooking
ACTION SERP 1200 987 EXAMINE_SERP
ACTION SNIPPET 1200 987 SNIPPET_RELEVANT 3ed9ccc3cd98985339670c126eecad94
ACTION DOC 1200 1007 EXAMINING_DOCUMENT 3ed9ccc3cd98985339670c126eecad94
ACTION SNIPPET 1200 1007 SEEN_PREVIOUSLY 32efc18a-547a-11e4-809b-8cc0a295c773
ACTION SNIPPET 1200 1007 SEEN_PREVIOUSLY 11e179b59bd93810df5c4c2239d6d5ab
ACTION SNIPPET 1200 1007 SEEN_PREVIOUSLY d3f8f80afc991385afc6eedaab8c248f
ACTION SNIPPET 1200 1007 SNIPPET_RELEVANT 260b56859a038b4185d0d751b68c2bdf
ACTION DOC 1200 1027 EXAMINING_DOCUMENT 260b56859a038b4185d0d751b68c2bdf
ACTION SNIPPET 1200 1027 SNIPPET_RELEVANT a49c0a159d7af81cb19da6ec168dd618
ACTION DOC 1200 1047 EXAMINING_DOCUMENT a49c0a159d7af81cb19da6ec168dd618
ACTION SNIPPET 1200 1047 SNIPPET_RELEVANT b70f34bc-b112-11e2-9a98-4be1688d7d84
ACTION DOC 1200 1067 EXAMINING_DOCUMENT b70f34bc-b112-11e2-9a98-4be1688d7d84
ACTION SNIPPET 1200 1067 SNIPPET_RELEVANT 003b5a8eed4e0dd279ba63a6e1f29d66
ACTION DOC 1200 1087 EXAMINING_DOCUMENT 003b5a8eed4e0dd279ba63a6e1f29d66
ACTION SNIPPET 1200 1087 SNIPPET_RELEVANT c47fd4ed0b04042a7ce4fa1988e2f2be
ACTION DOC 1200 1107 EXAMINING_DOCUMENT c47fd4ed0b04042a7ce4fa1988e2f2be
ACTION QUERY 1200 1117 eradicating invasives by eating
ACTION SERP 1200 1122 EXAMINE_SERP
ACTION SNIPPET 1200 1122 SNIPPET_RELEVANT 9319037a-af39-11e1-a163-d43a3ca733b4
ACTION DOC 1200 1142 EXAMINING_DOCUMENT 9319037a-af39-11e1-a163-d43a3ca733b4
ACTION SNIPPET 1200 1142 SNIPPET_RELEVANT 35368a40ba06a61892a1e50f24e38609
ACTION DOC 1200 1162 EXAMINING_DOCUMENT 35368a40ba06a61892a1e50f24e38609
ACTION SNIPPET 1200 1162 SNIPPET_RELEVANT aa4077ca-52b9-11e3-9e2c-e1d01116fd98
ACTION DOC 1200 1182 EXAMINING_DOCUMENT aa4077ca-52b9-11e3-9e2c-e1d01116fd98
ACTION MARK 1200 1185 CONSIDERED_RELEVANT aa4077ca-52b9-11e3-9e2c-e1d01116fd98
ACTION SNIPPET 1200 1185 SEEN_PREVIOUSLY 11e179b59bd93810df5c4c2239d6d5ab
ACTION SNIPPET 1200 1185 SEEN_PREVIOUSLY 355d90baec651dead078a67af4ca722a
ACTION SNIPPET 1200 1185 SEEN_PREVIOUSLY d3f8f80afc991385afc6eedaab8c248f
ACTION SNIPPET 1200 1185 SNIPPET_RELEVANT b029b832b1c5d49327c76d3da13c2315
ACTION DOC 1200 1205 EXAMINING_DOCUMENT b029b832b1c5d49327c76d3da13c2315
INFO SUMMARY 
INFO TOTAL_QUERIES_ISSUED 9
INFO TOTAL_SNIPPETS_EXAMINED 64
INFO TOTAL_DOCUMENTS_EXAMINED 52
INFO TOTAL_DOCUMENTS_MARKED_RELEVANT 10
INFO TOTAL_ATTRACTIVE_SERP_IMPRESSIONS 9
INFO TOTAL_UNATTRACTIVE_SERP_IMPRESSIONS 0
