ACTION START 1200 0 START
ACTION QUERY 1200 10 invasive species edible
ACTION SERP 1200 15 EXAMINE_SERP
ACTION SNIPPET 1200 15 SNIPPET_NOT_RELEVANT 3e44d366fff0211be197742226ced85b
ACTION SNIPPET 1200 15 SNIPPET_RELEVANT e61cbb4c-e449-11e3-8f90-73e071f3d637
ACTION DOC 1200 35 EXAMINING_DOCUMENT e61cbb4c-e449-11e3-8f90-73e071f3d637
ACTION MARK 1200 38 CONSIDERED_RELEVANT e61cbb4c-e449-11e3-8f90-73e071f3d637
ACTION SNIPPET 1200 38 SNIPPET_NOT_RELEVANT f3f3b5a67ab3abedfb7c85a00d1bdf68
ACTION SNIPPET 1200 38 SNIPPET_NOT_RELEVANT ac0f0774-4e8d-11e6-aa14-e0c1087f7583
ACTION SNIPPET 1200 38 SNIPPET_NOT_RELEVANT c3a02c22-71f3-11e1-958a-fd4578434472
ACTION SNIPPET 1200 38 SNIPPET_NOT_RELEVANT 259d04df8872a28df3513b0d7da6f139
ACTION SNIPPET 1200 38 SNIPPET_NOT_RELEVANT 4e2802e9ef42d2f6b4c5ba3365e38f00
ACTION SNIPPET 1200 38 SNIPPET_NOT_RELEVANT 14ee8df132ac705b1222c05b6166caad
ACTION SNIPPET 1200 38 SNIPPET_NOT_RELEVANT c8a6a344-bd7a-11e2-89c9-3be8095fe767
ACTION SNIPPET 1200 38 SNIPPET_RELEVANT 355d90baec651dead078a67af4ca722a
ACTION DOC 1200 58 EXAMINING_DOCUMENT 355d90baec651dead078a67af4ca722a
ACTION MARK 1200 61 CONSIDERED_RELEVANT 355d90baec651dead078a67af4ca722a
ACTION SNIPPET 1200 61 SNIPPET_NOT_RELEVANT 3c299500c63886fb798ccea0c9277c53
ACTION SNIPPET 1200 61 SNIPPET_NOT_RELEVANT e61024f4-a986-11e1-bd2b-15b0b96b652a
ACTION SNIPPET 1200 61 SNIPPET_NOT_RELEVANT eee98d2c-08ea-11e7-bd19-fd3afa0f7e2a
ACTION SNIPPET 1200 61 SNIPPET_NOT_RELEVANT 8b773fd7b1bb49f07e065a9157349c3c
ACTION SNIPPET 1200 61 SNIPPET_NOT_RELEVANT d1dc0b447d5170f454638467d15d35fc
ACTION SNIPPET 1200 61 SNIPPET_NOT_RELEVANT c55588edc98f521daf95093ebb0c6282
ACTION SNIPPET 1200 61 SNIPPET_NOT_RELEVANT fe1c7f6372a5cae043e6054f52388ce2
ACTION SNIPPET 1200 61 SNIPPET_NOT_RELEVANT 9dac85dd57cb28a6c24fc4ea1e7a32d5
ACTION SNIPPET 1200 61 SNIPPET_NOT_RELEVANT d69bb5166132bed0e845f7cc42d683d1
ACTION SNIPPET 1200 61 SNIPPET_NOT_RELEVANT 849b9449854b579542b7c8595f371902
ACTION SNIPPET 1200 61 SNIPPET_NOT_RELEVANT 11e179b59bd93810df5c4c2239d6d5ab
ACTION SNIPPET 1200 61 SNIPPET_NOT_RELEVANT d3f8f80afc991385afc6eedaab8c248f
ACTION SNIPPET 1200 61 SNIPPET_NOT_RELEVANT 70be3016-25ab-11e5-b621-b55e495e9b78
ACTION SNIPPET 1200 61 SNIPPET_NOT_RELEVANT 459c1c9e-c2f3-11e2-914f-a7aba60512a7
ACTION SNIPPET 1200 61 SNIPPET_NOT_RELEVANT f6d97a12ec0b8539880bb3fddc33b50d
ACTION SNIPPET 1200 61 SNIPPET_NOT_RELEVANT 6d24a41e-3ff5-11e3-a751-f032898f2dbc
ACTION SNIPPET 1200 61 SNIPPET_NOT_RELEVANT 4679869bc07ec0bafd0bcf991e4e1a7a
ACTION SNIPPET 1200 61 SNIPPET_NOT_RELEVANT 9e0a26aa-bb67-11e4-9dfb-03366e719af8
ACTION SNIPPET 1200 61 SNIPPET_NOT_RELEVANT 35368a40ba06a61892a1e50f24e38609
ACTION SNIPPET 1200 61 SNIPPET_NOT_RELEVANT 1ef299c1a292257d7162f004fb2a3e42
ACTION SNIPPET 1200 61 SNIPPET_NOT_RELEVANT 488773721f2376616d11e329027584d6
ACTION SNIPPET 1200 61 SNIPPET_NOT_RELEVANT 003b5a8eed4e0dd279ba63a6e1f29d66
ACTION SNIPPET 1200 61 SNIPPET_NOT_RELEVANT 54815403a2ecd6501d7c2761af185527
ACTION SNIPPET 1200 61 SNIPPET_NOT_RELEVANT 318819e8d7569223f051e5a26c471e31
ACTION SNIPPET 1200 61 SNIPPET_NOT_RELEVANT f1d988a573979dcf091a6ecb1db56f45
ACTION SNIPPET 1200 61 SNIPPET_NOT_RELEVANT a0563b1c-1dca-11e6-b6e0-c53b7ef63b45
ACTION SNIPPET 1200 61 SNIPPET_NOT_RELEVANT 4ae8cd288cf8693976711b31cf3124aa
ACTION SNIPPET 1200 61 SNIPPET_NOT_RELEVANT 1a47918c-d48a-11e3-8a78-8fe50322a72c
ACTION SNIPPET 1200 61 SNIPPET_NOT_RELEVANT 4f813ab0-7657-11e3-a647-a19deaf575b3
ACTION SNIPPET 1200 61 SNIPPET_NOT_RELEVANT f3b7f422-6f08-11e2-8b8d-e0b59a1b8e2a
ACTION SNIPPET 1200 61 SNIPPET_NOT_RELEVANT 9819914a86a4d902a3846e04e21561d3
ACTION SNIPPET 1200 61 SNIPPET_NOT_RELEVANT 9319037a-af39-11e1-a163-d43a3ca733b4
ACTION SNIPPET 1200 61 SNIPPET_NOT_RELEVANT 48d6825a-b1e1-11e2-9fb1-62de9581c946
ACTION SNIPPET 1200 61 SNIPPET_NOT_RELEVANT 541acc4a-8b2e-11e2-9838-d62f083ba93f
ACTION SNIPPET 1200 61 SNIPPET_NOT_RELEVANT 66b784c23870052b4b19f103265b020f
ACTION SNIPPET 1200 61 SNIPPET_NOT_RELEVANT be7daa5292ff8ae8cac0187313268071
ACTION SNIPPET 1200 61 SNIPPET_RELEVANT 862e0058-4080-11e5-8d45-d815146f81fa
ACTION DOC 1200 81 EXAMINING_DOCUMENT 862e0058-4080-11e5-8d45-d815146f81fa
ACTION MARK 1200 84 CONSIDERED_RELEVANT 862e0058-4080-11e5-8d45-d815146f81fa
ACTION SNIPPET 1200 84 SNIPPET_NOT_RELEVANT f16c7a03b941c123fc24c4d6ef92ad9f
ACTION SNIPPET 1200 84 SNIPPET_NOT_RELEVANT 1fc953d2a8b00c88d26d0383b10e342b
ACTION SNIPPET 1200 84 SNIPPET_RELEVANT f8a6d804-79a0-11e5-bc80-9091021aeb69
ACTION DOC 1200 104 EXAMINING_DOCUMENT f8a6d804-79a0-11e5-bc80-9091021aeb69
ACTION MARK 1200 107 CONSIDERED_RELEVANT f8a6d804-79a0-11e5-bc80-9091021aeb69
ACTION SNIPPET 1200 107 SNIPPET_NOT_RELEVANT b029b832b1c5d49327c76d3da13c2315
ACTION SNIPPET 1200 107 SNIPPET_NOT_RELEVANT ab06f79c470fb4a74d001df8a43c2a2b
ACTION SNIPPET 1200 107 SNIPPET_RELEVANT 75e5fe3c-3afc-11e5-b3ac-8a79bc44e5e2
ACTION DOC 1200 127 EXAMINING_DOCUMENT 75e5fe3c-3afc-11e5-b3ac-8a79bc44e5e2
ACTION MARK 1200 130 CONSIDERED_RELEVANT 75e5fe3c-3afc-11e5-b3ac-8a79bc44e5e2
ACTION QUERY 1200 140 eating invasive animals
ACTION SERP 1200 145 EXAMINE_SERP
ACTION SNIPPET 1200 145 SNIPPET_NOT_RELEVANT 11e179b59bd93810df5c4c2239d6d5ab
ACTION SNIPPET 1200 145 SNIPPET_NOT_RELEVANT d3f8f80afc991385afc6eedaab8c248f
ACTION SNIPPET 1200 145 SNIPPET_NOT_RELEVANT 6fe19c2e-d2a1-11e6-9cb0-54ab630851e8
ACTION SNIPPET 1200 145 SNIPPET_RELEVANT 40459b20498a37a91caffbf2ea64fa1b
ACTION DOC 1200 165 EXAMINING_DOCUMENT 40459b20498a37a91caffbf2ea64fa1b
ACTION MARK 1200 168 CONSIDERED_RELEVANT 40459b20498a37a91caffbf2ea64fa1b
ACTION SNIPPET 1200 168 SNIPPET_RELEVANT f64bb93aca991a17d9ec36b2e293187e
ACTION DOC 1200 188 EXAMINING_DOCUMENT f64bb93aca991a17d9ec36b2e293187e
ACTION MARK 1200 191 CONSIDERED_RELEVANT f64bb93aca991a17d9ec36b2e293187e
ACTION SNIPPET 1200 191 SEEN_PREVIOUSLY 75e5fe3c-3afc-11e5-b3ac-8a79bc44e5e2
ACTION SNIPPET 1200 191 SNIPPET_NOT_RELEVANT 7d18097bdb47a92e04e3a0c629128d54
ACTION SNIPPET 1200 191 SNIPPET_NOT_RELEVANT 32efc18a-547a-11e4-809b-8cc0a295c773
ACTION SNIPPET 1200 191 SNIPPET_NOT_RELEVANT 35368a40ba06a61892a1e50f24e38609
ACTION SNIPPET 1200 191 SEEN_PREVIOUSLY e61cbb4c-e449-11e3-8f90-73e071f3d637
ACTION SNIPPET 1200 191 SNIPPET_NOT_RELEVANT e4df1712-1e02-11e6-8c7b-6931e66333e7
ACTION SNIPPET 1200 191 SNIPPET_NOT_RELEVANT 69dfc36c-f191-11e3-b140-bd7309109588
ACTION SNIPPET 1200 191 SNIPPET_NOT_RELEVANT ddbb9095ca5aad4f23f1c9c0a6599600
ACTION SNIPPET 1200 191 SNIPPET_NOT_RELEVANT 3ed9ccc3cd98985339670c126eecad94
ACTION SNIPPET 1200 191 SNIPPET_NOT_RELEVANT aa4077ca-52b9-11e3-9e2c-e1d01116fd98
ACTION SNIPPET 1200 191 SNIPPET_NOT_RELEVANT a098cc44-ff81-11e2-9711-3708310f6f4d
ACTION SNIPPET 1200 191 SNIPPET_NOT_RELEVANT c085348a0953b5db7f6e1cacaab92352
ACTION SNIPPET 1200 191 SNIPPET_NOT_RELEVANT 9a2dca6a-ad3d-11e4-ad71-7b9eba0f87d6
ACTION SNIPPET 1200 191 SNIPPET_NOT_RELEVANT 1c7fd425d31029ddc90865ff2511ee26
ACTION SNIPPET 1200 191 SNIPPET_NOT_RELEVANT 4ece2132-7426-11e4-a5b2-e1217af6b33d
ACTION SNIPPET 1200 191 SNIPPET_NOT_RELEVANT 58cab268-aa37-11e3-8599-ce7295b6851c
ACTION SNIPPET 1200 191 SNIPPET_NOT_RELEVANT b85d5372-72dc-11e2-ac36-3d8d9dcaa2e2
ACTION SNIPPET 1200 191 SNIPPET_NOT_RELEVANT c06d330772ce557b5b2d3e85531336d2
ACTION SNIPPET 1200 191 SNIPPET_NOT_RELEVANT d69bb5166132bed0e845f7cc42d683d1
ACTION SNIPPET 1200 191 SNIPPET_NOT_RELEVANT c252cf88-8a7f-11e6-875e-2c1bfe943b66
ACTION SNIPPET 1200 191 SNIPPET_NOT_RELEVANT 04b97536-4b77-11e1-8269-c719533b4b13
ACTION SNIPPET 1200 191 SNIPPET_NOT_RELEVANT 403b5cc108b67dc1601cdf06015bf3c3
ACTION SNIPPET 1200 191 SNIPPET_NOT_RELEVANT 66b784c23870052b4b19f103265b020f
ACTION SNIPPET 1200 191 SNIPPET_NOT_RELEVANT 03bb5ba2-6d60-11e7-b9e2-2056e768a7e5
ACTION SNIPPET 1200 191 SNIPPET_RELEVANT 7e14226e-68e0-11e2-af53-7b2b2a7510a8
ACTION DOC 1200 211 EXAMINING_DOCUMENT 7e14226e-68e0-11e2-af53-7b2b2a7510a8
ACTION MARK 1200 214 CONSIDERED_RELEVANT 7e14226e-68e0-11e2-af53-7b2b2a7510a8
ACTION SNIPPET 1200 214 SNIPPET_NOT_RELEVANT f336e3824b20f7d3288c36a058e5d905
ACTION SNIPPET 1200 214 SNIPPET_NOT_RELEVANT c749b3b2-5e8b-11e3-bc56-c6ca94801fac
ACTION SNIPPET 1200 214 SNIPPET_NOT_RELEVANT 2da95d6b93a702311d133cdc786394bb
ACTION SNIPPET 1200 214 SNIPPET_NOT_RELEVANT 328aef68-47dc-11e3-a196-3544a03c2351
ACTION SNIPPET 1200 214 SNIPPET_NOT_RELEVANT 260b56859a038b4185d0d751b68c2bdf
ACTION SNIPPET 1200 214 SNIPPET_NOT_RELEVANT e2dfcb2a-4f9b-11e2-8b49-64675006147f
ACTION SNIPPET 1200 214 SNIPPET_NOT_RELEVANT a49c0a159d7af81cb19da6ec168dd618
ACTION SNIPPET 1200 214 SNIPPET_NOT_RELEVANT b70f34bc-b112-11e2-9a98-4be1688d7d84
ACTION SNIPPET 1200 214 SNIPPET_NOT_RELEVANT 003b5a8eed4e0dd279ba63a6e1f29d66
ACTION SNIPPET 1200 214 SNIPPET_NOT_RELEVANT 418bed9efb2c1d855be6ecfbe5cc69f7
ACTION SNIPPET 1200 214 SNIPPET_NOT_RELEVANT 1af3e6e6-39d7-11e4-8601-97ba88884ffd
ACTION SNIPPET 1200 214 SNIPPET_NOT_RELEVANT 9855cdc8-19f6-11e7-855e-4824bbb5d748
ACTION SNIPPET 1200 214 SNIPPET_NOT_RELEVANT 180cf676-67ba-11e1-86ad-8919cb4d7a80
ACTION SNIPPET 1200 214 SNIPPET_NOT_RELEVANT ac0f0774-4e8d-11e6-aa14-e0c1087f7583
ACTION SNIPPET 1200 214 SNIPPET_NOT_RELEVANT e4db0578-6f76-11e4-ad12-3734c461eab6
ACTION SNIPPET 1200 214 SNIPPET_NOT_RELEVANT 9e381a6db10fcf67cf795dfce790aed6
ACTION SNIPPET 1200 214 SNIPPET_NOT_RELEVANT fb445f58-007c-11e4-8fd0-3a663dfa68ac
ACTION SNIPPET 1200 214 SNIPPET_NOT_RELEVANT caf229af298f6b259b3110bbf3ccec11
ACTION SNIPPET 1200 214 SNIPPET_NOT_RELEVANT d6c5b674-7949-11e7-8839-ec48ec4cae25
ACTION SNIPPET 1200 214 SNIPPET_NOT_RELEVANT aa2ff6ffef0c45d92312aad433582e39
ACTION SNIPPET 1200 214 SNIPPET_NOT_RELEVANT 28c12ba4-56b6-11e2-bf3e-76c0a789346f
ACTION SNIPPET 1200 214 SNIPPET_NOT_RELEVANT 648fdbe8-a495-11e3-a5fa-55f0c77bf39c
ACTION SNIPPET 1200 214 SNIPPET_NOT_RELEVANT c28d66c023ba0c4607dbd201d759eb8c
ACTION SNIPPET 1200 214 SNIPPET_NOT_RELEVANT 54e41b130481331b321b1452366c4514
ACTION SNIPPET 1200 214 SNIPPET_NOT_RELEVANT a2176d4048a428bf66c39edb82821263
ACTION SNIPPET 1200 214 SNIPPET_NOT_RELEVANT 4679869bc07ec0bafd0bcf991e4e1a7a
ACTION SNIPPET 1200 214 SNIPPET_NOT_RELEVANT a68778ea-7d3f-11e7-b2b1-aeba62854dfa
ACTION SNIPPET 1200 214 SNIPPET_NOT_RELEVANT 9b2a57fa-ba89-11e3-9a05-c739f29ccb08
ACTION SNIPPET 1200 214 SNIPPET_NOT_RELEVANT b9bea1eeec59a2967352fea8fcdb7784
ACTION SNIPPET 1200 214 SNIPPET_NOT_RELEVANT 4162c0e1d7194c2d5ddb4c1d0be286bb
ACTION SNIPPET 1200 214 SNIPPET_NOT_RELEVANT 7a8e3094-13a1-11e5-9ddc-e3353542100c
ACTION SNIPPET 1200 214 SNIPPET_NOT_RELEVANT c4ef7491b2c7500b1a8ca1f0c35a277a
ACTION SNIPPET 1200 214 SNIPPET_NOT_RELEVANT 629b425e-5621-11e3-8304-caf30787c0a9
ACTION SNIPPET 1200 214 SNIPPET_NOT_RELEVANT 59c1260184ef5fc012ea28a0e8b50489
ACTION SNIPPET 1200 214 SNIPPET_NOT_RELEVANT 8eb56540-0ccb-11e2-a310-2363842b7057
ACTION SNIPPET 1200 214 SNIPPET_NOT_RELEVANT 1cf0ba993d57886481300d21ea34ef25
ACTION SNIPPET 1200 214 SNIPPET_NOT_RELEVANT 6309563871d08b962e0e806cb7bd2a94
ACTION SNIPPET 1200 214 SNIPPET_NOT_RELEVANT 28d2ae6a0b78856bc046179fdca5020f
ACTION SNIPPET 1200 214 SNIPPET_NOT_RELEVANT 527dca31f08352b1ff91e4ea671e1559
ACTION SNIPPET 1200 214 SNIPPET_NOT_RELEVANT 03cdd971e252ed2662406526913745c8
ACTION SNIPPET 1200 214 SNIPPET_NOT_RELEVANT b96979bc-5f2d-11e6-8e45-477372e89d78
ACTION SNIPPET 1200 214 SNIPPET_RELEVANT c5872f5978258eef3e1a6d4beb9b0ce8
ACTION DOC 1200 234 EXAMINING_DOCUMENT c5872f5978258eef3e1a6d4beb9b0ce8
ACTION MARK 1200 237 CONSIDERED_RELEVANT c5872f5978258eef3e1a6d4beb9b0ce8
ACTION SNIPPET 1200 237 SNIPPET_NOT_RELEVANT 1a9d96458607d60b88e23de2a3709d9e
ACTION SNIPPET 1200 237 SNIPPET_NOT_RELEVANT 6f13f5fe-11a2-11e2-ba83-a7a396e6b2a7
ACTION SNIPPET 1200 237 SNIPPET_NOT_RELEVANT bfb00280-3ac3-11e5-9c2d-ed991d848c48
ACTION SNIPPET 1200 237 SNIPPET_NOT_RELEVANT 00aa7c04-3264-11e2-9cfa-e41bac906cc9
ACTION SNIPPET 1200 237 SNIPPET_NOT_RELEVANT 8625529e-b3f8-11e2-baf7-5bc2a9dc6f44
ACTION SNIPPET 1200 237 SNIPPET_NOT_RELEVANT 3337f09abe47754178d552003246b494
ACTION SNIPPET 1200 237 SNIPPET_NOT_RELEVANT 70efb9f2-b3d9-11e1-98e9-bbf4aa4074bb
ACTION SNIPPET 1200 237 SNIPPET_NOT_RELEVANT 61a008e04c40b087e5d567fb607010ca
ACTION SNIPPET 1200 237 SNIPPET_NOT_RELEVANT 801f2c10bb95817552e0dedc9dcc22e3
ACTION SNIPPET 1200 237 SEEN_PREVIOUSLY 355d90baec651dead078a67af4ca722a
ACTION SNIPPET 1200 237 SNIPPET_NOT_RELEVANT 1be544a8deda7aab69a6b8ccf0602f17
ACTION SNIPPET 1200 237 SNIPPET_NOT_RELEVANT 3c299500c63886fb798ccea0c9277c53
ACTION SNIPPET 1200 237 SNIPPET_NOT_RELEVANT 459c1c9e-c2f3-11e2-914f-a7aba60512a7
ACTION SNIPPET 1200 237 SNIPPET_NOT_RELEVANT 8a9651d8-e1fa-11e5-846c-10191d1fc4ec
ACTION SNIPPET 1200 237 SNIPPET_NOT_RELEVANT 8b51a727e994453194711f6601f1da0a
ACTION SNIPPET 1200 237 SNIPPET_NOT_RELEVANT aefcd36d4a08aa5b0cf2b98861e8f9f1
ACTION SNIPPET 1200 237 SNIPPET_NOT_RELEVANT b602997a55f6031d4fdde3c99121bbb0
ACTION SNIPPET 1200 237 SNIPPET_NOT_RELEVANT 9a13e88a0e2c3f0c9ba0a39716aba559
ACTION SNIPPET 1200 237 SNIPPET_NOT_RELEVANT e13ac7ce-51e1-11e1-8973-35d66bdb2cb8
ACTION SNIPPET 1200 237 SNIPPET_NOT_RELEVANT 2ce6fd6e-ea5c-11e2-8f22-de4bd2a2bd39
ACTION SNIPPET 1200 237 SNIPPET_NOT_RELEVANT 288b7d1fe228fd7939cab3c836c21da6
ACTION SNIPPET 1200 237 SNIPPET_NOT_RELEVANT e0a9e11c5f0db2c6300b9cdb5d0d44df
ACTION SNIPPET 1200 237 SNIPPET_NOT_RELEVANT 575d30ca-6c57-11e5-aa5b-f78a98956699
ACTION SNIPPET 1200 237 SNIPPET_NOT_RELEVANT d8f3b2aed11450427522ee235c7133a6
ACTION SNIPPET 1200 237 SNIPPET_NOT_RELEVANT 13771b24-13b2-11e2-bf18-a8a596df4bee
ACTION SNIPPET 1200 237 SNIPPET_NOT_RELEVANT efcfe140-0990-11e7-a15f-a58d4a988474
ACTION SNIPPET 1200 237 SNIPPET_NOT_RELEVANT a22443a5453eb8627fa1991fe8f04c6b
ACTION SNIPPET 1200 237 SNIPPET_NOT_RELEVANT 58e02f127363f83aea2f428b873b49b9
INFO SERP_END_REACHED 
ACTION QUERY 1200 247 controlling invasives through consumption
ACTION SERP 1200 252 EXAMINE_SERP
ACTION SNIPPET 1200 252 SNIPPET_NOT_RELEVANT 91275a9e-3a60-11e4-9c9f-ebb47272e40e
ACTION SNIPPET 1200 252 SNIPPET_NOT_RELEVANT 5653a51e-1883-11e6-aa55-670cabef46e0
ACTION SNIPPET 1200 252 SNIPPET_NOT_RELEVANT 32efc18a-547a-11e4-809b-8cc0a295c773
ACTION SNIPPET 1200 252 SNIPPET_NOT_RELEVANT a3f481599964bf68205aecf9256312b4
ACTION SNIPPET 1200 252 SNIPPET_NOT_RELEVANT 10a738c40a4b4aa44aba6ec41f8b3725
ACTION SNIPPET 1200 252 SNIPPET_NOT_RELEVANT 08345d83978945ab0b6bb58461d6ba57
ACTION SNIPPET 1200 252 SNIPPET_NOT_RELEVANT 25e11ed9720de089ea72ab2e9282c349
ACTION SNIPPET 1200 252 SNIPPET_NOT_RELEVANT e3558d7bd5da3d9ff48346acc3644bf6
ACTION SNIPPET 1200 252 SNIPPET_NOT_RELEVANT 6bf20cc0-ab02-11e4-8876-460b1144cbc1
ACTION SNIPPET 1200 252 SNIPPET_NOT_RELEVANT e188c792-4e57-11e4-aa5e-7153e466a02d
ACTION SNIPPET 1200 252 SNIPPET_NOT_RELEVANT 2fe887ac0463feae9c44206107e4bfb0
ACTION SNIPPET 1200 252 SNIPPET_NOT_RELEVANT 7e3ff75c-d23f-11e4-8b1e-274d670aa9c9
ACTION SNIPPET 1200 252 SNIPPET_NOT_RELEVANT 48a8372a0bb54bd11db4f6c1b752d936
ACTION SNIPPET 1200 252 SNIPPET_NOT_RELEVANT d3395316-2ad9-11e3-8ade-a1f23cda135e
ACTION SNIPPET 1200 252 SNIPPET_NOT_RELEVANT d8d7ab86-34bf-11e6-95c0-2a6873031302
ACTION SNIPPET 1200 252 SNIPPET_NOT_RELEVANT fa128a97ddbc05205cf852567d2a56b8
ACTION SNIPPET 1200 252 SNIPPET_NOT_RELEVANT d252ab2fbd666315ac15e22232b30dc6
ACTION SNIPPET 1200 252 SNIPPET_NOT_RELEVANT d19e01e590f8efabed0ce305dbde9b32
ACTION SNIPPET 1200 252 SNIPPET_NOT_RELEVANT fcc36ef7a2adc18f97d19d938db434e0
ACTION SNIPPET 1200 252 SNIPPET_NOT_RELEVANT 0d03f6e6-adf3-11e2-8bf6-e70cb6ae066e
ACTION SNIPPET 1200 252 SNIPPET_NOT_RELEVANT aad3ea528ed1e42ffd0d7323a74785ad
ACTION SNIPPET 1200 252 SNIPPET_NOT_RELEVANT 19513c27dbc5f4d2b9f451f95e9ff56f
ACTION SNIPPET 1200 252 SNIPPET_NOT_RELEVANT 5e488d9f17e3a8fc3d87c63275ffb113
ACTION SNIPPET 1200 252 SNIPPET_NOT_RELEVANT 00fdbb22-39dc-11e4-8601-97ba88884ffd
ACTION SNIPPET 1200 252 SNIPPET_NOT_RELEVANT 521512ce-1dda-11e6-b6e0-c53b7ef63b45
ACTION SNIPPET 1200 252 SNIPPET_NOT_RELEVANT cea40e9cbbfbac28a9837f810eadf80b
ACTION SNIPPET 1200 252 SNIPPET_NOT_RELEVANT c23b2d5f292e708f859d66bd1878c03e
ACTION SNIPPET 1200 252 SNIPPET_NOT_RELEVANT 56617b527d79984a2a17bd1923581815
ACTION SNIPPET 1200 252 SNIPPET_NOT_RELEVANT c35d2da6-fca6-11e3-8176-f2c941cf35f1
ACTION SNIPPET 1200 252 SNIPPET_NOT_RELEVANT 5a2c728a-48b3-11e3-95a9-3f15b5618ba8
ACTION SNIPPET 1200 252 SNIPPET_NOT_RELEVANT b029b832b1c5d49327c76d3da13c2315
ACTION SNIPPET 1200 252 SNIPPET_NOT_RELEVANT ab06f79c470fb4a74d001df8a43c2a2b
ACTION SNIPPET 1200 252 SNIPPET_NOT_RELEVANT c90bf56d938277a4a011b0b51b92a650
ACTION SNIPPET 1200 252 SNIPPET_NOT_RELEVANT e04067c0-a910-11e2-b029-8fb7e977ef71
ACTION SNIPPET 1200 252 SNIPPET_NOT_RELEVANT 3c569be247a1c7fbc954d4e331904b9c
ACTION SNIPPET 1200 252 SNIPPET_NOT_RELEVANT c6bdc765ba889f12d090f4e7ce48ad39
ACTION SNIPPET 1200 252 SNIPPET_NOT_RELEVANT 70be3016-25ab-11e5-b621-b55e495e9b78
ACTION SNIPPET 1200 252 SNIPPET_NOT_RELEVANT 9fc99230-adac-11e1-b9bd-f94685ed4fe1
ACTION SNIPPET 1200 252 SNIPPET_NOT_RELEVANT 54e41b130481331b321b1452366c4514
ACTION SNIPPET 1200 252 SNIPPET_NOT_RELEVANT 9f5ea14e-f909-11e5-9804-537defcc3cf6
ACTION SNIPPET 1200 252 SNIPPET_NOT_RELEVANT ac0f0774-4e8d-11e6-aa14-e0c1087f7583
ACTION SNIPPET 1200 252 SNIPPET_NOT_RELEVANT 440225b4-e71a-11e1-936a-b801f1abab19
ACTION SNIPPET 1200 252 SNIPPET_NOT_RELEVANT bb8991de-027d-11e2-9b24-ff730c7f6312
ACTION SNIPPET 1200 252 SNIPPET_NOT_RELEVANT 4aa29a04661a71e5fe88148992dc5908
ACTION SNIPPET 1200 252 SNIPPET_NOT_RELEVANT 78ea82bf2cf9790e91f9900573eac930
ACTION SNIPPET 1200 252 SNIPPET_NOT_RELEVANT 8eb56540-0ccb-11e2-a310-2363842b7057
ACTION SNIPPET 1200 252 SNIPPET_NOT_RELEVANT 4fba0ecb592ff9d02ff82ac76f4f0a63
ACTION SNIPPET 1200 252 SNIPPET_NOT_RELEVANT 9319037a-af39-11e1-a163-d43a3ca733b4
ACTION SNIPPET 1200 252 SNIPPET_NOT_RELEVANT ea05fe0b3c342681d685e9e6bd36f497
ACTION SNIPPET 1200 252 SNIPPET_NOT_RELEVANT f80846832bebb6b16afd7a2fe2e82a4d
ACTION SNIPPET 1200 252 SNIPPET_NOT_RELEVANT a83d7ef0-09a9-11e2-afff-d6c7f20a83bf
ACTION SNIPPET 1200 252 SNIPPET_NOT_RELEVANT 52723a36686767f8b3ffa5c3b844173b
ACTION SNIPPET 1200 252 SNIPPET_NOT_RELEVANT 95887bee-0443-11e3-a07f-49ddc7417125
ACTION SNIPPET 1200 252 SNIPPET_NOT_RELEVANT edd68424-ef76-11e4-8abc-d6aa3bad79dd
ACTION SNIPPET 1200 252 SNIPPET_NOT_RELEVANT 70d6f4f724dedee91148a94090c7b70f
ACTION SNIPPET 1200 252 SNIPPET_NOT_RELEVANT 2276a303beeee3fd952fd06202444c70
ACTION SNIPPET 1200 252 SNIPPET_NOT_RELEVANT 1b12ed76379112f705f150d4bae3906e
ACTION SNIPPET 1200 252 SNIPPET_NOT_RELEVANT f6f29f83126c2ea1c870fa9d10ab2f93
ACTION SNIPPET 1200 252 SNIPPET_NOT_RELEVANT 88477951a48202ac4bdcd52562b98346
ACTION SNIPPET 1200 252 SNIPPET_NOT_RELEVANT 00c8ffd7b34bffcfa49e0cb101a36649
ACTION SNIPPET 1200 252 SNIPPET_NOT_RELEVANT f39516fc9e914d2493e1713ca02bf4ef
ACTION SNIPPET 1200 252 SNIPPET_NOT_RELEVANT 4222490c7c5e65c430ea42eed5b06b29
ACTION SNIPPET 1200 252 SNIPPET_NOT_RELEVANT 5fa230cc46ab30c969a636311f41921b
ACTION SNIPPET 1200 252 SNIPPET_NOT_RELEVANT 7eec16bc-8338-11e1-b088-8660630b7284
ACTION SNIPPET 1200 252 SNIPPET_NOT_RELEVANT bde880c4-d04b-11e2-8f6b-67f40e176f03
ACTION SNIPPET 1200 252 SNIPPET_NOT_RELEVANT a1ef2acddd0132c5d725834ed53ff467
ACTION SNIPPET 1200 252 SNIPPET_NOT_RELEVANT 3784f680-6b93-11e5-b31c-d80d62b53e28
ACTION SNIPPET 1200 252 SNIPPET_NOT_RELEVANT d155bc5f0fa2d0ed6f8bf6895bfbe5b4
ACTION SNIPPET 1200 252 SNIPPET_NOT_RELEVANT ef82329c59bead17358b187dd7abad38
ACTION SNIPPET 1200 252 SNIPPET_NOT_RELEVANT bdc545b188037e33745a6d4ee43bb1bc
ACTION SNIPPET 1200 252 SNIPPET_NOT_RELEVANT 0afa24e8-8b7c-11e4-8ff4-fb93129c9c8b
ACTION SNIPPET 1200 252 SNIPPET_NOT_RELEVANT b70f34bc-b112-11e2-9a98-4be1688d7d84
ACTION SNIPPET 1200 252 SNIPPET_NOT_RELEVANT c26ba22ac07c21cd0044f5bd2a47b4e7
ACTION SNIPPET 1200 252 SNIPPET_NOT_RELEVANT 957e64d67da8b6606c13f56f3c299728
ACTION SNIPPET 1200 252 SNIPPET_NOT_RELEVANT c7fede4b14539e79b57a9bfbac1c973c
ACTION SNIPPET 1200 252 SNIPPET_NOT_RELEVANT ee4b5986398d4e297c400a2a62f46b86
ACTION SNIPPET 1200 252 SNIPPET_NOT_RELEVANT de92f7127beab5d595613e1b455e4f9c
ACTION SNIPPET 1200 252 SNIPPET_NOT_RELEVANT 9452b170772a79e1c917424f19b6f896
ACTION SNIPPET 1200 252 SNIPPET_NOT_RELEVANT c51fdf62-801b-11e1-a48c-ab6fd19329b8
ACTION SNIPPET 1200 252 SNIPPET_NOT_RELEVANT 67751fc5596d5e9f20e1bf8121e96765
ACTION SNIPPET 1200 252 SEEN_PREVIOUSLY e61cbb4c-e449-11e3-8f90-73e071f3d637
ACTION SNIPPET 1200 252 SNIPPET_NOT_RELEVANT 6c534ed8873e77e9be96e2a5c5d694fc
ACTION SNIPPET 1200 252 SNIPPET_NOT_RELEVANT 8978eca31b2e3235b346b75d8c8891bd
ACTION SNIPPET 1200 252 SNIPPET_NOT_RELEVANT 53b94050-b882-11e4-bc30-a4e75503948a
ACTION SNIPPET 1200 252 SNIPPET_NOT_RELEVANT a9d1b1970ec6e2d52ed62282a9a00091
ACTION SNIPPET 1200 252 SNIPPET_NOT_RELEVANT 2a8016b44a1f0373f3af84a3f1c930eb
ACTION SNIPPET 1200 252 SNIPPET_NOT_RELEVANT 6212360c-5a88-11e7-aa69-3964a7d55207
ACTION SNIPPET 1200 252 SNIPPET_NOT_RELEVANT c6ee4be3345904da97c9bdaf5f55eea3
ACTION SNIPPET 1200 252 SNIPPET_NOT_RELEVANT aa4077ca-52b9-11e3-9e2c-e1d01116fd98
ACTION SNIPPET 1200 252 SNIPPET_NOT_RELEVANT d69bb5166132bed0e845f7cc42d683d1
ACTION SNIPPET 1200 252 SNIPPET_NOT_RELEVANT d6b4759bf1a414c30b91f7c9da47e308
ACTION SNIPPET 1200 252 SNIPPET_NOT_RELEVANT 5753613c19f7f289b88c0d46b4b5d5d5
ACTION SNIPPET 1200 252 SNIPPET_NOT_RELEVANT eaf88df2d0c8444d0841202ded220602
ACTION SNIPPET 1200 252 SNIPPET_NOT_RELEVANT ea1f480e71df43a4e7721b02633f612d
ACTION SNIPPET 1200 252 SNIPPET_NOT_RELEVANT 7df5e372-7568-11e3-bc6b-712d770c3715
ACTION SNIPPET 1200 252 SNIPPET_NOT_RELEVANT 3ec4ca4e-a248-11e3-a5fa-55f0c77bf39c
ACTION SNIPPET 1200 252 SNIPPET_NOT_RELEVANT adeed2fda0fe2997179ce2b7e6010892
ACTION SNIPPET 1200 252 SNIPPET_NOT_RELEVANT e6413eed30e8ae3928aba7422f3f0a88
ACTION SNIPPET 1200 252 SNIPPET_NOT_RELEVANT 7a97add2-7c3a-11e2-a044-676856536b40
ACTION SNIPPET 1200 252 SNIPPET_NOT_RELEVANT 43db9a04706ab3ca14147ff9a96d25a8
INFO SERP_END_REACHED 
ACTION QUERY 1200 262 invasive fish recipes
ACTION SERP 1200 267 EXAMINE_SERP
ACTION SNIPPET 1200 267 SNIPPET_RELEVANT 0d4447c2-2407-11e6-aa84-42391ba52c91
ACTION DOC 1200 287 EXAMINING_DOCUMENT 0d4447c2-2407-11e6-aa84-42391ba52c91
ACTION MARK 1200 290 CONSIDERED_RELEVANT 0d4447c2-2407-11e6-aa84-42391ba52c91
ACTION SNIPPET 1200 290 SNIPPET_NOT_RELEVANT 5490e634-851e-11e2-9d71-f0feafdd1394
ACTION SNIPPET 1200 290 SNIPPET_NOT_RELEVANT d8467c08-6bf7-11e3-a523-fe73f0ff6b8d
ACTION SNIPPET 1200 290 SEEN_PREVIOUSLY f8a6d804-79a0-11e5-bc80-9091021aeb69
ACTION SNIPPET 1200 290 SEEN_PREVIOUSLY e61cbb4c-e449-11e3-8f90-73e071f3d637
ACTION SNIPPET 1200 290 SNIPPET_NOT_RELEVANT a7fa9618-4299-11e5-846d-02792f854297
ACTION SNIPPET 1200 290 SNIPPET_NOT_RELEVANT 14ee8df132ac705b1222c05b6166caad
ACTION SNIPPET 1200 290 SEEN_PREVIOUSLY 355d90baec651dead078a67af4ca722a
ACTION SNIPPET 1200 290 SEEN_PREVIOUSLY 75e5fe3c-3afc-11e5-b3ac-8a79bc44e5e2
ACTION SNIPPET 1200 290 SNIPPET_RELEVANT 5cd69f7a-2a1c-11e3-b139-029811dbb57f
ACTION DOC 1200 310 EXAMINING_DOCUMENT 5cd69f7a-2a1c-11e3-b139-029811dbb57f
ACTION MARK 1200 313 CONSIDERED_RELEVANT 5cd69f7a-2a1c-11e3-b139-029811dbb57f
ACTION SNIPPET 1200 313 SNIPPET_NOT_RELEVANT c8f03fc6-b47e-11e3-b899-20667de76985
ACTION SNIPPET 1200 313 SNIPPET_NOT_RELEVANT 2a228284-1e28-11e7-be2a-3a1fb24d4671
ACTION SNIPPET 1200 313 SNIPPET_NOT_RELEVANT 488773721f2376616d11e329027584d6
ACTION SNIPPET 1200 313 SNIPPET_NOT_RELEVANT 81621532-f725-11e3-a3a5-42be35962a52
ACTION SNIPPET 1200 313 SEEN_PREVIOUSLY c5872f5978258eef3e1a6d4beb9b0ce8
ACTION SNIPPET 1200 313 SNIPPET_NOT_RELEVANT 11e179b59bd93810df5c4c2239d6d5ab
ACTION SNIPPET 1200 313 SNIPPET_NOT_RELEVANT d3f8f80afc991385afc6eedaab8c248f
ACTION SNIPPET 1200 313 SNIPPET_NOT_RELEVANT 77f0dfa4-2d69-11e4-9b98-848790384093
ACTION SNIPPET 1200 313 SNIPPET_NOT_RELEVANT 600c09e4-272e-11e5-b77f-eb13a215f593
ACTION SNIPPET 1200 313 SNIPPET_NOT_RELEVANT c6e24684-dc67-11e6-918c-99ede3c8cafa
ACTION SNIPPET 1200 313 SNIPPET_NOT_RELEVANT bc4246fe5bd2a49336d648d5208f8968
ACTION SNIPPET 1200 313 SNIPPET_NOT_RELEVANT 3d575930-7475-11e2-95e4-6148e45d7adb
ACTION SNIPPET 1200 313 SNIPPET_NOT_RELEVANT 471a2c40-0db4-11e7-ab07-07d9f521f6b5
ACTION SNIPPET 1200 313 SNIPPET_NOT_RELEVANT ad932c1c-5950-11e4-bd61-346aee66ba29
ACTION SNIPPET 1200 313 SNIPPET_NOT_RELEVANT 6a219982-bf00-11e2-97d4-a479289a31f9
ACTION SNIPPET 1200 313 SNIPPET_NOT_RELEVANT 40c3275c-db46-11e1-bd1f-8f2b57de6d94
ACTION SNIPPET 1200 313 SEEN_PREVIOUSLY 7e14226e-68e0-11e2-af53-7b2b2a7510a8
ACTION SNIPPET 1200 313 SNIPPET_NOT_RELEVANT 32efc18a-547a-11e4-809b-8cc0a295c773
ACTION SNIPPET 1200 313 SNIPPET_NOT_RELEVANT 8061acee-ff8b-11e6-99b4-9e613afeb09f
ACTION SNIPPET 1200 313 SNIPPET_NOT_RELEVANT c55588edc98f521daf95093ebb0c6282
ACTION SNIPPET 1200 313 SNIPPET_NOT_RELEVANT 3c594ff2-0db4-11e7-ab07-07d9f521f6b5
ACTION SNIPPET 1200 313 SNIPPET_NOT_RELEVANT 9de68528-278c-11e6-ae4a-3cdd5fe74204
ACTION SNIPPET 1200 313 SNIPPET_NOT_RELEVANT 6e22b7f6-cf63-11e1-b630-190a983a2e0d
ACTION SNIPPET 1200 313 SNIPPET_NOT_RELEVANT 53512fe6b616162b9140c39921dc6390
ACTION SNIPPET 1200 313 SNIPPET_NOT_RELEVANT b409d4cc-3aaf-11e7-a058-ddbb23c75d82
ACTION SNIPPET 1200 313 SNIPPET_NOT_RELEVANT 512e0434-bcad-11e6-94ac-3d324840106c
ACTION SNIPPET 1200 313 SNIPPET_NOT_RELEVANT b9d4a2e8-05c5-11e7-b1e9-a05d3c21f7cf
ACTION SNIPPET 1200 313 SNIPPET_NOT_RELEVANT 30445a12-0098-11e4-b8ff-89afd3fad6bd
ACTION SNIPPET 1200 313 SNIPPET_NOT_RELEVANT e9021e00-5aad-11e7-a9f6-7c3296387341
ACTION SNIPPET 1200 313 SNIPPET_NOT_RELEVANT b8994a8e-0954-11e4-a0dd-f2b22a257353
ACTION SNIPPET 1200 313 SNIPPET_NOT_RELEVANT fa581f8e-c8ac-11e2-9245-773c0123c027
ACTION SNIPPET 1200 313 SNIPPET_NOT_RELEVANT 4d8313f6-131f-11e7-833c-503e1f6394c9
ACTION SNIPPET 1200 313 SNIPPET_NOT_RELEVANT 54815403a2ecd6501d7c2761af185527
ACTION SNIPPET 1200 313 SNIPPET_RELEVANT 17107802-4f8a-11e7-91eb-9611861a988f
ACTION DOC 1200 333 EXAMINING_DOCUMENT 17107802-4f8a-11e7-91eb-9611861a988f
ACTION MARK 1200 336 CONSIDERED_RELEVANT 17107802-4f8a-11e7-91eb-9611861a988f
ACTION SNIPPET 1200 336 SNIPPET_NOT_RELEVANT e4b3cf28-417c-11e7-9869-bac8b446820a
ACTION SNIPPET 1200 336 SNIPPET_NOT_RELEVANT 5e8ff7c8-c73b-11e3-9f37-7ce307c56815
ACTION SNIPPET 1200 336 SNIPPET_NOT_RELEVANT 8f663b2a-2d37-11e4-bb9b-997ae96fad33
ACTION SNIPPET 1200 336 SNIPPET_NOT_RELEVANT f9f7046e-5f2c-11e6-af8e-54aa2e849447
ACTION SNIPPET 1200 336 SNIPPET_NOT_RELEVANT 71e909fc-ac19-11e1-9369-05cf05b03c2e
ACTION SNIPPET 1200 336 SNIPPET_NOT_RELEVANT 083480aa-0d67-11e6-8ab8-9ad050f76d7d
ACTION SNIPPET 1200 336 SNIPPET_RELEVANT 3d2ef39e-16fd-11e2-a55c-39408fbe6a4b
ACTION DOC 1200 356 EXAMINING_DOCUMENT 3d2ef39e-16fd-11e2-a55c-39408fbe6a4b
ACTION MARK 1200 359 CONSIDERED_RELEVANT 3d2ef39e-16fd-11e2-a55c-39408fbe6a4b
ACTION SNIPPET 1200 359 SNIPPET_NOT_RELEVANT a0de24de7cfdb53164d88da9731284ee
ACTION SNIPPET 1200 359 SNIPPET_RELEVANT 43c3119d898dda6d96db768392a0d18f
ACTION DOC 1200 379 EXAMINING_DOCUMENT 43c3119d898dda6d96db768392a0d18f
ACTION MARK 1200 382 CONSIDERED_RELEVANT 43c3119d898dda6d96db768392a0d18f
ACTION QUERY 1200 392 edible invasive plants
ACTION SERP 1200 397 EXAMINE_SERP
ACTION SNIPPET 1200 397 SNIPPET_NOT_RELEVANT e447bfd8-4789-11e1-ac5a-877c11c519ad
ACTION SNIPPET 1200 397 SNIPPET_NOT_RELEVANT 15b2884c-165a-11e7-833c-503e1f6394c9
ACTION SNIPPET 1200 397 SNIPPET_NOT_RELEVANT e61024f4-a986-11e1-bd2b-15b0b96b652a
ACTION SNIPPET 1200 397 SNIPPET_NOT_RELEVANT 88a3c721ac2c5a0f945a53503e283466
ACTION SNIPPET 1200 397 SNIPPET_NOT_RELEVANT 7308a290-2e8a-11e7-9dec-764dc781686f
ACTION SNIPPET 1200 397 SNIPPET_NOT_RELEVANT 41aca7f2-f340-11e2-8464-57e57af86290
ACTION SNIPPET 1200 397 SNIPPET_NOT_RELEVANT 0495787a-5116-11e7-b064-828ba60fbb98
ACTION SNIPPET 1200 397 SNIPPET_NOT_RELEVANT ac0f0774-4e8d-11e6-aa14-e0c1087f7583
ACTION SNIPPET 1200 397 SNIPPET_NOT_RELEVANT 63775b10-76e6-11e2-95e4-6148e45d7adb
ACTION SNIPPET 1200 397 SEEN_PREVIOUSLY e61cbb4c-e449-11e3-8f90-73e071f3d637
ACTION SNIPPET 1200 397 SNIPPET_NOT_RELEVANT 12fd4f90-3d8f-11e2-a2d9-822f58ac9fd5
ACTION SNIPPET 1200 397 SNIPPET_NOT_RELEVANT e976bd04-52f2-11e2-abc4-3d33329b6128
ACTION SNIPPET 1200 397 SNIPPET_NOT_RELEVANT 32702078-bbc0-11e2-b537-ab47f0325f7c
ACTION SNIPPET 1200 397 SNIPPET_NOT_RELEVANT 861642dc-9e0e-11e1-9140-39ea934750ce
ACTION SNIPPET 1200 397 SNIPPET_NOT_RELEVANT c23c1d30-60b6-11e1-bc1a-deef8bf17387
ACTION SNIPPET 1200 397 SNIPPET_NOT_RELEVANT 7a8e3094-13a1-11e5-9ddc-e3353542100c
ACTION SNIPPET 1200 397 SNIPPET_NOT_RELEVANT a832c92a-3174-11e4-9f4d-24103cb8b742
ACTION SNIPPET 1200 397 SNIPPET_NOT_RELEVANT 3686bb48c74cf4aa0381e145629e1baa
ACTION SNIPPET 1200 397 SNIPPET_NOT_RELEVANT 55228928-8c94-11e1-b132-eab19f4e8b2e
ACTION SNIPPET 1200 397 SNIPPET_NOT_RELEVANT 27842cb2-687b-11e5-9223-70cb36460919
ACTION SNIPPET 1200 397 SNIPPET_NOT_RELEVANT 9c70636a-d1c9-11e2-9577-df9f1c3348f5
ACTION SNIPPET 1200 397 SNIPPET_NOT_RELEVANT c56ec206-e652-11e1-8741-940e3f6dbf48
ACTION SNIPPET 1200 397 SNIPPET_NOT_RELEVANT 1a47918c-d48a-11e3-8a78-8fe50322a72c
ACTION SNIPPET 1200 397 SNIPPET_NOT_RELEVANT bada0a92-0e4b-11e6-bfa1-4efa856caf2a
ACTION SNIPPET 1200 397 SNIPPET_NOT_RELEVANT 20d27d0e-0571-11e6-a12f-ea5aed7958dc
ACTION SNIPPET 1200 397 SNIPPET_NOT_RELEVANT c55588edc98f521daf95093ebb0c6282
ACTION SNIPPET 1200 397 SNIPPET_NOT_RELEVANT e884ac3497ef6d3e9aeb272594d35110
ACTION SNIPPET 1200 397 SNIPPET_NOT_RELEVANT 4551047c-8e22-11e1-8d69-3330223eee92
ACTION SNIPPET 1200 397 SNIPPET_NOT_RELEVANT 11716134-ca25-11e2-8da7-d274bc611a47
ACTION SNIPPET 1200 397 SNIPPET_NOT_RELEVANT fe1c7f6372a5cae043e6054f52388ce2
ACTION SNIPPET 1200 397 SNIPPET_NOT_RELEVANT 541acc4a-8b2e-11e2-9838-d62f083ba93f
ACTION SNIPPET 1200 397 SNIPPET_NOT_RELEVANT 9dac85dd57cb28a6c24fc4ea1e7a32d5
ACTION SNIPPET 1200 397 SNIPPET_NOT_RELEVANT 74991af0-5586-11e6-b7de-dfe509430c39
ACTION SNIPPET 1200 397 SNIPPET_NOT_RELEVANT 1230345e-bcf3-11e2-97d4-a479289a31f9
ACTION SNIPPET 1200 397 SNIPPET_NOT_RELEVANT fc95145a-f304-11e2-8464-57e57af86290
ACTION SNIPPET 1200 397 SNIPPET_NOT_RELEVANT 3e44d366fff0211be197742226ced85b
ACTION SNIPPET 1200 397 SNIPPET_NOT_RELEVANT 41aca0d72e49c05802db959aafb2fc7f
ACTION SNIPPET 1200 397 SNIPPET_NOT_RELEVANT 28988d3c-dc94-11e4-b6d7-b9bc8acf16f7
ACTION SNIPPET 1200 397 SNIPPET_NOT_RELEVANT f66966a49be9635488271b675e572a5d
ACTION SNIPPET 1200 397 SNIPPET_NOT_RELEVANT eed0c713a0158ce00189c162daf50496
ACTION SNIPPET 1200 397 SNIPPET_NOT_RELEVANT 0da0f3bd1dccb7519c2c2d4ed0fe6f14
ACTION SNIPPET 1200 397 SNIPPET_NOT_RELEVANT 4ba09f2062301ccf2829f1b6c0dca872
ACTION SNIPPET 1200 397 SNIPPET_NOT_RELEVANT 3ac8d855b4148d06e1a96a66ffcec8b6
ACTION SNIPPET 1200 397 SNIPPET_NOT_RELEVANT bcc45e574481cb7dbdb799c192522bda
ACTION SNIPPET 1200 397 SNIPPET_NOT_RELEVANT 78a38df00d2b5a01771ef614b207bbcc
ACTION SNIPPET 1200 397 SNIPPET_NOT_RELEVANT 10176fe6e274c0408452862481d1ef09
ACTION SNIPPET 1200 397 SNIPPET_NOT_RELEVANT 5566ecb713009b55d92935b57f5508da
ACTION SNIPPET 1200 397 SNIPPET_NOT_RELEVANT 5e7f2ddbcea5d6dbbe4be65cef5efbb3
ACTION SNIPPET 1200 397 SNIPPET_NOT_RELEVANT 27ff060766a7ff60a8e3fb4ffb8b0a00
ACTION SNIPPET 1200 397 SNIPPET_NOT_RELEVANT bae307f8-e798-11e4-9767-6276fc9b0ada
ACTION SNIPPET 1200 397 SNIPPET_NOT_RELEVANT 4004c54a251be2313ec9edf9a4c4b867
ACTION SNIPPET 1200 397 SNIPPET_NOT_RELEVANT 4f813ab0-7657-11e3-a647-a19deaf575b3
ACTION SNIPPET 1200 397 SNIPPET_NOT_RELEVANT 9e0a26aa-bb67-11e4-9dfb-03366e719af8
ACTION SNIPPET 1200 397 SNIPPET_NOT_RELEVANT 66b784c23870052b4b19f103265b020f
ACTION SNIPPET 1200 397 SNIPPET_NOT_RELEVANT 9b76cfb8-7944-11e2-9c27-fdd594ea6286
ACTION SNIPPET 1200 397 SNIPPET_NOT_RELEVANT 3c213c90-c8fa-11e3-b81a-6fff56bc591e
ACTION SNIPPET 1200 397 SNIPPET_NOT_RELEVANT bd867f7e-8165-11e4-81fd-8c4814dfa9d7
ACTION SNIPPET 1200 397 SNIPPET_NOT_RELEVANT 0a3deb40-d1c8-11e6-9cb0-54ab630851e8
ACTION SNIPPET 1200 397 SNIPPET_NOT_RELEVANT c06d330772ce557b5b2d3e85531336d2
ACTION SNIPPET 1200 397 SNIPPET_NOT_RELEVANT 9765a51526c0dc3da269e5f6e4f9d45f
ACTION SNIPPET 1200 397 SNIPPET_NOT_RELEVANT 6470e478-9a59-11e2-9219-51eb8387e8f1
ACTION SNIPPET 1200 397 SNIPPET_NOT_RELEVANT 0ec253ce-06da-11e4-8a6a-19355c7e870a
ACTION SNIPPET 1200 397 SNIPPET_NOT_RELEVANT efb26896b1274bc7af65ef1871a0973e
ACTION SNIPPET 1200 397 SNIPPET_NOT_RELEVANT e2a6a83a-3ded-11e4-b0ea-8141703bbf6f
ACTION SNIPPET 1200 397 SNIPPET_NOT_RELEVANT fb71b0f6-76b4-11e1-b191-2d5f686e7ff4
ACTION SNIPPET 1200 397 SNIPPET_NOT_RELEVANT f4ca31fc-f899-11e2-a954-358d90d5d72d
ACTION SNIPPET 1200 397 SNIPPET_NOT_RELEVANT 4ece2132-7426-11e4-a5b2-e1217af6b33d
ACTION SNIPPET 1200 397 SNIPPET_NOT_RELEVANT 831b2c20-fd50-11e3-932c-0a55b81f48ce
ACTION SNIPPET 1200 397 SNIPPET_NOT_RELEVANT 90b91592890cbc82612b9103ebc1618d
ACTION SNIPPET 1200 397 SNIPPET_NOT_RELEVANT 714a8c0c-25f7-11e7-928e-3624539060e8
ACTION SNIPPET 1200 397 SNIPPET_NOT_RELEVANT a5814814-61ef-11e3-bf45-61f69f54fc5f
ACTION SNIPPET 1200 397 SNIPPET_NOT_RELEVANT e602ac24-e30c-11e6-a547-5fb9411d332c
ACTION SNIPPET 1200 397 SNIPPET_NOT_RELEVANT b6e6154a-f22d-11e6-b9c9-e83fce42fb61
ACTION SNIPPET 1200 397 SNIPPET_NOT_RELEVANT 289789ae-b195-11e2-9fb1-62de9581c946
ACTION SNIPPET 1200 397 SNIPPET_NOT_RELEVANT f16c7a03b941c123fc24c4d6ef92ad9f
ACTION SNIPPET 1200 397 SNIPPET_NOT_RELEVANT 65ba96edebe8892526c59bb2f9aebebc
ACTION SNIPPET 1200 397 SNIPPET_NOT_RELEVANT 6a77dc9a-dd9a-11e6-ad42-f3375f271c9c
ACTION SNIPPET 1200 397 SNIPPET_NOT_RELEVANT bb7c9ce99e08a8bae762feb8c7bb5225
ACTION SNIPPET 1200 397 SNIPPET_NOT_RELEVANT 345a0c1c-9860-11e5-94f0-9eeaff906ef3
ACTION SNIPPET 1200 397 SNIPPET_NOT_RELEVANT 8ef36d0a-ec46-11e5-a6f3-21ccdbc5f74e
ACTION SNIPPET 1200 397 SNIPPET_NOT_RELEVANT 6482759a-d9a1-11e6-b8b2-cb5164beba6b
ACTION SNIPPET 1200 397 SNIPPET_NOT_RELEVANT 27674dda-ec7e-11e6-9973-c5efb7ccfb0d
ACTION SNIPPET 1200 397 SNIPPET_NOT_RELEVANT da085346-4380-11e6-88d0-6adee48be8bc
ACTION SNIPPET 1200 397 SNIPPET_NOT_RELEVANT 588c6636-e7c2-11e6-b82f-687d6e6a3e7c
ACTION SNIPPET 1200 397 SNIPPET_NOT_RELEVANT db7fe550-ce74-11e3-a714-be7e7f142085
ACTION SNIPPET 1200 397 SNIPPET_NOT_RELEVANT 463cf58ce93884dcc2fb1d1bb7e711ac
ACTION SNIPPET 1200 397 SNIPPET_NOT_RELEVANT 17be202c577a20e39594c664a32263a4
ACTION SNIPPET 1200 397 SNIPPET_NOT_RELEVANT 85f44c8e-e979-11e6-b82f-687d6e6a3e7c
ACTION SNIPPET 1200 397 SNIPPET_NOT_RELEVANT 745f3a4e085542fcfebe2fc629cfde8c
ACTION SNIPPET 1200 397 SNIPPET_NOT_RELEVANT f1ad56cc-dd6a-11e4-acfe-cd057abefa9a
ACTION SNIPPET 1200 397 SNIPPET_NOT_RELEVANT 5a02821ca812384032cc0553ddde6aa1
ACTION SNIPPET 1200 397 SNIPPET_NOT_RELEVANT 8dec6c2cd902154f45404701f19d49fc
ACTION SNIPPET 1200 397 SNIPPET_NOT_RELEVANT 473643be-1b4d-11e4-ae54-0cfe1f974f8a
ACTION SNIPPET 1200 397 SNIPPET_NOT_RELEVANT 173eac5a-d680-11e6-b8b2-cb5164beba6b
ACTION SNIPPET 1200 397 SNIPPET_NOT_RELEVANT 05873eb8-086b-11e4-a0dd-f2b22a257353
ACTION SNIPPET 1200 397 SNIPPET_NOT_RELEVANT 7bbeb33c-afc7-11e4-bf39-5560f3918d4b
ACTION SNIPPET 1200 397 SNIPPET_NOT_RELEVANT 3598996e-b5b2-11e3-8cb6-284052554d74
ACTION SNIPPET 1200 397 SNIPPET_NOT_RELEVANT 251c1ae4-94a7-11e6-bb29-bf2701dbe0a3
ACTION SNIPPET 1200 397 SNIPPET_NOT_RELEVANT a62a8018-43a7-11e6-88d0-6adee48be8bc
ACTION SNIPPET 1200 397 SNIPPET_NOT_RELEVANT ca679562-4552-11e7-bcde-624ad94170ab
INFO SERP_END_REACHED 
ACTION QUERY 1200 407 invasive species cuisine
ACTION SERP 1200 412 EXAMINE_SERP
ACTION SNIPPET 1200 412 SEEN_PREVIOUSLY e61cbb4c-e449-11e3-8f90-73e071f3d637
ACTION SNIPPET 1200 412 SNIPPET_NOT_RELEVANT f3f3b5a67ab3abedfb7c85a00d1bdf68
ACTION SNIPPET 1200 412 SNIPPET_NOT_RELEVANT ac0f0774-4e8d-11e6-aa14-e0c1087f7583
ACTION SNIPPET 1200 412 SNIPPET_NOT_RELEVANT c3a02c22-71f3-11e1-958a-fd4578434472
ACTION SNIPPET 1200 412 SNIPPET_NOT_RELEVANT 14ee8df132ac705b1222c05b6166caad
ACTION SNIPPET 1200 412 SEEN_PREVIOUSLY 355d90baec651dead078a67af4ca722a
ACTION SNIPPET 1200 412 SNIPPET_NOT_RELEVANT 3c299500c63886fb798ccea0c9277c53
ACTION SNIPPET 1200 412 SNIPPET_NOT_RELEVANT eee98d2c-08ea-11e7-bd19-fd3afa0f7e2a
ACTION SNIPPET 1200 412 SNIPPET_NOT_RELEVANT 8b773fd7b1bb49f07e065a9157349c3c
ACTION SNIPPET 1200 412 SNIPPET_NOT_RELEVANT d1dc0b447d5170f454638467d15d35fc
ACTION SNIPPET 1200 412 SNIPPET_NOT_RELEVANT c55588edc98f521daf95093ebb0c6282
ACTION SNIPPET 1200 412 SNIPPET_NOT_RELEVANT fe1c7f6372a5cae043e6054f52388ce2
ACTION SNIPPET 1200 412 SNIPPET_NOT_RELEVANT 9dac85dd57cb28a6c24fc4ea1e7a32d5
ACTION SNIPPET 1200 412 SNIPPET_NOT_RELEVANT d69bb5166132bed0e845f7cc42d683d1
ACTION SNIPPET 1200 412 SNIPPET_NOT_RELEVANT edd68424-ef76-11e4-8abc-d6aa3bad79dd
ACTION SNIPPET 1200 412 SNIPPET_NOT_RELEVANT 849b9449854b579542b7c8595f371902
ACTION SNIPPET 1200 412 SNIPPET_NOT_RELEVANT 11e179b59bd93810df5c4c2239d6d5ab
ACTION SNIPPET 1200 412 SNIPPET_NOT_RELEVANT d3f8f80afc991385afc6eedaab8c248f
ACTION SNIPPET 1200 412 SNIPPET_NOT_RELEVANT 70be3016-25ab-11e5-b621-b55e495e9b78
ACTION SNIPPET 1200 412 SNIPPET_NOT_RELEVANT 459c1c9e-c2f3-11e2-914f-a7aba60512a7
ACTION SNIPPET 1200 412 SNIPPET_NOT_RELEVANT f6d97a12ec0b8539880bb3fddc33b50d
ACTION SNIPPET 1200 412 SNIPPET_NOT_RELEVANT 6d24a41e-3ff5-11e3-a751-f032898f2dbc
ACTION SNIPPET 1200 412 SNIPPET_NOT_RELEVANT 4679869bc07ec0bafd0bcf991e4e1a7a
ACTION SNIPPET 1200 412 SNIPPET_NOT_RELEVANT 9e0a26aa-bb67-11e4-9dfb-03366e719af8
ACTION SNIPPET 1200 412 SNIPPET_NOT_RELEVANT 35368a40ba06a61892a1e50f24e38609
ACTION SNIPPET 1200 412 SNIPPET_NOT_RELEVANT 1ef299c1a292257d7162f004fb2a3e42
ACTION SNIPPET 1200 412 SNIPPET_NOT_RELEVANT 488773721f2376616d11e329027584d6
ACTION SNIPPET 1200 412 SNIPPET_NOT_RELEVANT 003b5a8eed4e0dd279ba63a6e1f29d66
ACTION SNIPPET 1200 412 SNIPPET_NOT_RELEVANT 54815403a2ecd6501d7c2761af185527
ACTION SNIPPET 1200 412 SNIPPET_NOT_RELEVANT 318819e8d7569223f051e5a26c471e31
ACTION SNIPPET 1200 412 SNIPPET_NOT_RELEVANT f1d988a573979dcf091a6ecb1db56f45
ACTION SNIPPET 1200 412 SNIPPET_NOT_RELEVANT a0563b1c-1dca-11e6-b6e0-c53b7ef63b45
ACTION SNIPPET 1200 412 SNIPPET_NOT_RELEVANT 4ae8cd288cf8693976711b31cf3124aa
ACTION SNIPPET 1200 412 SNIPPET_NOT_RELEVANT f3b7f422-6f08-11e2-8b8d-e0b59a1b8e2a
ACTION SNIPPET 1200 412 SNIPPET_NOT_RELEVANT 9819914a86a4d902a3846e04e21561d3
ACTION SNIPPET 1200 412 SNIPPET_NOT_RELEVANT 9319037a-af39-11e1-a163-d43a3ca733b4
ACTION SNIPPET 1200 412 SNIPPET_NOT_RELEVANT 48d6825a-b1e1-11e2-9fb1-62de9581c946
ACTION SNIPPET 1200 412 SNIPPET_NOT_RELEVANT 541acc4a-8b2e-11e2-9838-d62f083ba93f
ACTION SNIPPET 1200 412 SNIPPET_NOT_RELEVANT 66b784c23870052b4b19f103265b020f
ACTION SNIPPET 1200 412 SNIPPET_NOT_RELEVANT be7daa5292ff8ae8cac0187313268071
ACTION SNIPPET 1200 412 SNIPPET_RELEVANT faa9fb0e68ada70bdfbe2d8ee6122df3
ACTION DOC 1200 432 EXAMINING_DOCUMENT faa9fb0e68ada70bdfbe2d8ee6122df3
ACTION MARK 1200 435 CONSIDERED_RELEVANT faa9fb0e68ada70bdfbe2d8ee6122df3
ACTION SNIPPET 1200 435 SEEN_PREVIOUSLY 862e0058-4080-11e5-8d45-d815146f81fa
ACTION SNIPPET 1200 435 SNIPPET_RELEVANT 56969ad485b6cd571615d99f9082fea8
ACTION DOC 1200 455 EXAMINING_DOCUMENT 56969ad485b6cd571615d99f9082fea8
ACTION MARK 1200 458 CONSIDERED_RELEVANT 56969ad485b6cd571615d99f9082fea8
ACTION SNIPPET 1200 458 SNIPPET_NOT_RELEVANT f16c7a03b941c123fc24c4d6ef92ad9f
ACTION SNIPPET 1200 458 SNIPPET_NOT_RELEVANT 1fc953d2a8b00c88d26d0383b10e342b
ACTION SNIPPET 1200 458 SEEN_PREVIOUSLY f8a6d804-79a0-11e5-bc80-9091021aeb69
ACTION SNIPPET 1200 458 SNIPPET_NOT_RELEVANT b029b832b1c5d49327c76d3da13c2315
ACTION SNIPPET 1200 458 SNIPPET_NOT_RELEVANT ab06f79c470fb4a74d001df8a43c2a2b
ACTION SNIPPET 1200 458 SEEN_PREVIOUSLY 75e5fe3c-3afc-11e5-b3ac-8a79bc44e5e2
ACTION SNIPPET 1200 458 SNIPPET_NOT_RELEVANT 9e1a09af61b256b9bbd2c1b380064b68
ACTION SNIPPET 1200 458 SNIPPET_NOT_RELEVANT 4346e1a1af20b82ddb37acdd7fa02caa
ACTION SNIPPET 1200 458 SNIPPET_NOT_RELEVANT fc95145a-f304-11e2-8464-57e57af86290
ACTION SNIPPET 1200 458 SNIPPET_NOT_RELEVANT bf3ef4efc781603a4eaf5129c96d3ab0
ACTION SNIPPET 1200 458 SNIPPET_NOT_RELEVANT 277647ef8898107e69cbaea1511faa7f
ACTION SNIPPET 1200 458 SNIPPET_NOT_RELEVANT f740ee5e9e29d3e98699633862d71169
ACTION SNIPPET 1200 458 SNIPPET_NOT_RELEVANT c7ef63d33df89dcd90182e673fd0e8a3
ACTION SNIPPET 1200 458 SNIPPET_NOT_RELEVANT 2c9d4add64756f9835de157520ad9278
ACTION SNIPPET 1200 458 SNIPPET_NOT_RELEVANT 4a4887b6c0f7359491dfe2d5a051420f
ACTION SNIPPET 1200 458 SNIPPET_NOT_RELEVANT f60f14e90866a3307e23fced2115ac02
ACTION SNIPPET 1200 458 SEEN_PREVIOUSLY 17107802-4f8a-11e7-91eb-9611861a988f
ACTION SNIPPET 1200 458 SNIPPET_NOT_RELEVANT c4f0804819af03da06c6ae1d4534bd28
ACTION SNIPPET 1200 458 SNIPPET_NOT_RELEVANT cd6353d24904c1da0c6dd263e376a858
ACTION SNIPPET 1200 458 SNIPPET_NOT_RELEVANT 7a97add2-7c3a-11e2-a044-676856536b40
ACTION SNIPPET 1200 458 SNIPPET_NOT_RELEVANT b85d5372-72dc-11e2-ac36-3d8d9dcaa2e2
ACTION SNIPPET 1200 458 SNIPPET_NOT_RELEVANT 130988df20ec9c7489cf48eda08b6781
ACTION SNIPPET 1200 458 SNIPPET_NOT_RELEVANT 6a7dd6f5071388a112c8265445d42c11
ACTION SNIPPET 1200 458 SNIPPET_NOT_RELEVANT 83fcd401e41bf4ba6ad614200742b242
ACTION SNIPPET 1200 458 SNIPPET_NOT_RELEVANT 9eb35e43217430db850c096adb4d341e
ACTION SNIPPET 1200 458 SNIPPET_NOT_RELEVANT 57718c0d7b10a46cfe2c82444f671eb5
ACTION SNIPPET 1200 458 SEEN_PREVIOUSLY c5872f5978258eef3e1a6d4beb9b0ce8
ACTION SNIPPET 1200 458 SNIPPET_NOT_RELEVANT 3f71df6825e3c5c74d4a5c62723fb76b
ACTION SNIPPET 1200 458 SNIPPET_NOT_RELEVANT e4df1712-1e02-11e6-8c7b-6931e66333e7
ACTION SNIPPET 1200 458 SNIPPET_NOT_RELEVANT 06e1f704-76df-11e7-a8a1-443822fe43a7
ACTION SNIPPET 1200 458 SNIPPET_NOT_RELEVANT 849e79bdaf4b9300db57ed0997b3fd49
ACTION SNIPPET 1200 458 SNIPPET_NOT_RELEVANT 53b94050-b882-11e4-bc30-a4e75503948a
ACTION SNIPPET 1200 458 SNIPPET_NOT_RELEVANT 6f8db0d8-fa14-11e1-8398-0327ab83ab91
ACTION SNIPPET 1200 458 SNIPPET_NOT_RELEVANT 063e0d2c-0ff8-11e7-ab07-07d9f521f6b5
ACTION SNIPPET 1200 458 SNIPPET_NOT_RELEVANT 7a8e3094-13a1-11e5-9ddc-e3353542100c
ACTION SNIPPET 1200 458 SNIPPET_NOT_RELEVANT 3e44d366fff0211be197742226ced85b
ACTION SNIPPET 1200 458 SNIPPET_NOT_RELEVANT 58cab268-aa37-11e3-8599-ce7295b6851c
ACTION SNIPPET 1200 458 SNIPPET_NOT_RELEVANT 3552f52ed680c5a19143b10bee910ec0
ACTION SNIPPET 1200 458 SNIPPET_NOT_RELEVANT 2654bb0ecddc60b5b66645c11294b751
ACTION SNIPPET 1200 458 SNIPPET_NOT_RELEVANT ac785e24-1240-11e6-8967-7ac733c56f12
ACTION SNIPPET 1200 458 SNIPPET_RELEVANT 78be423a-544b-11e7-840b-512026319da7
ACTION DOC 1200 478 EXAMINING_DOCUMENT 78be423a-544b-11e7-840b-512026319da7
ACTION MARK 1200 481 CONSIDERED_RELEVANT 78be423a-544b-11e7-840b-512026319da7
ACTION SNIPPET 1200 481 SNIPPET_NOT_RELEVANT 1bddd06c-9e41-11e3-b8d8-94577ff66b28
ACTION SNIPPET 1200 481 SNIPPET_NOT_RELEVANT 778a3720-1094-11e7-9d5a-a83e627dc120
ACTION SNIPPET 1200 481 SNIPPET_NOT_RELEVANT c0ad093000a1238f37695ae01b3e1f5f
ACTION SNIPPET 1200 481 SNIPPET_NOT_RELEVANT b472a34a-47b5-11e7-8de1-cec59a9bf4b1
ACTION SNIPPET 1200 481 SNIPPET_NOT_RELEVANT b86b8cf4-da8c-11e2-a9f2-42ee3912ae0e
ACTION SNIPPET 1200 481 SNIPPET_NOT_RELEVANT da085346-4380-11e6-88d0-6adee48be8bc
ACTION SNIPPET 1200 481 SNIPPET_NOT_RELEVANT d3478240f2b82580b6bd873dd67978d1
ACTION SNIPPET 1200 481 SNIPPET_NOT_RELEVANT 6337d3d0-0428-11e3-88d6-d5795fab4637
ACTION SNIPPET 1200 481 SNIPPET_NOT_RELEVANT e5ff7d56eb17c9240dc17b0862acb3cc
ACTION SNIPPET 1200 481 SNIPPET_NOT_RELEVANT 3b044fee-b971-11e2-b94c-b684dda07add
ACTION SNIPPET 1200 481 SNIPPET_NOT_RELEVANT 2575f082-7718-11e3-b1c5-739e63e9c9a7
ACTION SNIPPET 1200 481 SNIPPET_NOT_RELEVANT 6309563871d08b962e0e806cb7bd2a94
ACTION SNIPPET 1200 481 SNIPPET_NOT_RELEVANT 9765a51526c0dc3da269e5f6e4f9d45f
ACTION SNIPPET 1200 481 SNIPPET_NOT_RELEVANT 4a30a4d95519c19569a5cdf704c5c277
ACTION SNIPPET 1200 481 SNIPPET_NOT_RELEVANT a27f8c21a1e099f9aceb3e2ec1b068d2
ACTION SNIPPET 1200 481 SNIPPET_NOT_RELEVANT 12fd4f90-3d8f-11e2-a2d9-822f58ac9fd5
INFO SERP_END_REACHED 
ACTION QUERY 1200 491 wildlife control through eating
ACTION SERP 1200 496 EXAMINE_SERP
ACTION SNIPPET 1200 496 SNIPPET_NOT_RELEVANT a8760458-b4a1-11e1-92df-14cd260b161d
ACTION SNIPPET 1200 496 SNIPPET_NOT_RELEVANT f418f30c-f7cf-11e3-a3a5-42be35962a52
ACTION SNIPPET 1200 496 SNIPPET_NOT_RELEVANT d7b98af2-8dc9-11e3-95dd-36ff657a4dae
ACTION SNIPPET 1200 496 SNIPPET_NOT_RELEVANT ca8f221a-c789-11e4-bea5-b893e7ac3fb3
ACTION SNIPPET 1200 496 SNIPPET_NOT_RELEVANT 9f15ec26-67a8-11e5-9ef3-fde182507eac
ACTION SNIPPET 1200 496 SNIPPET_NOT_RELEVANT c749b3b2-5e8b-11e3-bc56-c6ca94801fac
ACTION SNIPPET 1200 496 SNIPPET_NOT_RELEVANT d05e71efa6fdf3597b0bd1209675c386
ACTION SNIPPET 1200 496 SNIPPET_NOT_RELEVANT ecddb32c-33e8-11e2-bfd5-e202b6d7b501
ACTION SNIPPET 1200 496 SNIPPET_NOT_RELEVANT 88f6254d5c6f2f47a80b55637644295b
ACTION SNIPPET 1200 496 SNIPPET_NOT_RELEVANT 2d2c9232-ed7f-11e6-9973-c5efb7ccfb0d
ACTION SNIPPET 1200 496 SNIPPET_NOT_RELEVANT 69dfc36c-f191-11e3-b140-bd7309109588
ACTION SNIPPET 1200 496 SNIPPET_NOT_RELEVANT c579ac56-758a-11e4-9d9b-86d397daad27
ACTION SNIPPET 1200 496 SNIPPET_NOT_RELEVANT 7f2e9262-3f08-11e7-adba-394ee67a7582
ACTION SNIPPET 1200 496 SNIPPET_NOT_RELEVANT 42a4a252-a9c9-11e1-96ad-ddffdd8199e9
ACTION SNIPPET 1200 496 SNIPPET_NOT_RELEVANT 0118f6d6-1b0a-11e3-8685-5021e0c41964
ACTION SNIPPET 1200 496 SNIPPET_NOT_RELEVANT 278892e0-8f47-11e1-a14a-f021993376f7
ACTION SNIPPET 1200 496 SNIPPET_NOT_RELEVANT ab9afb4f171ec9cea35df2e57b9a0ff0
ACTION SNIPPET 1200 496 SNIPPET_NOT_RELEVANT 70412882b056e574171e6bcf5f962fc4
ACTION SNIPPET 1200 496 SNIPPET_NOT_RELEVANT 20e3c5b2-8105-11e2-8074-b26a871b165a
ACTION SNIPPET 1200 496 SNIPPET_NOT_RELEVANT 77bc1380-3c83-11e5-a312-1a6452ac77d2
ACTION SNIPPET 1200 496 SNIPPET_NOT_RELEVANT 2c52f818-6d57-11e1-84f1-5fcffff7c5e6
ACTION SNIPPET 1200 496 SNIPPET_NOT_RELEVANT 265c479f0aec341387137caeea18e61b
ACTION SNIPPET 1200 496 SNIPPET_NOT_RELEVANT 256bb5b977bc8c36bbfa41ce88a45fb1
ACTION SNIPPET 1200 496 SNIPPET_NOT_RELEVANT 8afbd710-f4c6-11e3-8f20-f3a5fed7f3c4
ACTION SNIPPET 1200 496 SNIPPET_NOT_RELEVANT ad4df3a28bf44f143b6dd77bb11b0c67
ACTION SNIPPET 1200 496 SNIPPET_NOT_RELEVANT acb090b5747242b0fbf8c8bb33d6c1f2
ACTION SNIPPET 1200 496 SNIPPET_NOT_RELEVANT c038953c-5f16-11e6-af8e-54aa2e849447
ACTION SNIPPET 1200 496 SNIPPET_NOT_RELEVANT 88ff4cda-da3e-11e5-81ae-7491b9b9e7df
ACTION SNIPPET 1200 496 SNIPPET_NOT_RELEVANT c3ed27341550ee20f33dd05312248b32
ACTION SNIPPET 1200 496 SNIPPET_NOT_RELEVANT d44c62de-800d-11e6-8d13-d7c704ef9fd9
ACTION SNIPPET 1200 496 SEEN_PREVIOUSLY f64bb93aca991a17d9ec36b2e293187e
ACTION SNIPPET 1200 496 SEEN_PREVIOUSLY 40459b20498a37a91caffbf2ea64fa1b
ACTION SNIPPET 1200 496 SNIPPET_NOT_RELEVANT e5b14560a3e81f5f5cc724d958c2fbde
ACTION SNIPPET 1200 496 SNIPPET_NOT_RELEVANT ea2b80a8-5305-11e4-b86d-184ac281388d
ACTION SNIPPET 1200 496 SNIPPET_NOT_RELEVANT a06f9786-ddc4-11e2-b197-f248b21f94c4
ACTION SNIPPET 1200 496 SNIPPET_NOT_RELEVANT abfa76d6-c719-11e3-bf7a-be01a9b69cf1
ACTION SNIPPET 1200 496 SNIPPET_NOT_RELEVANT e6c44bf8-f58f-11e3-a606-946fd632f9f1
ACTION SNIPPET 1200 496 SNIPPET_NOT_RELEVANT 4cc8fc4083475f4db4fc70e240311508
ACTION SNIPPET 1200 496 SNIPPET_NOT_RELEVANT 9bc1b386-981e-11e2-814b-063623d80a60
ACTION SNIPPET 1200 496 SNIPPET_NOT_RELEVANT 63aed3d8-76eb-11e2-95e4-6148e45d7adb
ACTION SNIPPET 1200 496 SNIPPET_NOT_RELEVANT 260312aa-eac6-11e4-9767-6276fc9b0ada
ACTION SNIPPET 1200 496 SNIPPET_NOT_RELEVANT 58cab268-aa37-11e3-8599-ce7295b6851c
ACTION SNIPPET 1200 496 SNIPPET_NOT_RELEVANT 1927f6142991de3f67904f26246ed786
ACTION SNIPPET 1200 496 SNIPPET_NOT_RELEVANT b9eddd3d1aa57082ad67ff74c87392fa
ACTION SNIPPET 1200 496 SNIPPET_NOT_RELEVANT fb24615c-41db-11e5-846d-02792f854297
ACTION SNIPPET 1200 496 SNIPPET_NOT_RELEVANT 7b210772-5670-11e5-9f54-1ea23f6e02f3
ACTION SNIPPET 1200 496 SNIPPET_NOT_RELEVANT 810e5c58fbb0522b9e1ef471e4bbe9f1
ACTION SNIPPET 1200 496 SNIPPET_NOT_RELEVANT ab65d923e5547fe2c304ff38d917aa01
ACTION SNIPPET 1200 496 SNIPPET_NOT_RELEVANT af4ee1a2-941d-11e3-b46a-5a3d0d2130da
ACTION SNIPPET 1200 496 SNIPPET_NOT_RELEVANT 10135f8bba6ea443dd4bb9251d55fb86
ACTION SNIPPET 1200 496 SNIPPET_NOT_RELEVANT 59324cda-a702-11e3-b865-38b254d92063
ACTION SNIPPET 1200 496 SNIPPET_NOT_RELEVANT 51b9a861254d96c1ec0a3a8e88031167
ACTION SNIPPET 1200 496 SNIPPET_NOT_RELEVANT 87036f015c6b9a2d5fad142e1f4bf8f3
ACTION SNIPPET 1200 496 SNIPPET_NOT_RELEVANT bbea40ddc93b71b74207b89506dc6202
ACTION SNIPPET 1200 496 SNIPPET_NOT_RELEVANT a2ccaa32b12bbbdbdf9230a890eafda8
ACTION SNIPPET 1200 496 SNIPPET_NOT_RELEVANT 846176f54fb48d37946c82edcbe23405
ACTION SNIPPET 1200 496 SNIPPET_NOT_RELEVANT e0b684ae-20d3-11e5-bf41-c23f5d3face1
ACTION SNIPPET 1200 496 SNIPPET_NOT_RELEVANT 58eae925bd952eec0f6ba3a94110d362
ACTION SNIPPET 1200 496 SNIPPET_NOT_RELEVANT d8835b08-c40f-11e3-bcec-b71ee10e9bc3
ACTION SNIPPET 1200 496 SNIPPET_NOT_RELEVANT 8df6255d926afa24d4a0be128bab7928
ACTION SNIPPET 1200 496 SNIPPET_NOT_RELEVANT 7aea6393f32c83b5ffac181d6b5c9696
ACTION SNIPPET 1200 496 SNIPPET_NOT_RELEVANT 328aef68-47dc-11e3-a196-3544a03c2351
ACTION SNIPPET 1200 496 SNIPPET_NOT_RELEVANT a36f6eec24ebc5b740f613533f7f6ed9
ACTION SNIPPET 1200 496 SNIPPET_NOT_RELEVANT a0b27f9a1c4f4bdc4c0e29a4bf1f5a80
ACTION SNIPPET 1200 496 SNIPPET_NOT_RELEVANT c1479b10-dbce-11e5-81ae-7491b9b9e7df
ACTION SNIPPET 1200 496 SNIPPET_NOT_RELEVANT e909c99e-a92f-11e3-b61e-8051b8b52d06
ACTION SNIPPET 1200 496 SNIPPET_NOT_RELEVANT c04d8a74-d90d-11e2-a9f2-42ee3912ae0e
ACTION SNIPPET 1200 496 SNIPPET_NOT_RELEVANT 97e1e052-dc03-11e5-891a-4ed04f4213e8
ACTION SNIPPET 1200 496 SNIPPET_NOT_RELEVANT 9fda95d10755f3c1c76eed34d6bab0b5
ACTION SNIPPET 1200 496 SNIPPET_NOT_RELEVANT 82856afc299d78d8d7cf8bb93e9179d7
ACTION SNIPPET 1200 496 SEEN_PREVIOUSLY 7e14226e-68e0-11e2-af53-7b2b2a7510a8
ACTION SNIPPET 1200 496 SNIPPET_NOT_RELEVANT 13d14b8e81cddcf34801cc3bddd1bb7e
ACTION SNIPPET 1200 496 SNIPPET_NOT_RELEVANT 28af49b0a1feb8079d8bfd4e04820499
ACTION SNIPPET 1200 496 SNIPPET_NOT_RELEVANT 33ae4e232fd4080eeab285cf99cd51b7
ACTION SNIPPET 1200 496 SNIPPET_NOT_RELEVANT 9e8d7eca6ca91ac5466c93afa355e413
ACTION SNIPPET 1200 496 SNIPPET_NOT_RELEVANT 0dd2f3e35c319d0ae217ed31f765c894
ACTION SNIPPET 1200 496 SNIPPET_NOT_RELEVANT efcfe140-0990-11e7-a15f-a58d4a988474
ACTION SNIPPET 1200 496 SNIPPET_NOT_RELEVANT c438eca2d42985af7c1267dba6e34c6f
ACTION SNIPPET 1200 496 SNIPPET_NOT_RELEVANT f6017f897d2cbe86a013ee0b8f5ecb37
ACTION SNIPPET 1200 496 SNIPPET_NOT_RELEVANT fe2d5158-d5f1-11e3-95d3-3bcd77cd4e11
ACTION SNIPPET 1200 496 SNIPPET_NOT_RELEVANT beddd31b2d8c769dd89ef5bb9e1aa81c
ACTION SNIPPET 1200 496 SNIPPET_NOT_RELEVANT 15ab16d8-c29c-11e5-a4aa-f25866ba0dc6
ACTION SNIPPET 1200 496 SNIPPET_NOT_RELEVANT 42b62c49a1f9c61ade4578ba046d0a11
ACTION SNIPPET 1200 496 SNIPPET_NOT_RELEVANT 90a0b494431f0d8dd5522664416b4f51
ACTION SNIPPET 1200 496 SNIPPET_NOT_RELEVANT d9b18dc350dd7a25c6e8dc6c03c7a48f
ACTION SNIPPET 1200 496 SNIPPET_NOT_RELEVANT 16f96b932305f41fc554475a5a403bb5
ACTION SNIPPET 1200 496 SNIPPET_NOT_RELEVANT 4a4b6d6be6968f8fbf4d58a6f1330144
ACTION SNIPPET 1200 496 SNIPPET_NOT_RELEVANT d9322a0d744f6b6058c32a14d3b74463
ACTION SNIPPET 1200 496 SNIPPET_NOT_RELEVANT c703983c-9e06-11e2-a941-a19bce7af755
ACTION SNIPPET 1200 496 SNIPPET_NOT_RELEVANT b86b8cf4-da8c-11e2-a9f2-42ee3912ae0e
ACTION SNIPPET 1200 496 SNIPPET_NOT_RELEVANT 6d80a93ff6f8a7cc1dd0c72462bdf9f6
ACTION SNIPPET 1200 496 SEEN_PREVIOUSLY 355d90baec651dead078a67af4ca722a
ACTION SNIPPET 1200 496 SNIPPET_NOT_RELEVANT 419fb8b35a716fdc6cf0ed3caabd9a75
ACTION SNIPPET 1200 496 SNIPPET_NOT_RELEVANT fdec8fd6f85df96b04b580cb57f46558
ACTION SNIPPET 1200 496 SNIPPET_NOT_RELEVANT 9171afe2fb7344c2c8a6dc066744a9d8
ACTION SNIPPET 1200 496 SNIPPET_NOT_RELEVANT 2bcb82dc-bbc9-11e6-ae79-bec72d34f8c9
ACTION SNIPPET 1200 496 SNIPPET_NOT_RELEVANT 521c56ae-b891-11e1-9fcb-c656ee818c11
ACTION SNIPPET 1200 496 SNIPPET_NOT_RELEVANT ddb3223e-a5e8-11e2-8302-3c7e0ea97057
ACTION SNIPPET 1200 496 SNIPPET_NOT_RELEVANT 0bea2d4dbb7933a57c1be7f246367928
ACTION SNIPPET 1200 496 SNIPPET_NOT_RELEVANT d8479cde76d3859018524470492b29c7
INFO SERP_END_REACHED 
ACTION QUERY 1200 506 invasive animal cooking
ACTION SERP 1200 511 EXAMINE_SERP
ACTION SNIPPET 1200 511 SNIPPET_NOT_RELEVANT 3ed9ccc3cd98985339670c126eecad94
ACTION SNIPPET 1200 511 SNIPPET_NOT_RELEVANT 32efc18a-547a-11e4-809b-8cc0a295c773
ACTION SNIPPET 1200 511 SNIPPET_NOT_RELEVANT 11e179b59bd93810df5c4c2239d6d5ab
ACTION SNIPPET 1200 511 SNIPPET_NOT_RELEVANT d3f8f80afc991385afc6eedaab8c248f
ACTION SNIPPET 1200 511 SNIPPET_NOT_RELEVANT 260b56859a038b4185d0d751b68c2bdf
ACTION SNIPPET 1200 511 SNIPPET_NOT_RELEVANT a49c0a159d7af81cb19da6ec168dd618
ACTION SNIPPET 1200 511 SNIPPET_NOT_RELEVANT b70f34bc-b112-11e2-9a98-4be1688d7d84
ACTION SNIPPET 1200 511 SNIPPET_NOT_RELEVANT 003b5a8eed4e0dd279ba63a6e1f29d66
ACTION SNIPPET 1200 511 SNIPPET_NOT_RELEVANT c47fd4ed0b04042a7ce4fa1988e2f2be
ACTION SNIPPET 1200 511 SNIPPET_NOT_RELEVANT 7238cd93bece725a8e4b77c968deabf2
ACTION SNIPPET 1200 511 SNIPPET_NOT_RELEVANT a4952fa6-25e1-11e2-8007-0994844f9afd
ACTION SNIPPET 1200 511 SNIPPET_NOT_RELEVANT b6edd9e309d3a66fa922c7e4e92282fb
ACTION SNIPPET 1200 511 SNIPPET_NOT_RELEVANT aa4077ca-52b9-11e3-9e2c-e1d01116fd98
ACTION SNIPPET 1200 511 SNIPPET_NOT_RELEVANT 53246158-45fb-11e1-95ea-d3d7baa6debe
ACTION SNIPPET 1200 511 SNIPPET_NOT_RELEVANT 4b3a240a902abc77e20ff0a99e04167a
ACTION SNIPPET 1200 511 SEEN_PREVIOUSLY 75e5fe3c-3afc-11e5-b3ac-8a79bc44e5e2
ACTION SNIPPET 1200 511 SNIPPET_NOT_RELEVANT 6fe19c2e-d2a1-11e6-9cb0-54ab630851e8
ACTION SNIPPET 1200 511 SNIPPET_NOT_RELEVANT b85d5372-72dc-11e2-ac36-3d8d9dcaa2e2
ACTION SNIPPET 1200 511 SNIPPET_NOT_RELEVANT 54e41b130481331b321b1452366c4514
ACTION SNIPPET 1200 511 SNIPPET_NOT_RELEVANT 4679869bc07ec0bafd0bcf991e4e1a7a
ACTION SNIPPET 1200 511 SNIPPET_NOT_RELEVANT 4162c0e1d7194c2d5ddb4c1d0be286bb
ACTION SNIPPET 1200 511 SNIPPET_NOT_RELEVANT 629b425e-5621-11e3-8304-caf30787c0a9
ACTION SNIPPET 1200 511 SNIPPET_NOT_RELEVANT d440b8812ffa33e36b6cdf04df67fd9b
ACTION SNIPPET 1200 511 SEEN_PREVIOUSLY 7e14226e-68e0-11e2-af53-7b2b2a7510a8
ACTION SNIPPET 1200 511 SNIPPET_NOT_RELEVANT 35368a40ba06a61892a1e50f24e38609
ACTION SNIPPET 1200 511 SNIPPET_NOT_RELEVANT 6309563871d08b962e0e806cb7bd2a94
ACTION SNIPPET 1200 511 SEEN_PREVIOUSLY 40459b20498a37a91caffbf2ea64fa1b
ACTION SNIPPET 1200 511 SEEN_PREVIOUSLY f64bb93aca991a17d9ec36b2e293187e
ACTION SNIPPET 1200 511 SNIPPET_NOT_RELEVANT 4ece2132-7426-11e4-a5b2-e1217af6b33d
ACTION SNIPPET 1200 511 SNIPPET_NOT_RELEVANT 61a008e04c40b087e5d567fb607010ca
ACTION SNIPPET 1200 511 SNIPPET_NOT_RELEVANT 58e02f127363f83aea2f428b873b49b9
ACTION SNIPPET 1200 511 SNIPPET_NOT_RELEVANT 3c299500c63886fb798ccea0c9277c53
ACTION SNIPPET 1200 511 SNIPPET_NOT_RELEVANT 45449910-e814-11e2-a301-ea5a8116d211
ACTION SNIPPET 1200 511 SNIPPET_NOT_RELEVANT 459c1c9e-c2f3-11e2-914f-a7aba60512a7
ACTION SNIPPET 1200 511 SNIPPET_NOT_RELEVANT ddea7dce-1829-11e4-85b6-c1451e622637
ACTION SNIPPET 1200 511 SNIPPET_NOT_RELEVANT a81a79b8-5bf4-11e1-8557-51c0c444d247
ACTION SNIPPET 1200 511 SNIPPET_NOT_RELEVANT 3d4d36de-326d-11e2-bb9b-288a310849ee
ACTION SNIPPET 1200 511 SNIPPET_NOT_RELEVANT f987f0bf433c82a6dfd755b690135b2a
ACTION SNIPPET 1200 511 SNIPPET_NOT_RELEVANT 9855cdc8-19f6-11e7-855e-4824bbb5d748
ACTION SNIPPET 1200 511 SNIPPET_NOT_RELEVANT b6e6154a-f22d-11e6-b9c9-e83fce42fb61
ACTION SNIPPET 1200 511 SNIPPET_NOT_RELEVANT a094a8d8-a341-11e5-9c4e-be37f66848bb
ACTION SNIPPET 1200 511 SNIPPET_NOT_RELEVANT 4a7a2904-03f9-11e2-8102-ebee9c66e190
ACTION SNIPPET 1200 511 SNIPPET_NOT_RELEVANT 9012af9d4839affe3e955dd72ad7a6aa
ACTION SNIPPET 1200 511 SNIPPET_NOT_RELEVANT f8a90cae-dd34-11e4-acfe-cd057abefa9a
ACTION SNIPPET 1200 511 SNIPPET_NOT_RELEVANT 4515971e-4f8b-11e6-a7d8-13d06b37f256
ACTION SNIPPET 1200 511 SNIPPET_NOT_RELEVANT 14406368-e33b-11e2-aef3-339619eab080
ACTION SNIPPET 1200 511 SNIPPET_NOT_RELEVANT 66b784c23870052b4b19f103265b020f
ACTION SNIPPET 1200 511 SNIPPET_NOT_RELEVANT acaa8cd85419137390d59ec346f2f080
ACTION SNIPPET 1200 511 SNIPPET_NOT_RELEVANT f4bcdc76f6ec0f73f9b003f39d733aef
ACTION SNIPPET 1200 511 SNIPPET_NOT_RELEVANT 27674dda-ec7e-11e6-9973-c5efb7ccfb0d
ACTION SNIPPET 1200 511 SNIPPET_NOT_RELEVANT 69dfc36c-f191-11e3-b140-bd7309109588
ACTION SNIPPET 1200 511 SNIPPET_NOT_RELEVANT 588c6636-e7c2-11e6-b82f-687d6e6a3e7c
ACTION SNIPPET 1200 511 SNIPPET_NOT_RELEVANT 18043066-391a-11e4-a023-1d61f7f31a05
ACTION SNIPPET 1200 511 SNIPPET_NOT_RELEVANT 063e0d2c-0ff8-11e7-ab07-07d9f521f6b5
ACTION SNIPPET 1200 511 SNIPPET_NOT_RELEVANT 7a97add2-7c3a-11e2-a044-676856536b40
ACTION SNIPPET 1200 511 SNIPPET_NOT_RELEVANT c252cf88-8a7f-11e6-875e-2c1bfe943b66
ACTION SNIPPET 1200 511 SNIPPET_NOT_RELEVANT 112771b8-81c4-11e2-b99e-6baf4ebe42df
ACTION SNIPPET 1200 511 SNIPPET_NOT_RELEVANT 7d18097bdb47a92e04e3a0c629128d54
ACTION SNIPPET 1200 511 SNIPPET_NOT_RELEVANT cf5b134e-95b9-11e6-bb29-bf2701dbe0a3
ACTION SNIPPET 1200 511 SNIPPET_NOT_RELEVANT c749b3b2-5e8b-11e3-bc56-c6ca94801fac
ACTION SNIPPET 1200 511 SNIPPET_NOT_RELEVANT 3bf3a41deb8a8207f086a18f72b50925
ACTION SNIPPET 1200 511 SNIPPET_NOT_RELEVANT 77106de0-a340-11e5-9c4e-be37f66848bb
ACTION SNIPPET 1200 511 SNIPPET_NOT_RELEVANT 1f3382f4-d216-11e2-a73e-826d299ff459
ACTION SNIPPET 1200 511 SNIPPET_NOT_RELEVANT eca4ccdc-9bef-11e2-9a79-eb5280c81c63
ACTION SNIPPET 1200 511 SNIPPET_NOT_RELEVANT a2311d8ab804238855993fd76b3c4305
ACTION SNIPPET 1200 511 SNIPPET_NOT_RELEVANT 9a2dca6a-ad3d-11e4-ad71-7b9eba0f87d6
ACTION SNIPPET 1200 511 SNIPPET_NOT_RELEVANT d8f3b2aed11450427522ee235c7133a6
ACTION SNIPPET 1200 511 SNIPPET_NOT_RELEVANT d69bb5166132bed0e845f7cc42d683d1
ACTION SNIPPET 1200 511 SNIPPET_NOT_RELEVANT 61b846ae-1c38-11e6-b6e0-c53b7ef63b45
ACTION SNIPPET 1200 511 SNIPPET_NOT_RELEVANT 71afb056-1c38-11e6-b6e0-c53b7ef63b45
ACTION SNIPPET 1200 511 SNIPPET_NOT_RELEVANT 80897bce-f861-11e6-9845-576c69081518
ACTION SNIPPET 1200 511 SNIPPET_NOT_RELEVANT beee0b8e902dca1038be4f669c20a4fe
ACTION SNIPPET 1200 511 SNIPPET_NOT_RELEVANT 55dbd314-1c38-11e6-b6e0-c53b7ef63b45
ACTION SNIPPET 1200 511 SNIPPET_NOT_RELEVANT ef23bf9e-d5a8-11e1-b2d5-2419d227d8b0
ACTION SNIPPET 1200 511 SNIPPET_NOT_RELEVANT d06ed2d2ad437816fcb2572916f81b07
ACTION SNIPPET 1200 511 SNIPPET_NOT_RELEVANT ed57cad2be8837ba787409af2008ea70
ACTION SNIPPET 1200 511 SNIPPET_NOT_RELEVANT f946078c-4549-11e7-a196-a1bb629f64cb
ACTION SNIPPET 1200 511 SNIPPET_NOT_RELEVANT 7d031844-6deb-11e1-b6cb-8f400698f97c
ACTION SNIPPET 1200 511 SNIPPET_NOT_RELEVANT f1d988a573979dcf091a6ecb1db56f45
ACTION SNIPPET 1200 511 SNIPPET_NOT_RELEVANT a2f2f6f2-369c-11e3-89db-8002ba99b894
ACTION SNIPPET 1200 511 SNIPPET_NOT_RELEVANT d0096a7e-c20a-11e2-9fe2-6ee52d0eb7c1
ACTION SNIPPET 1200 511 SNIPPET_NOT_RELEVANT 57959868-bec1-11e5-9443-7074c3645405
ACTION SNIPPET 1200 511 SEEN_PREVIOUSLY e61cbb4c-e449-11e3-8f90-73e071f3d637
ACTION SNIPPET 1200 511 SNIPPET_NOT_RELEVANT 1da8af2e-55fa-11e2-bf3e-76c0a789346f
ACTION SNIPPET 1200 511 SNIPPET_NOT_RELEVANT 6b1e997865ef4a670a40db831e9a9389
ACTION SNIPPET 1200 511 SNIPPET_NOT_RELEVANT c06d330772ce557b5b2d3e85531336d2
ACTION SNIPPET 1200 511 SNIPPET_NOT_RELEVANT 1685d324-4318-11e2-8061-253bccfc7532
ACTION SNIPPET 1200 511 SNIPPET_NOT_RELEVANT ec21048c094795a26fb9f1bb0cdfdb5f
ACTION SNIPPET 1200 511 SNIPPET_NOT_RELEVANT c4f0804819af03da06c6ae1d4534bd28
ACTION SNIPPET 1200 511 SNIPPET_NOT_RELEVANT 93b94e5cabb005f31d25bedfb9ac4394
ACTION SNIPPET 1200 511 SNIPPET_NOT_RELEVANT c4f1fd9fc5405a98c316bf6e35ba046d
ACTION SNIPPET 1200 511 SNIPPET_NOT_RELEVANT cd6353d24904c1da0c6dd263e376a858
ACTION SNIPPET 1200 511 SNIPPET_NOT_RELEVANT e4df1712-1e02-11e6-8c7b-6931e66333e7
ACTION SNIPPET 1200 511 SNIPPET_NOT_RELEVANT 8411235318f4fc6c989e5858dbfa803a
ACTION SNIPPET 1200 511 SNIPPET_NOT_RELEVANT 58cab268-aa37-11e3-8599-ce7295b6851c
ACTION SNIPPET 1200 511 SNIPPET_NOT_RELEVANT f95b08ed0b3b74bd45c62acf1b0e6e40
ACTION SNIPPET 1200 511 SNIPPET_NOT_RELEVANT c1d6bbc4-1063-11e5-a0dc-2b6f404ff5cf
ACTION SNIPPET 1200 511 SNIPPET_NOT_RELEVANT a3cb206224f373ff8153b0ff1b1ea46d
ACTION SNIPPET 1200 511 SNIPPET_NOT_RELEVANT 3337f09abe47754178d552003246b494
ACTION SNIPPET 1200 511 SNIPPET_NOT_RELEVANT d2f585c676a420c0b81f89a54db90c2a
INFO SERP_END_REACHED 
ACTION QUERY 1200 521 eradicating invasives by eating
ACTION SERP 1200 526 EXAMINE_SERP
ACTION SNIPPET 1200 526 SNIPPET_NOT_RELEVANT 9319037a-af39-11e1-a163-d43a3ca733b4
ACTION SNIPPET 1200 526 SNIPPET_NOT_RELEVANT 35368a40ba06a61892a1e50f24e38609
ACTION SNIPPET 1200 526 SNIPPET_NOT_RELEVANT aa4077ca-52b9-11e3-9e2c-e1d01116fd98
ACTION SNIPPET 1200 526 SNIPPET_NOT_RELEVANT 11e179b59bd93810df5c4c2239d6d5ab
ACTION SNIPPET 1200 526 SEEN_PREVIOUSLY 355d90baec651dead078a67af4ca722a
ACTION SNIPPET 1200 526 SNIPPET_NOT_RELEVANT d3f8f80afc991385afc6eedaab8c248f
ACTION SNIPPET 1200 526 SNIPPET_NOT_RELEVANT b029b832b1c5d49327c76d3da13c2315
ACTION SNIPPET 1200 526 SNIPPET_NOT_RELEVANT ab06f79c470fb4a74d001df8a43c2a2b
ACTION SNIPPET 1200 526 SNIPPET_NOT_RELEVANT 849b9449854b579542b7c8595f371902
ACTION SNIPPET 1200 526 SNIPPET_NOT_RELEVANT 3c299500c63886fb798ccea0c9277c53
ACTION SNIPPET 1200 526 SEEN_PREVIOUSLY 7e14226e-68e0-11e2-af53-7b2b2a7510a8
ACTION SNIPPET 1200 526 SNIPPET_NOT_RELEVANT 53b94050-b882-11e4-bc30-a4e75503948a
ACTION SNIPPET 1200 526 SEEN_PREVIOUSLY 40459b20498a37a91caffbf2ea64fa1b
ACTION SNIPPET 1200 526 SEEN_PREVIOUSLY f64bb93aca991a17d9ec36b2e293187e
ACTION SNIPPET 1200 526 SNIPPET_NOT_RELEVANT 58cab268-aa37-11e3-8599-ce7295b6851c
ACTION SNIPPET 1200 526 SNIPPET_NOT_RELEVANT 6309563871d08b962e0e806cb7bd2a94
ACTION SNIPPET 1200 526 SNIPPET_NOT_RELEVANT 1fc953d2a8b00c88d26d0383b10e342b
ACTION SNIPPET 1200 526 SNIPPET_NOT_RELEVANT 260b56859a038b4185d0d751b68c2bdf
ACTION SNIPPET 1200 526 SNIPPET_NOT_RELEVANT a49c0a159d7af81cb19da6ec168dd618
ACTION SNIPPET 1200 526 SNIPPET_NOT_RELEVANT 37cb25ebbfab45bf1056fbc47e95177a
ACTION SNIPPET 1200 526 SNIPPET_NOT_RELEVANT 43f4d622f5fe363c351615c04721ac35
ACTION SNIPPET 1200 526 SNIPPET_NOT_RELEVANT 59d4a752-55bd-11e6-b7de-dfe509430c39
ACTION SNIPPET 1200 526 SNIPPET_NOT_RELEVANT 745975848ee0f77c69af8bb6626961e8
ACTION SNIPPET 1200 526 SNIPPET_NOT_RELEVANT 20b03a10433a9af70700e9aecc62fc41
ACTION SNIPPET 1200 526 SNIPPET_NOT_RELEVANT 12fd4f90-3d8f-11e2-a2d9-822f58ac9fd5
ACTION SNIPPET 1200 526 SNIPPET_NOT_RELEVANT 488773721f2376616d11e329027584d6
ACTION SNIPPET 1200 526 SNIPPET_NOT_RELEVANT 33e78288-916f-11e6-9c85-ac42097b8cc0
ACTION SNIPPET 1200 526 SEEN_PREVIOUSLY e61cbb4c-e449-11e3-8f90-73e071f3d637
ACTION SNIPPET 1200 526 SNIPPET_NOT_RELEVANT 3b044fee-b971-11e2-b94c-b684dda07add
ACTION SNIPPET 1200 526 SNIPPET_NOT_RELEVANT 1aa01002-f065-11e5-a2a3-d4e9697917d1
ACTION SNIPPET 1200 526 SNIPPET_NOT_RELEVANT 98f61556-45a7-11e4-9a15-137aa0153527
ACTION SNIPPET 1200 526 SNIPPET_NOT_RELEVANT 7c67532ae63593eacfad501989498df2
ACTION SNIPPET 1200 526 SNIPPET_NOT_RELEVANT 32efc18a-547a-11e4-809b-8cc0a295c773
ACTION SNIPPET 1200 526 SNIPPET_NOT_RELEVANT 6337d3d0-0428-11e3-88d6-d5795fab4637
ACTION SNIPPET 1200 526 SNIPPET_NOT_RELEVANT ac0f0774-4e8d-11e6-aa14-e0c1087f7583
ACTION SNIPPET 1200 526 SNIPPET_NOT_RELEVANT 4679869bc07ec0bafd0bcf991e4e1a7a
ACTION SNIPPET 1200 526 SNIPPET_NOT_RELEVANT 026191506c8508318923446b977e4f10
ACTION SNIPPET 1200 526 SNIPPET_NOT_RELEVANT f336e3824b20f7d3288c36a058e5d905
ACTION SNIPPET 1200 526 SNIPPET_NOT_RELEVANT ce17bb24-f12f-11e5-a61f-e9c95c06edca
ACTION SNIPPET 1200 526 SNIPPET_NOT_RELEVANT b270406e-63dd-11e6-96c0-37533479f3f5
ACTION SNIPPET 1200 526 SEEN_PREVIOUSLY 75e5fe3c-3afc-11e5-b3ac-8a79bc44e5e2
ACTION SNIPPET 1200 526 SNIPPET_NOT_RELEVANT c28d66c023ba0c4607dbd201d759eb8c
ACTION SNIPPET 1200 526 SNIPPET_NOT_RELEVANT 6fe19c2e-d2a1-11e6-9cb0-54ab630851e8
ACTION SNIPPET 1200 526 SNIPPET_NOT_RELEVANT 7a8e3094-13a1-11e5-9ddc-e3353542100c
ACTION SNIPPET 1200 526 SNIPPET_NOT_RELEVANT 867e6ad0b91146dc4dc5af40b7cca690
ACTION SNIPPET 1200 526 SNIPPET_NOT_RELEVANT f83bd615d445a6fa21ab75790cbf9c70
ACTION SNIPPET 1200 526 SNIPPET_NOT_RELEVANT 8eb56540-0ccb-11e2-a310-2363842b7057
ACTION SNIPPET 1200 526 SNIPPET_NOT_RELEVANT 1cf0ba993d57886481300d21ea34ef25
ACTION SNIPPET 1200 526 SNIPPET_NOT_RELEVANT b0d6bf4ab775d6e72489b22b6b8600de
ACTION SNIPPET 1200 526 SNIPPET_NOT_RELEVANT 61e5337d53304835be130f3357d4a01f
ACTION SNIPPET 1200 526 SNIPPET_NOT_RELEVANT 60e49cb2e33de99a9fbcb32d4e3e32a3
ACTION SNIPPET 1200 526 SNIPPET_NOT_RELEVANT 527dca31f08352b1ff91e4ea671e1559
ACTION SNIPPET 1200 526 SNIPPET_NOT_RELEVANT a2311d8ab804238855993fd76b3c4305
ACTION SNIPPET 1200 526 SEEN_PREVIOUSLY c5872f5978258eef3e1a6d4beb9b0ce8
ACTION SNIPPET 1200 526 SNIPPET_NOT_RELEVANT b3f0d37c-e80b-11e3-afc6-a1dd9407abcf
ACTION SNIPPET 1200 526 SNIPPET_NOT_RELEVANT 0b638ec0-8c8c-11e6-875e-2c1bfe943b66
ACTION SNIPPET 1200 526 SNIPPET_NOT_RELEVANT 3a09b514-cd29-11e6-a747-d03044780a02
ACTION SNIPPET 1200 526 SNIPPET_NOT_RELEVANT d574dc20a2c59c44060562258ca82e6e
ACTION SNIPPET 1200 526 SNIPPET_NOT_RELEVANT e4df1712-1e02-11e6-8c7b-6931e66333e7
ACTION SNIPPET 1200 526 SNIPPET_NOT_RELEVANT c744c9e576ecaa2d229a9d892f40d1e1
ACTION SNIPPET 1200 526 SNIPPET_NOT_RELEVANT 50dc9e74-44ea-11e4-b47c-f5889e061e5f
ACTION SNIPPET 1200 526 SNIPPET_NOT_RELEVANT 8e7428674fa06044273c8b65569b14ca
ACTION SNIPPET 1200 526 SNIPPET_NOT_RELEVANT 6b3452f4-dbdc-11e1-af1d-753c613ff6d8
ACTION SNIPPET 1200 526 SNIPPET_NOT_RELEVANT af11fae8-3ade-11e1-9ff8-fab9392b31bf
ACTION SNIPPET 1200 526 SNIPPET_NOT_RELEVANT 916c15692729c255117f42c2324fadd0
ACTION SNIPPET 1200 526 SNIPPET_NOT_RELEVANT 6a1631c2b593f620ef582b72b9025291
ACTION SNIPPET 1200 526 SNIPPET_NOT_RELEVANT da085346-4380-11e6-88d0-6adee48be8bc
ACTION SNIPPET 1200 526 SNIPPET_NOT_RELEVANT 000da51c-f93f-11e2-a954-358d90d5d72d
ACTION SNIPPET 1200 526 SNIPPET_NOT_RELEVANT b2f09ec2f28868ebb91850c2ff189898
ACTION SNIPPET 1200 526 SNIPPET_NOT_RELEVANT a098cc44-ff81-11e2-9711-3708310f6f4d
ACTION SNIPPET 1200 526 SNIPPET_NOT_RELEVANT a80ef6f0-0e60-11e2-ba6c-07bd866eb71a
ACTION SNIPPET 1200 526 SNIPPET_NOT_RELEVANT 25265458-0072-11e4-b8ff-89afd3fad6bd
ACTION SNIPPET 1200 526 SNIPPET_NOT_RELEVANT 9a2dca6a-ad3d-11e4-ad71-7b9eba0f87d6
ACTION SNIPPET 1200 526 SNIPPET_NOT_RELEVANT bcdc7492-a08a-11e2-bd52-614156372695
ACTION SNIPPET 1200 526 SNIPPET_NOT_RELEVANT a4efb30ec7692f30693f2887f41a6385
ACTION SNIPPET 1200 526 SNIPPET_NOT_RELEVANT 320e92408db645ddff04a80510d538ab
ACTION SNIPPET 1200 526 SNIPPET_NOT_RELEVANT babdd7bc-9ad9-11e1-a572-967bee30fe4f
ACTION SNIPPET 1200 526 SNIPPET_NOT_RELEVANT bb8991de-027d-11e2-9b24-ff730c7f6312
ACTION SNIPPET 1200 526 SNIPPET_NOT_RELEVANT d69bb5166132bed0e845f7cc42d683d1
ACTION SNIPPET 1200 526 SNIPPET_NOT_RELEVANT 1c7fd425d31029ddc90865ff2511ee26
ACTION SNIPPET 1200 526 SNIPPET_NOT_RELEVANT 6e433dfe8f5d7d1aef570404ad3d3682
ACTION SNIPPET 1200 526 SNIPPET_NOT_RELEVANT edcd8746-1316-11e2-a16b-2c110031514a
ACTION SNIPPET 1200 526 SNIPPET_NOT_RELEVANT cd08a1f4-1888-11e7-855e-4824bbb5d748
ACTION SNIPPET 1200 526 SNIPPET_NOT_RELEVANT c06d330772ce557b5b2d3e85531336d2
ACTION SNIPPET 1200 526 SNIPPET_NOT_RELEVANT 71d52f1125529fe0a4b24f94f2a5e19c
ACTION SNIPPET 1200 526 SNIPPET_NOT_RELEVANT 20d0ab4e-cd9d-11e4-8a46-b1dc9be5a8ff
ACTION SNIPPET 1200 526 SNIPPET_NOT_RELEVANT f66d924c1ee5f85c795badc033ffa449
ACTION SNIPPET 1200 526 SNIPPET_NOT_RELEVANT 7d18097bdb47a92e04e3a0c629128d54
ACTION SNIPPET 1200 526 SNIPPET_NOT_RELEVANT bf3ef4efc781603a4eaf5129c96d3ab0
ACTION SNIPPET 1200 526 SNIPPET_NOT_RELEVANT c252cf88-8a7f-11e6-875e-2c1bfe943b66
ACTION SNIPPET 1200 526 SNIPPET_NOT_RELEVANT c06adbb8791fab007707d4b9b0e2f640
ACTION SNIPPET 1200 526 SNIPPET_NOT_RELEVANT c085348a0953b5db7f6e1cacaab92352
ACTION SNIPPET 1200 526 SNIPPET_NOT_RELEVANT 11dad10c-b197-11e1-a474-1d6470acef29
ACTION SNIPPET 1200 526 SNIPPET_NOT_RELEVANT 7ef5f8fa-85c0-11e6-92c2-14b64f3d453f
ACTION SNIPPET 1200 526 SNIPPET_NOT_RELEVANT 0781de0f1b807985e80d4e62ae9968fb
ACTION SNIPPET 1200 526 SNIPPET_NOT_RELEVANT 8267c6893bb8ff8371e927baad83a037
ACTION SNIPPET 1200 526 SNIPPET_NOT_RELEVANT a7d49d32ddc2361ea4229d5fad4c1b13
ACTION SNIPPET 1200 526 SNIPPET_NOT_RELEVANT 8f54c93045dfac1aa828568eac284356
ACTION SNIPPET 1200 526 SNIPPET_NOT_RELEVANT e32871543d899657d7168bb1238c45f8
ACTION SNIPPET 1200 526 SNIPPET_NOT_RELEVANT add9eedad5bafd1bc28e37723d7ca5f8
INFO SERP_END_REACHED 
INFO OUT_OF_QUERIES 
INFO SUMMARY 
INFO TOTAL_QUERIES_ISSUED 9
INFO TOTAL_SNIPPETS_EXAMINED 806
INFO TOTAL_DOCUMENTS_EXAMINED 17
INFO TOTAL_DOCUMENTS_MARKED_RELEVANT 17
INFO TOTAL_ATTRACTIVE_SERP_IMPRESSIONS 9
INFO TOTAL_UNATTRACTIVE_SERP_IMPRESSIONS 0
INFO TOTAL_TREC_RELEVANT_DOCS 17
INFO TOTAL_UNIQ_TREC_RELEVANT_DOCS 17
INFO PRECISION_TREC_RELEVANT_DOCS 1.0
