ACTION START 1200 0 START
ACTION QUERY 1200 10 women in parliament
ACTION SERP 1200 15 EXAMINE_SERP
ACTION SNIPPET 1200 15 SNIPPET_RELEVANT f233ecdeb87a44a6aa9ac429999d2d4c
ACTION DOC 1200 35 EXAMINING_DOCUMENT f233ecdeb87a44a6aa9ac429999d2d4c
ACTION MARK 1200 38 CONSIDERED_RELEVANT f233ecdeb87a44a6aa9ac429999d2d4c
ACTION SNIPPET 1200 38 SNIPPET_RELEVANT 4a7c2970fd9bf65fe09c7cf46df7b06d
ACTION DOC 1200 58 EXAMINING_DOCUMENT 4a7c2970fd9bf65fe09c7cf46df7b06d
ACTION MARK 1200 61 CONSIDERED_RELEVANT 4a7c2970fd9bf65fe09c7cf46df7b06d
ACTION SNIPPET 1200 61 SNIPPET_RELEVANT 9171debc316e5e2782e0d2404ca7d09d
ACTION DOC 1200 81 EXAMINING_DOCUMENT 9171debc316e5e2782e0d2404ca7d09d
ACTION MARK 1200 84 CONSIDERED_RELEVANT 9171debc316e5e2782e0d2404ca7d09d
ACTION SNIPPET 1200 84 SNIPPET_RELEVANT f1ab493726e1e6f5dd90615d5a1b58b8
ACTION DOC 1200 104 EXAMINING_DOCUMENT f1ab493726e1e6f5dd90615d5a1b58b8
ACTION MARK 1200 107 CONSIDERED_RELEVANT f1ab493726e1e6f5dd90615d5a1b58b8
ACTION SNIPPET 1200 107 SNIPPET_RELEVANT a5dfae0e39d5c86e8a2cc3c4294248b0
ACTION DOC 1200 127 EXAMINING_DOCUMENT a5dfae0e39d5c86e8a2cc3c4294248b0
ACTION MARK 1200 130 CONSIDERED_RELEVANT a5dfae0e39d5c86e8a2cc3c4294248b0
ACTION QUERY 1200 140 gender equality politics
ACTION SERP 1200 145 EXAMINE_SERP
ACTION SNIPPET 1200 145 SNIPPET_RELEVANT 071ad6f3cfba2273c7f8d5264c0a7583
ACTION DOC 1200 165 EXAMINING_DOCUMENT 071ad6f3cfba2273c7f8d5264c0a7583
ACTION MARK 1200 168 CONSIDERED_RELEVANT 071ad6f3cfba2273c7f8d5264c0a7583
ACTION SNIPPET 1200 168 SNIPPET_RELEVANT 5427998f1f8a34722c175e0255b66100
ACTION DOC 1200 188 EXAMINING_DOCUMENT 5427998f1f8a34722c175e0255b66100
ACTION MARK 1200 191 CONSIDERED_RELEVANT 5427998f1f8a34722c175e0255b66100
ACTION SNIPPET 1200 191 SNIPPET_RELEVANT 7b6b88ce98a521c6f43f31c79dec3caf
ACTION DOC 1200 211 EXAMINING_DOCUMENT 7b6b88ce98a521c6f43f31c79dec3caf
ACTION MARK 1200 214 CONSIDERED_RELEVANT 7b6b88ce98a521c6f43f31c79dec3caf
ACTION SNIPPET 1200 214 SNIPPET_RELEVANT 8561531dd5b908da8f5cef8341b689c4
ACTION DOC 1200 234 EXAMINING_DOCUMENT 8561531dd5b908da8f5cef8341b689c4
ACTION MARK 1200 237 CONSIDERED_RELEVANT 8561531dd5b908da8f5cef8341b689c4
ACTION SNIPPET 1200 237 SNIPPET_RELEVANT 336cae51198aab07033f71440ee7ec34
ACTION DOC 1200 257 EXAMINING_DOCUMENT 336cae51198aab07033f71440ee7ec34
ACTION MARK 1200 260 CONSIDERED_RELEVANT 336cae51198aab07033f71440ee7ec34
ACTION QUERY 1200 270 gender equality legislation
ACTION SERP 1200 275 EXAMINE_SERP
ACTION SNIPPET 1200 275 SNIPPET_RELEVANT 9c82ce48-2134-11e6-8690-f14ca9de2972
ACTION DOC 1200 295 EXAMINING_DOCUMENT 9c82ce48-2134-11e6-8690-f14ca9de2972
ACTION SNIPPET 1200 295 SNIPPET_RELEVANT 3a05107e-87c8-11e5-9a07-453018f9a0ec
ACTION DOC 1200 315 EXAMINING_DOCUMENT 3a05107e-87c8-11e5-9a07-453018f9a0ec
ACTION SNIPPET 1200 315 SNIPPET_RELEVANT d367e35c-8026-11e6-a52d-9a865a0ed0d4
ACTION DOC 1200 335 EXAMINING_DOCUMENT d367e35c-8026-11e6-a52d-9a865a0ed0d4
ACTION SNIPPET 1200 335 SEEN_PREVIOUSLY 7b6b88ce98a521c6f43f31c79dec3caf
ACTION SNIPPET 1200 335 SNIPPET_RELEVANT 1843a9fbe83b9f57dbfd17f297a00536
ACTION DOC 1200 355 EXAMINING_DOCUMENT 1843a9fbe83b9f57dbfd17f297a00536
ACTION SNIPPET 1200 355 SNIPPET_RELEVANT fb1b7c170108765743a4f260e8203ffd
ACTION DOC 1200 375 EXAMINING_DOCUMENT fb1b7c170108765743a4f260e8203ffd
ACTION SNIPPET 1200 375 SNIPPET_RELEVANT 975f3e8293205cd7d40aa19531a5c9c3
ACTION DOC 1200 395 EXAMINING_DOCUMENT 975f3e8293205cd7d40aa19531a5c9c3
ACTION QUERY 1200 405 female representation legislatures
ACTION SERP 1200 410 EXAMINE_SERP
ACTION SNIPPET 1200 410 SNIPPET_RELEVANT eb8eeb3fde8373c9b89cc95ad63d4a92
ACTION DOC 1200 430 EXAMINING_DOCUMENT eb8eeb3fde8373c9b89cc95ad63d4a92
ACTION MARK 1200 433 CONSIDERED_RELEVANT eb8eeb3fde8373c9b89cc95ad63d4a92
ACTION SNIPPET 1200 433 SNIPPET_RELEVANT 27612953bc67b332db33b8ed10192fbd
ACTION DOC 1200 453 EXAMINING_DOCUMENT 27612953bc67b332db33b8ed10192fbd
ACTION MARK 1200 456 CONSIDERED_RELEVANT 27612953bc67b332db33b8ed10192fbd
ACTION SNIPPET 1200 456 SNIPPET_RELEVANT af5f8d4080b0a5f5b3c8c957f602f27c
ACTION DOC 1200 476 EXAMINING_DOCUMENT af5f8d4080b0a5f5b3c8c957f602f27c
ACTION MARK 1200 479 CONSIDERED_RELEVANT af5f8d4080b0a5f5b3c8c957f602f27c
ACTION SNIPPET 1200 479 SNIPPET_RELEVANT 93ccb296-9a02-11e5-b499-76cbec161973
ACTION DOC 1200 499 EXAMINING_DOCUMENT 93ccb296-9a02-11e5-b499-76cbec161973
ACTION MARK 1200 502 CONSIDERED_RELEVANT 93ccb296-9a02-11e5-b499-76cbec161973
ACTION SNIPPET 1200 502 SEEN_PREVIOUSLY 4a7c2970fd9bf65fe09c7cf46df7b06d
ACTION SNIPPET 1200 502 SEEN_PREVIOUSLY 9171debc316e5e2782e0d2404ca7d09d
ACTION SNIPPET 1200 502 SNIPPET_RELEVANT b319e36a84e0389ecb9bc660cf500976
ACTION DOC 1200 522 EXAMINING_DOCUMENT b319e36a84e0389ecb9bc660cf500976
ACTION SNIPPET 1200 522 SNIPPET_RELEVANT 026c8dfc8025e7bafe0eec0825780fa1
ACTION DOC 1200 542 EXAMINING_DOCUMENT 026c8dfc8025e7bafe0eec0825780fa1
ACTION QUERY 1200 552 Women in Politics
ACTION SERP 1200 557 EXAMINE_SERP
ACTION SNIPPET 1200 557 SNIPPET_RELEVANT 7ee3c00ecf4eab66ab619a5343d145ba
ACTION DOC 1200 577 EXAMINING_DOCUMENT 7ee3c00ecf4eab66ab619a5343d145ba
ACTION MARK 1200 580 CONSIDERED_RELEVANT 7ee3c00ecf4eab66ab619a5343d145ba
ACTION SNIPPET 1200 580 SNIPPET_RELEVANT 4f1285d1f03451c1f65a1f27341a522c
ACTION DOC 1200 600 EXAMINING_DOCUMENT 4f1285d1f03451c1f65a1f27341a522c
ACTION MARK 1200 603 CONSIDERED_RELEVANT 4f1285d1f03451c1f65a1f27341a522c
ACTION SNIPPET 1200 603 SNIPPET_RELEVANT 26ff569313280337879c9f035acf5a3a
ACTION DOC 1200 623 EXAMINING_DOCUMENT 26ff569313280337879c9f035acf5a3a
ACTION SNIPPET 1200 623 SNIPPET_RELEVANT 2db50824eacd65f4b4fcffc2fd6c28c4
ACTION DOC 1200 643 EXAMINING_DOCUMENT 2db50824eacd65f4b4fcffc2fd6c28c4
ACTION MARK 1200 646 CONSIDERED_RELEVANT 2db50824eacd65f4b4fcffc2fd6c28c4
ACTION SNIPPET 1200 646 SNIPPET_RELEVANT f6084e2faaa255871ef911bac3cb3148
ACTION DOC 1200 666 EXAMINING_DOCUMENT f6084e2faaa255871ef911bac3cb3148
ACTION MARK 1200 669 CONSIDERED_RELEVANT f6084e2faaa255871ef911bac3cb3148
ACTION SNIPPET 1200 669 SNIPPET_RELEVANT ca765ad01afd5bd1a216060d4cd1eac0
ACTION DOC 1200 689 EXAMINING_DOCUMENT ca765ad01afd5bd1a216060d4cd1eac0
ACTION MARK 1200 692 CONSIDERED_RELEVANT ca765ad01afd5bd1a216060d4cd1eac0
ACTION QUERY 1200 702 female political representation
ACTION SERP 1200 707 EXAMINE_SERP
ACTION SNIPPET 1200 707 SNIPPET_RELEVANT 8e123fde1ffaaf2184f01e00fee60810
ACTION DOC 1200 727 EXAMINING_DOCUMENT 8e123fde1ffaaf2184f01e00fee60810
ACTION MARK 1200 730 CONSIDERED_RELEVANT 8e123fde1ffaaf2184f01e00fee60810
ACTION SNIPPET 1200 730 SEEN_PREVIOUSLY 93ccb296-9a02-11e5-b499-76cbec161973
ACTION SNIPPET 1200 730 SNIPPET_RELEVANT eacd327b20aa77a2aa909596ae336497
ACTION DOC 1200 750 EXAMINING_DOCUMENT eacd327b20aa77a2aa909596ae336497
ACTION MARK 1200 753 CONSIDERED_RELEVANT eacd327b20aa77a2aa909596ae336497
ACTION SNIPPET 1200 753 SEEN_PREVIOUSLY eb8eeb3fde8373c9b89cc95ad63d4a92
ACTION SNIPPET 1200 753 SNIPPET_RELEVANT 8cd330198af8dcce2f31de3317cd669a
ACTION DOC 1200 773 EXAMINING_DOCUMENT 8cd330198af8dcce2f31de3317cd669a
ACTION SNIPPET 1200 773 SNIPPET_RELEVANT 5ce04dee45db5b904d90e3ddb38dcf70
ACTION DOC 1200 793 EXAMINING_DOCUMENT 5ce04dee45db5b904d90e3ddb38dcf70
ACTION SNIPPET 1200 793 SEEN_PREVIOUSLY 4a7c2970fd9bf65fe09c7cf46df7b06d
ACTION SNIPPET 1200 793 SEEN_PREVIOUSLY 9171debc316e5e2782e0d2404ca7d09d
ACTION SNIPPET 1200 793 SNIPPET_RELEVANT 819ac543a41693ed4b97e2cb5957003d
ACTION DOC 1200 813 EXAMINING_DOCUMENT 819ac543a41693ed4b97e2cb5957003d
ACTION MARK 1200 816 CONSIDERED_RELEVANT 819ac543a41693ed4b97e2cb5957003d
ACTION SNIPPET 1200 816 SNIPPET_RELEVANT b67409567a8499828a214c97a4cb1652
ACTION DOC 1200 836 EXAMINING_DOCUMENT b67409567a8499828a214c97a4cb1652
ACTION MARK 1200 839 CONSIDERED_RELEVANT b67409567a8499828a214c97a4cb1652
ACTION QUERY 1200 849 female representation politics
ACTION SERP 1200 854 EXAMINE_SERP
ACTION SNIPPET 1200 854 SEEN_PREVIOUSLY 8e123fde1ffaaf2184f01e00fee60810
ACTION SNIPPET 1200 854 SEEN_PREVIOUSLY 93ccb296-9a02-11e5-b499-76cbec161973
ACTION SNIPPET 1200 854 SEEN_PREVIOUSLY eacd327b20aa77a2aa909596ae336497
ACTION SNIPPET 1200 854 SEEN_PREVIOUSLY eb8eeb3fde8373c9b89cc95ad63d4a92
ACTION SNIPPET 1200 854 SEEN_PREVIOUSLY 8cd330198af8dcce2f31de3317cd669a
ACTION SNIPPET 1200 854 SEEN_PREVIOUSLY 5ce04dee45db5b904d90e3ddb38dcf70
ACTION SNIPPET 1200 854 SEEN_PREVIOUSLY 4a7c2970fd9bf65fe09c7cf46df7b06d
ACTION SNIPPET 1200 854 SEEN_PREVIOUSLY 9171debc316e5e2782e0d2404ca7d09d
ACTION SNIPPET 1200 854 SEEN_PREVIOUSLY 819ac543a41693ed4b97e2cb5957003d
ACTION SNIPPET 1200 854 SEEN_PREVIOUSLY b67409567a8499828a214c97a4cb1652
ACTION SNIPPET 1200 854 SNIPPET_RELEVANT aac091c7fcb12e31ae19805002025ad1
ACTION DOC 1200 874 EXAMINING_DOCUMENT aac091c7fcb12e31ae19805002025ad1
ACTION MARK 1200 877 CONSIDERED_RELEVANT aac091c7fcb12e31ae19805002025ad1
ACTION SNIPPET 1200 877 SNIPPET_RELEVANT c9251106c1cde5fde26f1191f9c9845c
ACTION DOC 1200 897 EXAMINING_DOCUMENT c9251106c1cde5fde26f1191f9c9845c
ACTION MARK 1200 900 CONSIDERED_RELEVANT c9251106c1cde5fde26f1191f9c9845c
ACTION SNIPPET 1200 900 SNIPPET_RELEVANT 9f03212a-14aa-11e3-b220-2c950c7f3263
ACTION DOC 1200 920 EXAMINING_DOCUMENT 9f03212a-14aa-11e3-b220-2c950c7f3263
ACTION MARK 1200 923 CONSIDERED_RELEVANT 9f03212a-14aa-11e3-b220-2c950c7f3263
ACTION SNIPPET 1200 923 SNIPPET_RELEVANT 74ef345b0a294cd36de21c2d5833c55b
ACTION DOC 1200 943 EXAMINING_DOCUMENT 74ef345b0a294cd36de21c2d5833c55b
ACTION SNIPPET 1200 943 SNIPPET_RELEVANT 6038c0d7b63f5439edc719900251bc69
ACTION DOC 1200 963 EXAMINING_DOCUMENT 6038c0d7b63f5439edc719900251bc69
ACTION SNIPPET 1200 963 SNIPPET_RELEVANT dafe3110-4a9e-11e6-acbc-4d4870a079da
ACTION DOC 1200 983 EXAMINING_DOCUMENT dafe3110-4a9e-11e6-acbc-4d4870a079da
ACTION MARK 1200 986 CONSIDERED_RELEVANT dafe3110-4a9e-11e6-acbc-4d4870a079da
ACTION QUERY 1200 996 gender equality legislatures
ACTION SERP 1200 1001 EXAMINE_SERP
ACTION SNIPPET 1200 1001 SNIPPET_RELEVANT 2bb1f370d6cde50d6a919040413340ec
ACTION DOC 1200 1021 EXAMINING_DOCUMENT 2bb1f370d6cde50d6a919040413340ec
ACTION SNIPPET 1200 1021 SEEN_PREVIOUSLY 9c82ce48-2134-11e6-8690-f14ca9de2972
ACTION SNIPPET 1200 1021 SNIPPET_RELEVANT 0c470a6fbb8bdf0dd0500d42608d0f0f
ACTION DOC 1200 1041 EXAMINING_DOCUMENT 0c470a6fbb8bdf0dd0500d42608d0f0f
ACTION SNIPPET 1200 1041 SEEN_PREVIOUSLY 27612953bc67b332db33b8ed10192fbd
ACTION SNIPPET 1200 1041 SNIPPET_RELEVANT 7f60ca1547ea416dbecf2b412804d376
ACTION DOC 1200 1061 EXAMINING_DOCUMENT 7f60ca1547ea416dbecf2b412804d376
ACTION MARK 1200 1064 CONSIDERED_RELEVANT 7f60ca1547ea416dbecf2b412804d376
ACTION SNIPPET 1200 1064 SNIPPET_RELEVANT f47f4057496cff99fe4f24a25542dc71
ACTION DOC 1200 1084 EXAMINING_DOCUMENT f47f4057496cff99fe4f24a25542dc71
ACTION SNIPPET 1200 1084 SNIPPET_RELEVANT 72a305fa4d12f8c71bf980e11eb76bd8
ACTION DOC 1200 1104 EXAMINING_DOCUMENT 72a305fa4d12f8c71bf980e11eb76bd8
ACTION MARK 1200 1107 CONSIDERED_RELEVANT 72a305fa4d12f8c71bf980e11eb76bd8
ACTION SNIPPET 1200 1107 SNIPPET_RELEVANT 3a928e092cb385e52be367d909f11251
ACTION DOC 1200 1127 EXAMINING_DOCUMENT 3a928e092cb385e52be367d909f11251
ACTION QUERY 1200 1137 Women in Parliament
ACTION SERP 1200 1142 EXAMINE_SERP
ACTION SNIPPET 1200 1142 SEEN_PREVIOUSLY f233ecdeb87a44a6aa9ac429999d2d4c
ACTION SNIPPET 1200 1142 SEEN_PREVIOUSLY 4a7c2970fd9bf65fe09c7cf46df7b06d
ACTION SNIPPET 1200 1142 SEEN_PREVIOUSLY 9171debc316e5e2782e0d2404ca7d09d
ACTION SNIPPET 1200 1142 SEEN_PREVIOUSLY f1ab493726e1e6f5dd90615d5a1b58b8
ACTION SNIPPET 1200 1142 SEEN_PREVIOUSLY a5dfae0e39d5c86e8a2cc3c4294248b0
ACTION SNIPPET 1200 1142 SNIPPET_RELEVANT 34d443eec1add515a2fbc4af2c8a3a57
ACTION DOC 1200 1162 EXAMINING_DOCUMENT 34d443eec1add515a2fbc4af2c8a3a57
ACTION SNIPPET 1200 1162 SNIPPET_RELEVANT 7f9c94c6898e0fd0cb7b176e90ae131e
ACTION DOC 1200 1182 EXAMINING_DOCUMENT 7f9c94c6898e0fd0cb7b176e90ae131e
ACTION MARK 1200 1185 CONSIDERED_RELEVANT 7f9c94c6898e0fd0cb7b176e90ae131e
ACTION SNIPPET 1200 1185 SNIPPET_RELEVANT e3f98e030d06908bd0d7ca79fa4e097b
ACTION DOC 1200 1205 EXAMINING_DOCUMENT e3f98e030d06908bd0d7ca79fa4e097b
INFO SUMMARY 
INFO TOTAL_QUERIES_ISSUED 9
INFO TOTAL_SNIPPETS_EXAMINED 73
INFO TOTAL_DOCUMENTS_EXAMINED 49
INFO TOTAL_DOCUMENTS_MARKED_RELEVANT 31
INFO TOTAL_ATTRACTIVE_SERP_IMPRESSIONS 9
INFO TOTAL_UNATTRACTIVE_SERP_IMPRESSIONS 0
