ACTION START 1200 0 START
ACTION QUERY 1200 10 US age demographics
ACTION SERP 1200 15 EXAMINE_SERP
ACTION SNIPPET 1200 15 SNIPPET_RELEVANT 449aca5fc1a45774cc7267b4df722b32
ACTION DOC 1200 35 EXAMINING_DOCUMENT 449aca5fc1a45774cc7267b4df722b32
ACTION MARK 1200 38 CONSIDERED_RELEVANT 449aca5fc1a45774cc7267b4df722b32
ACTION SNIPPET 1200 38 SNIPPET_RELEVANT 5a7e81418c603058011b46b4785cb7a8
ACTION DOC 1200 58 EXAMINING_DOCUMENT 5a7e81418c603058011b46b4785cb7a8
ACTION MARK 1200 61 CONSIDERED_RELEVANT 5a7e81418c603058011b46b4785cb7a8
ACTION SNIPPET 1200 61 SNIPPET_RELEVANT c8aad5c3fa9e4e3da035ced835efc8ba
ACTION DOC 1200 81 EXAMINING_DOCUMENT c8aad5c3fa9e4e3da035ced835efc8ba
ACTION MARK 1200 84 CONSIDERED_RELEVANT c8aad5c3fa9e4e3da035ced835efc8ba
ACTION SNIPPET 1200 84 SNIPPET_RELEVANT 86883ae2590ff739e271083be83c1d48
ACTION DOC 1200 104 EXAMINING_DOCUMENT 86883ae2590ff739e271083be83c1d48
ACTION SNIPPET 1200 104 SNIPPET_RELEVANT 3bb1017c-d388-11e2-a73e-826d299ff459
ACTION DOC 1200 124 EXAMINING_DOCUMENT 3bb1017c-d388-11e2-a73e-826d299ff459
ACTION MARK 1200 127 CONSIDERED_RELEVANT 3bb1017c-d388-11e2-a73e-826d299ff459
ACTION SNIPPET 1200 127 SNIPPET_RELEVANT 0ddb7baeb4e7c65b52c296f42908dc33
ACTION DOC 1200 147 EXAMINING_DOCUMENT 0ddb7baeb4e7c65b52c296f42908dc33
ACTION MARK 1200 150 CONSIDERED_RELEVANT 0ddb7baeb4e7c65b52c296f42908dc33
ACTION QUERY 1200 160 age distribution USA
ACTION SERP 1200 165 EXAMINE_SERP
ACTION SNIPPET 1200 165 SNIPPET_RELEVANT bcbc6d12-8a7a-11e2-8d72-dc76641cb8d4
ACTION DOC 1200 185 EXAMINING_DOCUMENT bcbc6d12-8a7a-11e2-8d72-dc76641cb8d4
ACTION SNIPPET 1200 185 SNIPPET_RELEVANT 44607b264b922ef341ceb474cb57a6b4
ACTION DOC 1200 205 EXAMINING_DOCUMENT 44607b264b922ef341ceb474cb57a6b4
ACTION SNIPPET 1200 205 SNIPPET_RELEVANT c846c743ac49df6c5049a74707065b6e
ACTION DOC 1200 225 EXAMINING_DOCUMENT c846c743ac49df6c5049a74707065b6e
ACTION SNIPPET 1200 225 SNIPPET_RELEVANT b8d577a8-5b63-11e6-831d-0324760ca856
ACTION DOC 1200 245 EXAMINING_DOCUMENT b8d577a8-5b63-11e6-831d-0324760ca856
ACTION MARK 1200 248 CONSIDERED_RELEVANT b8d577a8-5b63-11e6-831d-0324760ca856
ACTION SNIPPET 1200 248 SNIPPET_RELEVANT fc0e85e4630abcd01569f318e4fdc003
ACTION DOC 1200 268 EXAMINING_DOCUMENT fc0e85e4630abcd01569f318e4fdc003
ACTION SNIPPET 1200 268 SNIPPET_RELEVANT ad932f1acd834cace733364d213972fb
ACTION DOC 1200 288 EXAMINING_DOCUMENT ad932f1acd834cace733364d213972fb
ACTION MARK 1200 291 CONSIDERED_RELEVANT ad932f1acd834cace733364d213972fb
ACTION QUERY 1200 301 American population age
ACTION SERP 1200 306 EXAMINE_SERP
ACTION SNIPPET 1200 306 SNIPPET_RELEVANT 46373800-8927-11e3-916e-e01534b1e132
ACTION DOC 1200 326 EXAMINING_DOCUMENT 46373800-8927-11e3-916e-e01534b1e132
ACTION MARK 1200 329 CONSIDERED_RELEVANT 46373800-8927-11e3-916e-e01534b1e132
ACTION SNIPPET 1200 329 SNIPPET_RELEVANT 55060482bf60235610936dd9cd2e54b4
ACTION DOC 1200 349 EXAMINING_DOCUMENT 55060482bf60235610936dd9cd2e54b4
ACTION MARK 1200 352 CONSIDERED_RELEVANT 55060482bf60235610936dd9cd2e54b4
ACTION SNIPPET 1200 352 SNIPPET_RELEVANT 8f7a7bdab9d0cf424cbb151256031760
ACTION DOC 1200 372 EXAMINING_DOCUMENT 8f7a7bdab9d0cf424cbb151256031760
ACTION MARK 1200 375 CONSIDERED_RELEVANT 8f7a7bdab9d0cf424cbb151256031760
ACTION SNIPPET 1200 375 SNIPPET_RELEVANT 0a4f1aa1b937eb14585f59b21ff8386f
ACTION DOC 1200 395 EXAMINING_DOCUMENT 0a4f1aa1b937eb14585f59b21ff8386f
ACTION MARK 1200 398 CONSIDERED_RELEVANT 0a4f1aa1b937eb14585f59b21ff8386f
ACTION SNIPPET 1200 398 SNIPPET_RELEVANT 1a82e003d8bfdf11bb3b98222491078b
ACTION DOC 1200 418 EXAMINING_DOCUMENT 1a82e003d8bfdf11bb3b98222491078b
ACTION MARK 1200 421 CONSIDERED_RELEVANT 1a82e003d8bfdf11bb3b98222491078b
ACTION QUERY 1200 431 demographics of US
ACTION SERP 1200 436 EXAMINE_SERP
ACTION SNIPPET 1200 436 SNIPPET_RELEVANT 3909521095f7170f22c3efd0e22d8b38
ACTION DOC 1200 456 EXAMINING_DOCUMENT 3909521095f7170f22c3efd0e22d8b38
ACTION SNIPPET 1200 456 SNIPPET_RELEVANT 46ae15863b7794d053501830f8c58016
ACTION DOC 1200 476 EXAMINING_DOCUMENT 46ae15863b7794d053501830f8c58016
ACTION SNIPPET 1200 476 SNIPPET_RELEVANT 7dfea9fac33c771a9e21cdcaf8caa098
ACTION DOC 1200 496 EXAMINING_DOCUMENT 7dfea9fac33c771a9e21cdcaf8caa098
ACTION SNIPPET 1200 496 SEEN_PREVIOUSLY 449aca5fc1a45774cc7267b4df722b32
ACTION SNIPPET 1200 496 SNIPPET_RELEVANT fe432176d1eb74d0927a1276750384f0
ACTION DOC 1200 516 EXAMINING_DOCUMENT fe432176d1eb74d0927a1276750384f0
ACTION SNIPPET 1200 516 SNIPPET_RELEVANT 5da4b1910015cafc850bffd5873acd42
ACTION DOC 1200 536 EXAMINING_DOCUMENT 5da4b1910015cafc850bffd5873acd42
ACTION MARK 1200 539 CONSIDERED_RELEVANT 5da4b1910015cafc850bffd5873acd42
ACTION SNIPPET 1200 539 SNIPPET_RELEVANT 2bdb61ba-7f8d-11e2-a350-49866afab584
ACTION DOC 1200 559 EXAMINING_DOCUMENT 2bdb61ba-7f8d-11e2-a350-49866afab584
ACTION QUERY 1200 569 US population by age
ACTION SERP 1200 574 EXAMINE_SERP
ACTION SNIPPET 1200 574 SNIPPET_RELEVANT df1962addb2bc3f4445cd8e4c3ec0aba
ACTION DOC 1200 594 EXAMINING_DOCUMENT df1962addb2bc3f4445cd8e4c3ec0aba
ACTION MARK 1200 597 CONSIDERED_RELEVANT df1962addb2bc3f4445cd8e4c3ec0aba
ACTION SNIPPET 1200 597 SNIPPET_RELEVANT d01d3044dbdd3cdefb3b7049bc5b723a
ACTION DOC 1200 617 EXAMINING_DOCUMENT d01d3044dbdd3cdefb3b7049bc5b723a
ACTION MARK 1200 620 CONSIDERED_RELEVANT d01d3044dbdd3cdefb3b7049bc5b723a
ACTION SNIPPET 1200 620 SEEN_PREVIOUSLY 46373800-8927-11e3-916e-e01534b1e132
ACTION SNIPPET 1200 620 SNIPPET_RELEVANT 0114fa161d3f0bd068b3dded62e88966
ACTION DOC 1200 640 EXAMINING_DOCUMENT 0114fa161d3f0bd068b3dded62e88966
ACTION SNIPPET 1200 640 SNIPPET_RELEVANT 03497861ae80e938cfbb337b2157ecde
ACTION DOC 1200 660 EXAMINING_DOCUMENT 03497861ae80e938cfbb337b2157ecde
ACTION SNIPPET 1200 660 SEEN_PREVIOUSLY 55060482bf60235610936dd9cd2e54b4
ACTION SNIPPET 1200 660 SNIPPET_RELEVANT 23a61f761eaa61bae5f615923d4f243b
ACTION DOC 1200 680 EXAMINING_DOCUMENT 23a61f761eaa61bae5f615923d4f243b
ACTION SNIPPET 1200 680 SNIPPET_RELEVANT 83d42a0cc55f3f34e045d68f9682cf92
ACTION DOC 1200 700 EXAMINING_DOCUMENT 83d42a0cc55f3f34e045d68f9682cf92
ACTION MARK 1200 703 CONSIDERED_RELEVANT 83d42a0cc55f3f34e045d68f9682cf92
ACTION QUERY 1200 713 aging population USA
ACTION SERP 1200 718 EXAMINE_SERP
ACTION SNIPPET 1200 718 SNIPPET_RELEVANT c0aea751cedf65ef139c2ef14d742849
ACTION DOC 1200 738 EXAMINING_DOCUMENT c0aea751cedf65ef139c2ef14d742849
ACTION SNIPPET 1200 738 SNIPPET_RELEVANT 948d1ff2daadecee89d753a8a80817b0
ACTION DOC 1200 758 EXAMINING_DOCUMENT 948d1ff2daadecee89d753a8a80817b0
ACTION SNIPPET 1200 758 SNIPPET_RELEVANT a8374a0de286ee36996a20d0f3b602f1
ACTION DOC 1200 778 EXAMINING_DOCUMENT a8374a0de286ee36996a20d0f3b602f1
ACTION SNIPPET 1200 778 SNIPPET_RELEVANT a15cc0129db5636c0ddd0d4fe6ea0a13
ACTION DOC 1200 798 EXAMINING_DOCUMENT a15cc0129db5636c0ddd0d4fe6ea0a13
ACTION SNIPPET 1200 798 SNIPPET_RELEVANT 3cea4c426ce8ff4f30e09057d1aabc0e
ACTION DOC 1200 818 EXAMINING_DOCUMENT 3cea4c426ce8ff4f30e09057d1aabc0e
ACTION SNIPPET 1200 818 SNIPPET_RELEVANT 8c049004edde466a2911520cb721f85d
ACTION DOC 1200 838 EXAMINING_DOCUMENT 8c049004edde466a2911520cb721f85d
ACTION QUERY 1200 848 US demographic trends
ACTION SERP 1200 853 EXAMINE_SERP
ACTION SNIPPET 1200 853 SNIPPET_RELEVANT a2846b0ce5ea5f2c1f1ab234b7c9e1ca
ACTION DOC 1200 873 EXAMINING_DOCUMENT a2846b0ce5ea5f2c1f1ab234b7c9e1ca
ACTION SNIPPET 1200 873 SNIPPET_RELEVANT 1c8c7bbe76dc069098e3e59ada74779b
ACTION DOC 1200 893 EXAMINING_DOCUMENT 1c8c7bbe76dc069098e3e59ada74779b
ACTION SNIPPET 1200 893 SNIPPET_RELEVANT 66e7e62aa10cd4529c9095bb5d1727e2
ACTION DOC 1200 913 EXAMINING_DOCUMENT 66e7e62aa10cd4529c9095bb5d1727e2
ACTION SNIPPET 1200 913 SNIPPET_RELEVANT d860d63fd5e8aa07746dab0cba5c558f
ACTION DOC 1200 933 EXAMINING_DOCUMENT d860d63fd5e8aa07746dab0cba5c558f
ACTION MARK 1200 936 CONSIDERED_RELEVANT d860d63fd5e8aa07746dab0cba5c558f
ACTION SNIPPET 1200 936 SNIPPET_RELEVANT 9d0609146f42517dd8bb44cba0e6cb79
ACTION DOC 1200 956 EXAMINING_DOCUMENT 9d0609146f42517dd8bb44cba0e6cb79
ACTION SNIPPET 1200 956 SNIPPET_RELEVANT cf506dbce97fd5d1efb6c48da8ef5517
ACTION DOC 1200 976 EXAMINING_DOCUMENT cf506dbce97fd5d1efb6c48da8ef5517
ACTION MARK 1200 979 CONSIDERED_RELEVANT cf506dbce97fd5d1efb6c48da8ef5517
ACTION QUERY 1200 989 age demographics America
ACTION SERP 1200 994 EXAMINE_SERP
ACTION SNIPPET 1200 994 SNIPPET_RELEVANT 66d72e3e-c311-11e3-b574-f8748871856a
ACTION DOC 1200 1014 EXAMINING_DOCUMENT 66d72e3e-c311-11e3-b574-f8748871856a
ACTION MARK 1200 1017 CONSIDERED_RELEVANT 66d72e3e-c311-11e3-b574-f8748871856a
ACTION SNIPPET 1200 1017 SNIPPET_RELEVANT 31de45b3f80ee9a8e6ebe8b6589e91ab
ACTION DOC 1200 1037 EXAMINING_DOCUMENT 31de45b3f80ee9a8e6ebe8b6589e91ab
ACTION MARK 1200 1040 CONSIDERED_RELEVANT 31de45b3f80ee9a8e6ebe8b6589e91ab
ACTION SNIPPET 1200 1040 SNIPPET_RELEVANT e4810416-5ea0-11e3-be07-006c776266ed
ACTION DOC 1200 1060 EXAMINING_DOCUMENT e4810416-5ea0-11e3-be07-006c776266ed
ACTION MARK 1200 1063 CONSIDERED_RELEVANT e4810416-5ea0-11e3-be07-006c776266ed
ACTION SNIPPET 1200 1063 SNIPPET_RELEVANT 0ac5f5396617729d5487f6f22d71fd26
ACTION DOC 1200 1083 EXAMINING_DOCUMENT 0ac5f5396617729d5487f6f22d71fd26
ACTION MARK 1200 1086 CONSIDERED_RELEVANT 0ac5f5396617729d5487f6f22d71fd26
ACTION SNIPPET 1200 1086 SEEN_PREVIOUSLY 46373800-8927-11e3-916e-e01534b1e132
ACTION SNIPPET 1200 1086 SNIPPET_RELEVANT 9619538013d55d53f9f623b18ded6462
ACTION DOC 1200 1106 EXAMINING_DOCUMENT 9619538013d55d53f9f623b18ded6462
ACTION SNIPPET 1200 1106 SNIPPET_RELEVANT fb6bc7334da91a7a1a18e5147c7aada0
ACTION DOC 1200 1126 EXAMINING_DOCUMENT fb6bc7334da91a7a1a18e5147c7aada0
ACTION QUERY 1200 1136 population age structure
ACTION SERP 1200 1141 EXAMINE_SERP
ACTION SNIPPET 1200 1141 SNIPPET_RELEVANT aef1e2f2-38db-11e2-a263-f0ebffed2f15
ACTION DOC 1200 1161 EXAMINING_DOCUMENT aef1e2f2-38db-11e2-a263-f0ebffed2f15
ACTION MARK 1200 1164 CONSIDERED_RELEVANT aef1e2f2-38db-11e2-a263-f0ebffed2f15
ACTION SNIPPET 1200 1164 SNIPPET_RELEVANT f4ee259de44dfa7c69b347b94d8e5e03
ACTION DOC 1200 1184 EXAMINING_DOCUMENT f4ee259de44dfa7c69b347b94d8e5e03
ACTION SNIPPET 1200 1184 SNIPPET_RELEVANT 671ece9a0bb08817558fd04e8933a240
ACTION DOC 1200 1204 EXAMINING_DOCUMENT 671ece9a0bb08817558fd04e8933a240
INFO SUMMARY 
INFO TOTAL_QUERIES_ISSUED 9
INFO TOTAL_SNIPPETS_EXAMINED 54
INFO TOTAL_DOCUMENTS_EXAMINED 50
INFO TOTAL_DOCUMENTS_MARKED_RELEVANT 23
INFO TOTAL_ATTRACTIVE_SERP_IMPRESSIONS 9
INFO TOTAL_UNATTRACTIVE_SERP_IMPRESSIONS 0
