ACTION START 1200 0 START
ACTION QUERY 1200 10 police dogs
ACTION SERP 1200 15 EXAMINE_SERP
ACTION SNIPPET 1200 15 SNIPPET_RELEVANT 60011f8c-a593-11e5-b53d-972e2751f433
ACTION DOC 1200 35 EXAMINING_DOCUMENT 60011f8c-a593-11e5-b53d-972e2751f433
ACTION SNIPPET 1200 35 SNIPPET_RELEVANT bf8a1162-adc5-11e6-977a-1030f822fc35
ACTION DOC 1200 55 EXAMINING_DOCUMENT bf8a1162-adc5-11e6-977a-1030f822fc35
ACTION SNIPPET 1200 55 SNIPPET_RELEVANT 942807e4-f983-11e2-afc1-c850c6ee5af8
ACTION DOC 1200 75 EXAMINING_DOCUMENT 942807e4-f983-11e2-afc1-c850c6ee5af8
ACTION SNIPPET 1200 75 SNIPPET_RELEVANT 05625b26-3daf-11e2-bca3-aadc9b7e29c5
ACTION DOC 1200 95 EXAMINING_DOCUMENT 05625b26-3daf-11e2-bca3-aadc9b7e29c5
ACTION SNIPPET 1200 95 SNIPPET_RELEVANT d1fa9c78c55fefe553aefe97ab9c3edd
ACTION DOC 1200 115 EXAMINING_DOCUMENT d1fa9c78c55fefe553aefe97ab9c3edd
ACTION SNIPPET 1200 115 SNIPPET_RELEVANT bebb0eec-5559-11e4-809b-8cc0a295c773
ACTION DOC 1200 135 EXAMINING_DOCUMENT bebb0eec-5559-11e4-809b-8cc0a295c773
ACTION QUERY 1200 145 law enforcement canine
ACTION SERP 1200 150 EXAMINE_SERP
ACTION SNIPPET 1200 150 SNIPPET_RELEVANT 1d7acbe4-959d-11e2-b6f0-a5150a247b6a
ACTION DOC 1200 170 EXAMINING_DOCUMENT 1d7acbe4-959d-11e2-b6f0-a5150a247b6a
ACTION MARK 1200 173 CONSIDERED_RELEVANT 1d7acbe4-959d-11e2-b6f0-a5150a247b6a
ACTION SNIPPET 1200 173 SNIPPET_RELEVANT 2f0a1910491066646209d42a0f8cb03c
ACTION DOC 1200 193 EXAMINING_DOCUMENT 2f0a1910491066646209d42a0f8cb03c
ACTION MARK 1200 196 CONSIDERED_RELEVANT 2f0a1910491066646209d42a0f8cb03c
ACTION SNIPPET 1200 196 SNIPPET_RELEVANT 33d65728abd80c6f6fe0369e2e0c24e8
ACTION DOC 1200 216 EXAMINING_DOCUMENT 33d65728abd80c6f6fe0369e2e0c24e8
ACTION SNIPPET 1200 216 SNIPPET_RELEVANT 81ece3f4-5ac3-11e4-b812-38518ae74c67
ACTION DOC 1200 236 EXAMINING_DOCUMENT 81ece3f4-5ac3-11e4-b812-38518ae74c67
ACTION MARK 1200 239 CONSIDERED_RELEVANT 81ece3f4-5ac3-11e4-b812-38518ae74c67
ACTION SNIPPET 1200 239 SNIPPET_RELEVANT d9b0ef72a2367d64a087959c65ebb09b
ACTION DOC 1200 259 EXAMINING_DOCUMENT d9b0ef72a2367d64a087959c65ebb09b
ACTION SNIPPET 1200 259 SNIPPET_RELEVANT 48828f58a0ad45d80fcb80f075f5067a
ACTION DOC 1200 279 EXAMINING_DOCUMENT 48828f58a0ad45d80fcb80f075f5067a
ACTION QUERY 1200 289 law enforcement K-9
ACTION SERP 1200 294 EXAMINE_SERP
ACTION SNIPPET 1200 294 SNIPPET_RELEVANT e8b396d2774dff51cf163539e235176e
ACTION DOC 1200 314 EXAMINING_DOCUMENT e8b396d2774dff51cf163539e235176e
ACTION MARK 1200 317 CONSIDERED_RELEVANT e8b396d2774dff51cf163539e235176e
ACTION SNIPPET 1200 317 SNIPPET_RELEVANT 27b173ebedcfed892cdbc8dfbfbb1cfa
ACTION DOC 1200 337 EXAMINING_DOCUMENT 27b173ebedcfed892cdbc8dfbfbb1cfa
ACTION SNIPPET 1200 337 SNIPPET_RELEVANT 39e0f90ab628cd4030f5a1aec19ae129
ACTION DOC 1200 357 EXAMINING_DOCUMENT 39e0f90ab628cd4030f5a1aec19ae129
ACTION MARK 1200 360 CONSIDERED_RELEVANT 39e0f90ab628cd4030f5a1aec19ae129
ACTION SNIPPET 1200 360 SNIPPET_RELEVANT 7bed6ca785ddbc3a41189e966cdc87c5
ACTION DOC 1200 380 EXAMINING_DOCUMENT 7bed6ca785ddbc3a41189e966cdc87c5
ACTION SNIPPET 1200 380 SNIPPET_RELEVANT e7a40cdc-8c94-11e5-ae1f-af46b7df8483
ACTION DOC 1200 400 EXAMINING_DOCUMENT e7a40cdc-8c94-11e5-ae1f-af46b7df8483
ACTION SNIPPET 1200 400 SNIPPET_RELEVANT 7ed6d4c6-df0c-11e5-846c-10191d1fc4ec
ACTION DOC 1200 420 EXAMINING_DOCUMENT 7ed6d4c6-df0c-11e5-846c-10191d1fc4ec
ACTION MARK 1200 423 CONSIDERED_RELEVANT 7ed6d4c6-df0c-11e5-846c-10191d1fc4ec
ACTION QUERY 1200 433 K-9 units
ACTION SERP 1200 438 EXAMINE_SERP
ACTION SNIPPET 1200 438 SNIPPET_RELEVANT 17cfdebb5bf257d0df7001bba79b0664
ACTION DOC 1200 458 EXAMINING_DOCUMENT 17cfdebb5bf257d0df7001bba79b0664
ACTION MARK 1200 461 CONSIDERED_RELEVANT 17cfdebb5bf257d0df7001bba79b0664
ACTION SNIPPET 1200 461 SNIPPET_RELEVANT a817091ff6e514c97fe2edb706547c2a
ACTION DOC 1200 481 EXAMINING_DOCUMENT a817091ff6e514c97fe2edb706547c2a
ACTION MARK 1200 484 CONSIDERED_RELEVANT a817091ff6e514c97fe2edb706547c2a
ACTION SNIPPET 1200 484 SNIPPET_RELEVANT c1ca9eb0-056f-11e5-bc72-f3e16bf50bb6
ACTION DOC 1200 504 EXAMINING_DOCUMENT c1ca9eb0-056f-11e5-bc72-f3e16bf50bb6
ACTION MARK 1200 507 CONSIDERED_RELEVANT c1ca9eb0-056f-11e5-bc72-f3e16bf50bb6
ACTION SNIPPET 1200 507 SNIPPET_RELEVANT 7c455f68-0313-11e6-9203-7b8670959b88
ACTION DOC 1200 527 EXAMINING_DOCUMENT 7c455f68-0313-11e6-9203-7b8670959b88
ACTION SNIPPET 1200 527 SNIPPET_RELEVANT 3d20d6d1ff762e1d523e55e92577ff41
ACTION DOC 1200 547 EXAMINING_DOCUMENT 3d20d6d1ff762e1d523e55e92577ff41
ACTION SNIPPET 1200 547 SNIPPET_RELEVANT 8667d31a-866e-11e2-98a3-b3db6b9ac586
ACTION DOC 1200 567 EXAMINING_DOCUMENT 8667d31a-866e-11e2-98a3-b3db6b9ac586
ACTION QUERY 1200 577 police dog training
ACTION SERP 1200 582 EXAMINE_SERP
ACTION SNIPPET 1200 582 SNIPPET_RELEVANT 02d23d9a-4830-11e3-b6f8-3782ff6cb769
ACTION DOC 1200 602 EXAMINING_DOCUMENT 02d23d9a-4830-11e3-b6f8-3782ff6cb769
ACTION MARK 1200 605 CONSIDERED_RELEVANT 02d23d9a-4830-11e3-b6f8-3782ff6cb769
ACTION SNIPPET 1200 605 SNIPPET_RELEVANT cba2974cc82e6e012dccd3b67a6a4830
ACTION DOC 1200 625 EXAMINING_DOCUMENT cba2974cc82e6e012dccd3b67a6a4830
ACTION SNIPPET 1200 625 SNIPPET_RELEVANT 0db27e046f31fb32f00b757fd176c050
ACTION DOC 1200 645 EXAMINING_DOCUMENT 0db27e046f31fb32f00b757fd176c050
ACTION SNIPPET 1200 645 SNIPPET_RELEVANT 332177278ee4541e39ecc4d2ed10046a
ACTION DOC 1200 665 EXAMINING_DOCUMENT 332177278ee4541e39ecc4d2ed10046a
ACTION SNIPPET 1200 665 SEEN_PREVIOUSLY 1d7acbe4-959d-11e2-b6f0-a5150a247b6a
ACTION SNIPPET 1200 665 SNIPPET_RELEVANT 5184488c32e2ab2690333c909cb56da3
ACTION DOC 1200 685 EXAMINING_DOCUMENT 5184488c32e2ab2690333c909cb56da3
ACTION SNIPPET 1200 685 SNIPPET_RELEVANT fded31ea9cf9b3a1eaad939970f0fd57
ACTION DOC 1200 705 EXAMINING_DOCUMENT fded31ea9cf9b3a1eaad939970f0fd57
ACTION MARK 1200 708 CONSIDERED_RELEVANT fded31ea9cf9b3a1eaad939970f0fd57
ACTION QUERY 1200 718 K-9 units training
ACTION SERP 1200 723 EXAMINE_SERP
ACTION SNIPPET 1200 723 SEEN_PREVIOUSLY 17cfdebb5bf257d0df7001bba79b0664
ACTION SNIPPET 1200 723 SEEN_PREVIOUSLY 7c455f68-0313-11e6-9203-7b8670959b88
ACTION SNIPPET 1200 723 SNIPPET_RELEVANT 2eba5ca57af42efb3555a44c5dd83b09
ACTION DOC 1200 743 EXAMINING_DOCUMENT 2eba5ca57af42efb3555a44c5dd83b09
ACTION SNIPPET 1200 743 SNIPPET_RELEVANT c18524d7241bb524d50f94b1540a20fb
ACTION DOC 1200 763 EXAMINING_DOCUMENT c18524d7241bb524d50f94b1540a20fb
ACTION SNIPPET 1200 763 SEEN_PREVIOUSLY a817091ff6e514c97fe2edb706547c2a
ACTION SNIPPET 1200 763 SNIPPET_RELEVANT 41f7a6db50a1cc67b8661472ec9ae723
ACTION DOC 1200 783 EXAMINING_DOCUMENT 41f7a6db50a1cc67b8661472ec9ae723
ACTION MARK 1200 786 CONSIDERED_RELEVANT 41f7a6db50a1cc67b8661472ec9ae723
ACTION SNIPPET 1200 786 SEEN_PREVIOUSLY c1ca9eb0-056f-11e5-bc72-f3e16bf50bb6
ACTION SNIPPET 1200 786 SEEN_PREVIOUSLY e8b396d2774dff51cf163539e235176e
ACTION SNIPPET 1200 786 SNIPPET_RELEVANT 25426ea325c4d0419dab84684aaf62f6
ACTION DOC 1200 806 EXAMINING_DOCUMENT 25426ea325c4d0419dab84684aaf62f6
ACTION MARK 1200 809 CONSIDERED_RELEVANT 25426ea325c4d0419dab84684aaf62f6
ACTION SNIPPET 1200 809 SEEN_PREVIOUSLY 7ed6d4c6-df0c-11e5-846c-10191d1fc4ec
ACTION SNIPPET 1200 809 SNIPPET_RELEVANT 8cb078d4af5a16c709fb5dcb265d3bd9
ACTION DOC 1200 829 EXAMINING_DOCUMENT 8cb078d4af5a16c709fb5dcb265d3bd9
ACTION MARK 1200 832 CONSIDERED_RELEVANT 8cb078d4af5a16c709fb5dcb265d3bd9
ACTION SNIPPET 1200 832 SEEN_PREVIOUSLY 3d20d6d1ff762e1d523e55e92577ff41
ACTION SNIPPET 1200 832 SEEN_PREVIOUSLY e7a40cdc-8c94-11e5-ae1f-af46b7df8483
ACTION SNIPPET 1200 832 SNIPPET_RELEVANT 234aefaa-e286-11e2-80eb-3145e2994a55
ACTION DOC 1200 852 EXAMINING_DOCUMENT 234aefaa-e286-11e2-80eb-3145e2994a55
ACTION QUERY 1200 862 police K-9 units
ACTION SERP 1200 867 EXAMINE_SERP
ACTION SNIPPET 1200 867 SEEN_PREVIOUSLY 17cfdebb5bf257d0df7001bba79b0664
ACTION SNIPPET 1200 867 SEEN_PREVIOUSLY c1ca9eb0-056f-11e5-bc72-f3e16bf50bb6
ACTION SNIPPET 1200 867 SEEN_PREVIOUSLY a817091ff6e514c97fe2edb706547c2a
ACTION SNIPPET 1200 867 SNIPPET_RELEVANT 8422e2305ff85118fa1f2475883cd0b7
ACTION DOC 1200 887 EXAMINING_DOCUMENT 8422e2305ff85118fa1f2475883cd0b7
ACTION MARK 1200 890 CONSIDERED_RELEVANT 8422e2305ff85118fa1f2475883cd0b7
ACTION SNIPPET 1200 890 SNIPPET_RELEVANT 6765f3ff0e63db1693a9362e7bc47bfd
ACTION DOC 1200 910 EXAMINING_DOCUMENT 6765f3ff0e63db1693a9362e7bc47bfd
ACTION MARK 1200 913 CONSIDERED_RELEVANT 6765f3ff0e63db1693a9362e7bc47bfd
ACTION SNIPPET 1200 913 SEEN_PREVIOUSLY 8cb078d4af5a16c709fb5dcb265d3bd9
ACTION SNIPPET 1200 913 SEEN_PREVIOUSLY 7ed6d4c6-df0c-11e5-846c-10191d1fc4ec
ACTION SNIPPET 1200 913 SEEN_PREVIOUSLY e8b396d2774dff51cf163539e235176e
ACTION SNIPPET 1200 913 SNIPPET_RELEVANT 4b307a88e57301afc4a046ad7ae8071e
ACTION DOC 1200 933 EXAMINING_DOCUMENT 4b307a88e57301afc4a046ad7ae8071e
ACTION MARK 1200 936 CONSIDERED_RELEVANT 4b307a88e57301afc4a046ad7ae8071e
ACTION SNIPPET 1200 936 SEEN_PREVIOUSLY 7c455f68-0313-11e6-9203-7b8670959b88
ACTION SNIPPET 1200 936 SEEN_PREVIOUSLY e7a40cdc-8c94-11e5-ae1f-af46b7df8483
ACTION SNIPPET 1200 936 SEEN_PREVIOUSLY 41f7a6db50a1cc67b8661472ec9ae723
ACTION SNIPPET 1200 936 SEEN_PREVIOUSLY 3d20d6d1ff762e1d523e55e92577ff41
ACTION SNIPPET 1200 936 SEEN_PREVIOUSLY 39e0f90ab628cd4030f5a1aec19ae129
ACTION SNIPPET 1200 936 SNIPPET_RELEVANT 97a12d98-9c4f-11e6-b3c9-f662adaa0048
ACTION DOC 1200 956 EXAMINING_DOCUMENT 97a12d98-9c4f-11e6-b3c9-f662adaa0048
ACTION SNIPPET 1200 956 SNIPPET_RELEVANT 488b1ab6-1976-11e3-82ef-a059e54c49d0
ACTION DOC 1200 976 EXAMINING_DOCUMENT 488b1ab6-1976-11e3-82ef-a059e54c49d0
ACTION MARK 1200 979 CONSIDERED_RELEVANT 488b1ab6-1976-11e3-82ef-a059e54c49d0
ACTION SNIPPET 1200 979 SNIPPET_RELEVANT ae9f40b158f7b726639b3e8345f4a053
ACTION DOC 1200 999 EXAMINING_DOCUMENT ae9f40b158f7b726639b3e8345f4a053
ACTION QUERY 1200 1009 police dogs training
ACTION SERP 1200 1014 EXAMINE_SERP
ACTION SNIPPET 1200 1014 SEEN_PREVIOUSLY 02d23d9a-4830-11e3-b6f8-3782ff6cb769
ACTION SNIPPET 1200 1014 SEEN_PREVIOUSLY cba2974cc82e6e012dccd3b67a6a4830
ACTION SNIPPET 1200 1014 SEEN_PREVIOUSLY 0db27e046f31fb32f00b757fd176c050
ACTION SNIPPET 1200 1014 SEEN_PREVIOUSLY 332177278ee4541e39ecc4d2ed10046a
ACTION SNIPPET 1200 1014 SEEN_PREVIOUSLY 1d7acbe4-959d-11e2-b6f0-a5150a247b6a
ACTION SNIPPET 1200 1014 SEEN_PREVIOUSLY 5184488c32e2ab2690333c909cb56da3
ACTION SNIPPET 1200 1014 SEEN_PREVIOUSLY fded31ea9cf9b3a1eaad939970f0fd57
ACTION SNIPPET 1200 1014 SEEN_PREVIOUSLY 2f0a1910491066646209d42a0f8cb03c
ACTION SNIPPET 1200 1014 SNIPPET_RELEVANT 4a71d9f0-f73d-11e3-8aa9-dad2ec039789
ACTION DOC 1200 1034 EXAMINING_DOCUMENT 4a71d9f0-f73d-11e3-8aa9-dad2ec039789
ACTION MARK 1200 1037 CONSIDERED_RELEVANT 4a71d9f0-f73d-11e3-8aa9-dad2ec039789
ACTION SNIPPET 1200 1037 SNIPPET_RELEVANT 45d84218748a9a4cc67a8046384cac10
ACTION DOC 1200 1057 EXAMINING_DOCUMENT 45d84218748a9a4cc67a8046384cac10
ACTION SNIPPET 1200 1057 SNIPPET_RELEVANT e697a9de57a3a0da27fa2f414050317e
ACTION DOC 1200 1077 EXAMINING_DOCUMENT e697a9de57a3a0da27fa2f414050317e
ACTION SNIPPET 1200 1077 SNIPPET_RELEVANT deabc84a-2001-11e5-bf41-c23f5d3face1
ACTION DOC 1200 1097 EXAMINING_DOCUMENT deabc84a-2001-11e5-bf41-c23f5d3face1
ACTION MARK 1200 1100 CONSIDERED_RELEVANT deabc84a-2001-11e5-bf41-c23f5d3face1
ACTION SNIPPET 1200 1100 SNIPPET_RELEVANT 162603dd375616a10b0b606a0c96edde
ACTION DOC 1200 1120 EXAMINING_DOCUMENT 162603dd375616a10b0b606a0c96edde
ACTION MARK 1200 1123 CONSIDERED_RELEVANT 162603dd375616a10b0b606a0c96edde
ACTION SNIPPET 1200 1123 SNIPPET_RELEVANT eed14332-23a4-11e2-ac85-e669876c6a24
ACTION DOC 1200 1143 EXAMINING_DOCUMENT eed14332-23a4-11e2-ac85-e669876c6a24
ACTION QUERY 1200 1153 K-9 police dogs
ACTION SERP 1200 1158 EXAMINE_SERP
ACTION SNIPPET 1200 1158 SEEN_PREVIOUSLY c1ca9eb0-056f-11e5-bc72-f3e16bf50bb6
ACTION SNIPPET 1200 1158 SEEN_PREVIOUSLY 17cfdebb5bf257d0df7001bba79b0664
ACTION SNIPPET 1200 1158 SEEN_PREVIOUSLY 8cb078d4af5a16c709fb5dcb265d3bd9
ACTION SNIPPET 1200 1158 SEEN_PREVIOUSLY 8422e2305ff85118fa1f2475883cd0b7
ACTION SNIPPET 1200 1158 SEEN_PREVIOUSLY 6765f3ff0e63db1693a9362e7bc47bfd
ACTION SNIPPET 1200 1158 SEEN_PREVIOUSLY 7c455f68-0313-11e6-9203-7b8670959b88
ACTION SNIPPET 1200 1158 SEEN_PREVIOUSLY 39e0f90ab628cd4030f5a1aec19ae129
ACTION SNIPPET 1200 1158 SNIPPET_RELEVANT 8a45aea6cc2308b65523dfffa16bf5b8
ACTION DOC 1200 1178 EXAMINING_DOCUMENT 8a45aea6cc2308b65523dfffa16bf5b8
ACTION MARK 1200 1181 CONSIDERED_RELEVANT 8a45aea6cc2308b65523dfffa16bf5b8
ACTION SNIPPET 1200 1181 SNIPPET_RELEVANT b35daf9ed58e54dc7e026eecbd79df27
ACTION DOC 1200 1201 EXAMINING_DOCUMENT b35daf9ed58e54dc7e026eecbd79df27
INFO SUMMARY 
INFO TOTAL_QUERIES_ISSUED 9
INFO TOTAL_SNIPPETS_EXAMINED 85
INFO TOTAL_DOCUMENTS_EXAMINED 50
INFO TOTAL_DOCUMENTS_MARKED_RELEVANT 23
INFO TOTAL_ATTRACTIVE_SERP_IMPRESSIONS 9
INFO TOTAL_UNATTRACTIVE_SERP_IMPRESSIONS 0
