ACTION START 1200 0 START
ACTION QUERY 1200 10 Wildlife Conservation Efforts
ACTION SERP 1200 15 EXAMINE_SERP
ACTION SNIPPET 1200 15 SNIPPET_RELEVANT e743ef70-d363-11e6-9cb0-54ab630851e8
ACTION DOC 1200 35 EXAMINING_DOCUMENT e743ef70-d363-11e6-9cb0-54ab630851e8
ACTION MARK 1200 38 CONSIDERED_RELEVANT e743ef70-d363-11e6-9cb0-54ab630851e8
ACTION SNIPPET 1200 38 SNIPPET_RELEVANT 098bd5c4-ed7c-11e2-bb32-725c8351a69e
ACTION DOC 1200 58 EXAMINING_DOCUMENT 098bd5c4-ed7c-11e2-bb32-725c8351a69e
ACTION MARK 1200 61 CONSIDERED_RELEVANT 098bd5c4-ed7c-11e2-bb32-725c8351a69e
ACTION SNIPPET 1200 61 SNIPPET_RELEVANT d416a7d60306b256f1c529abfc8c3007
ACTION DOC 1200 81 EXAMINING_DOCUMENT d416a7d60306b256f1c529abfc8c3007
ACTION SNIPPET 1200 81 SNIPPET_RELEVANT 1d1de86c-ad0c-11e2-a8e6-b6e4cc7c49d1
ACTION DOC 1200 101 EXAMINING_DOCUMENT 1d1de86c-ad0c-11e2-a8e6-b6e4cc7c49d1
ACTION MARK 1200 104 CONSIDERED_RELEVANT 1d1de86c-ad0c-11e2-a8e6-b6e4cc7c49d1
ACTION SNIPPET 1200 104 SNIPPET_RELEVANT f5a9ca46-b22a-11e4-bf39-5560f3918d4b
ACTION DOC 1200 124 EXAMINING_DOCUMENT f5a9ca46-b22a-11e4-bf39-5560f3918d4b
ACTION SNIPPET 1200 124 SNIPPET_RELEVANT 194630ec-dc62-11e3-bda1-9b46b2066796
ACTION DOC 1200 144 EXAMINING_DOCUMENT 194630ec-dc62-11e3-bda1-9b46b2066796
ACTION QUERY 1200 154 wildlife conservation efforts
ACTION SERP 1200 159 EXAMINE_SERP
ACTION SNIPPET 1200 159 SEEN_PREVIOUSLY e743ef70-d363-11e6-9cb0-54ab630851e8
ACTION SNIPPET 1200 159 SEEN_PREVIOUSLY 098bd5c4-ed7c-11e2-bb32-725c8351a69e
ACTION SNIPPET 1200 159 SEEN_PREVIOUSLY d416a7d60306b256f1c529abfc8c3007
ACTION SNIPPET 1200 159 SEEN_PREVIOUSLY 1d1de86c-ad0c-11e2-a8e6-b6e4cc7c49d1
ACTION SNIPPET 1200 159 SEEN_PREVIOUSLY f5a9ca46-b22a-11e4-bf39-5560f3918d4b
ACTION SNIPPET 1200 159 SEEN_PREVIOUSLY 194630ec-dc62-11e3-bda1-9b46b2066796
ACTION SNIPPET 1200 159 SNIPPET_RELEVANT 18247618-54ee-11e6-b7de-dfe509430c39
ACTION DOC 1200 179 EXAMINING_DOCUMENT 18247618-54ee-11e6-b7de-dfe509430c39
ACTION MARK 1200 182 CONSIDERED_RELEVANT 18247618-54ee-11e6-b7de-dfe509430c39
ACTION SNIPPET 1200 182 SNIPPET_RELEVANT b6fb660858ce8c00695f27aee4d0a2e3
ACTION DOC 1200 202 EXAMINING_DOCUMENT b6fb660858ce8c00695f27aee4d0a2e3
ACTION SNIPPET 1200 202 SNIPPET_RELEVANT 386f58c6c0b2dc08c0f4373006a88d1c
ACTION DOC 1200 222 EXAMINING_DOCUMENT 386f58c6c0b2dc08c0f4373006a88d1c
ACTION SNIPPET 1200 222 SNIPPET_RELEVANT 1bc79f16-3b4c-11e3-a94f-b58017bfee6c
ACTION DOC 1200 242 EXAMINING_DOCUMENT 1bc79f16-3b4c-11e3-a94f-b58017bfee6c
ACTION SNIPPET 1200 242 SNIPPET_RELEVANT 2c35d25e-e26f-11e2-aef3-339619eab080
ACTION DOC 1200 262 EXAMINING_DOCUMENT 2c35d25e-e26f-11e2-aef3-339619eab080
ACTION SNIPPET 1200 262 SNIPPET_RELEVANT c86971f0-bb0a-11e5-829c-26ffb874a18d
ACTION DOC 1200 282 EXAMINING_DOCUMENT c86971f0-bb0a-11e5-829c-26ffb874a18d
ACTION QUERY 1200 292 country species conservation
ACTION SERP 1200 297 EXAMINE_SERP
ACTION SNIPPET 1200 297 SNIPPET_RELEVANT 9e13cbdc31c531f3aee6c3182faf0d70
ACTION DOC 1200 317 EXAMINING_DOCUMENT 9e13cbdc31c531f3aee6c3182faf0d70
ACTION SNIPPET 1200 317 SNIPPET_RELEVANT 57c46a4e9309e1df8bf818fc961341b2
ACTION DOC 1200 337 EXAMINING_DOCUMENT 57c46a4e9309e1df8bf818fc961341b2
ACTION SNIPPET 1200 337 SNIPPET_RELEVANT 44f5fa4e5559a0907a4232efdd734da9
ACTION DOC 1200 357 EXAMINING_DOCUMENT 44f5fa4e5559a0907a4232efdd734da9
ACTION SNIPPET 1200 357 SNIPPET_RELEVANT 23946f12596b3c76e6ad6b9786bd6cb3
ACTION DOC 1200 377 EXAMINING_DOCUMENT 23946f12596b3c76e6ad6b9786bd6cb3
ACTION SNIPPET 1200 377 SNIPPET_RELEVANT 7fcbbf4cb12251274806fe83d13b38fe
ACTION DOC 1200 397 EXAMINING_DOCUMENT 7fcbbf4cb12251274806fe83d13b38fe
ACTION SNIPPET 1200 397 SNIPPET_RELEVANT 9a5d70209e54f39e3e8d782d2e2f5647
ACTION DOC 1200 417 EXAMINING_DOCUMENT 9a5d70209e54f39e3e8d782d2e2f5647
ACTION QUERY 1200 427 country conservation efforts
ACTION SERP 1200 432 EXAMINE_SERP
ACTION SNIPPET 1200 432 SNIPPET_RELEVANT 74250b3023bf30677ad3a23bbc9b4512
ACTION DOC 1200 452 EXAMINING_DOCUMENT 74250b3023bf30677ad3a23bbc9b4512
ACTION SNIPPET 1200 452 SEEN_PREVIOUSLY e743ef70-d363-11e6-9cb0-54ab630851e8
ACTION SNIPPET 1200 452 SNIPPET_RELEVANT 0b8aa390145b02707449acf6fd10d17c
ACTION DOC 1200 472 EXAMINING_DOCUMENT 0b8aa390145b02707449acf6fd10d17c
ACTION SNIPPET 1200 472 SNIPPET_RELEVANT 8df97ae6-fffd-11e5-9203-7b8670959b88
ACTION DOC 1200 492 EXAMINING_DOCUMENT 8df97ae6-fffd-11e5-9203-7b8670959b88
ACTION MARK 1200 495 CONSIDERED_RELEVANT 8df97ae6-fffd-11e5-9203-7b8670959b88
ACTION SNIPPET 1200 495 SNIPPET_RELEVANT 6ef1a64c-fd4c-11e3-8176-f2c941cf35f1
ACTION DOC 1200 515 EXAMINING_DOCUMENT 6ef1a64c-fd4c-11e3-8176-f2c941cf35f1
ACTION SNIPPET 1200 515 SNIPPET_RELEVANT c9656fdd8edea4c9c24d6bd5166a14d8
ACTION DOC 1200 535 EXAMINING_DOCUMENT c9656fdd8edea4c9c24d6bd5166a14d8
ACTION SNIPPET 1200 535 SEEN_PREVIOUSLY 7fcbbf4cb12251274806fe83d13b38fe
ACTION SNIPPET 1200 535 SEEN_PREVIOUSLY 386f58c6c0b2dc08c0f4373006a88d1c
ACTION SNIPPET 1200 535 SEEN_PREVIOUSLY 098bd5c4-ed7c-11e2-bb32-725c8351a69e
ACTION SNIPPET 1200 535 SNIPPET_RELEVANT 0a1efa72840692db76c4ab3424caf90e
ACTION DOC 1200 555 EXAMINING_DOCUMENT 0a1efa72840692db76c4ab3424caf90e
ACTION MARK 1200 558 CONSIDERED_RELEVANT 0a1efa72840692db76c4ab3424caf90e
ACTION QUERY 1200 568 species protection countries
ACTION SERP 1200 573 EXAMINE_SERP
ACTION SNIPPET 1200 573 SNIPPET_RELEVANT a3949e76-722a-11e2-ac36-3d8d9dcaa2e2
ACTION DOC 1200 593 EXAMINING_DOCUMENT a3949e76-722a-11e2-ac36-3d8d9dcaa2e2
ACTION SNIPPET 1200 593 SEEN_PREVIOUSLY 23946f12596b3c76e6ad6b9786bd6cb3
ACTION SNIPPET 1200 593 SEEN_PREVIOUSLY 9e13cbdc31c531f3aee6c3182faf0d70
ACTION SNIPPET 1200 593 SEEN_PREVIOUSLY 57c46a4e9309e1df8bf818fc961341b2
ACTION SNIPPET 1200 593 SEEN_PREVIOUSLY 44f5fa4e5559a0907a4232efdd734da9
ACTION SNIPPET 1200 593 SNIPPET_RELEVANT c4f8997e-8a7a-11e2-8d72-dc76641cb8d4
ACTION DOC 1200 613 EXAMINING_DOCUMENT c4f8997e-8a7a-11e2-8d72-dc76641cb8d4
ACTION MARK 1200 616 CONSIDERED_RELEVANT c4f8997e-8a7a-11e2-8d72-dc76641cb8d4
ACTION SNIPPET 1200 616 SNIPPET_RELEVANT ce8606fd2ed417ff71b6ba60851aae59
ACTION DOC 1200 636 EXAMINING_DOCUMENT ce8606fd2ed417ff71b6ba60851aae59
ACTION SNIPPET 1200 636 SNIPPET_RELEVANT 1711d9673c70270aa36c0cefb58694b1
ACTION DOC 1200 656 EXAMINING_DOCUMENT 1711d9673c70270aa36c0cefb58694b1
ACTION SNIPPET 1200 656 SNIPPET_RELEVANT 4555e8a6-e5a2-11e2-aef3-339619eab080
ACTION DOC 1200 676 EXAMINING_DOCUMENT 4555e8a6-e5a2-11e2-aef3-339619eab080
ACTION SNIPPET 1200 676 SNIPPET_RELEVANT 533c4ac0-4920-11e1-ba2c-44b5c309d24f
ACTION DOC 1200 696 EXAMINING_DOCUMENT 533c4ac0-4920-11e1-ba2c-44b5c309d24f
ACTION QUERY 1200 706 country species protection
ACTION SERP 1200 711 EXAMINE_SERP
ACTION SNIPPET 1200 711 SEEN_PREVIOUSLY a3949e76-722a-11e2-ac36-3d8d9dcaa2e2
ACTION SNIPPET 1200 711 SEEN_PREVIOUSLY 23946f12596b3c76e6ad6b9786bd6cb3
ACTION SNIPPET 1200 711 SEEN_PREVIOUSLY 9e13cbdc31c531f3aee6c3182faf0d70
ACTION SNIPPET 1200 711 SEEN_PREVIOUSLY 57c46a4e9309e1df8bf818fc961341b2
ACTION SNIPPET 1200 711 SEEN_PREVIOUSLY 44f5fa4e5559a0907a4232efdd734da9
ACTION SNIPPET 1200 711 SEEN_PREVIOUSLY c4f8997e-8a7a-11e2-8d72-dc76641cb8d4
ACTION SNIPPET 1200 711 SEEN_PREVIOUSLY ce8606fd2ed417ff71b6ba60851aae59
ACTION SNIPPET 1200 711 SEEN_PREVIOUSLY 1711d9673c70270aa36c0cefb58694b1
ACTION SNIPPET 1200 711 SEEN_PREVIOUSLY 4555e8a6-e5a2-11e2-aef3-339619eab080
ACTION SNIPPET 1200 711 SEEN_PREVIOUSLY 533c4ac0-4920-11e1-ba2c-44b5c309d24f
ACTION SNIPPET 1200 711 SEEN_PREVIOUSLY 9a5d70209e54f39e3e8d782d2e2f5647
ACTION SNIPPET 1200 711 SNIPPET_RELEVANT fdb7e2a4-551b-11e7-840b-512026319da7
ACTION DOC 1200 731 EXAMINING_DOCUMENT fdb7e2a4-551b-11e7-840b-512026319da7
ACTION SNIPPET 1200 731 SNIPPET_RELEVANT c3a02c22-71f3-11e1-958a-fd4578434472
ACTION DOC 1200 751 EXAMINING_DOCUMENT c3a02c22-71f3-11e1-958a-fd4578434472
ACTION SNIPPET 1200 751 SNIPPET_RELEVANT 4a4887b6c0f7359491dfe2d5a051420f
ACTION DOC 1200 771 EXAMINING_DOCUMENT 4a4887b6c0f7359491dfe2d5a051420f
ACTION SNIPPET 1200 771 SNIPPET_RELEVANT 2c9d4add64756f9835de157520ad9278
ACTION DOC 1200 791 EXAMINING_DOCUMENT 2c9d4add64756f9835de157520ad9278
ACTION SNIPPET 1200 791 SNIPPET_RELEVANT f60f14e90866a3307e23fced2115ac02
ACTION DOC 1200 811 EXAMINING_DOCUMENT f60f14e90866a3307e23fced2115ac02
ACTION SNIPPET 1200 811 SNIPPET_RELEVANT 2867e65870edeb8bed0eec90f8277de5
ACTION DOC 1200 831 EXAMINING_DOCUMENT 2867e65870edeb8bed0eec90f8277de5
ACTION QUERY 1200 841 wildlife preservation programs
ACTION SERP 1200 846 EXAMINE_SERP
ACTION SNIPPET 1200 846 SNIPPET_RELEVANT 69dfc36c-f191-11e3-b140-bd7309109588
ACTION DOC 1200 866 EXAMINING_DOCUMENT 69dfc36c-f191-11e3-b140-bd7309109588
ACTION SNIPPET 1200 866 SNIPPET_RELEVANT 093f9252-70f9-11e4-ad12-3734c461eab6
ACTION DOC 1200 886 EXAMINING_DOCUMENT 093f9252-70f9-11e4-ad12-3734c461eab6
ACTION SNIPPET 1200 886 SEEN_PREVIOUSLY 194630ec-dc62-11e3-bda1-9b46b2066796
ACTION SNIPPET 1200 886 SNIPPET_RELEVANT 5a8e5f68-7b81-11e2-9c27-fdd594ea6286
ACTION DOC 1200 906 EXAMINING_DOCUMENT 5a8e5f68-7b81-11e2-9c27-fdd594ea6286
ACTION SNIPPET 1200 906 SNIPPET_RELEVANT 0e0efda59c836f8be8e1f707773693b3
ACTION DOC 1200 926 EXAMINING_DOCUMENT 0e0efda59c836f8be8e1f707773693b3
ACTION SNIPPET 1200 926 SNIPPET_RELEVANT 2c44e98c-79df-11e6-8064-c1ddc8a724bb
ACTION DOC 1200 946 EXAMINING_DOCUMENT 2c44e98c-79df-11e6-8064-c1ddc8a724bb
ACTION SNIPPET 1200 946 SNIPPET_RELEVANT 328aef68-47dc-11e3-a196-3544a03c2351
ACTION DOC 1200 966 EXAMINING_DOCUMENT 328aef68-47dc-11e3-a196-3544a03c2351
ACTION QUERY 1200 976 endangered species conservation
ACTION SERP 1200 981 EXAMINE_SERP
ACTION SNIPPET 1200 981 SNIPPET_RELEVANT 1b01d436-d62c-11e3-95d3-3bcd77cd4e11
ACTION DOC 1200 1001 EXAMINING_DOCUMENT 1b01d436-d62c-11e3-95d3-3bcd77cd4e11
ACTION SNIPPET 1200 1001 SNIPPET_RELEVANT 95e2fc5cde70d26789ae74086810fad8
ACTION DOC 1200 1021 EXAMINING_DOCUMENT 95e2fc5cde70d26789ae74086810fad8
ACTION SNIPPET 1200 1021 SEEN_PREVIOUSLY 9a5d70209e54f39e3e8d782d2e2f5647
ACTION SNIPPET 1200 1021 SNIPPET_RELEVANT e76903d6-0e6f-11e7-9b0d-d27c98455440
ACTION DOC 1200 1041 EXAMINING_DOCUMENT e76903d6-0e6f-11e7-9b0d-d27c98455440
ACTION SNIPPET 1200 1041 SEEN_PREVIOUSLY ce8606fd2ed417ff71b6ba60851aae59
ACTION SNIPPET 1200 1041 SNIPPET_RELEVANT 677a77d5a00e7b5cb282ec5668ef35c7
ACTION DOC 1200 1061 EXAMINING_DOCUMENT 677a77d5a00e7b5cb282ec5668ef35c7
ACTION SNIPPET 1200 1061 SEEN_PREVIOUSLY 2c9d4add64756f9835de157520ad9278
ACTION SNIPPET 1200 1061 SEEN_PREVIOUSLY 4a4887b6c0f7359491dfe2d5a051420f
ACTION SNIPPET 1200 1061 SEEN_PREVIOUSLY f60f14e90866a3307e23fced2115ac02
ACTION SNIPPET 1200 1061 SEEN_PREVIOUSLY a3949e76-722a-11e2-ac36-3d8d9dcaa2e2
ACTION SNIPPET 1200 1061 SNIPPET_RELEVANT 318819e8d7569223f051e5a26c471e31
ACTION DOC 1200 1081 EXAMINING_DOCUMENT 318819e8d7569223f051e5a26c471e31
ACTION SNIPPET 1200 1081 SNIPPET_RELEVANT be451a3c88d6395db8d05f3654a7c9b6
ACTION DOC 1200 1101 EXAMINING_DOCUMENT be451a3c88d6395db8d05f3654a7c9b6
ACTION QUERY 1200 1111 global wildlife preservation
ACTION SERP 1200 1116 EXAMINE_SERP
ACTION SNIPPET 1200 1116 SNIPPET_RELEVANT f30bfadcc526ddce6f354d896b0af415
ACTION DOC 1200 1136 EXAMINING_DOCUMENT f30bfadcc526ddce6f354d896b0af415
ACTION SNIPPET 1200 1136 SNIPPET_RELEVANT 65c7917056ad26d16dc56fa9ee345760
ACTION DOC 1200 1156 EXAMINING_DOCUMENT 65c7917056ad26d16dc56fa9ee345760
ACTION SNIPPET 1200 1156 SNIPPET_RELEVANT d3cb871a822e2cf71e7f584850299079
ACTION DOC 1200 1176 EXAMINING_DOCUMENT d3cb871a822e2cf71e7f584850299079
ACTION SNIPPET 1200 1176 SNIPPET_RELEVANT d8479cde76d3859018524470492b29c7
ACTION DOC 1200 1196 EXAMINING_DOCUMENT d8479cde76d3859018524470492b29c7
ACTION SNIPPET 1200 1196 SEEN_PREVIOUSLY 2c44e98c-79df-11e6-8064-c1ddc8a724bb
ACTION SNIPPET 1200 1196 SEEN_PREVIOUSLY 69dfc36c-f191-11e3-b140-bd7309109588
ACTION SNIPPET 1200 1196 SNIPPET_RELEVANT 037bbdda-d9bc-11e2-a9f2-42ee3912ae0e
ACTION DOC 1200 1216 EXAMINING_DOCUMENT 037bbdda-d9bc-11e2-a9f2-42ee3912ae0e
INFO SUMMARY 
INFO TOTAL_QUERIES_ISSUED 9
INFO TOTAL_SNIPPETS_EXAMINED 87
INFO TOTAL_DOCUMENTS_EXAMINED 53
INFO TOTAL_DOCUMENTS_MARKED_RELEVANT 7
INFO TOTAL_ATTRACTIVE_SERP_IMPRESSIONS 9
INFO TOTAL_UNATTRACTIVE_SERP_IMPRESSIONS 0
