ACTION START 1200 0 START
ACTION QUERY 1200 10 heroic acts
ACTION SERP 1200 15 EXAMINE_SERP
ACTION SNIPPET 1200 15 SNIPPET_RELEVANT c2127e88-8b55-11e2-b63f-f53fb9f2fcb4
ACTION DOC 1200 35 EXAMINING_DOCUMENT c2127e88-8b55-11e2-b63f-f53fb9f2fcb4
ACTION SNIPPET 1200 35 SNIPPET_RELEVANT f7fda5121215b09571dd5e8d724228ee
ACTION DOC 1200 55 EXAMINING_DOCUMENT f7fda5121215b09571dd5e8d724228ee
ACTION MARK 1200 58 CONSIDERED_RELEVANT f7fda5121215b09571dd5e8d724228ee
ACTION SNIPPET 1200 58 SNIPPET_RELEVANT 39e2af7a2e181dd78d2bfd77b659bfa5
ACTION DOC 1200 78 EXAMINING_DOCUMENT 39e2af7a2e181dd78d2bfd77b659bfa5
ACTION SNIPPET 1200 78 SNIPPET_RELEVANT 4084a7627ab6a184983ad133b32deef3
ACTION DOC 1200 98 EXAMINING_DOCUMENT 4084a7627ab6a184983ad133b32deef3
ACTION SNIPPET 1200 98 SNIPPET_RELEVANT 0492dc0f0f128f28840bae616b1b8cf2
ACTION DOC 1200 118 EXAMINING_DOCUMENT 0492dc0f0f128f28840bae616b1b8cf2
ACTION MARK 1200 121 CONSIDERED_RELEVANT 0492dc0f0f128f28840bae616b1b8cf2
ACTION SNIPPET 1200 121 SNIPPET_RELEVANT 0d300965b15e3591c4e3ffc4a21fa13d
ACTION DOC 1200 141 EXAMINING_DOCUMENT 0d300965b15e3591c4e3ffc4a21fa13d
ACTION QUERY 1200 151 selfless heroes
ACTION SERP 1200 156 EXAMINE_SERP
ACTION SNIPPET 1200 156 SNIPPET_RELEVANT c9410438-0b73-11e3-9941-6711ed662e71
ACTION DOC 1200 176 EXAMINING_DOCUMENT c9410438-0b73-11e3-9941-6711ed662e71
ACTION SNIPPET 1200 176 SNIPPET_RELEVANT c4dfa84210282b2b262ba52d68c0dd88
ACTION DOC 1200 196 EXAMINING_DOCUMENT c4dfa84210282b2b262ba52d68c0dd88
ACTION MARK 1200 199 CONSIDERED_RELEVANT c4dfa84210282b2b262ba52d68c0dd88
ACTION SNIPPET 1200 199 SNIPPET_RELEVANT 6db76f51228569e293d197e272f9905e
ACTION DOC 1200 219 EXAMINING_DOCUMENT 6db76f51228569e293d197e272f9905e
ACTION MARK 1200 222 CONSIDERED_RELEVANT 6db76f51228569e293d197e272f9905e
ACTION SNIPPET 1200 222 SNIPPET_RELEVANT fd132e42b7f02c637c36757cb7138210
ACTION DOC 1200 242 EXAMINING_DOCUMENT fd132e42b7f02c637c36757cb7138210
ACTION MARK 1200 245 CONSIDERED_RELEVANT fd132e42b7f02c637c36757cb7138210
ACTION SNIPPET 1200 245 SNIPPET_RELEVANT 7b526bfdbb0aa8bfc3f35383cf8b5cb3
ACTION DOC 1200 265 EXAMINING_DOCUMENT 7b526bfdbb0aa8bfc3f35383cf8b5cb3
ACTION SNIPPET 1200 265 SNIPPET_RELEVANT a844d784-732d-11e7-8c17-533c52b2f014
ACTION DOC 1200 285 EXAMINING_DOCUMENT a844d784-732d-11e7-8c17-533c52b2f014
ACTION QUERY 1200 295 brave rescues
ACTION SERP 1200 300 EXAMINE_SERP
ACTION SNIPPET 1200 300 SNIPPET_RELEVANT 228cb8602dbe5359f3197c3068d12ef1
ACTION DOC 1200 320 EXAMINING_DOCUMENT 228cb8602dbe5359f3197c3068d12ef1
ACTION MARK 1200 323 CONSIDERED_RELEVANT 228cb8602dbe5359f3197c3068d12ef1
ACTION SNIPPET 1200 323 SNIPPET_RELEVANT 2c13ecd6f5cae504153da050c5ca2ee8
ACTION DOC 1200 343 EXAMINING_DOCUMENT 2c13ecd6f5cae504153da050c5ca2ee8
ACTION MARK 1200 346 CONSIDERED_RELEVANT 2c13ecd6f5cae504153da050c5ca2ee8
ACTION SNIPPET 1200 346 SNIPPET_RELEVANT 53c454d51c1ea39efa1bbf3cbe060d3b
ACTION DOC 1200 366 EXAMINING_DOCUMENT 53c454d51c1ea39efa1bbf3cbe060d3b
ACTION SNIPPET 1200 366 SNIPPET_RELEVANT abd0d9ee-af8c-11e1-80eb-46875d0c7789
ACTION DOC 1200 386 EXAMINING_DOCUMENT abd0d9ee-af8c-11e1-80eb-46875d0c7789
ACTION SNIPPET 1200 386 SNIPPET_RELEVANT 37f9e27e-acdd-11e1-9369-05cf05b03c2e
ACTION DOC 1200 406 EXAMINING_DOCUMENT 37f9e27e-acdd-11e1-9369-05cf05b03c2e
ACTION MARK 1200 409 CONSIDERED_RELEVANT 37f9e27e-acdd-11e1-9369-05cf05b03c2e
ACTION SNIPPET 1200 409 SNIPPET_RELEVANT 7cc674f71cd7e6f22831bc7e9bfcbbbf
ACTION DOC 1200 429 EXAMINING_DOCUMENT 7cc674f71cd7e6f22831bc7e9bfcbbbf
ACTION QUERY 1200 439 heroism stories
ACTION SERP 1200 444 EXAMINE_SERP
ACTION SNIPPET 1200 444 SNIPPET_RELEVANT e5988285784cf53bf03ec844f55c1f0b
ACTION DOC 1200 464 EXAMINING_DOCUMENT e5988285784cf53bf03ec844f55c1f0b
ACTION MARK 1200 467 CONSIDERED_RELEVANT e5988285784cf53bf03ec844f55c1f0b
ACTION SNIPPET 1200 467 SNIPPET_RELEVANT a1d52df6a4c11a33b95ec4a1264e8278
ACTION DOC 1200 487 EXAMINING_DOCUMENT a1d52df6a4c11a33b95ec4a1264e8278
ACTION SNIPPET 1200 487 SNIPPET_RELEVANT 51ce8915cc61f081adbefed454d1b917
ACTION DOC 1200 507 EXAMINING_DOCUMENT 51ce8915cc61f081adbefed454d1b917
ACTION MARK 1200 510 CONSIDERED_RELEVANT 51ce8915cc61f081adbefed454d1b917
ACTION SNIPPET 1200 510 SNIPPET_RELEVANT 66529378f9d962422691eb9b91722172
ACTION DOC 1200 530 EXAMINING_DOCUMENT 66529378f9d962422691eb9b91722172
ACTION MARK 1200 533 CONSIDERED_RELEVANT 66529378f9d962422691eb9b91722172
ACTION SNIPPET 1200 533 SNIPPET_RELEVANT 0a92e8b4-2445-11e2-ba29-238a6ac36a08
ACTION DOC 1200 553 EXAMINING_DOCUMENT 0a92e8b4-2445-11e2-ba29-238a6ac36a08
ACTION SNIPPET 1200 553 SEEN_PREVIOUSLY 6db76f51228569e293d197e272f9905e
ACTION SNIPPET 1200 553 SNIPPET_RELEVANT c09993e8eca1a7154a731204db5bc8c8
ACTION DOC 1200 573 EXAMINING_DOCUMENT c09993e8eca1a7154a731204db5bc8c8
ACTION MARK 1200 576 CONSIDERED_RELEVANT c09993e8eca1a7154a731204db5bc8c8
ACTION QUERY 1200 586 courageous deeds
ACTION SERP 1200 591 EXAMINE_SERP
ACTION SNIPPET 1200 591 SNIPPET_RELEVANT ca29de70-149c-11e7-833c-503e1f6394c9
ACTION DOC 1200 611 EXAMINING_DOCUMENT ca29de70-149c-11e7-833c-503e1f6394c9
ACTION SNIPPET 1200 611 SNIPPET_RELEVANT 1610db0273ed9b366e96d3a96afe8f04
ACTION DOC 1200 631 EXAMINING_DOCUMENT 1610db0273ed9b366e96d3a96afe8f04
ACTION MARK 1200 634 CONSIDERED_RELEVANT 1610db0273ed9b366e96d3a96afe8f04
ACTION SNIPPET 1200 634 SNIPPET_RELEVANT dfe68746-45cb-11e5-9f53-d1e3ddfd0cda
ACTION DOC 1200 654 EXAMINING_DOCUMENT dfe68746-45cb-11e5-9f53-d1e3ddfd0cda
ACTION MARK 1200 657 CONSIDERED_RELEVANT dfe68746-45cb-11e5-9f53-d1e3ddfd0cda
ACTION SNIPPET 1200 657 SNIPPET_RELEVANT 2927f122-7d21-11e2-9073-e9dda4ac6a66
ACTION DOC 1200 677 EXAMINING_DOCUMENT 2927f122-7d21-11e2-9073-e9dda4ac6a66
ACTION SNIPPET 1200 677 SNIPPET_RELEVANT 3b2f25c4-7d31-11e7-83c7-5bd5460f0d7e
ACTION DOC 1200 697 EXAMINING_DOCUMENT 3b2f25c4-7d31-11e7-83c7-5bd5460f0d7e
ACTION SNIPPET 1200 697 SNIPPET_RELEVANT 74f0d94852f0a8f01786ade7240152a1
ACTION DOC 1200 717 EXAMINING_DOCUMENT 74f0d94852f0a8f01786ade7240152a1
ACTION QUERY 1200 727 individual heroes
ACTION SERP 1200 732 EXAMINE_SERP
ACTION SNIPPET 1200 732 SNIPPET_RELEVANT 84814762-4942-11e1-ba2c-44b5c309d24f
ACTION DOC 1200 752 EXAMINING_DOCUMENT 84814762-4942-11e1-ba2c-44b5c309d24f
ACTION SNIPPET 1200 752 SNIPPET_RELEVANT bf04ae2cc96fd52bae147463db82850a
ACTION DOC 1200 772 EXAMINING_DOCUMENT bf04ae2cc96fd52bae147463db82850a
ACTION MARK 1200 775 CONSIDERED_RELEVANT bf04ae2cc96fd52bae147463db82850a
ACTION SNIPPET 1200 775 SNIPPET_RELEVANT e2d8b39b10a8fab05774a7fa5863e18e
ACTION DOC 1200 795 EXAMINING_DOCUMENT e2d8b39b10a8fab05774a7fa5863e18e
ACTION SNIPPET 1200 795 SNIPPET_RELEVANT 57e706a0-de14-11e4-a1b8-2ed88bc190d2
ACTION DOC 1200 815 EXAMINING_DOCUMENT 57e706a0-de14-11e4-a1b8-2ed88bc190d2
ACTION SNIPPET 1200 815 SNIPPET_RELEVANT d6210b497e5476b91c94f0224dc3ab48
ACTION DOC 1200 835 EXAMINING_DOCUMENT d6210b497e5476b91c94f0224dc3ab48
ACTION SNIPPET 1200 835 SNIPPET_RELEVANT 73c6615a6fc7c771bf6f50b1f6f2c5b1
ACTION DOC 1200 855 EXAMINING_DOCUMENT 73c6615a6fc7c771bf6f50b1f6f2c5b1
ACTION QUERY 1200 865 small group heroism
ACTION SERP 1200 870 EXAMINE_SERP
ACTION SNIPPET 1200 870 SNIPPET_RELEVANT 0ab4c8f21c6eeb6fcf42f6d272d1fac9
ACTION DOC 1200 890 EXAMINING_DOCUMENT 0ab4c8f21c6eeb6fcf42f6d272d1fac9
ACTION SNIPPET 1200 890 SEEN_PREVIOUSLY 6db76f51228569e293d197e272f9905e
ACTION SNIPPET 1200 890 SEEN_PREVIOUSLY a1d52df6a4c11a33b95ec4a1264e8278
ACTION SNIPPET 1200 890 SNIPPET_RELEVANT 1a947fa27b925a0de3427c2edc87303a
ACTION DOC 1200 910 EXAMINING_DOCUMENT 1a947fa27b925a0de3427c2edc87303a
ACTION SNIPPET 1200 910 SEEN_PREVIOUSLY e5988285784cf53bf03ec844f55c1f0b
ACTION SNIPPET 1200 910 SEEN_PREVIOUSLY c09993e8eca1a7154a731204db5bc8c8
ACTION SNIPPET 1200 910 SNIPPET_RELEVANT 36a5910c-86ec-11e4-a702-fa31ff4ae98e
ACTION DOC 1200 930 EXAMINING_DOCUMENT 36a5910c-86ec-11e4-a702-fa31ff4ae98e
ACTION SNIPPET 1200 930 SEEN_PREVIOUSLY 51ce8915cc61f081adbefed454d1b917
ACTION SNIPPET 1200 930 SEEN_PREVIOUSLY 66529378f9d962422691eb9b91722172
ACTION SNIPPET 1200 930 SEEN_PREVIOUSLY 0a92e8b4-2445-11e2-ba29-238a6ac36a08
ACTION SNIPPET 1200 930 SNIPPET_RELEVANT ec4daf58-0e66-11e3-8cdd-bcdc09410972
ACTION DOC 1200 950 EXAMINING_DOCUMENT ec4daf58-0e66-11e3-8cdd-bcdc09410972
ACTION MARK 1200 953 CONSIDERED_RELEVANT ec4daf58-0e66-11e3-8cdd-bcdc09410972
ACTION SNIPPET 1200 953 SNIPPET_RELEVANT d994b4c7abd0c7367299fe4befabd30a
ACTION DOC 1200 973 EXAMINING_DOCUMENT d994b4c7abd0c7367299fe4befabd30a
ACTION SNIPPET 1200 973 SNIPPET_RELEVANT 6a9f27a8-dc81-11e4-be40-566e2653afe5
ACTION DOC 1200 993 EXAMINING_DOCUMENT 6a9f27a8-dc81-11e4-be40-566e2653afe5
ACTION QUERY 1200 1003 benefiting others
ACTION SERP 1200 1008 EXAMINE_SERP
ACTION SNIPPET 1200 1008 SNIPPET_RELEVANT cabb9154fbad9ae91a00f23e4c8b7158
ACTION DOC 1200 1028 EXAMINING_DOCUMENT cabb9154fbad9ae91a00f23e4c8b7158
ACTION SNIPPET 1200 1028 SNIPPET_RELEVANT 480199f4-0e24-11e5-9726-49d6fa26a8c6
ACTION DOC 1200 1048 EXAMINING_DOCUMENT 480199f4-0e24-11e5-9726-49d6fa26a8c6
ACTION SNIPPET 1200 1048 SNIPPET_RELEVANT fd089278a7cdbaa71e48f6111b99d000
ACTION DOC 1200 1068 EXAMINING_DOCUMENT fd089278a7cdbaa71e48f6111b99d000
ACTION SNIPPET 1200 1068 SNIPPET_RELEVANT ff7bfbc0-9776-11e5-94f0-9eeaff906ef3
ACTION DOC 1200 1088 EXAMINING_DOCUMENT ff7bfbc0-9776-11e5-94f0-9eeaff906ef3
ACTION SNIPPET 1200 1088 SNIPPET_RELEVANT 102c1696-6117-11e3-94ad-004fefa61ee6
ACTION DOC 1200 1108 EXAMINING_DOCUMENT 102c1696-6117-11e3-94ad-004fefa61ee6
ACTION SNIPPET 1200 1108 SNIPPET_RELEVANT 0ba5092af192815b52d6f9dc44c120e1
ACTION DOC 1200 1128 EXAMINING_DOCUMENT 0ba5092af192815b52d6f9dc44c120e1
ACTION QUERY 1200 1138 altruistic acts
ACTION SERP 1200 1143 EXAMINE_SERP
ACTION SNIPPET 1200 1143 SNIPPET_RELEVANT 1ec08f0788d8a99bc798881a7f5efd07
ACTION DOC 1200 1163 EXAMINING_DOCUMENT 1ec08f0788d8a99bc798881a7f5efd07
ACTION SNIPPET 1200 1163 SNIPPET_RELEVANT 27ae83e3c2e56a8d3ec51f09f8db398d
ACTION DOC 1200 1183 EXAMINING_DOCUMENT 27ae83e3c2e56a8d3ec51f09f8db398d
ACTION SNIPPET 1200 1183 SNIPPET_RELEVANT 18820fe0-778e-11e1-883d-f22537a8ca20
ACTION DOC 1200 1203 EXAMINING_DOCUMENT 18820fe0-778e-11e1-883d-f22537a8ca20
INFO SUMMARY 
INFO TOTAL_QUERIES_ISSUED 9
INFO TOTAL_SNIPPETS_EXAMINED 59
INFO TOTAL_DOCUMENTS_EXAMINED 51
INFO TOTAL_DOCUMENTS_MARKED_RELEVANT 16
INFO TOTAL_ATTRACTIVE_SERP_IMPRESSIONS 9
INFO TOTAL_UNATTRACTIVE_SERP_IMPRESSIONS 0
