ACTION START 1200 0 START
ACTION QUERY 1200 10 MRSA control
ACTION SERP 1200 15 EXAMINE_SERP
ACTION SNIPPET 1200 15 SNIPPET_RELEVANT 412cc2fe-c88d-11e2-9f1a-1a7cdee20287
ACTION DOC 1200 35 EXAMINING_DOCUMENT 412cc2fe-c88d-11e2-9f1a-1a7cdee20287
ACTION MARK 1200 38 CONSIDERED_RELEVANT 412cc2fe-c88d-11e2-9f1a-1a7cdee20287
ACTION SNIPPET 1200 38 SNIPPET_RELEVANT 287f636890121570aa2b4f5cefad3325
ACTION DOC 1200 58 EXAMINING_DOCUMENT 287f636890121570aa2b4f5cefad3325
ACTION MARK 1200 61 CONSIDERED_RELEVANT 287f636890121570aa2b4f5cefad3325
ACTION SNIPPET 1200 61 SNIPPET_RELEVANT 917a5c010debea15ebdac84badf2721a
ACTION DOC 1200 81 EXAMINING_DOCUMENT 917a5c010debea15ebdac84badf2721a
ACTION MARK 1200 84 CONSIDERED_RELEVANT 917a5c010debea15ebdac84badf2721a
ACTION SNIPPET 1200 84 SNIPPET_RELEVANT d560d132562e18a08fec66192e20aed9
ACTION DOC 1200 104 EXAMINING_DOCUMENT d560d132562e18a08fec66192e20aed9
ACTION MARK 1200 107 CONSIDERED_RELEVANT d560d132562e18a08fec66192e20aed9
ACTION SNIPPET 1200 107 SNIPPET_NOT_RELEVANT e3afdb62-1f06-11e4-82f9-2cd6fa8da5c4
ACTION SNIPPET 1200 107 SNIPPET_RELEVANT 8e359dde29d512a0fddf15447c4b282c
ACTION DOC 1200 127 EXAMINING_DOCUMENT 8e359dde29d512a0fddf15447c4b282c
ACTION MARK 1200 130 CONSIDERED_RELEVANT 8e359dde29d512a0fddf15447c4b282c
ACTION QUERY 1200 140 MRSA prevention
ACTION SERP 1200 145 EXAMINE_SERP
ACTION SNIPPET 1200 145 SEEN_PREVIOUSLY 412cc2fe-c88d-11e2-9f1a-1a7cdee20287
ACTION SNIPPET 1200 145 SEEN_PREVIOUSLY 287f636890121570aa2b4f5cefad3325
ACTION SNIPPET 1200 145 SEEN_PREVIOUSLY d560d132562e18a08fec66192e20aed9
ACTION SNIPPET 1200 145 SNIPPET_RELEVANT 386d737544191e6424d484a55e868bce
ACTION DOC 1200 165 EXAMINING_DOCUMENT 386d737544191e6424d484a55e868bce
ACTION MARK 1200 168 CONSIDERED_RELEVANT 386d737544191e6424d484a55e868bce
ACTION SNIPPET 1200 168 SNIPPET_NOT_RELEVANT e3afdb62-1f06-11e4-82f9-2cd6fa8da5c4
ACTION SNIPPET 1200 168 SNIPPET_RELEVANT 9ec71b218b1d05b867ad3a69d3c13009
ACTION DOC 1200 188 EXAMINING_DOCUMENT 9ec71b218b1d05b867ad3a69d3c13009
ACTION MARK 1200 191 CONSIDERED_RELEVANT 9ec71b218b1d05b867ad3a69d3c13009
ACTION SNIPPET 1200 191 SEEN_PREVIOUSLY 8e359dde29d512a0fddf15447c4b282c
ACTION SNIPPET 1200 191 SEEN_PREVIOUSLY 917a5c010debea15ebdac84badf2721a
ACTION SNIPPET 1200 191 SNIPPET_RELEVANT 4b86d6da78f8f340b6d827993d1aeaf0
ACTION DOC 1200 211 EXAMINING_DOCUMENT 4b86d6da78f8f340b6d827993d1aeaf0
ACTION MARK 1200 214 CONSIDERED_RELEVANT 4b86d6da78f8f340b6d827993d1aeaf0
ACTION SNIPPET 1200 214 SNIPPET_RELEVANT bfdf129a2e6f055368a5529259c24bdb
ACTION DOC 1200 234 EXAMINING_DOCUMENT bfdf129a2e6f055368a5529259c24bdb
ACTION MARK 1200 237 CONSIDERED_RELEVANT bfdf129a2e6f055368a5529259c24bdb
ACTION SNIPPET 1200 237 SNIPPET_RELEVANT b2d3f77ed4e0142e5a04b28b7672c14b
ACTION DOC 1200 257 EXAMINING_DOCUMENT b2d3f77ed4e0142e5a04b28b7672c14b
ACTION MARK 1200 260 CONSIDERED_RELEVANT b2d3f77ed4e0142e5a04b28b7672c14b
ACTION QUERY 1200 270 Staph Aureus treatment
ACTION SERP 1200 275 EXAMINE_SERP
ACTION SNIPPET 1200 275 SEEN_PREVIOUSLY 287f636890121570aa2b4f5cefad3325
ACTION SNIPPET 1200 275 SEEN_PREVIOUSLY d560d132562e18a08fec66192e20aed9
ACTION SNIPPET 1200 275 SNIPPET_NOT_RELEVANT 5f0cff50-6880-11e1-9210-0b8d0e6543cc
ACTION SNIPPET 1200 275 SNIPPET_RELEVANT dd9c4b8fbdfa2081b898a219a803bf05
ACTION DOC 1200 295 EXAMINING_DOCUMENT dd9c4b8fbdfa2081b898a219a803bf05
ACTION MARK 1200 298 CONSIDERED_RELEVANT dd9c4b8fbdfa2081b898a219a803bf05
ACTION SNIPPET 1200 298 SNIPPET_NOT_RELEVANT 4cedf0999014f4f85017f6810919a131
ACTION SNIPPET 1200 298 SNIPPET_NOT_RELEVANT 57d7468e-4337-11e4-b47c-f5889e061e5f
ACTION SNIPPET 1200 298 SNIPPET_NOT_RELEVANT d08a564a-02b9-11e7-b1e9-a05d3c21f7cf
ACTION SNIPPET 1200 298 SNIPPET_NOT_RELEVANT f76ac7f4-9b55-11e4-86a3-1b56f64925f6
ACTION SNIPPET 1200 298 SNIPPET_NOT_RELEVANT b581f981dcbfd53dffcb81c012cd1171
ACTION SNIPPET 1200 298 SNIPPET_NOT_RELEVANT e70bcceb01ae9d6295cab72ff952f642
ACTION SNIPPET 1200 298 SNIPPET_NOT_RELEVANT 92a2fcda648819cc56afade0ad4739ef
ACTION SNIPPET 1200 298 SNIPPET_RELEVANT 8967ed265a5e3aa97306683d2180a217
ACTION DOC 1200 318 EXAMINING_DOCUMENT 8967ed265a5e3aa97306683d2180a217
ACTION MARK 1200 321 CONSIDERED_RELEVANT 8967ed265a5e3aa97306683d2180a217
ACTION SNIPPET 1200 321 SNIPPET_NOT_RELEVANT ccbd4ed0aa10bda520a76c25b877e1db
ACTION SNIPPET 1200 321 SNIPPET_NOT_RELEVANT 286c9c1411c8e56d9df331280327c2f4
ACTION SNIPPET 1200 321 SNIPPET_NOT_RELEVANT e900b10aa18398ecb99ec58136fca5fc
ACTION SNIPPET 1200 321 SNIPPET_NOT_RELEVANT 2ff9595b03ed2b7e17da353fc7b0ba62
ACTION SNIPPET 1200 321 SNIPPET_NOT_RELEVANT 75398ab2a761dbc3ccab198165582d2e
ACTION SNIPPET 1200 321 SEEN_PREVIOUSLY 4b86d6da78f8f340b6d827993d1aeaf0
ACTION SNIPPET 1200 321 SNIPPET_NOT_RELEVANT b713fa7fb7ef63180cf11ea3fee51a71
ACTION SNIPPET 1200 321 SNIPPET_NOT_RELEVANT 5f49964c4c6a6fe1b7ed53d585de3c10
ACTION SNIPPET 1200 321 SNIPPET_RELEVANT 1845f7a51b4ff52843c4f91c5f82a85f
ACTION DOC 1200 341 EXAMINING_DOCUMENT 1845f7a51b4ff52843c4f91c5f82a85f
ACTION MARK 1200 344 CONSIDERED_RELEVANT 1845f7a51b4ff52843c4f91c5f82a85f
ACTION SNIPPET 1200 344 SNIPPET_NOT_RELEVANT 6768439a154fe0480e256832559b9c1d
ACTION SNIPPET 1200 344 SNIPPET_NOT_RELEVANT 999e39a4-2238-11e3-ad1a-1a919f2ed890
ACTION SNIPPET 1200 344 SNIPPET_RELEVANT 02df2127503cb140ee4eac14b3f9361b
ACTION DOC 1200 364 EXAMINING_DOCUMENT 02df2127503cb140ee4eac14b3f9361b
ACTION MARK 1200 367 CONSIDERED_RELEVANT 02df2127503cb140ee4eac14b3f9361b
ACTION SNIPPET 1200 367 SNIPPET_NOT_RELEVANT 9b2a05ce1567d136a0ed30f1e7212158
ACTION SNIPPET 1200 367 SNIPPET_RELEVANT ec608662-d53c-11e3-aae8-c2d44bd79778
ACTION DOC 1200 387 EXAMINING_DOCUMENT ec608662-d53c-11e3-aae8-c2d44bd79778
ACTION MARK 1200 390 CONSIDERED_RELEVANT ec608662-d53c-11e3-aae8-c2d44bd79778
ACTION QUERY 1200 400 MRSA infection control
ACTION SERP 1200 405 EXAMINE_SERP
ACTION SNIPPET 1200 405 SEEN_PREVIOUSLY 412cc2fe-c88d-11e2-9f1a-1a7cdee20287
ACTION SNIPPET 1200 405 SEEN_PREVIOUSLY 287f636890121570aa2b4f5cefad3325
ACTION SNIPPET 1200 405 SEEN_PREVIOUSLY 917a5c010debea15ebdac84badf2721a
ACTION SNIPPET 1200 405 SEEN_PREVIOUSLY d560d132562e18a08fec66192e20aed9
ACTION SNIPPET 1200 405 SNIPPET_NOT_RELEVANT e3afdb62-1f06-11e4-82f9-2cd6fa8da5c4
ACTION SNIPPET 1200 405 SEEN_PREVIOUSLY bfdf129a2e6f055368a5529259c24bdb
ACTION SNIPPET 1200 405 SEEN_PREVIOUSLY b2d3f77ed4e0142e5a04b28b7672c14b
ACTION SNIPPET 1200 405 SNIPPET_NOT_RELEVANT c109cc839f2d2414251471c48ae5515c
ACTION SNIPPET 1200 405 SEEN_PREVIOUSLY 9ec71b218b1d05b867ad3a69d3c13009
ACTION SNIPPET 1200 405 SNIPPET_NOT_RELEVANT cba51fd1390919c010bb925e17a0fed4
ACTION SNIPPET 1200 405 SNIPPET_NOT_RELEVANT 9d78bc26-aad1-11e3-98f6-8e3c562f9996
ACTION SNIPPET 1200 405 SNIPPET_RELEVANT 3b317a839856497307a3dbbfe8735827
ACTION DOC 1200 425 EXAMINING_DOCUMENT 3b317a839856497307a3dbbfe8735827
ACTION MARK 1200 428 CONSIDERED_RELEVANT 3b317a839856497307a3dbbfe8735827
ACTION SNIPPET 1200 428 SEEN_PREVIOUSLY 8e359dde29d512a0fddf15447c4b282c
ACTION SNIPPET 1200 428 SEEN_PREVIOUSLY dd9c4b8fbdfa2081b898a219a803bf05
ACTION SNIPPET 1200 428 SNIPPET_NOT_RELEVANT 8fd9f938db053a768ac11138b1cad6c5
ACTION SNIPPET 1200 428 SNIPPET_NOT_RELEVANT 5f0cff50-6880-11e1-9210-0b8d0e6543cc
ACTION SNIPPET 1200 428 SEEN_PREVIOUSLY 02df2127503cb140ee4eac14b3f9361b
ACTION SNIPPET 1200 428 SNIPPET_RELEVANT 9765a51526c0dc3da269e5f6e4f9d45f
ACTION DOC 1200 448 EXAMINING_DOCUMENT 9765a51526c0dc3da269e5f6e4f9d45f
ACTION MARK 1200 451 CONSIDERED_RELEVANT 9765a51526c0dc3da269e5f6e4f9d45f
ACTION SNIPPET 1200 451 SNIPPET_RELEVANT 0f4f11f765cf38cb484ae7a9b622133a
ACTION DOC 1200 471 EXAMINING_DOCUMENT 0f4f11f765cf38cb484ae7a9b622133a
ACTION MARK 1200 474 CONSIDERED_RELEVANT 0f4f11f765cf38cb484ae7a9b622133a
ACTION SNIPPET 1200 474 SEEN_PREVIOUSLY 1845f7a51b4ff52843c4f91c5f82a85f
ACTION SNIPPET 1200 474 SNIPPET_RELEVANT 19251704-5beb-11e5-8e9e-dce8a2a2a679
ACTION DOC 1200 494 EXAMINING_DOCUMENT 19251704-5beb-11e5-8e9e-dce8a2a2a679
ACTION MARK 1200 497 CONSIDERED_RELEVANT 19251704-5beb-11e5-8e9e-dce8a2a2a679
ACTION SNIPPET 1200 497 SNIPPET_NOT_RELEVANT 9e8546d8-6a1f-11e1-b756-60ee4e23a039
ACTION SNIPPET 1200 497 SEEN_PREVIOUSLY ec608662-d53c-11e3-aae8-c2d44bd79778
ACTION SNIPPET 1200 497 SNIPPET_NOT_RELEVANT b581f981dcbfd53dffcb81c012cd1171
ACTION SNIPPET 1200 497 SNIPPET_NOT_RELEVANT 3b92b63833b0ff49ee7d70227f0d5ccc
ACTION SNIPPET 1200 497 SNIPPET_NOT_RELEVANT 38e94370-25a9-11e6-ae4a-3cdd5fe74204
ACTION SNIPPET 1200 497 SNIPPET_NOT_RELEVANT 417846f72f17d55b9d898c0ffc467681
ACTION SNIPPET 1200 497 SEEN_PREVIOUSLY 4b86d6da78f8f340b6d827993d1aeaf0
ACTION SNIPPET 1200 497 SNIPPET_NOT_RELEVANT 630e179e-1dc4-11e6-b6e0-c53b7ef63b45
ACTION SNIPPET 1200 497 SNIPPET_NOT_RELEVANT c94b1a6d9f562fa15a60a88c27248432
ACTION SNIPPET 1200 497 SEEN_PREVIOUSLY 386d737544191e6424d484a55e868bce
ACTION SNIPPET 1200 497 SNIPPET_NOT_RELEVANT bff299e0cdb58b0d13e94f6a6ebe31d0
ACTION SNIPPET 1200 497 SNIPPET_NOT_RELEVANT d111176675abca0f9603455507cddeec
ACTION SNIPPET 1200 497 SNIPPET_NOT_RELEVANT 1955d6cac326d09caaa6681a0a97ea61
ACTION SNIPPET 1200 497 SNIPPET_NOT_RELEVANT e50461a193ccd81568f12c247b094a6d
ACTION SNIPPET 1200 497 SNIPPET_NOT_RELEVANT e70bcceb01ae9d6295cab72ff952f642
ACTION SNIPPET 1200 497 SNIPPET_NOT_RELEVANT 92a2fcda648819cc56afade0ad4739ef
ACTION SNIPPET 1200 497 SEEN_PREVIOUSLY 8967ed265a5e3aa97306683d2180a217
ACTION SNIPPET 1200 497 SNIPPET_NOT_RELEVANT ccbd4ed0aa10bda520a76c25b877e1db
ACTION SNIPPET 1200 497 SNIPPET_NOT_RELEVANT 286c9c1411c8e56d9df331280327c2f4
ACTION SNIPPET 1200 497 SNIPPET_NOT_RELEVANT e900b10aa18398ecb99ec58136fca5fc
ACTION SNIPPET 1200 497 SNIPPET_NOT_RELEVANT 3a44117e-987c-11e5-b499-76cbec161973
ACTION SNIPPET 1200 497 SNIPPET_NOT_RELEVANT 86b6872a-ee53-11e1-afd6-f55f84bc0c41
ACTION SNIPPET 1200 497 SNIPPET_NOT_RELEVANT aef05ddf08dfa335dcd5d33b9ee1e607
ACTION SNIPPET 1200 497 SNIPPET_NOT_RELEVANT 804c73a6873156514ee660da38cefa86
ACTION SNIPPET 1200 497 SNIPPET_NOT_RELEVANT 0d63948c-ec94-11e6-b4ff-ac2cf509efe5
ACTION SNIPPET 1200 497 SNIPPET_RELEVANT 09b3742e-fe9b-11e1-b153-218509a954e1
ACTION DOC 1200 517 EXAMINING_DOCUMENT 09b3742e-fe9b-11e1-b153-218509a954e1
ACTION MARK 1200 520 CONSIDERED_RELEVANT 09b3742e-fe9b-11e1-b153-218509a954e1
ACTION QUERY 1200 530 Antibiotic resistant bacteria
ACTION SERP 1200 535 EXAMINE_SERP
ACTION SNIPPET 1200 535 SNIPPET_RELEVANT 04dddf78-e728-11e6-b82f-687d6e6a3e7c
ACTION DOC 1200 555 EXAMINING_DOCUMENT 04dddf78-e728-11e6-b82f-687d6e6a3e7c
ACTION MARK 1200 558 CONSIDERED_RELEVANT 04dddf78-e728-11e6-b82f-687d6e6a3e7c
ACTION SNIPPET 1200 558 SNIPPET_NOT_RELEVANT 6dba5d98-f561-11e3-a08c-5779506f3051
ACTION SNIPPET 1200 558 SEEN_PREVIOUSLY 1845f7a51b4ff52843c4f91c5f82a85f
ACTION SNIPPET 1200 558 SNIPPET_NOT_RELEVANT 32c703470f414928355f7247064d9256
ACTION SNIPPET 1200 558 SNIPPET_NOT_RELEVANT 92bf0db3b3b1d57ba21e12fa1c18c916
ACTION SNIPPET 1200 558 SNIPPET_RELEVANT 20181c23e4fca31c20def173b193e394
ACTION DOC 1200 578 EXAMINING_DOCUMENT 20181c23e4fca31c20def173b193e394
ACTION MARK 1200 581 CONSIDERED_RELEVANT 20181c23e4fca31c20def173b193e394
ACTION SNIPPET 1200 581 SNIPPET_NOT_RELEVANT ba09cd4a-162b-11e6-9e16-2e5a123aac62
ACTION SNIPPET 1200 581 SNIPPET_NOT_RELEVANT 9d9a37025a16e4ce641f5fb81e6b770d
ACTION SNIPPET 1200 581 SNIPPET_NOT_RELEVANT 9d78bc26-aad1-11e3-98f6-8e3c562f9996
ACTION SNIPPET 1200 581 SNIPPET_NOT_RELEVANT 64f56c610c98913630ed50cb1ab6a669
ACTION SNIPPET 1200 581 SNIPPET_NOT_RELEVANT 1f7e8de0-9d0b-11e5-a3c5-c77f2cc5a43c
ACTION SNIPPET 1200 581 SNIPPET_NOT_RELEVANT feb4ee30-b649-11e5-a842-0feb51d1d124
ACTION SNIPPET 1200 581 SNIPPET_NOT_RELEVANT be03dfc9d7b43ff54fb93f5725fe1b88
ACTION SNIPPET 1200 581 SNIPPET_RELEVANT 2e9a7d2f62b379ced59b0313b286af00
ACTION DOC 1200 601 EXAMINING_DOCUMENT 2e9a7d2f62b379ced59b0313b286af00
ACTION MARK 1200 604 CONSIDERED_RELEVANT 2e9a7d2f62b379ced59b0313b286af00
ACTION SNIPPET 1200 604 SNIPPET_NOT_RELEVANT c94b1a6d9f562fa15a60a88c27248432
ACTION SNIPPET 1200 604 SNIPPET_RELEVANT 0a574ac315ce4e2b97ae8d420cfc5438
ACTION DOC 1200 624 EXAMINING_DOCUMENT 0a574ac315ce4e2b97ae8d420cfc5438
ACTION MARK 1200 627 CONSIDERED_RELEVANT 0a574ac315ce4e2b97ae8d420cfc5438
ACTION SNIPPET 1200 627 SEEN_PREVIOUSLY 9ec71b218b1d05b867ad3a69d3c13009
ACTION SNIPPET 1200 627 SNIPPET_RELEVANT df9a34da-a59a-11e4-a7c2-03d37af98440
ACTION DOC 1200 647 EXAMINING_DOCUMENT df9a34da-a59a-11e4-a7c2-03d37af98440
ACTION MARK 1200 650 CONSIDERED_RELEVANT df9a34da-a59a-11e4-a7c2-03d37af98440
ACTION QUERY 1200 660 MRSA spread prevention
ACTION SERP 1200 665 EXAMINE_SERP
ACTION SNIPPET 1200 665 SEEN_PREVIOUSLY 412cc2fe-c88d-11e2-9f1a-1a7cdee20287
ACTION SNIPPET 1200 665 SEEN_PREVIOUSLY 287f636890121570aa2b4f5cefad3325
ACTION SNIPPET 1200 665 SNIPPET_NOT_RELEVANT e3afdb62-1f06-11e4-82f9-2cd6fa8da5c4
ACTION SNIPPET 1200 665 SEEN_PREVIOUSLY bfdf129a2e6f055368a5529259c24bdb
ACTION SNIPPET 1200 665 SEEN_PREVIOUSLY b2d3f77ed4e0142e5a04b28b7672c14b
ACTION SNIPPET 1200 665 SNIPPET_NOT_RELEVANT c109cc839f2d2414251471c48ae5515c
ACTION SNIPPET 1200 665 SEEN_PREVIOUSLY 917a5c010debea15ebdac84badf2721a
ACTION SNIPPET 1200 665 SNIPPET_RELEVANT 06c25298250b0ce69483a6976acc6904
ACTION DOC 1200 685 EXAMINING_DOCUMENT 06c25298250b0ce69483a6976acc6904
ACTION MARK 1200 688 CONSIDERED_RELEVANT 06c25298250b0ce69483a6976acc6904
ACTION SNIPPET 1200 688 SNIPPET_NOT_RELEVANT 9d78bc26-aad1-11e3-98f6-8e3c562f9996
ACTION SNIPPET 1200 688 SEEN_PREVIOUSLY 4b86d6da78f8f340b6d827993d1aeaf0
ACTION SNIPPET 1200 688 SEEN_PREVIOUSLY d560d132562e18a08fec66192e20aed9
ACTION SNIPPET 1200 688 SEEN_PREVIOUSLY 386d737544191e6424d484a55e868bce
ACTION SNIPPET 1200 688 SNIPPET_NOT_RELEVANT b581f981dcbfd53dffcb81c012cd1171
ACTION SNIPPET 1200 688 SEEN_PREVIOUSLY 9ec71b218b1d05b867ad3a69d3c13009
ACTION SNIPPET 1200 688 SEEN_PREVIOUSLY 9765a51526c0dc3da269e5f6e4f9d45f
ACTION SNIPPET 1200 688 SNIPPET_NOT_RELEVANT 5f0cff50-6880-11e1-9210-0b8d0e6543cc
ACTION SNIPPET 1200 688 SEEN_PREVIOUSLY 8e359dde29d512a0fddf15447c4b282c
ACTION SNIPPET 1200 688 SNIPPET_NOT_RELEVANT cba51fd1390919c010bb925e17a0fed4
ACTION SNIPPET 1200 688 SEEN_PREVIOUSLY 3b317a839856497307a3dbbfe8735827
ACTION SNIPPET 1200 688 SEEN_PREVIOUSLY 02df2127503cb140ee4eac14b3f9361b
ACTION SNIPPET 1200 688 SNIPPET_NOT_RELEVANT 020cefc0-2199-11e4-958c-268a320a60ce
ACTION SNIPPET 1200 688 SNIPPET_NOT_RELEVANT 8fd9f938db053a768ac11138b1cad6c5
ACTION SNIPPET 1200 688 SNIPPET_NOT_RELEVANT 1955d6cac326d09caaa6681a0a97ea61
ACTION SNIPPET 1200 688 SNIPPET_NOT_RELEVANT 86b6872a-ee53-11e1-afd6-f55f84bc0c41
ACTION SNIPPET 1200 688 SNIPPET_NOT_RELEVANT 3b92b63833b0ff49ee7d70227f0d5ccc
ACTION SNIPPET 1200 688 SNIPPET_NOT_RELEVANT e70bcceb01ae9d6295cab72ff952f642
ACTION SNIPPET 1200 688 SNIPPET_NOT_RELEVANT 92a2fcda648819cc56afade0ad4739ef
ACTION SNIPPET 1200 688 SEEN_PREVIOUSLY 8967ed265a5e3aa97306683d2180a217
ACTION SNIPPET 1200 688 SNIPPET_NOT_RELEVANT ccbd4ed0aa10bda520a76c25b877e1db
ACTION SNIPPET 1200 688 SNIPPET_NOT_RELEVANT 286c9c1411c8e56d9df331280327c2f4
ACTION SNIPPET 1200 688 SNIPPET_NOT_RELEVANT e900b10aa18398ecb99ec58136fca5fc
ACTION SNIPPET 1200 688 SEEN_PREVIOUSLY 19251704-5beb-11e5-8e9e-dce8a2a2a679
ACTION SNIPPET 1200 688 SNIPPET_RELEVANT 96ac8922-2bda-11e6-9de3-6e6e7a14000c
ACTION DOC 1200 708 EXAMINING_DOCUMENT 96ac8922-2bda-11e6-9de3-6e6e7a14000c
ACTION MARK 1200 711 CONSIDERED_RELEVANT 96ac8922-2bda-11e6-9de3-6e6e7a14000c
ACTION SNIPPET 1200 711 SEEN_PREVIOUSLY 0f4f11f765cf38cb484ae7a9b622133a
ACTION SNIPPET 1200 711 SEEN_PREVIOUSLY ec608662-d53c-11e3-aae8-c2d44bd79778
ACTION SNIPPET 1200 711 SNIPPET_NOT_RELEVANT 9e8546d8-6a1f-11e1-b756-60ee4e23a039
ACTION SNIPPET 1200 711 SEEN_PREVIOUSLY dd9c4b8fbdfa2081b898a219a803bf05
ACTION SNIPPET 1200 711 SEEN_PREVIOUSLY 1845f7a51b4ff52843c4f91c5f82a85f
ACTION SNIPPET 1200 711 SNIPPET_NOT_RELEVANT a20f49b1329c3f3c9144813d6543e502
ACTION SNIPPET 1200 711 SNIPPET_RELEVANT 0fc67e79e3ebf15c610944c25b19abe4
ACTION DOC 1200 731 EXAMINING_DOCUMENT 0fc67e79e3ebf15c610944c25b19abe4
ACTION MARK 1200 734 CONSIDERED_RELEVANT 0fc67e79e3ebf15c610944c25b19abe4
ACTION SNIPPET 1200 734 SNIPPET_NOT_RELEVANT 417846f72f17d55b9d898c0ffc467681
ACTION SNIPPET 1200 734 SNIPPET_NOT_RELEVANT 38e94370-25a9-11e6-ae4a-3cdd5fe74204
ACTION SNIPPET 1200 734 SNIPPET_RELEVANT 74cc9f26bb720c026fd544507e66f7db
ACTION DOC 1200 754 EXAMINING_DOCUMENT 74cc9f26bb720c026fd544507e66f7db
ACTION MARK 1200 757 CONSIDERED_RELEVANT 74cc9f26bb720c026fd544507e66f7db
ACTION SNIPPET 1200 757 SNIPPET_NOT_RELEVANT 657f7604-4138-11e4-b0ea-8141703bbf6f
ACTION SNIPPET 1200 757 SEEN_PREVIOUSLY 04dddf78-e728-11e6-b82f-687d6e6a3e7c
ACTION SNIPPET 1200 757 SNIPPET_NOT_RELEVANT f0e5acac-59bb-11e1-8ffa-3040d73ab6c0
ACTION SNIPPET 1200 757 SNIPPET_NOT_RELEVANT 38c9ba93d46395fa4173505bc621104f
ACTION SNIPPET 1200 757 SNIPPET_NOT_RELEVANT bff299e0cdb58b0d13e94f6a6ebe31d0
ACTION SNIPPET 1200 757 SNIPPET_NOT_RELEVANT b27421dc-19b3-11e4-9e3b-7f2f110c6265
ACTION SNIPPET 1200 757 SNIPPET_NOT_RELEVANT 480aa5e93041113bcd363f3c5d3d4729
ACTION SNIPPET 1200 757 SNIPPET_NOT_RELEVANT 9a962270bc2e27c8aa2f887c7b79511a
ACTION SNIPPET 1200 757 SNIPPET_NOT_RELEVANT ae6ebcc6c265f06ba8a0b460af21116d
ACTION SNIPPET 1200 757 SNIPPET_NOT_RELEVANT 3a44117e-987c-11e5-b499-76cbec161973
ACTION SNIPPET 1200 757 SNIPPET_NOT_RELEVANT 2588a7ba-829f-11e5-8ba6-cec48b74b2a7
ACTION SNIPPET 1200 757 SNIPPET_NOT_RELEVANT fdfaa7c2aa8eebc31a31988e6a79dcf2
ACTION SNIPPET 1200 757 SNIPPET_NOT_RELEVANT fed52e63e9a6cac8ddab007564871fc1
ACTION SNIPPET 1200 757 SNIPPET_NOT_RELEVANT 4b538a432d70c618de96dcfa22976e6b
ACTION SNIPPET 1200 757 SNIPPET_NOT_RELEVANT afc554076c3536937b4617b2dfe044e9
ACTION SNIPPET 1200 757 SNIPPET_NOT_RELEVANT a57e662d2cf20e63aca650ce54fbfdab
ACTION SNIPPET 1200 757 SNIPPET_NOT_RELEVANT b11e21aa-0e23-11e6-a6b6-2e6de3695b0e
ACTION SNIPPET 1200 757 SNIPPET_NOT_RELEVANT 8dbc7fd3b7b292926ae6062a48fe875c
ACTION SNIPPET 1200 757 SNIPPET_NOT_RELEVANT b4d76260-5b27-11e6-831d-0324760ca856
ACTION SNIPPET 1200 757 SNIPPET_NOT_RELEVANT 37586405614ec67dac92ae61347d6d8e
ACTION SNIPPET 1200 757 SNIPPET_NOT_RELEVANT cf6b7c8f70aeaaeafd6ca18701215c98
ACTION SNIPPET 1200 757 SNIPPET_NOT_RELEVANT 7b50b89cd79736dea2cdd81fb41d4534
ACTION SNIPPET 1200 757 SNIPPET_NOT_RELEVANT e8c36246-fb71-11e1-b153-218509a954e1
ACTION SNIPPET 1200 757 SNIPPET_NOT_RELEVANT bcec5af819f8b593acc84ff1996f1945
ACTION SNIPPET 1200 757 SNIPPET_NOT_RELEVANT eee08850-5ee0-11e4-8b9e-2ccdac31a031
ACTION SNIPPET 1200 757 SNIPPET_NOT_RELEVANT 8e63fda1f8aba09e88fdc1b248f8e40f
ACTION SNIPPET 1200 757 SNIPPET_NOT_RELEVANT 23d0bca7f6e0e361aa6445501208acdd
ACTION SNIPPET 1200 757 SNIPPET_NOT_RELEVANT 8ed82d48-130a-11e6-93ae-50921721165d
ACTION SNIPPET 1200 757 SNIPPET_NOT_RELEVANT 250d0fb4e71479804368b55377f22ff7
ACTION SNIPPET 1200 757 SNIPPET_NOT_RELEVANT 0db02f58-fb59-11e1-b2af-1f7d12fe907a
ACTION SNIPPET 1200 757 SNIPPET_NOT_RELEVANT 9fd94188-8088-11e4-9f38-95a187e4c1f7
ACTION SNIPPET 1200 757 SNIPPET_NOT_RELEVANT 41e2245ac0c7b765b69187dccc927a7b
ACTION SNIPPET 1200 757 SNIPPET_NOT_RELEVANT ac78278c488e274e4ad5e2d19fb5dd20
ACTION SNIPPET 1200 757 SNIPPET_NOT_RELEVANT 32c703470f414928355f7247064d9256
ACTION SNIPPET 1200 757 SNIPPET_NOT_RELEVANT 2169254b256eb94db26cbe943d1a7940
ACTION SNIPPET 1200 757 SNIPPET_NOT_RELEVANT 7111275a3a22b3b88bf54b7d03b4f945
ACTION SNIPPET 1200 757 SNIPPET_NOT_RELEVANT 12f771bd0567a9bcc8539853a6b7c0d7
ACTION SNIPPET 1200 757 SNIPPET_NOT_RELEVANT c94b1a6d9f562fa15a60a88c27248432
ACTION SNIPPET 1200 757 SNIPPET_NOT_RELEVANT 7f7e99b6-b0b1-11e4-854b-a38d13486ba1
ACTION SNIPPET 1200 757 SNIPPET_NOT_RELEVANT 5859f0453bebe4cfa88d4e96929ffa95
ACTION SNIPPET 1200 757 SNIPPET_RELEVANT 1047d3f81c1a4784859996c63e80253c
ACTION DOC 1200 777 EXAMINING_DOCUMENT 1047d3f81c1a4784859996c63e80253c
ACTION MARK 1200 780 CONSIDERED_RELEVANT 1047d3f81c1a4784859996c63e80253c
ACTION QUERY 1200 790 Hospital acquired MRSA
ACTION SERP 1200 795 EXAMINE_SERP
ACTION SNIPPET 1200 795 SEEN_PREVIOUSLY 917a5c010debea15ebdac84badf2721a
ACTION SNIPPET 1200 795 SEEN_PREVIOUSLY 412cc2fe-c88d-11e2-9f1a-1a7cdee20287
ACTION SNIPPET 1200 795 SEEN_PREVIOUSLY dd9c4b8fbdfa2081b898a219a803bf05
ACTION SNIPPET 1200 795 SNIPPET_NOT_RELEVANT 5f0cff50-6880-11e1-9210-0b8d0e6543cc
ACTION SNIPPET 1200 795 SNIPPET_NOT_RELEVANT cba51fd1390919c010bb925e17a0fed4
ACTION SNIPPET 1200 795 SEEN_PREVIOUSLY 8e359dde29d512a0fddf15447c4b282c
ACTION SNIPPET 1200 795 SEEN_PREVIOUSLY 4b86d6da78f8f340b6d827993d1aeaf0
ACTION SNIPPET 1200 795 SEEN_PREVIOUSLY d560d132562e18a08fec66192e20aed9
ACTION SNIPPET 1200 795 SNIPPET_NOT_RELEVANT e3afdb62-1f06-11e4-82f9-2cd6fa8da5c4
ACTION SNIPPET 1200 795 SEEN_PREVIOUSLY 19251704-5beb-11e5-8e9e-dce8a2a2a679
ACTION SNIPPET 1200 795 SEEN_PREVIOUSLY 287f636890121570aa2b4f5cefad3325
ACTION SNIPPET 1200 795 SEEN_PREVIOUSLY 3b317a839856497307a3dbbfe8735827
ACTION SNIPPET 1200 795 SEEN_PREVIOUSLY bfdf129a2e6f055368a5529259c24bdb
ACTION SNIPPET 1200 795 SEEN_PREVIOUSLY b2d3f77ed4e0142e5a04b28b7672c14b
ACTION SNIPPET 1200 795 SNIPPET_NOT_RELEVANT c109cc839f2d2414251471c48ae5515c
ACTION SNIPPET 1200 795 SNIPPET_NOT_RELEVANT 9e8546d8-6a1f-11e1-b756-60ee4e23a039
ACTION SNIPPET 1200 795 SNIPPET_NOT_RELEVANT b581f981dcbfd53dffcb81c012cd1171
ACTION SNIPPET 1200 795 SEEN_PREVIOUSLY ec608662-d53c-11e3-aae8-c2d44bd79778
ACTION SNIPPET 1200 795 SEEN_PREVIOUSLY 386d737544191e6424d484a55e868bce
ACTION SNIPPET 1200 795 SNIPPET_NOT_RELEVANT 9d78bc26-aad1-11e3-98f6-8e3c562f9996
ACTION SNIPPET 1200 795 SNIPPET_NOT_RELEVANT a20f49b1329c3f3c9144813d6543e502
ACTION SNIPPET 1200 795 SEEN_PREVIOUSLY 02df2127503cb140ee4eac14b3f9361b
ACTION SNIPPET 1200 795 SEEN_PREVIOUSLY 1845f7a51b4ff52843c4f91c5f82a85f
ACTION SNIPPET 1200 795 SEEN_PREVIOUSLY 9ec71b218b1d05b867ad3a69d3c13009
ACTION SNIPPET 1200 795 SEEN_PREVIOUSLY 0f4f11f765cf38cb484ae7a9b622133a
ACTION SNIPPET 1200 795 SNIPPET_NOT_RELEVANT 86b6872a-ee53-11e1-afd6-f55f84bc0c41
ACTION SNIPPET 1200 795 SNIPPET_NOT_RELEVANT 3b92b63833b0ff49ee7d70227f0d5ccc
ACTION SNIPPET 1200 795 SNIPPET_NOT_RELEVANT 8fd9f938db053a768ac11138b1cad6c5
ACTION SNIPPET 1200 795 SNIPPET_NOT_RELEVANT f9db8e0e-0338-11e2-9132-f2750cd65f97
ACTION SNIPPET 1200 795 SNIPPET_NOT_RELEVANT 6117599a-fa02-11e5-813a-90ab563f0dde
ACTION SNIPPET 1200 795 SNIPPET_NOT_RELEVANT c7ac6f6d4edcab382449bddd0c8d3c46
ACTION SNIPPET 1200 795 SNIPPET_NOT_RELEVANT 38e94370-25a9-11e6-ae4a-3cdd5fe74204
ACTION SNIPPET 1200 795 SEEN_PREVIOUSLY 06c25298250b0ce69483a6976acc6904
ACTION SNIPPET 1200 795 SNIPPET_NOT_RELEVANT 3f5166c2-fae8-11e3-8176-f2c941cf35f1
ACTION SNIPPET 1200 795 SNIPPET_NOT_RELEVANT b6a08072-f5bb-11e4-b2f3-af5479e6bbdd
ACTION SNIPPET 1200 795 SEEN_PREVIOUSLY 0fc67e79e3ebf15c610944c25b19abe4
ACTION SNIPPET 1200 795 SNIPPET_NOT_RELEVANT 5aba1384-da81-11e1-9745-d9ae6098d493
ACTION SNIPPET 1200 795 SNIPPET_NOT_RELEVANT 1e89decbae50e41c355a50cac0fd3b9e
ACTION SNIPPET 1200 795 SEEN_PREVIOUSLY 9765a51526c0dc3da269e5f6e4f9d45f
ACTION SNIPPET 1200 795 SNIPPET_NOT_RELEVANT 417846f72f17d55b9d898c0ffc467681
ACTION SNIPPET 1200 795 SNIPPET_NOT_RELEVANT d111176675abca0f9603455507cddeec
ACTION SNIPPET 1200 795 SEEN_PREVIOUSLY 74cc9f26bb720c026fd544507e66f7db
ACTION SNIPPET 1200 795 SNIPPET_NOT_RELEVANT a17f6ca4-1265-11e6-a9b5-bf703a5a7191
ACTION SNIPPET 1200 795 SNIPPET_NOT_RELEVANT 31d619b9532564d43e06058efa4ff91a
ACTION SNIPPET 1200 795 SNIPPET_NOT_RELEVANT 4f860422-67c3-11e1-ae17-a3ce76ec4751
ACTION SNIPPET 1200 795 SNIPPET_NOT_RELEVANT 32c61046-55f4-11e2-a613-ec8d394535c6
ACTION SNIPPET 1200 795 SNIPPET_NOT_RELEVANT 5716bbae-0a0f-11e5-a7ad-b430fc1d3f5c
ACTION SNIPPET 1200 795 SNIPPET_NOT_RELEVANT 059ed840-6be9-11e2-bd36-c0fe61a205f6
ACTION SNIPPET 1200 795 SNIPPET_NOT_RELEVANT ef32441f1af5dba2d5760cf196ef5e05
ACTION SNIPPET 1200 795 SNIPPET_NOT_RELEVANT 838ddcdc-ed50-11e1-9ddc-340d5efb1e9c
ACTION SNIPPET 1200 795 SNIPPET_NOT_RELEVANT bff299e0cdb58b0d13e94f6a6ebe31d0
ACTION SNIPPET 1200 795 SNIPPET_NOT_RELEVANT db6bbac2-55e3-11e2-a613-ec8d394535c6
ACTION SNIPPET 1200 795 SNIPPET_NOT_RELEVANT b7ae1472-20af-11e7-bb59-a74ccaf1d02f
ACTION SNIPPET 1200 795 SNIPPET_NOT_RELEVANT 3a44117e-987c-11e5-b499-76cbec161973
ACTION SNIPPET 1200 795 SNIPPET_NOT_RELEVANT 9fe76b93e5f48c2bd6785b24fbd70831
ACTION SNIPPET 1200 795 SNIPPET_NOT_RELEVANT 86fd7c98-bbea-11e1-9134-f33232e6dafa
ACTION SNIPPET 1200 795 SNIPPET_NOT_RELEVANT e2f1416bc1e3c23c2e2175bf07f271fe
ACTION SNIPPET 1200 795 SNIPPET_NOT_RELEVANT dcc6d5a0-1303-11e7-9e4f-09aa75d3ec57
ACTION SNIPPET 1200 795 SNIPPET_NOT_RELEVANT 419e44dc-818d-11e4-9f38-95a187e4c1f7
ACTION SNIPPET 1200 795 SNIPPET_NOT_RELEVANT a85c296c-f0bc-11e3-9ebc-2ee6f81ed217
ACTION SNIPPET 1200 795 SNIPPET_NOT_RELEVANT 3e222a41e0897924fb076e9617998556
ACTION SNIPPET 1200 795 SNIPPET_NOT_RELEVANT 60695ebadf86c95cb2daae72803aa78b
ACTION SNIPPET 1200 795 SNIPPET_NOT_RELEVANT 9fa08b6c-2775-11e3-b75d-5b7f66349852
ACTION SNIPPET 1200 795 SNIPPET_NOT_RELEVANT d399ffb0-b852-11e4-9423-f3d0a1ec335c
ACTION SNIPPET 1200 795 SNIPPET_NOT_RELEVANT 32c703470f414928355f7247064d9256
ACTION SNIPPET 1200 795 SNIPPET_NOT_RELEVANT 49245e08-5a98-11e2-88d0-c4cf65c3ad15
ACTION SNIPPET 1200 795 SNIPPET_NOT_RELEVANT c94b1a6d9f562fa15a60a88c27248432
ACTION SNIPPET 1200 795 SNIPPET_NOT_RELEVANT d1fe179c6e5e027a43b38e7932613336
ACTION SNIPPET 1200 795 SNIPPET_NOT_RELEVANT fd7c7a0faccf59047cbb148eae9ef94c
ACTION SNIPPET 1200 795 SNIPPET_RELEVANT 3848653b3bf04c831371b159bfad0067
ACTION DOC 1200 815 EXAMINING_DOCUMENT 3848653b3bf04c831371b159bfad0067
ACTION MARK 1200 818 CONSIDERED_RELEVANT 3848653b3bf04c831371b159bfad0067
ACTION SNIPPET 1200 818 SNIPPET_NOT_RELEVANT e50461a193ccd81568f12c247b094a6d
ACTION SNIPPET 1200 818 SNIPPET_NOT_RELEVANT 9c1fe52b782cc8630590371f0220506a
ACTION SNIPPET 1200 818 SNIPPET_NOT_RELEVANT 194c7ae5bf77f3fbf8f4f6d3514d7290
ACTION SNIPPET 1200 818 SNIPPET_NOT_RELEVANT d4d2d94eb3ce98ccb9ae19f83ad99047
ACTION SNIPPET 1200 818 SNIPPET_NOT_RELEVANT eabf1f8e-e99d-11e2-a301-ea5a8116d211
ACTION SNIPPET 1200 818 SNIPPET_NOT_RELEVANT a19b2840-6f07-11e7-b9e2-2056e768a7e5
ACTION SNIPPET 1200 818 SNIPPET_NOT_RELEVANT 5c59c75c-b13e-11e4-886b-c22184f27c35
ACTION SNIPPET 1200 818 SNIPPET_NOT_RELEVANT acd2a016-fc26-11e1-b153-218509a954e1
ACTION SNIPPET 1200 818 SNIPPET_NOT_RELEVANT 15bb0270-c0a9-11e2-8bd8-2788030e6b44
ACTION SNIPPET 1200 818 SNIPPET_NOT_RELEVANT a74b5e06-8978-11e6-875e-2c1bfe943b66
ACTION SNIPPET 1200 818 SNIPPET_NOT_RELEVANT 7cbed26a2766a7a23d71454a7897be7e
ACTION SNIPPET 1200 818 SNIPPET_NOT_RELEVANT bd4da51a-b148-11e4-827f-93f454140e2b
ACTION SNIPPET 1200 818 SEEN_PREVIOUSLY 09b3742e-fe9b-11e1-b153-218509a954e1
ACTION SNIPPET 1200 818 SNIPPET_NOT_RELEVANT aee78a5c8a81cd81a2dff732d5d7d770
ACTION SNIPPET 1200 818 SNIPPET_NOT_RELEVANT 921e58d2-994d-11e1-9c00-4876538800d6
ACTION SNIPPET 1200 818 SNIPPET_NOT_RELEVANT 2680c5286962d3acc85d92bc080768a0
ACTION SNIPPET 1200 818 SNIPPET_NOT_RELEVANT 35347f20-4862-11e1-9a35-ee3df431dcec
ACTION SNIPPET 1200 818 SNIPPET_NOT_RELEVANT 40c96d798e69ccffab78829b6e61f5b7
ACTION SNIPPET 1200 818 SNIPPET_NOT_RELEVANT 69a32648-bb97-11e4-8668-4e7ba8439ca6
ACTION SNIPPET 1200 818 SNIPPET_NOT_RELEVANT 44e174f6-8fb5-11e1-8317-bc55e8fdd4a2
ACTION SNIPPET 1200 818 SNIPPET_NOT_RELEVANT 491dd76a-e584-11e1-936a-b801f1abab19
ACTION SNIPPET 1200 818 SNIPPET_NOT_RELEVANT 9fa63bc8-3e7d-11e4-b03f-de718edeb92f
ACTION SNIPPET 1200 818 SNIPPET_NOT_RELEVANT 9c47dedc-ddb2-11e2-b797-cbd4cb13f9c6
ACTION SNIPPET 1200 818 SNIPPET_NOT_RELEVANT ccbd4ed0aa10bda520a76c25b877e1db
ACTION SNIPPET 1200 818 SNIPPET_NOT_RELEVANT e900b10aa18398ecb99ec58136fca5fc
ACTION SNIPPET 1200 818 SNIPPET_NOT_RELEVANT 286c9c1411c8e56d9df331280327c2f4
ACTION SNIPPET 1200 818 SNIPPET_NOT_RELEVANT e70bcceb01ae9d6295cab72ff952f642
ACTION SNIPPET 1200 818 SEEN_PREVIOUSLY 8967ed265a5e3aa97306683d2180a217
ACTION SNIPPET 1200 818 SNIPPET_NOT_RELEVANT 92a2fcda648819cc56afade0ad4739ef
ACTION SNIPPET 1200 818 SNIPPET_NOT_RELEVANT 1307cdbe-ab19-11e3-98f6-8e3c562f9996
INFO SERP_END_REACHED 
ACTION QUERY 1200 828 MRSA disinfection
ACTION SERP 1200 833 EXAMINE_SERP
ACTION SNIPPET 1200 833 SEEN_PREVIOUSLY 06c25298250b0ce69483a6976acc6904
ACTION SNIPPET 1200 833 SNIPPET_NOT_RELEVANT e3afdb62-1f06-11e4-82f9-2cd6fa8da5c4
ACTION SNIPPET 1200 833 SEEN_PREVIOUSLY 287f636890121570aa2b4f5cefad3325
ACTION SNIPPET 1200 833 SEEN_PREVIOUSLY 8e359dde29d512a0fddf15447c4b282c
ACTION SNIPPET 1200 833 SEEN_PREVIOUSLY 917a5c010debea15ebdac84badf2721a
ACTION SNIPPET 1200 833 SEEN_PREVIOUSLY 4b86d6da78f8f340b6d827993d1aeaf0
ACTION SNIPPET 1200 833 SEEN_PREVIOUSLY bfdf129a2e6f055368a5529259c24bdb
ACTION SNIPPET 1200 833 SEEN_PREVIOUSLY b2d3f77ed4e0142e5a04b28b7672c14b
ACTION SNIPPET 1200 833 SNIPPET_NOT_RELEVANT c109cc839f2d2414251471c48ae5515c
ACTION SNIPPET 1200 833 SEEN_PREVIOUSLY 412cc2fe-c88d-11e2-9f1a-1a7cdee20287
ACTION SNIPPET 1200 833 SEEN_PREVIOUSLY d560d132562e18a08fec66192e20aed9
ACTION SNIPPET 1200 833 SEEN_PREVIOUSLY 386d737544191e6424d484a55e868bce
ACTION SNIPPET 1200 833 SNIPPET_NOT_RELEVANT cba51fd1390919c010bb925e17a0fed4
ACTION SNIPPET 1200 833 SEEN_PREVIOUSLY 02df2127503cb140ee4eac14b3f9361b
ACTION SNIPPET 1200 833 SEEN_PREVIOUSLY 9ec71b218b1d05b867ad3a69d3c13009
ACTION SNIPPET 1200 833 SNIPPET_NOT_RELEVANT 7fa9dfca-4033-11e4-b03f-de718edeb92f
ACTION SNIPPET 1200 833 SNIPPET_NOT_RELEVANT 8fd9f938db053a768ac11138b1cad6c5
ACTION SNIPPET 1200 833 SNIPPET_NOT_RELEVANT 5f0cff50-6880-11e1-9210-0b8d0e6543cc
ACTION SNIPPET 1200 833 SNIPPET_NOT_RELEVANT 3b257226-bb66-11e3-9a05-c739f29ccb08
ACTION SNIPPET 1200 833 SNIPPET_NOT_RELEVANT 57d7468e-4337-11e4-b47c-f5889e061e5f
ACTION SNIPPET 1200 833 SNIPPET_NOT_RELEVANT 842792ea33ade9e1f7cfc81af2077373
ACTION SNIPPET 1200 833 SEEN_PREVIOUSLY 19251704-5beb-11e5-8e9e-dce8a2a2a679
ACTION SNIPPET 1200 833 SNIPPET_NOT_RELEVANT a881dd58-a6b5-11e2-b029-8fb7e977ef71
ACTION SNIPPET 1200 833 SNIPPET_NOT_RELEVANT cd2e349c-18c1-11e4-9349-84d4a85be981
ACTION SNIPPET 1200 833 SNIPPET_NOT_RELEVANT 9d78bc26-aad1-11e3-98f6-8e3c562f9996
ACTION SNIPPET 1200 833 SNIPPET_NOT_RELEVANT ace80872-9bcf-11e2-9bda-edd1a7fb557d
ACTION SNIPPET 1200 833 SNIPPET_NOT_RELEVANT 0ac48035f2a6af9d9f0e0a88de71b9f6
ACTION SNIPPET 1200 833 SNIPPET_NOT_RELEVANT 2b1fb19fa4aa43c8b91662a8784589a0
ACTION SNIPPET 1200 833 SNIPPET_NOT_RELEVANT f59ffd98-7d58-11e3-95c6-0a7aa80874bc
ACTION SNIPPET 1200 833 SEEN_PREVIOUSLY ec608662-d53c-11e3-aae8-c2d44bd79778
ACTION SNIPPET 1200 833 SNIPPET_NOT_RELEVANT 9e8546d8-6a1f-11e1-b756-60ee4e23a039
ACTION SNIPPET 1200 833 SNIPPET_NOT_RELEVANT 18f2b714d43c025cdedfd9181536dba3
ACTION SNIPPET 1200 833 SEEN_PREVIOUSLY 1845f7a51b4ff52843c4f91c5f82a85f
ACTION SNIPPET 1200 833 SNIPPET_NOT_RELEVANT a20f49b1329c3f3c9144813d6543e502
ACTION SNIPPET 1200 833 SNIPPET_NOT_RELEVANT 301f96ac-00f3-11e6-b823-707c79ce3504
ACTION SNIPPET 1200 833 SNIPPET_NOT_RELEVANT 5486cda172b7caa947ee4a38f2084d19
ACTION SNIPPET 1200 833 SNIPPET_NOT_RELEVANT 15ca4cee-a92e-11e3-8d62-419db477a0e6
ACTION SNIPPET 1200 833 SEEN_PREVIOUSLY 0fc67e79e3ebf15c610944c25b19abe4
ACTION SNIPPET 1200 833 SNIPPET_NOT_RELEVANT 56bd9c80-cbd2-11e3-b81a-6fff56bc591e
ACTION SNIPPET 1200 833 SEEN_PREVIOUSLY 3b317a839856497307a3dbbfe8735827
ACTION SNIPPET 1200 833 SEEN_PREVIOUSLY 9765a51526c0dc3da269e5f6e4f9d45f
ACTION SNIPPET 1200 833 SNIPPET_NOT_RELEVANT 417846f72f17d55b9d898c0ffc467681
ACTION SNIPPET 1200 833 SNIPPET_NOT_RELEVANT 9e125535856af54bd4cc83f0cbfab897
ACTION SNIPPET 1200 833 SNIPPET_NOT_RELEVANT 09af15ca-1e02-11e6-9c81-4be1c14fb8c8
ACTION SNIPPET 1200 833 SEEN_PREVIOUSLY 74cc9f26bb720c026fd544507e66f7db
ACTION SNIPPET 1200 833 SNIPPET_NOT_RELEVANT b581f981dcbfd53dffcb81c012cd1171
ACTION SNIPPET 1200 833 SNIPPET_NOT_RELEVANT 9095aaa0-d381-11e2-b05f-3ea3f0e7bb5a
ACTION SNIPPET 1200 833 SNIPPET_NOT_RELEVANT a6485ea4-ea2c-11e6-b82f-687d6e6a3e7c
ACTION SNIPPET 1200 833 SNIPPET_NOT_RELEVANT 75fbe960-0a0d-11e5-9e39-0db921c47b93
ACTION SNIPPET 1200 833 SNIPPET_NOT_RELEVANT 345511b4-eb3a-11e3-93d2-edd4be1f5d9e
ACTION SNIPPET 1200 833 SNIPPET_NOT_RELEVANT bff299e0cdb58b0d13e94f6a6ebe31d0
ACTION SNIPPET 1200 833 SNIPPET_NOT_RELEVANT 6f9bc454-cdaf-11e4-a2a7-9517a3a70506
ACTION SNIPPET 1200 833 SNIPPET_NOT_RELEVANT 79040f1d1e775495f76875ecadb70a2a
ACTION SNIPPET 1200 833 SNIPPET_NOT_RELEVANT 3a44117e-987c-11e5-b499-76cbec161973
ACTION SNIPPET 1200 833 SNIPPET_NOT_RELEVANT fd1f4ee8-8ac7-11e4-a085-34e9b9f09a58
ACTION SNIPPET 1200 833 SNIPPET_NOT_RELEVANT 83623da6-7b9f-11e2-a044-676856536b40
ACTION SNIPPET 1200 833 SNIPPET_NOT_RELEVANT b5930ad12f6f6d3aef169912e5ab3973
ACTION SNIPPET 1200 833 SNIPPET_NOT_RELEVANT d26c415c-8e3e-11e1-a787-6ecf005d6112
ACTION SNIPPET 1200 833 SNIPPET_NOT_RELEVANT 958ae9b6-b7b8-11e1-b59a-a9e0667defb7
ACTION SNIPPET 1200 833 SNIPPET_NOT_RELEVANT 74805672-5848-11e1-a0b0-4cc207a286f0
ACTION SNIPPET 1200 833 SNIPPET_NOT_RELEVANT 1227ca57198a9ae64eeb6bfe59933217
ACTION SNIPPET 1200 833 SNIPPET_NOT_RELEVANT 42204ca79acee281ca3cbc487e6cfd05
ACTION SNIPPET 1200 833 SNIPPET_NOT_RELEVANT a1554226-6260-11e1-bb4a-e30a00e78ff4
ACTION SNIPPET 1200 833 SNIPPET_NOT_RELEVANT 997d77d5374cf51162caf1937a43bff3
ACTION SNIPPET 1200 833 SNIPPET_NOT_RELEVANT 79e2168c-fe22-11e3-932c-0a55b81f48ce
ACTION SNIPPET 1200 833 SNIPPET_NOT_RELEVANT 32c703470f414928355f7247064d9256
ACTION SNIPPET 1200 833 SNIPPET_NOT_RELEVANT 8e90adf4a786bc742f4e83885c637606
ACTION SNIPPET 1200 833 SNIPPET_NOT_RELEVANT fd96ccf419d2e048f05984cf712292f3
ACTION SNIPPET 1200 833 SNIPPET_NOT_RELEVANT 954ec7a6c8074c4b79b31ab167f2fabd
ACTION SNIPPET 1200 833 SNIPPET_NOT_RELEVANT c94b1a6d9f562fa15a60a88c27248432
ACTION SNIPPET 1200 833 SNIPPET_NOT_RELEVANT 905925f08caa3cc612e8bca99c17a7c4
ACTION SNIPPET 1200 833 SNIPPET_NOT_RELEVANT a48cf77a-6dd1-11e4-893f-86bd390a3340
ACTION SNIPPET 1200 833 SNIPPET_NOT_RELEVANT 15a49a2c-b84f-11e4-a200-c008a01a6692
ACTION SNIPPET 1200 833 SNIPPET_NOT_RELEVANT e50461a193ccd81568f12c247b094a6d
ACTION SNIPPET 1200 833 SNIPPET_NOT_RELEVANT 83eba0b54a624362ab9dd72dd866c9a1
ACTION SNIPPET 1200 833 SNIPPET_NOT_RELEVANT 0d92a1d96ac807b43c4e2704cd1457d1
ACTION SNIPPET 1200 833 SNIPPET_NOT_RELEVANT 2ffba749a3719fc7060e88278e0707ec
ACTION SNIPPET 1200 833 SNIPPET_NOT_RELEVANT 758f2d147bfaf86e0544648017a5c0ba
ACTION SNIPPET 1200 833 SNIPPET_NOT_RELEVANT 153842cc-6200-11e5-b38e-06883aacba64
ACTION SNIPPET 1200 833 SNIPPET_NOT_RELEVANT 1eed3172-ef19-11e6-b4ff-ac2cf509efe5
ACTION SNIPPET 1200 833 SNIPPET_NOT_RELEVANT 73746f90278b377f14b1ac2f8b9bcded
ACTION SNIPPET 1200 833 SNIPPET_NOT_RELEVANT faf82396888e44261624f43d9d51b184
ACTION SNIPPET 1200 833 SNIPPET_NOT_RELEVANT ac697d4e9b0525ae3bdce8aec14d9ee2
ACTION SNIPPET 1200 833 SNIPPET_NOT_RELEVANT e3c2a0492acf1c1d5dcfda03a1cd525b
ACTION SNIPPET 1200 833 SEEN_PREVIOUSLY 0f4f11f765cf38cb484ae7a9b622133a
ACTION SNIPPET 1200 833 SNIPPET_NOT_RELEVANT 515f460316b17041ecc4a2e9d34fc32f
ACTION SNIPPET 1200 833 SNIPPET_NOT_RELEVANT 30f240022097368f4fbe6671703c3044
ACTION SNIPPET 1200 833 SEEN_PREVIOUSLY dd9c4b8fbdfa2081b898a219a803bf05
ACTION SNIPPET 1200 833 SNIPPET_NOT_RELEVANT a9940b22e0b63658786ac53792e344b7
ACTION SNIPPET 1200 833 SNIPPET_NOT_RELEVANT 0c8e838d35f916378919158727541b15
ACTION SNIPPET 1200 833 SNIPPET_NOT_RELEVANT 9fa6bdbe-0262-11e6-b823-707c79ce3504
ACTION SNIPPET 1200 833 SNIPPET_NOT_RELEVANT ffe89e6ad5e66068617254e9bcc8f69e
ACTION SNIPPET 1200 833 SNIPPET_NOT_RELEVANT aac85046-4435-11e4-b47c-f5889e061e5f
ACTION SNIPPET 1200 833 SNIPPET_NOT_RELEVANT 86b6872a-ee53-11e1-afd6-f55f84bc0c41
ACTION SNIPPET 1200 833 SNIPPET_NOT_RELEVANT c6c2fdc2-58b7-11e5-8bb1-b488d231bba2
ACTION SNIPPET 1200 833 SNIPPET_NOT_RELEVANT 46f0cf8a-aaf2-11e3-98f6-8e3c562f9996
ACTION SNIPPET 1200 833 SNIPPET_NOT_RELEVANT 32ff2414-53cf-11e4-892e-602188e70e9c
ACTION SNIPPET 1200 833 SNIPPET_NOT_RELEVANT 7ba7a2402e26142180fee1dd752d0ac0
ACTION SNIPPET 1200 833 SNIPPET_NOT_RELEVANT 2c0b5d8c-d3e8-11e4-ab77-9646eea6a4c7
ACTION SNIPPET 1200 833 SNIPPET_RELEVANT 391a484c-c22c-11e6-8422-eac61c0ef74d
ACTION DOC 1200 853 EXAMINING_DOCUMENT 391a484c-c22c-11e6-8422-eac61c0ef74d
ACTION MARK 1200 856 CONSIDERED_RELEVANT 391a484c-c22c-11e6-8422-eac61c0ef74d
INFO SERP_END_REACHED 
ACTION QUERY 1200 866 Hand hygiene MRSA
ACTION SERP 1200 871 EXAMINE_SERP
ACTION SNIPPET 1200 871 SEEN_PREVIOUSLY 4b86d6da78f8f340b6d827993d1aeaf0
ACTION SNIPPET 1200 871 SNIPPET_NOT_RELEVANT b581f981dcbfd53dffcb81c012cd1171
ACTION SNIPPET 1200 871 SNIPPET_NOT_RELEVANT e3afdb62-1f06-11e4-82f9-2cd6fa8da5c4
ACTION SNIPPET 1200 871 SEEN_PREVIOUSLY d560d132562e18a08fec66192e20aed9
ACTION SNIPPET 1200 871 SEEN_PREVIOUSLY 287f636890121570aa2b4f5cefad3325
ACTION SNIPPET 1200 871 SEEN_PREVIOUSLY 8e359dde29d512a0fddf15447c4b282c
ACTION SNIPPET 1200 871 SEEN_PREVIOUSLY 917a5c010debea15ebdac84badf2721a
ACTION SNIPPET 1200 871 SEEN_PREVIOUSLY bfdf129a2e6f055368a5529259c24bdb
ACTION SNIPPET 1200 871 SEEN_PREVIOUSLY b2d3f77ed4e0142e5a04b28b7672c14b
ACTION SNIPPET 1200 871 SNIPPET_NOT_RELEVANT c109cc839f2d2414251471c48ae5515c
ACTION SNIPPET 1200 871 SEEN_PREVIOUSLY 412cc2fe-c88d-11e2-9f1a-1a7cdee20287
ACTION SNIPPET 1200 871 SEEN_PREVIOUSLY 386d737544191e6424d484a55e868bce
ACTION SNIPPET 1200 871 SNIPPET_NOT_RELEVANT cba51fd1390919c010bb925e17a0fed4
ACTION SNIPPET 1200 871 SNIPPET_NOT_RELEVANT 9d78bc26-aad1-11e3-98f6-8e3c562f9996
ACTION SNIPPET 1200 871 SEEN_PREVIOUSLY 06c25298250b0ce69483a6976acc6904
ACTION SNIPPET 1200 871 SEEN_PREVIOUSLY 02df2127503cb140ee4eac14b3f9361b
ACTION SNIPPET 1200 871 SEEN_PREVIOUSLY 9ec71b218b1d05b867ad3a69d3c13009
ACTION SNIPPET 1200 871 SNIPPET_NOT_RELEVANT 8fd9f938db053a768ac11138b1cad6c5
ACTION SNIPPET 1200 871 SEEN_PREVIOUSLY 0fc67e79e3ebf15c610944c25b19abe4
ACTION SNIPPET 1200 871 SEEN_PREVIOUSLY 3b317a839856497307a3dbbfe8735827
ACTION SNIPPET 1200 871 SEEN_PREVIOUSLY ec608662-d53c-11e3-aae8-c2d44bd79778
ACTION SNIPPET 1200 871 SNIPPET_NOT_RELEVANT 033d1fd925588fcb855abe1f19d27965
ACTION SNIPPET 1200 871 SNIPPET_NOT_RELEVANT 5f0cff50-6880-11e1-9210-0b8d0e6543cc
ACTION SNIPPET 1200 871 SEEN_PREVIOUSLY 1845f7a51b4ff52843c4f91c5f82a85f
ACTION SNIPPET 1200 871 SNIPPET_NOT_RELEVANT 2588a7ba-829f-11e5-8ba6-cec48b74b2a7
ACTION SNIPPET 1200 871 SNIPPET_NOT_RELEVANT 32c703470f414928355f7247064d9256
ACTION SNIPPET 1200 871 SNIPPET_NOT_RELEVANT 3a44117e-987c-11e5-b499-76cbec161973
ACTION SNIPPET 1200 871 SNIPPET_NOT_RELEVANT 99957f32-3ca0-11e6-80bc-d06711fd2125
ACTION SNIPPET 1200 871 SNIPPET_NOT_RELEVANT 9e6d4764-84e9-11e2-999e-5f8e0410cb9d
ACTION SNIPPET 1200 871 SNIPPET_NOT_RELEVANT 9e8546d8-6a1f-11e1-b756-60ee4e23a039
ACTION SNIPPET 1200 871 SNIPPET_NOT_RELEVANT a20f49b1329c3f3c9144813d6543e502
ACTION SNIPPET 1200 871 SNIPPET_NOT_RELEVANT 916c15692729c255117f42c2324fadd0
ACTION SNIPPET 1200 871 SNIPPET_NOT_RELEVANT 415d509e-1bbd-11e3-8685-5021e0c41964
ACTION SNIPPET 1200 871 SNIPPET_NOT_RELEVANT 74f51ab6-8341-11e5-8bd2-680fff868306
ACTION SNIPPET 1200 871 SNIPPET_NOT_RELEVANT cc07ad723c6067cfe6818173e7360edc
ACTION SNIPPET 1200 871 SNIPPET_NOT_RELEVANT a43e29fbf20a2f44c2b424f03809648d
ACTION SNIPPET 1200 871 SNIPPET_NOT_RELEVANT 2485c7e2-b0db-11e1-a474-1d6470acef29
ACTION SNIPPET 1200 871 SNIPPET_NOT_RELEVANT d13712f6-2cd4-11e6-b9d5-3c3063f8332c
ACTION SNIPPET 1200 871 SEEN_PREVIOUSLY 9765a51526c0dc3da269e5f6e4f9d45f
ACTION SNIPPET 1200 871 SNIPPET_NOT_RELEVANT 417846f72f17d55b9d898c0ffc467681
ACTION SNIPPET 1200 871 SNIPPET_NOT_RELEVANT 772482f64cae402e36559a3fa86cc2a4
ACTION SNIPPET 1200 871 SNIPPET_NOT_RELEVANT f2a2266c-0df2-11e5-adec-e82f8395c032
ACTION SNIPPET 1200 871 SNIPPET_NOT_RELEVANT 842792ea33ade9e1f7cfc81af2077373
ACTION SNIPPET 1200 871 SEEN_PREVIOUSLY 74cc9f26bb720c026fd544507e66f7db
ACTION SNIPPET 1200 871 SNIPPET_NOT_RELEVANT b958a7160770f6ecb557f687bab6a031
ACTION SNIPPET 1200 871 SNIPPET_NOT_RELEVANT 0278c68a-15bb-11e4-9e3b-7f2f110c6265
ACTION SNIPPET 1200 871 SNIPPET_NOT_RELEVANT ba9bc6b093aba4aa6ad0f2ecd6bb90d4
ACTION SNIPPET 1200 871 SNIPPET_NOT_RELEVANT 13c37fd18f20fa7eca0b519098422c54
ACTION SNIPPET 1200 871 SEEN_PREVIOUSLY 0f4f11f765cf38cb484ae7a9b622133a
ACTION SNIPPET 1200 871 SNIPPET_NOT_RELEVANT 44a4221d606823977860ccc0ec2cb7ff
ACTION SNIPPET 1200 871 SNIPPET_NOT_RELEVANT 40d18b3a-dacc-11e3-8009-71de85b9c527
ACTION SNIPPET 1200 871 SNIPPET_NOT_RELEVANT ccafd446-ab6b-11e6-977a-1030f822fc35
ACTION SNIPPET 1200 871 SNIPPET_NOT_RELEVANT d70e2a70-1fc6-11e3-8459-657e0c72fec8
ACTION SNIPPET 1200 871 SNIPPET_NOT_RELEVANT 653db50f8a23740324eb7ce1dc7cf4f6
ACTION SNIPPET 1200 871 SNIPPET_NOT_RELEVANT a6d459ababf10a4e72ade96cc4de804f
ACTION SNIPPET 1200 871 SNIPPET_NOT_RELEVANT d0e834bc-df92-11e6-918c-99ede3c8cafa
ACTION SNIPPET 1200 871 SNIPPET_NOT_RELEVANT e743bdc2-a56e-11e4-a7c2-03d37af98440
ACTION SNIPPET 1200 871 SNIPPET_NOT_RELEVANT bff299e0cdb58b0d13e94f6a6ebe31d0
ACTION SNIPPET 1200 871 SNIPPET_NOT_RELEVANT 4b1cf952-9e69-11e3-878c-65222df220eb
ACTION SNIPPET 1200 871 SNIPPET_NOT_RELEVANT 113b1c0c-f84c-11e5-8b23-538270a1ca31
ACTION SNIPPET 1200 871 SNIPPET_NOT_RELEVANT 6ed5e75b34dd39b924c30c552c21b380
ACTION SNIPPET 1200 871 SNIPPET_NOT_RELEVANT 3b257226-bb66-11e3-9a05-c739f29ccb08
ACTION SNIPPET 1200 871 SNIPPET_NOT_RELEVANT 81e08ceb0ae0ccecbbe13b987a3821e9
ACTION SNIPPET 1200 871 SNIPPET_NOT_RELEVANT fee7fdf6-ab2c-11e1-93e5-222602b337cd
ACTION SNIPPET 1200 871 SNIPPET_NOT_RELEVANT d1eaac6a-5d9f-11e7-a9f6-7c3296387341
ACTION SNIPPET 1200 871 SNIPPET_NOT_RELEVANT ac884c72-6618-11e6-8b27-bb8ba39497a2
ACTION SNIPPET 1200 871 SNIPPET_NOT_RELEVANT 2fb1a6a4-3ea0-11e4-b0ea-8141703bbf6f
ACTION SNIPPET 1200 871 SNIPPET_NOT_RELEVANT 2333df1013c7fe66c15557f46de54cbd
ACTION SNIPPET 1200 871 SNIPPET_NOT_RELEVANT f9266cc6-439a-11e1-ad78-52434cb020f0
ACTION SNIPPET 1200 871 SNIPPET_NOT_RELEVANT 887248445a87b0602e525a64bd054e73
ACTION SNIPPET 1200 871 SNIPPET_NOT_RELEVANT 80be13aee31004b0340d36a835cea303
ACTION SNIPPET 1200 871 SNIPPET_NOT_RELEVANT 5cc5f634-aceb-11e6-8b45-f8e493f06fcd
ACTION SNIPPET 1200 871 SNIPPET_NOT_RELEVANT 76a14136-6e7b-11e4-a2c2-478179fd0489
ACTION SNIPPET 1200 871 SNIPPET_NOT_RELEVANT 17120df8-2e74-11e6-9de3-6e6e7a14000c
ACTION SNIPPET 1200 871 SNIPPET_NOT_RELEVANT e9e316ac56ca3eda3009d47540fe0112
ACTION SNIPPET 1200 871 SNIPPET_NOT_RELEVANT 228c3686-a96a-11e3-b61e-8051b8b52d06
ACTION SNIPPET 1200 871 SNIPPET_NOT_RELEVANT 22f4daaa-5083-11e3-9e2c-e1d01116fd98
ACTION SNIPPET 1200 871 SNIPPET_NOT_RELEVANT d6b7bb205eb400a2b40a934c17a85be7
ACTION SNIPPET 1200 871 SNIPPET_NOT_RELEVANT 3108fb520b77d28c6067d86af958c3f9
ACTION SNIPPET 1200 871 SEEN_PREVIOUSLY 19251704-5beb-11e5-8e9e-dce8a2a2a679
ACTION SNIPPET 1200 871 SNIPPET_NOT_RELEVANT dfd40c0a-4b5c-11e1-8269-c719533b4b13
ACTION SNIPPET 1200 871 SNIPPET_NOT_RELEVANT d98e887c-eba6-11e5-b0fd-073d5930a7b7
ACTION SNIPPET 1200 871 SNIPPET_NOT_RELEVANT 523dd25c-013d-11e3-9a3e-916de805f65d
ACTION SNIPPET 1200 871 SNIPPET_NOT_RELEVANT 715078ce060d13c6316309e2f0c96f58
ACTION SNIPPET 1200 871 SNIPPET_NOT_RELEVANT 3c709272b45b4df4b27b258c146d2ff9
ACTION SNIPPET 1200 871 SNIPPET_NOT_RELEVANT 97f52e40c3b2ff08735eb74cbc2f2107
ACTION SNIPPET 1200 871 SNIPPET_NOT_RELEVANT c94b1a6d9f562fa15a60a88c27248432
ACTION SNIPPET 1200 871 SNIPPET_NOT_RELEVANT 312e70f2d75b21a060b70b16787dd010
ACTION SNIPPET 1200 871 SNIPPET_NOT_RELEVANT f6913f96-80de-11e6-b002-307601806392
ACTION SNIPPET 1200 871 SNIPPET_NOT_RELEVANT a0f7d524-6246-11e1-b51c-01d913513d63
ACTION SNIPPET 1200 871 SNIPPET_NOT_RELEVANT 707a7dba-bbc5-11e1-a171-6ccd2ec343ba
ACTION SNIPPET 1200 871 SNIPPET_NOT_RELEVANT 1813d0a6-daac-11e3-8009-71de85b9c527
ACTION SNIPPET 1200 871 SNIPPET_NOT_RELEVANT 6088e0c2-60a9-11e5-9757-e49273f05f65
ACTION SNIPPET 1200 871 SNIPPET_NOT_RELEVANT 49f596c6-4c83-11e7-bc1b-fddbd8359dee
ACTION SNIPPET 1200 871 SNIPPET_NOT_RELEVANT e50461a193ccd81568f12c247b094a6d
ACTION SNIPPET 1200 871 SNIPPET_NOT_RELEVANT 52c0c9301bca020c202b69a88c130c04
ACTION SNIPPET 1200 871 SNIPPET_NOT_RELEVANT a6aa6c20-ea71-11e2-a301-ea5a8116d211
ACTION SNIPPET 1200 871 SNIPPET_NOT_RELEVANT 23e8ddaa-4bdc-11e7-9669-250d0b15f83b
ACTION SNIPPET 1200 871 SNIPPET_NOT_RELEVANT 5324b6f91b52f2f3d610043bb01c0b80
ACTION SNIPPET 1200 871 SNIPPET_NOT_RELEVANT c0a3a5aa-9bda-11e2-a941-a19bce7af755
INFO SERP_END_REACHED 
INFO OUT_OF_QUERIES 
INFO SUMMARY 
INFO TOTAL_QUERIES_ISSUED 9
INFO TOTAL_SNIPPETS_EXAMINED 492
INFO TOTAL_DOCUMENTS_EXAMINED 32
INFO TOTAL_DOCUMENTS_MARKED_RELEVANT 32
INFO TOTAL_ATTRACTIVE_SERP_IMPRESSIONS 9
INFO TOTAL_UNATTRACTIVE_SERP_IMPRESSIONS 0
INFO TOTAL_TREC_RELEVANT_DOCS 32
INFO TOTAL_UNIQ_TREC_RELEVANT_DOCS 32
INFO PRECISION_TREC_RELEVANT_DOCS 1.0
