ACTION START 1200 0 START
ACTION QUERY 1200 10 Alan Gross released
ACTION SERP 1200 15 EXAMINE_SERP
ACTION SNIPPET 1200 15 SNIPPET_RELEVANT 069e4520-3e33-11e2-ae43-cf491b837f7b
ACTION DOC 1200 35 EXAMINING_DOCUMENT 069e4520-3e33-11e2-ae43-cf491b837f7b
ACTION SNIPPET 1200 35 SNIPPET_RELEVANT 381eb70e6c6918ac4e811367f016877d
ACTION DOC 1200 55 EXAMINING_DOCUMENT 381eb70e6c6918ac4e811367f016877d
ACTION MARK 1200 58 CONSIDERED_RELEVANT 381eb70e6c6918ac4e811367f016877d
ACTION SNIPPET 1200 58 SNIPPET_RELEVANT ffee0314-3f0e-11e2-ae43-cf491b837f7b
ACTION DOC 1200 78 EXAMINING_DOCUMENT ffee0314-3f0e-11e2-ae43-cf491b837f7b
ACTION SNIPPET 1200 78 SNIPPET_RELEVANT e0a2794e-fc34-11e1-a31e-804fccb658f9
ACTION DOC 1200 98 EXAMINING_DOCUMENT e0a2794e-fc34-11e1-a31e-804fccb658f9
ACTION SNIPPET 1200 98 SNIPPET_RELEVANT e257c56e-8607-11e4-9534-f79a23c40e6c
ACTION DOC 1200 118 EXAMINING_DOCUMENT e257c56e-8607-11e4-9534-f79a23c40e6c
ACTION MARK 1200 121 CONSIDERED_RELEVANT e257c56e-8607-11e4-9534-f79a23c40e6c
ACTION SNIPPET 1200 121 SNIPPET_RELEVANT e23de2f4-8b91-11e4-a085-34e9b9f09a58
ACTION DOC 1200 141 EXAMINING_DOCUMENT e23de2f4-8b91-11e4-a085-34e9b9f09a58
ACTION MARK 1200 144 CONSIDERED_RELEVANT e23de2f4-8b91-11e4-a085-34e9b9f09a58
ACTION QUERY 1200 154 Cuba prisoner exchange
ACTION SERP 1200 159 EXAMINE_SERP
ACTION SNIPPET 1200 159 SNIPPET_RELEVANT 7e3d5d68e685850c9d63d52a5d681c3a
ACTION DOC 1200 179 EXAMINING_DOCUMENT 7e3d5d68e685850c9d63d52a5d681c3a
ACTION MARK 1200 182 CONSIDERED_RELEVANT 7e3d5d68e685850c9d63d52a5d681c3a
ACTION SNIPPET 1200 182 SNIPPET_RELEVANT bdd86fa4-97b4-11e4-8005-1924ede3e54a
ACTION DOC 1200 202 EXAMINING_DOCUMENT bdd86fa4-97b4-11e4-8005-1924ede3e54a
ACTION SNIPPET 1200 202 SNIPPET_RELEVANT a21c5496-bb91-11e4-9dfb-03366e719af8
ACTION DOC 1200 222 EXAMINING_DOCUMENT a21c5496-bb91-11e4-9dfb-03366e719af8
ACTION SNIPPET 1200 222 SNIPPET_RELEVANT a3b374c4-8612-11e4-a702-fa31ff4ae98e
ACTION DOC 1200 242 EXAMINING_DOCUMENT a3b374c4-8612-11e4-a702-fa31ff4ae98e
ACTION SNIPPET 1200 242 SEEN_PREVIOUSLY ffee0314-3f0e-11e2-ae43-cf491b837f7b
ACTION SNIPPET 1200 242 SNIPPET_RELEVANT 931e4ff6-eef5-11e5-89c3-a647fcce95e0
ACTION DOC 1200 262 EXAMINING_DOCUMENT 931e4ff6-eef5-11e5-89c3-a647fcce95e0
ACTION SNIPPET 1200 262 SNIPPET_RELEVANT 5b891ba2-1b6a-11e5-bd7f-4611a60dd8e5
ACTION DOC 1200 282 EXAMINING_DOCUMENT 5b891ba2-1b6a-11e5-bd7f-4611a60dd8e5
ACTION QUERY 1200 292 Cuba prisoner swap
ACTION SERP 1200 297 EXAMINE_SERP
ACTION SNIPPET 1200 297 SEEN_PREVIOUSLY ffee0314-3f0e-11e2-ae43-cf491b837f7b
ACTION SNIPPET 1200 297 SNIPPET_RELEVANT c52312b0-ea7f-11e3-b10e-5090cf3b5958
ACTION DOC 1200 317 EXAMINING_DOCUMENT c52312b0-ea7f-11e3-b10e-5090cf3b5958
ACTION SNIPPET 1200 317 SEEN_PREVIOUSLY bdd86fa4-97b4-11e4-8005-1924ede3e54a
ACTION SNIPPET 1200 317 SNIPPET_RELEVANT 088e118c6cfa54aae7265d1b065c1870
ACTION DOC 1200 337 EXAMINING_DOCUMENT 088e118c6cfa54aae7265d1b065c1870
ACTION SNIPPET 1200 337 SNIPPET_RELEVANT 896a73cba252280f805267293a7b684b
ACTION DOC 1200 357 EXAMINING_DOCUMENT 896a73cba252280f805267293a7b684b
ACTION SNIPPET 1200 357 SNIPPET_RELEVANT c51b3ed8-8614-11e4-a702-fa31ff4ae98e
ACTION DOC 1200 377 EXAMINING_DOCUMENT c51b3ed8-8614-11e4-a702-fa31ff4ae98e
ACTION MARK 1200 380 CONSIDERED_RELEVANT c51b3ed8-8614-11e4-a702-fa31ff4ae98e
ACTION SNIPPET 1200 380 SNIPPET_RELEVANT a9d074eff701bc55a20a3dfdab88a42f
ACTION DOC 1200 400 EXAMINING_DOCUMENT a9d074eff701bc55a20a3dfdab88a42f
ACTION SNIPPET 1200 400 SNIPPET_RELEVANT 563736b08557cbdf3829cf20d57cb410
ACTION DOC 1200 420 EXAMINING_DOCUMENT 563736b08557cbdf3829cf20d57cb410
ACTION QUERY 1200 430 Gross Cuba freedom
ACTION SERP 1200 435 EXAMINE_SERP
ACTION SNIPPET 1200 435 SNIPPET_RELEVANT 2435768a-a389-11e5-b53d-972e2751f433
ACTION DOC 1200 455 EXAMINING_DOCUMENT 2435768a-a389-11e5-b53d-972e2751f433
ACTION SNIPPET 1200 455 SNIPPET_RELEVANT 3ef816d89dc6459a2aacd01841426799
ACTION DOC 1200 475 EXAMINING_DOCUMENT 3ef816d89dc6459a2aacd01841426799
ACTION SNIPPET 1200 475 SNIPPET_RELEVANT e19422d1710bf997024c9da25242cd8a
ACTION DOC 1200 495 EXAMINING_DOCUMENT e19422d1710bf997024c9da25242cd8a
ACTION SNIPPET 1200 495 SNIPPET_RELEVANT bd1e6cc8d7525fec36a717be45638bf4
ACTION DOC 1200 515 EXAMINING_DOCUMENT bd1e6cc8d7525fec36a717be45638bf4
ACTION MARK 1200 518 CONSIDERED_RELEVANT bd1e6cc8d7525fec36a717be45638bf4
ACTION SNIPPET 1200 518 SNIPPET_RELEVANT b6fd9c92dc01054ce3795fa44e92e42e
ACTION DOC 1200 538 EXAMINING_DOCUMENT b6fd9c92dc01054ce3795fa44e92e42e
ACTION SNIPPET 1200 538 SNIPPET_RELEVANT 9a5676e4-be92-11e3-bcec-b71ee10e9bc3
ACTION DOC 1200 558 EXAMINING_DOCUMENT 9a5676e4-be92-11e3-bcec-b71ee10e9bc3
ACTION QUERY 1200 568 USAID contractor freed
ACTION SERP 1200 573 EXAMINE_SERP
ACTION SNIPPET 1200 573 SNIPPET_RELEVANT e6988f7a-3a0f-11e5-b3ac-8a79bc44e5e2
ACTION DOC 1200 593 EXAMINING_DOCUMENT e6988f7a-3a0f-11e5-b3ac-8a79bc44e5e2
ACTION SNIPPET 1200 593 SNIPPET_RELEVANT 92c2723a-d539-11e3-95d3-3bcd77cd4e11
ACTION DOC 1200 613 EXAMINING_DOCUMENT 92c2723a-d539-11e3-95d3-3bcd77cd4e11
ACTION SNIPPET 1200 613 SNIPPET_RELEVANT 0cafe16a-a599-11e4-a2b2-776095f393b2
ACTION DOC 1200 633 EXAMINING_DOCUMENT 0cafe16a-a599-11e4-a2b2-776095f393b2
ACTION SNIPPET 1200 633 SEEN_PREVIOUSLY e23de2f4-8b91-11e4-a085-34e9b9f09a58
ACTION SNIPPET 1200 633 SNIPPET_RELEVANT 10d49d06601b5bb755edef65ccf47adb
ACTION DOC 1200 653 EXAMINING_DOCUMENT 10d49d06601b5bb755edef65ccf47adb
ACTION SNIPPET 1200 653 SNIPPET_RELEVANT e1ee5559ba963e734d1796f2e536423a
ACTION DOC 1200 673 EXAMINING_DOCUMENT e1ee5559ba963e734d1796f2e536423a
ACTION SNIPPET 1200 673 SNIPPET_RELEVANT 565fe7d0-84f1-11e2-98a3-b3db6b9ac586
ACTION DOC 1200 693 EXAMINING_DOCUMENT 565fe7d0-84f1-11e2-98a3-b3db6b9ac586
ACTION QUERY 1200 703 USAID contractor release
ACTION SERP 1200 708 EXAMINE_SERP
ACTION SNIPPET 1200 708 SEEN_PREVIOUSLY 9a5676e4-be92-11e3-bcec-b71ee10e9bc3
ACTION SNIPPET 1200 708 SEEN_PREVIOUSLY e6988f7a-3a0f-11e5-b3ac-8a79bc44e5e2
ACTION SNIPPET 1200 708 SEEN_PREVIOUSLY 92c2723a-d539-11e3-95d3-3bcd77cd4e11
ACTION SNIPPET 1200 708 SEEN_PREVIOUSLY 0cafe16a-a599-11e4-a2b2-776095f393b2
ACTION SNIPPET 1200 708 SEEN_PREVIOUSLY 10d49d06601b5bb755edef65ccf47adb
ACTION SNIPPET 1200 708 SEEN_PREVIOUSLY e1ee5559ba963e734d1796f2e536423a
ACTION SNIPPET 1200 708 SNIPPET_RELEVANT a5cd0538-884a-11e4-9534-f79a23c40e6c
ACTION DOC 1200 728 EXAMINING_DOCUMENT a5cd0538-884a-11e4-9534-f79a23c40e6c
ACTION SNIPPET 1200 728 SEEN_PREVIOUSLY 565fe7d0-84f1-11e2-98a3-b3db6b9ac586
ACTION SNIPPET 1200 728 SNIPPET_RELEVANT 6510294e-5b46-11e3-a49b-90a0e156254b
ACTION DOC 1200 748 EXAMINING_DOCUMENT 6510294e-5b46-11e3-a49b-90a0e156254b
ACTION SNIPPET 1200 748 SNIPPET_RELEVANT 2d5f7ca8-c715-11e3-9f37-7ce307c56815
ACTION DOC 1200 768 EXAMINING_DOCUMENT 2d5f7ca8-c715-11e3-9f37-7ce307c56815
ACTION SNIPPET 1200 768 SNIPPET_RELEVANT 68fbc1a0-4031-11e4-b03f-de718edeb92f
ACTION DOC 1200 788 EXAMINING_DOCUMENT 68fbc1a0-4031-11e4-b03f-de718edeb92f
ACTION SNIPPET 1200 788 SNIPPET_RELEVANT a24d2008920c89ee9c936988e1579935
ACTION DOC 1200 808 EXAMINING_DOCUMENT a24d2008920c89ee9c936988e1579935
ACTION SNIPPET 1200 808 SNIPPET_RELEVANT 5a9212a6-3d9c-11e3-b6a9-da62c264f40e
ACTION DOC 1200 828 EXAMINING_DOCUMENT 5a9212a6-3d9c-11e3-b6a9-da62c264f40e
ACTION QUERY 1200 838 Gross Cuba release date
ACTION SERP 1200 843 EXAMINE_SERP
ACTION SNIPPET 1200 843 SEEN_PREVIOUSLY e0a2794e-fc34-11e1-a31e-804fccb658f9
ACTION SNIPPET 1200 843 SEEN_PREVIOUSLY 6510294e-5b46-11e3-a49b-90a0e156254b
ACTION SNIPPET 1200 843 SNIPPET_RELEVANT 99c2fde82f52b42142d3f512c1b3d2a4
ACTION DOC 1200 863 EXAMINING_DOCUMENT 99c2fde82f52b42142d3f512c1b3d2a4
ACTION SNIPPET 1200 863 SEEN_PREVIOUSLY 069e4520-3e33-11e2-ae43-cf491b837f7b
ACTION SNIPPET 1200 863 SNIPPET_RELEVANT df878826-0c09-11e2-a310-2363842b7057
ACTION DOC 1200 883 EXAMINING_DOCUMENT df878826-0c09-11e2-a310-2363842b7057
ACTION SNIPPET 1200 883 SEEN_PREVIOUSLY 381eb70e6c6918ac4e811367f016877d
ACTION SNIPPET 1200 883 SEEN_PREVIOUSLY ffee0314-3f0e-11e2-ae43-cf491b837f7b
ACTION SNIPPET 1200 883 SEEN_PREVIOUSLY 3ef816d89dc6459a2aacd01841426799
ACTION SNIPPET 1200 883 SNIPPET_RELEVANT a2840518-85f5-11e4-a702-fa31ff4ae98e
ACTION DOC 1200 903 EXAMINING_DOCUMENT a2840518-85f5-11e4-a702-fa31ff4ae98e
ACTION SNIPPET 1200 903 SEEN_PREVIOUSLY e19422d1710bf997024c9da25242cd8a
ACTION SNIPPET 1200 903 SEEN_PREVIOUSLY e257c56e-8607-11e4-9534-f79a23c40e6c
ACTION SNIPPET 1200 903 SNIPPET_RELEVANT 3d9cb34c-5688-11e1-8fb4-e176e27720b6
ACTION DOC 1200 923 EXAMINING_DOCUMENT 3d9cb34c-5688-11e1-8fb4-e176e27720b6
ACTION SNIPPET 1200 923 SNIPPET_RELEVANT 62aaf894-43d9-11e2-8c8f-fbebf7ccab4e
ACTION DOC 1200 943 EXAMINING_DOCUMENT 62aaf894-43d9-11e2-8c8f-fbebf7ccab4e
ACTION SNIPPET 1200 943 SEEN_PREVIOUSLY 7e3d5d68e685850c9d63d52a5d681c3a
ACTION SNIPPET 1200 943 SEEN_PREVIOUSLY b6fd9c92dc01054ce3795fa44e92e42e
ACTION SNIPPET 1200 943 SNIPPET_RELEVANT 8e7efbae9a49c9301c683781ebe738cc
ACTION DOC 1200 963 EXAMINING_DOCUMENT 8e7efbae9a49c9301c683781ebe738cc
ACTION MARK 1200 966 CONSIDERED_RELEVANT 8e7efbae9a49c9301c683781ebe738cc
ACTION QUERY 1200 976 Gross Cuba exchange
ACTION SERP 1200 981 EXAMINE_SERP
ACTION SNIPPET 1200 981 SEEN_PREVIOUSLY 7e3d5d68e685850c9d63d52a5d681c3a
ACTION SNIPPET 1200 981 SEEN_PREVIOUSLY 99c2fde82f52b42142d3f512c1b3d2a4
ACTION SNIPPET 1200 981 SEEN_PREVIOUSLY ffee0314-3f0e-11e2-ae43-cf491b837f7b
ACTION SNIPPET 1200 981 SEEN_PREVIOUSLY 2435768a-a389-11e5-b53d-972e2751f433
ACTION SNIPPET 1200 981 SEEN_PREVIOUSLY c51b3ed8-8614-11e4-a702-fa31ff4ae98e
ACTION SNIPPET 1200 981 SNIPPET_RELEVANT b4731e0feb66d312e49bcb3918fdddd7
ACTION DOC 1200 1001 EXAMINING_DOCUMENT b4731e0feb66d312e49bcb3918fdddd7
ACTION SNIPPET 1200 1001 SNIPPET_RELEVANT 536baca2370b368620461178b76c2c63
ACTION DOC 1200 1021 EXAMINING_DOCUMENT 536baca2370b368620461178b76c2c63
ACTION MARK 1200 1024 CONSIDERED_RELEVANT 536baca2370b368620461178b76c2c63
ACTION SNIPPET 1200 1024 SEEN_PREVIOUSLY e257c56e-8607-11e4-9534-f79a23c40e6c
ACTION SNIPPET 1200 1024 SNIPPET_RELEVANT e5c1b4c6-eb39-11e3-9f5c-9075d5508f0a
ACTION DOC 1200 1044 EXAMINING_DOCUMENT e5c1b4c6-eb39-11e3-9f5c-9075d5508f0a
ACTION SNIPPET 1200 1044 SNIPPET_RELEVANT 753b7bd8-588f-11e4-b812-38518ae74c67
ACTION DOC 1200 1064 EXAMINING_DOCUMENT 753b7bd8-588f-11e4-b812-38518ae74c67
ACTION SNIPPET 1200 1064 SNIPPET_RELEVANT 793bad94-8606-11e4-a702-fa31ff4ae98e
ACTION DOC 1200 1084 EXAMINING_DOCUMENT 793bad94-8606-11e4-a702-fa31ff4ae98e
ACTION MARK 1200 1087 CONSIDERED_RELEVANT 793bad94-8606-11e4-a702-fa31ff4ae98e
ACTION SNIPPET 1200 1087 SNIPPET_RELEVANT c9ccd178-7c3c-11e2-a044-676856536b40
ACTION DOC 1200 1107 EXAMINING_DOCUMENT c9ccd178-7c3c-11e2-a044-676856536b40
ACTION QUERY 1200 1117 US Cuba relations normalization
ACTION SERP 1200 1122 EXAMINE_SERP
ACTION SNIPPET 1200 1122 SEEN_PREVIOUSLY 99c2fde82f52b42142d3f512c1b3d2a4
ACTION SNIPPET 1200 1122 SNIPPET_RELEVANT bef25c59e859f0cb2a6d625bd5f1d5f3
ACTION DOC 1200 1142 EXAMINING_DOCUMENT bef25c59e859f0cb2a6d625bd5f1d5f3
ACTION SNIPPET 1200 1142 SNIPPET_RELEVANT 5db06507054a9f8ed7d59effa4fac120
ACTION DOC 1200 1162 EXAMINING_DOCUMENT 5db06507054a9f8ed7d59effa4fac120
ACTION SNIPPET 1200 1162 SNIPPET_RELEVANT de9f18de935526364d1e5b8c2235a4bf
ACTION DOC 1200 1182 EXAMINING_DOCUMENT de9f18de935526364d1e5b8c2235a4bf
ACTION SNIPPET 1200 1182 SEEN_PREVIOUSLY bdd86fa4-97b4-11e4-8005-1924ede3e54a
ACTION SNIPPET 1200 1182 SNIPPET_RELEVANT 0c4803c8-84fa-11e6-ac72-a29979381495
ACTION DOC 1200 1202 EXAMINING_DOCUMENT 0c4803c8-84fa-11e6-ac72-a29979381495
INFO SUMMARY 
INFO TOTAL_QUERIES_ISSUED 9
INFO TOTAL_SNIPPETS_EXAMINED 81
INFO TOTAL_DOCUMENTS_EXAMINED 52
INFO TOTAL_DOCUMENTS_MARKED_RELEVANT 9
INFO TOTAL_ATTRACTIVE_SERP_IMPRESSIONS 9
INFO TOTAL_UNATTRACTIVE_SERP_IMPRESSIONS 0
