ACTION START 1200 0 START
ACTION QUERY 1200 10 paralyzed people computers
ACTION SERP 1200 15 EXAMINE_SERP
ACTION SNIPPET 1200 15 SNIPPET_RELEVANT 2bea9433d4e1050c9c85175df466b3e2
ACTION DOC 1200 35 EXAMINING_DOCUMENT 2bea9433d4e1050c9c85175df466b3e2
ACTION MARK 1200 38 CONSIDERED_RELEVANT 2bea9433d4e1050c9c85175df466b3e2
ACTION SNIPPET 1200 38 SNIPPET_RELEVANT 23ad13f0efa9815a765bcd0403ff23af
ACTION DOC 1200 58 EXAMINING_DOCUMENT 23ad13f0efa9815a765bcd0403ff23af
ACTION SNIPPET 1200 58 SNIPPET_RELEVANT 5e143dc4af0fd020901de45c08226174
ACTION DOC 1200 78 EXAMINING_DOCUMENT 5e143dc4af0fd020901de45c08226174
ACTION SNIPPET 1200 78 SNIPPET_RELEVANT c01caf3d8565a560b74a00e996590e9d
ACTION DOC 1200 98 EXAMINING_DOCUMENT c01caf3d8565a560b74a00e996590e9d
ACTION SNIPPET 1200 98 SNIPPET_RELEVANT 9d4e5a94697565b802cda0a1c7d29f6d
ACTION DOC 1200 118 EXAMINING_DOCUMENT 9d4e5a94697565b802cda0a1c7d29f6d
ACTION SNIPPET 1200 118 SNIPPET_RELEVANT 2a6865ec825a56ea34a6ac3a0a05e6ea
ACTION DOC 1200 138 EXAMINING_DOCUMENT 2a6865ec825a56ea34a6ac3a0a05e6ea
ACTION QUERY 1200 148 computer technology paralysis
ACTION SERP 1200 153 EXAMINE_SERP
ACTION SNIPPET 1200 153 SNIPPET_RELEVANT 7a4de4fd17f87727dbec32f7becd6816
ACTION DOC 1200 173 EXAMINING_DOCUMENT 7a4de4fd17f87727dbec32f7becd6816
ACTION MARK 1200 176 CONSIDERED_RELEVANT 7a4de4fd17f87727dbec32f7becd6816
ACTION SNIPPET 1200 176 SNIPPET_RELEVANT a8205e2a-ec6b-11e1-aca7-272630dfd152
ACTION DOC 1200 196 EXAMINING_DOCUMENT a8205e2a-ec6b-11e1-aca7-272630dfd152
ACTION MARK 1200 199 CONSIDERED_RELEVANT a8205e2a-ec6b-11e1-aca7-272630dfd152
ACTION SNIPPET 1200 199 SNIPPET_RELEVANT bc800e8f765fac4c09f5adbd1154528e
ACTION DOC 1200 219 EXAMINING_DOCUMENT bc800e8f765fac4c09f5adbd1154528e
ACTION MARK 1200 222 CONSIDERED_RELEVANT bc800e8f765fac4c09f5adbd1154528e
ACTION SNIPPET 1200 222 SNIPPET_RELEVANT c4e2b35a-bd8f-11e2-97d4-a479289a31f9
ACTION DOC 1200 242 EXAMINING_DOCUMENT c4e2b35a-bd8f-11e2-97d4-a479289a31f9
ACTION SNIPPET 1200 242 SNIPPET_RELEVANT 85018774-bcc3-11e2-97d4-a479289a31f9
ACTION DOC 1200 262 EXAMINING_DOCUMENT 85018774-bcc3-11e2-97d4-a479289a31f9
ACTION SNIPPET 1200 262 SNIPPET_RELEVANT d6ea4204-bd88-11e2-97d4-a479289a31f9
ACTION DOC 1200 282 EXAMINING_DOCUMENT d6ea4204-bd88-11e2-97d4-a479289a31f9
ACTION QUERY 1200 292 exoskeletons for paralyzed
ACTION SERP 1200 297 EXAMINE_SERP
ACTION SNIPPET 1200 297 SNIPPET_RELEVANT 9291b1e2933534daa421032f602658b4
ACTION DOC 1200 317 EXAMINING_DOCUMENT 9291b1e2933534daa421032f602658b4
ACTION MARK 1200 320 CONSIDERED_RELEVANT 9291b1e2933534daa421032f602658b4
ACTION SNIPPET 1200 320 SEEN_PREVIOUSLY 2bea9433d4e1050c9c85175df466b3e2
ACTION SNIPPET 1200 320 SNIPPET_RELEVANT 209f9914a9b9d5b8a4f2af6c23a353e4
ACTION DOC 1200 340 EXAMINING_DOCUMENT 209f9914a9b9d5b8a4f2af6c23a353e4
ACTION MARK 1200 343 CONSIDERED_RELEVANT 209f9914a9b9d5b8a4f2af6c23a353e4
ACTION SNIPPET 1200 343 SNIPPET_RELEVANT 789456ee-c8d2-11e3-a75e-463587891b57
ACTION DOC 1200 363 EXAMINING_DOCUMENT 789456ee-c8d2-11e3-a75e-463587891b57
ACTION MARK 1200 366 CONSIDERED_RELEVANT 789456ee-c8d2-11e3-a75e-463587891b57
ACTION SNIPPET 1200 366 SNIPPET_RELEVANT 5aa612667baeb5c58f559003b8986740
ACTION DOC 1200 386 EXAMINING_DOCUMENT 5aa612667baeb5c58f559003b8986740
ACTION MARK 1200 389 CONSIDERED_RELEVANT 5aa612667baeb5c58f559003b8986740
ACTION SNIPPET 1200 389 SNIPPET_RELEVANT 871f9bb0dd3dfee86918dd013118d1c1
ACTION DOC 1200 409 EXAMINING_DOCUMENT 871f9bb0dd3dfee86918dd013118d1c1
ACTION MARK 1200 412 CONSIDERED_RELEVANT 871f9bb0dd3dfee86918dd013118d1c1
ACTION QUERY 1200 422 assistive computer technology
ACTION SERP 1200 427 EXAMINE_SERP
ACTION SNIPPET 1200 427 SNIPPET_RELEVANT c01a8b533fc15d13418916140aab2645
ACTION DOC 1200 447 EXAMINING_DOCUMENT c01a8b533fc15d13418916140aab2645
ACTION SNIPPET 1200 447 SNIPPET_RELEVANT a5fd0f30-3cf1-11e3-b6a9-da62c264f40e
ACTION DOC 1200 467 EXAMINING_DOCUMENT a5fd0f30-3cf1-11e3-b6a9-da62c264f40e
ACTION SNIPPET 1200 467 SNIPPET_RELEVANT 42359b4ae5094b175fff3bdb9b15bda4
ACTION DOC 1200 487 EXAMINING_DOCUMENT 42359b4ae5094b175fff3bdb9b15bda4
ACTION SNIPPET 1200 487 SNIPPET_RELEVANT 5ad9dabd5a472787c9ba19e193b11362
ACTION DOC 1200 507 EXAMINING_DOCUMENT 5ad9dabd5a472787c9ba19e193b11362
ACTION SNIPPET 1200 507 SNIPPET_RELEVANT 7e9a451fdfa90fa83ae198aa8863ebcf
ACTION DOC 1200 527 EXAMINING_DOCUMENT 7e9a451fdfa90fa83ae198aa8863ebcf
ACTION SNIPPET 1200 527 SNIPPET_RELEVANT f6692fb4911fb5fb9077c56c217fce06
ACTION DOC 1200 547 EXAMINING_DOCUMENT f6692fb4911fb5fb9077c56c217fce06
ACTION QUERY 1200 557 paralysis computer aid
ACTION SERP 1200 562 EXAMINE_SERP
ACTION SNIPPET 1200 562 SEEN_PREVIOUSLY a8205e2a-ec6b-11e1-aca7-272630dfd152
ACTION SNIPPET 1200 562 SEEN_PREVIOUSLY 7a4de4fd17f87727dbec32f7becd6816
ACTION SNIPPET 1200 562 SNIPPET_RELEVANT 871bc66bacdd72f4fced27554b631b2f
ACTION DOC 1200 582 EXAMINING_DOCUMENT 871bc66bacdd72f4fced27554b631b2f
ACTION SNIPPET 1200 582 SEEN_PREVIOUSLY bc800e8f765fac4c09f5adbd1154528e
ACTION SNIPPET 1200 582 SNIPPET_RELEVANT c2224fd358703d8450cb3ec6639424df
ACTION DOC 1200 602 EXAMINING_DOCUMENT c2224fd358703d8450cb3ec6639424df
ACTION SNIPPET 1200 602 SNIPPET_RELEVANT dc06c282-1967-11e2-bd10-5ff056538b7c
ACTION DOC 1200 622 EXAMINING_DOCUMENT dc06c282-1967-11e2-bd10-5ff056538b7c
ACTION SNIPPET 1200 622 SNIPPET_RELEVANT 45ba893e-7bb5-11e7-b2b1-aeba62854dfa
ACTION DOC 1200 642 EXAMINING_DOCUMENT 45ba893e-7bb5-11e7-b2b1-aeba62854dfa
ACTION SNIPPET 1200 642 SNIPPET_RELEVANT 54d94e50740ea8ba53cef6f8a740a956
ACTION DOC 1200 662 EXAMINING_DOCUMENT 54d94e50740ea8ba53cef6f8a740a956
ACTION SNIPPET 1200 662 SEEN_PREVIOUSLY 85018774-bcc3-11e2-97d4-a479289a31f9
ACTION SNIPPET 1200 662 SNIPPET_RELEVANT 4e4704dfbcacca073dc3f0acbda61b8d
ACTION DOC 1200 682 EXAMINING_DOCUMENT 4e4704dfbcacca073dc3f0acbda61b8d
ACTION QUERY 1200 692 disability computing solutions
ACTION SERP 1200 697 EXAMINE_SERP
ACTION SNIPPET 1200 697 SNIPPET_RELEVANT 0669e164-22cf-11e3-966c-9c4293c47ebe
ACTION DOC 1200 717 EXAMINING_DOCUMENT 0669e164-22cf-11e3-966c-9c4293c47ebe
ACTION MARK 1200 720 CONSIDERED_RELEVANT 0669e164-22cf-11e3-966c-9c4293c47ebe
ACTION SNIPPET 1200 720 SNIPPET_RELEVANT 5af9db4ce43c3b1671e9f4e2b4fe089f
ACTION DOC 1200 740 EXAMINING_DOCUMENT 5af9db4ce43c3b1671e9f4e2b4fe089f
ACTION SNIPPET 1200 740 SNIPPET_RELEVANT 75d618a70d237e6d7512ad27f3435977
ACTION DOC 1200 760 EXAMINING_DOCUMENT 75d618a70d237e6d7512ad27f3435977
ACTION SNIPPET 1200 760 SNIPPET_RELEVANT 0370c206-0430-11e3-9259-e2aafe5a5f84
ACTION DOC 1200 780 EXAMINING_DOCUMENT 0370c206-0430-11e3-9259-e2aafe5a5f84
ACTION SNIPPET 1200 780 SNIPPET_RELEVANT f79951b4-3458-11e4-8f02-03c644b2d7d0
ACTION DOC 1200 800 EXAMINING_DOCUMENT f79951b4-3458-11e4-8f02-03c644b2d7d0
ACTION MARK 1200 803 CONSIDERED_RELEVANT f79951b4-3458-11e4-8f02-03c644b2d7d0
ACTION SNIPPET 1200 803 SNIPPET_RELEVANT 170df924-5e8a-11e2-9940-6fc488f3fecd
ACTION DOC 1200 823 EXAMINING_DOCUMENT 170df924-5e8a-11e2-9940-6fc488f3fecd
ACTION QUERY 1200 833 paralyzed individuals technology
ACTION SERP 1200 838 EXAMINE_SERP
ACTION SNIPPET 1200 838 SEEN_PREVIOUSLY 209f9914a9b9d5b8a4f2af6c23a353e4
ACTION SNIPPET 1200 838 SNIPPET_RELEVANT 70e9db5caa2afcd84999a85dfbd06097
ACTION DOC 1200 858 EXAMINING_DOCUMENT 70e9db5caa2afcd84999a85dfbd06097
ACTION MARK 1200 861 CONSIDERED_RELEVANT 70e9db5caa2afcd84999a85dfbd06097
ACTION SNIPPET 1200 861 SNIPPET_RELEVANT bd4f5eef3f26de9858e555aa6b60a493
ACTION DOC 1200 881 EXAMINING_DOCUMENT bd4f5eef3f26de9858e555aa6b60a493
ACTION MARK 1200 884 CONSIDERED_RELEVANT bd4f5eef3f26de9858e555aa6b60a493
ACTION SNIPPET 1200 884 SNIPPET_RELEVANT 9c13a2c59e6385fae70846ec7fd96c20
ACTION DOC 1200 904 EXAMINING_DOCUMENT 9c13a2c59e6385fae70846ec7fd96c20
ACTION SNIPPET 1200 904 SEEN_PREVIOUSLY 5e143dc4af0fd020901de45c08226174
ACTION SNIPPET 1200 904 SEEN_PREVIOUSLY 23ad13f0efa9815a765bcd0403ff23af
ACTION SNIPPET 1200 904 SEEN_PREVIOUSLY c01caf3d8565a560b74a00e996590e9d
ACTION SNIPPET 1200 904 SEEN_PREVIOUSLY 2a6865ec825a56ea34a6ac3a0a05e6ea
ACTION SNIPPET 1200 904 SEEN_PREVIOUSLY 9d4e5a94697565b802cda0a1c7d29f6d
ACTION SNIPPET 1200 904 SEEN_PREVIOUSLY 7a4de4fd17f87727dbec32f7becd6816
ACTION SNIPPET 1200 904 SNIPPET_RELEVANT 3068cc8e-4365-11e4-9a15-137aa0153527
ACTION DOC 1200 924 EXAMINING_DOCUMENT 3068cc8e-4365-11e4-9a15-137aa0153527
ACTION SNIPPET 1200 924 SNIPPET_RELEVANT c767e7a62fd1c3e98c47acb514d233b5
ACTION DOC 1200 944 EXAMINING_DOCUMENT c767e7a62fd1c3e98c47acb514d233b5
ACTION MARK 1200 947 CONSIDERED_RELEVANT c767e7a62fd1c3e98c47acb514d233b5
ACTION SNIPPET 1200 947 SNIPPET_RELEVANT 148251b8-42b2-11e1-9022-0d2194331bfe
ACTION DOC 1200 967 EXAMINING_DOCUMENT 148251b8-42b2-11e1-9022-0d2194331bfe
ACTION QUERY 1200 977 rehabilitation computer systems
ACTION SERP 1200 982 EXAMINE_SERP
ACTION SNIPPET 1200 982 SNIPPET_RELEVANT 75a20cb0-bbe7-11e5-99f3-184bc379b12d
ACTION DOC 1200 1002 EXAMINING_DOCUMENT 75a20cb0-bbe7-11e5-99f3-184bc379b12d
ACTION SNIPPET 1200 1002 SNIPPET_RELEVANT f620f1921aa95c603324f046f0a2dbb0
ACTION DOC 1200 1022 EXAMINING_DOCUMENT f620f1921aa95c603324f046f0a2dbb0
ACTION SNIPPET 1200 1022 SNIPPET_RELEVANT 1819a232-94e8-11e4-927a-4fa2638cd1b0
ACTION DOC 1200 1042 EXAMINING_DOCUMENT 1819a232-94e8-11e4-927a-4fa2638cd1b0
ACTION SNIPPET 1200 1042 SNIPPET_RELEVANT 099f7b58-af3b-11e2-98ef-d1072ed3cc27
ACTION DOC 1200 1062 EXAMINING_DOCUMENT 099f7b58-af3b-11e2-98ef-d1072ed3cc27
ACTION SNIPPET 1200 1062 SNIPPET_RELEVANT 2f041324-7f29-11e1-bc36-069277cb6efc
ACTION DOC 1200 1082 EXAMINING_DOCUMENT 2f041324-7f29-11e1-bc36-069277cb6efc
ACTION SNIPPET 1200 1082 SEEN_PREVIOUSLY 5e143dc4af0fd020901de45c08226174
ACTION SNIPPET 1200 1082 SEEN_PREVIOUSLY 23ad13f0efa9815a765bcd0403ff23af
ACTION SNIPPET 1200 1082 SEEN_PREVIOUSLY c01caf3d8565a560b74a00e996590e9d
ACTION SNIPPET 1200 1082 SNIPPET_RELEVANT 7c9e2408-52be-11e2-8b9e-dd8773594efc
ACTION DOC 1200 1102 EXAMINING_DOCUMENT 7c9e2408-52be-11e2-8b9e-dd8773594efc
ACTION QUERY 1200 1112 mobility assistance computers
ACTION SERP 1200 1117 EXAMINE_SERP
ACTION SNIPPET 1200 1117 SNIPPET_RELEVANT 499e07e2-feb5-11e6-8ebe-6e0dbe4f2bca
ACTION DOC 1200 1137 EXAMINING_DOCUMENT 499e07e2-feb5-11e6-8ebe-6e0dbe4f2bca
ACTION SNIPPET 1200 1137 SNIPPET_RELEVANT 4f43504a-cb7f-11e5-b9ab-26591104bb19
ACTION DOC 1200 1157 EXAMINING_DOCUMENT 4f43504a-cb7f-11e5-b9ab-26591104bb19
ACTION SNIPPET 1200 1157 SNIPPET_RELEVANT 7a7ac9fc-fcd3-11e5-813a-90ab563f0dde
ACTION DOC 1200 1177 EXAMINING_DOCUMENT 7a7ac9fc-fcd3-11e5-813a-90ab563f0dde
ACTION SNIPPET 1200 1177 SNIPPET_RELEVANT fb7ee392b6434ddbf321582a1a3da73f
ACTION DOC 1200 1197 EXAMINING_DOCUMENT fb7ee392b6434ddbf321582a1a3da73f
ACTION SNIPPET 1200 1197 SNIPPET_RELEVANT 6f5fae0b002f11077e0824fbb3a4b297
ACTION DOC 1200 1217 EXAMINING_DOCUMENT 6f5fae0b002f11077e0824fbb3a4b297
INFO SUMMARY 
INFO TOTAL_QUERIES_ISSUED 9
INFO TOTAL_SNIPPETS_EXAMINED 67
INFO TOTAL_DOCUMENTS_EXAMINED 52
INFO TOTAL_DOCUMENTS_MARKED_RELEVANT 14
INFO TOTAL_ATTRACTIVE_SERP_IMPRESSIONS 9
INFO TOTAL_UNATTRACTIVE_SERP_IMPRESSIONS 0
