ACTION START 1200 0 START
ACTION QUERY 1200 10 Black Bear Attacks
ACTION SERP 1200 15 EXAMINE_SERP
ACTION SNIPPET 1200 15 SNIPPET_RELEVANT f4bb75ea4c8f198c30013cab9eab3be4
ACTION DOC 1200 35 EXAMINING_DOCUMENT f4bb75ea4c8f198c30013cab9eab3be4
ACTION MARK 1200 38 CONSIDERED_RELEVANT f4bb75ea4c8f198c30013cab9eab3be4
ACTION SNIPPET 1200 38 SNIPPET_RELEVANT 6ddf7abe-acb2-11e6-a31b-4b6397e625d0
ACTION DOC 1200 58 EXAMINING_DOCUMENT 6ddf7abe-acb2-11e6-a31b-4b6397e625d0
ACTION MARK 1200 61 CONSIDERED_RELEVANT 6ddf7abe-acb2-11e6-a31b-4b6397e625d0
ACTION SNIPPET 1200 61 SNIPPET_RELEVANT 620a4350527fb5f3793c4f7746835e98
ACTION DOC 1200 81 EXAMINING_DOCUMENT 620a4350527fb5f3793c4f7746835e98
ACTION MARK 1200 84 CONSIDERED_RELEVANT 620a4350527fb5f3793c4f7746835e98
ACTION SNIPPET 1200 84 SNIPPET_RELEVANT 5d53b7d54bd1e4a81ef939708c791b43
ACTION DOC 1200 104 EXAMINING_DOCUMENT 5d53b7d54bd1e4a81ef939708c791b43
ACTION MARK 1200 107 CONSIDERED_RELEVANT 5d53b7d54bd1e4a81ef939708c791b43
ACTION SNIPPET 1200 107 SNIPPET_RELEVANT c76234b5e9494958f0cae9bfd041e391
ACTION DOC 1200 127 EXAMINING_DOCUMENT c76234b5e9494958f0cae9bfd041e391
ACTION MARK 1200 130 CONSIDERED_RELEVANT c76234b5e9494958f0cae9bfd041e391
ACTION QUERY 1200 140 black bear attacks
ACTION SERP 1200 145 EXAMINE_SERP
ACTION SNIPPET 1200 145 SEEN_PREVIOUSLY f4bb75ea4c8f198c30013cab9eab3be4
ACTION SNIPPET 1200 145 SEEN_PREVIOUSLY 6ddf7abe-acb2-11e6-a31b-4b6397e625d0
ACTION SNIPPET 1200 145 SEEN_PREVIOUSLY 620a4350527fb5f3793c4f7746835e98
ACTION SNIPPET 1200 145 SEEN_PREVIOUSLY 5d53b7d54bd1e4a81ef939708c791b43
ACTION SNIPPET 1200 145 SEEN_PREVIOUSLY c76234b5e9494958f0cae9bfd041e391
ACTION SNIPPET 1200 145 SNIPPET_RELEVANT e34bed0b3e3ab72031f6c46a704e0f29
ACTION DOC 1200 165 EXAMINING_DOCUMENT e34bed0b3e3ab72031f6c46a704e0f29
ACTION SNIPPET 1200 165 SNIPPET_RELEVANT d6ed7028c686e5756ceb0aa0c9b62e0d
ACTION DOC 1200 185 EXAMINING_DOCUMENT d6ed7028c686e5756ceb0aa0c9b62e0d
ACTION MARK 1200 188 CONSIDERED_RELEVANT d6ed7028c686e5756ceb0aa0c9b62e0d
ACTION SNIPPET 1200 188 SNIPPET_RELEVANT 93deb5678f9b9b0a20ab22444d803864
ACTION DOC 1200 208 EXAMINING_DOCUMENT 93deb5678f9b9b0a20ab22444d803864
ACTION MARK 1200 211 CONSIDERED_RELEVANT 93deb5678f9b9b0a20ab22444d803864
ACTION SNIPPET 1200 211 SNIPPET_RELEVANT c59c6067a545689cc603590cf390c19e
ACTION DOC 1200 231 EXAMINING_DOCUMENT c59c6067a545689cc603590cf390c19e
ACTION MARK 1200 234 CONSIDERED_RELEVANT c59c6067a545689cc603590cf390c19e
ACTION SNIPPET 1200 234 SNIPPET_RELEVANT 58eae925bd952eec0f6ba3a94110d362
ACTION DOC 1200 254 EXAMINING_DOCUMENT 58eae925bd952eec0f6ba3a94110d362
ACTION MARK 1200 257 CONSIDERED_RELEVANT 58eae925bd952eec0f6ba3a94110d362
ACTION SNIPPET 1200 257 SNIPPET_RELEVANT 419fb8b35a716fdc6cf0ed3caabd9a75
ACTION DOC 1200 277 EXAMINING_DOCUMENT 419fb8b35a716fdc6cf0ed3caabd9a75
ACTION MARK 1200 280 CONSIDERED_RELEVANT 419fb8b35a716fdc6cf0ed3caabd9a75
ACTION QUERY 1200 290 bear attack causes
ACTION SERP 1200 295 EXAMINE_SERP
ACTION SNIPPET 1200 295 SNIPPET_RELEVANT ba3163b0f4c76b775163629bc43e0d2e
ACTION DOC 1200 315 EXAMINING_DOCUMENT ba3163b0f4c76b775163629bc43e0d2e
ACTION SNIPPET 1200 315 SEEN_PREVIOUSLY 419fb8b35a716fdc6cf0ed3caabd9a75
ACTION SNIPPET 1200 315 SEEN_PREVIOUSLY 5d53b7d54bd1e4a81ef939708c791b43
ACTION SNIPPET 1200 315 SNIPPET_RELEVANT 4bc18380819a3e53cbd46b2c710e68b8
ACTION DOC 1200 335 EXAMINING_DOCUMENT 4bc18380819a3e53cbd46b2c710e68b8
ACTION SNIPPET 1200 335 SNIPPET_RELEVANT 6831ecb927eadd4be92e4d6cb8a4470e
ACTION DOC 1200 355 EXAMINING_DOCUMENT 6831ecb927eadd4be92e4d6cb8a4470e
ACTION SNIPPET 1200 355 SNIPPET_RELEVANT 3a67e950cdd6ef7c1e2dfd3fc41aa7dc
ACTION DOC 1200 375 EXAMINING_DOCUMENT 3a67e950cdd6ef7c1e2dfd3fc41aa7dc
ACTION SNIPPET 1200 375 SNIPPET_RELEVANT 257a3f850b65776d8e54c7ad16a783aa
ACTION DOC 1200 395 EXAMINING_DOCUMENT 257a3f850b65776d8e54c7ad16a783aa
ACTION SNIPPET 1200 395 SNIPPET_RELEVANT 936ccac2-5ca3-11e4-b812-38518ae74c67
ACTION DOC 1200 415 EXAMINING_DOCUMENT 936ccac2-5ca3-11e4-b812-38518ae74c67
ACTION MARK 1200 418 CONSIDERED_RELEVANT 936ccac2-5ca3-11e4-b812-38518ae74c67
ACTION QUERY 1200 428 bear attack prevention
ACTION SERP 1200 433 EXAMINE_SERP
ACTION SNIPPET 1200 433 SNIPPET_RELEVANT df4d71659b9d1ec22caa6c45228414a2
ACTION DOC 1200 453 EXAMINING_DOCUMENT df4d71659b9d1ec22caa6c45228414a2
ACTION SNIPPET 1200 453 SEEN_PREVIOUSLY 58eae925bd952eec0f6ba3a94110d362
ACTION SNIPPET 1200 453 SNIPPET_RELEVANT 80a6cfa63106d10525d7a1d6264bb060
ACTION DOC 1200 473 EXAMINING_DOCUMENT 80a6cfa63106d10525d7a1d6264bb060
ACTION SNIPPET 1200 473 SNIPPET_RELEVANT 5ecd2798-7ea8-11e6-9070-5c4905bf40dc
ACTION DOC 1200 493 EXAMINING_DOCUMENT 5ecd2798-7ea8-11e6-9070-5c4905bf40dc
ACTION SNIPPET 1200 493 SNIPPET_RELEVANT edb5b3f4-da20-11e4-ba28-f2a685dc7f89
ACTION DOC 1200 513 EXAMINING_DOCUMENT edb5b3f4-da20-11e4-ba28-f2a685dc7f89
ACTION SNIPPET 1200 513 SNIPPET_RELEVANT 749d5b60-6598-11e2-b84d-21c7b65985ee
ACTION DOC 1200 533 EXAMINING_DOCUMENT 749d5b60-6598-11e2-b84d-21c7b65985ee
ACTION SNIPPET 1200 533 SNIPPET_RELEVANT 76a70dd2-1999-11e4-9e3b-7f2f110c6265
ACTION DOC 1200 553 EXAMINING_DOCUMENT 76a70dd2-1999-11e4-9e3b-7f2f110c6265
ACTION QUERY 1200 563 bear encounters safety
ACTION SERP 1200 568 EXAMINE_SERP
ACTION SNIPPET 1200 568 SEEN_PREVIOUSLY e34bed0b3e3ab72031f6c46a704e0f29
ACTION SNIPPET 1200 568 SNIPPET_RELEVANT 29a711e2ccb306baf5819509f1e305ed
ACTION DOC 1200 588 EXAMINING_DOCUMENT 29a711e2ccb306baf5819509f1e305ed
ACTION MARK 1200 591 CONSIDERED_RELEVANT 29a711e2ccb306baf5819509f1e305ed
ACTION SNIPPET 1200 591 SNIPPET_RELEVANT 364dde3aabcc6e3d26242bef3968e852
ACTION DOC 1200 611 EXAMINING_DOCUMENT 364dde3aabcc6e3d26242bef3968e852
ACTION SNIPPET 1200 611 SEEN_PREVIOUSLY 5d53b7d54bd1e4a81ef939708c791b43
ACTION SNIPPET 1200 611 SNIPPET_RELEVANT 0f0d3081bb442ff5afcd5af0f543d899
ACTION DOC 1200 631 EXAMINING_DOCUMENT 0f0d3081bb442ff5afcd5af0f543d899
ACTION MARK 1200 634 CONSIDERED_RELEVANT 0f0d3081bb442ff5afcd5af0f543d899
ACTION SNIPPET 1200 634 SNIPPET_RELEVANT 29f287e525459a581391167cbb06da90
ACTION DOC 1200 654 EXAMINING_DOCUMENT 29f287e525459a581391167cbb06da90
ACTION SNIPPET 1200 654 SNIPPET_RELEVANT 256bb5b977bc8c36bbfa41ce88a45fb1
ACTION DOC 1200 674 EXAMINING_DOCUMENT 256bb5b977bc8c36bbfa41ce88a45fb1
ACTION SNIPPET 1200 674 SNIPPET_RELEVANT 3a25fed1c5920444022e6a6d72c9240f
ACTION DOC 1200 694 EXAMINING_DOCUMENT 3a25fed1c5920444022e6a6d72c9240f
ACTION QUERY 1200 704 bear safety tips
ACTION SERP 1200 709 EXAMINE_SERP
ACTION SNIPPET 1200 709 SNIPPET_RELEVANT b67e9b96-23ed-11e5-b77f-eb13a215f593
ACTION DOC 1200 729 EXAMINING_DOCUMENT b67e9b96-23ed-11e5-b77f-eb13a215f593
ACTION SNIPPET 1200 729 SNIPPET_RELEVANT 04559e78-e036-11e5-846c-10191d1fc4ec
ACTION DOC 1200 749 EXAMINING_DOCUMENT 04559e78-e036-11e5-846c-10191d1fc4ec
ACTION SNIPPET 1200 749 SNIPPET_RELEVANT f692aa76f3bfcac721ca8592f41c446e
ACTION DOC 1200 769 EXAMINING_DOCUMENT f692aa76f3bfcac721ca8592f41c446e
ACTION SNIPPET 1200 769 SNIPPET_RELEVANT 6ddfe7a8-f807-11e4-a13c-193b1241d51a
ACTION DOC 1200 789 EXAMINING_DOCUMENT 6ddfe7a8-f807-11e4-a13c-193b1241d51a
ACTION SNIPPET 1200 789 SNIPPET_RELEVANT 65687c593c74917d64fcd97d9c27d08a
ACTION DOC 1200 809 EXAMINING_DOCUMENT 65687c593c74917d64fcd97d9c27d08a
ACTION SNIPPET 1200 809 SNIPPET_RELEVANT a305145ffc5179dd0230723d3679dbc2
ACTION DOC 1200 829 EXAMINING_DOCUMENT a305145ffc5179dd0230723d3679dbc2
ACTION QUERY 1200 839 bear encounters USA
ACTION SERP 1200 844 EXAMINE_SERP
ACTION SNIPPET 1200 844 SEEN_PREVIOUSLY 5d53b7d54bd1e4a81ef939708c791b43
ACTION SNIPPET 1200 844 SEEN_PREVIOUSLY 29f287e525459a581391167cbb06da90
ACTION SNIPPET 1200 844 SEEN_PREVIOUSLY 256bb5b977bc8c36bbfa41ce88a45fb1
ACTION SNIPPET 1200 844 SEEN_PREVIOUSLY 3a25fed1c5920444022e6a6d72c9240f
ACTION SNIPPET 1200 844 SNIPPET_RELEVANT ef7886612e8b19a7a274545a9c8929d6
ACTION DOC 1200 864 EXAMINING_DOCUMENT ef7886612e8b19a7a274545a9c8929d6
ACTION SNIPPET 1200 864 SEEN_PREVIOUSLY e34bed0b3e3ab72031f6c46a704e0f29
ACTION SNIPPET 1200 864 SEEN_PREVIOUSLY 93deb5678f9b9b0a20ab22444d803864
ACTION SNIPPET 1200 864 SNIPPET_RELEVANT d5a201c503b722af3053565a700bb8f1
ACTION DOC 1200 884 EXAMINING_DOCUMENT d5a201c503b722af3053565a700bb8f1
ACTION SNIPPET 1200 884 SNIPPET_RELEVANT b0f1acfaa7c29034f2c4d36ea5d8501a
ACTION DOC 1200 904 EXAMINING_DOCUMENT b0f1acfaa7c29034f2c4d36ea5d8501a
ACTION SNIPPET 1200 904 SNIPPET_RELEVANT b32d065db2c8777abe53bfd09c016846
ACTION DOC 1200 924 EXAMINING_DOCUMENT b32d065db2c8777abe53bfd09c016846
ACTION MARK 1200 927 CONSIDERED_RELEVANT b32d065db2c8777abe53bfd09c016846
ACTION SNIPPET 1200 927 SNIPPET_RELEVANT e1bdd15f8fbb53f597e254bef9f14385
ACTION DOC 1200 947 EXAMINING_DOCUMENT e1bdd15f8fbb53f597e254bef9f14385
ACTION SNIPPET 1200 947 SNIPPET_RELEVANT 9041dfe7a09702920a792bbeba6910df
ACTION DOC 1200 967 EXAMINING_DOCUMENT 9041dfe7a09702920a792bbeba6910df
ACTION QUERY 1200 977 wildlife black bear management
ACTION SERP 1200 982 EXAMINE_SERP
ACTION SNIPPET 1200 982 SNIPPET_RELEVANT c438eca2d42985af7c1267dba6e34c6f
ACTION DOC 1200 1002 EXAMINING_DOCUMENT c438eca2d42985af7c1267dba6e34c6f
ACTION MARK 1200 1005 CONSIDERED_RELEVANT c438eca2d42985af7c1267dba6e34c6f
ACTION SNIPPET 1200 1005 SNIPPET_RELEVANT ba13d8ba-1956-11e7-855e-4824bbb5d748
ACTION DOC 1200 1025 EXAMINING_DOCUMENT ba13d8ba-1956-11e7-855e-4824bbb5d748
ACTION MARK 1200 1028 CONSIDERED_RELEVANT ba13d8ba-1956-11e7-855e-4824bbb5d748
ACTION SNIPPET 1200 1028 SNIPPET_RELEVANT 8514d103984321915bd985538328c461
ACTION DOC 1200 1048 EXAMINING_DOCUMENT 8514d103984321915bd985538328c461
ACTION MARK 1200 1051 CONSIDERED_RELEVANT 8514d103984321915bd985538328c461
ACTION SNIPPET 1200 1051 SNIPPET_RELEVANT 8e62d76c-ff35-11e4-805c-c3f407e5a9e9
ACTION DOC 1200 1071 EXAMINING_DOCUMENT 8e62d76c-ff35-11e4-805c-c3f407e5a9e9
ACTION SNIPPET 1200 1071 SNIPPET_RELEVANT f064d630-0e2c-11e5-a0dc-2b6f404ff5cf
ACTION DOC 1200 1091 EXAMINING_DOCUMENT f064d630-0e2c-11e5-a0dc-2b6f404ff5cf
ACTION SNIPPET 1200 1091 SEEN_PREVIOUSLY 6ddf7abe-acb2-11e6-a31b-4b6397e625d0
ACTION SNIPPET 1200 1091 SEEN_PREVIOUSLY 419fb8b35a716fdc6cf0ed3caabd9a75
ACTION SNIPPET 1200 1091 SNIPPET_RELEVANT f85d1b2a3d7772bfb4c153bcb881b021
ACTION DOC 1200 1111 EXAMINING_DOCUMENT f85d1b2a3d7772bfb4c153bcb881b021
ACTION QUERY 1200 1121 bear human conflicts
ACTION SERP 1200 1126 EXAMINE_SERP
ACTION SNIPPET 1200 1126 SEEN_PREVIOUSLY 58eae925bd952eec0f6ba3a94110d362
ACTION SNIPPET 1200 1126 SEEN_PREVIOUSLY 8514d103984321915bd985538328c461
ACTION SNIPPET 1200 1126 SNIPPET_RELEVANT 20d7152a-f2ee-11e5-89c3-a647fcce95e0
ACTION DOC 1200 1146 EXAMINING_DOCUMENT 20d7152a-f2ee-11e5-89c3-a647fcce95e0
ACTION SNIPPET 1200 1146 SNIPPET_RELEVANT 55d10e90-5d38-11e4-8b9e-2ccdac31a031
ACTION DOC 1200 1166 EXAMINING_DOCUMENT 55d10e90-5d38-11e4-8b9e-2ccdac31a031
ACTION SNIPPET 1200 1166 SNIPPET_RELEVANT 252a55c0-dd80-11e5-81ae-7491b9b9e7df
ACTION DOC 1200 1186 EXAMINING_DOCUMENT 252a55c0-dd80-11e5-81ae-7491b9b9e7df
ACTION SNIPPET 1200 1186 SNIPPET_RELEVANT 4dc938d02e8348fae86861b3552a05c1
ACTION DOC 1200 1206 EXAMINING_DOCUMENT 4dc938d02e8348fae86861b3552a05c1
INFO SUMMARY 
INFO TOTAL_QUERIES_ISSUED 9
INFO TOTAL_SNIPPETS_EXAMINED 71
INFO TOTAL_DOCUMENTS_EXAMINED 51
INFO TOTAL_DOCUMENTS_MARKED_RELEVANT 17
INFO TOTAL_ATTRACTIVE_SERP_IMPRESSIONS 9
INFO TOTAL_UNATTRACTIVE_SERP_IMPRESSIONS 0
