ACTION START 1200 0 START
ACTION QUERY 1200 10 food stamp increase
ACTION SERP 1200 15 EXAMINE_SERP
ACTION SNIPPET 1200 15 SNIPPET_NOT_RELEVANT fd39a3e8-a250-11e3-84d4-e59b1709222c
ACTION SNIPPET 1200 15 SNIPPET_NOT_RELEVANT 216260efaa9bc4168fa6ad0fc18fc8eb
ACTION SNIPPET 1200 15 SNIPPET_NOT_RELEVANT abbdd3a35167a6dbc7491f4be7c6eded
ACTION SNIPPET 1200 15 SNIPPET_NOT_RELEVANT 70a5ff34-41cb-11e3-a624-41d661b0bb78
ACTION SNIPPET 1200 15 SNIPPET_NOT_RELEVANT 0d5e994829c3ed41d7e016f711b4cda9
ACTION SNIPPET 1200 15 SNIPPET_NOT_RELEVANT ae473baa82bc53da910dd692583fed2f
ACTION SNIPPET 1200 15 SNIPPET_NOT_RELEVANT 23572f40ec4ce5583e783d12f57d75ae
ACTION SNIPPET 1200 15 SNIPPET_NOT_RELEVANT 6fdc62d37aaf685b809c501abe13c56c
ACTION SNIPPET 1200 15 SNIPPET_NOT_RELEVANT b2577fc3238a9e2ac2b3575965c84090
ACTION SNIPPET 1200 15 SNIPPET_NOT_RELEVANT 5da022e634d6c6faf7b7d49a6cb7db7c
ACTION SNIPPET 1200 15 SNIPPET_RELEVANT 433417acbd7d0487f51b0d5cb0533779
ACTION DOC 1200 35 EXAMINING_DOCUMENT 433417acbd7d0487f51b0d5cb0533779
ACTION MARK 1200 38 CONSIDERED_RELEVANT 433417acbd7d0487f51b0d5cb0533779
ACTION SNIPPET 1200 38 SNIPPET_NOT_RELEVANT 52c42614-e256-11e2-80eb-3145e2994a55
ACTION SNIPPET 1200 38 SNIPPET_RELEVANT bf9d2620-a7c5-11e3-b61e-8051b8b52d06
ACTION DOC 1200 58 EXAMINING_DOCUMENT bf9d2620-a7c5-11e3-b61e-8051b8b52d06
ACTION MARK 1200 61 CONSIDERED_RELEVANT bf9d2620-a7c5-11e3-b61e-8051b8b52d06
ACTION SNIPPET 1200 61 SNIPPET_NOT_RELEVANT 833c54f5aa936a1bc4bdced512d123af
ACTION SNIPPET 1200 61 SNIPPET_NOT_RELEVANT 150e4bfa-a3db-11e3-a5fa-55f0c77bf39c
ACTION SNIPPET 1200 61 SNIPPET_NOT_RELEVANT 25efc9909f22f178f770ac9b966cfab2
ACTION SNIPPET 1200 61 SNIPPET_RELEVANT 7305a4d97cddfeff4e862e09d85c24b5
ACTION DOC 1200 81 EXAMINING_DOCUMENT 7305a4d97cddfeff4e862e09d85c24b5
ACTION MARK 1200 84 CONSIDERED_RELEVANT 7305a4d97cddfeff4e862e09d85c24b5
ACTION SNIPPET 1200 84 SNIPPET_NOT_RELEVANT c664009eedd385af7d6f234fb16dd3a8
ACTION SNIPPET 1200 84 SNIPPET_NOT_RELEVANT 80de73ec3c45427a989a5f288b85b3ec
ACTION SNIPPET 1200 84 SNIPPET_NOT_RELEVANT f0eeed304517db5c8b5453275ee2b59c
ACTION SNIPPET 1200 84 SNIPPET_NOT_RELEVANT d0f736b8-44c9-11e3-b6f8-3782ff6cb769
ACTION SNIPPET 1200 84 SNIPPET_RELEVANT 2ca56f93b52c8b9c0e7a49ccfa4c891b
ACTION DOC 1200 104 EXAMINING_DOCUMENT 2ca56f93b52c8b9c0e7a49ccfa4c891b
ACTION MARK 1200 107 CONSIDERED_RELEVANT 2ca56f93b52c8b9c0e7a49ccfa4c891b
ACTION SNIPPET 1200 107 SNIPPET_NOT_RELEVANT af0aecdc98edafc901de8c9194bc4697
ACTION SNIPPET 1200 107 SNIPPET_NOT_RELEVANT a6faf28bf691bfcb5bcd7f15b890b1f0
ACTION SNIPPET 1200 107 SNIPPET_NOT_RELEVANT aa0cac9796a64191740a07b4f089127a
ACTION SNIPPET 1200 107 SNIPPET_NOT_RELEVANT ac6f0e3c-1e3c-11e3-94a2-6c66b668ea55
ACTION SNIPPET 1200 107 SNIPPET_NOT_RELEVANT ee3432ce-eb07-11e2-8f22-de4bd2a2bd39
ACTION SNIPPET 1200 107 SNIPPET_NOT_RELEVANT a2f5d9e6-142f-11e4-9285-4243a40ddc97
ACTION SNIPPET 1200 107 SNIPPET_NOT_RELEVANT 090e9534-214b-11e3-b73c-aab60bf735d0
ACTION SNIPPET 1200 107 SNIPPET_NOT_RELEVANT 8d354f432853783669c49a129659054b
ACTION SNIPPET 1200 107 SNIPPET_NOT_RELEVANT c736a8ef475b9974ff2dc2d3a23c43f0
ACTION SNIPPET 1200 107 SNIPPET_NOT_RELEVANT 433368e4a90accd4d9a998f8abfa8760
ACTION SNIPPET 1200 107 SNIPPET_NOT_RELEVANT 35de937888362c3851df06b66fa6b0a8
ACTION SNIPPET 1200 107 SNIPPET_NOT_RELEVANT 45a07db550aee6859ca02b987a9ac8c7
ACTION SNIPPET 1200 107 SNIPPET_NOT_RELEVANT b7d26655980ca50a9a753574b3f89708
ACTION SNIPPET 1200 107 SNIPPET_NOT_RELEVANT 9e792eb4-57a5-11e3-835d-e7173847c7cc
ACTION SNIPPET 1200 107 SNIPPET_NOT_RELEVANT 7cb15ee8-47c2-11e3-b6f8-3782ff6cb769
ACTION SNIPPET 1200 107 SNIPPET_NOT_RELEVANT c9b9e9ac5e8bdde579c6fae62c265069
ACTION SNIPPET 1200 107 SNIPPET_NOT_RELEVANT fba7ece89ccca93f705689ae540e2a36
ACTION SNIPPET 1200 107 SNIPPET_NOT_RELEVANT dd7bd618e111af0d353b2886026e9e0c
ACTION SNIPPET 1200 107 SNIPPET_NOT_RELEVANT 72329928-4b00-11e3-bf60-c1ca136ae14a
ACTION SNIPPET 1200 107 SNIPPET_NOT_RELEVANT 39999cc4e98bd45f0d27e3b1375b6eae
ACTION SNIPPET 1200 107 SNIPPET_NOT_RELEVANT 1087e0371b79c4063de4736ae078bfa0
ACTION SNIPPET 1200 107 SNIPPET_NOT_RELEVANT 7024de67e432e064b947b3943135453a
ACTION SNIPPET 1200 107 SNIPPET_NOT_RELEVANT 36f1905d3600b9f5b438e13bfae53788
ACTION SNIPPET 1200 107 SNIPPET_NOT_RELEVANT be629dd41c465a62240566d84a1a283c
ACTION SNIPPET 1200 107 SNIPPET_NOT_RELEVANT 65ac267a6db8b46aba85cf8ad4b2b684
ACTION SNIPPET 1200 107 SNIPPET_NOT_RELEVANT 11d01a7c82169cd396ac559e16c763cc
ACTION SNIPPET 1200 107 SNIPPET_NOT_RELEVANT af2f4a40-8fff-11e2-9cfd-36d6c9b5d7ad
ACTION SNIPPET 1200 107 SNIPPET_NOT_RELEVANT cf3994c55cc7c99610a7434e206947d8
ACTION SNIPPET 1200 107 SNIPPET_NOT_RELEVANT e3fa39225bf5e7ec13e529b95e942a59
ACTION SNIPPET 1200 107 SNIPPET_NOT_RELEVANT ad2572fdb1c34200679d4adf8dd65ca8
ACTION SNIPPET 1200 107 SNIPPET_NOT_RELEVANT f30bb97b4a31d0f3152c7659865391ba
ACTION SNIPPET 1200 107 SNIPPET_NOT_RELEVANT 2ccc2dc71b9f0a275a19d4a01e3e7dd6
ACTION SNIPPET 1200 107 SNIPPET_NOT_RELEVANT b4344cb95a76f784e4cf74a058044083
ACTION SNIPPET 1200 107 SNIPPET_NOT_RELEVANT abde80d438c57404c0769d52c9eb5712
ACTION SNIPPET 1200 107 SNIPPET_NOT_RELEVANT 5129b8b2c47f153ee4a1107a03b5112a
ACTION SNIPPET 1200 107 SNIPPET_RELEVANT a25d386b0e49f1d49ce86cb719e05be6
ACTION DOC 1200 127 EXAMINING_DOCUMENT a25d386b0e49f1d49ce86cb719e05be6
ACTION MARK 1200 130 CONSIDERED_RELEVANT a25d386b0e49f1d49ce86cb719e05be6
ACTION QUERY 1200 140 SNAP benefits expansion
ACTION SERP 1200 145 EXAMINE_SERP
ACTION SNIPPET 1200 145 SNIPPET_NOT_RELEVANT 5c021d082edfabf7d7fee3e823819556
ACTION SNIPPET 1200 145 SNIPPET_NOT_RELEVANT fba7ece89ccca93f705689ae540e2a36
ACTION SNIPPET 1200 145 SNIPPET_NOT_RELEVANT 33e0f498-b402-11e2-bbf2-a6f9e9d79e19
ACTION SNIPPET 1200 145 SNIPPET_NOT_RELEVANT e8b42978f0ae3ef19921d25716ee861f
ACTION SNIPPET 1200 145 SNIPPET_RELEVANT 50e916ffb415566f87d3a742671407c9
ACTION DOC 1200 165 EXAMINING_DOCUMENT 50e916ffb415566f87d3a742671407c9
ACTION MARK 1200 168 CONSIDERED_RELEVANT 50e916ffb415566f87d3a742671407c9
ACTION SNIPPET 1200 168 SNIPPET_NOT_RELEVANT 541c6c37751a0c6c536645bd1e7c5add
ACTION SNIPPET 1200 168 SNIPPET_NOT_RELEVANT 2fac427c55375bcaa32e486d8577abf5
ACTION SNIPPET 1200 168 SNIPPET_NOT_RELEVANT 5cc4c5c9aed2daca4cabade2c8cb6b43
ACTION SNIPPET 1200 168 SNIPPET_NOT_RELEVANT 8fab4e1a154af7b6e3b90effd0d5c95c
ACTION SNIPPET 1200 168 SNIPPET_NOT_RELEVANT d6134be9fe6dd6f86ee2c4468b05c4ca
ACTION SNIPPET 1200 168 SNIPPET_NOT_RELEVANT 513c56d17b8d4d7dfb357b1c5885ef08
ACTION SNIPPET 1200 168 SNIPPET_NOT_RELEVANT 71e20d4e-4314-11e3-8b74-d89d714ca4dd
ACTION SNIPPET 1200 168 SNIPPET_NOT_RELEVANT ec55f826-b90a-11e3-9a05-c739f29ccb08
ACTION SNIPPET 1200 168 SNIPPET_NOT_RELEVANT 917a9474051469ee71afdb58cbd44580
ACTION SNIPPET 1200 168 SNIPPET_NOT_RELEVANT b86c9b74-89e3-11e3-833c-33098f9e5267
ACTION SNIPPET 1200 168 SNIPPET_NOT_RELEVANT 7cb15ee8-47c2-11e3-b6f8-3782ff6cb769
ACTION SNIPPET 1200 168 SNIPPET_NOT_RELEVANT 8e873a7898189c081de9b241923794a0
ACTION SNIPPET 1200 168 SNIPPET_NOT_RELEVANT ab332840-f3af-11e6-b9c9-e83fce42fb61
ACTION SNIPPET 1200 168 SNIPPET_NOT_RELEVANT 7089f98f57a7bad6eb20171aee9d1cbe
ACTION SNIPPET 1200 168 SNIPPET_NOT_RELEVANT d703633e-7c29-11e6-8064-c1ddc8a724bb
ACTION SNIPPET 1200 168 SNIPPET_NOT_RELEVANT e02a06d2d2a53f5798ab0c5f67828dc5
ACTION SNIPPET 1200 168 SNIPPET_NOT_RELEVANT 62c01f44-3e34-11e7-adba-394ee67a7582
ACTION SNIPPET 1200 168 SNIPPET_NOT_RELEVANT 21e54772-1564-11e7-833c-503e1f6394c9
ACTION SNIPPET 1200 168 SNIPPET_NOT_RELEVANT c9dc154c033a3e667efe5dbb23ecdd71
ACTION SNIPPET 1200 168 SNIPPET_NOT_RELEVANT abfad447bb7cf5094f5508af6c4da371
ACTION SNIPPET 1200 168 SNIPPET_NOT_RELEVANT 04944c22446c5ea4ebce229d35f01e2b
ACTION SNIPPET 1200 168 SNIPPET_NOT_RELEVANT b9ab0eaecc249891de9e5f3fa63b2320
ACTION SNIPPET 1200 168 SNIPPET_NOT_RELEVANT cfa3acd7223de8d36474eb3dfd84fb1a
ACTION SNIPPET 1200 168 SNIPPET_NOT_RELEVANT 7aa8a7d2-b90a-11e3-9a05-c739f29ccb08
ACTION SNIPPET 1200 168 SNIPPET_NOT_RELEVANT 8fc7d76ef2a8d3ecd9c233f5ed07fa9d
ACTION SNIPPET 1200 168 SNIPPET_NOT_RELEVANT 733a870e7ce9c861709363c32d37b13e
ACTION SNIPPET 1200 168 SNIPPET_NOT_RELEVANT ee9e8e6278148eee44b4a8f8a4061bb9
ACTION SNIPPET 1200 168 SNIPPET_NOT_RELEVANT 0f979e56-f6f8-11e6-aa1e-5f735ee31334
ACTION SNIPPET 1200 168 SNIPPET_NOT_RELEVANT bc843f2b1988e6a66f24fe43434894b2
ACTION SNIPPET 1200 168 SNIPPET_NOT_RELEVANT 56ab8e419c58d94dbc30ba5799cc8a40
ACTION SNIPPET 1200 168 SNIPPET_NOT_RELEVANT 42af511a-cda3-11e4-8a46-b1dc9be5a8ff
ACTION SNIPPET 1200 168 SNIPPET_NOT_RELEVANT 3391377efe8b494b5fbc0067b80ad084
ACTION SNIPPET 1200 168 SNIPPET_NOT_RELEVANT b74d51f2fa0868a1acfee92413cdadce
ACTION SNIPPET 1200 168 SNIPPET_NOT_RELEVANT f359e8b8-221d-11e4-8b10-7db129976abb
ACTION SNIPPET 1200 168 SNIPPET_NOT_RELEVANT 29f7bc44-5202-11e7-b064-828ba60fbb98
ACTION SNIPPET 1200 168 SNIPPET_NOT_RELEVANT f2c248a4ad83a2065a54e4bee9c7fd1d
ACTION SNIPPET 1200 168 SNIPPET_NOT_RELEVANT 041f452f48734b344c58b0003d71723f
ACTION SNIPPET 1200 168 SNIPPET_NOT_RELEVANT c473841e4ace2833abbaf141bdc7fd79
ACTION SNIPPET 1200 168 SNIPPET_NOT_RELEVANT 02090d44-3eb1-11e4-b0ea-8141703bbf6f
ACTION SNIPPET 1200 168 SNIPPET_NOT_RELEVANT 2b75a203e0a6932ebe8c101707f4382c
ACTION SNIPPET 1200 168 SNIPPET_NOT_RELEVANT b0b5e4e6-5a6d-11e6-8b48-0cb344221131
ACTION SNIPPET 1200 168 SNIPPET_NOT_RELEVANT f8edad6a0b52b8ff5eedfb89f1047f62
ACTION SNIPPET 1200 168 SNIPPET_NOT_RELEVANT 6ee58680-7ebe-11e3-9556-4a4bf7bcbd84
ACTION SNIPPET 1200 168 SNIPPET_RELEVANT 30ff74a1f1042dd0a4465a5163cd378f
ACTION DOC 1200 188 EXAMINING_DOCUMENT 30ff74a1f1042dd0a4465a5163cd378f
ACTION MARK 1200 191 CONSIDERED_RELEVANT 30ff74a1f1042dd0a4465a5163cd378f
ACTION SNIPPET 1200 191 SNIPPET_NOT_RELEVANT 4f8b0f14-e7a7-11e4-9a6a-c1ab95a0600b
ACTION SNIPPET 1200 191 SNIPPET_NOT_RELEVANT 3371f80a-8092-11e4-9f38-95a187e4c1f7
ACTION SNIPPET 1200 191 SNIPPET_NOT_RELEVANT f32c43b6961fec451b53e6cac9bb56ba
ACTION SNIPPET 1200 191 SNIPPET_NOT_RELEVANT fb86186eaf6488cc97c87f6b0dc8543a
ACTION SNIPPET 1200 191 SNIPPET_NOT_RELEVANT 3bd2e5bbb01092d02318fb91601a9b9b
ACTION SNIPPET 1200 191 SNIPPET_NOT_RELEVANT 4619a7d0-7da0-11e5-b575-d8dcfedb4ea1
ACTION SNIPPET 1200 191 SNIPPET_NOT_RELEVANT a3b5e5ed105b0fbb2dede9307ddbd153
ACTION SNIPPET 1200 191 SNIPPET_NOT_RELEVANT 27c8b5a6be849f3fdd995846a68cd76c
ACTION SNIPPET 1200 191 SNIPPET_NOT_RELEVANT cca153ecf3b880d629b87bfb90242078
ACTION SNIPPET 1200 191 SNIPPET_NOT_RELEVANT 516ce882-8454-11e3-a273-6ffd9cf9f4ba
ACTION SNIPPET 1200 191 SNIPPET_NOT_RELEVANT 1cb68ade-1ed4-11e3-9ad0-96244100e647
ACTION SNIPPET 1200 191 SNIPPET_NOT_RELEVANT bbdb30a0-7303-11e3-bc6b-712d770c3715
ACTION SNIPPET 1200 191 SNIPPET_NOT_RELEVANT 83a6cd3d627ef2c31e6824532a01656d
ACTION SNIPPET 1200 191 SNIPPET_NOT_RELEVANT c24377e430a592741f62a30d8a1bd54b
ACTION SNIPPET 1200 191 SNIPPET_NOT_RELEVANT 8dd2cf70-6bec-11e7-96ab-5f38140b38cc
ACTION SNIPPET 1200 191 SNIPPET_NOT_RELEVANT 36de54ba-507a-11e7-be25-3a519335381c
ACTION SNIPPET 1200 191 SNIPPET_NOT_RELEVANT 158c767bdf94276179cf1ee384abec29
ACTION SNIPPET 1200 191 SNIPPET_NOT_RELEVANT 0589522a5fe60738cfb6e51bca054528
ACTION SNIPPET 1200 191 SNIPPET_NOT_RELEVANT 6059c546fd08c11c796a0a00ea905eac
ACTION SNIPPET 1200 191 SNIPPET_NOT_RELEVANT 11cfe2c6-3385-11e3-8627-c5d7de0a046b
ACTION SNIPPET 1200 191 SNIPPET_NOT_RELEVANT 2065e3b6885d47e0893ab21c7c55cce7
ACTION SNIPPET 1200 191 SNIPPET_NOT_RELEVANT bc4b07b6-b90a-11e3-9a05-c739f29ccb08
ACTION SNIPPET 1200 191 SNIPPET_NOT_RELEVANT e7dc75f073dbbfa6cdb0098ba5456b92
ACTION SNIPPET 1200 191 SNIPPET_NOT_RELEVANT e2281f51d35cb9068927e0013c2b7ebe
ACTION SNIPPET 1200 191 SNIPPET_NOT_RELEVANT e9a887e8e658e7af8e3ada855ee61236
ACTION SNIPPET 1200 191 SNIPPET_NOT_RELEVANT 6055bf3df5d1ea63f599b89304580843
ACTION SNIPPET 1200 191 SNIPPET_NOT_RELEVANT baba04812748be109ef612c171a7c355
ACTION SNIPPET 1200 191 SNIPPET_NOT_RELEVANT e0d437f0-dd3c-11e3-8009-71de85b9c527
ACTION SNIPPET 1200 191 SNIPPET_NOT_RELEVANT 1bdf5b9431302e44519d5ac7560d292e
ACTION SNIPPET 1200 191 SNIPPET_NOT_RELEVANT de11b24b415a971a198fc066bc1b1840
ACTION SNIPPET 1200 191 SNIPPET_NOT_RELEVANT a9bf286442e6e65e68b1a3692a3c109b
ACTION SNIPPET 1200 191 SNIPPET_NOT_RELEVANT eb4479c2-6c41-11e4-bafd-6598192a448d
ACTION SNIPPET 1200 191 SNIPPET_NOT_RELEVANT 8cd41e5d7f9bc8dbae975a2e31a7a43f
ACTION SNIPPET 1200 191 SNIPPET_NOT_RELEVANT da8b2455dbe082909815678843809c18
ACTION SNIPPET 1200 191 SNIPPET_NOT_RELEVANT 57b5dd4f92b3dd62d001ed987d3d32a0
ACTION SNIPPET 1200 191 SNIPPET_NOT_RELEVANT 1c32b8ed229cfb5c9fa391c374e69031
ACTION SNIPPET 1200 191 SNIPPET_NOT_RELEVANT 6ac38bd92c92350cb9dfdf33c46f5437
ACTION SNIPPET 1200 191 SNIPPET_NOT_RELEVANT 8dd83150a5dc042bdce47da756b38138
ACTION SNIPPET 1200 191 SNIPPET_NOT_RELEVANT 589f8968-e30d-11e2-bffd-37a36ddab820
ACTION SNIPPET 1200 191 SNIPPET_NOT_RELEVANT d4fc1e850aef419f5b4ffb49a3e79cdb
ACTION SNIPPET 1200 191 SNIPPET_NOT_RELEVANT fdce6f33477c31103c57a71dedbef03b
ACTION SNIPPET 1200 191 SNIPPET_NOT_RELEVANT 027497a8-1cb1-11e3-a628-7e6dde8f889d
ACTION SNIPPET 1200 191 SNIPPET_NOT_RELEVANT d6c9be08f2babdf5140a417e25ee0721
ACTION SNIPPET 1200 191 SNIPPET_NOT_RELEVANT e8b42a64-a49a-11e3-a5fa-55f0c77bf39c
ACTION SNIPPET 1200 191 SNIPPET_NOT_RELEVANT 35e1e915e28e2dd2f1b4ae879381364f
ACTION SNIPPET 1200 191 SNIPPET_NOT_RELEVANT 9e9389b45a7d2e158f848739a202d41c
ACTION SNIPPET 1200 191 SNIPPET_NOT_RELEVANT ed41e5cfbc726cb0957628e1a76f5a94
ACTION SNIPPET 1200 191 SNIPPET_NOT_RELEVANT 72329928-4b00-11e3-bf60-c1ca136ae14a
ACTION SNIPPET 1200 191 SNIPPET_NOT_RELEVANT f38e8ce480d06ef727bd447639d0e872
ACTION SNIPPET 1200 191 SNIPPET_NOT_RELEVANT 5dcf651ce7d3ce2d3fb5dc2ca0cda7d3
ACTION SNIPPET 1200 191 SNIPPET_NOT_RELEVANT 32c5bdf79eddfb1e11506cbac55aad88
INFO SERP_END_REACHED 
ACTION QUERY 1200 201 food assistance program growth
ACTION SERP 1200 206 EXAMINE_SERP
ACTION SNIPPET 1200 206 SNIPPET_NOT_RELEVANT 549eb6ede3688409ba4c706b596d45a2
ACTION SNIPPET 1200 206 SNIPPET_NOT_RELEVANT c664009eedd385af7d6f234fb16dd3a8
ACTION SNIPPET 1200 206 SNIPPET_NOT_RELEVANT f2217d815071a4ee058a9ce32cde534c
ACTION SNIPPET 1200 206 SNIPPET_NOT_RELEVANT df1e7713ba3f8ac10271cc012a1c2a3b
ACTION SNIPPET 1200 206 SNIPPET_NOT_RELEVANT 85bc8143e4015f8aca325067444b1aab
ACTION SNIPPET 1200 206 SNIPPET_NOT_RELEVANT e3ac28aa-eb04-11e2-818e-aa29e855f3ab
ACTION SNIPPET 1200 206 SNIPPET_NOT_RELEVANT 276214d2-1be3-11e4-ae54-0cfe1f974f8a
ACTION SNIPPET 1200 206 SNIPPET_NOT_RELEVANT ac3764c8-8b12-11e6-875e-2c1bfe943b66
ACTION SNIPPET 1200 206 SNIPPET_NOT_RELEVANT e00ec958-a82c-11e6-8042-f4d111c862d1
ACTION SNIPPET 1200 206 SNIPPET_NOT_RELEVANT 213806362586be0f892d642eb0b6d27f
ACTION SNIPPET 1200 206 SNIPPET_NOT_RELEVANT a219dba6-90c6-11e6-9c85-ac42097b8cc0
ACTION SNIPPET 1200 206 SNIPPET_NOT_RELEVANT 8e21b65a-ee27-11e6-b4ff-ac2cf509efe5
ACTION SNIPPET 1200 206 SNIPPET_NOT_RELEVANT dd22bbd18acdce3d5f84eb33020e82d4
ACTION SNIPPET 1200 206 SNIPPET_NOT_RELEVANT f91ba65a-e8a0-11e6-80c2-30e57e57e05d
ACTION SNIPPET 1200 206 SNIPPET_NOT_RELEVANT 83386da0-038b-11e7-b9fa-ed727b644a0b
ACTION SNIPPET 1200 206 SNIPPET_NOT_RELEVANT 75a72146-a07f-11e6-a44d-cc2898cfab06
ACTION SNIPPET 1200 206 SNIPPET_NOT_RELEVANT fe29bbe9666f42c736d5c8bff3811079
ACTION SNIPPET 1200 206 SNIPPET_NOT_RELEVANT 818dcab8-fe0e-11e6-8ebe-6e0dbe4f2bca
ACTION SNIPPET 1200 206 SNIPPET_NOT_RELEVANT 8dffe256-9610-11e6-bc79-af1cd3d2984b
ACTION SNIPPET 1200 206 SNIPPET_NOT_RELEVANT 4ebd6496-9ba7-11e6-a0ed-ab0774c1eaa5
ACTION SNIPPET 1200 206 SNIPPET_NOT_RELEVANT 21c95d60-b0fa-11e6-8616-52b15787add0
ACTION SNIPPET 1200 206 SNIPPET_NOT_RELEVANT cf0ff5d2-7389-11e1-862c-76c4e0e725cd
ACTION SNIPPET 1200 206 SNIPPET_NOT_RELEVANT 3a7884f8-bbd1-11e6-91ee-1adddfe36cbe
ACTION SNIPPET 1200 206 SNIPPET_NOT_RELEVANT ab46b0ba-c185-11e6-8422-eac61c0ef74d
ACTION SNIPPET 1200 206 SNIPPET_NOT_RELEVANT 8be32a2ed431b841a0c87d459eeadb29
ACTION SNIPPET 1200 206 SNIPPET_NOT_RELEVANT 50bb92b6-c93a-11e6-8bee-54e800ef2a63
ACTION SNIPPET 1200 206 SNIPPET_NOT_RELEVANT 1c37146a-ab7c-11e6-8b45-f8e493f06fcd
ACTION SNIPPET 1200 206 SNIPPET_NOT_RELEVANT e94ec6a0-b66c-11e6-959c-172c82123976
ACTION SNIPPET 1200 206 SNIPPET_NOT_RELEVANT a0ed5522a6705caa2cad0f0e64c7fe22
ACTION SNIPPET 1200 206 SNIPPET_NOT_RELEVANT 7d3b642a-7529-11e6-b786-19d0cb1ed06c
ACTION SNIPPET 1200 206 SNIPPET_NOT_RELEVANT e7398fa4-6f03-11e6-8533-6b0b0ded0253
ACTION SNIPPET 1200 206 SNIPPET_NOT_RELEVANT bddd7826-8809-11e2-999e-5f8e0410cb9d
ACTION SNIPPET 1200 206 SNIPPET_NOT_RELEVANT 8003e1e0-7f52-11e6-8d0c-fb6c00c90481
ACTION SNIPPET 1200 206 SNIPPET_NOT_RELEVANT 26237a56-38fe-11e4-8601-97ba88884ffd
ACTION SNIPPET 1200 206 SNIPPET_NOT_RELEVANT dd69b4c2-8434-11e6-92c2-14b64f3d453f
ACTION SNIPPET 1200 206 SNIPPET_NOT_RELEVANT 69dbdb5e-3f1c-11e7-adba-394ee67a7582
ACTION SNIPPET 1200 206 SNIPPET_NOT_RELEVANT bc43de54-f39b-11e6-a9b0-ecee7ce475fc
ACTION SNIPPET 1200 206 SNIPPET_NOT_RELEVANT 5f4a1b65bb982899ec2b5689dafd9142
ACTION SNIPPET 1200 206 SNIPPET_NOT_RELEVANT f46c9b52-f92e-11e6-be05-1a3817ac21a5
ACTION SNIPPET 1200 206 SNIPPET_NOT_RELEVANT 59e520b8-d2af-11e6-945a-76f69a399dd5
ACTION SNIPPET 1200 206 SNIPPET_NOT_RELEVANT fd39a3e8-a250-11e3-84d4-e59b1709222c
ACTION SNIPPET 1200 206 SNIPPET_NOT_RELEVANT 0b33b112-1bf7-11e4-ae54-0cfe1f974f8a
ACTION SNIPPET 1200 206 SNIPPET_NOT_RELEVANT 66f797a0-2257-11e4-86ca-6f03cbd15c1a
ACTION SNIPPET 1200 206 SNIPPET_NOT_RELEVANT 01f4a2e6-3f78-11e5-9561-4b3dc93e3b9a
ACTION SNIPPET 1200 206 SNIPPET_NOT_RELEVANT 683ec630-e3f4-11e2-bffd-37a36ddab820
ACTION SNIPPET 1200 206 SNIPPET_NOT_RELEVANT c5c91236-da83-11e1-9745-d9ae6098d493
ACTION SNIPPET 1200 206 SNIPPET_NOT_RELEVANT 95319148-f264-11e3-bf76-447a5df6411f
ACTION SNIPPET 1200 206 SNIPPET_NOT_RELEVANT 8e4ff19a-2887-11e4-86ca-6f03cbd15c1a
ACTION SNIPPET 1200 206 SNIPPET_NOT_RELEVANT fd59806c-e5b9-11e3-8f90-73e071f3d637
ACTION SNIPPET 1200 206 SNIPPET_NOT_RELEVANT e1ee0b48-3395-11e4-8f02-03c644b2d7d0
ACTION SNIPPET 1200 206 SNIPPET_NOT_RELEVANT b6be493a-2ed9-11e4-994d-202962a9150c
ACTION SNIPPET 1200 206 SNIPPET_NOT_RELEVANT 35de937888362c3851df06b66fa6b0a8
ACTION SNIPPET 1200 206 SNIPPET_NOT_RELEVANT c1b5400721fb8f78c8fb4c2cbba3ccba
ACTION SNIPPET 1200 206 SNIPPET_NOT_RELEVANT 86a77bac-ba74-11e2-b94c-b684dda07add
ACTION SNIPPET 1200 206 SNIPPET_NOT_RELEVANT 5359b7e0-0509-11e7-b1e9-a05d3c21f7cf
ACTION SNIPPET 1200 206 SNIPPET_NOT_RELEVANT fb3ff46a20b0f8a6abe213edd43906df
ACTION SNIPPET 1200 206 SNIPPET_NOT_RELEVANT 79005a4e-09bd-11e3-b87c-476db8ac34cd
ACTION SNIPPET 1200 206 SNIPPET_NOT_RELEVANT cb9bd984-8930-11e3-916e-e01534b1e132
ACTION SNIPPET 1200 206 SNIPPET_NOT_RELEVANT e2b8f96a93774ef75596e54581d2a439
ACTION SNIPPET 1200 206 SNIPPET_NOT_RELEVANT 3121bef7ddad4c770fca403d7b3f6105
ACTION SNIPPET 1200 206 SNIPPET_NOT_RELEVANT 141ea38c-e322-11e6-a547-5fb9411d332c
ACTION SNIPPET 1200 206 SNIPPET_NOT_RELEVANT 41da1938-dd9a-11e6-918c-99ede3c8cafa
ACTION SNIPPET 1200 206 SNIPPET_NOT_RELEVANT bf69485c7b0336aae2c2082a8623a82e
ACTION SNIPPET 1200 206 SNIPPET_NOT_RELEVANT 13f8c95f0dffa64d1a83ee7179974a3c
ACTION SNIPPET 1200 206 SNIPPET_NOT_RELEVANT c1823d2a8d5d01189c00b81af18d2246
ACTION SNIPPET 1200 206 SNIPPET_NOT_RELEVANT 55bc0600-3f15-11e7-adba-394ee67a7582
ACTION SNIPPET 1200 206 SNIPPET_NOT_RELEVANT 6ab1f4c2-b723-11e6-a677-b608fbb3aaf6
ACTION SNIPPET 1200 206 SNIPPET_NOT_RELEVANT ead7fbc571370e9cbca366cdc33f7f36
ACTION SNIPPET 1200 206 SNIPPET_NOT_RELEVANT 3ebcf262-d8ee-11e6-b8b2-cb5164beba6b
ACTION SNIPPET 1200 206 SNIPPET_NOT_RELEVANT dd618a4be3b8504e76ada29cd40d3467
ACTION SNIPPET 1200 206 SNIPPET_NOT_RELEVANT 9d7f5bb3a093c50dcc382eff4c57b618
ACTION SNIPPET 1200 206 SNIPPET_NOT_RELEVANT ed3251c6-d6c5-11e3-95d3-3bcd77cd4e11
ACTION SNIPPET 1200 206 SNIPPET_NOT_RELEVANT 372e37cd9626cfb72614df044d34dae2
ACTION SNIPPET 1200 206 SNIPPET_NOT_RELEVANT 328bfebc-09ad-11e7-a15f-a58d4a988474
ACTION SNIPPET 1200 206 SNIPPET_NOT_RELEVANT ac6f0e3c-1e3c-11e3-94a2-6c66b668ea55
ACTION SNIPPET 1200 206 SNIPPET_NOT_RELEVANT fad9863c8e3e9a81a6e691a8fc39c355
ACTION SNIPPET 1200 206 SNIPPET_NOT_RELEVANT 3aba0926182291efc43f919dcd2a31a5
ACTION SNIPPET 1200 206 SNIPPET_NOT_RELEVANT aa0cac9796a64191740a07b4f089127a
ACTION SNIPPET 1200 206 SNIPPET_NOT_RELEVANT e8ab31a2-b111-11e2-9a98-4be1688d7d84
ACTION SNIPPET 1200 206 SNIPPET_NOT_RELEVANT 448a55a6-4de6-11e1-970f-5aedabc3a02c
ACTION SNIPPET 1200 206 SNIPPET_NOT_RELEVANT d1bee292-cc2c-11e1-8dfd-137b0195d025
ACTION SNIPPET 1200 206 SNIPPET_NOT_RELEVANT f255550e-aa10-11e3-8599-ce7295b6851c
ACTION SNIPPET 1200 206 SNIPPET_NOT_RELEVANT dd7bd618e111af0d353b2886026e9e0c
ACTION SNIPPET 1200 206 SNIPPET_NOT_RELEVANT 216260efaa9bc4168fa6ad0fc18fc8eb
ACTION SNIPPET 1200 206 SNIPPET_NOT_RELEVANT 2557b0f8-a923-11e3-8599-ce7295b6851c
ACTION SNIPPET 1200 206 SNIPPET_NOT_RELEVANT 1ebb8b1a-834e-4e5a-840a-329cccbf282f
ACTION SNIPPET 1200 206 SNIPPET_NOT_RELEVANT f5882876-aed6-11e3-a49e-76adc9210f19
ACTION SNIPPET 1200 206 SNIPPET_NOT_RELEVANT d727bbf759f92d0709365b1effe08ad9
ACTION SNIPPET 1200 206 SNIPPET_NOT_RELEVANT 49e3de84-ac25-11e2-b6fd-ba6f5f26d70e
ACTION SNIPPET 1200 206 SNIPPET_NOT_RELEVANT c81b671c-ca48-11e3-93eb-6c0037dde2ad
ACTION SNIPPET 1200 206 SNIPPET_NOT_RELEVANT 7ff69ad9704611eae3c20326e18084ed
ACTION SNIPPET 1200 206 SNIPPET_NOT_RELEVANT b69066951efcbd7a79b26f2fe3d65769
ACTION SNIPPET 1200 206 SNIPPET_NOT_RELEVANT 5d11140a-b747-11e1-9e4c-5a6a137d65e1
ACTION SNIPPET 1200 206 SNIPPET_NOT_RELEVANT 67579679f41ab9e664bde8208b7d71a5
ACTION SNIPPET 1200 206 SNIPPET_NOT_RELEVANT 44433a17e9ad356c3bd15c0cc0501879
ACTION SNIPPET 1200 206 SNIPPET_NOT_RELEVANT b0a4cd3c6ed9f53bdce6c37535a9c604
ACTION SNIPPET 1200 206 SNIPPET_NOT_RELEVANT d53d63092997b76e6ce5c0a388cc9a27
ACTION SNIPPET 1200 206 SNIPPET_NOT_RELEVANT 2bd1b1fc0ee17ec5f19f87aebd189a34
ACTION SNIPPET 1200 206 SEEN_PREVIOUSLY bf9d2620-a7c5-11e3-b61e-8051b8b52d06
ACTION SNIPPET 1200 206 SNIPPET_NOT_RELEVANT 8f90dda30fe27875daff5e04b156b35e
INFO SERP_END_REACHED 
ACTION QUERY 1200 216 increase in food stamps
ACTION SERP 1200 221 EXAMINE_SERP
ACTION SNIPPET 1200 221 SNIPPET_NOT_RELEVANT fd39a3e8-a250-11e3-84d4-e59b1709222c
ACTION SNIPPET 1200 221 SNIPPET_NOT_RELEVANT 216260efaa9bc4168fa6ad0fc18fc8eb
ACTION SNIPPET 1200 221 SNIPPET_NOT_RELEVANT abbdd3a35167a6dbc7491f4be7c6eded
ACTION SNIPPET 1200 221 SNIPPET_NOT_RELEVANT 70a5ff34-41cb-11e3-a624-41d661b0bb78
ACTION SNIPPET 1200 221 SNIPPET_NOT_RELEVANT 0d5e994829c3ed41d7e016f711b4cda9
ACTION SNIPPET 1200 221 SNIPPET_NOT_RELEVANT ae473baa82bc53da910dd692583fed2f
ACTION SNIPPET 1200 221 SNIPPET_NOT_RELEVANT 23572f40ec4ce5583e783d12f57d75ae
ACTION SNIPPET 1200 221 SNIPPET_NOT_RELEVANT 6fdc62d37aaf685b809c501abe13c56c
ACTION SNIPPET 1200 221 SNIPPET_NOT_RELEVANT b2577fc3238a9e2ac2b3575965c84090
ACTION SNIPPET 1200 221 SNIPPET_NOT_RELEVANT 5da022e634d6c6faf7b7d49a6cb7db7c
ACTION SNIPPET 1200 221 SEEN_PREVIOUSLY 433417acbd7d0487f51b0d5cb0533779
ACTION SNIPPET 1200 221 SNIPPET_NOT_RELEVANT 52c42614-e256-11e2-80eb-3145e2994a55
ACTION SNIPPET 1200 221 SEEN_PREVIOUSLY bf9d2620-a7c5-11e3-b61e-8051b8b52d06
ACTION SNIPPET 1200 221 SNIPPET_NOT_RELEVANT 833c54f5aa936a1bc4bdced512d123af
ACTION SNIPPET 1200 221 SNIPPET_NOT_RELEVANT 150e4bfa-a3db-11e3-a5fa-55f0c77bf39c
ACTION SNIPPET 1200 221 SNIPPET_NOT_RELEVANT 25efc9909f22f178f770ac9b966cfab2
ACTION SNIPPET 1200 221 SEEN_PREVIOUSLY 7305a4d97cddfeff4e862e09d85c24b5
ACTION SNIPPET 1200 221 SNIPPET_NOT_RELEVANT c664009eedd385af7d6f234fb16dd3a8
ACTION SNIPPET 1200 221 SNIPPET_NOT_RELEVANT 80de73ec3c45427a989a5f288b85b3ec
ACTION SNIPPET 1200 221 SNIPPET_NOT_RELEVANT f0eeed304517db5c8b5453275ee2b59c
ACTION SNIPPET 1200 221 SNIPPET_NOT_RELEVANT d0f736b8-44c9-11e3-b6f8-3782ff6cb769
ACTION SNIPPET 1200 221 SEEN_PREVIOUSLY 2ca56f93b52c8b9c0e7a49ccfa4c891b
ACTION SNIPPET 1200 221 SNIPPET_NOT_RELEVANT af0aecdc98edafc901de8c9194bc4697
ACTION SNIPPET 1200 221 SNIPPET_NOT_RELEVANT a6faf28bf691bfcb5bcd7f15b890b1f0
ACTION SNIPPET 1200 221 SNIPPET_NOT_RELEVANT aa0cac9796a64191740a07b4f089127a
ACTION SNIPPET 1200 221 SNIPPET_NOT_RELEVANT ac6f0e3c-1e3c-11e3-94a2-6c66b668ea55
ACTION SNIPPET 1200 221 SNIPPET_NOT_RELEVANT ee3432ce-eb07-11e2-8f22-de4bd2a2bd39
ACTION SNIPPET 1200 221 SNIPPET_NOT_RELEVANT a2f5d9e6-142f-11e4-9285-4243a40ddc97
ACTION SNIPPET 1200 221 SNIPPET_NOT_RELEVANT 090e9534-214b-11e3-b73c-aab60bf735d0
ACTION SNIPPET 1200 221 SNIPPET_NOT_RELEVANT 8d354f432853783669c49a129659054b
ACTION SNIPPET 1200 221 SNIPPET_NOT_RELEVANT c736a8ef475b9974ff2dc2d3a23c43f0
ACTION SNIPPET 1200 221 SNIPPET_NOT_RELEVANT 433368e4a90accd4d9a998f8abfa8760
ACTION SNIPPET 1200 221 SNIPPET_NOT_RELEVANT 35de937888362c3851df06b66fa6b0a8
ACTION SNIPPET 1200 221 SNIPPET_NOT_RELEVANT 45a07db550aee6859ca02b987a9ac8c7
ACTION SNIPPET 1200 221 SNIPPET_NOT_RELEVANT b7d26655980ca50a9a753574b3f89708
ACTION SNIPPET 1200 221 SNIPPET_NOT_RELEVANT 9e792eb4-57a5-11e3-835d-e7173847c7cc
ACTION SNIPPET 1200 221 SNIPPET_NOT_RELEVANT 7cb15ee8-47c2-11e3-b6f8-3782ff6cb769
ACTION SNIPPET 1200 221 SNIPPET_NOT_RELEVANT c9b9e9ac5e8bdde579c6fae62c265069
ACTION SNIPPET 1200 221 SNIPPET_NOT_RELEVANT fba7ece89ccca93f705689ae540e2a36
ACTION SNIPPET 1200 221 SNIPPET_NOT_RELEVANT dd7bd618e111af0d353b2886026e9e0c
ACTION SNIPPET 1200 221 SNIPPET_NOT_RELEVANT 72329928-4b00-11e3-bf60-c1ca136ae14a
ACTION SNIPPET 1200 221 SNIPPET_NOT_RELEVANT 39999cc4e98bd45f0d27e3b1375b6eae
ACTION SNIPPET 1200 221 SNIPPET_NOT_RELEVANT 1087e0371b79c4063de4736ae078bfa0
ACTION SNIPPET 1200 221 SNIPPET_NOT_RELEVANT 7024de67e432e064b947b3943135453a
ACTION SNIPPET 1200 221 SNIPPET_NOT_RELEVANT 36f1905d3600b9f5b438e13bfae53788
ACTION SNIPPET 1200 221 SNIPPET_NOT_RELEVANT be629dd41c465a62240566d84a1a283c
ACTION SNIPPET 1200 221 SNIPPET_NOT_RELEVANT 65ac267a6db8b46aba85cf8ad4b2b684
ACTION SNIPPET 1200 221 SNIPPET_NOT_RELEVANT 11d01a7c82169cd396ac559e16c763cc
ACTION SNIPPET 1200 221 SNIPPET_NOT_RELEVANT af2f4a40-8fff-11e2-9cfd-36d6c9b5d7ad
ACTION SNIPPET 1200 221 SNIPPET_NOT_RELEVANT cf3994c55cc7c99610a7434e206947d8
ACTION SNIPPET 1200 221 SNIPPET_NOT_RELEVANT e3fa39225bf5e7ec13e529b95e942a59
ACTION SNIPPET 1200 221 SNIPPET_NOT_RELEVANT ad2572fdb1c34200679d4adf8dd65ca8
ACTION SNIPPET 1200 221 SNIPPET_NOT_RELEVANT f30bb97b4a31d0f3152c7659865391ba
ACTION SNIPPET 1200 221 SNIPPET_NOT_RELEVANT 2ccc2dc71b9f0a275a19d4a01e3e7dd6
ACTION SNIPPET 1200 221 SNIPPET_NOT_RELEVANT b4344cb95a76f784e4cf74a058044083
ACTION SNIPPET 1200 221 SNIPPET_NOT_RELEVANT abde80d438c57404c0769d52c9eb5712
ACTION SNIPPET 1200 221 SNIPPET_NOT_RELEVANT 5129b8b2c47f153ee4a1107a03b5112a
ACTION SNIPPET 1200 221 SEEN_PREVIOUSLY a25d386b0e49f1d49ce86cb719e05be6
ACTION SNIPPET 1200 221 SNIPPET_NOT_RELEVANT 53616a4c-ea52-11e2-a301-ea5a8116d211
ACTION SNIPPET 1200 221 SNIPPET_NOT_RELEVANT b404dcf4fcd8ba2dd4fce9cdbcbc76ad
ACTION SNIPPET 1200 221 SNIPPET_NOT_RELEVANT e51a8fb4681d1178c3650f0fb5962339
ACTION SNIPPET 1200 221 SNIPPET_NOT_RELEVANT 6bbaec9d4398347e8f3d6698a7457086
ACTION SNIPPET 1200 221 SNIPPET_NOT_RELEVANT 435706f4-a5e1-11e1-853a-2d746a04dab9
ACTION SNIPPET 1200 221 SNIPPET_NOT_RELEVANT 5ffee41c77e512f21ef38f336615eb0f
ACTION SNIPPET 1200 221 SNIPPET_NOT_RELEVANT dd22bbd18acdce3d5f84eb33020e82d4
ACTION SNIPPET 1200 221 SNIPPET_NOT_RELEVANT bd4b243d538403d776d7a385644e351c
ACTION SNIPPET 1200 221 SNIPPET_NOT_RELEVANT fad9863c8e3e9a81a6e691a8fc39c355
ACTION SNIPPET 1200 221 SNIPPET_NOT_RELEVANT 3aba0926182291efc43f919dcd2a31a5
ACTION SNIPPET 1200 221 SNIPPET_NOT_RELEVANT a5897636-4dee-11e6-a7d8-13d06b37f256
ACTION SNIPPET 1200 221 SNIPPET_NOT_RELEVANT 2f70d79b20b007e3619f4b46d2f144ce
ACTION SNIPPET 1200 221 SNIPPET_NOT_RELEVANT bb4269d0513db9fc9bb9b0e74dccfb4a
ACTION SNIPPET 1200 221 SNIPPET_RELEVANT 93b1df32ec40200bf1b2ed560504f609
ACTION DOC 1200 241 EXAMINING_DOCUMENT 93b1df32ec40200bf1b2ed560504f609
ACTION MARK 1200 244 CONSIDERED_RELEVANT 93b1df32ec40200bf1b2ed560504f609
ACTION SNIPPET 1200 244 SNIPPET_NOT_RELEVANT 29f7bc44-5202-11e7-b064-828ba60fbb98
ACTION SNIPPET 1200 244 SNIPPET_NOT_RELEVANT 589f8968-e30d-11e2-bffd-37a36ddab820
ACTION SNIPPET 1200 244 SNIPPET_NOT_RELEVANT 3427dc29519435a87a388ddd3bbed083
ACTION SNIPPET 1200 244 SNIPPET_NOT_RELEVANT 59a9d4ce-f8fb-11e5-958d-d038dac6e718
ACTION SNIPPET 1200 244 SNIPPET_NOT_RELEVANT 71e20d4e-4314-11e3-8b74-d89d714ca4dd
ACTION SNIPPET 1200 244 SNIPPET_NOT_RELEVANT 8b735931c3d19dd0c4612acf126cb301
ACTION SNIPPET 1200 244 SNIPPET_NOT_RELEVANT 2364e0a0a0508e4d29a5f0aeb4977e5e
ACTION SNIPPET 1200 244 SNIPPET_NOT_RELEVANT 61b735b0a4423976cdc4711459b48a79
ACTION SNIPPET 1200 244 SNIPPET_NOT_RELEVANT 260365e8-eb18-11e2-a301-ea5a8116d211
ACTION SNIPPET 1200 244 SNIPPET_NOT_RELEVANT 224922719541a89d5be07348e4a5bef7
ACTION SNIPPET 1200 244 SNIPPET_RELEVANT cda50c26-5dd1-11e3-95c2-13623eb2b0e1
ACTION DOC 1200 264 EXAMINING_DOCUMENT cda50c26-5dd1-11e3-95c2-13623eb2b0e1
ACTION MARK 1200 267 CONSIDERED_RELEVANT cda50c26-5dd1-11e3-95c2-13623eb2b0e1
ACTION SNIPPET 1200 267 SNIPPET_NOT_RELEVANT 8e873a7898189c081de9b241923794a0
ACTION SNIPPET 1200 267 SNIPPET_NOT_RELEVANT b78953b87507f4dfd2ff5da56e59d1de
ACTION SNIPPET 1200 267 SNIPPET_NOT_RELEVANT 0d1a8a68-ea7b-11e2-a301-ea5a8116d211
ACTION SNIPPET 1200 267 SNIPPET_NOT_RELEVANT dd78ee612cc6085b48c765e5cc90587c
ACTION SNIPPET 1200 267 SNIPPET_NOT_RELEVANT 801e9732-7e08-11e7-83c7-5bd5460f0d7e
ACTION SNIPPET 1200 267 SNIPPET_RELEVANT 0462ce6a5a54d06177e5abe5d0e2058b
ACTION DOC 1200 287 EXAMINING_DOCUMENT 0462ce6a5a54d06177e5abe5d0e2058b
ACTION MARK 1200 290 CONSIDERED_RELEVANT 0462ce6a5a54d06177e5abe5d0e2058b
ACTION SNIPPET 1200 290 SNIPPET_NOT_RELEVANT 3121bef7ddad4c770fca403d7b3f6105
ACTION SNIPPET 1200 290 SNIPPET_NOT_RELEVANT cb9bd984-8930-11e3-916e-e01534b1e132
ACTION SNIPPET 1200 290 SNIPPET_NOT_RELEVANT 47d08128-c77a-11e1-bb4a-cc81fa853421
ACTION SNIPPET 1200 290 SNIPPET_NOT_RELEVANT 8f19c51e-52e6-11e3-9e2c-e1d01116fd98
ACTION SNIPPET 1200 290 SNIPPET_NOT_RELEVANT e02a06d2d2a53f5798ab0c5f67828dc5
ACTION SNIPPET 1200 290 SNIPPET_NOT_RELEVANT 068fe246-966c-11e2-8b4e-0b56f26f28de
ACTION SNIPPET 1200 290 SNIPPET_NOT_RELEVANT 5b50327fed58a4a205d90fa5aceed568
ACTION SNIPPET 1200 290 SNIPPET_NOT_RELEVANT 74790b90b97e5fd89df15d62f4bfdee7
ACTION SNIPPET 1200 290 SNIPPET_NOT_RELEVANT 178b254845bb351b99ac9c4ed5638d67
ACTION SNIPPET 1200 290 SNIPPET_NOT_RELEVANT 6d33c054-4c96-11e3-bf60-c1ca136ae14a
ACTION SNIPPET 1200 290 SNIPPET_NOT_RELEVANT 40495061cdf499054209fb41419ef51b
INFO SERP_END_REACHED 
ACTION QUERY 1200 300 food stamp eligibility changes
ACTION SERP 1200 305 EXAMINE_SERP
ACTION SNIPPET 1200 305 SNIPPET_NOT_RELEVANT 7024de67e432e064b947b3943135453a
ACTION SNIPPET 1200 305 SNIPPET_NOT_RELEVANT abbdd3a35167a6dbc7491f4be7c6eded
ACTION SNIPPET 1200 305 SNIPPET_NOT_RELEVANT 61b735b0a4423976cdc4711459b48a79
ACTION SNIPPET 1200 305 SEEN_PREVIOUSLY 433417acbd7d0487f51b0d5cb0533779
ACTION SNIPPET 1200 305 SNIPPET_NOT_RELEVANT b1a7dc407a3ad8d42dcaa7f0d0679e27
ACTION SNIPPET 1200 305 SNIPPET_NOT_RELEVANT 9e56c95be7d3337217ede4a9fcef1be6
ACTION SNIPPET 1200 305 SEEN_PREVIOUSLY 93b1df32ec40200bf1b2ed560504f609
ACTION SNIPPET 1200 305 SNIPPET_NOT_RELEVANT 26b5a2aa-786f-11e3-b1c5-739e63e9c9a7
ACTION SNIPPET 1200 305 SNIPPET_NOT_RELEVANT b524e19a423fc8559739da6e73e65a09
ACTION SNIPPET 1200 305 SNIPPET_NOT_RELEVANT 5c021d082edfabf7d7fee3e823819556
ACTION SNIPPET 1200 305 SNIPPET_NOT_RELEVANT 6a35c8b5c6658841c94279c44b7df808
ACTION SNIPPET 1200 305 SNIPPET_NOT_RELEVANT 090e9534-214b-11e3-b73c-aab60bf735d0
ACTION SNIPPET 1200 305 SNIPPET_NOT_RELEVANT c9b9e9ac5e8bdde579c6fae62c265069
ACTION SNIPPET 1200 305 SNIPPET_NOT_RELEVANT 29f7bc44-5202-11e7-b064-828ba60fbb98
ACTION SNIPPET 1200 305 SNIPPET_NOT_RELEVANT 433368e4a90accd4d9a998f8abfa8760
ACTION SNIPPET 1200 305 SNIPPET_NOT_RELEVANT 8d354f432853783669c49a129659054b
ACTION SNIPPET 1200 305 SNIPPET_NOT_RELEVANT 9e9c650c338eca65fd8b2cd5773f0c47
ACTION SNIPPET 1200 305 SNIPPET_NOT_RELEVANT 549eb6ede3688409ba4c706b596d45a2
ACTION SNIPPET 1200 305 SNIPPET_NOT_RELEVANT 178b254845bb351b99ac9c4ed5638d67
ACTION SNIPPET 1200 305 SNIPPET_NOT_RELEVANT 20c50184-cd1b-11e1-a953-937473fc82af
ACTION SNIPPET 1200 305 SNIPPET_NOT_RELEVANT dd78ee612cc6085b48c765e5cc90587c
ACTION SNIPPET 1200 305 SNIPPET_NOT_RELEVANT b0b5e4e6-5a6d-11e6-8b48-0cb344221131
ACTION SNIPPET 1200 305 SNIPPET_NOT_RELEVANT 8e873a7898189c081de9b241923794a0
ACTION SNIPPET 1200 305 SNIPPET_NOT_RELEVANT 52c42614-e256-11e2-80eb-3145e2994a55
ACTION SNIPPET 1200 305 SNIPPET_NOT_RELEVANT 83a6cd3d627ef2c31e6824532a01656d
ACTION SNIPPET 1200 305 SNIPPET_NOT_RELEVANT 150e4bfa-a3db-11e3-a5fa-55f0c77bf39c
ACTION SNIPPET 1200 305 SNIPPET_NOT_RELEVANT fba7ece89ccca93f705689ae540e2a36
ACTION SNIPPET 1200 305 SNIPPET_NOT_RELEVANT 260365e8-eb18-11e2-a301-ea5a8116d211
ACTION SNIPPET 1200 305 SNIPPET_NOT_RELEVANT f2217d815071a4ee058a9ce32cde534c
ACTION SNIPPET 1200 305 SNIPPET_NOT_RELEVANT 435706f4-a5e1-11e1-853a-2d746a04dab9
ACTION SNIPPET 1200 305 SNIPPET_NOT_RELEVANT 158f1628d23818aefb5c6333f873f11a
ACTION SNIPPET 1200 305 SNIPPET_NOT_RELEVANT a2f5d9e6-142f-11e4-9285-4243a40ddc97
ACTION SNIPPET 1200 305 SNIPPET_NOT_RELEVANT 80de73ec3c45427a989a5f288b85b3ec
ACTION SNIPPET 1200 305 SNIPPET_NOT_RELEVANT 158c767bdf94276179cf1ee384abec29
ACTION SNIPPET 1200 305 SNIPPET_NOT_RELEVANT b6dfd4ae6a952c48d95fa9c803050419
ACTION SNIPPET 1200 305 SNIPPET_NOT_RELEVANT e8b42978f0ae3ef19921d25716ee861f
ACTION SNIPPET 1200 305 SNIPPET_NOT_RELEVANT ac6f0e3c-1e3c-11e3-94a2-6c66b668ea55
ACTION SNIPPET 1200 305 SNIPPET_NOT_RELEVANT 228c3686-a96a-11e3-b61e-8051b8b52d06
ACTION SNIPPET 1200 305 SNIPPET_NOT_RELEVANT 5da022e634d6c6faf7b7d49a6cb7db7c
ACTION SNIPPET 1200 305 SNIPPET_NOT_RELEVANT e02a06d2d2a53f5798ab0c5f67828dc5
ACTION SNIPPET 1200 305 SNIPPET_NOT_RELEVANT c9eff80dcbc5c173e98583082931a376
ACTION SNIPPET 1200 305 SNIPPET_NOT_RELEVANT ba84e5e5a5eeb88d5184ef0a7a7da293
ACTION SNIPPET 1200 305 SNIPPET_NOT_RELEVANT 8fc7d76ef2a8d3ecd9c233f5ed07fa9d
ACTION SNIPPET 1200 305 SNIPPET_NOT_RELEVANT 1c1c3b2e-c614-11e6-85b5-76616a33048d
ACTION SNIPPET 1200 305 SNIPPET_NOT_RELEVANT af2f4a40-8fff-11e2-9cfd-36d6c9b5d7ad
ACTION SNIPPET 1200 305 SNIPPET_NOT_RELEVANT 72329928-4b00-11e3-bf60-c1ca136ae14a
ACTION SNIPPET 1200 305 SNIPPET_NOT_RELEVANT 73ff4776-8de8-11e3-95dd-36ff657a4dae
ACTION SNIPPET 1200 305 SNIPPET_NOT_RELEVANT c280ec03e31a02f4181b9cd629fce874
ACTION SNIPPET 1200 305 SNIPPET_NOT_RELEVANT fe29bbe9666f42c736d5c8bff3811079
ACTION SNIPPET 1200 305 SNIPPET_NOT_RELEVANT f915db60-32ba-11e4-8f02-03c644b2d7d0
ACTION SNIPPET 1200 305 SNIPPET_NOT_RELEVANT d1cfce498e095a8e090494827a768cad
ACTION SNIPPET 1200 305 SNIPPET_NOT_RELEVANT 0a6a29cb5ca1ce6a152f94c1ee424382
ACTION SNIPPET 1200 305 SNIPPET_NOT_RELEVANT 0f9088e4bee8ba6001724d6f9aed2200
ACTION SNIPPET 1200 305 SNIPPET_NOT_RELEVANT ff99f9ea5f55633dd95d489621b088d4
ACTION SNIPPET 1200 305 SNIPPET_NOT_RELEVANT 6059c546fd08c11c796a0a00ea905eac
ACTION SNIPPET 1200 305 SNIPPET_NOT_RELEVANT 59fe2f2a88b8619897ccc4650addee83
ACTION SNIPPET 1200 305 SNIPPET_NOT_RELEVANT d0f736b8-44c9-11e3-b6f8-3782ff6cb769
ACTION SNIPPET 1200 305 SNIPPET_NOT_RELEVANT db3a6b72-cc48-11e1-9986-640e8e5f844f
ACTION SNIPPET 1200 305 SNIPPET_NOT_RELEVANT b2577fc3238a9e2ac2b3575965c84090
ACTION SNIPPET 1200 305 SNIPPET_NOT_RELEVANT 1339ffcf15215508c1ac98168af9c650
ACTION SNIPPET 1200 305 SNIPPET_NOT_RELEVANT 6d33c054-4c96-11e3-bf60-c1ca136ae14a
ACTION SNIPPET 1200 305 SNIPPET_NOT_RELEVANT 3121bef7ddad4c770fca403d7b3f6105
ACTION SNIPPET 1200 305 SNIPPET_NOT_RELEVANT 6f4596f8-4177-11e3-a624-41d661b0bb78
ACTION SNIPPET 1200 305 SNIPPET_NOT_RELEVANT d6f50be576051e643e3e011346e17aee
ACTION SNIPPET 1200 305 SNIPPET_NOT_RELEVANT c97437220c0222bb29fd3154a3e3b31b
ACTION SNIPPET 1200 305 SNIPPET_NOT_RELEVANT 71932c12f24afe50f582150d2f013794
ACTION SNIPPET 1200 305 SNIPPET_NOT_RELEVANT 027497a8-1cb1-11e3-a628-7e6dde8f889d
ACTION SNIPPET 1200 305 SEEN_PREVIOUSLY 7305a4d97cddfeff4e862e09d85c24b5
ACTION SNIPPET 1200 305 SNIPPET_NOT_RELEVANT 8bd4ff1d44bd4ba542f5d76209b563e1
ACTION SNIPPET 1200 305 SNIPPET_NOT_RELEVANT 2fdffeca6092871a81c84bff6890623e
ACTION SNIPPET 1200 305 SNIPPET_NOT_RELEVANT 8901e3488674ac780e3966e7277c30a8
ACTION SNIPPET 1200 305 SNIPPET_NOT_RELEVANT 25c70094-3d54-11e1-84a4-02de40db9b91
ACTION SNIPPET 1200 305 SNIPPET_NOT_RELEVANT dd2d8f887dabd80b5bdb1e1212b6b86c
ACTION SNIPPET 1200 305 SNIPPET_NOT_RELEVANT 917a9474051469ee71afdb58cbd44580
ACTION SNIPPET 1200 305 SNIPPET_NOT_RELEVANT 0afc2a5618aed7c58b0a2d74e9b23518
ACTION SNIPPET 1200 305 SNIPPET_NOT_RELEVANT 49bcdcf8e4e16f809082bbf48eb572e9
ACTION SNIPPET 1200 305 SNIPPET_NOT_RELEVANT f407da4e-50a0-11e3-a7f0-b790929232e1
ACTION SNIPPET 1200 305 SNIPPET_NOT_RELEVANT 46eea8328eda55407f5bb3c4226694df
ACTION SNIPPET 1200 305 SNIPPET_NOT_RELEVANT a5ea33bc989afc4627844ca5aa26293d
ACTION SNIPPET 1200 305 SNIPPET_NOT_RELEVANT 664a3dc5ea592aba307e9f0e942527fc
ACTION SNIPPET 1200 305 SNIPPET_NOT_RELEVANT da9efa56-5b72-11e3-a66d-156b463c78aa
ACTION SNIPPET 1200 305 SNIPPET_NOT_RELEVANT 7effcd955c53c007455e28ecb7f76ae4
ACTION SNIPPET 1200 305 SNIPPET_NOT_RELEVANT 962be76e55aae18989489bafe207c5af
ACTION SNIPPET 1200 305 SNIPPET_NOT_RELEVANT aa9f1bd0-4622-11e7-a196-a1bb629f64cb
ACTION SNIPPET 1200 305 SNIPPET_NOT_RELEVANT 4496d63c-8cf5-11e3-833c-33098f9e5267
ACTION SNIPPET 1200 305 SNIPPET_NOT_RELEVANT 69a32760-af65-11e1-80eb-46875d0c7789
ACTION SNIPPET 1200 305 SNIPPET_NOT_RELEVANT 36f1905d3600b9f5b438e13bfae53788
ACTION SNIPPET 1200 305 SNIPPET_NOT_RELEVANT be629dd41c465a62240566d84a1a283c
ACTION SNIPPET 1200 305 SNIPPET_NOT_RELEVANT 65ac267a6db8b46aba85cf8ad4b2b684
ACTION SNIPPET 1200 305 SNIPPET_NOT_RELEVANT 23572f40ec4ce5583e783d12f57d75ae
ACTION SNIPPET 1200 305 SNIPPET_NOT_RELEVANT b3d6b41c-a3a4-11e2-9c03-6952ff305f35
ACTION SNIPPET 1200 305 SNIPPET_NOT_RELEVANT fcdca03e-bc19-11e3-9c3c-311301e2167d
ACTION SNIPPET 1200 305 SNIPPET_NOT_RELEVANT 216260efaa9bc4168fa6ad0fc18fc8eb
ACTION SNIPPET 1200 305 SNIPPET_NOT_RELEVANT abde80d438c57404c0769d52c9eb5712
ACTION SNIPPET 1200 305 SNIPPET_NOT_RELEVANT 2ccc2dc71b9f0a275a19d4a01e3e7dd6
ACTION SNIPPET 1200 305 SNIPPET_NOT_RELEVANT b4344cb95a76f784e4cf74a058044083
ACTION SNIPPET 1200 305 SNIPPET_NOT_RELEVANT e3fa39225bf5e7ec13e529b95e942a59
ACTION SNIPPET 1200 305 SNIPPET_NOT_RELEVANT f30bb97b4a31d0f3152c7659865391ba
ACTION SNIPPET 1200 305 SNIPPET_NOT_RELEVANT ad2572fdb1c34200679d4adf8dd65ca8
ACTION SNIPPET 1200 305 SNIPPET_NOT_RELEVANT cf3994c55cc7c99610a7434e206947d8
INFO SERP_END_REACHED 
ACTION QUERY 1200 315 rising food stamp enrollment
ACTION SERP 1200 320 EXAMINE_SERP
ACTION SNIPPET 1200 320 SNIPPET_NOT_RELEVANT 150e4bfa-a3db-11e3-a5fa-55f0c77bf39c
ACTION SNIPPET 1200 320 SNIPPET_NOT_RELEVANT 52c42614-e256-11e2-80eb-3145e2994a55
ACTION SNIPPET 1200 320 SNIPPET_NOT_RELEVANT abbdd3a35167a6dbc7491f4be7c6eded
ACTION SNIPPET 1200 320 SEEN_PREVIOUSLY 0462ce6a5a54d06177e5abe5d0e2058b
ACTION SNIPPET 1200 320 SNIPPET_NOT_RELEVANT 3121bef7ddad4c770fca403d7b3f6105
ACTION SNIPPET 1200 320 SEEN_PREVIOUSLY 433417acbd7d0487f51b0d5cb0533779
ACTION SNIPPET 1200 320 SNIPPET_NOT_RELEVANT 6fdc62d37aaf685b809c501abe13c56c
ACTION SNIPPET 1200 320 SNIPPET_NOT_RELEVANT d6f50be576051e643e3e011346e17aee
ACTION SNIPPET 1200 320 SNIPPET_NOT_RELEVANT c97437220c0222bb29fd3154a3e3b31b
ACTION SNIPPET 1200 320 SNIPPET_NOT_RELEVANT df783f680187b5edf6115bff9b71fc6e
ACTION SNIPPET 1200 320 SNIPPET_NOT_RELEVANT b3d6b41c-a3a4-11e2-9c03-6952ff305f35
ACTION SNIPPET 1200 320 SNIPPET_NOT_RELEVANT 43e553a72cd8a92b5a3cf6e7f5a3d54c
ACTION SNIPPET 1200 320 SNIPPET_NOT_RELEVANT 8bd4ff1d44bd4ba542f5d76209b563e1
ACTION SNIPPET 1200 320 SNIPPET_NOT_RELEVANT 2fdffeca6092871a81c84bff6890623e
ACTION SNIPPET 1200 320 SNIPPET_NOT_RELEVANT 8901e3488674ac780e3966e7277c30a8
ACTION SNIPPET 1200 320 SNIPPET_NOT_RELEVANT 7024de67e432e064b947b3943135453a
ACTION SNIPPET 1200 320 SNIPPET_NOT_RELEVANT 49bcdcf8e4e16f809082bbf48eb572e9
ACTION SNIPPET 1200 320 SNIPPET_NOT_RELEVANT 70a5ff34-41cb-11e3-a624-41d661b0bb78
ACTION SNIPPET 1200 320 SNIPPET_NOT_RELEVANT 549e80f743fac1abe0607f7fa3cab129
ACTION SNIPPET 1200 320 SNIPPET_NOT_RELEVANT d0f736b8-44c9-11e3-b6f8-3782ff6cb769
ACTION SNIPPET 1200 320 SNIPPET_NOT_RELEVANT 36f1905d3600b9f5b438e13bfae53788
ACTION SNIPPET 1200 320 SNIPPET_NOT_RELEVANT be629dd41c465a62240566d84a1a283c
ACTION SNIPPET 1200 320 SNIPPET_NOT_RELEVANT 65ac267a6db8b46aba85cf8ad4b2b684
ACTION SNIPPET 1200 320 SNIPPET_NOT_RELEVANT 23572f40ec4ce5583e783d12f57d75ae
ACTION SNIPPET 1200 320 SNIPPET_NOT_RELEVANT 0931c5426609cc7365a283894b634f69
ACTION SNIPPET 1200 320 SNIPPET_NOT_RELEVANT 7effcd955c53c007455e28ecb7f76ae4
ACTION SNIPPET 1200 320 SNIPPET_NOT_RELEVANT 5da022e634d6c6faf7b7d49a6cb7db7c
ACTION SNIPPET 1200 320 SNIPPET_NOT_RELEVANT 40495061cdf499054209fb41419ef51b
ACTION SNIPPET 1200 320 SNIPPET_NOT_RELEVANT b524e19a423fc8559739da6e73e65a09
ACTION SNIPPET 1200 320 SNIPPET_NOT_RELEVANT cda856e64952d178124f0ffe0d03717a
ACTION SNIPPET 1200 320 SNIPPET_NOT_RELEVANT 88cc9cc9dc54cc8be90e59999f6a16b0
ACTION SNIPPET 1200 320 SNIPPET_NOT_RELEVANT 228c3686-a96a-11e3-b61e-8051b8b52d06
ACTION SNIPPET 1200 320 SNIPPET_NOT_RELEVANT d155bc5f0fa2d0ed6f8bf6895bfbe5b4
ACTION SNIPPET 1200 320 SNIPPET_NOT_RELEVANT fba7ece89ccca93f705689ae540e2a36
ACTION SNIPPET 1200 320 SNIPPET_NOT_RELEVANT 1087e0371b79c4063de4736ae078bfa0
ACTION SNIPPET 1200 320 SNIPPET_NOT_RELEVANT db3a6b72-cc48-11e1-9986-640e8e5f844f
ACTION SNIPPET 1200 320 SNIPPET_NOT_RELEVANT b7d26655980ca50a9a753574b3f89708
ACTION SNIPPET 1200 320 SNIPPET_NOT_RELEVANT 6761c5ebc4676acd71c394c7e4c2f0f2
ACTION SNIPPET 1200 320 SNIPPET_NOT_RELEVANT 2364e0a0a0508e4d29a5f0aeb4977e5e
ACTION SNIPPET 1200 320 SNIPPET_NOT_RELEVANT 9e792eb4-57a5-11e3-835d-e7173847c7cc
ACTION SNIPPET 1200 320 SNIPPET_NOT_RELEVANT d1d41df7f5f262f8bebbe8ba7966f88c
ACTION SNIPPET 1200 320 SNIPPET_NOT_RELEVANT c05ef111f465f326ad3f99ac673a4ba2
ACTION SNIPPET 1200 320 SNIPPET_NOT_RELEVANT 39999cc4e98bd45f0d27e3b1375b6eae
ACTION SNIPPET 1200 320 SNIPPET_NOT_RELEVANT af0aecdc98edafc901de8c9194bc4697
ACTION SNIPPET 1200 320 SNIPPET_NOT_RELEVANT a6faf28bf691bfcb5bcd7f15b890b1f0
ACTION SNIPPET 1200 320 SNIPPET_NOT_RELEVANT 40695a83a19a6830881f03a0a7ce4ccf
ACTION SNIPPET 1200 320 SNIPPET_NOT_RELEVANT b92f9bae-411c-11e1-afad-097055960b44
ACTION SNIPPET 1200 320 SNIPPET_NOT_RELEVANT 35de937888362c3851df06b66fa6b0a8
ACTION SNIPPET 1200 320 SNIPPET_NOT_RELEVANT 3ab28b768a9b9df0ca9512444c1529fc
ACTION SNIPPET 1200 320 SNIPPET_NOT_RELEVANT 72329928-4b00-11e3-bf60-c1ca136ae14a
ACTION SNIPPET 1200 320 SNIPPET_NOT_RELEVANT 60208db6-bb63-11e3-9a05-c739f29ccb08
ACTION SNIPPET 1200 320 SNIPPET_NOT_RELEVANT 6d9a99fe-f656-11e3-a606-946fd632f9f1
ACTION SNIPPET 1200 320 SNIPPET_NOT_RELEVANT 4c9dfc8c8e7eb9e0c07a2ca97b879706
ACTION SNIPPET 1200 320 SNIPPET_NOT_RELEVANT a26876ce-99dd-11e1-8c35-4b78842e2af2
ACTION SNIPPET 1200 320 SNIPPET_NOT_RELEVANT 9d7f5bb3a093c50dcc382eff4c57b618
ACTION SNIPPET 1200 320 SNIPPET_NOT_RELEVANT 6c71d022-7cfc-11e1-8f65-4cbb23028e62
ACTION SNIPPET 1200 320 SNIPPET_NOT_RELEVANT fcdca03e-bc19-11e3-9c3c-311301e2167d
ACTION SNIPPET 1200 320 SNIPPET_NOT_RELEVANT 216260efaa9bc4168fa6ad0fc18fc8eb
ACTION SNIPPET 1200 320 SNIPPET_NOT_RELEVANT abde80d438c57404c0769d52c9eb5712
ACTION SNIPPET 1200 320 SNIPPET_NOT_RELEVANT b4344cb95a76f784e4cf74a058044083
ACTION SNIPPET 1200 320 SNIPPET_NOT_RELEVANT f30bb97b4a31d0f3152c7659865391ba
ACTION SNIPPET 1200 320 SNIPPET_NOT_RELEVANT 2ccc2dc71b9f0a275a19d4a01e3e7dd6
ACTION SNIPPET 1200 320 SNIPPET_NOT_RELEVANT ad2572fdb1c34200679d4adf8dd65ca8
ACTION SNIPPET 1200 320 SNIPPET_NOT_RELEVANT e3fa39225bf5e7ec13e529b95e942a59
ACTION SNIPPET 1200 320 SNIPPET_NOT_RELEVANT cf3994c55cc7c99610a7434e206947d8
ACTION SNIPPET 1200 320 SNIPPET_NOT_RELEVANT 5129b8b2c47f153ee4a1107a03b5112a
ACTION SNIPPET 1200 320 SEEN_PREVIOUSLY a25d386b0e49f1d49ce86cb719e05be6
ACTION SNIPPET 1200 320 SNIPPET_NOT_RELEVANT 435706f4-a5e1-11e1-853a-2d746a04dab9
ACTION SNIPPET 1200 320 SNIPPET_NOT_RELEVANT fd39a3e8-a250-11e3-84d4-e59b1709222c
ACTION SNIPPET 1200 320 SNIPPET_NOT_RELEVANT 5ffee41c77e512f21ef38f336615eb0f
ACTION SNIPPET 1200 320 SNIPPET_NOT_RELEVANT dd22bbd18acdce3d5f84eb33020e82d4
ACTION SNIPPET 1200 320 SEEN_PREVIOUSLY bf9d2620-a7c5-11e3-b61e-8051b8b52d06
ACTION SNIPPET 1200 320 SNIPPET_NOT_RELEVANT bd4b243d538403d776d7a385644e351c
ACTION SNIPPET 1200 320 SNIPPET_NOT_RELEVANT fad9863c8e3e9a81a6e691a8fc39c355
ACTION SNIPPET 1200 320 SNIPPET_NOT_RELEVANT 3aba0926182291efc43f919dcd2a31a5
ACTION SNIPPET 1200 320 SNIPPET_NOT_RELEVANT a5897636-4dee-11e6-a7d8-13d06b37f256
ACTION SNIPPET 1200 320 SNIPPET_NOT_RELEVANT 2f70d79b20b007e3619f4b46d2f144ce
ACTION SNIPPET 1200 320 SNIPPET_NOT_RELEVANT bb4269d0513db9fc9bb9b0e74dccfb4a
ACTION SNIPPET 1200 320 SEEN_PREVIOUSLY 93b1df32ec40200bf1b2ed560504f609
ACTION SNIPPET 1200 320 SNIPPET_NOT_RELEVANT 25efc9909f22f178f770ac9b966cfab2
ACTION SNIPPET 1200 320 SNIPPET_NOT_RELEVANT 4feaf5cbbd5a129a30bf950c652be5c0
ACTION SNIPPET 1200 320 SNIPPET_NOT_RELEVANT 7375769dd143b0e14aebe08bd9e41b30
ACTION SNIPPET 1200 320 SNIPPET_NOT_RELEVANT 80de73ec3c45427a989a5f288b85b3ec
ACTION SNIPPET 1200 320 SNIPPET_NOT_RELEVANT 589f8968-e30d-11e2-bffd-37a36ddab820
ACTION SNIPPET 1200 320 SNIPPET_NOT_RELEVANT 3427dc29519435a87a388ddd3bbed083
ACTION SNIPPET 1200 320 SNIPPET_NOT_RELEVANT 59a9d4ce-f8fb-11e5-958d-d038dac6e718
ACTION SNIPPET 1200 320 SNIPPET_NOT_RELEVANT 71e20d4e-4314-11e3-8b74-d89d714ca4dd
ACTION SNIPPET 1200 320 SNIPPET_NOT_RELEVANT 8b735931c3d19dd0c4612acf126cb301
ACTION SNIPPET 1200 320 SNIPPET_NOT_RELEVANT b2577fc3238a9e2ac2b3575965c84090
ACTION SNIPPET 1200 320 SNIPPET_NOT_RELEVANT 61b735b0a4423976cdc4711459b48a79
ACTION SNIPPET 1200 320 SNIPPET_NOT_RELEVANT 260365e8-eb18-11e2-a301-ea5a8116d211
ACTION SNIPPET 1200 320 SEEN_PREVIOUSLY cda50c26-5dd1-11e3-95c2-13623eb2b0e1
ACTION SNIPPET 1200 320 SNIPPET_NOT_RELEVANT 449dc6e0-5465-11e3-9e2c-e1d01116fd98
ACTION SNIPPET 1200 320 SNIPPET_NOT_RELEVANT 0aef5d4cf235498ea4480ecb0a9e36eb
ACTION SNIPPET 1200 320 SNIPPET_NOT_RELEVANT b78953b87507f4dfd2ff5da56e59d1de
ACTION SNIPPET 1200 320 SNIPPET_NOT_RELEVANT b0a93aba201a0c5ca12b6d8fecc226cd
ACTION SNIPPET 1200 320 SNIPPET_NOT_RELEVANT 0d1a8a68-ea7b-11e2-a301-ea5a8116d211
ACTION SNIPPET 1200 320 SNIPPET_NOT_RELEVANT f75c4d9137b2532cf9bc5a37469ddee2
ACTION SNIPPET 1200 320 SNIPPET_NOT_RELEVANT dd78ee612cc6085b48c765e5cc90587c
ACTION SNIPPET 1200 320 SNIPPET_NOT_RELEVANT 47d08128-c77a-11e1-bb4a-cc81fa853421
INFO SERP_END_REACHED 
ACTION QUERY 1200 330 food stamp recipient surge
ACTION SERP 1200 335 EXAMINE_SERP
ACTION SNIPPET 1200 335 SNIPPET_NOT_RELEVANT dd22bbd18acdce3d5f84eb33020e82d4
ACTION SNIPPET 1200 335 SNIPPET_NOT_RELEVANT 47d08128-c77a-11e1-bb4a-cc81fa853421
ACTION SNIPPET 1200 335 SNIPPET_NOT_RELEVANT dd2d8f887dabd80b5bdb1e1212b6b86c
ACTION SNIPPET 1200 335 SNIPPET_NOT_RELEVANT a5897636-4dee-11e6-a7d8-13d06b37f256
ACTION SNIPPET 1200 335 SNIPPET_NOT_RELEVANT 962be76e55aae18989489bafe207c5af
ACTION SNIPPET 1200 335 SNIPPET_NOT_RELEVANT 216260efaa9bc4168fa6ad0fc18fc8eb
ACTION SNIPPET 1200 335 SNIPPET_NOT_RELEVANT 83a6cd3d627ef2c31e6824532a01656d
ACTION SNIPPET 1200 335 SNIPPET_NOT_RELEVANT bd4b243d538403d776d7a385644e351c
ACTION SNIPPET 1200 335 SNIPPET_NOT_RELEVANT 435706f4-a5e1-11e1-853a-2d746a04dab9
ACTION SNIPPET 1200 335 SNIPPET_NOT_RELEVANT fd39a3e8-a250-11e3-84d4-e59b1709222c
ACTION SNIPPET 1200 335 SNIPPET_NOT_RELEVANT 178b254845bb351b99ac9c4ed5638d67
ACTION SNIPPET 1200 335 SNIPPET_NOT_RELEVANT 80de73ec3c45427a989a5f288b85b3ec
ACTION SNIPPET 1200 335 SNIPPET_NOT_RELEVANT 664a3dc5ea592aba307e9f0e942527fc
ACTION SNIPPET 1200 335 SNIPPET_NOT_RELEVANT fad9863c8e3e9a81a6e691a8fc39c355
ACTION SNIPPET 1200 335 SNIPPET_NOT_RELEVANT 3aba0926182291efc43f919dcd2a31a5
ACTION SNIPPET 1200 335 SNIPPET_NOT_RELEVANT dd78ee612cc6085b48c765e5cc90587c
ACTION SNIPPET 1200 335 SNIPPET_NOT_RELEVANT 2d8ce0adfddb97becf71e45eab5632f7
ACTION SNIPPET 1200 335 SNIPPET_NOT_RELEVANT 7024de67e432e064b947b3943135453a
ACTION SNIPPET 1200 335 SNIPPET_NOT_RELEVANT 7f2ab5ad93ea848bf1c33ceaba2d9e66
ACTION SNIPPET 1200 335 SNIPPET_NOT_RELEVANT bb4269d0513db9fc9bb9b0e74dccfb4a
ACTION SNIPPET 1200 335 SNIPPET_NOT_RELEVANT 25efc9909f22f178f770ac9b966cfab2
ACTION SNIPPET 1200 335 SNIPPET_NOT_RELEVANT d0f736b8-44c9-11e3-b6f8-3782ff6cb769
ACTION SNIPPET 1200 335 SNIPPET_NOT_RELEVANT 5f6c2c53f00522c646a488a97052d973
ACTION SNIPPET 1200 335 SNIPPET_NOT_RELEVANT 59fe2f2a88b8619897ccc4650addee83
ACTION SNIPPET 1200 335 SNIPPET_NOT_RELEVANT ff52231aec12758f729eeb4c56fc902a
ACTION SNIPPET 1200 335 SNIPPET_NOT_RELEVANT dcf47778-66fa-11e5-9223-70cb36460919
ACTION SNIPPET 1200 335 SNIPPET_NOT_RELEVANT 6d33c054-4c96-11e3-bf60-c1ca136ae14a
ACTION SNIPPET 1200 335 SNIPPET_NOT_RELEVANT 090e9534-214b-11e3-b73c-aab60bf735d0
ACTION SNIPPET 1200 335 SNIPPET_NOT_RELEVANT 23572f40ec4ce5583e783d12f57d75ae
ACTION SNIPPET 1200 335 SNIPPET_NOT_RELEVANT 805e9390a6f45a23e0719a1aa989c453
ACTION SNIPPET 1200 335 SNIPPET_NOT_RELEVANT 29f7bc44-5202-11e7-b064-828ba60fbb98
ACTION SNIPPET 1200 335 SNIPPET_NOT_RELEVANT 8795b192-dd67-11e4-a500-1c5bb1d8ff6a
ACTION SNIPPET 1200 335 SNIPPET_NOT_RELEVANT 9d7f5bb3a093c50dcc382eff4c57b618
ACTION SNIPPET 1200 335 SNIPPET_NOT_RELEVANT af0aecdc98edafc901de8c9194bc4697
ACTION SNIPPET 1200 335 SNIPPET_NOT_RELEVANT a6faf28bf691bfcb5bcd7f15b890b1f0
ACTION SNIPPET 1200 335 SNIPPET_NOT_RELEVANT 7ff69ad9704611eae3c20326e18084ed
ACTION SNIPPET 1200 335 SNIPPET_NOT_RELEVANT 11d01a7c82169cd396ac559e16c763cc
ACTION SNIPPET 1200 335 SNIPPET_NOT_RELEVANT ff99f9ea5f55633dd95d489621b088d4
ACTION SNIPPET 1200 335 SNIPPET_NOT_RELEVANT 3121bef7ddad4c770fca403d7b3f6105
ACTION SNIPPET 1200 335 SNIPPET_NOT_RELEVANT 6a35c8b5c6658841c94279c44b7df808
ACTION SNIPPET 1200 335 SNIPPET_NOT_RELEVANT 4dc39e249c44091c11da9bc92d546801
ACTION SNIPPET 1200 335 SNIPPET_NOT_RELEVANT fba7ece89ccca93f705689ae540e2a36
ACTION SNIPPET 1200 335 SNIPPET_NOT_RELEVANT 8f19c51e-52e6-11e3-9e2c-e1d01116fd98
ACTION SNIPPET 1200 335 SNIPPET_NOT_RELEVANT 52c42614-e256-11e2-80eb-3145e2994a55
ACTION SNIPPET 1200 335 SNIPPET_NOT_RELEVANT e3ac28aa-eb04-11e2-818e-aa29e855f3ab
ACTION SNIPPET 1200 335 SNIPPET_NOT_RELEVANT 433368e4a90accd4d9a998f8abfa8760
ACTION SNIPPET 1200 335 SNIPPET_NOT_RELEVANT f86161a8-78bb-11e3-8963-b4b654bcc9b2
ACTION SNIPPET 1200 335 SNIPPET_NOT_RELEVANT 8fc7d76ef2a8d3ecd9c233f5ed07fa9d
ACTION SNIPPET 1200 335 SNIPPET_NOT_RELEVANT 158f1628d23818aefb5c6333f873f11a
ACTION SNIPPET 1200 335 SNIPPET_NOT_RELEVANT 6059c546fd08c11c796a0a00ea905eac
ACTION SNIPPET 1200 335 SNIPPET_NOT_RELEVANT 081c8099907ac88af36c3432637dcc40
ACTION SNIPPET 1200 335 SEEN_PREVIOUSLY 30ff74a1f1042dd0a4465a5163cd378f
ACTION SNIPPET 1200 335 SNIPPET_NOT_RELEVANT 8f3483f7dd5f128e45a07b70eb73c9c7
ACTION SNIPPET 1200 335 SNIPPET_NOT_RELEVANT c19c49c955291ee3b5709f192377af35
ACTION SNIPPET 1200 335 SNIPPET_NOT_RELEVANT 027497a8-1cb1-11e3-a628-7e6dde8f889d
ACTION SNIPPET 1200 335 SNIPPET_NOT_RELEVANT dd7bd618e111af0d353b2886026e9e0c
ACTION SNIPPET 1200 335 SNIPPET_NOT_RELEVANT 5f4a1b65bb982899ec2b5689dafd9142
ACTION SNIPPET 1200 335 SNIPPET_NOT_RELEVANT 769b0647ad23cc40160503454d847623
ACTION SNIPPET 1200 335 SNIPPET_NOT_RELEVANT c04baed0c9a55b0ce8c606b081a01e2d
ACTION SNIPPET 1200 335 SNIPPET_NOT_RELEVANT 0f979e56-f6f8-11e6-aa1e-5f735ee31334
ACTION SNIPPET 1200 335 SEEN_PREVIOUSLY 50e916ffb415566f87d3a742671407c9
ACTION SNIPPET 1200 335 SNIPPET_NOT_RELEVANT 20c50184-cd1b-11e1-a953-937473fc82af
ACTION SNIPPET 1200 335 SNIPPET_NOT_RELEVANT b524e19a423fc8559739da6e73e65a09
ACTION SNIPPET 1200 335 SNIPPET_NOT_RELEVANT c05ef111f465f326ad3f99ac673a4ba2
ACTION SNIPPET 1200 335 SNIPPET_NOT_RELEVANT af7cdfca-faa1-11e5-886f-a037dba38301
ACTION SNIPPET 1200 335 SNIPPET_NOT_RELEVANT 67579679f41ab9e664bde8208b7d71a5
ACTION SNIPPET 1200 335 SNIPPET_NOT_RELEVANT cb9bd984-8930-11e3-916e-e01534b1e132
ACTION SNIPPET 1200 335 SNIPPET_NOT_RELEVANT 5005ea34-4c82-11e3-ac54-aa84301ced81
ACTION SNIPPET 1200 335 SNIPPET_NOT_RELEVANT fc6cb54adcb48ad4bac694334b35fc2f
ACTION SNIPPET 1200 335 SNIPPET_NOT_RELEVANT c473841e4ace2833abbaf141bdc7fd79
ACTION SNIPPET 1200 335 SNIPPET_NOT_RELEVANT c736a8ef475b9974ff2dc2d3a23c43f0
ACTION SNIPPET 1200 335 SNIPPET_NOT_RELEVANT 068fe246-966c-11e2-8b4e-0b56f26f28de
ACTION SNIPPET 1200 335 SNIPPET_NOT_RELEVANT 181accc458974db77e046b473562b469
ACTION SNIPPET 1200 335 SNIPPET_NOT_RELEVANT fe29bbe9666f42c736d5c8bff3811079
ACTION SNIPPET 1200 335 SNIPPET_NOT_RELEVANT ddcaa49cd8e7436da83df216e0ee6a86
ACTION SNIPPET 1200 335 SNIPPET_NOT_RELEVANT ee9e8e6278148eee44b4a8f8a4061bb9
ACTION SNIPPET 1200 335 SNIPPET_NOT_RELEVANT 5c021d082edfabf7d7fee3e823819556
ACTION SNIPPET 1200 335 SNIPPET_NOT_RELEVANT 2048c1fc-40af-11e2-ae43-cf491b837f7b
ACTION SNIPPET 1200 335 SNIPPET_NOT_RELEVANT b86c9b74-89e3-11e3-833c-33098f9e5267
ACTION SNIPPET 1200 335 SNIPPET_NOT_RELEVANT f0eeed304517db5c8b5453275ee2b59c
ACTION SNIPPET 1200 335 SNIPPET_NOT_RELEVANT aa9f1bd0-4622-11e7-a196-a1bb629f64cb
ACTION SNIPPET 1200 335 SNIPPET_NOT_RELEVANT b5f94623f4ad0f0761aa1bc322a4f1ca
ACTION SNIPPET 1200 335 SNIPPET_NOT_RELEVANT 234d64d53c05c99f79ef78210461c7ec
ACTION SNIPPET 1200 335 SNIPPET_NOT_RELEVANT c9dc154c033a3e667efe5dbb23ecdd71
ACTION SNIPPET 1200 335 SNIPPET_NOT_RELEVANT f2fb98f1230b653038a44b99f24f23a9
ACTION SNIPPET 1200 335 SNIPPET_NOT_RELEVANT fd6200be535d7d9c1af6ee8a6bd71fb6
ACTION SNIPPET 1200 335 SNIPPET_NOT_RELEVANT e02a06d2d2a53f5798ab0c5f67828dc5
ACTION SNIPPET 1200 335 SNIPPET_NOT_RELEVANT b9ab0eaecc249891de9e5f3fa63b2320
ACTION SNIPPET 1200 335 SNIPPET_NOT_RELEVANT f7e275d9a26f8804114e2dd0de49b2e7
ACTION SNIPPET 1200 335 SNIPPET_NOT_RELEVANT 13f8c95f0dffa64d1a83ee7179974a3c
ACTION SNIPPET 1200 335 SNIPPET_NOT_RELEVANT fd43a7b0-7073-11e5-8d93-0af317ed58c9
ACTION SNIPPET 1200 335 SNIPPET_NOT_RELEVANT 23cbe10c-14ac-11e3-880b-7503237cc69d
ACTION SNIPPET 1200 335 SNIPPET_NOT_RELEVANT 6db1c64d22c4cc45b553514d5c256a65
ACTION SNIPPET 1200 335 SNIPPET_NOT_RELEVANT b92f9bae-411c-11e1-afad-097055960b44
ACTION SNIPPET 1200 335 SNIPPET_NOT_RELEVANT 12b09c7c-deff-11e4-be40-566e2653afe5
ACTION SNIPPET 1200 335 SNIPPET_NOT_RELEVANT 6eb15385cf1177db6d72adb7cd7ed3f5
ACTION SNIPPET 1200 335 SNIPPET_NOT_RELEVANT 549eb6ede3688409ba4c706b596d45a2
ACTION SNIPPET 1200 335 SNIPPET_NOT_RELEVANT a28291244466825b99781c7354c1544b
ACTION SNIPPET 1200 335 SNIPPET_NOT_RELEVANT 9f97331f8e7f3554114b3133724d1d47
ACTION SNIPPET 1200 335 SNIPPET_NOT_RELEVANT 3cb43b9c8d7d5cfeff049d9b1a4d8429
INFO SERP_END_REACHED 
ACTION QUERY 1200 345 expansion of food stamp program
ACTION SERP 1200 350 EXAMINE_SERP
ACTION SNIPPET 1200 350 SNIPPET_NOT_RELEVANT 71e20d4e-4314-11e3-8b74-d89d714ca4dd
ACTION SNIPPET 1200 350 SNIPPET_NOT_RELEVANT 8d354f432853783669c49a129659054b
ACTION SNIPPET 1200 350 SNIPPET_NOT_RELEVANT 70a5ff34-41cb-11e3-a624-41d661b0bb78
ACTION SNIPPET 1200 350 SNIPPET_NOT_RELEVANT 5da022e634d6c6faf7b7d49a6cb7db7c
ACTION SNIPPET 1200 350 SNIPPET_NOT_RELEVANT 068fe246-966c-11e2-8b4e-0b56f26f28de
ACTION SNIPPET 1200 350 SNIPPET_NOT_RELEVANT 0e9831709b2c516043da7567547bc161
ACTION SNIPPET 1200 350 SNIPPET_NOT_RELEVANT 33e0f498-b402-11e2-bbf2-a6f9e9d79e19
ACTION SNIPPET 1200 350 SNIPPET_NOT_RELEVANT fba7ece89ccca93f705689ae540e2a36
ACTION SNIPPET 1200 350 SNIPPET_NOT_RELEVANT ba73064e8caf76c0cadfc6b457ff7f8c
ACTION SNIPPET 1200 350 SNIPPET_NOT_RELEVANT 5c021d082edfabf7d7fee3e823819556
ACTION SNIPPET 1200 350 SNIPPET_NOT_RELEVANT 2364e0a0a0508e4d29a5f0aeb4977e5e
ACTION SNIPPET 1200 350 SNIPPET_NOT_RELEVANT fad9863c8e3e9a81a6e691a8fc39c355
ACTION SNIPPET 1200 350 SNIPPET_NOT_RELEVANT 3aba0926182291efc43f919dcd2a31a5
ACTION SNIPPET 1200 350 SNIPPET_NOT_RELEVANT 7024de67e432e064b947b3943135453a
ACTION SNIPPET 1200 350 SNIPPET_NOT_RELEVANT 36f1905d3600b9f5b438e13bfae53788
ACTION SNIPPET 1200 350 SNIPPET_NOT_RELEVANT 65ac267a6db8b46aba85cf8ad4b2b684
ACTION SNIPPET 1200 350 SNIPPET_NOT_RELEVANT be629dd41c465a62240566d84a1a283c
ACTION SNIPPET 1200 350 SNIPPET_NOT_RELEVANT 72329928-4b00-11e3-bf60-c1ca136ae14a
ACTION SNIPPET 1200 350 SNIPPET_NOT_RELEVANT a7473c68-be87-11e3-bcec-b71ee10e9bc3
ACTION SNIPPET 1200 350 SNIPPET_NOT_RELEVANT e02a06d2d2a53f5798ab0c5f67828dc5
ACTION SNIPPET 1200 350 SNIPPET_NOT_RELEVANT 23572f40ec4ce5583e783d12f57d75ae
ACTION SNIPPET 1200 350 SEEN_PREVIOUSLY 93b1df32ec40200bf1b2ed560504f609
ACTION SNIPPET 1200 350 SNIPPET_NOT_RELEVANT 589f8968-e30d-11e2-bffd-37a36ddab820
ACTION SNIPPET 1200 350 SNIPPET_NOT_RELEVANT a5897636-4dee-11e6-a7d8-13d06b37f256
ACTION SNIPPET 1200 350 SNIPPET_NOT_RELEVANT 5ffee41c77e512f21ef38f336615eb0f
ACTION SNIPPET 1200 350 SNIPPET_NOT_RELEVANT fd39a3e8-a250-11e3-84d4-e59b1709222c
ACTION SNIPPET 1200 350 SNIPPET_NOT_RELEVANT 52c42614-e256-11e2-80eb-3145e2994a55
ACTION SNIPPET 1200 350 SNIPPET_NOT_RELEVANT 24572372be9af04d9caa58348df86522
ACTION SNIPPET 1200 350 SNIPPET_NOT_RELEVANT 435706f4-a5e1-11e1-853a-2d746a04dab9
ACTION SNIPPET 1200 350 SNIPPET_NOT_RELEVANT 8795b192-dd67-11e4-a500-1c5bb1d8ff6a
ACTION SNIPPET 1200 350 SNIPPET_NOT_RELEVANT 3121bef7ddad4c770fca403d7b3f6105
ACTION SNIPPET 1200 350 SNIPPET_NOT_RELEVANT ac6f0e3c-1e3c-11e3-94a2-6c66b668ea55
ACTION SNIPPET 1200 350 SEEN_PREVIOUSLY bf9d2620-a7c5-11e3-b61e-8051b8b52d06
ACTION SNIPPET 1200 350 SNIPPET_NOT_RELEVANT 5cc4c5c9aed2daca4cabade2c8cb6b43
ACTION SNIPPET 1200 350 SNIPPET_NOT_RELEVANT dd22bbd18acdce3d5f84eb33020e82d4
ACTION SNIPPET 1200 350 SNIPPET_NOT_RELEVANT d6134be9fe6dd6f86ee2c4468b05c4ca
ACTION SNIPPET 1200 350 SNIPPET_NOT_RELEVANT d0f736b8-44c9-11e3-b6f8-3782ff6cb769
ACTION SNIPPET 1200 350 SNIPPET_NOT_RELEVANT be290472074f19398e3b81918d3b5254
ACTION SNIPPET 1200 350 SNIPPET_NOT_RELEVANT 61b735b0a4423976cdc4711459b48a79
ACTION SNIPPET 1200 350 SNIPPET_NOT_RELEVANT 260365e8-eb18-11e2-a301-ea5a8116d211
ACTION SNIPPET 1200 350 SNIPPET_NOT_RELEVANT 1339ffcf15215508c1ac98168af9c650
ACTION SNIPPET 1200 350 SNIPPET_NOT_RELEVANT 150e4bfa-a3db-11e3-a5fa-55f0c77bf39c
ACTION SNIPPET 1200 350 SNIPPET_NOT_RELEVANT 178b254845bb351b99ac9c4ed5638d67
ACTION SNIPPET 1200 350 SNIPPET_NOT_RELEVANT 4dc39e249c44091c11da9bc92d546801
ACTION SNIPPET 1200 350 SNIPPET_NOT_RELEVANT abde80d438c57404c0769d52c9eb5712
ACTION SNIPPET 1200 350 SNIPPET_NOT_RELEVANT b4344cb95a76f784e4cf74a058044083
ACTION SNIPPET 1200 350 SNIPPET_NOT_RELEVANT 2ccc2dc71b9f0a275a19d4a01e3e7dd6
ACTION SNIPPET 1200 350 SNIPPET_NOT_RELEVANT f30bb97b4a31d0f3152c7659865391ba
ACTION SNIPPET 1200 350 SNIPPET_NOT_RELEVANT ad2572fdb1c34200679d4adf8dd65ca8
ACTION SNIPPET 1200 350 SNIPPET_NOT_RELEVANT e3fa39225bf5e7ec13e529b95e942a59
ACTION SNIPPET 1200 350 SNIPPET_NOT_RELEVANT cf3994c55cc7c99610a7434e206947d8
ACTION SNIPPET 1200 350 SNIPPET_NOT_RELEVANT 5129b8b2c47f153ee4a1107a03b5112a
ACTION SNIPPET 1200 350 SNIPPET_NOT_RELEVANT 6fdc62d37aaf685b809c501abe13c56c
ACTION SNIPPET 1200 350 SNIPPET_NOT_RELEVANT ee9e8e6278148eee44b4a8f8a4061bb9
ACTION SNIPPET 1200 350 SNIPPET_NOT_RELEVANT 59fe2f2a88b8619897ccc4650addee83
ACTION SNIPPET 1200 350 SNIPPET_NOT_RELEVANT b2577fc3238a9e2ac2b3575965c84090
ACTION SNIPPET 1200 350 SNIPPET_NOT_RELEVANT 80de73ec3c45427a989a5f288b85b3ec
ACTION SNIPPET 1200 350 SNIPPET_NOT_RELEVANT 2f70d79b20b007e3619f4b46d2f144ce
ACTION SNIPPET 1200 350 SNIPPET_NOT_RELEVANT d6f50be576051e643e3e011346e17aee
ACTION SNIPPET 1200 350 SNIPPET_NOT_RELEVANT c97437220c0222bb29fd3154a3e3b31b
ACTION SNIPPET 1200 350 SEEN_PREVIOUSLY 7305a4d97cddfeff4e862e09d85c24b5
ACTION SNIPPET 1200 350 SEEN_PREVIOUSLY 0462ce6a5a54d06177e5abe5d0e2058b
ACTION SNIPPET 1200 350 SNIPPET_NOT_RELEVANT bbdb30a0-7303-11e3-bc6b-712d770c3715
ACTION SNIPPET 1200 350 SNIPPET_NOT_RELEVANT 40495061cdf499054209fb41419ef51b
ACTION SNIPPET 1200 350 SNIPPET_NOT_RELEVANT cda856e64952d178124f0ffe0d03717a
ACTION SNIPPET 1200 350 SNIPPET_NOT_RELEVANT 8bd4ff1d44bd4ba542f5d76209b563e1
ACTION SNIPPET 1200 350 SNIPPET_NOT_RELEVANT 2fdffeca6092871a81c84bff6890623e
ACTION SNIPPET 1200 350 SNIPPET_NOT_RELEVANT 8901e3488674ac780e3966e7277c30a8
ACTION SNIPPET 1200 350 SNIPPET_NOT_RELEVANT 6a35c8b5c6658841c94279c44b7df808
ACTION SNIPPET 1200 350 SNIPPET_NOT_RELEVANT 69a32760-af65-11e1-80eb-46875d0c7789
ACTION SNIPPET 1200 350 SNIPPET_NOT_RELEVANT 6059c546fd08c11c796a0a00ea905eac
ACTION SNIPPET 1200 350 SNIPPET_NOT_RELEVANT 216260efaa9bc4168fa6ad0fc18fc8eb
ACTION SNIPPET 1200 350 SNIPPET_NOT_RELEVANT f2217d815071a4ee058a9ce32cde534c
ACTION SNIPPET 1200 350 SNIPPET_NOT_RELEVANT 49bcdcf8e4e16f809082bbf48eb572e9
ACTION SNIPPET 1200 350 SNIPPET_NOT_RELEVANT aa9f1bd0-4622-11e7-a196-a1bb629f64cb
ACTION SNIPPET 1200 350 SNIPPET_NOT_RELEVANT 85bc8143e4015f8aca325067444b1aab
ACTION SNIPPET 1200 350 SNIPPET_NOT_RELEVANT 25efc9909f22f178f770ac9b966cfab2
ACTION SNIPPET 1200 350 SNIPPET_NOT_RELEVANT 081c8099907ac88af36c3432637dcc40
ACTION SNIPPET 1200 350 SNIPPET_NOT_RELEVANT 7ff69ad9704611eae3c20326e18084ed
ACTION SNIPPET 1200 350 SNIPPET_NOT_RELEVANT c3a524c2-26db-11e3-9372-92606241ae9c
ACTION SNIPPET 1200 350 SNIPPET_NOT_RELEVANT c664009eedd385af7d6f234fb16dd3a8
ACTION SNIPPET 1200 350 SNIPPET_NOT_RELEVANT 0d1a8a68-ea7b-11e2-a301-ea5a8116d211
ACTION SNIPPET 1200 350 SNIPPET_NOT_RELEVANT aa0cac9796a64191740a07b4f089127a
ACTION SNIPPET 1200 350 SNIPPET_NOT_RELEVANT ee3432ce-eb07-11e2-8f22-de4bd2a2bd39
ACTION SNIPPET 1200 350 SNIPPET_NOT_RELEVANT d1cfce498e095a8e090494827a768cad
ACTION SNIPPET 1200 350 SNIPPET_NOT_RELEVANT 2d25978c-116c-11e2-a16b-2c110031514a
ACTION SNIPPET 1200 350 SNIPPET_NOT_RELEVANT 213806362586be0f892d642eb0b6d27f
ACTION SNIPPET 1200 350 SNIPPET_NOT_RELEVANT 4c9dfc8c8e7eb9e0c07a2ca97b879706
ACTION SNIPPET 1200 350 SNIPPET_NOT_RELEVANT c05ef111f465f326ad3f99ac673a4ba2
ACTION SNIPPET 1200 350 SNIPPET_NOT_RELEVANT abbdd3a35167a6dbc7491f4be7c6eded
ACTION SNIPPET 1200 350 SNIPPET_NOT_RELEVANT 027497a8-1cb1-11e3-a628-7e6dde8f889d
ACTION SNIPPET 1200 350 SEEN_PREVIOUSLY 2ca56f93b52c8b9c0e7a49ccfa4c891b
ACTION SNIPPET 1200 350 SNIPPET_NOT_RELEVANT dd7bd618e111af0d353b2886026e9e0c
ACTION SNIPPET 1200 350 SNIPPET_NOT_RELEVANT 29f7bc44-5202-11e7-b064-828ba60fbb98
ACTION SNIPPET 1200 350 SNIPPET_RELEVANT 23736316-699c-11e3-8b5b-a77187b716a3
ACTION DOC 1200 370 EXAMINING_DOCUMENT 23736316-699c-11e3-8b5b-a77187b716a3
ACTION MARK 1200 373 CONSIDERED_RELEVANT 23736316-699c-11e3-8b5b-a77187b716a3
ACTION SNIPPET 1200 373 SNIPPET_NOT_RELEVANT 71932c12f24afe50f582150d2f013794
ACTION SNIPPET 1200 373 SNIPPET_NOT_RELEVANT ff52231aec12758f729eeb4c56fc902a
ACTION SNIPPET 1200 373 SNIPPET_NOT_RELEVANT 962be76e55aae18989489bafe207c5af
ACTION SNIPPET 1200 373 SNIPPET_NOT_RELEVANT 6c9fe794-c951-11e2-9f1a-1a7cdee20287
ACTION SNIPPET 1200 373 SNIPPET_NOT_RELEVANT 11cfe2c6-3385-11e3-8627-c5d7de0a046b
INFO SERP_END_REACHED 
ACTION QUERY 1200 383 more people on food stamps
ACTION SERP 1200 388 EXAMINE_SERP
ACTION SNIPPET 1200 388 SNIPPET_NOT_RELEVANT 72329928-4b00-11e3-bf60-c1ca136ae14a
ACTION SNIPPET 1200 388 SNIPPET_NOT_RELEVANT 23572f40ec4ce5583e783d12f57d75ae
ACTION SNIPPET 1200 388 SNIPPET_NOT_RELEVANT 7024de67e432e064b947b3943135453a
ACTION SNIPPET 1200 388 SNIPPET_NOT_RELEVANT 435706f4-a5e1-11e1-853a-2d746a04dab9
ACTION SNIPPET 1200 388 SEEN_PREVIOUSLY 93b1df32ec40200bf1b2ed560504f609
ACTION SNIPPET 1200 388 SNIPPET_NOT_RELEVANT fad9863c8e3e9a81a6e691a8fc39c355
ACTION SNIPPET 1200 388 SNIPPET_NOT_RELEVANT 3aba0926182291efc43f919dcd2a31a5
ACTION SNIPPET 1200 388 SNIPPET_NOT_RELEVANT 3427dc29519435a87a388ddd3bbed083
ACTION SNIPPET 1200 388 SNIPPET_NOT_RELEVANT 71e20d4e-4314-11e3-8b74-d89d714ca4dd
ACTION SNIPPET 1200 388 SNIPPET_NOT_RELEVANT 5ffee41c77e512f21ef38f336615eb0f
ACTION SNIPPET 1200 388 SNIPPET_NOT_RELEVANT bd4b243d538403d776d7a385644e351c
ACTION SNIPPET 1200 388 SNIPPET_NOT_RELEVANT 80de73ec3c45427a989a5f288b85b3ec
ACTION SNIPPET 1200 388 SNIPPET_NOT_RELEVANT 52c42614-e256-11e2-80eb-3145e2994a55
ACTION SNIPPET 1200 388 SNIPPET_NOT_RELEVANT 260365e8-eb18-11e2-a301-ea5a8116d211
ACTION SNIPPET 1200 388 SEEN_PREVIOUSLY 0462ce6a5a54d06177e5abe5d0e2058b
ACTION SNIPPET 1200 388 SNIPPET_NOT_RELEVANT dd22bbd18acdce3d5f84eb33020e82d4
ACTION SNIPPET 1200 388 SNIPPET_NOT_RELEVANT 3121bef7ddad4c770fca403d7b3f6105
ACTION SNIPPET 1200 388 SNIPPET_NOT_RELEVANT d0f736b8-44c9-11e3-b6f8-3782ff6cb769
ACTION SNIPPET 1200 388 SNIPPET_NOT_RELEVANT dd78ee612cc6085b48c765e5cc90587c
ACTION SNIPPET 1200 388 SNIPPET_NOT_RELEVANT 25efc9909f22f178f770ac9b966cfab2
ACTION SNIPPET 1200 388 SNIPPET_NOT_RELEVANT 70a5ff34-41cb-11e3-a624-41d661b0bb78
ACTION SNIPPET 1200 388 SNIPPET_NOT_RELEVANT 150e4bfa-a3db-11e3-a5fa-55f0c77bf39c
ACTION SNIPPET 1200 388 SNIPPET_NOT_RELEVANT ac6f0e3c-1e3c-11e3-94a2-6c66b668ea55
ACTION SNIPPET 1200 388 SNIPPET_NOT_RELEVANT 36f1905d3600b9f5b438e13bfae53788
ACTION SNIPPET 1200 388 SNIPPET_NOT_RELEVANT be629dd41c465a62240566d84a1a283c
ACTION SNIPPET 1200 388 SNIPPET_NOT_RELEVANT 65ac267a6db8b46aba85cf8ad4b2b684
ACTION SNIPPET 1200 388 SNIPPET_NOT_RELEVANT d8af49c4-593a-11e3-835d-e7173847c7cc
ACTION SNIPPET 1200 388 SNIPPET_NOT_RELEVANT dd2d8f887dabd80b5bdb1e1212b6b86c
ACTION SNIPPET 1200 388 SNIPPET_NOT_RELEVANT 40495061cdf499054209fb41419ef51b
ACTION SNIPPET 1200 388 SNIPPET_NOT_RELEVANT cda856e64952d178124f0ffe0d03717a
ACTION SNIPPET 1200 388 SNIPPET_NOT_RELEVANT 216260efaa9bc4168fa6ad0fc18fc8eb
ACTION SNIPPET 1200 388 SNIPPET_NOT_RELEVANT 2ccc2dc71b9f0a275a19d4a01e3e7dd6
ACTION SNIPPET 1200 388 SNIPPET_NOT_RELEVANT abde80d438c57404c0769d52c9eb5712
ACTION SNIPPET 1200 388 SNIPPET_NOT_RELEVANT b4344cb95a76f784e4cf74a058044083
ACTION SNIPPET 1200 388 SNIPPET_NOT_RELEVANT cf3994c55cc7c99610a7434e206947d8
ACTION SNIPPET 1200 388 SNIPPET_NOT_RELEVANT f30bb97b4a31d0f3152c7659865391ba
ACTION SNIPPET 1200 388 SNIPPET_NOT_RELEVANT ad2572fdb1c34200679d4adf8dd65ca8
ACTION SNIPPET 1200 388 SNIPPET_NOT_RELEVANT e3fa39225bf5e7ec13e529b95e942a59
ACTION SNIPPET 1200 388 SNIPPET_NOT_RELEVANT 5129b8b2c47f153ee4a1107a03b5112a
ACTION SNIPPET 1200 388 SEEN_PREVIOUSLY a25d386b0e49f1d49ce86cb719e05be6
ACTION SNIPPET 1200 388 SNIPPET_NOT_RELEVANT 47d08128-c77a-11e1-bb4a-cc81fa853421
ACTION SNIPPET 1200 388 SNIPPET_NOT_RELEVANT abbdd3a35167a6dbc7491f4be7c6eded
ACTION SNIPPET 1200 388 SNIPPET_NOT_RELEVANT 0d1a8a68-ea7b-11e2-a301-ea5a8116d211
ACTION SNIPPET 1200 388 SNIPPET_NOT_RELEVANT 71932c12f24afe50f582150d2f013794
ACTION SNIPPET 1200 388 SNIPPET_NOT_RELEVANT 67a463e178e95f657913f1cbf1bc4f24
ACTION SNIPPET 1200 388 SNIPPET_NOT_RELEVANT fd39a3e8-a250-11e3-84d4-e59b1709222c
ACTION SNIPPET 1200 388 SNIPPET_NOT_RELEVANT 6d33c054-4c96-11e3-bf60-c1ca136ae14a
ACTION SNIPPET 1200 388 SEEN_PREVIOUSLY bf9d2620-a7c5-11e3-b61e-8051b8b52d06
ACTION SNIPPET 1200 388 SNIPPET_NOT_RELEVANT 962be76e55aae18989489bafe207c5af
ACTION SNIPPET 1200 388 SNIPPET_NOT_RELEVANT a5897636-4dee-11e6-a7d8-13d06b37f256
ACTION SNIPPET 1200 388 SNIPPET_NOT_RELEVANT 2f70d79b20b007e3619f4b46d2f144ce
ACTION SNIPPET 1200 388 SNIPPET_NOT_RELEVANT bb4269d0513db9fc9bb9b0e74dccfb4a
ACTION SNIPPET 1200 388 SNIPPET_NOT_RELEVANT 178b254845bb351b99ac9c4ed5638d67
ACTION SNIPPET 1200 388 SNIPPET_NOT_RELEVANT 6fdc62d37aaf685b809c501abe13c56c
ACTION SNIPPET 1200 388 SNIPPET_NOT_RELEVANT c3a524c2-26db-11e3-9372-92606241ae9c
ACTION SNIPPET 1200 388 SNIPPET_NOT_RELEVANT bbdb30a0-7303-11e3-bc6b-712d770c3715
ACTION SNIPPET 1200 388 SNIPPET_NOT_RELEVANT 4dc39e249c44091c11da9bc92d546801
ACTION SNIPPET 1200 388 SNIPPET_NOT_RELEVANT 589f8968-e30d-11e2-bffd-37a36ddab820
ACTION SNIPPET 1200 388 SNIPPET_NOT_RELEVANT 43e553a72cd8a92b5a3cf6e7f5a3d54c
ACTION SNIPPET 1200 388 SNIPPET_NOT_RELEVANT 2e51626ac5cff08a8b27ec2c390fc56a
ACTION SNIPPET 1200 388 SEEN_PREVIOUSLY 7305a4d97cddfeff4e862e09d85c24b5
ACTION SNIPPET 1200 388 SNIPPET_NOT_RELEVANT d6f50be576051e643e3e011346e17aee
ACTION SNIPPET 1200 388 SNIPPET_NOT_RELEVANT 59a9d4ce-f8fb-11e5-958d-d038dac6e718
ACTION SNIPPET 1200 388 SNIPPET_NOT_RELEVANT c97437220c0222bb29fd3154a3e3b31b
ACTION SNIPPET 1200 388 SNIPPET_NOT_RELEVANT 45a07db550aee6859ca02b987a9ac8c7
ACTION SNIPPET 1200 388 SNIPPET_NOT_RELEVANT 4153573c-dbb6-11e4-b6d7-b9bc8acf16f7
ACTION SNIPPET 1200 388 SNIPPET_NOT_RELEVANT 8b735931c3d19dd0c4612acf126cb301
ACTION SNIPPET 1200 388 SNIPPET_NOT_RELEVANT d11c3ad7973cd24b00501eafc2018f10
ACTION SNIPPET 1200 388 SNIPPET_NOT_RELEVANT b2577fc3238a9e2ac2b3575965c84090
ACTION SNIPPET 1200 388 SNIPPET_NOT_RELEVANT 61b735b0a4423976cdc4711459b48a79
ACTION SNIPPET 1200 388 SNIPPET_NOT_RELEVANT 6059c546fd08c11c796a0a00ea905eac
ACTION SNIPPET 1200 388 SNIPPET_NOT_RELEVANT 8bd4ff1d44bd4ba542f5d76209b563e1
ACTION SNIPPET 1200 388 SNIPPET_NOT_RELEVANT 2fdffeca6092871a81c84bff6890623e
ACTION SNIPPET 1200 388 SNIPPET_NOT_RELEVANT 8901e3488674ac780e3966e7277c30a8
ACTION SNIPPET 1200 388 SNIPPET_NOT_RELEVANT bfb70f0d1a527401ec02602230340876
ACTION SNIPPET 1200 388 SEEN_PREVIOUSLY cda50c26-5dd1-11e3-95c2-13623eb2b0e1
ACTION SNIPPET 1200 388 SNIPPET_NOT_RELEVANT 158f1628d23818aefb5c6333f873f11a
ACTION SNIPPET 1200 388 SNIPPET_NOT_RELEVANT 9e792eb4-57a5-11e3-835d-e7173847c7cc
ACTION SNIPPET 1200 388 SNIPPET_NOT_RELEVANT 49bcdcf8e4e16f809082bbf48eb572e9
ACTION SNIPPET 1200 388 SNIPPET_NOT_RELEVANT 5da022e634d6c6faf7b7d49a6cb7db7c
ACTION SNIPPET 1200 388 SNIPPET_NOT_RELEVANT ee9e8e6278148eee44b4a8f8a4061bb9
ACTION SNIPPET 1200 388 SNIPPET_NOT_RELEVANT ff99f9ea5f55633dd95d489621b088d4
ACTION SNIPPET 1200 388 SNIPPET_NOT_RELEVANT 027497a8-1cb1-11e3-a628-7e6dde8f889d
ACTION SNIPPET 1200 388 SNIPPET_NOT_RELEVANT f2217d815071a4ee058a9ce32cde534c
ACTION SNIPPET 1200 388 SNIPPET_NOT_RELEVANT b78953b87507f4dfd2ff5da56e59d1de
ACTION SNIPPET 1200 388 SNIPPET_NOT_RELEVANT 88cc718e4ba3c00ab76d6ee462ed4cde
ACTION SNIPPET 1200 388 SNIPPET_NOT_RELEVANT 8d354f432853783669c49a129659054b
ACTION SNIPPET 1200 388 SNIPPET_NOT_RELEVANT a3a49b38cfe96d3a01f4f46e2d7e1ab6
ACTION SNIPPET 1200 388 SNIPPET_NOT_RELEVANT 2d8ce0adfddb97becf71e45eab5632f7
ACTION SNIPPET 1200 388 SNIPPET_NOT_RELEVANT 6c9fe794-c951-11e2-9f1a-1a7cdee20287
ACTION SNIPPET 1200 388 SNIPPET_NOT_RELEVANT c736a8ef475b9974ff2dc2d3a23c43f0
ACTION SNIPPET 1200 388 SNIPPET_NOT_RELEVANT 11cfe2c6-3385-11e3-8627-c5d7de0a046b
ACTION SNIPPET 1200 388 SNIPPET_NOT_RELEVANT c664009eedd385af7d6f234fb16dd3a8
ACTION SNIPPET 1200 388 SNIPPET_NOT_RELEVANT aa9f1bd0-4622-11e7-a196-a1bb629f64cb
ACTION SNIPPET 1200 388 SNIPPET_NOT_RELEVANT be290472074f19398e3b81918d3b5254
ACTION SNIPPET 1200 388 SNIPPET_NOT_RELEVANT 833c54f5aa936a1bc4bdced512d123af
ACTION SNIPPET 1200 388 SNIPPET_NOT_RELEVANT 081c8099907ac88af36c3432637dcc40
ACTION SNIPPET 1200 388 SNIPPET_NOT_RELEVANT f0eeed304517db5c8b5453275ee2b59c
ACTION SNIPPET 1200 388 SNIPPET_NOT_RELEVANT 7ff69ad9704611eae3c20326e18084ed
ACTION SNIPPET 1200 388 SNIPPET_NOT_RELEVANT c05ef111f465f326ad3f99ac673a4ba2
INFO SERP_END_REACHED 
INFO OUT_OF_QUERIES 
INFO SUMMARY 
INFO TOTAL_QUERIES_ISSUED 9
INFO TOTAL_SNIPPETS_EXAMINED 858
INFO TOTAL_DOCUMENTS_EXAMINED 11
INFO TOTAL_DOCUMENTS_MARKED_RELEVANT 11
INFO TOTAL_ATTRACTIVE_SERP_IMPRESSIONS 9
INFO TOTAL_UNATTRACTIVE_SERP_IMPRESSIONS 0
INFO TOTAL_TREC_RELEVANT_DOCS 11
INFO TOTAL_UNIQ_TREC_RELEVANT_DOCS 11
INFO PRECISION_TREC_RELEVANT_DOCS 1.0
