ACTION START 1200 0 START
ACTION QUERY 1200 10 postmenopausal estrogen Britain
ACTION SERP 1200 15 EXAMINE_SERP
ACTION SNIPPET 1200 15 SNIPPET_RELEVANT 1587072
ACTION DOC 1200 35 EXAMINING_DOCUMENT 1587072
ACTION SNIPPET 1200 35 SNIPPET_RELEVANT 1280589
ACTION DOC 1200 55 EXAMINING_DOCUMENT 1280589
ACTION SNIPPET 1200 55 SNIPPET_RELEVANT 768937
ACTION DOC 1200 75 EXAMINING_DOCUMENT 768937
ACTION SNIPPET 1200 75 SNIPPET_RELEVANT 16397
ACTION DOC 1200 95 EXAMINING_DOCUMENT 16397
ACTION SNIPPET 1200 95 SNIPPET_RELEVANT 290162
ACTION DOC 1200 115 EXAMINING_DOCUMENT 290162
ACTION MARK 1200 118 CONSIDERED_RELEVANT 290162
ACTION SNIPPET 1200 118 SNIPPET_RELEVANT 837869
ACTION DOC 1200 138 EXAMINING_DOCUMENT 837869
ACTION QUERY 1200 148 estrogen therapy UK
ACTION SERP 1200 153 EXAMINE_SERP
ACTION SNIPPET 1200 153 SNIPPET_RELEVANT 1510420
ACTION DOC 1200 173 EXAMINING_DOCUMENT 1510420
ACTION MARK 1200 176 CONSIDERED_RELEVANT 1510420
ACTION SNIPPET 1200 176 SNIPPET_RELEVANT 893402
ACTION DOC 1200 196 EXAMINING_DOCUMENT 893402
ACTION SNIPPET 1200 196 SEEN_PREVIOUSLY 16397
ACTION SNIPPET 1200 196 SNIPPET_RELEVANT 880697
ACTION DOC 1200 216 EXAMINING_DOCUMENT 880697
ACTION SNIPPET 1200 216 SNIPPET_RELEVANT 1224995
ACTION DOC 1200 236 EXAMINING_DOCUMENT 1224995
ACTION SNIPPET 1200 236 SNIPPET_RELEVANT 78651
ACTION DOC 1200 256 EXAMINING_DOCUMENT 78651
ACTION SNIPPET 1200 256 SNIPPET_RELEVANT 474171
ACTION DOC 1200 276 EXAMINING_DOCUMENT 474171
ACTION QUERY 1200 286 Britain postmenopausal hormone
ACTION SERP 1200 291 EXAMINE_SERP
ACTION SNIPPET 1200 291 SEEN_PREVIOUSLY 1587072
ACTION SNIPPET 1200 291 SNIPPET_RELEVANT 1403324
ACTION DOC 1200 311 EXAMINING_DOCUMENT 1403324
ACTION SNIPPET 1200 311 SEEN_PREVIOUSLY 768937
ACTION SNIPPET 1200 311 SEEN_PREVIOUSLY 290162
ACTION SNIPPET 1200 311 SNIPPET_RELEVANT 888096
ACTION DOC 1200 331 EXAMINING_DOCUMENT 888096
ACTION MARK 1200 334 CONSIDERED_RELEVANT 888096
ACTION SNIPPET 1200 334 SNIPPET_RELEVANT 951719
ACTION DOC 1200 354 EXAMINING_DOCUMENT 951719
ACTION SNIPPET 1200 354 SNIPPET_RELEVANT 953290
ACTION DOC 1200 374 EXAMINING_DOCUMENT 953290
ACTION MARK 1200 377 CONSIDERED_RELEVANT 953290
ACTION SNIPPET 1200 377 SNIPPET_RELEVANT 1172980
ACTION DOC 1200 397 EXAMINING_DOCUMENT 1172980
ACTION SNIPPET 1200 397 SNIPPET_RELEVANT 368667
ACTION DOC 1200 417 EXAMINING_DOCUMENT 368667
ACTION QUERY 1200 427 hormone replacement therapy Britain
ACTION SERP 1200 432 EXAMINE_SERP
ACTION SNIPPET 1200 432 SNIPPET_RELEVANT 728137
ACTION DOC 1200 452 EXAMINING_DOCUMENT 728137
ACTION SNIPPET 1200 452 SNIPPET_RELEVANT 1387954
ACTION DOC 1200 472 EXAMINING_DOCUMENT 1387954
ACTION MARK 1200 475 CONSIDERED_RELEVANT 1387954
ACTION SNIPPET 1200 475 SNIPPET_RELEVANT 737599
ACTION DOC 1200 495 EXAMINING_DOCUMENT 737599
ACTION SNIPPET 1200 495 SNIPPET_RELEVANT 1139352
ACTION DOC 1200 515 EXAMINING_DOCUMENT 1139352
ACTION SNIPPET 1200 515 SNIPPET_RELEVANT 1407081
ACTION DOC 1200 535 EXAMINING_DOCUMENT 1407081
ACTION MARK 1200 538 CONSIDERED_RELEVANT 1407081
ACTION SNIPPET 1200 538 SNIPPET_RELEVANT 1408573
ACTION DOC 1200 558 EXAMINING_DOCUMENT 1408573
ACTION MARK 1200 561 CONSIDERED_RELEVANT 1408573
ACTION QUERY 1200 571 postmenopause estrogen UK
ACTION SERP 1200 576 EXAMINE_SERP
ACTION SNIPPET 1200 576 SEEN_PREVIOUSLY 1587072
ACTION SNIPPET 1200 576 SEEN_PREVIOUSLY 1280589
ACTION SNIPPET 1200 576 SEEN_PREVIOUSLY 768937
ACTION SNIPPET 1200 576 SEEN_PREVIOUSLY 16397
ACTION SNIPPET 1200 576 SEEN_PREVIOUSLY 290162
ACTION SNIPPET 1200 576 SEEN_PREVIOUSLY 837869
ACTION SNIPPET 1200 576 SNIPPET_RELEVANT 608952
ACTION DOC 1200 596 EXAMINING_DOCUMENT 608952
ACTION SNIPPET 1200 596 SNIPPET_RELEVANT 1575489
ACTION DOC 1200 616 EXAMINING_DOCUMENT 1575489
ACTION SNIPPET 1200 616 SEEN_PREVIOUSLY 888096
ACTION SNIPPET 1200 616 SNIPPET_RELEVANT 977697
ACTION DOC 1200 636 EXAMINING_DOCUMENT 977697
ACTION SNIPPET 1200 636 SNIPPET_RELEVANT 918568
ACTION DOC 1200 656 EXAMINING_DOCUMENT 918568
ACTION SNIPPET 1200 656 SEEN_PREVIOUSLY 893402
ACTION SNIPPET 1200 656 SNIPPET_RELEVANT 819667
ACTION DOC 1200 676 EXAMINING_DOCUMENT 819667
ACTION SNIPPET 1200 676 SNIPPET_RELEVANT 497560
ACTION DOC 1200 696 EXAMINING_DOCUMENT 497560
ACTION QUERY 1200 706 British estrogen treatment
ACTION SERP 1200 711 EXAMINE_SERP
ACTION SNIPPET 1200 711 SNIPPET_RELEVANT 847447
ACTION DOC 1200 731 EXAMINING_DOCUMENT 847447
ACTION SNIPPET 1200 731 SNIPPET_RELEVANT 433726
ACTION DOC 1200 751 EXAMINING_DOCUMENT 433726
ACTION MARK 1200 754 CONSIDERED_RELEVANT 433726
ACTION SNIPPET 1200 754 SEEN_PREVIOUSLY 1587072
ACTION SNIPPET 1200 754 SNIPPET_RELEVANT 192117
ACTION DOC 1200 774 EXAMINING_DOCUMENT 192117
ACTION SNIPPET 1200 774 SNIPPET_RELEVANT 1009594
ACTION DOC 1200 794 EXAMINING_DOCUMENT 1009594
ACTION SNIPPET 1200 794 SEEN_PREVIOUSLY 1510420
ACTION SNIPPET 1200 794 SNIPPET_RELEVANT 1563396
ACTION DOC 1200 814 EXAMINING_DOCUMENT 1563396
ACTION SNIPPET 1200 814 SNIPPET_RELEVANT 1672020
ACTION DOC 1200 834 EXAMINING_DOCUMENT 1672020
ACTION QUERY 1200 844 estrogen supplements Britain
ACTION SERP 1200 849 EXAMINE_SERP
ACTION SNIPPET 1200 849 SNIPPET_RELEVANT 35530
ACTION DOC 1200 869 EXAMINING_DOCUMENT 35530
ACTION SNIPPET 1200 869 SNIPPET_RELEVANT 1111778
ACTION DOC 1200 889 EXAMINING_DOCUMENT 1111778
ACTION SNIPPET 1200 889 SNIPPET_RELEVANT 1606158
ACTION DOC 1200 909 EXAMINING_DOCUMENT 1606158
ACTION SNIPPET 1200 909 SNIPPET_RELEVANT 1039937
ACTION DOC 1200 929 EXAMINING_DOCUMENT 1039937
ACTION SNIPPET 1200 929 SNIPPET_RELEVANT 1208812
ACTION DOC 1200 949 EXAMINING_DOCUMENT 1208812
ACTION MARK 1200 952 CONSIDERED_RELEVANT 1208812
ACTION SNIPPET 1200 952 SNIPPET_RELEVANT 1564913
ACTION DOC 1200 972 EXAMINING_DOCUMENT 1564913
ACTION QUERY 1200 982 estrogen medication Britain
ACTION SERP 1200 987 EXAMINE_SERP
ACTION SNIPPET 1200 987 SEEN_PREVIOUSLY 847447
ACTION SNIPPET 1200 987 SNIPPET_RELEVANT 334401
ACTION DOC 1200 1007 EXAMINING_DOCUMENT 334401
ACTION SNIPPET 1200 1007 SNIPPET_RELEVANT 404646
ACTION DOC 1200 1027 EXAMINING_DOCUMENT 404646
ACTION SNIPPET 1200 1027 SEEN_PREVIOUSLY 819667
ACTION SNIPPET 1200 1027 SNIPPET_RELEVANT 177169
ACTION DOC 1200 1047 EXAMINING_DOCUMENT 177169
ACTION MARK 1200 1050 CONSIDERED_RELEVANT 177169
ACTION SNIPPET 1200 1050 SNIPPET_RELEVANT 871680
ACTION DOC 1200 1070 EXAMINING_DOCUMENT 871680
ACTION SNIPPET 1200 1070 SNIPPET_RELEVANT 1068045
ACTION DOC 1200 1090 EXAMINING_DOCUMENT 1068045
ACTION SNIPPET 1200 1090 SEEN_PREVIOUSLY 893402
ACTION SNIPPET 1200 1090 SNIPPET_RELEVANT 828253
ACTION DOC 1200 1110 EXAMINING_DOCUMENT 828253
ACTION QUERY 1200 1120 postmenopausal health Britain
ACTION SERP 1200 1125 EXAMINE_SERP
ACTION SNIPPET 1200 1125 SEEN_PREVIOUSLY 1403324
ACTION SNIPPET 1200 1125 SNIPPET_RELEVANT 1557678
ACTION DOC 1200 1145 EXAMINING_DOCUMENT 1557678
ACTION SNIPPET 1200 1145 SNIPPET_RELEVANT 609201
ACTION DOC 1200 1165 EXAMINING_DOCUMENT 609201
ACTION SNIPPET 1200 1165 SEEN_PREVIOUSLY 768937
ACTION SNIPPET 1200 1165 SEEN_PREVIOUSLY 1587072
ACTION SNIPPET 1200 1165 SEEN_PREVIOUSLY 953290
ACTION SNIPPET 1200 1165 SNIPPET_RELEVANT 1852258
ACTION DOC 1200 1185 EXAMINING_DOCUMENT 1852258
ACTION SNIPPET 1200 1185 SEEN_PREVIOUSLY 951719
ACTION SNIPPET 1200 1185 SEEN_PREVIOUSLY 837869
ACTION SNIPPET 1200 1185 SNIPPET_RELEVANT 1855613
ACTION DOC 1200 1205 EXAMINING_DOCUMENT 1855613
INFO SUMMARY 
INFO TOTAL_QUERIES_ISSUED 9
INFO TOTAL_SNIPPETS_EXAMINED 75
INFO TOTAL_DOCUMENTS_EXAMINED 52
INFO TOTAL_DOCUMENTS_MARKED_RELEVANT 10
INFO TOTAL_ATTRACTIVE_SERP_IMPRESSIONS 9
INFO TOTAL_UNATTRACTIVE_SERP_IMPRESSIONS 0
