ACTION START 1200 0 START
ACTION QUERY 1200 10 journalist killed
ACTION SERP 1200 15 EXAMINE_SERP
ACTION SNIPPET 1200 15 SNIPPET_RELEVANT 741939
ACTION DOC 1200 35 EXAMINING_DOCUMENT 741939
ACTION MARK 1200 38 CONSIDERED_RELEVANT 741939
ACTION SNIPPET 1200 38 SNIPPET_RELEVANT 1186050
ACTION DOC 1200 58 EXAMINING_DOCUMENT 1186050
ACTION MARK 1200 61 CONSIDERED_RELEVANT 1186050
ACTION SNIPPET 1200 61 SNIPPET_RELEVANT 728599
ACTION DOC 1200 81 EXAMINING_DOCUMENT 728599
ACTION MARK 1200 84 CONSIDERED_RELEVANT 728599
ACTION SNIPPET 1200 84 SNIPPET_RELEVANT 1631045
ACTION DOC 1200 104 EXAMINING_DOCUMENT 1631045
ACTION MARK 1200 107 CONSIDERED_RELEVANT 1631045
ACTION SNIPPET 1200 107 SNIPPET_RELEVANT 1477141
ACTION DOC 1200 127 EXAMINING_DOCUMENT 1477141
ACTION MARK 1200 130 CONSIDERED_RELEVANT 1477141
ACTION QUERY 1200 140 reporter arrested
ACTION SERP 1200 145 EXAMINE_SERP
ACTION SNIPPET 1200 145 SNIPPET_RELEVANT 100068
ACTION DOC 1200 165 EXAMINING_DOCUMENT 100068
ACTION SNIPPET 1200 165 SNIPPET_RELEVANT 300123
ACTION DOC 1200 185 EXAMINING_DOCUMENT 300123
ACTION SNIPPET 1200 185 SNIPPET_RELEVANT 753194
ACTION DOC 1200 205 EXAMINING_DOCUMENT 753194
ACTION SNIPPET 1200 205 SNIPPET_RELEVANT 88415
ACTION DOC 1200 225 EXAMINING_DOCUMENT 88415
ACTION SNIPPET 1200 225 SNIPPET_RELEVANT 120907
ACTION DOC 1200 245 EXAMINING_DOCUMENT 120907
ACTION SNIPPET 1200 245 SNIPPET_RELEVANT 40416
ACTION DOC 1200 265 EXAMINING_DOCUMENT 40416
ACTION QUERY 1200 275 correspondent hostage
ACTION SERP 1200 280 EXAMINE_SERP
ACTION SNIPPET 1200 280 SNIPPET_RELEVANT 227395
ACTION DOC 1200 300 EXAMINING_DOCUMENT 227395
ACTION SNIPPET 1200 300 SNIPPET_RELEVANT 354829
ACTION DOC 1200 320 EXAMINING_DOCUMENT 354829
ACTION MARK 1200 323 CONSIDERED_RELEVANT 354829
ACTION SNIPPET 1200 323 SNIPPET_RELEVANT 346398
ACTION DOC 1200 343 EXAMINING_DOCUMENT 346398
ACTION MARK 1200 346 CONSIDERED_RELEVANT 346398
ACTION SNIPPET 1200 346 SNIPPET_RELEVANT 73545
ACTION DOC 1200 366 EXAMINING_DOCUMENT 73545
ACTION MARK 1200 369 CONSIDERED_RELEVANT 73545
ACTION SNIPPET 1200 369 SNIPPET_RELEVANT 132722
ACTION DOC 1200 389 EXAMINING_DOCUMENT 132722
ACTION MARK 1200 392 CONSIDERED_RELEVANT 132722
ACTION SNIPPET 1200 392 SNIPPET_RELEVANT 456099
ACTION DOC 1200 412 EXAMINING_DOCUMENT 456099
ACTION QUERY 1200 422 media risk
ACTION SERP 1200 427 EXAMINE_SERP
ACTION SNIPPET 1200 427 SNIPPET_RELEVANT 721912
ACTION DOC 1200 447 EXAMINING_DOCUMENT 721912
ACTION SNIPPET 1200 447 SNIPPET_RELEVANT 62376
ACTION DOC 1200 467 EXAMINING_DOCUMENT 62376
ACTION SNIPPET 1200 467 SNIPPET_RELEVANT 232774
ACTION DOC 1200 487 EXAMINING_DOCUMENT 232774
ACTION SNIPPET 1200 487 SNIPPET_RELEVANT 463793
ACTION DOC 1200 507 EXAMINING_DOCUMENT 463793
ACTION SNIPPET 1200 507 SNIPPET_RELEVANT 1494499
ACTION DOC 1200 527 EXAMINING_DOCUMENT 1494499
ACTION SNIPPET 1200 527 SNIPPET_RELEVANT 1400735
ACTION DOC 1200 547 EXAMINING_DOCUMENT 1400735
ACTION QUERY 1200 557 press freedom threats
ACTION SERP 1200 562 EXAMINE_SERP
ACTION SNIPPET 1200 562 SNIPPET_RELEVANT 1110151
ACTION DOC 1200 582 EXAMINING_DOCUMENT 1110151
ACTION SNIPPET 1200 582 SNIPPET_RELEVANT 1381246
ACTION DOC 1200 602 EXAMINING_DOCUMENT 1381246
ACTION SNIPPET 1200 602 SNIPPET_RELEVANT 1627340
ACTION DOC 1200 622 EXAMINING_DOCUMENT 1627340
ACTION SNIPPET 1200 622 SNIPPET_RELEVANT 1627339
ACTION DOC 1200 642 EXAMINING_DOCUMENT 1627339
ACTION SNIPPET 1200 642 SNIPPET_RELEVANT 786822
ACTION DOC 1200 662 EXAMINING_DOCUMENT 786822
ACTION SNIPPET 1200 662 SNIPPET_RELEVANT 1371411
ACTION DOC 1200 682 EXAMINING_DOCUMENT 1371411
ACTION MARK 1200 685 CONSIDERED_RELEVANT 1371411
ACTION QUERY 1200 695 journalist safety
ACTION SERP 1200 700 EXAMINE_SERP
ACTION SNIPPET 1200 700 SNIPPET_RELEVANT 1544150
ACTION DOC 1200 720 EXAMINING_DOCUMENT 1544150
ACTION MARK 1200 723 CONSIDERED_RELEVANT 1544150
ACTION SNIPPET 1200 723 SNIPPET_RELEVANT 765922
ACTION DOC 1200 743 EXAMINING_DOCUMENT 765922
ACTION MARK 1200 746 CONSIDERED_RELEVANT 765922
ACTION SNIPPET 1200 746 SNIPPET_RELEVANT 1498126
ACTION DOC 1200 766 EXAMINING_DOCUMENT 1498126
ACTION MARK 1200 769 CONSIDERED_RELEVANT 1498126
ACTION SNIPPET 1200 769 SNIPPET_RELEVANT 428295
ACTION DOC 1200 789 EXAMINING_DOCUMENT 428295
ACTION MARK 1200 792 CONSIDERED_RELEVANT 428295
ACTION SNIPPET 1200 792 SNIPPET_RELEVANT 1032986
ACTION DOC 1200 812 EXAMINING_DOCUMENT 1032986
ACTION SNIPPET 1200 812 SNIPPET_RELEVANT 1831146
ACTION DOC 1200 832 EXAMINING_DOCUMENT 1831146
ACTION MARK 1200 835 CONSIDERED_RELEVANT 1831146
ACTION QUERY 1200 845 newsroom dangers
ACTION SERP 1200 850 EXAMINE_SERP
ACTION SNIPPET 1200 850 SNIPPET_RELEVANT 1151781
ACTION DOC 1200 870 EXAMINING_DOCUMENT 1151781
ACTION SNIPPET 1200 870 SNIPPET_RELEVANT 921798
ACTION DOC 1200 890 EXAMINING_DOCUMENT 921798
ACTION SNIPPET 1200 890 SNIPPET_RELEVANT 935849
ACTION DOC 1200 910 EXAMINING_DOCUMENT 935849
ACTION SNIPPET 1200 910 SNIPPET_RELEVANT 759344
ACTION DOC 1200 930 EXAMINING_DOCUMENT 759344
ACTION SNIPPET 1200 930 SNIPPET_RELEVANT 1809262
ACTION DOC 1200 950 EXAMINING_DOCUMENT 1809262
ACTION SNIPPET 1200 950 SNIPPET_RELEVANT 53236
ACTION DOC 1200 970 EXAMINING_DOCUMENT 53236
ACTION QUERY 1200 980 war zone journalism
ACTION SERP 1200 985 EXAMINE_SERP
ACTION SNIPPET 1200 985 SNIPPET_RELEVANT 994033
ACTION DOC 1200 1005 EXAMINING_DOCUMENT 994033
ACTION SNIPPET 1200 1005 SNIPPET_RELEVANT 1096278
ACTION DOC 1200 1025 EXAMINING_DOCUMENT 1096278
ACTION SNIPPET 1200 1025 SNIPPET_RELEVANT 1424321
ACTION DOC 1200 1045 EXAMINING_DOCUMENT 1424321
ACTION SNIPPET 1200 1045 SNIPPET_RELEVANT 868812
ACTION DOC 1200 1065 EXAMINING_DOCUMENT 868812
ACTION SNIPPET 1200 1065 SNIPPET_RELEVANT 413126
ACTION DOC 1200 1085 EXAMINING_DOCUMENT 413126
ACTION SNIPPET 1200 1085 SNIPPET_RELEVANT 1364362
ACTION DOC 1200 1105 EXAMINING_DOCUMENT 1364362
ACTION QUERY 1200 1115 conflict reporting risks
ACTION SERP 1200 1120 EXAMINE_SERP
ACTION SNIPPET 1200 1120 SNIPPET_RELEVANT 1669642
ACTION DOC 1200 1140 EXAMINING_DOCUMENT 1669642
ACTION SNIPPET 1200 1140 SNIPPET_RELEVANT 310767
ACTION DOC 1200 1160 EXAMINING_DOCUMENT 310767
ACTION SNIPPET 1200 1160 SNIPPET_RELEVANT 1840683
ACTION DOC 1200 1180 EXAMINING_DOCUMENT 1840683
ACTION SNIPPET 1200 1180 SNIPPET_RELEVANT 1584172
ACTION DOC 1200 1200 EXAMINING_DOCUMENT 1584172
INFO SUMMARY 
INFO TOTAL_QUERIES_ISSUED 9
INFO TOTAL_SNIPPETS_EXAMINED 51
INFO TOTAL_DOCUMENTS_EXAMINED 51
INFO TOTAL_DOCUMENTS_MARKED_RELEVANT 15
INFO TOTAL_ATTRACTIVE_SERP_IMPRESSIONS 9
INFO TOTAL_UNATTRACTIVE_SERP_IMPRESSIONS 0
