ACTION START 1200 0 START
ACTION QUERY 1200 10 human stampede
ACTION SERP 1200 15 EXAMINE_SERP
ACTION SNIPPET 1200 15 SNIPPET_RELEVANT 1315825
ACTION DOC 1200 35 EXAMINING_DOCUMENT 1315825
ACTION MARK 1200 38 CONSIDERED_RELEVANT 1315825
ACTION SNIPPET 1200 38 SNIPPET_RELEVANT 1450252
ACTION DOC 1200 58 EXAMINING_DOCUMENT 1450252
ACTION MARK 1200 61 CONSIDERED_RELEVANT 1450252
ACTION SNIPPET 1200 61 SNIPPET_RELEVANT 818047
ACTION DOC 1200 81 EXAMINING_DOCUMENT 818047
ACTION MARK 1200 84 CONSIDERED_RELEVANT 818047
ACTION SNIPPET 1200 84 SNIPPET_RELEVANT 492316
ACTION DOC 1200 104 EXAMINING_DOCUMENT 492316
ACTION MARK 1200 107 CONSIDERED_RELEVANT 492316
ACTION SNIPPET 1200 107 SNIPPET_NOT_RELEVANT 1698991
ACTION SNIPPET 1200 107 SNIPPET_RELEVANT 363729
ACTION DOC 1200 127 EXAMINING_DOCUMENT 363729
ACTION SNIPPET 1200 127 SNIPPET_NOT_RELEVANT 100763
ACTION SNIPPET 1200 127 SNIPPET_RELEVANT 423877
ACTION DOC 1200 147 EXAMINING_DOCUMENT 423877
ACTION MARK 1200 150 CONSIDERED_RELEVANT 423877
ACTION QUERY 1200 160 stampede deaths
ACTION SERP 1200 165 EXAMINE_SERP
ACTION SNIPPET 1200 165 SNIPPET_RELEVANT 746477
ACTION DOC 1200 185 EXAMINING_DOCUMENT 746477
ACTION SNIPPET 1200 185 SNIPPET_RELEVANT 365604
ACTION DOC 1200 205 EXAMINING_DOCUMENT 365604
ACTION MARK 1200 208 CONSIDERED_RELEVANT 365604
ACTION SNIPPET 1200 208 SNIPPET_RELEVANT 365725
ACTION DOC 1200 228 EXAMINING_DOCUMENT 365725
ACTION MARK 1200 231 CONSIDERED_RELEVANT 365725
ACTION SNIPPET 1200 231 SNIPPET_RELEVANT 1789645
ACTION DOC 1200 251 EXAMINING_DOCUMENT 1789645
ACTION MARK 1200 254 CONSIDERED_RELEVANT 1789645
ACTION SNIPPET 1200 254 SNIPPET_NOT_RELEVANT 1515218
ACTION SNIPPET 1200 254 SNIPPET_NOT_RELEVANT 748718
ACTION SNIPPET 1200 254 SNIPPET_NOT_RELEVANT 1555757
ACTION SNIPPET 1200 254 SNIPPET_RELEVANT 1004585
ACTION DOC 1200 274 EXAMINING_DOCUMENT 1004585
ACTION MARK 1200 277 CONSIDERED_RELEVANT 1004585
ACTION SNIPPET 1200 277 SNIPPET_NOT_RELEVANT 1467225
ACTION SNIPPET 1200 277 SNIPPET_NOT_RELEVANT 369520
ACTION SNIPPET 1200 277 SNIPPET_NOT_RELEVANT 1698889
ACTION SNIPPET 1200 277 SNIPPET_RELEVANT 1698784
ACTION DOC 1200 297 EXAMINING_DOCUMENT 1698784
ACTION MARK 1200 300 CONSIDERED_RELEVANT 1698784
ACTION QUERY 1200 310 crowd crush
ACTION SERP 1200 315 EXAMINE_SERP
ACTION SNIPPET 1200 315 SNIPPET_NOT_RELEVANT 496883
ACTION SNIPPET 1200 315 SNIPPET_NOT_RELEVANT 1475110
ACTION SNIPPET 1200 315 SNIPPET_RELEVANT 500792
ACTION DOC 1200 335 EXAMINING_DOCUMENT 500792
ACTION SNIPPET 1200 335 SNIPPET_NOT_RELEVANT 498985
ACTION SNIPPET 1200 335 SNIPPET_RELEVANT 178900
ACTION DOC 1200 355 EXAMINING_DOCUMENT 178900
ACTION SNIPPET 1200 355 SNIPPET_RELEVANT 498789
ACTION DOC 1200 375 EXAMINING_DOCUMENT 498789
ACTION SNIPPET 1200 375 SNIPPET_RELEVANT 416987
ACTION DOC 1200 395 EXAMINING_DOCUMENT 416987
ACTION MARK 1200 398 CONSIDERED_RELEVANT 416987
ACTION SNIPPET 1200 398 SNIPPET_RELEVANT 112209
ACTION DOC 1200 418 EXAMINING_DOCUMENT 112209
ACTION SNIPPET 1200 418 SNIPPET_RELEVANT 497129
ACTION DOC 1200 438 EXAMINING_DOCUMENT 497129
ACTION QUERY 1200 448 fatal stampede
ACTION SERP 1200 453 EXAMINE_SERP
ACTION SNIPPET 1200 453 SNIPPET_NOT_RELEVANT 1466168
ACTION SNIPPET 1200 453 SNIPPET_RELEVANT 497598
ACTION DOC 1200 473 EXAMINING_DOCUMENT 497598
ACTION SNIPPET 1200 473 SNIPPET_NOT_RELEVANT 501017
ACTION SNIPPET 1200 473 SNIPPET_NOT_RELEVANT 1292130
ACTION SNIPPET 1200 473 SEEN_PREVIOUSLY 1004585
ACTION SNIPPET 1200 473 SNIPPET_NOT_RELEVANT 1698991
ACTION SNIPPET 1200 473 SNIPPET_RELEVANT 1076546
ACTION DOC 1200 493 EXAMINING_DOCUMENT 1076546
ACTION MARK 1200 496 CONSIDERED_RELEVANT 1076546
ACTION SNIPPET 1200 496 SNIPPET_RELEVANT 864935
ACTION DOC 1200 516 EXAMINING_DOCUMENT 864935
ACTION SNIPPET 1200 516 SNIPPET_NOT_RELEVANT 506392
ACTION SNIPPET 1200 516 SNIPPET_NOT_RELEVANT 497300
ACTION SNIPPET 1200 516 SNIPPET_NOT_RELEVANT 1292328
ACTION SNIPPET 1200 516 SNIPPET_RELEVANT 84200
ACTION DOC 1200 536 EXAMINING_DOCUMENT 84200
ACTION SNIPPET 1200 536 SNIPPET_NOT_RELEVANT 497258
ACTION SNIPPET 1200 536 SEEN_PREVIOUSLY 363729
ACTION SNIPPET 1200 536 SNIPPET_NOT_RELEVANT 100763
ACTION SNIPPET 1200 536 SNIPPET_RELEVANT 777655
ACTION DOC 1200 556 EXAMINING_DOCUMENT 777655
ACTION MARK 1200 559 CONSIDERED_RELEVANT 777655
ACTION SNIPPET 1200 559 SNIPPET_RELEVANT 1042217
ACTION DOC 1200 579 EXAMINING_DOCUMENT 1042217
ACTION QUERY 1200 589 public place stampede
ACTION SERP 1200 594 EXAMINE_SERP
ACTION SNIPPET 1200 594 SNIPPET_RELEVANT 1573812
ACTION DOC 1200 614 EXAMINING_DOCUMENT 1573812
ACTION MARK 1200 617 CONSIDERED_RELEVANT 1573812
ACTION SNIPPET 1200 617 SNIPPET_NOT_RELEVANT 79150
ACTION SNIPPET 1200 617 SNIPPET_RELEVANT 127391
ACTION DOC 1200 637 EXAMINING_DOCUMENT 127391
ACTION MARK 1200 640 CONSIDERED_RELEVANT 127391
ACTION SNIPPET 1200 640 SEEN_PREVIOUSLY 1789645
ACTION SNIPPET 1200 640 SEEN_PREVIOUSLY 746477
ACTION SNIPPET 1200 640 SNIPPET_NOT_RELEVANT 174054
ACTION SNIPPET 1200 640 SNIPPET_RELEVANT 619444
ACTION DOC 1200 660 EXAMINING_DOCUMENT 619444
ACTION MARK 1200 663 CONSIDERED_RELEVANT 619444
ACTION SNIPPET 1200 663 SNIPPET_NOT_RELEVANT 1477242
ACTION SNIPPET 1200 663 SNIPPET_NOT_RELEVANT 1698889
ACTION SNIPPET 1200 663 SNIPPET_NOT_RELEVANT 1426186
ACTION SNIPPET 1200 663 SNIPPET_RELEVANT 1270683
ACTION DOC 1200 683 EXAMINING_DOCUMENT 1270683
ACTION MARK 1200 686 CONSIDERED_RELEVANT 1270683
ACTION SNIPPET 1200 686 SEEN_PREVIOUSLY 363729
ACTION SNIPPET 1200 686 SNIPPET_RELEVANT 100763
ACTION DOC 1200 706 EXAMINING_DOCUMENT 100763
ACTION MARK 1200 709 CONSIDERED_RELEVANT 100763
ACTION QUERY 1200 719 event stampede
ACTION SERP 1200 724 EXAMINE_SERP
ACTION SNIPPET 1200 724 SEEN_PREVIOUSLY 1004585
ACTION SNIPPET 1200 724 SEEN_PREVIOUSLY 746477
ACTION SNIPPET 1200 724 SNIPPET_RELEVANT 1467225
ACTION DOC 1200 744 EXAMINING_DOCUMENT 1467225
ACTION SNIPPET 1200 744 SEEN_PREVIOUSLY 1076546
ACTION SNIPPET 1200 744 SNIPPET_NOT_RELEVANT 501017
ACTION SNIPPET 1200 744 SNIPPET_NOT_RELEVANT 278899
ACTION SNIPPET 1200 744 SNIPPET_NOT_RELEVANT 1731589
ACTION SNIPPET 1200 744 SNIPPET_RELEVANT 709907
ACTION DOC 1200 764 EXAMINING_DOCUMENT 709907
ACTION MARK 1200 767 CONSIDERED_RELEVANT 709907
ACTION SNIPPET 1200 767 SNIPPET_RELEVANT 497300
ACTION DOC 1200 787 EXAMINING_DOCUMENT 497300
ACTION SNIPPET 1200 787 SNIPPET_RELEVANT 1830106
ACTION DOC 1200 807 EXAMINING_DOCUMENT 1830106
ACTION SNIPPET 1200 807 SEEN_PREVIOUSLY 1573812
ACTION SNIPPET 1200 807 SNIPPET_RELEVANT 1741987
ACTION DOC 1200 827 EXAMINING_DOCUMENT 1741987
ACTION SNIPPET 1200 827 SEEN_PREVIOUSLY 363729
ACTION SNIPPET 1200 827 SNIPPET_NOT_RELEVANT 1285268
ACTION SNIPPET 1200 827 SNIPPET_RELEVANT 1292328
ACTION DOC 1200 847 EXAMINING_DOCUMENT 1292328
ACTION MARK 1200 850 CONSIDERED_RELEVANT 1292328
ACTION QUERY 1200 860 concert stampede
ACTION SERP 1200 865 EXAMINE_SERP
ACTION SNIPPET 1200 865 SNIPPET_RELEVANT 79150
ACTION DOC 1200 885 EXAMINING_DOCUMENT 79150
ACTION MARK 1200 888 CONSIDERED_RELEVANT 79150
ACTION SNIPPET 1200 888 SNIPPET_NOT_RELEVANT 774042
ACTION SNIPPET 1200 888 SEEN_PREVIOUSLY 497300
ACTION SNIPPET 1200 888 SEEN_PREVIOUSLY 1076546
ACTION SNIPPET 1200 888 SNIPPET_NOT_RELEVANT 498021
ACTION SNIPPET 1200 888 SNIPPET_RELEVANT 497143
ACTION DOC 1200 908 EXAMINING_DOCUMENT 497143
ACTION SNIPPET 1200 908 SNIPPET_NOT_RELEVANT 758770
ACTION SNIPPET 1200 908 SNIPPET_NOT_RELEVANT 1405180
ACTION SNIPPET 1200 908 SNIPPET_RELEVANT 173726
ACTION DOC 1200 928 EXAMINING_DOCUMENT 173726
ACTION SNIPPET 1200 928 SNIPPET_NOT_RELEVANT 1638713
ACTION SNIPPET 1200 928 SNIPPET_RELEVANT 497389
ACTION DOC 1200 948 EXAMINING_DOCUMENT 497389
ACTION SNIPPET 1200 948 SEEN_PREVIOUSLY 363729
ACTION SNIPPET 1200 948 SNIPPET_RELEVANT 1465986
ACTION DOC 1200 968 EXAMINING_DOCUMENT 1465986
ACTION MARK 1200 971 CONSIDERED_RELEVANT 1465986
ACTION SNIPPET 1200 971 SEEN_PREVIOUSLY 100763
ACTION SNIPPET 1200 971 SEEN_PREVIOUSLY 497129
ACTION SNIPPET 1200 971 SNIPPET_RELEVANT 1285941
ACTION DOC 1200 991 EXAMINING_DOCUMENT 1285941
ACTION QUERY 1200 1001  festival disaster
ACTION SERP 1200 1006 EXAMINE_SERP
ACTION SNIPPET 1200 1006 SNIPPET_RELEVANT 58291
ACTION DOC 1200 1026 EXAMINING_DOCUMENT 58291
ACTION SNIPPET 1200 1026 SNIPPET_RELEVANT 1229299
ACTION DOC 1200 1046 EXAMINING_DOCUMENT 1229299
ACTION MARK 1200 1049 CONSIDERED_RELEVANT 1229299
ACTION SNIPPET 1200 1049 SNIPPET_NOT_RELEVANT 455109
ACTION SNIPPET 1200 1049 SNIPPET_RELEVANT 1515218
ACTION DOC 1200 1069 EXAMINING_DOCUMENT 1515218
ACTION MARK 1200 1072 CONSIDERED_RELEVANT 1515218
ACTION SNIPPET 1200 1072 SNIPPET_NOT_RELEVANT 970358
ACTION SNIPPET 1200 1072 SNIPPET_RELEVANT 364552
ACTION DOC 1200 1092 EXAMINING_DOCUMENT 364552
ACTION MARK 1200 1095 CONSIDERED_RELEVANT 364552
ACTION SNIPPET 1200 1095 SNIPPET_NOT_RELEVANT 1296221
ACTION SNIPPET 1200 1095 SNIPPET_NOT_RELEVANT 1820213
ACTION SNIPPET 1200 1095 SNIPPET_RELEVANT 1848977
ACTION DOC 1200 1115 EXAMINING_DOCUMENT 1848977
ACTION SNIPPET 1200 1115 SNIPPET_NOT_RELEVANT 517496
ACTION SNIPPET 1200 1115 SNIPPET_RELEVANT 1639668
ACTION DOC 1200 1135 EXAMINING_DOCUMENT 1639668
ACTION MARK 1200 1138 CONSIDERED_RELEVANT 1639668
ACTION QUERY 1200 1148 stadium stampede
ACTION SERP 1200 1153 EXAMINE_SERP
ACTION SNIPPET 1200 1153 SEEN_PREVIOUSLY 127391
ACTION SNIPPET 1200 1153 SEEN_PREVIOUSLY 1285941
ACTION SNIPPET 1200 1153 SNIPPET_RELEVANT 127053
ACTION DOC 1200 1173 EXAMINING_DOCUMENT 127053
ACTION SNIPPET 1200 1173 SNIPPET_NOT_RELEVANT 1293154
ACTION SNIPPET 1200 1173 SNIPPET_RELEVANT 1285060
ACTION DOC 1200 1193 EXAMINING_DOCUMENT 1285060
ACTION MARK 1200 1196 CONSIDERED_RELEVANT 1285060
ACTION SNIPPET 1200 1196 SEEN_PREVIOUSLY 1789645
ACTION SNIPPET 1200 1196 SEEN_PREVIOUSLY 1292328
ACTION SNIPPET 1200 1196 SNIPPET_RELEVANT 1310123
ACTION DOC 1200 1216 EXAMINING_DOCUMENT 1310123
INFO SUMMARY 
INFO TOTAL_QUERIES_ISSUED 9
INFO TOTAL_SNIPPETS_EXAMINED 109
INFO TOTAL_DOCUMENTS_EXAMINED 50
INFO TOTAL_DOCUMENTS_MARKED_RELEVANT 27
INFO TOTAL_ATTRACTIVE_SERP_IMPRESSIONS 9
INFO TOTAL_UNATTRACTIVE_SERP_IMPRESSIONS 0
