ACTION START 1200 0 START
ACTION QUERY 1200 10 rain forest amazon
ACTION SERP 1200 15 EXAMINE_SERP
ACTION SNIPPET 1200 15 SNIPPET_RELEVANT 230057
ACTION DOC 1200 35 EXAMINING_DOCUMENT 230057
ACTION MARK 1200 38 CONSIDERED_RELEVANT 230057
ACTION SNIPPET 1200 38 SNIPPET_RELEVANT 1500392
ACTION DOC 1200 58 EXAMINING_DOCUMENT 1500392
ACTION MARK 1200 61 CONSIDERED_RELEVANT 1500392
ACTION SNIPPET 1200 61 SNIPPET_RELEVANT 1224353
ACTION DOC 1200 81 EXAMINING_DOCUMENT 1224353
ACTION MARK 1200 84 CONSIDERED_RELEVANT 1224353
ACTION SNIPPET 1200 84 SNIPPET_RELEVANT 876768
ACTION DOC 1200 104 EXAMINING_DOCUMENT 876768
ACTION MARK 1200 107 CONSIDERED_RELEVANT 876768
ACTION SNIPPET 1200 107 SNIPPET_NOT_RELEVANT 220124
ACTION SNIPPET 1200 107 SNIPPET_RELEVANT 797137
ACTION DOC 1200 127 EXAMINING_DOCUMENT 797137
ACTION SNIPPET 1200 127 SNIPPET_NOT_RELEVANT 796899
ACTION SNIPPET 1200 127 SNIPPET_RELEVANT 197909
ACTION DOC 1200 147 EXAMINING_DOCUMENT 197909
ACTION MARK 1200 150 CONSIDERED_RELEVANT 197909
ACTION QUERY 1200 160 rain forest measures
ACTION SERP 1200 165 EXAMINE_SERP
ACTION SNIPPET 1200 165 SNIPPET_RELEVANT 807470
ACTION DOC 1200 185 EXAMINING_DOCUMENT 807470
ACTION SNIPPET 1200 185 SEEN_PREVIOUSLY 876768
ACTION SNIPPET 1200 185 SNIPPET_RELEVANT 45704
ACTION DOC 1200 205 EXAMINING_DOCUMENT 45704
ACTION MARK 1200 208 CONSIDERED_RELEVANT 45704
ACTION SNIPPET 1200 208 SNIPPET_RELEVANT 300990
ACTION DOC 1200 228 EXAMINING_DOCUMENT 300990
ACTION MARK 1200 231 CONSIDERED_RELEVANT 300990
ACTION SNIPPET 1200 231 SNIPPET_RELEVANT 1217533
ACTION DOC 1200 251 EXAMINING_DOCUMENT 1217533
ACTION MARK 1200 254 CONSIDERED_RELEVANT 1217533
ACTION SNIPPET 1200 254 SNIPPET_NOT_RELEVANT 288028
ACTION SNIPPET 1200 254 SNIPPET_NOT_RELEVANT 966661
ACTION SNIPPET 1200 254 SNIPPET_NOT_RELEVANT 233408
ACTION SNIPPET 1200 254 SNIPPET_RELEVANT 969998
ACTION DOC 1200 274 EXAMINING_DOCUMENT 969998
ACTION MARK 1200 277 CONSIDERED_RELEVANT 969998
ACTION SNIPPET 1200 277 SNIPPET_NOT_RELEVANT 95417
ACTION SNIPPET 1200 277 SNIPPET_NOT_RELEVANT 844029
ACTION SNIPPET 1200 277 SNIPPET_NOT_RELEVANT 187470
ACTION SNIPPET 1200 277 SNIPPET_RELEVANT 1162716
ACTION DOC 1200 297 EXAMINING_DOCUMENT 1162716
ACTION MARK 1200 300 CONSIDERED_RELEVANT 1162716
ACTION QUERY 1200 310 rain forest preserve
ACTION SERP 1200 315 EXAMINE_SERP
ACTION SNIPPET 1200 315 SNIPPET_NOT_RELEVANT 224344
ACTION SNIPPET 1200 315 SEEN_PREVIOUSLY 300990
ACTION SNIPPET 1200 315 SNIPPET_NOT_RELEVANT 484781
ACTION SNIPPET 1200 315 SNIPPET_RELEVANT 241410
ACTION DOC 1200 335 EXAMINING_DOCUMENT 241410
ACTION SNIPPET 1200 335 SNIPPET_NOT_RELEVANT 206304
ACTION SNIPPET 1200 335 SNIPPET_RELEVANT 226800
ACTION DOC 1200 355 EXAMINING_DOCUMENT 226800
ACTION SNIPPET 1200 355 SNIPPET_RELEVANT 729667
ACTION DOC 1200 375 EXAMINING_DOCUMENT 729667
ACTION SNIPPET 1200 375 SEEN_PREVIOUSLY 197909
ACTION SNIPPET 1200 375 SNIPPET_RELEVANT 974254
ACTION DOC 1200 395 EXAMINING_DOCUMENT 974254
ACTION MARK 1200 398 CONSIDERED_RELEVANT 974254
ACTION SNIPPET 1200 398 SNIPPET_RELEVANT 220124
ACTION DOC 1200 418 EXAMINING_DOCUMENT 220124
ACTION SNIPPET 1200 418 SNIPPET_RELEVANT 878545
ACTION DOC 1200 438 EXAMINING_DOCUMENT 878545
ACTION QUERY 1200 448 rain forest local
ACTION SERP 1200 453 EXAMINE_SERP
ACTION SNIPPET 1200 453 SNIPPET_NOT_RELEVANT 82415
ACTION SNIPPET 1200 453 SNIPPET_RELEVANT 966660
ACTION DOC 1200 473 EXAMINING_DOCUMENT 966660
ACTION SNIPPET 1200 473 SNIPPET_NOT_RELEVANT 224343
ACTION SNIPPET 1200 473 SNIPPET_NOT_RELEVANT 1035009
ACTION SNIPPET 1200 473 SEEN_PREVIOUSLY 878545
ACTION SNIPPET 1200 473 SEEN_PREVIOUSLY 300990
ACTION SNIPPET 1200 473 SEEN_PREVIOUSLY 220124
ACTION SNIPPET 1200 473 SNIPPET_NOT_RELEVANT 383485
ACTION SNIPPET 1200 473 SNIPPET_RELEVANT 463427
ACTION DOC 1200 493 EXAMINING_DOCUMENT 463427
ACTION MARK 1200 496 CONSIDERED_RELEVANT 463427
ACTION SNIPPET 1200 496 SNIPPET_RELEVANT 683991
ACTION DOC 1200 516 EXAMINING_DOCUMENT 683991
ACTION SNIPPET 1200 516 SNIPPET_NOT_RELEVANT 484781
ACTION SNIPPET 1200 516 SNIPPET_NOT_RELEVANT 374648
ACTION SNIPPET 1200 516 SNIPPET_NOT_RELEVANT 1776853
ACTION SNIPPET 1200 516 SNIPPET_RELEVANT 1772332
ACTION DOC 1200 536 EXAMINING_DOCUMENT 1772332
ACTION SNIPPET 1200 536 SNIPPET_NOT_RELEVANT 1840302
ACTION SNIPPET 1200 536 SNIPPET_NOT_RELEVANT 450282
ACTION SNIPPET 1200 536 SNIPPET_RELEVANT 1816710
ACTION DOC 1200 556 EXAMINING_DOCUMENT 1816710
ACTION MARK 1200 559 CONSIDERED_RELEVANT 1816710
ACTION SNIPPET 1200 559 SNIPPET_RELEVANT 451893
ACTION DOC 1200 579 EXAMINING_DOCUMENT 451893
ACTION QUERY 1200 589 rain forest south
ACTION SERP 1200 594 EXAMINE_SERP
ACTION SNIPPET 1200 594 SNIPPET_RELEVANT 91745
ACTION DOC 1200 614 EXAMINING_DOCUMENT 91745
ACTION MARK 1200 617 CONSIDERED_RELEVANT 91745
ACTION SNIPPET 1200 617 SNIPPET_NOT_RELEVANT 484781
ACTION SNIPPET 1200 617 SNIPPET_RELEVANT 603160
ACTION DOC 1200 637 EXAMINING_DOCUMENT 603160
ACTION MARK 1200 640 CONSIDERED_RELEVANT 603160
ACTION SNIPPET 1200 640 SNIPPET_NOT_RELEVANT 362391
ACTION SNIPPET 1200 640 SNIPPET_RELEVANT 438433
ACTION DOC 1200 660 EXAMINING_DOCUMENT 438433
ACTION MARK 1200 663 CONSIDERED_RELEVANT 438433
ACTION SNIPPET 1200 663 SEEN_PREVIOUSLY 807470
ACTION SNIPPET 1200 663 SNIPPET_NOT_RELEVANT 1162715
ACTION SNIPPET 1200 663 SNIPPET_NOT_RELEVANT 966661
ACTION SNIPPET 1200 663 SNIPPET_NOT_RELEVANT 82415
ACTION SNIPPET 1200 663 SNIPPET_RELEVANT 262839
ACTION DOC 1200 683 EXAMINING_DOCUMENT 262839
ACTION MARK 1200 686 CONSIDERED_RELEVANT 262839
ACTION SNIPPET 1200 686 SNIPPET_RELEVANT 1157194
ACTION DOC 1200 706 EXAMINING_DOCUMENT 1157194
ACTION MARK 1200 709 CONSIDERED_RELEVANT 1157194
ACTION QUERY 1200 719 rain forest american
ACTION SERP 1200 724 EXAMINE_SERP
ACTION SNIPPET 1200 724 SEEN_PREVIOUSLY 438433
ACTION SNIPPET 1200 724 SNIPPET_RELEVANT 82415
ACTION DOC 1200 744 EXAMINING_DOCUMENT 82415
ACTION SNIPPET 1200 744 SEEN_PREVIOUSLY 603160
ACTION SNIPPET 1200 744 SNIPPET_NOT_RELEVANT 382262
ACTION SNIPPET 1200 744 SNIPPET_NOT_RELEVANT 1035009
ACTION SNIPPET 1200 744 SNIPPET_NOT_RELEVANT 224344
ACTION SNIPPET 1200 744 SNIPPET_RELEVANT 95417
ACTION DOC 1200 764 EXAMINING_DOCUMENT 95417
ACTION MARK 1200 767 CONSIDERED_RELEVANT 95417
ACTION SNIPPET 1200 767 SEEN_PREVIOUSLY 300990
ACTION SNIPPET 1200 767 SNIPPET_RELEVANT 844029
ACTION DOC 1200 787 EXAMINING_DOCUMENT 844029
ACTION SNIPPET 1200 787 SNIPPET_RELEVANT 870033
ACTION DOC 1200 807 EXAMINING_DOCUMENT 870033
ACTION SNIPPET 1200 807 SNIPPET_RELEVANT 599041
ACTION DOC 1200 827 EXAMINING_DOCUMENT 599041
ACTION SNIPPET 1200 827 SNIPPET_NOT_RELEVANT 228333
ACTION SNIPPET 1200 827 SNIPPET_RELEVANT 78500
ACTION DOC 1200 847 EXAMINING_DOCUMENT 78500
ACTION MARK 1200 850 CONSIDERED_RELEVANT 78500
ACTION QUERY 1200 860 rain forest authorities
ACTION SERP 1200 865 EXAMINE_SERP
ACTION SNIPPET 1200 865 SNIPPET_RELEVANT 140471
ACTION DOC 1200 885 EXAMINING_DOCUMENT 140471
ACTION MARK 1200 888 CONSIDERED_RELEVANT 140471
ACTION SNIPPET 1200 888 SEEN_PREVIOUSLY 438433
ACTION SNIPPET 1200 888 SNIPPET_NOT_RELEVANT 965231
ACTION SNIPPET 1200 888 SNIPPET_NOT_RELEVANT 284654
ACTION SNIPPET 1200 888 SNIPPET_RELEVANT 336258
ACTION DOC 1200 908 EXAMINING_DOCUMENT 336258
ACTION SNIPPET 1200 908 SNIPPET_NOT_RELEVANT 940775
ACTION SNIPPET 1200 908 SEEN_PREVIOUSLY 876768
ACTION SNIPPET 1200 908 SNIPPET_NOT_RELEVANT 524112
ACTION SNIPPET 1200 908 SNIPPET_RELEVANT 336486
ACTION DOC 1200 928 EXAMINING_DOCUMENT 336486
ACTION SNIPPET 1200 928 SNIPPET_NOT_RELEVANT 282863
ACTION SNIPPET 1200 928 SNIPPET_RELEVANT 1126706
ACTION DOC 1200 948 EXAMINING_DOCUMENT 1126706
ACTION SNIPPET 1200 948 SNIPPET_RELEVANT 990884
ACTION DOC 1200 968 EXAMINING_DOCUMENT 990884
ACTION MARK 1200 971 CONSIDERED_RELEVANT 990884
ACTION SNIPPET 1200 971 SNIPPET_RELEVANT 1046256
ACTION DOC 1200 991 EXAMINING_DOCUMENT 1046256
ACTION QUERY 1200 1001 rain forest tropical
ACTION SERP 1200 1006 EXAMINE_SERP
ACTION SNIPPET 1200 1006 SNIPPET_RELEVANT 1526800
ACTION DOC 1200 1026 EXAMINING_DOCUMENT 1526800
ACTION SNIPPET 1200 1026 SEEN_PREVIOUSLY 82415
ACTION SNIPPET 1200 1026 SNIPPET_RELEVANT 157600
ACTION DOC 1200 1046 EXAMINING_DOCUMENT 157600
ACTION MARK 1200 1049 CONSIDERED_RELEVANT 157600
ACTION SNIPPET 1200 1049 SNIPPET_NOT_RELEVANT 728364
ACTION SNIPPET 1200 1049 SNIPPET_RELEVANT 655340
ACTION DOC 1200 1069 EXAMINING_DOCUMENT 655340
ACTION MARK 1200 1072 CONSIDERED_RELEVANT 655340
ACTION SNIPPET 1200 1072 SNIPPET_NOT_RELEVANT 259831
ACTION SNIPPET 1200 1072 SEEN_PREVIOUSLY 807470
ACTION SNIPPET 1200 1072 SEEN_PREVIOUSLY 262839
ACTION SNIPPET 1200 1072 SNIPPET_RELEVANT 158643
ACTION DOC 1200 1092 EXAMINING_DOCUMENT 158643
ACTION MARK 1200 1095 CONSIDERED_RELEVANT 158643
ACTION SNIPPET 1200 1095 SNIPPET_NOT_RELEVANT 600114
ACTION SNIPPET 1200 1095 SNIPPET_NOT_RELEVANT 362391
ACTION SNIPPET 1200 1095 SNIPPET_RELEVANT 1523526
ACTION DOC 1200 1115 EXAMINING_DOCUMENT 1523526
ACTION SNIPPET 1200 1115 SNIPPET_NOT_RELEVANT 511794
ACTION SNIPPET 1200 1115 SNIPPET_RELEVANT 1042779
ACTION DOC 1200 1135 EXAMINING_DOCUMENT 1042779
ACTION MARK 1200 1138 CONSIDERED_RELEVANT 1042779
ACTION QUERY 1200 1148 rain forest identify
ACTION SERP 1200 1153 EXAMINE_SERP
ACTION SNIPPET 1200 1153 SEEN_PREVIOUSLY 729667
ACTION SNIPPET 1200 1153 SNIPPET_RELEVANT 224343
ACTION DOC 1200 1173 EXAMINING_DOCUMENT 224343
ACTION SNIPPET 1200 1173 SNIPPET_NOT_RELEVANT 1773894
ACTION SNIPPET 1200 1173 SNIPPET_RELEVANT 117396
ACTION DOC 1200 1193 EXAMINING_DOCUMENT 117396
ACTION MARK 1200 1196 CONSIDERED_RELEVANT 117396
ACTION SNIPPET 1200 1196 SNIPPET_RELEVANT 155457
ACTION DOC 1200 1216 EXAMINING_DOCUMENT 155457
INFO SUMMARY 
INFO TOTAL_QUERIES_ISSUED 9
INFO TOTAL_SNIPPETS_EXAMINED 106
INFO TOTAL_DOCUMENTS_EXAMINED 50
INFO TOTAL_DOCUMENTS_MARKED_RELEVANT 27
INFO TOTAL_ATTRACTIVE_SERP_IMPRESSIONS 9
INFO TOTAL_UNATTRACTIVE_SERP_IMPRESSIONS 0
