ACTION START 1200 0 START
ACTION QUERY 1200 10 black bear attacks
ACTION SERP 1200 15 EXAMINE_SERP
ACTION SNIPPET 1200 15 SNIPPET_RELEVANT 634674
ACTION DOC 1200 35 EXAMINING_DOCUMENT 634674
ACTION MARK 1200 38 CONSIDERED_RELEVANT 634674
ACTION SNIPPET 1200 38 SNIPPET_RELEVANT 1707062
ACTION DOC 1200 58 EXAMINING_DOCUMENT 1707062
ACTION MARK 1200 61 CONSIDERED_RELEVANT 1707062
ACTION SNIPPET 1200 61 SNIPPET_RELEVANT 1440589
ACTION DOC 1200 81 EXAMINING_DOCUMENT 1440589
ACTION MARK 1200 84 CONSIDERED_RELEVANT 1440589
ACTION SNIPPET 1200 84 SNIPPET_RELEVANT 780876
ACTION DOC 1200 104 EXAMINING_DOCUMENT 780876
ACTION SNIPPET 1200 104 SNIPPET_RELEVANT 1319228
ACTION DOC 1200 124 EXAMINING_DOCUMENT 1319228
ACTION MARK 1200 127 CONSIDERED_RELEVANT 1319228
ACTION SNIPPET 1200 127 SNIPPET_RELEVANT 1209591
ACTION DOC 1200 147 EXAMINING_DOCUMENT 1209591
ACTION QUERY 1200 157 black bear attacks causes
ACTION SERP 1200 162 EXAMINE_SERP
ACTION SNIPPET 1200 162 SEEN_PREVIOUSLY 1707062
ACTION SNIPPET 1200 162 SEEN_PREVIOUSLY 634674
ACTION SNIPPET 1200 162 SNIPPET_RELEVANT 1417508
ACTION DOC 1200 182 EXAMINING_DOCUMENT 1417508
ACTION MARK 1200 185 CONSIDERED_RELEVANT 1417508
ACTION SNIPPET 1200 185 SNIPPET_RELEVANT 952801
ACTION DOC 1200 205 EXAMINING_DOCUMENT 952801
ACTION SNIPPET 1200 205 SNIPPET_RELEVANT 1368283
ACTION DOC 1200 225 EXAMINING_DOCUMENT 1368283
ACTION SNIPPET 1200 225 SNIPPET_RELEVANT 1625519
ACTION DOC 1200 245 EXAMINING_DOCUMENT 1625519
ACTION MARK 1200 248 CONSIDERED_RELEVANT 1625519
ACTION SNIPPET 1200 248 SNIPPET_RELEVANT 794195
ACTION DOC 1200 268 EXAMINING_DOCUMENT 794195
ACTION MARK 1200 271 CONSIDERED_RELEVANT 794195
ACTION SNIPPET 1200 271 SNIPPET_RELEVANT 794213
ACTION DOC 1200 291 EXAMINING_DOCUMENT 794213
ACTION MARK 1200 294 CONSIDERED_RELEVANT 794213
ACTION QUERY 1200 304 Black Bear Attacks
ACTION SERP 1200 309 EXAMINE_SERP
ACTION SNIPPET 1200 309 SEEN_PREVIOUSLY 634674
ACTION SNIPPET 1200 309 SEEN_PREVIOUSLY 1707062
ACTION SNIPPET 1200 309 SEEN_PREVIOUSLY 1440589
ACTION SNIPPET 1200 309 SEEN_PREVIOUSLY 780876
ACTION SNIPPET 1200 309 SEEN_PREVIOUSLY 1319228
ACTION SNIPPET 1200 309 SEEN_PREVIOUSLY 1209591
ACTION SNIPPET 1200 309 SNIPPET_RELEVANT 1754536
ACTION DOC 1200 329 EXAMINING_DOCUMENT 1754536
ACTION MARK 1200 332 CONSIDERED_RELEVANT 1754536
ACTION SNIPPET 1200 332 SEEN_PREVIOUSLY 1417508
ACTION SNIPPET 1200 332 SNIPPET_RELEVANT 1205254
ACTION DOC 1200 352 EXAMINING_DOCUMENT 1205254
ACTION SNIPPET 1200 352 SNIPPET_RELEVANT 1319681
ACTION DOC 1200 372 EXAMINING_DOCUMENT 1319681
ACTION MARK 1200 375 CONSIDERED_RELEVANT 1319681
ACTION SNIPPET 1200 375 SEEN_PREVIOUSLY 1625519
ACTION SNIPPET 1200 375 SNIPPET_RELEVANT 869631
ACTION DOC 1200 395 EXAMINING_DOCUMENT 869631
ACTION SNIPPET 1200 395 SNIPPET_RELEVANT 966180
ACTION DOC 1200 415 EXAMINING_DOCUMENT 966180
ACTION SNIPPET 1200 415 SEEN_PREVIOUSLY 794195
ACTION SNIPPET 1200 415 SEEN_PREVIOUSLY 794213
ACTION SNIPPET 1200 415 SNIPPET_RELEVANT 772939
ACTION DOC 1200 435 EXAMINING_DOCUMENT 772939
ACTION MARK 1200 438 CONSIDERED_RELEVANT 772939
ACTION QUERY 1200 448 vicious black bear behavior
ACTION SERP 1200 453 EXAMINE_SERP
ACTION SNIPPET 1200 453 SNIPPET_RELEVANT 1005474
ACTION DOC 1200 473 EXAMINING_DOCUMENT 1005474
ACTION SNIPPET 1200 473 SNIPPET_RELEVANT 42263
ACTION DOC 1200 493 EXAMINING_DOCUMENT 42263
ACTION SNIPPET 1200 493 SNIPPET_RELEVANT 195735
ACTION DOC 1200 513 EXAMINING_DOCUMENT 195735
ACTION SNIPPET 1200 513 SNIPPET_RELEVANT 1696445
ACTION DOC 1200 533 EXAMINING_DOCUMENT 1696445
ACTION SNIPPET 1200 533 SNIPPET_RELEVANT 1715195
ACTION DOC 1200 553 EXAMINING_DOCUMENT 1715195
ACTION SNIPPET 1200 553 SNIPPET_RELEVANT 1538108
ACTION DOC 1200 573 EXAMINING_DOCUMENT 1538108
ACTION QUERY 1200 583 bear attack frequency worldwide
ACTION SERP 1200 588 EXAMINE_SERP
ACTION SNIPPET 1200 588 SNIPPET_RELEVANT 105238
ACTION DOC 1200 608 EXAMINING_DOCUMENT 105238
ACTION SNIPPET 1200 608 SNIPPET_RELEVANT 1096835
ACTION DOC 1200 628 EXAMINING_DOCUMENT 1096835
ACTION SNIPPET 1200 628 SNIPPET_RELEVANT 168245
ACTION DOC 1200 648 EXAMINING_DOCUMENT 168245
ACTION SNIPPET 1200 648 SNIPPET_RELEVANT 1526649
ACTION DOC 1200 668 EXAMINING_DOCUMENT 1526649
ACTION SNIPPET 1200 668 SNIPPET_RELEVANT 1159079
ACTION DOC 1200 688 EXAMINING_DOCUMENT 1159079
ACTION SNIPPET 1200 688 SNIPPET_RELEVANT 456081
ACTION DOC 1200 708 EXAMINING_DOCUMENT 456081
ACTION QUERY 1200 718 wildlife black bear
ACTION SERP 1200 723 EXAMINE_SERP
ACTION SNIPPET 1200 723 SNIPPET_RELEVANT 174026
ACTION DOC 1200 743 EXAMINING_DOCUMENT 174026
ACTION SNIPPET 1200 743 SEEN_PREVIOUSLY 1319681
ACTION SNIPPET 1200 743 SEEN_PREVIOUSLY 1209591
ACTION SNIPPET 1200 743 SNIPPET_RELEVANT 497482
ACTION DOC 1200 763 EXAMINING_DOCUMENT 497482
ACTION SNIPPET 1200 763 SNIPPET_RELEVANT 652450
ACTION DOC 1200 783 EXAMINING_DOCUMENT 652450
ACTION SNIPPET 1200 783 SEEN_PREVIOUSLY 1417508
ACTION SNIPPET 1200 783 SNIPPET_RELEVANT 1074234
ACTION DOC 1200 803 EXAMINING_DOCUMENT 1074234
ACTION SNIPPET 1200 803 SNIPPET_RELEVANT 1619655
ACTION DOC 1200 823 EXAMINING_DOCUMENT 1619655
ACTION SNIPPET 1200 823 SNIPPET_RELEVANT 1235078
ACTION DOC 1200 843 EXAMINING_DOCUMENT 1235078
ACTION QUERY 1200 853 wildlife black bear management
ACTION SERP 1200 858 EXAMINE_SERP
ACTION SNIPPET 1200 858 SEEN_PREVIOUSLY 1619655
ACTION SNIPPET 1200 858 SEEN_PREVIOUSLY 1074234
ACTION SNIPPET 1200 858 SNIPPET_RELEVANT 1598244
ACTION DOC 1200 878 EXAMINING_DOCUMENT 1598244
ACTION SNIPPET 1200 878 SEEN_PREVIOUSLY 652450
ACTION SNIPPET 1200 878 SNIPPET_RELEVANT 1830429
ACTION DOC 1200 898 EXAMINING_DOCUMENT 1830429
ACTION SNIPPET 1200 898 SEEN_PREVIOUSLY 1319681
ACTION SNIPPET 1200 898 SNIPPET_RELEVANT 349062
ACTION DOC 1200 918 EXAMINING_DOCUMENT 349062
ACTION SNIPPET 1200 918 SNIPPET_RELEVANT 1227770
ACTION DOC 1200 938 EXAMINING_DOCUMENT 1227770
ACTION SNIPPET 1200 938 SNIPPET_RELEVANT 556098
ACTION DOC 1200 958 EXAMINING_DOCUMENT 556098
ACTION MARK 1200 961 CONSIDERED_RELEVANT 556098
ACTION SNIPPET 1200 961 SNIPPET_RELEVANT 1760805
ACTION DOC 1200 981 EXAMINING_DOCUMENT 1760805
ACTION QUERY 1200 991 black bear human conflicts
ACTION SERP 1200 996 EXAMINE_SERP
ACTION SNIPPET 1200 996 SNIPPET_RELEVANT 1012549
ACTION DOC 1200 1016 EXAMINING_DOCUMENT 1012549
ACTION SNIPPET 1200 1016 SNIPPET_RELEVANT 1680669
ACTION DOC 1200 1036 EXAMINING_DOCUMENT 1680669
ACTION SNIPPET 1200 1036 SNIPPET_RELEVANT 1850183
ACTION DOC 1200 1056 EXAMINING_DOCUMENT 1850183
ACTION SNIPPET 1200 1056 SNIPPET_RELEVANT 1321324
ACTION DOC 1200 1076 EXAMINING_DOCUMENT 1321324
ACTION SNIPPET 1200 1076 SEEN_PREVIOUSLY 1417508
ACTION SNIPPET 1200 1076 SNIPPET_RELEVANT 1529283
ACTION DOC 1200 1096 EXAMINING_DOCUMENT 1529283
ACTION SNIPPET 1200 1096 SEEN_PREVIOUSLY 1074234
ACTION SNIPPET 1200 1096 SNIPPET_RELEVANT 1418100
ACTION DOC 1200 1116 EXAMINING_DOCUMENT 1418100
ACTION MARK 1200 1119 CONSIDERED_RELEVANT 1418100
ACTION QUERY 1200 1129 bear attacks on humans
ACTION SERP 1200 1134 EXAMINE_SERP
ACTION SNIPPET 1200 1134 SEEN_PREVIOUSLY 1707062
ACTION SNIPPET 1200 1134 SEEN_PREVIOUSLY 634674
ACTION SNIPPET 1200 1134 SEEN_PREVIOUSLY 952801
ACTION SNIPPET 1200 1134 SEEN_PREVIOUSLY 1205254
ACTION SNIPPET 1200 1134 SNIPPET_RELEVANT 1417346
ACTION DOC 1200 1154 EXAMINING_DOCUMENT 1417346
ACTION MARK 1200 1157 CONSIDERED_RELEVANT 1417346
ACTION SNIPPET 1200 1157 SEEN_PREVIOUSLY 1319228
ACTION SNIPPET 1200 1157 SNIPPET_RELEVANT 1697947
ACTION DOC 1200 1177 EXAMINING_DOCUMENT 1697947
ACTION MARK 1200 1180 CONSIDERED_RELEVANT 1697947
ACTION SNIPPET 1200 1180 SEEN_PREVIOUSLY 1440589
ACTION SNIPPET 1200 1180 SEEN_PREVIOUSLY 1417508
ACTION SNIPPET 1200 1180 SNIPPET_RELEVANT 1186175
ACTION DOC 1200 1200 EXAMINING_DOCUMENT 1186175
INFO SUMMARY 
INFO TOTAL_QUERIES_ISSUED 9
INFO TOTAL_SNIPPETS_EXAMINED 79
INFO TOTAL_DOCUMENTS_EXAMINED 51
INFO TOTAL_DOCUMENTS_MARKED_RELEVANT 15
INFO TOTAL_ATTRACTIVE_SERP_IMPRESSIONS 9
INFO TOTAL_UNATTRACTIVE_SERP_IMPRESSIONS 0
