ACTION START 1200 0 START
ACTION QUERY 1200 10 illegal tech transfer
ACTION SERP 1200 15 EXAMINE_SERP
ACTION SNIPPET 1200 15 SNIPPET_RELEVANT 364057
ACTION DOC 1200 35 EXAMINING_DOCUMENT 364057
ACTION MARK 1200 38 CONSIDERED_RELEVANT 364057
ACTION SNIPPET 1200 38 SNIPPET_RELEVANT 1022183
ACTION DOC 1200 58 EXAMINING_DOCUMENT 1022183
ACTION MARK 1200 61 CONSIDERED_RELEVANT 1022183
ACTION SNIPPET 1200 61 SNIPPET_RELEVANT 1660339
ACTION DOC 1200 81 EXAMINING_DOCUMENT 1660339
ACTION MARK 1200 84 CONSIDERED_RELEVANT 1660339
ACTION SNIPPET 1200 84 SNIPPET_RELEVANT 495060
ACTION DOC 1200 104 EXAMINING_DOCUMENT 495060
ACTION SNIPPET 1200 104 SNIPPET_RELEVANT 356458
ACTION DOC 1200 124 EXAMINING_DOCUMENT 356458
ACTION SNIPPET 1200 124 SNIPPET_RELEVANT 843441
ACTION DOC 1200 144 EXAMINING_DOCUMENT 843441
ACTION QUERY 1200 154 technology transfer violations
ACTION SERP 1200 159 EXAMINE_SERP
ACTION SNIPPET 1200 159 SNIPPET_RELEVANT 518435
ACTION DOC 1200 179 EXAMINING_DOCUMENT 518435
ACTION MARK 1200 182 CONSIDERED_RELEVANT 518435
ACTION SNIPPET 1200 182 SNIPPET_RELEVANT 515499
ACTION DOC 1200 202 EXAMINING_DOCUMENT 515499
ACTION MARK 1200 205 CONSIDERED_RELEVANT 515499
ACTION SNIPPET 1200 205 SNIPPET_RELEVANT 631895
ACTION DOC 1200 225 EXAMINING_DOCUMENT 631895
ACTION MARK 1200 228 CONSIDERED_RELEVANT 631895
ACTION SNIPPET 1200 228 SNIPPET_RELEVANT 630815
ACTION DOC 1200 248 EXAMINING_DOCUMENT 630815
ACTION MARK 1200 251 CONSIDERED_RELEVANT 630815
ACTION SNIPPET 1200 251 SNIPPET_RELEVANT 467197
ACTION DOC 1200 271 EXAMINING_DOCUMENT 467197
ACTION SNIPPET 1200 271 SNIPPET_RELEVANT 483380
ACTION DOC 1200 291 EXAMINING_DOCUMENT 483380
ACTION MARK 1200 294 CONSIDERED_RELEVANT 483380
ACTION QUERY 1200 304 technology export violations
ACTION SERP 1200 309 EXAMINE_SERP
ACTION SNIPPET 1200 309 SNIPPET_RELEVANT 71722
ACTION DOC 1200 329 EXAMINING_DOCUMENT 71722
ACTION MARK 1200 332 CONSIDERED_RELEVANT 71722
ACTION SNIPPET 1200 332 SNIPPET_RELEVANT 631572
ACTION DOC 1200 352 EXAMINING_DOCUMENT 631572
ACTION MARK 1200 355 CONSIDERED_RELEVANT 631572
ACTION SNIPPET 1200 355 SNIPPET_RELEVANT 1207336
ACTION DOC 1200 375 EXAMINING_DOCUMENT 1207336
ACTION MARK 1200 378 CONSIDERED_RELEVANT 1207336
ACTION SNIPPET 1200 378 SNIPPET_RELEVANT 61696
ACTION DOC 1200 398 EXAMINING_DOCUMENT 61696
ACTION MARK 1200 401 CONSIDERED_RELEVANT 61696
ACTION SNIPPET 1200 401 SNIPPET_RELEVANT 444612
ACTION DOC 1200 421 EXAMINING_DOCUMENT 444612
ACTION MARK 1200 424 CONSIDERED_RELEVANT 444612
ACTION QUERY 1200 434 military technology transfer
ACTION SERP 1200 439 EXAMINE_SERP
ACTION SNIPPET 1200 439 SNIPPET_RELEVANT 83598
ACTION DOC 1200 459 EXAMINING_DOCUMENT 83598
ACTION MARK 1200 462 CONSIDERED_RELEVANT 83598
ACTION SNIPPET 1200 462 SNIPPET_RELEVANT 347045
ACTION DOC 1200 482 EXAMINING_DOCUMENT 347045
ACTION SNIPPET 1200 482 SNIPPET_RELEVANT 686349
ACTION DOC 1200 502 EXAMINING_DOCUMENT 686349
ACTION SNIPPET 1200 502 SNIPPET_RELEVANT 527962
ACTION DOC 1200 522 EXAMINING_DOCUMENT 527962
ACTION MARK 1200 525 CONSIDERED_RELEVANT 527962
ACTION SNIPPET 1200 525 SEEN_PREVIOUSLY 518435
ACTION SNIPPET 1200 525 SNIPPET_RELEVANT 328537
ACTION DOC 1200 545 EXAMINING_DOCUMENT 328537
ACTION SNIPPET 1200 545 SEEN_PREVIOUSLY 515499
ACTION SNIPPET 1200 545 SNIPPET_RELEVANT 641360
ACTION DOC 1200 565 EXAMINING_DOCUMENT 641360
ACTION MARK 1200 568 CONSIDERED_RELEVANT 641360
ACTION QUERY 1200 578 illegal tech export
ACTION SERP 1200 583 EXAMINE_SERP
ACTION SNIPPET 1200 583 SNIPPET_RELEVANT 113654
ACTION DOC 1200 603 EXAMINING_DOCUMENT 113654
ACTION MARK 1200 606 CONSIDERED_RELEVANT 113654
ACTION SNIPPET 1200 606 SEEN_PREVIOUSLY 1660339
ACTION SNIPPET 1200 606 SNIPPET_RELEVANT 646847
ACTION DOC 1200 626 EXAMINING_DOCUMENT 646847
ACTION MARK 1200 629 CONSIDERED_RELEVANT 646847
ACTION SNIPPET 1200 629 SNIPPET_RELEVANT 1284541
ACTION DOC 1200 649 EXAMINING_DOCUMENT 1284541
ACTION SNIPPET 1200 649 SEEN_PREVIOUSLY 1022183
ACTION SNIPPET 1200 649 SNIPPET_RELEVANT 3470
ACTION DOC 1200 669 EXAMINING_DOCUMENT 3470
ACTION SNIPPET 1200 669 SEEN_PREVIOUSLY 3470
ACTION SNIPPET 1200 669 SNIPPET_RELEVANT 1670275
ACTION DOC 1200 689 EXAMINING_DOCUMENT 1670275
ACTION SNIPPET 1200 689 SNIPPET_RELEVANT 1350261
ACTION DOC 1200 709 EXAMINING_DOCUMENT 1350261
ACTION QUERY 1200 719 illegal technology transfer
ACTION SERP 1200 724 EXAMINE_SERP
ACTION SNIPPET 1200 724 SNIPPET_RELEVANT 295314
ACTION DOC 1200 744 EXAMINING_DOCUMENT 295314
ACTION SNIPPET 1200 744 SNIPPET_RELEVANT 514959
ACTION DOC 1200 764 EXAMINING_DOCUMENT 514959
ACTION MARK 1200 767 CONSIDERED_RELEVANT 514959
ACTION SNIPPET 1200 767 SEEN_PREVIOUSLY 364057
ACTION SNIPPET 1200 767 SEEN_PREVIOUSLY 1022183
ACTION SNIPPET 1200 767 SEEN_PREVIOUSLY 83598
ACTION SNIPPET 1200 767 SNIPPET_RELEVANT 902015
ACTION DOC 1200 787 EXAMINING_DOCUMENT 902015
ACTION SNIPPET 1200 787 SNIPPET_RELEVANT 1371689
ACTION DOC 1200 807 EXAMINING_DOCUMENT 1371689
ACTION SNIPPET 1200 807 SNIPPET_RELEVANT 522953
ACTION DOC 1200 827 EXAMINING_DOCUMENT 522953
ACTION SNIPPET 1200 827 SNIPPET_RELEVANT 55267
ACTION DOC 1200 847 EXAMINING_DOCUMENT 55267
ACTION MARK 1200 850 CONSIDERED_RELEVANT 55267
ACTION QUERY 1200 860 arms control violation
ACTION SERP 1200 865 EXAMINE_SERP
ACTION SNIPPET 1200 865 SNIPPET_RELEVANT 135549
ACTION DOC 1200 885 EXAMINING_DOCUMENT 135549
ACTION SNIPPET 1200 885 SNIPPET_RELEVANT 82465
ACTION DOC 1200 905 EXAMINING_DOCUMENT 82465
ACTION SNIPPET 1200 905 SNIPPET_RELEVANT 49502
ACTION DOC 1200 925 EXAMINING_DOCUMENT 49502
ACTION SNIPPET 1200 925 SNIPPET_RELEVANT 47522
ACTION DOC 1200 945 EXAMINING_DOCUMENT 47522
ACTION SNIPPET 1200 945 SNIPPET_RELEVANT 1410914
ACTION DOC 1200 965 EXAMINING_DOCUMENT 1410914
ACTION SNIPPET 1200 965 SNIPPET_RELEVANT 87218
ACTION DOC 1200 985 EXAMINING_DOCUMENT 87218
ACTION QUERY 1200 995 US export control laws
ACTION SERP 1200 1000 EXAMINE_SERP
ACTION SNIPPET 1200 1000 SNIPPET_RELEVANT 670710
ACTION DOC 1200 1020 EXAMINING_DOCUMENT 670710
ACTION SNIPPET 1200 1020 SNIPPET_RELEVANT 234962
ACTION DOC 1200 1040 EXAMINING_DOCUMENT 234962
ACTION MARK 1200 1043 CONSIDERED_RELEVANT 234962
ACTION SNIPPET 1200 1043 SEEN_PREVIOUSLY 1207336
ACTION SNIPPET 1200 1043 SNIPPET_RELEVANT 78558
ACTION DOC 1200 1063 EXAMINING_DOCUMENT 78558
ACTION MARK 1200 1066 CONSIDERED_RELEVANT 78558
ACTION SNIPPET 1200 1066 SNIPPET_RELEVANT 408617
ACTION DOC 1200 1086 EXAMINING_DOCUMENT 408617
ACTION SNIPPET 1200 1086 SNIPPET_RELEVANT 268992
ACTION DOC 1200 1106 EXAMINING_DOCUMENT 268992
ACTION MARK 1200 1109 CONSIDERED_RELEVANT 268992
ACTION SNIPPET 1200 1109 SNIPPET_RELEVANT 1030275
ACTION DOC 1200 1129 EXAMINING_DOCUMENT 1030275
ACTION QUERY 1200 1139 sensitive technology exports
ACTION SERP 1200 1144 EXAMINE_SERP
ACTION SNIPPET 1200 1144 SNIPPET_RELEVANT 572620
ACTION DOC 1200 1164 EXAMINING_DOCUMENT 572620
ACTION SNIPPET 1200 1164 SNIPPET_RELEVANT 531974
ACTION DOC 1200 1184 EXAMINING_DOCUMENT 531974
ACTION SNIPPET 1200 1184 SNIPPET_RELEVANT 1027483
ACTION DOC 1200 1204 EXAMINING_DOCUMENT 1027483
INFO SUMMARY 
INFO TOTAL_QUERIES_ISSUED 9
INFO TOTAL_SNIPPETS_EXAMINED 59
INFO TOTAL_DOCUMENTS_EXAMINED 50
INFO TOTAL_DOCUMENTS_MARKED_RELEVANT 23
INFO TOTAL_ATTRACTIVE_SERP_IMPRESSIONS 9
INFO TOTAL_UNATTRACTIVE_SERP_IMPRESSIONS 0
