ACTION START 1200 0 START
ACTION QUERY 1200 10 oceanographic vessels equipment
ACTION SERP 1200 15 EXAMINE_SERP
ACTION SNIPPET 1200 15 SNIPPET_RELEVANT 660630
ACTION DOC 1200 35 EXAMINING_DOCUMENT 660630
ACTION MARK 1200 38 CONSIDERED_RELEVANT 660630
ACTION SNIPPET 1200 38 SNIPPET_RELEVANT 529662
ACTION DOC 1200 58 EXAMINING_DOCUMENT 529662
ACTION MARK 1200 61 CONSIDERED_RELEVANT 529662
ACTION SNIPPET 1200 61 SNIPPET_RELEVANT 89039
ACTION DOC 1200 81 EXAMINING_DOCUMENT 89039
ACTION MARK 1200 84 CONSIDERED_RELEVANT 89039
ACTION SNIPPET 1200 84 SNIPPET_RELEVANT 171292
ACTION DOC 1200 104 EXAMINING_DOCUMENT 171292
ACTION MARK 1200 107 CONSIDERED_RELEVANT 171292
ACTION SNIPPET 1200 107 SNIPPET_NOT_RELEVANT 137558
ACTION SNIPPET 1200 107 SNIPPET_NOT_RELEVANT 344608
ACTION SNIPPET 1200 107 SNIPPET_RELEVANT 382324
ACTION DOC 1200 127 EXAMINING_DOCUMENT 382324
ACTION MARK 1200 130 CONSIDERED_RELEVANT 382324
ACTION QUERY 1200 140 oceanographic vessels activity
ACTION SERP 1200 145 EXAMINE_SERP
ACTION SNIPPET 1200 145 SNIPPET_NOT_RELEVANT 1426960
ACTION SNIPPET 1200 145 SEEN_PREVIOUSLY 382324
ACTION SNIPPET 1200 145 SEEN_PREVIOUSLY 660630
ACTION SNIPPET 1200 145 SEEN_PREVIOUSLY 89039
ACTION SNIPPET 1200 145 SEEN_PREVIOUSLY 171292
ACTION SNIPPET 1200 145 SNIPPET_RELEVANT 1490050
ACTION DOC 1200 165 EXAMINING_DOCUMENT 1490050
ACTION MARK 1200 168 CONSIDERED_RELEVANT 1490050
ACTION SNIPPET 1200 168 SNIPPET_RELEVANT 24141
ACTION DOC 1200 188 EXAMINING_DOCUMENT 24141
ACTION MARK 1200 191 CONSIDERED_RELEVANT 24141
ACTION SNIPPET 1200 191 SNIPPET_RELEVANT 1725332
ACTION DOC 1200 211 EXAMINING_DOCUMENT 1725332
ACTION MARK 1200 214 CONSIDERED_RELEVANT 1725332
ACTION SNIPPET 1200 214 SEEN_PREVIOUSLY 529662
ACTION SNIPPET 1200 214 SNIPPET_RELEVANT 219569
ACTION DOC 1200 234 EXAMINING_DOCUMENT 219569
ACTION MARK 1200 237 CONSIDERED_RELEVANT 219569
ACTION SNIPPET 1200 237 SNIPPET_NOT_RELEVANT 1564015
ACTION SNIPPET 1200 237 SNIPPET_RELEVANT 779635
ACTION DOC 1200 257 EXAMINING_DOCUMENT 779635
ACTION MARK 1200 260 CONSIDERED_RELEVANT 779635
ACTION QUERY 1200 270 oceanographic vessels identify
ACTION SERP 1200 275 EXAMINE_SERP
ACTION SNIPPET 1200 275 SEEN_PREVIOUSLY 219569
ACTION SNIPPET 1200 275 SEEN_PREVIOUSLY 660630
ACTION SNIPPET 1200 275 SEEN_PREVIOUSLY 89039
ACTION SNIPPET 1200 275 SNIPPET_RELEVANT 572636
ACTION DOC 1200 295 EXAMINING_DOCUMENT 572636
ACTION MARK 1200 298 CONSIDERED_RELEVANT 572636
ACTION SNIPPET 1200 298 SEEN_PREVIOUSLY 382324
ACTION SNIPPET 1200 298 SEEN_PREVIOUSLY 24141
ACTION SNIPPET 1200 298 SEEN_PREVIOUSLY 529662
ACTION SNIPPET 1200 298 SNIPPET_NOT_RELEVANT 1564015
ACTION SNIPPET 1200 298 SEEN_PREVIOUSLY 171292
ACTION SNIPPET 1200 298 SNIPPET_NOT_RELEVANT 1426960
ACTION SNIPPET 1200 298 SEEN_PREVIOUSLY 779635
ACTION SNIPPET 1200 298 SNIPPET_RELEVANT 59228
ACTION DOC 1200 318 EXAMINING_DOCUMENT 59228
ACTION MARK 1200 321 CONSIDERED_RELEVANT 59228
ACTION SNIPPET 1200 321 SNIPPET_RELEVANT 822258
ACTION DOC 1200 341 EXAMINING_DOCUMENT 822258
ACTION MARK 1200 344 CONSIDERED_RELEVANT 822258
ACTION SNIPPET 1200 344 SNIPPET_NOT_RELEVANT 137558
ACTION SNIPPET 1200 344 SNIPPET_RELEVANT 632244
ACTION DOC 1200 364 EXAMINING_DOCUMENT 632244
ACTION MARK 1200 367 CONSIDERED_RELEVANT 632244
ACTION SNIPPET 1200 367 SNIPPET_RELEVANT 1761722
ACTION DOC 1200 387 EXAMINING_DOCUMENT 1761722
ACTION MARK 1200 390 CONSIDERED_RELEVANT 1761722
ACTION QUERY 1200 400 oceanographic vessels monitoring
ACTION SERP 1200 405 EXAMINE_SERP
ACTION SNIPPET 1200 405 SNIPPET_RELEVANT 220667
ACTION DOC 1200 425 EXAMINING_DOCUMENT 220667
ACTION MARK 1200 428 CONSIDERED_RELEVANT 220667
ACTION SNIPPET 1200 428 SEEN_PREVIOUSLY 660630
ACTION SNIPPET 1200 428 SEEN_PREVIOUSLY 89039
ACTION SNIPPET 1200 428 SEEN_PREVIOUSLY 382324
ACTION SNIPPET 1200 428 SEEN_PREVIOUSLY 24141
ACTION SNIPPET 1200 428 SEEN_PREVIOUSLY 529662
ACTION SNIPPET 1200 428 SEEN_PREVIOUSLY 219569
ACTION SNIPPET 1200 428 SNIPPET_NOT_RELEVANT 1705267
ACTION SNIPPET 1200 428 SNIPPET_NOT_RELEVANT 1564015
ACTION SNIPPET 1200 428 SEEN_PREVIOUSLY 171292
ACTION SNIPPET 1200 428 SNIPPET_NOT_RELEVANT 1426960
ACTION SNIPPET 1200 428 SNIPPET_RELEVANT 843759
ACTION DOC 1200 448 EXAMINING_DOCUMENT 843759
ACTION MARK 1200 451 CONSIDERED_RELEVANT 843759
ACTION SNIPPET 1200 451 SEEN_PREVIOUSLY 779635
ACTION SNIPPET 1200 451 SNIPPET_RELEVANT 1324421
ACTION DOC 1200 471 EXAMINING_DOCUMENT 1324421
ACTION MARK 1200 474 CONSIDERED_RELEVANT 1324421
ACTION SNIPPET 1200 474 SNIPPET_RELEVANT 1127471
ACTION DOC 1200 494 EXAMINING_DOCUMENT 1127471
ACTION MARK 1200 497 CONSIDERED_RELEVANT 1127471
ACTION SNIPPET 1200 497 SEEN_PREVIOUSLY 822258
ACTION SNIPPET 1200 497 SNIPPET_RELEVANT 285488
ACTION DOC 1200 517 EXAMINING_DOCUMENT 285488
ACTION MARK 1200 520 CONSIDERED_RELEVANT 285488
ACTION QUERY 1200 530 oceanographic vessels discuss
ACTION SERP 1200 535 EXAMINE_SERP
ACTION SNIPPET 1200 535 SEEN_PREVIOUSLY 660630
ACTION SNIPPET 1200 535 SEEN_PREVIOUSLY 89039
ACTION SNIPPET 1200 535 SEEN_PREVIOUSLY 529662
ACTION SNIPPET 1200 535 SEEN_PREVIOUSLY 382324
ACTION SNIPPET 1200 535 SEEN_PREVIOUSLY 24141
ACTION SNIPPET 1200 535 SEEN_PREVIOUSLY 219569
ACTION SNIPPET 1200 535 SNIPPET_NOT_RELEVANT 1564015
ACTION SNIPPET 1200 535 SEEN_PREVIOUSLY 171292
ACTION SNIPPET 1200 535 SNIPPET_NOT_RELEVANT 1426960
ACTION SNIPPET 1200 535 SEEN_PREVIOUSLY 572636
ACTION SNIPPET 1200 535 SEEN_PREVIOUSLY 779635
ACTION SNIPPET 1200 535 SEEN_PREVIOUSLY 822258
ACTION SNIPPET 1200 535 SNIPPET_NOT_RELEVANT 137558
ACTION SNIPPET 1200 535 SEEN_PREVIOUSLY 632244
ACTION SNIPPET 1200 535 SNIPPET_NOT_RELEVANT 610519
ACTION SNIPPET 1200 535 SEEN_PREVIOUSLY 1761722
ACTION SNIPPET 1200 535 SNIPPET_RELEVANT 1849886
ACTION DOC 1200 555 EXAMINING_DOCUMENT 1849886
ACTION MARK 1200 558 CONSIDERED_RELEVANT 1849886
ACTION SNIPPET 1200 558 SEEN_PREVIOUSLY 1490050
ACTION SNIPPET 1200 558 SEEN_PREVIOUSLY 220667
ACTION SNIPPET 1200 558 SNIPPET_RELEVANT 708056
ACTION DOC 1200 578 EXAMINING_DOCUMENT 708056
ACTION MARK 1200 581 CONSIDERED_RELEVANT 708056
ACTION SNIPPET 1200 581 SNIPPET_RELEVANT 167187
ACTION DOC 1200 601 EXAMINING_DOCUMENT 167187
ACTION MARK 1200 604 CONSIDERED_RELEVANT 167187
ACTION SNIPPET 1200 604 SNIPPET_NOT_RELEVANT 1705267
ACTION SNIPPET 1200 604 SNIPPET_NOT_RELEVANT 344608
ACTION SNIPPET 1200 604 SNIPPET_RELEVANT 1792658
ACTION DOC 1200 624 EXAMINING_DOCUMENT 1792658
ACTION MARK 1200 627 CONSIDERED_RELEVANT 1792658
ACTION SNIPPET 1200 627 SNIPPET_RELEVANT 500145
ACTION DOC 1200 647 EXAMINING_DOCUMENT 500145
ACTION MARK 1200 650 CONSIDERED_RELEVANT 500145
ACTION QUERY 1200 660 oceanographic vessels contain
ACTION SERP 1200 665 EXAMINE_SERP
ACTION SNIPPET 1200 665 SEEN_PREVIOUSLY 660630
ACTION SNIPPET 1200 665 SEEN_PREVIOUSLY 89039
ACTION SNIPPET 1200 665 SEEN_PREVIOUSLY 1761722
ACTION SNIPPET 1200 665 SEEN_PREVIOUSLY 382324
ACTION SNIPPET 1200 665 SEEN_PREVIOUSLY 24141
ACTION SNIPPET 1200 665 SEEN_PREVIOUSLY 1849886
ACTION SNIPPET 1200 665 SEEN_PREVIOUSLY 529662
ACTION SNIPPET 1200 665 SEEN_PREVIOUSLY 219569
ACTION SNIPPET 1200 665 SEEN_PREVIOUSLY 572636
ACTION SNIPPET 1200 665 SNIPPET_NOT_RELEVANT 1564015
ACTION SNIPPET 1200 665 SEEN_PREVIOUSLY 171292
ACTION SNIPPET 1200 665 SNIPPET_NOT_RELEVANT 1426960
ACTION SNIPPET 1200 665 SEEN_PREVIOUSLY 779635
ACTION SNIPPET 1200 665 SEEN_PREVIOUSLY 708056
ACTION SNIPPET 1200 665 SEEN_PREVIOUSLY 822258
ACTION SNIPPET 1200 665 SNIPPET_NOT_RELEVANT 137558
ACTION SNIPPET 1200 665 SNIPPET_RELEVANT 59321
ACTION DOC 1200 685 EXAMINING_DOCUMENT 59321
ACTION MARK 1200 688 CONSIDERED_RELEVANT 59321
ACTION SNIPPET 1200 688 SNIPPET_NOT_RELEVANT 23463
ACTION SNIPPET 1200 688 SNIPPET_NOT_RELEVANT 558238
ACTION SNIPPET 1200 688 SEEN_PREVIOUSLY 632244
ACTION SNIPPET 1200 688 SNIPPET_RELEVANT 241193
ACTION DOC 1200 708 EXAMINING_DOCUMENT 241193
ACTION MARK 1200 711 CONSIDERED_RELEVANT 241193
ACTION SNIPPET 1200 711 SEEN_PREVIOUSLY 1490050
ACTION SNIPPET 1200 711 SEEN_PREVIOUSLY 59228
ACTION SNIPPET 1200 711 SNIPPET_RELEVANT 947404
ACTION DOC 1200 731 EXAMINING_DOCUMENT 947404
ACTION MARK 1200 734 CONSIDERED_RELEVANT 947404
ACTION SNIPPET 1200 734 SEEN_PREVIOUSLY 220667
ACTION SNIPPET 1200 734 SNIPPET_RELEVANT 65863
ACTION DOC 1200 754 EXAMINING_DOCUMENT 65863
ACTION MARK 1200 757 CONSIDERED_RELEVANT 65863
ACTION SNIPPET 1200 757 SEEN_PREVIOUSLY 167187
ACTION SNIPPET 1200 757 SNIPPET_NOT_RELEVANT 1705267
ACTION SNIPPET 1200 757 SNIPPET_NOT_RELEVANT 1280671
ACTION SNIPPET 1200 757 SNIPPET_NOT_RELEVANT 344608
ACTION SNIPPET 1200 757 SEEN_PREVIOUSLY 1792658
ACTION SNIPPET 1200 757 SEEN_PREVIOUSLY 500145
ACTION SNIPPET 1200 757 SNIPPET_NOT_RELEVANT 371238
ACTION SNIPPET 1200 757 SNIPPET_NOT_RELEVANT 1280827
ACTION SNIPPET 1200 757 SNIPPET_NOT_RELEVANT 550328
ACTION SNIPPET 1200 757 SNIPPET_NOT_RELEVANT 313524
ACTION SNIPPET 1200 757 SEEN_PREVIOUSLY 1725332
ACTION SNIPPET 1200 757 SNIPPET_NOT_RELEVANT 78434
ACTION SNIPPET 1200 757 SNIPPET_NOT_RELEVANT 218000
ACTION SNIPPET 1200 757 SNIPPET_NOT_RELEVANT 1785304
ACTION SNIPPET 1200 757 SNIPPET_NOT_RELEVANT 1193304
ACTION SNIPPET 1200 757 SNIPPET_NOT_RELEVANT 948308
ACTION SNIPPET 1200 757 SEEN_PREVIOUSLY 1324421
ACTION SNIPPET 1200 757 SEEN_PREVIOUSLY 1127471
ACTION SNIPPET 1200 757 SNIPPET_NOT_RELEVANT 1796679
ACTION SNIPPET 1200 757 SNIPPET_RELEVANT 66945
ACTION DOC 1200 777 EXAMINING_DOCUMENT 66945
ACTION MARK 1200 780 CONSIDERED_RELEVANT 66945
ACTION QUERY 1200 790 oceanographic vessels information
ACTION SERP 1200 795 EXAMINE_SERP
ACTION SNIPPET 1200 795 SEEN_PREVIOUSLY 660630
ACTION SNIPPET 1200 795 SEEN_PREVIOUSLY 89039
ACTION SNIPPET 1200 795 SEEN_PREVIOUSLY 382324
ACTION SNIPPET 1200 795 SEEN_PREVIOUSLY 24141
ACTION SNIPPET 1200 795 SEEN_PREVIOUSLY 529662
ACTION SNIPPET 1200 795 SEEN_PREVIOUSLY 219569
ACTION SNIPPET 1200 795 SNIPPET_NOT_RELEVANT 1564015
ACTION SNIPPET 1200 795 SEEN_PREVIOUSLY 171292
ACTION SNIPPET 1200 795 SNIPPET_NOT_RELEVANT 1426960
ACTION SNIPPET 1200 795 SEEN_PREVIOUSLY 779635
ACTION SNIPPET 1200 795 SEEN_PREVIOUSLY 822258
ACTION SNIPPET 1200 795 SNIPPET_NOT_RELEVANT 137558
ACTION SNIPPET 1200 795 SEEN_PREVIOUSLY 632244
ACTION SNIPPET 1200 795 SEEN_PREVIOUSLY 1761722
ACTION SNIPPET 1200 795 SEEN_PREVIOUSLY 1849886
ACTION SNIPPET 1200 795 SEEN_PREVIOUSLY 1490050
ACTION SNIPPET 1200 795 SEEN_PREVIOUSLY 220667
ACTION SNIPPET 1200 795 SEEN_PREVIOUSLY 708056
ACTION SNIPPET 1200 795 SEEN_PREVIOUSLY 167187
ACTION SNIPPET 1200 795 SNIPPET_NOT_RELEVANT 1705267
ACTION SNIPPET 1200 795 SNIPPET_NOT_RELEVANT 344608
ACTION SNIPPET 1200 795 SEEN_PREVIOUSLY 1792658
ACTION SNIPPET 1200 795 SEEN_PREVIOUSLY 500145
ACTION SNIPPET 1200 795 SEEN_PREVIOUSLY 572636
ACTION SNIPPET 1200 795 SNIPPET_NOT_RELEVANT 550328
ACTION SNIPPET 1200 795 SNIPPET_NOT_RELEVANT 313524
ACTION SNIPPET 1200 795 SEEN_PREVIOUSLY 1725332
ACTION SNIPPET 1200 795 SNIPPET_NOT_RELEVANT 1785304
ACTION SNIPPET 1200 795 SNIPPET_NOT_RELEVANT 1193304
ACTION SNIPPET 1200 795 SEEN_PREVIOUSLY 1324421
ACTION SNIPPET 1200 795 SEEN_PREVIOUSLY 1127471
ACTION SNIPPET 1200 795 SEEN_PREVIOUSLY 66945
ACTION SNIPPET 1200 795 SNIPPET_NOT_RELEVANT 23463
ACTION SNIPPET 1200 795 SNIPPET_NOT_RELEVANT 1574510
ACTION SNIPPET 1200 795 SEEN_PREVIOUSLY 947404
ACTION SNIPPET 1200 795 SEEN_PREVIOUSLY 843759
ACTION SNIPPET 1200 795 SNIPPET_RELEVANT 260759
ACTION DOC 1200 815 EXAMINING_DOCUMENT 260759
ACTION MARK 1200 818 CONSIDERED_RELEVANT 260759
ACTION SNIPPET 1200 818 SNIPPET_NOT_RELEVANT 610519
ACTION SNIPPET 1200 818 SNIPPET_RELEVANT 1349153
ACTION DOC 1200 838 EXAMINING_DOCUMENT 1349153
ACTION MARK 1200 841 CONSIDERED_RELEVANT 1349153
ACTION SNIPPET 1200 841 SEEN_PREVIOUSLY 59228
ACTION SNIPPET 1200 841 SEEN_PREVIOUSLY 285488
ACTION SNIPPET 1200 841 SNIPPET_RELEVANT 263223
ACTION DOC 1200 861 EXAMINING_DOCUMENT 263223
ACTION MARK 1200 864 CONSIDERED_RELEVANT 263223
ACTION SNIPPET 1200 864 SNIPPET_NOT_RELEVANT 492257
ACTION SNIPPET 1200 864 SNIPPET_NOT_RELEVANT 72488
ACTION SNIPPET 1200 864 SNIPPET_NOT_RELEVANT 331242
ACTION SNIPPET 1200 864 SNIPPET_NOT_RELEVANT 318097
ACTION SNIPPET 1200 864 SEEN_PREVIOUSLY 59321
ACTION SNIPPET 1200 864 SEEN_PREVIOUSLY 241193
ACTION SNIPPET 1200 864 SNIPPET_NOT_RELEVANT 319231
ACTION SNIPPET 1200 864 SNIPPET_NOT_RELEVANT 319551
ACTION SNIPPET 1200 864 SNIPPET_NOT_RELEVANT 304786
ACTION SNIPPET 1200 864 SNIPPET_RELEVANT 874402
ACTION DOC 1200 884 EXAMINING_DOCUMENT 874402
ACTION MARK 1200 887 CONSIDERED_RELEVANT 874402
ACTION SNIPPET 1200 887 SNIPPET_NOT_RELEVANT 956507
ACTION SNIPPET 1200 887 SNIPPET_RELEVANT 59192
ACTION DOC 1200 907 EXAMINING_DOCUMENT 59192
ACTION MARK 1200 910 CONSIDERED_RELEVANT 59192
ACTION QUERY 1200 920 oceanographic vessels regardless
ACTION SERP 1200 925 EXAMINE_SERP
ACTION SNIPPET 1200 925 SEEN_PREVIOUSLY 660630
ACTION SNIPPET 1200 925 SEEN_PREVIOUSLY 89039
ACTION SNIPPET 1200 925 SEEN_PREVIOUSLY 382324
ACTION SNIPPET 1200 925 SEEN_PREVIOUSLY 24141
ACTION SNIPPET 1200 925 SEEN_PREVIOUSLY 529662
ACTION SNIPPET 1200 925 SEEN_PREVIOUSLY 219569
ACTION SNIPPET 1200 925 SNIPPET_NOT_RELEVANT 1564015
ACTION SNIPPET 1200 925 SEEN_PREVIOUSLY 171292
ACTION SNIPPET 1200 925 SNIPPET_NOT_RELEVANT 1426960
ACTION SNIPPET 1200 925 SEEN_PREVIOUSLY 779635
ACTION SNIPPET 1200 925 SEEN_PREVIOUSLY 822258
ACTION SNIPPET 1200 925 SNIPPET_NOT_RELEVANT 137558
ACTION SNIPPET 1200 925 SEEN_PREVIOUSLY 632244
ACTION SNIPPET 1200 925 SEEN_PREVIOUSLY 1761722
ACTION SNIPPET 1200 925 SEEN_PREVIOUSLY 1849886
ACTION SNIPPET 1200 925 SEEN_PREVIOUSLY 1490050
ACTION SNIPPET 1200 925 SEEN_PREVIOUSLY 220667
ACTION SNIPPET 1200 925 SEEN_PREVIOUSLY 708056
ACTION SNIPPET 1200 925 SNIPPET_RELEVANT 1081584
ACTION DOC 1200 945 EXAMINING_DOCUMENT 1081584
ACTION MARK 1200 948 CONSIDERED_RELEVANT 1081584
ACTION SNIPPET 1200 948 SEEN_PREVIOUSLY 167187
ACTION SNIPPET 1200 948 SNIPPET_NOT_RELEVANT 1705267
ACTION SNIPPET 1200 948 SNIPPET_NOT_RELEVANT 344608
ACTION SNIPPET 1200 948 SEEN_PREVIOUSLY 1792658
ACTION SNIPPET 1200 948 SEEN_PREVIOUSLY 500145
ACTION SNIPPET 1200 948 SEEN_PREVIOUSLY 572636
ACTION SNIPPET 1200 948 SNIPPET_NOT_RELEVANT 550328
ACTION SNIPPET 1200 948 SNIPPET_NOT_RELEVANT 313524
ACTION SNIPPET 1200 948 SEEN_PREVIOUSLY 1725332
ACTION SNIPPET 1200 948 SNIPPET_NOT_RELEVANT 1785304
ACTION SNIPPET 1200 948 SNIPPET_NOT_RELEVANT 1193304
ACTION SNIPPET 1200 948 SEEN_PREVIOUSLY 1324421
ACTION SNIPPET 1200 948 SEEN_PREVIOUSLY 1127471
ACTION SNIPPET 1200 948 SEEN_PREVIOUSLY 66945
ACTION SNIPPET 1200 948 SNIPPET_NOT_RELEVANT 1401480
ACTION SNIPPET 1200 948 SNIPPET_NOT_RELEVANT 23463
ACTION SNIPPET 1200 948 SNIPPET_NOT_RELEVANT 1574510
ACTION SNIPPET 1200 948 SEEN_PREVIOUSLY 947404
ACTION SNIPPET 1200 948 SEEN_PREVIOUSLY 843759
ACTION SNIPPET 1200 948 SEEN_PREVIOUSLY 260759
ACTION SNIPPET 1200 948 SNIPPET_NOT_RELEVANT 610519
ACTION SNIPPET 1200 948 SEEN_PREVIOUSLY 1349153
ACTION SNIPPET 1200 948 SEEN_PREVIOUSLY 59228
ACTION SNIPPET 1200 948 SEEN_PREVIOUSLY 285488
ACTION SNIPPET 1200 948 SEEN_PREVIOUSLY 263223
ACTION SNIPPET 1200 948 SNIPPET_NOT_RELEVANT 492257
ACTION SNIPPET 1200 948 SNIPPET_RELEVANT 619911
ACTION DOC 1200 968 EXAMINING_DOCUMENT 619911
ACTION MARK 1200 971 CONSIDERED_RELEVANT 619911
ACTION SNIPPET 1200 971 SNIPPET_NOT_RELEVANT 72488
ACTION SNIPPET 1200 971 SNIPPET_NOT_RELEVANT 331242
ACTION SNIPPET 1200 971 SNIPPET_NOT_RELEVANT 318097
ACTION SNIPPET 1200 971 SEEN_PREVIOUSLY 59321
ACTION SNIPPET 1200 971 SNIPPET_RELEVANT 1387801
ACTION DOC 1200 991 EXAMINING_DOCUMENT 1387801
ACTION MARK 1200 994 CONSIDERED_RELEVANT 1387801
ACTION SNIPPET 1200 994 SEEN_PREVIOUSLY 241193
ACTION SNIPPET 1200 994 SNIPPET_NOT_RELEVANT 319231
ACTION SNIPPET 1200 994 SNIPPET_NOT_RELEVANT 319551
ACTION SNIPPET 1200 994 SNIPPET_NOT_RELEVANT 304786
ACTION SNIPPET 1200 994 SNIPPET_NOT_RELEVANT 424648
ACTION SNIPPET 1200 994 SEEN_PREVIOUSLY 874402
ACTION SNIPPET 1200 994 SNIPPET_NOT_RELEVANT 956507
ACTION SNIPPET 1200 994 SEEN_PREVIOUSLY 59192
ACTION SNIPPET 1200 994 SNIPPET_NOT_RELEVANT 280719
ACTION SNIPPET 1200 994 SNIPPET_NOT_RELEVANT 180436
ACTION SNIPPET 1200 994 SNIPPET_NOT_RELEVANT 1405751
ACTION SNIPPET 1200 994 SNIPPET_RELEVANT 1244235
ACTION DOC 1200 1014 EXAMINING_DOCUMENT 1244235
ACTION MARK 1200 1017 CONSIDERED_RELEVANT 1244235
ACTION SNIPPET 1200 1017 SNIPPET_NOT_RELEVANT 1653987
ACTION SNIPPET 1200 1017 SNIPPET_RELEVANT 945413
ACTION DOC 1200 1037 EXAMINING_DOCUMENT 945413
ACTION MARK 1200 1040 CONSIDERED_RELEVANT 945413
ACTION QUERY 1200 1050 oceanographic vessels nationality
ACTION SERP 1200 1055 EXAMINE_SERP
ACTION SNIPPET 1200 1055 SEEN_PREVIOUSLY 660630
ACTION SNIPPET 1200 1055 SEEN_PREVIOUSLY 89039
ACTION SNIPPET 1200 1055 SEEN_PREVIOUSLY 529662
ACTION SNIPPET 1200 1055 SEEN_PREVIOUSLY 24141
ACTION SNIPPET 1200 1055 SNIPPET_NOT_RELEVANT 1426960
ACTION SNIPPET 1200 1055 SEEN_PREVIOUSLY 382324
ACTION SNIPPET 1200 1055 SEEN_PREVIOUSLY 219569
ACTION SNIPPET 1200 1055 SNIPPET_NOT_RELEVANT 1564015
ACTION SNIPPET 1200 1055 SEEN_PREVIOUSLY 171292
ACTION SNIPPET 1200 1055 SEEN_PREVIOUSLY 779635
ACTION SNIPPET 1200 1055 SNIPPET_NOT_RELEVANT 137558
ACTION SNIPPET 1200 1055 SEEN_PREVIOUSLY 220667
ACTION SNIPPET 1200 1055 SEEN_PREVIOUSLY 822258
ACTION SNIPPET 1200 1055 SEEN_PREVIOUSLY 500145
ACTION SNIPPET 1200 1055 SEEN_PREVIOUSLY 167187
ACTION SNIPPET 1200 1055 SEEN_PREVIOUSLY 1725332
ACTION SNIPPET 1200 1055 SNIPPET_NOT_RELEVANT 550328
ACTION SNIPPET 1200 1055 SEEN_PREVIOUSLY 632244
ACTION SNIPPET 1200 1055 SEEN_PREVIOUSLY 1761722
ACTION SNIPPET 1200 1055 SEEN_PREVIOUSLY 1849886
ACTION SNIPPET 1200 1055 SEEN_PREVIOUSLY 1490050
ACTION SNIPPET 1200 1055 SEEN_PREVIOUSLY 708056
ACTION SNIPPET 1200 1055 SEEN_PREVIOUSLY 1127471
ACTION SNIPPET 1200 1055 SNIPPET_NOT_RELEVANT 1705267
ACTION SNIPPET 1200 1055 SNIPPET_NOT_RELEVANT 344608
ACTION SNIPPET 1200 1055 SEEN_PREVIOUSLY 1324421
ACTION SNIPPET 1200 1055 SEEN_PREVIOUSLY 1792658
ACTION SNIPPET 1200 1055 SEEN_PREVIOUSLY 572636
ACTION SNIPPET 1200 1055 SNIPPET_NOT_RELEVANT 1574510
ACTION SNIPPET 1200 1055 SNIPPET_NOT_RELEVANT 313524
ACTION SNIPPET 1200 1055 SNIPPET_NOT_RELEVANT 1785304
ACTION SNIPPET 1200 1055 SNIPPET_NOT_RELEVANT 1193304
ACTION SNIPPET 1200 1055 SEEN_PREVIOUSLY 263223
ACTION SNIPPET 1200 1055 SEEN_PREVIOUSLY 947404
ACTION SNIPPET 1200 1055 SEEN_PREVIOUSLY 66945
ACTION SNIPPET 1200 1055 SEEN_PREVIOUSLY 241193
ACTION SNIPPET 1200 1055 SNIPPET_NOT_RELEVANT 72488
ACTION SNIPPET 1200 1055 SNIPPET_NOT_RELEVANT 23463
ACTION SNIPPET 1200 1055 SNIPPET_NOT_RELEVANT 956507
ACTION SNIPPET 1200 1055 SEEN_PREVIOUSLY 874402
ACTION SNIPPET 1200 1055 SEEN_PREVIOUSLY 843759
ACTION SNIPPET 1200 1055 SEEN_PREVIOUSLY 260759
ACTION SNIPPET 1200 1055 SNIPPET_NOT_RELEVANT 610519
ACTION SNIPPET 1200 1055 SEEN_PREVIOUSLY 1349153
ACTION SNIPPET 1200 1055 SEEN_PREVIOUSLY 1244235
ACTION SNIPPET 1200 1055 SEEN_PREVIOUSLY 59228
ACTION SNIPPET 1200 1055 SNIPPET_NOT_RELEVANT 1844281
ACTION SNIPPET 1200 1055 SEEN_PREVIOUSLY 285488
ACTION SNIPPET 1200 1055 SNIPPET_RELEVANT 551077
ACTION DOC 1200 1075 EXAMINING_DOCUMENT 551077
ACTION MARK 1200 1078 CONSIDERED_RELEVANT 551077
ACTION SNIPPET 1200 1078 SEEN_PREVIOUSLY 945413
ACTION SNIPPET 1200 1078 SNIPPET_NOT_RELEVANT 492257
ACTION SNIPPET 1200 1078 SNIPPET_NOT_RELEVANT 331242
ACTION SNIPPET 1200 1078 SNIPPET_NOT_RELEVANT 318097
ACTION SNIPPET 1200 1078 SEEN_PREVIOUSLY 59321
ACTION SNIPPET 1200 1078 SNIPPET_NOT_RELEVANT 1618021
ACTION SNIPPET 1200 1078 SNIPPET_NOT_RELEVANT 319231
ACTION SNIPPET 1200 1078 SNIPPET_NOT_RELEVANT 51474
ACTION SNIPPET 1200 1078 SEEN_PREVIOUSLY 1081584
ACTION SNIPPET 1200 1078 SNIPPET_NOT_RELEVANT 1046708
ACTION SNIPPET 1200 1078 SNIPPET_NOT_RELEVANT 319551
ACTION SNIPPET 1200 1078 SNIPPET_NOT_RELEVANT 558238
ACTION SNIPPET 1200 1078 SNIPPET_NOT_RELEVANT 1675872
ACTION SNIPPET 1200 1078 SNIPPET_NOT_RELEVANT 304786
ACTION SNIPPET 1200 1078 SNIPPET_NOT_RELEVANT 1311871
ACTION SNIPPET 1200 1078 SNIPPET_NOT_RELEVANT 1851522
ACTION SNIPPET 1200 1078 SNIPPET_NOT_RELEVANT 287354
ACTION SNIPPET 1200 1078 SEEN_PREVIOUSLY 59192
ACTION SNIPPET 1200 1078 SNIPPET_NOT_RELEVANT 1788948
ACTION SNIPPET 1200 1078 SNIPPET_RELEVANT 1456968
ACTION DOC 1200 1098 EXAMINING_DOCUMENT 1456968
ACTION MARK 1200 1101 CONSIDERED_RELEVANT 1456968
ACTION SNIPPET 1200 1101 SNIPPET_NOT_RELEVANT 1405751
ACTION SNIPPET 1200 1101 SNIPPET_RELEVANT 531668
ACTION DOC 1200 1121 EXAMINING_DOCUMENT 531668
ACTION MARK 1200 1124 CONSIDERED_RELEVANT 531668
ACTION SNIPPET 1200 1124 SNIPPET_RELEVANT 693223
ACTION DOC 1200 1144 EXAMINING_DOCUMENT 693223
ACTION MARK 1200 1147 CONSIDERED_RELEVANT 693223
ACTION SNIPPET 1200 1147 SNIPPET_NOT_RELEVANT 1653987
ACTION SNIPPET 1200 1147 SNIPPET_NOT_RELEVANT 415009
ACTION SNIPPET 1200 1147 SNIPPET_NOT_RELEVANT 686332
ACTION SNIPPET 1200 1147 SNIPPET_RELEVANT 549812
ACTION DOC 1200 1167 EXAMINING_DOCUMENT 549812
ACTION MARK 1200 1170 CONSIDERED_RELEVANT 549812
ACTION QUERY 1200 1180 oceanographic vessels items
ACTION SERP 1200 1185 EXAMINE_SERP
ACTION SNIPPET 1200 1185 SEEN_PREVIOUSLY 660630
ACTION SNIPPET 1200 1185 SEEN_PREVIOUSLY 89039
ACTION SNIPPET 1200 1185 SEEN_PREVIOUSLY 66945
ACTION SNIPPET 1200 1185 SEEN_PREVIOUSLY 382324
ACTION SNIPPET 1200 1185 SEEN_PREVIOUSLY 24141
ACTION SNIPPET 1200 1185 SEEN_PREVIOUSLY 529662
ACTION SNIPPET 1200 1185 SEEN_PREVIOUSLY 219569
ACTION SNIPPET 1200 1185 SEEN_PREVIOUSLY 947404
ACTION SNIPPET 1200 1185 SNIPPET_NOT_RELEVANT 1564015
ACTION SNIPPET 1200 1185 SEEN_PREVIOUSLY 171292
ACTION SNIPPET 1200 1185 SNIPPET_NOT_RELEVANT 1426960
ACTION SNIPPET 1200 1185 SEEN_PREVIOUSLY 874402
ACTION SNIPPET 1200 1185 SEEN_PREVIOUSLY 779635
ACTION SNIPPET 1200 1185 SEEN_PREVIOUSLY 822258
ACTION SNIPPET 1200 1185 SEEN_PREVIOUSLY 65863
ACTION SNIPPET 1200 1185 SNIPPET_NOT_RELEVANT 137558
ACTION SNIPPET 1200 1185 SEEN_PREVIOUSLY 59192
ACTION SNIPPET 1200 1185 SEEN_PREVIOUSLY 632244
ACTION SNIPPET 1200 1185 SEEN_PREVIOUSLY 1761722
ACTION SNIPPET 1200 1185 SEEN_PREVIOUSLY 1849886
ACTION SNIPPET 1200 1185 SEEN_PREVIOUSLY 1490050
ACTION SNIPPET 1200 1185 SEEN_PREVIOUSLY 220667
ACTION SNIPPET 1200 1185 SEEN_PREVIOUSLY 708056
ACTION SNIPPET 1200 1185 SEEN_PREVIOUSLY 167187
ACTION SNIPPET 1200 1185 SNIPPET_NOT_RELEVANT 1705267
ACTION SNIPPET 1200 1185 SNIPPET_NOT_RELEVANT 344608
ACTION SNIPPET 1200 1185 SEEN_PREVIOUSLY 1792658
ACTION SNIPPET 1200 1185 SEEN_PREVIOUSLY 500145
ACTION SNIPPET 1200 1185 SEEN_PREVIOUSLY 572636
ACTION SNIPPET 1200 1185 SNIPPET_NOT_RELEVANT 550328
ACTION SNIPPET 1200 1185 SNIPPET_NOT_RELEVANT 313524
ACTION SNIPPET 1200 1185 SEEN_PREVIOUSLY 1725332
ACTION SNIPPET 1200 1185 SNIPPET_NOT_RELEVANT 1785304
ACTION SNIPPET 1200 1185 SNIPPET_NOT_RELEVANT 1193304
ACTION SNIPPET 1200 1185 SEEN_PREVIOUSLY 1456968
ACTION SNIPPET 1200 1185 SEEN_PREVIOUSLY 1324421
ACTION SNIPPET 1200 1185 SEEN_PREVIOUSLY 1127471
ACTION SNIPPET 1200 1185 SNIPPET_RELEVANT 620002
ACTION DOC 1200 1205 EXAMINING_DOCUMENT 620002
INFO SUMMARY 
INFO TOTAL_QUERIES_ISSUED 10
INFO TOTAL_SNIPPETS_EXAMINED 356
INFO TOTAL_DOCUMENTS_EXAMINED 46
INFO TOTAL_DOCUMENTS_MARKED_RELEVANT 46
INFO TOTAL_ATTRACTIVE_SERP_IMPRESSIONS 10
INFO TOTAL_UNATTRACTIVE_SERP_IMPRESSIONS 0
INFO TOTAL_TREC_RELEVANT_DOCS 46
INFO TOTAL_UNIQ_TREC_RELEVANT_DOCS 46
INFO PRECISION_TREC_RELEVANT_DOCS 1.0
