ACTION START 1200 0 START
ACTION QUERY 1200 10 food stamps increase
ACTION SERP 1200 15 EXAMINE_SERP
ACTION SNIPPET 1200 15 SNIPPET_RELEVANT 546738
ACTION DOC 1200 35 EXAMINING_DOCUMENT 546738
ACTION MARK 1200 38 CONSIDERED_RELEVANT 546738
ACTION SNIPPET 1200 38 SNIPPET_RELEVANT 378037
ACTION DOC 1200 58 EXAMINING_DOCUMENT 378037
ACTION MARK 1200 61 CONSIDERED_RELEVANT 378037
ACTION SNIPPET 1200 61 SNIPPET_RELEVANT 345231
ACTION DOC 1200 81 EXAMINING_DOCUMENT 345231
ACTION MARK 1200 84 CONSIDERED_RELEVANT 345231
ACTION SNIPPET 1200 84 SNIPPET_RELEVANT 1697024
ACTION DOC 1200 104 EXAMINING_DOCUMENT 1697024
ACTION SNIPPET 1200 104 SNIPPET_RELEVANT 483926
ACTION DOC 1200 124 EXAMINING_DOCUMENT 483926
ACTION MARK 1200 127 CONSIDERED_RELEVANT 483926
ACTION SNIPPET 1200 127 SNIPPET_RELEVANT 747191
ACTION DOC 1200 147 EXAMINING_DOCUMENT 747191
ACTION QUERY 1200 157 SNAP benefits rise
ACTION SERP 1200 162 EXAMINE_SERP
ACTION SNIPPET 1200 162 SNIPPET_RELEVANT 1792537
ACTION DOC 1200 182 EXAMINING_DOCUMENT 1792537
ACTION SNIPPET 1200 182 SNIPPET_RELEVANT 1650410
ACTION DOC 1200 202 EXAMINING_DOCUMENT 1650410
ACTION SNIPPET 1200 202 SNIPPET_RELEVANT 339407
ACTION DOC 1200 222 EXAMINING_DOCUMENT 339407
ACTION SNIPPET 1200 222 SNIPPET_RELEVANT 809879
ACTION DOC 1200 242 EXAMINING_DOCUMENT 809879
ACTION SNIPPET 1200 242 SNIPPET_RELEVANT 95593
ACTION DOC 1200 262 EXAMINING_DOCUMENT 95593
ACTION SNIPPET 1200 262 SNIPPET_RELEVANT 1461556
ACTION DOC 1200 282 EXAMINING_DOCUMENT 1461556
ACTION QUERY 1200 292 US food aid growth
ACTION SERP 1200 297 EXAMINE_SERP
ACTION SNIPPET 1200 297 SNIPPET_RELEVANT 1263218
ACTION DOC 1200 317 EXAMINING_DOCUMENT 1263218
ACTION SNIPPET 1200 317 SNIPPET_RELEVANT 1319349
ACTION DOC 1200 337 EXAMINING_DOCUMENT 1319349
ACTION SNIPPET 1200 337 SNIPPET_RELEVANT 1498336
ACTION DOC 1200 357 EXAMINING_DOCUMENT 1498336
ACTION SNIPPET 1200 357 SNIPPET_RELEVANT 651850
ACTION DOC 1200 377 EXAMINING_DOCUMENT 651850
ACTION SNIPPET 1200 377 SNIPPET_RELEVANT 623538
ACTION DOC 1200 397 EXAMINING_DOCUMENT 623538
ACTION SNIPPET 1200 397 SNIPPET_RELEVANT 672948
ACTION DOC 1200 417 EXAMINING_DOCUMENT 672948
ACTION QUERY 1200 427 food stamp program expansion
ACTION SERP 1200 432 EXAMINE_SERP
ACTION SNIPPET 1200 432 SNIPPET_RELEVANT 205425
ACTION DOC 1200 452 EXAMINING_DOCUMENT 205425
ACTION SNIPPET 1200 452 SNIPPET_RELEVANT 1080369
ACTION DOC 1200 472 EXAMINING_DOCUMENT 1080369
ACTION MARK 1200 475 CONSIDERED_RELEVANT 1080369
ACTION SNIPPET 1200 475 SNIPPET_RELEVANT 93120
ACTION DOC 1200 495 EXAMINING_DOCUMENT 93120
ACTION SNIPPET 1200 495 SEEN_PREVIOUSLY 378037
ACTION SNIPPET 1200 495 SNIPPET_RELEVANT 1273848
ACTION DOC 1200 515 EXAMINING_DOCUMENT 1273848
ACTION MARK 1200 518 CONSIDERED_RELEVANT 1273848
ACTION SNIPPET 1200 518 SNIPPET_RELEVANT 1459482
ACTION DOC 1200 538 EXAMINING_DOCUMENT 1459482
ACTION SNIPPET 1200 538 SNIPPET_RELEVANT 726972
ACTION DOC 1200 558 EXAMINING_DOCUMENT 726972
ACTION MARK 1200 561 CONSIDERED_RELEVANT 726972
ACTION QUERY 1200 571 poverty reduction initiatives
ACTION SERP 1200 576 EXAMINE_SERP
ACTION SNIPPET 1200 576 SNIPPET_RELEVANT 1631708
ACTION DOC 1200 596 EXAMINING_DOCUMENT 1631708
ACTION SNIPPET 1200 596 SNIPPET_RELEVANT 1019767
ACTION DOC 1200 616 EXAMINING_DOCUMENT 1019767
ACTION SNIPPET 1200 616 SNIPPET_RELEVANT 1317666
ACTION DOC 1200 636 EXAMINING_DOCUMENT 1317666
ACTION SNIPPET 1200 636 SNIPPET_RELEVANT 1542622
ACTION DOC 1200 656 EXAMINING_DOCUMENT 1542622
ACTION SNIPPET 1200 656 SNIPPET_RELEVANT 854451
ACTION DOC 1200 676 EXAMINING_DOCUMENT 854451
ACTION SNIPPET 1200 676 SNIPPET_RELEVANT 1244220
ACTION DOC 1200 696 EXAMINING_DOCUMENT 1244220
ACTION QUERY 1200 706 food assistance increase
ACTION SERP 1200 711 EXAMINE_SERP
ACTION SNIPPET 1200 711 SNIPPET_RELEVANT 737465
ACTION DOC 1200 731 EXAMINING_DOCUMENT 737465
ACTION SNIPPET 1200 731 SNIPPET_RELEVANT 102586
ACTION DOC 1200 751 EXAMINING_DOCUMENT 102586
ACTION SNIPPET 1200 751 SNIPPET_RELEVANT 748788
ACTION DOC 1200 771 EXAMINING_DOCUMENT 748788
ACTION SNIPPET 1200 771 SEEN_PREVIOUSLY 747191
ACTION SNIPPET 1200 771 SNIPPET_RELEVANT 1441716
ACTION DOC 1200 791 EXAMINING_DOCUMENT 1441716
ACTION SNIPPET 1200 791 SNIPPET_RELEVANT 1417076
ACTION DOC 1200 811 EXAMINING_DOCUMENT 1417076
ACTION MARK 1200 814 CONSIDERED_RELEVANT 1417076
ACTION SNIPPET 1200 814 SEEN_PREVIOUSLY 546738
ACTION SNIPPET 1200 814 SNIPPET_RELEVANT 1419882
ACTION DOC 1200 834 EXAMINING_DOCUMENT 1419882
ACTION QUERY 1200 844 welfare benefits boost
ACTION SERP 1200 849 EXAMINE_SERP
ACTION SNIPPET 1200 849 SNIPPET_RELEVANT 1061467
ACTION DOC 1200 869 EXAMINING_DOCUMENT 1061467
ACTION MARK 1200 872 CONSIDERED_RELEVANT 1061467
ACTION SNIPPET 1200 872 SNIPPET_RELEVANT 604103
ACTION DOC 1200 892 EXAMINING_DOCUMENT 604103
ACTION SNIPPET 1200 892 SNIPPET_RELEVANT 1001325
ACTION DOC 1200 912 EXAMINING_DOCUMENT 1001325
ACTION SNIPPET 1200 912 SNIPPET_RELEVANT 765530
ACTION DOC 1200 932 EXAMINING_DOCUMENT 765530
ACTION SNIPPET 1200 932 SNIPPET_RELEVANT 519009
ACTION DOC 1200 952 EXAMINING_DOCUMENT 519009
ACTION SNIPPET 1200 952 SNIPPET_RELEVANT 12848
ACTION DOC 1200 972 EXAMINING_DOCUMENT 12848
ACTION QUERY 1200 982 low-income food support
ACTION SERP 1200 987 EXAMINE_SERP
ACTION SNIPPET 1200 987 SEEN_PREVIOUSLY 1417076
ACTION SNIPPET 1200 987 SNIPPET_RELEVANT 1246298
ACTION DOC 1200 1007 EXAMINING_DOCUMENT 1246298
ACTION SNIPPET 1200 1007 SNIPPET_RELEVANT 477036
ACTION DOC 1200 1027 EXAMINING_DOCUMENT 477036
ACTION SNIPPET 1200 1027 SNIPPET_RELEVANT 799375
ACTION DOC 1200 1047 EXAMINING_DOCUMENT 799375
ACTION SNIPPET 1200 1047 SNIPPET_RELEVANT 799276
ACTION DOC 1200 1067 EXAMINING_DOCUMENT 799276
ACTION SNIPPET 1200 1067 SNIPPET_RELEVANT 1300002
ACTION DOC 1200 1087 EXAMINING_DOCUMENT 1300002
ACTION SNIPPET 1200 1087 SNIPPET_RELEVANT 1050063
ACTION DOC 1200 1107 EXAMINING_DOCUMENT 1050063
ACTION QUERY 1200 1117 low-income food support
ACTION SERP 1200 1122 EXAMINE_SERP
ACTION SNIPPET 1200 1122 SEEN_PREVIOUSLY 1417076
ACTION SNIPPET 1200 1122 SEEN_PREVIOUSLY 1246298
ACTION SNIPPET 1200 1122 SEEN_PREVIOUSLY 477036
ACTION SNIPPET 1200 1122 SEEN_PREVIOUSLY 799375
ACTION SNIPPET 1200 1122 SEEN_PREVIOUSLY 799276
ACTION SNIPPET 1200 1122 SEEN_PREVIOUSLY 1300002
ACTION SNIPPET 1200 1122 SEEN_PREVIOUSLY 1050063
ACTION SNIPPET 1200 1122 SNIPPET_RELEVANT 1447907
ACTION DOC 1200 1142 EXAMINING_DOCUMENT 1447907
ACTION SNIPPET 1200 1142 SNIPPET_RELEVANT 683421
ACTION DOC 1200 1162 EXAMINING_DOCUMENT 683421
ACTION SNIPPET 1200 1162 SNIPPET_RELEVANT 309390
ACTION DOC 1200 1182 EXAMINING_DOCUMENT 309390
ACTION SNIPPET 1200 1182 SNIPPET_RELEVANT 1552974
ACTION DOC 1200 1202 EXAMINING_DOCUMENT 1552974
INFO SUMMARY 
INFO TOTAL_QUERIES_ISSUED 9
INFO TOTAL_SNIPPETS_EXAMINED 63
INFO TOTAL_DOCUMENTS_EXAMINED 52
INFO TOTAL_DOCUMENTS_MARKED_RELEVANT 9
INFO TOTAL_ATTRACTIVE_SERP_IMPRESSIONS 9
INFO TOTAL_UNATTRACTIVE_SERP_IMPRESSIONS 0
