ACTION START 1200 0 START
ACTION QUERY 1200 10 Flavr Savr tomato
ACTION SERP 1200 15 EXAMINE_SERP
ACTION SNIPPET 1200 15 SNIPPET_RELEVANT 688224
ACTION DOC 1200 35 EXAMINING_DOCUMENT 688224
ACTION MARK 1200 38 CONSIDERED_RELEVANT 688224
ACTION SNIPPET 1200 38 SNIPPET_RELEVANT 689070
ACTION DOC 1200 58 EXAMINING_DOCUMENT 689070
ACTION MARK 1200 61 CONSIDERED_RELEVANT 689070
ACTION SNIPPET 1200 61 SNIPPET_RELEVANT 542584
ACTION DOC 1200 81 EXAMINING_DOCUMENT 542584
ACTION MARK 1200 84 CONSIDERED_RELEVANT 542584
ACTION SNIPPET 1200 84 SNIPPET_RELEVANT 827299
ACTION DOC 1200 104 EXAMINING_DOCUMENT 827299
ACTION MARK 1200 107 CONSIDERED_RELEVANT 827299
ACTION SNIPPET 1200 107 SNIPPET_RELEVANT 688180
ACTION DOC 1200 127 EXAMINING_DOCUMENT 688180
ACTION MARK 1200 130 CONSIDERED_RELEVANT 688180
ACTION QUERY 1200 140 Calgene genetically modified
ACTION SERP 1200 145 EXAMINE_SERP
ACTION SNIPPET 1200 145 SNIPPET_RELEVANT 688200
ACTION DOC 1200 165 EXAMINING_DOCUMENT 688200
ACTION MARK 1200 168 CONSIDERED_RELEVANT 688200
ACTION SNIPPET 1200 168 SNIPPET_RELEVANT 243360
ACTION DOC 1200 188 EXAMINING_DOCUMENT 243360
ACTION SNIPPET 1200 188 SEEN_PREVIOUSLY 688180
ACTION SNIPPET 1200 188 SNIPPET_RELEVANT 470050
ACTION DOC 1200 208 EXAMINING_DOCUMENT 470050
ACTION SNIPPET 1200 208 SNIPPET_RELEVANT 235362
ACTION DOC 1200 228 EXAMINING_DOCUMENT 235362
ACTION SNIPPET 1200 228 SNIPPET_RELEVANT 616992
ACTION DOC 1200 248 EXAMINING_DOCUMENT 616992
ACTION SNIPPET 1200 248 SNIPPET_RELEVANT 460967
ACTION DOC 1200 268 EXAMINING_DOCUMENT 460967
ACTION QUERY 1200 278 Flavor Saver tomato FDA
ACTION SERP 1200 283 EXAMINE_SERP
ACTION SNIPPET 1200 283 SNIPPET_RELEVANT 739969
ACTION DOC 1200 303 EXAMINING_DOCUMENT 739969
ACTION SNIPPET 1200 303 SNIPPET_RELEVANT 826046
ACTION DOC 1200 323 EXAMINING_DOCUMENT 826046
ACTION SNIPPET 1200 323 SNIPPET_RELEVANT 598493
ACTION DOC 1200 343 EXAMINING_DOCUMENT 598493
ACTION SNIPPET 1200 343 SNIPPET_RELEVANT 501755
ACTION DOC 1200 363 EXAMINING_DOCUMENT 501755
ACTION SNIPPET 1200 363 SNIPPET_RELEVANT 672139
ACTION DOC 1200 383 EXAMINING_DOCUMENT 672139
ACTION SNIPPET 1200 383 SNIPPET_RELEVANT 634105
ACTION DOC 1200 403 EXAMINING_DOCUMENT 634105
ACTION QUERY 1200 413 Calgene Inc. tomato
ACTION SERP 1200 418 EXAMINE_SERP
ACTION SNIPPET 1200 418 SEEN_PREVIOUSLY 688200
ACTION SNIPPET 1200 418 SNIPPET_RELEVANT 581098
ACTION DOC 1200 438 EXAMINING_DOCUMENT 581098
ACTION MARK 1200 441 CONSIDERED_RELEVANT 581098
ACTION SNIPPET 1200 441 SNIPPET_RELEVANT 582354
ACTION DOC 1200 461 EXAMINING_DOCUMENT 582354
ACTION SNIPPET 1200 461 SEEN_PREVIOUSLY 827299
ACTION SNIPPET 1200 461 SNIPPET_RELEVANT 771942
ACTION DOC 1200 481 EXAMINING_DOCUMENT 771942
ACTION MARK 1200 484 CONSIDERED_RELEVANT 771942
ACTION SNIPPET 1200 484 SNIPPET_RELEVANT 679258
ACTION DOC 1200 504 EXAMINING_DOCUMENT 679258
ACTION MARK 1200 507 CONSIDERED_RELEVANT 679258
ACTION SNIPPET 1200 507 SEEN_PREVIOUSLY 542584
ACTION SNIPPET 1200 507 SNIPPET_RELEVANT 539820
ACTION DOC 1200 527 EXAMINING_DOCUMENT 539820
ACTION MARK 1200 530 CONSIDERED_RELEVANT 539820
ACTION SNIPPET 1200 530 SEEN_PREVIOUSLY 688180
ACTION SNIPPET 1200 530 SNIPPET_RELEVANT 574157
ACTION DOC 1200 550 EXAMINING_DOCUMENT 574157
ACTION QUERY 1200 560 Flavor Saver FDA approval
ACTION SERP 1200 565 EXAMINE_SERP
ACTION SNIPPET 1200 565 SNIPPET_RELEVANT 952900
ACTION DOC 1200 585 EXAMINING_DOCUMENT 952900
ACTION SNIPPET 1200 585 SNIPPET_RELEVANT 315974
ACTION DOC 1200 605 EXAMINING_DOCUMENT 315974
ACTION SNIPPET 1200 605 SNIPPET_RELEVANT 1381013
ACTION DOC 1200 625 EXAMINING_DOCUMENT 1381013
ACTION SNIPPET 1200 625 SNIPPET_RELEVANT 1334710
ACTION DOC 1200 645 EXAMINING_DOCUMENT 1334710
ACTION SNIPPET 1200 645 SNIPPET_RELEVANT 929717
ACTION DOC 1200 665 EXAMINING_DOCUMENT 929717
ACTION SNIPPET 1200 665 SNIPPET_RELEVANT 1458925
ACTION DOC 1200 685 EXAMINING_DOCUMENT 1458925
ACTION QUERY 1200 695 Calgene Flavr Savr
ACTION SERP 1200 700 EXAMINE_SERP
ACTION SNIPPET 1200 700 SEEN_PREVIOUSLY 827299
ACTION SNIPPET 1200 700 SEEN_PREVIOUSLY 542584
ACTION SNIPPET 1200 700 SEEN_PREVIOUSLY 689070
ACTION SNIPPET 1200 700 SEEN_PREVIOUSLY 688200
ACTION SNIPPET 1200 700 SEEN_PREVIOUSLY 688180
ACTION SNIPPET 1200 700 SEEN_PREVIOUSLY 581098
ACTION SNIPPET 1200 700 SEEN_PREVIOUSLY 679258
ACTION SNIPPET 1200 700 SEEN_PREVIOUSLY 582354
ACTION SNIPPET 1200 700 SNIPPET_RELEVANT 1266995
ACTION DOC 1200 720 EXAMINING_DOCUMENT 1266995
ACTION MARK 1200 723 CONSIDERED_RELEVANT 1266995
ACTION SNIPPET 1200 723 SEEN_PREVIOUSLY 688224
ACTION SNIPPET 1200 723 SNIPPET_RELEVANT 541726
ACTION DOC 1200 743 EXAMINING_DOCUMENT 541726
ACTION SNIPPET 1200 743 SEEN_PREVIOUSLY 771942
ACTION SNIPPET 1200 743 SNIPPET_RELEVANT 882581
ACTION DOC 1200 763 EXAMINING_DOCUMENT 882581
ACTION SNIPPET 1200 763 SNIPPET_RELEVANT 738589
ACTION DOC 1200 783 EXAMINING_DOCUMENT 738589
ACTION SNIPPET 1200 783 SEEN_PREVIOUSLY 616992
ACTION SNIPPET 1200 783 SNIPPET_RELEVANT 647567
ACTION DOC 1200 803 EXAMINING_DOCUMENT 647567
ACTION SNIPPET 1200 803 SNIPPET_RELEVANT 30704
ACTION DOC 1200 823 EXAMINING_DOCUMENT 30704
ACTION QUERY 1200 833 genetically modified tomato
ACTION SERP 1200 838 EXAMINE_SERP
ACTION SNIPPET 1200 838 SNIPPET_RELEVANT 1208551
ACTION DOC 1200 858 EXAMINING_DOCUMENT 1208551
ACTION SNIPPET 1200 858 SNIPPET_RELEVANT 1392921
ACTION DOC 1200 878 EXAMINING_DOCUMENT 1392921
ACTION SNIPPET 1200 878 SEEN_PREVIOUSLY 541726
ACTION SNIPPET 1200 878 SNIPPET_RELEVANT 1174415
ACTION DOC 1200 898 EXAMINING_DOCUMENT 1174415
ACTION SNIPPET 1200 898 SNIPPET_RELEVANT 1276082
ACTION DOC 1200 918 EXAMINING_DOCUMENT 1276082
ACTION SNIPPET 1200 918 SNIPPET_RELEVANT 1644796
ACTION DOC 1200 938 EXAMINING_DOCUMENT 1644796
ACTION SNIPPET 1200 938 SNIPPET_RELEVANT 911143
ACTION DOC 1200 958 EXAMINING_DOCUMENT 911143
ACTION QUERY 1200 968 Genetically modified tomato
ACTION SERP 1200 973 EXAMINE_SERP
ACTION SNIPPET 1200 973 SEEN_PREVIOUSLY 1208551
ACTION SNIPPET 1200 973 SEEN_PREVIOUSLY 1392921
ACTION SNIPPET 1200 973 SEEN_PREVIOUSLY 541726
ACTION SNIPPET 1200 973 SEEN_PREVIOUSLY 1174415
ACTION SNIPPET 1200 973 SEEN_PREVIOUSLY 1276082
ACTION SNIPPET 1200 973 SEEN_PREVIOUSLY 1644796
ACTION SNIPPET 1200 973 SEEN_PREVIOUSLY 911143
ACTION SNIPPET 1200 973 SNIPPET_RELEVANT 1271937
ACTION DOC 1200 993 EXAMINING_DOCUMENT 1271937
ACTION SNIPPET 1200 993 SEEN_PREVIOUSLY 688200
ACTION SNIPPET 1200 993 SNIPPET_RELEVANT 1204830
ACTION DOC 1200 1013 EXAMINING_DOCUMENT 1204830
ACTION SNIPPET 1200 1013 SNIPPET_RELEVANT 284172
ACTION DOC 1200 1033 EXAMINING_DOCUMENT 284172
ACTION SNIPPET 1200 1033 SNIPPET_RELEVANT 1594208
ACTION DOC 1200 1053 EXAMINING_DOCUMENT 1594208
ACTION SNIPPET 1200 1053 SNIPPET_RELEVANT 1033179
ACTION DOC 1200 1073 EXAMINING_DOCUMENT 1033179
ACTION SNIPPET 1200 1073 SNIPPET_RELEVANT 1464024
ACTION DOC 1200 1093 EXAMINING_DOCUMENT 1464024
ACTION QUERY 1200 1103 Flavr Savr FDA approval
ACTION SERP 1200 1108 EXAMINE_SERP
ACTION SNIPPET 1200 1108 SEEN_PREVIOUSLY 688224
ACTION SNIPPET 1200 1108 SEEN_PREVIOUSLY 688180
ACTION SNIPPET 1200 1108 SEEN_PREVIOUSLY 689070
ACTION SNIPPET 1200 1108 SEEN_PREVIOUSLY 542584
ACTION SNIPPET 1200 1108 SEEN_PREVIOUSLY 827299
ACTION SNIPPET 1200 1108 SEEN_PREVIOUSLY 688200
ACTION SNIPPET 1200 1108 SEEN_PREVIOUSLY 679258
ACTION SNIPPET 1200 1108 SEEN_PREVIOUSLY 581098
ACTION SNIPPET 1200 1108 SEEN_PREVIOUSLY 582354
ACTION SNIPPET 1200 1108 SEEN_PREVIOUSLY 1266995
ACTION SNIPPET 1200 1108 SEEN_PREVIOUSLY 738589
ACTION SNIPPET 1200 1108 SEEN_PREVIOUSLY 541726
ACTION SNIPPET 1200 1108 SEEN_PREVIOUSLY 882581
ACTION SNIPPET 1200 1108 SEEN_PREVIOUSLY 771942
ACTION SNIPPET 1200 1108 SEEN_PREVIOUSLY 952900
ACTION SNIPPET 1200 1108 SEEN_PREVIOUSLY 315974
ACTION SNIPPET 1200 1108 SNIPPET_RELEVANT 679243
ACTION DOC 1200 1128 EXAMINING_DOCUMENT 679243
ACTION SNIPPET 1200 1128 SEEN_PREVIOUSLY 647567
ACTION SNIPPET 1200 1128 SEEN_PREVIOUSLY 1381013
ACTION SNIPPET 1200 1128 SEEN_PREVIOUSLY 1334710
ACTION SNIPPET 1200 1128 SNIPPET_RELEVANT 1512519
ACTION DOC 1200 1148 EXAMINING_DOCUMENT 1512519
ACTION SNIPPET 1200 1148 SEEN_PREVIOUSLY 1644796
ACTION SNIPPET 1200 1148 SEEN_PREVIOUSLY 616992
ACTION SNIPPET 1200 1148 SEEN_PREVIOUSLY 929717
ACTION SNIPPET 1200 1148 SEEN_PREVIOUSLY 1458925
ACTION SNIPPET 1200 1148 SNIPPET_RELEVANT 842937
ACTION DOC 1200 1168 EXAMINING_DOCUMENT 842937
ACTION SNIPPET 1200 1168 SNIPPET_RELEVANT 1534789
ACTION DOC 1200 1188 EXAMINING_DOCUMENT 1534789
ACTION SNIPPET 1200 1188 SNIPPET_RELEVANT 1583106
ACTION DOC 1200 1208 EXAMINING_DOCUMENT 1583106
INFO SUMMARY 
INFO TOTAL_QUERIES_ISSUED 9
INFO TOTAL_SNIPPETS_EXAMINED 100
INFO TOTAL_DOCUMENTS_EXAMINED 52
INFO TOTAL_DOCUMENTS_MARKED_RELEVANT 11
INFO TOTAL_ATTRACTIVE_SERP_IMPRESSIONS 9
INFO TOTAL_UNATTRACTIVE_SERP_IMPRESSIONS 0
