ACTION START 1200 0 START
ACTION QUERY 1200 10 inventions
ACTION SERP 1200 15 EXAMINE_SERP
ACTION SNIPPET 1200 15 SNIPPET_RELEVANT 398288
ACTION DOC 1200 35 EXAMINING_DOCUMENT 398288
ACTION MARK 1200 38 CONSIDERED_RELEVANT 398288
ACTION SNIPPET 1200 38 SNIPPET_RELEVANT 24735
ACTION DOC 1200 58 EXAMINING_DOCUMENT 24735
ACTION MARK 1200 61 CONSIDERED_RELEVANT 24735
ACTION SNIPPET 1200 61 SNIPPET_RELEVANT 350357
ACTION DOC 1200 81 EXAMINING_DOCUMENT 350357
ACTION MARK 1200 84 CONSIDERED_RELEVANT 350357
ACTION SNIPPET 1200 84 SNIPPET_RELEVANT 13667
ACTION DOC 1200 104 EXAMINING_DOCUMENT 13667
ACTION MARK 1200 107 CONSIDERED_RELEVANT 13667
ACTION SNIPPET 1200 107 SNIPPET_RELEVANT 1012839
ACTION DOC 1200 127 EXAMINING_DOCUMENT 1012839
ACTION MARK 1200 130 CONSIDERED_RELEVANT 1012839
ACTION QUERY 1200 140 scientific discoveries
ACTION SERP 1200 145 EXAMINE_SERP
ACTION SNIPPET 1200 145 SNIPPET_RELEVANT 1779144
ACTION DOC 1200 165 EXAMINING_DOCUMENT 1779144
ACTION MARK 1200 168 CONSIDERED_RELEVANT 1779144
ACTION SNIPPET 1200 168 SNIPPET_RELEVANT 1276458
ACTION DOC 1200 188 EXAMINING_DOCUMENT 1276458
ACTION SNIPPET 1200 188 SNIPPET_RELEVANT 1215933
ACTION DOC 1200 208 EXAMINING_DOCUMENT 1215933
ACTION SNIPPET 1200 208 SNIPPET_RELEVANT 867693
ACTION DOC 1200 228 EXAMINING_DOCUMENT 867693
ACTION MARK 1200 231 CONSIDERED_RELEVANT 867693
ACTION SNIPPET 1200 231 SNIPPET_RELEVANT 676766
ACTION DOC 1200 251 EXAMINING_DOCUMENT 676766
ACTION SNIPPET 1200 251 SNIPPET_RELEVANT 1605095
ACTION DOC 1200 271 EXAMINING_DOCUMENT 1605095
ACTION MARK 1200 274 CONSIDERED_RELEVANT 1605095
ACTION QUERY 1200 284 new technology
ACTION SERP 1200 289 EXAMINE_SERP
ACTION SNIPPET 1200 289 SNIPPET_RELEVANT 144210
ACTION DOC 1200 309 EXAMINING_DOCUMENT 144210
ACTION MARK 1200 312 CONSIDERED_RELEVANT 144210
ACTION SNIPPET 1200 312 SNIPPET_RELEVANT 292361
ACTION DOC 1200 332 EXAMINING_DOCUMENT 292361
ACTION MARK 1200 335 CONSIDERED_RELEVANT 292361
ACTION SNIPPET 1200 335 SNIPPET_RELEVANT 352068
ACTION DOC 1200 355 EXAMINING_DOCUMENT 352068
ACTION MARK 1200 358 CONSIDERED_RELEVANT 352068
ACTION SNIPPET 1200 358 SNIPPET_RELEVANT 863964
ACTION DOC 1200 378 EXAMINING_DOCUMENT 863964
ACTION SNIPPET 1200 378 SNIPPET_RELEVANT 1523243
ACTION DOC 1200 398 EXAMINING_DOCUMENT 1523243
ACTION SNIPPET 1200 398 SNIPPET_RELEVANT 345787
ACTION DOC 1200 418 EXAMINING_DOCUMENT 345787
ACTION MARK 1200 421 CONSIDERED_RELEVANT 345787
ACTION QUERY 1200 431 latest inventions
ACTION SERP 1200 436 EXAMINE_SERP
ACTION SNIPPET 1200 436 SNIPPET_RELEVANT 354550
ACTION DOC 1200 456 EXAMINING_DOCUMENT 354550
ACTION MARK 1200 459 CONSIDERED_RELEVANT 354550
ACTION SNIPPET 1200 459 SNIPPET_RELEVANT 178247
ACTION DOC 1200 479 EXAMINING_DOCUMENT 178247
ACTION MARK 1200 482 CONSIDERED_RELEVANT 178247
ACTION SNIPPET 1200 482 SNIPPET_RELEVANT 500087
ACTION DOC 1200 502 EXAMINING_DOCUMENT 500087
ACTION SNIPPET 1200 502 SNIPPET_RELEVANT 20544
ACTION DOC 1200 522 EXAMINING_DOCUMENT 20544
ACTION SNIPPET 1200 522 SNIPPET_RELEVANT 234157
ACTION DOC 1200 542 EXAMINING_DOCUMENT 234157
ACTION SNIPPET 1200 542 SNIPPET_RELEVANT 137953
ACTION DOC 1200 562 EXAMINING_DOCUMENT 137953
ACTION QUERY 1200 572 science news
ACTION SERP 1200 577 EXAMINE_SERP
ACTION SNIPPET 1200 577 SNIPPET_RELEVANT 1390333
ACTION DOC 1200 597 EXAMINING_DOCUMENT 1390333
ACTION SNIPPET 1200 597 SNIPPET_RELEVANT 1408788
ACTION DOC 1200 617 EXAMINING_DOCUMENT 1408788
ACTION MARK 1200 620 CONSIDERED_RELEVANT 1408788
ACTION SNIPPET 1200 620 SNIPPET_RELEVANT 855076
ACTION DOC 1200 640 EXAMINING_DOCUMENT 855076
ACTION SNIPPET 1200 640 SNIPPET_RELEVANT 432612
ACTION DOC 1200 660 EXAMINING_DOCUMENT 432612
ACTION MARK 1200 663 CONSIDERED_RELEVANT 432612
ACTION SNIPPET 1200 663 SNIPPET_RELEVANT 1062948
ACTION DOC 1200 683 EXAMINING_DOCUMENT 1062948
ACTION SNIPPET 1200 683 SNIPPET_RELEVANT 384042
ACTION DOC 1200 703 EXAMINING_DOCUMENT 384042
ACTION QUERY 1200 713 breakthroughs
ACTION SERP 1200 718 EXAMINE_SERP
ACTION SNIPPET 1200 718 SNIPPET_RELEVANT 1534406
ACTION DOC 1200 738 EXAMINING_DOCUMENT 1534406
ACTION MARK 1200 741 CONSIDERED_RELEVANT 1534406
ACTION SNIPPET 1200 741 SNIPPET_RELEVANT 1175073
ACTION DOC 1200 761 EXAMINING_DOCUMENT 1175073
ACTION SNIPPET 1200 761 SNIPPET_RELEVANT 336993
ACTION DOC 1200 781 EXAMINING_DOCUMENT 336993
ACTION MARK 1200 784 CONSIDERED_RELEVANT 336993
ACTION SNIPPET 1200 784 SNIPPET_RELEVANT 160866
ACTION DOC 1200 804 EXAMINING_DOCUMENT 160866
ACTION SNIPPET 1200 804 SNIPPET_RELEVANT 1021528
ACTION DOC 1200 824 EXAMINING_DOCUMENT 1021528
ACTION SNIPPET 1200 824 SNIPPET_RELEVANT 242923
ACTION DOC 1200 844 EXAMINING_DOCUMENT 242923
ACTION MARK 1200 847 CONSIDERED_RELEVANT 242923
ACTION QUERY 1200 857 innovations
ACTION SERP 1200 862 EXAMINE_SERP
ACTION SNIPPET 1200 862 SNIPPET_RELEVANT 1728884
ACTION DOC 1200 882 EXAMINING_DOCUMENT 1728884
ACTION MARK 1200 885 CONSIDERED_RELEVANT 1728884
ACTION SNIPPET 1200 885 SNIPPET_RELEVANT 1112679
ACTION DOC 1200 905 EXAMINING_DOCUMENT 1112679
ACTION SNIPPET 1200 905 SNIPPET_RELEVANT 1828866
ACTION DOC 1200 925 EXAMINING_DOCUMENT 1828866
ACTION MARK 1200 928 CONSIDERED_RELEVANT 1828866
ACTION SNIPPET 1200 928 SNIPPET_RELEVANT 1002673
ACTION DOC 1200 948 EXAMINING_DOCUMENT 1002673
ACTION MARK 1200 951 CONSIDERED_RELEVANT 1002673
ACTION SNIPPET 1200 951 SNIPPET_RELEVANT 1019805
ACTION DOC 1200 971 EXAMINING_DOCUMENT 1019805
ACTION SNIPPET 1200 971 SNIPPET_RELEVANT 1565488
ACTION DOC 1200 991 EXAMINING_DOCUMENT 1565488
ACTION QUERY 1200 1001 discovery
ACTION SERP 1200 1006 EXAMINE_SERP
ACTION SNIPPET 1200 1006 SNIPPET_RELEVANT 827690
ACTION DOC 1200 1026 EXAMINING_DOCUMENT 827690
ACTION SNIPPET 1200 1026 SNIPPET_RELEVANT 1381677
ACTION DOC 1200 1046 EXAMINING_DOCUMENT 1381677
ACTION SNIPPET 1200 1046 SNIPPET_RELEVANT 1824206
ACTION DOC 1200 1066 EXAMINING_DOCUMENT 1824206
ACTION SNIPPET 1200 1066 SNIPPET_RELEVANT 453489
ACTION DOC 1200 1086 EXAMINING_DOCUMENT 453489
ACTION SNIPPET 1200 1086 SNIPPET_RELEVANT 366380
ACTION DOC 1200 1106 EXAMINING_DOCUMENT 366380
ACTION SNIPPET 1200 1106 SNIPPET_RELEVANT 879801
ACTION DOC 1200 1126 EXAMINING_DOCUMENT 879801
ACTION QUERY 1200 1136 research findings
ACTION SERP 1200 1141 EXAMINE_SERP
ACTION SNIPPET 1200 1141 SNIPPET_RELEVANT 179525
ACTION DOC 1200 1161 EXAMINING_DOCUMENT 179525
ACTION SNIPPET 1200 1161 SNIPPET_RELEVANT 259068
ACTION DOC 1200 1181 EXAMINING_DOCUMENT 259068
ACTION MARK 1200 1184 CONSIDERED_RELEVANT 259068
ACTION SNIPPET 1200 1184 SNIPPET_RELEVANT 44317
ACTION DOC 1200 1204 EXAMINING_DOCUMENT 44317
INFO SUMMARY 
INFO TOTAL_QUERIES_ISSUED 9
INFO TOTAL_SNIPPETS_EXAMINED 50
INFO TOTAL_DOCUMENTS_EXAMINED 50
INFO TOTAL_DOCUMENTS_MARKED_RELEVANT 24
INFO TOTAL_ATTRACTIVE_SERP_IMPRESSIONS 9
INFO TOTAL_UNATTRACTIVE_SERP_IMPRESSIONS 0
