ACTION START 1200 0 START
ACTION QUERY 1200 10 inventions 1990s
ACTION SERP 1200 15 EXAMINE_SERP
ACTION SNIPPET 1200 15 SNIPPET_RELEVANT 336758
ACTION DOC 1200 35 EXAMINING_DOCUMENT 336758
ACTION SNIPPET 1200 35 SNIPPET_RELEVANT 394082
ACTION DOC 1200 55 EXAMINING_DOCUMENT 394082
ACTION SNIPPET 1200 55 SNIPPET_RELEVANT 254339
ACTION DOC 1200 75 EXAMINING_DOCUMENT 254339
ACTION SNIPPET 1200 75 SNIPPET_RELEVANT 500087
ACTION DOC 1200 95 EXAMINING_DOCUMENT 500087
ACTION SNIPPET 1200 95 SNIPPET_RELEVANT 492603
ACTION DOC 1200 115 EXAMINING_DOCUMENT 492603
ACTION SNIPPET 1200 115 SNIPPET_RELEVANT 454358
ACTION DOC 1200 135 EXAMINING_DOCUMENT 454358
ACTION QUERY 1200 145 scientific discoveries recent
ACTION SERP 1200 150 EXAMINE_SERP
ACTION SNIPPET 1200 150 SNIPPET_RELEVANT 1215933
ACTION DOC 1200 170 EXAMINING_DOCUMENT 1215933
ACTION SNIPPET 1200 170 SNIPPET_RELEVANT 1100730
ACTION DOC 1200 190 EXAMINING_DOCUMENT 1100730
ACTION SNIPPET 1200 190 SNIPPET_RELEVANT 1779144
ACTION DOC 1200 210 EXAMINING_DOCUMENT 1779144
ACTION SNIPPET 1200 210 SNIPPET_RELEVANT 340618
ACTION DOC 1200 230 EXAMINING_DOCUMENT 340618
ACTION SNIPPET 1200 230 SNIPPET_RELEVANT 666818
ACTION DOC 1200 250 EXAMINING_DOCUMENT 666818
ACTION SNIPPET 1200 250 SNIPPET_RELEVANT 1319590
ACTION DOC 1200 270 EXAMINING_DOCUMENT 1319590
ACTION MARK 1200 273 CONSIDERED_RELEVANT 1319590
ACTION QUERY 1200 283 new technology developments
ACTION SERP 1200 288 EXAMINE_SERP
ACTION SNIPPET 1200 288 SNIPPET_RELEVANT 538339
ACTION DOC 1200 308 EXAMINING_DOCUMENT 538339
ACTION MARK 1200 311 CONSIDERED_RELEVANT 538339
ACTION SNIPPET 1200 311 SNIPPET_RELEVANT 224680
ACTION DOC 1200 331 EXAMINING_DOCUMENT 224680
ACTION SNIPPET 1200 331 SNIPPET_RELEVANT 427742
ACTION DOC 1200 351 EXAMINING_DOCUMENT 427742
ACTION SNIPPET 1200 351 SNIPPET_RELEVANT 1365338
ACTION DOC 1200 371 EXAMINING_DOCUMENT 1365338
ACTION SNIPPET 1200 371 SNIPPET_RELEVANT 1503700
ACTION DOC 1200 391 EXAMINING_DOCUMENT 1503700
ACTION MARK 1200 394 CONSIDERED_RELEVANT 1503700
ACTION SNIPPET 1200 394 SNIPPET_RELEVANT 1290589
ACTION DOC 1200 414 EXAMINING_DOCUMENT 1290589
ACTION MARK 1200 417 CONSIDERED_RELEVANT 1290589
ACTION QUERY 1200 427 patented inventions
ACTION SERP 1200 432 EXAMINE_SERP
ACTION SNIPPET 1200 432 SNIPPET_RELEVANT 170836
ACTION DOC 1200 452 EXAMINING_DOCUMENT 170836
ACTION MARK 1200 455 CONSIDERED_RELEVANT 170836
ACTION SNIPPET 1200 455 SNIPPET_RELEVANT 967012
ACTION DOC 1200 475 EXAMINING_DOCUMENT 967012
ACTION MARK 1200 478 CONSIDERED_RELEVANT 967012
ACTION SNIPPET 1200 478 SNIPPET_RELEVANT 226292
ACTION DOC 1200 498 EXAMINING_DOCUMENT 226292
ACTION MARK 1200 501 CONSIDERED_RELEVANT 226292
ACTION SNIPPET 1200 501 SNIPPET_RELEVANT 385742
ACTION DOC 1200 521 EXAMINING_DOCUMENT 385742
ACTION MARK 1200 524 CONSIDERED_RELEVANT 385742
ACTION SNIPPET 1200 524 SNIPPET_RELEVANT 573092
ACTION DOC 1200 544 EXAMINING_DOCUMENT 573092
ACTION MARK 1200 547 CONSIDERED_RELEVANT 573092
ACTION QUERY 1200 557 patent law
ACTION SERP 1200 562 EXAMINE_SERP
ACTION SNIPPET 1200 562 SNIPPET_RELEVANT 573091
ACTION DOC 1200 582 EXAMINING_DOCUMENT 573091
ACTION MARK 1200 585 CONSIDERED_RELEVANT 573091
ACTION SNIPPET 1200 585 SNIPPET_RELEVANT 1723667
ACTION DOC 1200 605 EXAMINING_DOCUMENT 1723667
ACTION MARK 1200 608 CONSIDERED_RELEVANT 1723667
ACTION SNIPPET 1200 608 SNIPPET_RELEVANT 1523363
ACTION DOC 1200 628 EXAMINING_DOCUMENT 1523363
ACTION SNIPPET 1200 628 SNIPPET_RELEVANT 718835
ACTION DOC 1200 648 EXAMINING_DOCUMENT 718835
ACTION SNIPPET 1200 648 SNIPPET_RELEVANT 1397539
ACTION DOC 1200 668 EXAMINING_DOCUMENT 1397539
ACTION MARK 1200 671 CONSIDERED_RELEVANT 1397539
ACTION SNIPPET 1200 671 SNIPPET_RELEVANT 1369503
ACTION DOC 1200 691 EXAMINING_DOCUMENT 1369503
ACTION MARK 1200 694 CONSIDERED_RELEVANT 1369503
ACTION QUERY 1200 704 patent law applications
ACTION SERP 1200 709 EXAMINE_SERP
ACTION SNIPPET 1200 709 SNIPPET_RELEVANT 1252482
ACTION DOC 1200 729 EXAMINING_DOCUMENT 1252482
ACTION MARK 1200 732 CONSIDERED_RELEVANT 1252482
ACTION SNIPPET 1200 732 SNIPPET_RELEVANT 1282624
ACTION DOC 1200 752 EXAMINING_DOCUMENT 1282624
ACTION MARK 1200 755 CONSIDERED_RELEVANT 1282624
ACTION SNIPPET 1200 755 SEEN_PREVIOUSLY 1397539
ACTION SNIPPET 1200 755 SNIPPET_RELEVANT 737242
ACTION DOC 1200 775 EXAMINING_DOCUMENT 737242
ACTION MARK 1200 778 CONSIDERED_RELEVANT 737242
ACTION SNIPPET 1200 778 SNIPPET_RELEVANT 1852746
ACTION DOC 1200 798 EXAMINING_DOCUMENT 1852746
ACTION MARK 1200 801 CONSIDERED_RELEVANT 1852746
ACTION SNIPPET 1200 801 SNIPPET_RELEVANT 1302864
ACTION DOC 1200 821 EXAMINING_DOCUMENT 1302864
ACTION MARK 1200 824 CONSIDERED_RELEVANT 1302864
ACTION QUERY 1200 834 patent law changes
ACTION SERP 1200 839 EXAMINE_SERP
ACTION SNIPPET 1200 839 SNIPPET_RELEVANT 664173
ACTION DOC 1200 859 EXAMINING_DOCUMENT 664173
ACTION MARK 1200 862 CONSIDERED_RELEVANT 664173
ACTION SNIPPET 1200 862 SNIPPET_RELEVANT 834457
ACTION DOC 1200 882 EXAMINING_DOCUMENT 834457
ACTION MARK 1200 885 CONSIDERED_RELEVANT 834457
ACTION SNIPPET 1200 885 SEEN_PREVIOUSLY 1302864
ACTION SNIPPET 1200 885 SNIPPET_RELEVANT 783910
ACTION DOC 1200 905 EXAMINING_DOCUMENT 783910
ACTION MARK 1200 908 CONSIDERED_RELEVANT 783910
ACTION SNIPPET 1200 908 SEEN_PREVIOUSLY 1852746
ACTION SNIPPET 1200 908 SEEN_PREVIOUSLY 1397539
ACTION SNIPPET 1200 908 SNIPPET_RELEVANT 706701
ACTION DOC 1200 928 EXAMINING_DOCUMENT 706701
ACTION MARK 1200 931 CONSIDERED_RELEVANT 706701
ACTION SNIPPET 1200 931 SEEN_PREVIOUSLY 1252482
ACTION SNIPPET 1200 931 SNIPPET_RELEVANT 744442
ACTION DOC 1200 951 EXAMINING_DOCUMENT 744442
ACTION MARK 1200 954 CONSIDERED_RELEVANT 744442
ACTION QUERY 1200 964 patent law updates
ACTION SERP 1200 969 EXAMINE_SERP
ACTION SNIPPET 1200 969 SEEN_PREVIOUSLY 385742
ACTION SNIPPET 1200 969 SNIPPET_RELEVANT 261038
ACTION DOC 1200 989 EXAMINING_DOCUMENT 261038
ACTION MARK 1200 992 CONSIDERED_RELEVANT 261038
ACTION SNIPPET 1200 992 SNIPPET_RELEVANT 459409
ACTION DOC 1200 1012 EXAMINING_DOCUMENT 459409
ACTION MARK 1200 1015 CONSIDERED_RELEVANT 459409
ACTION SNIPPET 1200 1015 SEEN_PREVIOUSLY 1282624
ACTION SNIPPET 1200 1015 SNIPPET_RELEVANT 1057133
ACTION DOC 1200 1035 EXAMINING_DOCUMENT 1057133
ACTION SNIPPET 1200 1035 SNIPPET_RELEVANT 1344893
ACTION DOC 1200 1055 EXAMINING_DOCUMENT 1344893
ACTION MARK 1200 1058 CONSIDERED_RELEVANT 1344893
ACTION SNIPPET 1200 1058 SNIPPET_RELEVANT 1390037
ACTION DOC 1200 1078 EXAMINING_DOCUMENT 1390037
ACTION SNIPPET 1200 1078 SNIPPET_RELEVANT 858445
ACTION DOC 1200 1098 EXAMINING_DOCUMENT 858445
ACTION MARK 1200 1101 CONSIDERED_RELEVANT 858445
ACTION QUERY 1200 1111 intellectual property news
ACTION SERP 1200 1116 EXAMINE_SERP
ACTION SNIPPET 1200 1116 SNIPPET_RELEVANT 1671804
ACTION DOC 1200 1136 EXAMINING_DOCUMENT 1671804
ACTION SNIPPET 1200 1136 SNIPPET_RELEVANT 1431871
ACTION DOC 1200 1156 EXAMINING_DOCUMENT 1431871
ACTION SNIPPET 1200 1156 SNIPPET_RELEVANT 1323996
ACTION DOC 1200 1176 EXAMINING_DOCUMENT 1323996
ACTION SNIPPET 1200 1176 SNIPPET_RELEVANT 1847513
ACTION DOC 1200 1196 EXAMINING_DOCUMENT 1847513
ACTION MARK 1200 1199 CONSIDERED_RELEVANT 1847513
ACTION SNIPPET 1200 1199 SNIPPET_RELEVANT 1726062
ACTION DOC 1200 1219 EXAMINING_DOCUMENT 1726062
INFO SUMMARY 
INFO TOTAL_QUERIES_ISSUED 9
INFO TOTAL_SNIPPETS_EXAMINED 57
INFO TOTAL_DOCUMENTS_EXAMINED 50
INFO TOTAL_DOCUMENTS_MARKED_RELEVANT 29
INFO TOTAL_ATTRACTIVE_SERP_IMPRESSIONS 9
INFO TOTAL_UNATTRACTIVE_SERP_IMPRESSIONS 0
