ACTION START 1200 0 START
ACTION QUERY 1200 10 human stampede
ACTION SERP 1200 15 EXAMINE_SERP
ACTION SNIPPET 1200 15 SNIPPET_RELEVANT 1315825
ACTION DOC 1200 35 EXAMINING_DOCUMENT 1315825
ACTION SNIPPET 1200 35 SNIPPET_RELEVANT 1450252
ACTION DOC 1200 55 EXAMINING_DOCUMENT 1450252
ACTION MARK 1200 58 CONSIDERED_RELEVANT 1450252
ACTION SNIPPET 1200 58 SNIPPET_RELEVANT 818047
ACTION DOC 1200 78 EXAMINING_DOCUMENT 818047
ACTION MARK 1200 81 CONSIDERED_RELEVANT 818047
ACTION SNIPPET 1200 81 SNIPPET_RELEVANT 492316
ACTION DOC 1200 101 EXAMINING_DOCUMENT 492316
ACTION SNIPPET 1200 101 SNIPPET_RELEVANT 1698991
ACTION DOC 1200 121 EXAMINING_DOCUMENT 1698991
ACTION MARK 1200 124 CONSIDERED_RELEVANT 1698991
ACTION SNIPPET 1200 124 SNIPPET_RELEVANT 363729
ACTION DOC 1200 144 EXAMINING_DOCUMENT 363729
ACTION QUERY 1200 154 deadly stampede
ACTION SERP 1200 159 EXAMINE_SERP
ACTION SNIPPET 1200 159 SNIPPET_RELEVANT 1004585
ACTION DOC 1200 179 EXAMINING_DOCUMENT 1004585
ACTION MARK 1200 182 CONSIDERED_RELEVANT 1004585
ACTION SNIPPET 1200 182 SNIPPET_RELEVANT 923509
ACTION DOC 1200 202 EXAMINING_DOCUMENT 923509
ACTION MARK 1200 205 CONSIDERED_RELEVANT 923509
ACTION SNIPPET 1200 205 SNIPPET_RELEVANT 502323
ACTION DOC 1200 225 EXAMINING_DOCUMENT 502323
ACTION MARK 1200 228 CONSIDERED_RELEVANT 502323
ACTION SNIPPET 1200 228 SNIPPET_RELEVANT 1699122
ACTION DOC 1200 248 EXAMINING_DOCUMENT 1699122
ACTION MARK 1200 251 CONSIDERED_RELEVANT 1699122
ACTION SNIPPET 1200 251 SNIPPET_RELEVANT 969981
ACTION DOC 1200 271 EXAMINING_DOCUMENT 969981
ACTION MARK 1200 274 CONSIDERED_RELEVANT 969981
ACTION QUERY 1200 284 crowd control incidents
ACTION SERP 1200 289 EXAMINE_SERP
ACTION SNIPPET 1200 289 SNIPPET_RELEVANT 313892
ACTION DOC 1200 309 EXAMINING_DOCUMENT 313892
ACTION SNIPPET 1200 309 SNIPPET_RELEVANT 1028769
ACTION DOC 1200 329 EXAMINING_DOCUMENT 1028769
ACTION MARK 1200 332 CONSIDERED_RELEVANT 1028769
ACTION SNIPPET 1200 332 SNIPPET_RELEVANT 525435
ACTION DOC 1200 352 EXAMINING_DOCUMENT 525435
ACTION SNIPPET 1200 352 SNIPPET_RELEVANT 1116780
ACTION DOC 1200 372 EXAMINING_DOCUMENT 1116780
ACTION SNIPPET 1200 372 SNIPPET_RELEVANT 144805
ACTION DOC 1200 392 EXAMINING_DOCUMENT 144805
ACTION SNIPPET 1200 392 SNIPPET_RELEVANT 33686
ACTION DOC 1200 412 EXAMINING_DOCUMENT 33686
ACTION MARK 1200 415 CONSIDERED_RELEVANT 33686
ACTION QUERY 1200 425 crowd control issues
ACTION SERP 1200 430 EXAMINE_SERP
ACTION SNIPPET 1200 430 SNIPPET_RELEVANT 549564
ACTION DOC 1200 450 EXAMINING_DOCUMENT 549564
ACTION SNIPPET 1200 450 SNIPPET_RELEVANT 898927
ACTION DOC 1200 470 EXAMINING_DOCUMENT 898927
ACTION SNIPPET 1200 470 SNIPPET_RELEVANT 71616
ACTION DOC 1200 490 EXAMINING_DOCUMENT 71616
ACTION SNIPPET 1200 490 SNIPPET_RELEVANT 606259
ACTION DOC 1200 510 EXAMINING_DOCUMENT 606259
ACTION SNIPPET 1200 510 SNIPPET_RELEVANT 1623946
ACTION DOC 1200 530 EXAMINING_DOCUMENT 1623946
ACTION SNIPPET 1200 530 SNIPPET_RELEVANT 497143
ACTION DOC 1200 550 EXAMINING_DOCUMENT 497143
ACTION MARK 1200 553 CONSIDERED_RELEVANT 497143
ACTION QUERY 1200 563 stampede safety
ACTION SERP 1200 568 EXAMINE_SERP
ACTION SNIPPET 1200 568 SNIPPET_RELEVANT 365725
ACTION DOC 1200 588 EXAMINING_DOCUMENT 365725
ACTION MARK 1200 591 CONSIDERED_RELEVANT 365725
ACTION SNIPPET 1200 591 SNIPPET_RELEVANT 746477
ACTION DOC 1200 611 EXAMINING_DOCUMENT 746477
ACTION MARK 1200 614 CONSIDERED_RELEVANT 746477
ACTION SNIPPET 1200 614 SNIPPET_RELEVANT 1477242
ACTION DOC 1200 634 EXAMINING_DOCUMENT 1477242
ACTION MARK 1200 637 CONSIDERED_RELEVANT 1477242
ACTION SNIPPET 1200 637 SNIPPET_RELEVANT 1556632
ACTION DOC 1200 657 EXAMINING_DOCUMENT 1556632
ACTION MARK 1200 660 CONSIDERED_RELEVANT 1556632
ACTION SNIPPET 1200 660 SNIPPET_RELEVANT 501017
ACTION DOC 1200 680 EXAMINING_DOCUMENT 501017
ACTION MARK 1200 683 CONSIDERED_RELEVANT 501017
ACTION QUERY 1200 693 public gathering disasters
ACTION SERP 1200 698 EXAMINE_SERP
ACTION SNIPPET 1200 698 SNIPPET_RELEVANT 183851
ACTION DOC 1200 718 EXAMINING_DOCUMENT 183851
ACTION SNIPPET 1200 718 SNIPPET_RELEVANT 1465421
ACTION DOC 1200 738 EXAMINING_DOCUMENT 1465421
ACTION SNIPPET 1200 738 SNIPPET_RELEVANT 1014066
ACTION DOC 1200 758 EXAMINING_DOCUMENT 1014066
ACTION SNIPPET 1200 758 SNIPPET_RELEVANT 1638062
ACTION DOC 1200 778 EXAMINING_DOCUMENT 1638062
ACTION SNIPPET 1200 778 SNIPPET_RELEVANT 1053107
ACTION DOC 1200 798 EXAMINING_DOCUMENT 1053107
ACTION SNIPPET 1200 798 SNIPPET_RELEVANT 922473
ACTION DOC 1200 818 EXAMINING_DOCUMENT 922473
ACTION QUERY 1200 828 stampede casualties
ACTION SERP 1200 833 EXAMINE_SERP
ACTION SNIPPET 1200 833 SNIPPET_RELEVANT 365604
ACTION DOC 1200 853 EXAMINING_DOCUMENT 365604
ACTION MARK 1200 856 CONSIDERED_RELEVANT 365604
ACTION SNIPPET 1200 856 SNIPPET_RELEVANT 163873
ACTION DOC 1200 876 EXAMINING_DOCUMENT 163873
ACTION MARK 1200 879 CONSIDERED_RELEVANT 163873
ACTION SNIPPET 1200 879 SNIPPET_RELEVANT 368880
ACTION DOC 1200 899 EXAMINING_DOCUMENT 368880
ACTION MARK 1200 902 CONSIDERED_RELEVANT 368880
ACTION SNIPPET 1200 902 SEEN_PREVIOUSLY 363729
ACTION SNIPPET 1200 902 SNIPPET_RELEVANT 100763
ACTION DOC 1200 922 EXAMINING_DOCUMENT 100763
ACTION MARK 1200 925 CONSIDERED_RELEVANT 100763
ACTION SNIPPET 1200 925 SNIPPET_RELEVANT 1285941
ACTION DOC 1200 945 EXAMINING_DOCUMENT 1285941
ACTION MARK 1200 948 CONSIDERED_RELEVANT 1285941
ACTION QUERY 1200 958 crowd disaster
ACTION SERP 1200 963 EXAMINE_SERP
ACTION SNIPPET 1200 963 SNIPPET_RELEVANT 214819
ACTION DOC 1200 983 EXAMINING_DOCUMENT 214819
ACTION SNIPPET 1200 983 SNIPPET_RELEVANT 33753
ACTION DOC 1200 1003 EXAMINING_DOCUMENT 33753
ACTION SNIPPET 1200 1003 SNIPPET_RELEVANT 240954
ACTION DOC 1200 1023 EXAMINING_DOCUMENT 240954
ACTION MARK 1200 1026 CONSIDERED_RELEVANT 240954
ACTION SNIPPET 1200 1026 SNIPPET_RELEVANT 1639058
ACTION DOC 1200 1046 EXAMINING_DOCUMENT 1639058
ACTION SNIPPET 1200 1046 SNIPPET_RELEVANT 1139826
ACTION DOC 1200 1066 EXAMINING_DOCUMENT 1139826
ACTION SNIPPET 1200 1066 SNIPPET_RELEVANT 1470209
ACTION DOC 1200 1086 EXAMINING_DOCUMENT 1470209
ACTION QUERY 1200 1096 crowd control failures
ACTION SERP 1200 1101 EXAMINE_SERP
ACTION SNIPPET 1200 1101 SNIPPET_RELEVANT 1593863
ACTION DOC 1200 1121 EXAMINING_DOCUMENT 1593863
ACTION MARK 1200 1124 CONSIDERED_RELEVANT 1593863
ACTION SNIPPET 1200 1124 SNIPPET_RELEVANT 220674
ACTION DOC 1200 1144 EXAMINING_DOCUMENT 220674
ACTION SNIPPET 1200 1144 SNIPPET_RELEVANT 59443
ACTION DOC 1200 1164 EXAMINING_DOCUMENT 59443
ACTION SNIPPET 1200 1164 SNIPPET_RELEVANT 1063438
ACTION DOC 1200 1184 EXAMINING_DOCUMENT 1063438
ACTION SNIPPET 1200 1184 SNIPPET_RELEVANT 1165141
ACTION DOC 1200 1204 EXAMINING_DOCUMENT 1165141
INFO SUMMARY 
INFO TOTAL_QUERIES_ISSUED 9
INFO TOTAL_SNIPPETS_EXAMINED 51
INFO TOTAL_DOCUMENTS_EXAMINED 50
INFO TOTAL_DOCUMENTS_MARKED_RELEVANT 24
INFO TOTAL_ATTRACTIVE_SERP_IMPRESSIONS 9
INFO TOTAL_UNATTRACTIVE_SERP_IMPRESSIONS 0
