ACTION START 1200 0 START
ACTION QUERY 1200 10 food stamps increase
ACTION SERP 1200 15 EXAMINE_SERP
ACTION SNIPPET 1200 15 SNIPPET_RELEVANT 546738
ACTION DOC 1200 35 EXAMINING_DOCUMENT 546738
ACTION MARK 1200 38 CONSIDERED_RELEVANT 546738
ACTION SNIPPET 1200 38 SNIPPET_RELEVANT 378037
ACTION DOC 1200 58 EXAMINING_DOCUMENT 378037
ACTION MARK 1200 61 CONSIDERED_RELEVANT 378037
ACTION SNIPPET 1200 61 SNIPPET_RELEVANT 345231
ACTION DOC 1200 81 EXAMINING_DOCUMENT 345231
ACTION MARK 1200 84 CONSIDERED_RELEVANT 345231
ACTION SNIPPET 1200 84 SNIPPET_RELEVANT 1697024
ACTION DOC 1200 104 EXAMINING_DOCUMENT 1697024
ACTION SNIPPET 1200 104 SNIPPET_RELEVANT 483926
ACTION DOC 1200 124 EXAMINING_DOCUMENT 483926
ACTION MARK 1200 127 CONSIDERED_RELEVANT 483926
ACTION SNIPPET 1200 127 SNIPPET_RELEVANT 747191
ACTION DOC 1200 147 EXAMINING_DOCUMENT 747191
ACTION QUERY 1200 157 food stamp benefits rise
ACTION SERP 1200 162 EXAMINE_SERP
ACTION SNIPPET 1200 162 SEEN_PREVIOUSLY 345231
ACTION SNIPPET 1200 162 SEEN_PREVIOUSLY 747191
ACTION SNIPPET 1200 162 SEEN_PREVIOUSLY 483926
ACTION SNIPPET 1200 162 SNIPPET_RELEVANT 1087831
ACTION DOC 1200 182 EXAMINING_DOCUMENT 1087831
ACTION SNIPPET 1200 182 SNIPPET_RELEVANT 1847164
ACTION DOC 1200 202 EXAMINING_DOCUMENT 1847164
ACTION SNIPPET 1200 202 SNIPPET_RELEVANT 1444144
ACTION DOC 1200 222 EXAMINING_DOCUMENT 1444144
ACTION SNIPPET 1200 222 SNIPPET_RELEVANT 1414563
ACTION DOC 1200 242 EXAMINING_DOCUMENT 1414563
ACTION SNIPPET 1200 242 SNIPPET_RELEVANT 976121
ACTION DOC 1200 262 EXAMINING_DOCUMENT 976121
ACTION MARK 1200 265 CONSIDERED_RELEVANT 976121
ACTION SNIPPET 1200 265 SNIPPET_RELEVANT 164266
ACTION DOC 1200 285 EXAMINING_DOCUMENT 164266
ACTION QUERY 1200 295 SNAP program expansion
ACTION SERP 1200 300 EXAMINE_SERP
ACTION SNIPPET 1200 300 SNIPPET_RELEVANT 1443700
ACTION DOC 1200 320 EXAMINING_DOCUMENT 1443700
ACTION SNIPPET 1200 320 SNIPPET_RELEVANT 593889
ACTION DOC 1200 340 EXAMINING_DOCUMENT 593889
ACTION SNIPPET 1200 340 SNIPPET_RELEVANT 1492646
ACTION DOC 1200 360 EXAMINING_DOCUMENT 1492646
ACTION SNIPPET 1200 360 SNIPPET_RELEVANT 1215832
ACTION DOC 1200 380 EXAMINING_DOCUMENT 1215832
ACTION SNIPPET 1200 380 SNIPPET_RELEVANT 387048
ACTION DOC 1200 400 EXAMINING_DOCUMENT 387048
ACTION SNIPPET 1200 400 SNIPPET_RELEVANT 231397
ACTION DOC 1200 420 EXAMINING_DOCUMENT 231397
ACTION QUERY 1200 430 increase in food aid
ACTION SERP 1200 435 EXAMINE_SERP
ACTION SNIPPET 1200 435 SEEN_PREVIOUSLY 546738
ACTION SNIPPET 1200 435 SEEN_PREVIOUSLY 378037
ACTION SNIPPET 1200 435 SEEN_PREVIOUSLY 345231
ACTION SNIPPET 1200 435 SEEN_PREVIOUSLY 1444144
ACTION SNIPPET 1200 435 SNIPPET_RELEVANT 1717387
ACTION DOC 1200 455 EXAMINING_DOCUMENT 1717387
ACTION SNIPPET 1200 455 SNIPPET_RELEVANT 1643473
ACTION DOC 1200 475 EXAMINING_DOCUMENT 1643473
ACTION SNIPPET 1200 475 SNIPPET_RELEVANT 159159
ACTION DOC 1200 495 EXAMINING_DOCUMENT 159159
ACTION SNIPPET 1200 495 SNIPPET_RELEVANT 1233238
ACTION DOC 1200 515 EXAMINING_DOCUMENT 1233238
ACTION SNIPPET 1200 515 SNIPPET_RELEVANT 84879
ACTION DOC 1200 535 EXAMINING_DOCUMENT 84879
ACTION SNIPPET 1200 535 SNIPPET_RELEVANT 1807830
ACTION DOC 1200 555 EXAMINING_DOCUMENT 1807830
ACTION QUERY 1200 565 food assistance growth
ACTION SERP 1200 570 EXAMINE_SERP
ACTION SNIPPET 1200 570 SNIPPET_RELEVANT 1547237
ACTION DOC 1200 590 EXAMINING_DOCUMENT 1547237
ACTION SNIPPET 1200 590 SNIPPET_RELEVANT 494672
ACTION DOC 1200 610 EXAMINING_DOCUMENT 494672
ACTION SNIPPET 1200 610 SNIPPET_RELEVANT 1141249
ACTION DOC 1200 630 EXAMINING_DOCUMENT 1141249
ACTION SNIPPET 1200 630 SNIPPET_RELEVANT 891886
ACTION DOC 1200 650 EXAMINING_DOCUMENT 891886
ACTION SNIPPET 1200 650 SNIPPET_RELEVANT 346101
ACTION DOC 1200 670 EXAMINING_DOCUMENT 346101
ACTION SNIPPET 1200 670 SEEN_PREVIOUSLY 747191
ACTION SNIPPET 1200 670 SNIPPET_RELEVANT 748788
ACTION DOC 1200 690 EXAMINING_DOCUMENT 748788
ACTION QUERY 1200 700 more people on food stamps
ACTION SERP 1200 705 EXAMINE_SERP
ACTION SNIPPET 1200 705 SEEN_PREVIOUSLY 747191
ACTION SNIPPET 1200 705 SEEN_PREVIOUSLY 1087831
ACTION SNIPPET 1200 705 SNIPPET_RELEVANT 1123307
ACTION DOC 1200 725 EXAMINING_DOCUMENT 1123307
ACTION MARK 1200 728 CONSIDERED_RELEVANT 1123307
ACTION SNIPPET 1200 728 SNIPPET_RELEVANT 1342829
ACTION DOC 1200 748 EXAMINING_DOCUMENT 1342829
ACTION SNIPPET 1200 748 SNIPPET_RELEVANT 746345
ACTION DOC 1200 768 EXAMINING_DOCUMENT 746345
ACTION SNIPPET 1200 768 SEEN_PREVIOUSLY 1847164
ACTION SNIPPET 1200 768 SNIPPET_RELEVANT 1064200
ACTION DOC 1200 788 EXAMINING_DOCUMENT 1064200
ACTION MARK 1200 791 CONSIDERED_RELEVANT 1064200
ACTION SNIPPET 1200 791 SNIPPET_RELEVANT 1756984
ACTION DOC 1200 811 EXAMINING_DOCUMENT 1756984
ACTION MARK 1200 814 CONSIDERED_RELEVANT 1756984
ACTION SNIPPET 1200 814 SNIPPET_RELEVANT 598802
ACTION DOC 1200 834 EXAMINING_DOCUMENT 598802
ACTION MARK 1200 837 CONSIDERED_RELEVANT 598802
ACTION QUERY 1200 847 food stamp eligibility changes
ACTION SERP 1200 852 EXAMINE_SERP
ACTION SNIPPET 1200 852 SEEN_PREVIOUSLY 1123307
ACTION SNIPPET 1200 852 SEEN_PREVIOUSLY 1847164
ACTION SNIPPET 1200 852 SNIPPET_RELEVANT 1000843
ACTION DOC 1200 872 EXAMINING_DOCUMENT 1000843
ACTION SNIPPET 1200 872 SEEN_PREVIOUSLY 1087831
ACTION SNIPPET 1200 872 SNIPPET_RELEVANT 198186
ACTION DOC 1200 892 EXAMINING_DOCUMENT 198186
ACTION SNIPPET 1200 892 SNIPPET_RELEVANT 1638571
ACTION DOC 1200 912 EXAMINING_DOCUMENT 1638571
ACTION MARK 1200 915 CONSIDERED_RELEVANT 1638571
ACTION SNIPPET 1200 915 SNIPPET_RELEVANT 1060859
ACTION DOC 1200 935 EXAMINING_DOCUMENT 1060859
ACTION MARK 1200 938 CONSIDERED_RELEVANT 1060859
ACTION SNIPPET 1200 938 SNIPPET_RELEVANT 1755181
ACTION DOC 1200 958 EXAMINING_DOCUMENT 1755181
ACTION MARK 1200 961 CONSIDERED_RELEVANT 1755181
ACTION SNIPPET 1200 961 SNIPPET_RELEVANT 746341
ACTION DOC 1200 981 EXAMINING_DOCUMENT 746341
ACTION MARK 1200 984 CONSIDERED_RELEVANT 746341
ACTION QUERY 1200 994 expansion of food stamp program
ACTION SERP 1200 999 EXAMINE_SERP
ACTION SNIPPET 1200 999 SNIPPET_RELEVANT 205425
ACTION DOC 1200 1019 EXAMINING_DOCUMENT 205425
ACTION SNIPPET 1200 1019 SNIPPET_RELEVANT 1080369
ACTION DOC 1200 1039 EXAMINING_DOCUMENT 1080369
ACTION SNIPPET 1200 1039 SNIPPET_RELEVANT 93120
ACTION DOC 1200 1059 EXAMINING_DOCUMENT 93120
ACTION SNIPPET 1200 1059 SEEN_PREVIOUSLY 378037
ACTION SNIPPET 1200 1059 SNIPPET_RELEVANT 1273848
ACTION DOC 1200 1079 EXAMINING_DOCUMENT 1273848
ACTION SNIPPET 1200 1079 SNIPPET_RELEVANT 1459482
ACTION DOC 1200 1099 EXAMINING_DOCUMENT 1459482
ACTION SNIPPET 1200 1099 SNIPPET_RELEVANT 726972
ACTION DOC 1200 1119 EXAMINING_DOCUMENT 726972
ACTION QUERY 1200 1129 rise in food stamp recipients
ACTION SERP 1200 1134 EXAMINE_SERP
ACTION SNIPPET 1200 1134 SEEN_PREVIOUSLY 747191
ACTION SNIPPET 1200 1134 SNIPPET_RELEVANT 1452777
ACTION DOC 1200 1154 EXAMINING_DOCUMENT 1452777
ACTION SNIPPET 1200 1154 SEEN_PREVIOUSLY 483926
ACTION SNIPPET 1200 1154 SNIPPET_RELEVANT 910406
ACTION DOC 1200 1174 EXAMINING_DOCUMENT 910406
ACTION MARK 1200 1177 CONSIDERED_RELEVANT 910406
ACTION SNIPPET 1200 1177 SEEN_PREVIOUSLY 546738
ACTION SNIPPET 1200 1177 SEEN_PREVIOUSLY 378037
ACTION SNIPPET 1200 1177 SNIPPET_RELEVANT 753086
ACTION DOC 1200 1197 EXAMINING_DOCUMENT 753086
ACTION SNIPPET 1200 1197 SEEN_PREVIOUSLY 164266
ACTION SNIPPET 1200 1197 SNIPPET_RELEVANT 193204
ACTION DOC 1200 1217 EXAMINING_DOCUMENT 193204
INFO SUMMARY 
INFO TOTAL_QUERIES_ISSUED 9
INFO TOTAL_SNIPPETS_EXAMINED 72
INFO TOTAL_DOCUMENTS_EXAMINED 52
INFO TOTAL_DOCUMENTS_MARKED_RELEVANT 14
INFO TOTAL_ATTRACTIVE_SERP_IMPRESSIONS 9
INFO TOTAL_UNATTRACTIVE_SERP_IMPRESSIONS 0
