ACTION START 1200 0 START
ACTION QUERY 1200 10 ocean sensing
ACTION SERP 1200 15 EXAMINE_SERP
ACTION SNIPPET 1200 15 SNIPPET_RELEVANT 1320163
ACTION DOC 1200 35 EXAMINING_DOCUMENT 1320163
ACTION SNIPPET 1200 35 SNIPPET_RELEVANT 1138107
ACTION DOC 1200 55 EXAMINING_DOCUMENT 1138107
ACTION SNIPPET 1200 55 SNIPPET_RELEVANT 1284281
ACTION DOC 1200 75 EXAMINING_DOCUMENT 1284281
ACTION SNIPPET 1200 75 SNIPPET_RELEVANT 1789550
ACTION DOC 1200 95 EXAMINING_DOCUMENT 1789550
ACTION SNIPPET 1200 95 SNIPPET_RELEVANT 1789752
ACTION DOC 1200 115 EXAMINING_DOCUMENT 1789752
ACTION SNIPPET 1200 115 SNIPPET_RELEVANT 1289079
ACTION DOC 1200 135 EXAMINING_DOCUMENT 1289079
ACTION QUERY 1200 145 remote ocean
ACTION SERP 1200 150 EXAMINE_SERP
ACTION SNIPPET 1200 150 SNIPPET_RELEVANT 1060394
ACTION DOC 1200 170 EXAMINING_DOCUMENT 1060394
ACTION SNIPPET 1200 170 SNIPPET_RELEVANT 402552
ACTION DOC 1200 190 EXAMINING_DOCUMENT 402552
ACTION SNIPPET 1200 190 SNIPPET_RELEVANT 460278
ACTION DOC 1200 210 EXAMINING_DOCUMENT 460278
ACTION SNIPPET 1200 210 SNIPPET_RELEVANT 1752128
ACTION DOC 1200 230 EXAMINING_DOCUMENT 1752128
ACTION MARK 1200 233 CONSIDERED_RELEVANT 1752128
ACTION SNIPPET 1200 233 SNIPPET_RELEVANT 617924
ACTION DOC 1200 253 EXAMINING_DOCUMENT 617924
ACTION SNIPPET 1200 253 SNIPPET_RELEVANT 1160546
ACTION DOC 1200 273 EXAMINING_DOCUMENT 1160546
ACTION MARK 1200 276 CONSIDERED_RELEVANT 1160546
ACTION QUERY 1200 286 sensing technology
ACTION SERP 1200 291 EXAMINE_SERP
ACTION SNIPPET 1200 291 SNIPPET_RELEVANT 134025
ACTION DOC 1200 311 EXAMINING_DOCUMENT 134025
ACTION SNIPPET 1200 311 SNIPPET_RELEVANT 332264
ACTION DOC 1200 331 EXAMINING_DOCUMENT 332264
ACTION SNIPPET 1200 331 SNIPPET_RELEVANT 1723919
ACTION DOC 1200 351 EXAMINING_DOCUMENT 1723919
ACTION SNIPPET 1200 351 SNIPPET_RELEVANT 286005
ACTION DOC 1200 371 EXAMINING_DOCUMENT 286005
ACTION SNIPPET 1200 371 SNIPPET_RELEVANT 430709
ACTION DOC 1200 391 EXAMINING_DOCUMENT 430709
ACTION SNIPPET 1200 391 SNIPPET_RELEVANT 208231
ACTION DOC 1200 411 EXAMINING_DOCUMENT 208231
ACTION QUERY 1200 421 sea surface
ACTION SERP 1200 426 EXAMINE_SERP
ACTION SNIPPET 1200 426 SNIPPET_RELEVANT 1189158
ACTION DOC 1200 446 EXAMINING_DOCUMENT 1189158
ACTION MARK 1200 449 CONSIDERED_RELEVANT 1189158
ACTION SNIPPET 1200 449 SNIPPET_RELEVANT 1102538
ACTION DOC 1200 469 EXAMINING_DOCUMENT 1102538
ACTION SNIPPET 1200 469 SNIPPET_RELEVANT 566943
ACTION DOC 1200 489 EXAMINING_DOCUMENT 566943
ACTION SNIPPET 1200 489 SNIPPET_RELEVANT 782538
ACTION DOC 1200 509 EXAMINING_DOCUMENT 782538
ACTION SNIPPET 1200 509 SNIPPET_RELEVANT 476063
ACTION DOC 1200 529 EXAMINING_DOCUMENT 476063
ACTION SNIPPET 1200 529 SNIPPET_RELEVANT 1129573
ACTION DOC 1200 549 EXAMINING_DOCUMENT 1129573
ACTION QUERY 1200 559 temperature sensing
ACTION SERP 1200 564 EXAMINE_SERP
ACTION SNIPPET 1200 564 SNIPPET_RELEVANT 14596
ACTION DOC 1200 584 EXAMINING_DOCUMENT 14596
ACTION SNIPPET 1200 584 SNIPPET_RELEVANT 1180334
ACTION DOC 1200 604 EXAMINING_DOCUMENT 1180334
ACTION SNIPPET 1200 604 SNIPPET_RELEVANT 416470
ACTION DOC 1200 624 EXAMINING_DOCUMENT 416470
ACTION SNIPPET 1200 624 SNIPPET_RELEVANT 485080
ACTION DOC 1200 644 EXAMINING_DOCUMENT 485080
ACTION SNIPPET 1200 644 SNIPPET_RELEVANT 1648226
ACTION DOC 1200 664 EXAMINING_DOCUMENT 1648226
ACTION SNIPPET 1200 664 SNIPPET_RELEVANT 1502894
ACTION DOC 1200 684 EXAMINING_DOCUMENT 1502894
ACTION QUERY 1200 694 salinity measurement
ACTION SERP 1200 699 EXAMINE_SERP
ACTION SNIPPET 1200 699 SNIPPET_RELEVANT 1446372
ACTION DOC 1200 719 EXAMINING_DOCUMENT 1446372
ACTION SNIPPET 1200 719 SNIPPET_RELEVANT 504258
ACTION DOC 1200 739 EXAMINING_DOCUMENT 504258
ACTION SNIPPET 1200 739 SNIPPET_RELEVANT 1248298
ACTION DOC 1200 759 EXAMINING_DOCUMENT 1248298
ACTION SNIPPET 1200 759 SNIPPET_RELEVANT 838591
ACTION DOC 1200 779 EXAMINING_DOCUMENT 838591
ACTION SNIPPET 1200 779 SNIPPET_RELEVANT 1198629
ACTION DOC 1200 799 EXAMINING_DOCUMENT 1198629
ACTION SNIPPET 1200 799 SNIPPET_RELEVANT 581264
ACTION DOC 1200 819 EXAMINING_DOCUMENT 581264
ACTION QUERY 1200 829 marine monitoring
ACTION SERP 1200 834 EXAMINE_SERP
ACTION SNIPPET 1200 834 SNIPPET_RELEVANT 15647
ACTION DOC 1200 854 EXAMINING_DOCUMENT 15647
ACTION SNIPPET 1200 854 SNIPPET_RELEVANT 42455
ACTION DOC 1200 874 EXAMINING_DOCUMENT 42455
ACTION MARK 1200 877 CONSIDERED_RELEVANT 42455
ACTION SNIPPET 1200 877 SNIPPET_RELEVANT 1035274
ACTION DOC 1200 897 EXAMINING_DOCUMENT 1035274
ACTION SNIPPET 1200 897 SNIPPET_RELEVANT 118326
ACTION DOC 1200 917 EXAMINING_DOCUMENT 118326
ACTION SNIPPET 1200 917 SNIPPET_RELEVANT 251120
ACTION DOC 1200 937 EXAMINING_DOCUMENT 251120
ACTION SNIPPET 1200 937 SNIPPET_RELEVANT 1412106
ACTION DOC 1200 957 EXAMINING_DOCUMENT 1412106
ACTION QUERY 1200 967 satellite imaging
ACTION SERP 1200 972 EXAMINE_SERP
ACTION SNIPPET 1200 972 SNIPPET_RELEVANT 1332702
ACTION DOC 1200 992 EXAMINING_DOCUMENT 1332702
ACTION SNIPPET 1200 992 SNIPPET_RELEVANT 1335123
ACTION DOC 1200 1012 EXAMINING_DOCUMENT 1335123
ACTION SNIPPET 1200 1012 SNIPPET_RELEVANT 865436
ACTION DOC 1200 1032 EXAMINING_DOCUMENT 865436
ACTION SNIPPET 1200 1032 SNIPPET_RELEVANT 203608
ACTION DOC 1200 1052 EXAMINING_DOCUMENT 203608
ACTION MARK 1200 1055 CONSIDERED_RELEVANT 203608
ACTION SNIPPET 1200 1055 SNIPPET_RELEVANT 1145094
ACTION DOC 1200 1075 EXAMINING_DOCUMENT 1145094
ACTION SNIPPET 1200 1075 SNIPPET_RELEVANT 1391272
ACTION DOC 1200 1095 EXAMINING_DOCUMENT 1391272
ACTION QUERY 1200 1105 ocean currents
ACTION SERP 1200 1110 EXAMINE_SERP
ACTION SNIPPET 1200 1110 SNIPPET_RELEVANT 102122
ACTION DOC 1200 1130 EXAMINING_DOCUMENT 102122
ACTION MARK 1200 1133 CONSIDERED_RELEVANT 102122
ACTION SNIPPET 1200 1133 SNIPPET_RELEVANT 1523523
ACTION DOC 1200 1153 EXAMINING_DOCUMENT 1523523
ACTION MARK 1200 1156 CONSIDERED_RELEVANT 1523523
ACTION SNIPPET 1200 1156 SNIPPET_RELEVANT 584186
ACTION DOC 1200 1176 EXAMINING_DOCUMENT 584186
ACTION SNIPPET 1200 1176 SNIPPET_RELEVANT 1151933
ACTION DOC 1200 1196 EXAMINING_DOCUMENT 1151933
ACTION MARK 1200 1199 CONSIDERED_RELEVANT 1151933
ACTION SNIPPET 1200 1199 SNIPPET_RELEVANT 686332
ACTION DOC 1200 1219 EXAMINING_DOCUMENT 686332
INFO SUMMARY 
INFO TOTAL_QUERIES_ISSUED 9
INFO TOTAL_SNIPPETS_EXAMINED 53
INFO TOTAL_DOCUMENTS_EXAMINED 53
INFO TOTAL_DOCUMENTS_MARKED_RELEVANT 9
INFO TOTAL_ATTRACTIVE_SERP_IMPRESSIONS 9
INFO TOTAL_UNATTRACTIVE_SERP_IMPRESSIONS 0
