ACTION START 1200 0 START
ACTION QUERY 1200 10 hydrogen energy research
ACTION SERP 1200 15 EXAMINE_SERP
ACTION SNIPPET 1200 15 SNIPPET_RELEVANT 1497519
ACTION DOC 1200 35 EXAMINING_DOCUMENT 1497519
ACTION MARK 1200 38 CONSIDERED_RELEVANT 1497519
ACTION SNIPPET 1200 38 SNIPPET_RELEVANT 1497518
ACTION DOC 1200 58 EXAMINING_DOCUMENT 1497518
ACTION SNIPPET 1200 58 SNIPPET_RELEVANT 379451
ACTION DOC 1200 78 EXAMINING_DOCUMENT 379451
ACTION MARK 1200 81 CONSIDERED_RELEVANT 379451
ACTION SNIPPET 1200 81 SNIPPET_RELEVANT 755544
ACTION DOC 1200 101 EXAMINING_DOCUMENT 755544
ACTION MARK 1200 104 CONSIDERED_RELEVANT 755544
ACTION SNIPPET 1200 104 SNIPPET_RELEVANT 1843730
ACTION DOC 1200 124 EXAMINING_DOCUMENT 1843730
ACTION MARK 1200 127 CONSIDERED_RELEVANT 1843730
ACTION SNIPPET 1200 127 SNIPPET_RELEVANT 1462427
ACTION DOC 1200 147 EXAMINING_DOCUMENT 1462427
ACTION MARK 1200 150 CONSIDERED_RELEVANT 1462427
ACTION QUERY 1200 160 hydrogen fuel cells
ACTION SERP 1200 165 EXAMINE_SERP
ACTION SNIPPET 1200 165 SNIPPET_RELEVANT 1677826
ACTION DOC 1200 185 EXAMINING_DOCUMENT 1677826
ACTION MARK 1200 188 CONSIDERED_RELEVANT 1677826
ACTION SNIPPET 1200 188 SNIPPET_RELEVANT 1375664
ACTION DOC 1200 208 EXAMINING_DOCUMENT 1375664
ACTION MARK 1200 211 CONSIDERED_RELEVANT 1375664
ACTION SNIPPET 1200 211 SNIPPET_RELEVANT 1301511
ACTION DOC 1200 231 EXAMINING_DOCUMENT 1301511
ACTION MARK 1200 234 CONSIDERED_RELEVANT 1301511
ACTION SNIPPET 1200 234 SNIPPET_RELEVANT 1534757
ACTION DOC 1200 254 EXAMINING_DOCUMENT 1534757
ACTION MARK 1200 257 CONSIDERED_RELEVANT 1534757
ACTION SNIPPET 1200 257 SNIPPET_RELEVANT 478414
ACTION DOC 1200 277 EXAMINING_DOCUMENT 478414
ACTION MARK 1200 280 CONSIDERED_RELEVANT 478414
ACTION QUERY 1200 290 renewable hydrogen production
ACTION SERP 1200 295 EXAMINE_SERP
ACTION SNIPPET 1200 295 SNIPPET_RELEVANT 1461542
ACTION DOC 1200 315 EXAMINING_DOCUMENT 1461542
ACTION MARK 1200 318 CONSIDERED_RELEVANT 1461542
ACTION SNIPPET 1200 318 SNIPPET_RELEVANT 1742839
ACTION DOC 1200 338 EXAMINING_DOCUMENT 1742839
ACTION MARK 1200 341 CONSIDERED_RELEVANT 1742839
ACTION SNIPPET 1200 341 SEEN_PREVIOUSLY 1534757
ACTION SNIPPET 1200 341 SNIPPET_RELEVANT 1470357
ACTION DOC 1200 361 EXAMINING_DOCUMENT 1470357
ACTION MARK 1200 364 CONSIDERED_RELEVANT 1470357
ACTION SNIPPET 1200 364 SNIPPET_RELEVANT 1848545
ACTION DOC 1200 384 EXAMINING_DOCUMENT 1848545
ACTION SNIPPET 1200 384 SEEN_PREVIOUSLY 1462427
ACTION SNIPPET 1200 384 SNIPPET_RELEVANT 1507525
ACTION DOC 1200 404 EXAMINING_DOCUMENT 1507525
ACTION MARK 1200 407 CONSIDERED_RELEVANT 1507525
ACTION SNIPPET 1200 407 SEEN_PREVIOUSLY 755544
ACTION SNIPPET 1200 407 SNIPPET_RELEVANT 1465355
ACTION DOC 1200 427 EXAMINING_DOCUMENT 1465355
ACTION MARK 1200 430 CONSIDERED_RELEVANT 1465355
ACTION QUERY 1200 440 hydrogen fuel cell research
ACTION SERP 1200 445 EXAMINE_SERP
ACTION SNIPPET 1200 445 SEEN_PREVIOUSLY 1462427
ACTION SNIPPET 1200 445 SEEN_PREVIOUSLY 1677826
ACTION SNIPPET 1200 445 SNIPPET_RELEVANT 1392477
ACTION DOC 1200 465 EXAMINING_DOCUMENT 1392477
ACTION MARK 1200 468 CONSIDERED_RELEVANT 1392477
ACTION SNIPPET 1200 468 SEEN_PREVIOUSLY 1461542
ACTION SNIPPET 1200 468 SEEN_PREVIOUSLY 1497519
ACTION SNIPPET 1200 468 SEEN_PREVIOUSLY 1301511
ACTION SNIPPET 1200 468 SNIPPET_RELEVANT 1359484
ACTION DOC 1200 488 EXAMINING_DOCUMENT 1359484
ACTION MARK 1200 491 CONSIDERED_RELEVANT 1359484
ACTION SNIPPET 1200 491 SNIPPET_RELEVANT 1591538
ACTION DOC 1200 511 EXAMINING_DOCUMENT 1591538
ACTION MARK 1200 514 CONSIDERED_RELEVANT 1591538
ACTION SNIPPET 1200 514 SNIPPET_RELEVANT 1146931
ACTION DOC 1200 534 EXAMINING_DOCUMENT 1146931
ACTION MARK 1200 537 CONSIDERED_RELEVANT 1146931
ACTION SNIPPET 1200 537 SEEN_PREVIOUSLY 478414
ACTION SNIPPET 1200 537 SNIPPET_RELEVANT 1460609
ACTION DOC 1200 557 EXAMINING_DOCUMENT 1460609
ACTION MARK 1200 560 CONSIDERED_RELEVANT 1460609
ACTION QUERY 1200 570 controlled hydrogen fusion
ACTION SERP 1200 575 EXAMINE_SERP
ACTION SNIPPET 1200 575 SNIPPET_RELEVANT 236405
ACTION DOC 1200 595 EXAMINING_DOCUMENT 236405
ACTION MARK 1200 598 CONSIDERED_RELEVANT 236405
ACTION SNIPPET 1200 598 SNIPPET_RELEVANT 559415
ACTION DOC 1200 618 EXAMINING_DOCUMENT 559415
ACTION MARK 1200 621 CONSIDERED_RELEVANT 559415
ACTION SNIPPET 1200 621 SNIPPET_RELEVANT 959073
ACTION DOC 1200 641 EXAMINING_DOCUMENT 959073
ACTION MARK 1200 644 CONSIDERED_RELEVANT 959073
ACTION SNIPPET 1200 644 SNIPPET_RELEVANT 234393
ACTION DOC 1200 664 EXAMINING_DOCUMENT 234393
ACTION MARK 1200 667 CONSIDERED_RELEVANT 234393
ACTION SNIPPET 1200 667 SNIPPET_RELEVANT 1479059
ACTION DOC 1200 687 EXAMINING_DOCUMENT 1479059
ACTION MARK 1200 690 CONSIDERED_RELEVANT 1479059
ACTION QUERY 1200 700 fuel cell technology
ACTION SERP 1200 705 EXAMINE_SERP
ACTION SNIPPET 1200 705 SNIPPET_RELEVANT 1315589
ACTION DOC 1200 725 EXAMINING_DOCUMENT 1315589
ACTION MARK 1200 728 CONSIDERED_RELEVANT 1315589
ACTION SNIPPET 1200 728 SNIPPET_RELEVANT 1532238
ACTION DOC 1200 748 EXAMINING_DOCUMENT 1532238
ACTION MARK 1200 751 CONSIDERED_RELEVANT 1532238
ACTION SNIPPET 1200 751 SNIPPET_RELEVANT 980852
ACTION DOC 1200 771 EXAMINING_DOCUMENT 980852
ACTION MARK 1200 774 CONSIDERED_RELEVANT 980852
ACTION SNIPPET 1200 774 SNIPPET_RELEVANT 1181482
ACTION DOC 1200 794 EXAMINING_DOCUMENT 1181482
ACTION MARK 1200 797 CONSIDERED_RELEVANT 1181482
ACTION SNIPPET 1200 797 SEEN_PREVIOUSLY 1301511
ACTION SNIPPET 1200 797 SNIPPET_RELEVANT 912116
ACTION DOC 1200 817 EXAMINING_DOCUMENT 912116
ACTION MARK 1200 820 CONSIDERED_RELEVANT 912116
ACTION QUERY 1200 830 controlled nuclear fusion
ACTION SERP 1200 835 EXAMINE_SERP
ACTION SNIPPET 1200 835 SNIPPET_RELEVANT 1031965
ACTION DOC 1200 855 EXAMINING_DOCUMENT 1031965
ACTION MARK 1200 858 CONSIDERED_RELEVANT 1031965
ACTION SNIPPET 1200 858 SNIPPET_RELEVANT 262555
ACTION DOC 1200 878 EXAMINING_DOCUMENT 262555
ACTION MARK 1200 881 CONSIDERED_RELEVANT 262555
ACTION SNIPPET 1200 881 SNIPPET_RELEVANT 486391
ACTION DOC 1200 901 EXAMINING_DOCUMENT 486391
ACTION MARK 1200 904 CONSIDERED_RELEVANT 486391
ACTION SNIPPET 1200 904 SNIPPET_RELEVANT 241616
ACTION DOC 1200 924 EXAMINING_DOCUMENT 241616
ACTION MARK 1200 927 CONSIDERED_RELEVANT 241616
ACTION SNIPPET 1200 927 SNIPPET_RELEVANT 145942
ACTION DOC 1200 947 EXAMINING_DOCUMENT 145942
ACTION MARK 1200 950 CONSIDERED_RELEVANT 145942
ACTION QUERY 1200 960 clean energy sources
ACTION SERP 1200 965 EXAMINE_SERP
ACTION SNIPPET 1200 965 SNIPPET_RELEVANT 1621831
ACTION DOC 1200 985 EXAMINING_DOCUMENT 1621831
ACTION SNIPPET 1200 985 SNIPPET_RELEVANT 763138
ACTION DOC 1200 1005 EXAMINING_DOCUMENT 763138
ACTION SNIPPET 1200 1005 SNIPPET_RELEVANT 1811107
ACTION DOC 1200 1025 EXAMINING_DOCUMENT 1811107
ACTION SNIPPET 1200 1025 SNIPPET_RELEVANT 1804398
ACTION DOC 1200 1045 EXAMINING_DOCUMENT 1804398
ACTION SNIPPET 1200 1045 SNIPPET_RELEVANT 1309166
ACTION DOC 1200 1065 EXAMINING_DOCUMENT 1309166
ACTION SNIPPET 1200 1065 SNIPPET_RELEVANT 1754862
ACTION DOC 1200 1085 EXAMINING_DOCUMENT 1754862
ACTION QUERY 1200 1095 nuclear fusion technology
ACTION SERP 1200 1100 EXAMINE_SERP
ACTION SNIPPET 1200 1100 SNIPPET_RELEVANT 440998
ACTION DOC 1200 1120 EXAMINING_DOCUMENT 440998
ACTION MARK 1200 1123 CONSIDERED_RELEVANT 440998
ACTION SNIPPET 1200 1123 SNIPPET_RELEVANT 953090
ACTION DOC 1200 1143 EXAMINING_DOCUMENT 953090
ACTION MARK 1200 1146 CONSIDERED_RELEVANT 953090
ACTION SNIPPET 1200 1146 SNIPPET_RELEVANT 246135
ACTION DOC 1200 1166 EXAMINING_DOCUMENT 246135
ACTION MARK 1200 1169 CONSIDERED_RELEVANT 246135
ACTION SNIPPET 1200 1169 SNIPPET_RELEVANT 338841
ACTION DOC 1200 1189 EXAMINING_DOCUMENT 338841
ACTION MARK 1200 1192 CONSIDERED_RELEVANT 338841
ACTION SNIPPET 1200 1192 SEEN_PREVIOUSLY 262555
ACTION SNIPPET 1200 1192 SNIPPET_RELEVANT 244721
ACTION DOC 1200 1212 EXAMINING_DOCUMENT 244721
INFO SUMMARY 
INFO TOTAL_QUERIES_ISSUED 9
INFO TOTAL_SNIPPETS_EXAMINED 59
INFO TOTAL_DOCUMENTS_EXAMINED 48
INFO TOTAL_DOCUMENTS_MARKED_RELEVANT 40
INFO TOTAL_ATTRACTIVE_SERP_IMPRESSIONS 9
INFO TOTAL_UNATTRACTIVE_SERP_IMPRESSIONS 0
