ACTION START 1200 0 START
ACTION QUERY 1200 10 journalist killed
ACTION SERP 1200 15 EXAMINE_SERP
ACTION SNIPPET 1200 15 SNIPPET_RELEVANT 741939
ACTION DOC 1200 35 EXAMINING_DOCUMENT 741939
ACTION MARK 1200 38 CONSIDERED_RELEVANT 741939
ACTION SNIPPET 1200 38 SNIPPET_RELEVANT 1186050
ACTION DOC 1200 58 EXAMINING_DOCUMENT 1186050
ACTION MARK 1200 61 CONSIDERED_RELEVANT 1186050
ACTION SNIPPET 1200 61 SNIPPET_RELEVANT 728599
ACTION DOC 1200 81 EXAMINING_DOCUMENT 728599
ACTION MARK 1200 84 CONSIDERED_RELEVANT 728599
ACTION SNIPPET 1200 84 SNIPPET_RELEVANT 1631045
ACTION DOC 1200 104 EXAMINING_DOCUMENT 1631045
ACTION MARK 1200 107 CONSIDERED_RELEVANT 1631045
ACTION SNIPPET 1200 107 SNIPPET_RELEVANT 1477141
ACTION DOC 1200 127 EXAMINING_DOCUMENT 1477141
ACTION MARK 1200 130 CONSIDERED_RELEVANT 1477141
ACTION QUERY 1200 140 reporter arrested
ACTION SERP 1200 145 EXAMINE_SERP
ACTION SNIPPET 1200 145 SNIPPET_RELEVANT 100068
ACTION DOC 1200 165 EXAMINING_DOCUMENT 100068
ACTION SNIPPET 1200 165 SNIPPET_RELEVANT 300123
ACTION DOC 1200 185 EXAMINING_DOCUMENT 300123
ACTION SNIPPET 1200 185 SNIPPET_RELEVANT 753194
ACTION DOC 1200 205 EXAMINING_DOCUMENT 753194
ACTION SNIPPET 1200 205 SNIPPET_RELEVANT 88415
ACTION DOC 1200 225 EXAMINING_DOCUMENT 88415
ACTION SNIPPET 1200 225 SNIPPET_RELEVANT 120907
ACTION DOC 1200 245 EXAMINING_DOCUMENT 120907
ACTION SNIPPET 1200 245 SNIPPET_RELEVANT 40416
ACTION DOC 1200 265 EXAMINING_DOCUMENT 40416
ACTION QUERY 1200 275 correspondent hostage
ACTION SERP 1200 280 EXAMINE_SERP
ACTION SNIPPET 1200 280 SNIPPET_RELEVANT 227395
ACTION DOC 1200 300 EXAMINING_DOCUMENT 227395
ACTION MARK 1200 303 CONSIDERED_RELEVANT 227395
ACTION SNIPPET 1200 303 SNIPPET_RELEVANT 354829
ACTION DOC 1200 323 EXAMINING_DOCUMENT 354829
ACTION MARK 1200 326 CONSIDERED_RELEVANT 354829
ACTION SNIPPET 1200 326 SNIPPET_RELEVANT 346398
ACTION DOC 1200 346 EXAMINING_DOCUMENT 346398
ACTION MARK 1200 349 CONSIDERED_RELEVANT 346398
ACTION SNIPPET 1200 349 SNIPPET_RELEVANT 73545
ACTION DOC 1200 369 EXAMINING_DOCUMENT 73545
ACTION MARK 1200 372 CONSIDERED_RELEVANT 73545
ACTION SNIPPET 1200 372 SNIPPET_RELEVANT 132722
ACTION DOC 1200 392 EXAMINING_DOCUMENT 132722
ACTION MARK 1200 395 CONSIDERED_RELEVANT 132722
ACTION QUERY 1200 405 hostage journalist
ACTION SERP 1200 410 EXAMINE_SERP
ACTION SNIPPET 1200 410 SNIPPET_RELEVANT 142696
ACTION DOC 1200 430 EXAMINING_DOCUMENT 142696
ACTION MARK 1200 433 CONSIDERED_RELEVANT 142696
ACTION SNIPPET 1200 433 SNIPPET_RELEVANT 172397
ACTION DOC 1200 453 EXAMINING_DOCUMENT 172397
ACTION SNIPPET 1200 453 SNIPPET_RELEVANT 863457
ACTION DOC 1200 473 EXAMINING_DOCUMENT 863457
ACTION MARK 1200 476 CONSIDERED_RELEVANT 863457
ACTION SNIPPET 1200 476 SNIPPET_RELEVANT 899009
ACTION DOC 1200 496 EXAMINING_DOCUMENT 899009
ACTION SNIPPET 1200 496 SNIPPET_RELEVANT 1364005
ACTION DOC 1200 516 EXAMINING_DOCUMENT 1364005
ACTION MARK 1200 519 CONSIDERED_RELEVANT 1364005
ACTION SNIPPET 1200 519 SNIPPET_RELEVANT 1017987
ACTION DOC 1200 539 EXAMINING_DOCUMENT 1017987
ACTION MARK 1200 542 CONSIDERED_RELEVANT 1017987
ACTION QUERY 1200 552 media worker risks
ACTION SERP 1200 557 EXAMINE_SERP
ACTION SNIPPET 1200 557 SNIPPET_RELEVANT 330364
ACTION DOC 1200 577 EXAMINING_DOCUMENT 330364
ACTION SNIPPET 1200 577 SNIPPET_RELEVANT 1400735
ACTION DOC 1200 597 EXAMINING_DOCUMENT 1400735
ACTION SNIPPET 1200 597 SNIPPET_RELEVANT 247125
ACTION DOC 1200 617 EXAMINING_DOCUMENT 247125
ACTION SNIPPET 1200 617 SNIPPET_RELEVANT 1339264
ACTION DOC 1200 637 EXAMINING_DOCUMENT 1339264
ACTION SNIPPET 1200 637 SNIPPET_RELEVANT 470104
ACTION DOC 1200 657 EXAMINING_DOCUMENT 470104
ACTION SNIPPET 1200 657 SNIPPET_RELEVANT 904593
ACTION DOC 1200 677 EXAMINING_DOCUMENT 904593
ACTION QUERY 1200 687 press freedom threats
ACTION SERP 1200 692 EXAMINE_SERP
ACTION SNIPPET 1200 692 SNIPPET_RELEVANT 1110151
ACTION DOC 1200 712 EXAMINING_DOCUMENT 1110151
ACTION SNIPPET 1200 712 SNIPPET_RELEVANT 1381246
ACTION DOC 1200 732 EXAMINING_DOCUMENT 1381246
ACTION MARK 1200 735 CONSIDERED_RELEVANT 1381246
ACTION SNIPPET 1200 735 SNIPPET_RELEVANT 1627340
ACTION DOC 1200 755 EXAMINING_DOCUMENT 1627340
ACTION SNIPPET 1200 755 SNIPPET_RELEVANT 1627339
ACTION DOC 1200 775 EXAMINING_DOCUMENT 1627339
ACTION MARK 1200 778 CONSIDERED_RELEVANT 1627339
ACTION SNIPPET 1200 778 SNIPPET_RELEVANT 786822
ACTION DOC 1200 798 EXAMINING_DOCUMENT 786822
ACTION MARK 1200 801 CONSIDERED_RELEVANT 786822
ACTION SNIPPET 1200 801 SNIPPET_RELEVANT 1371411
ACTION DOC 1200 821 EXAMINING_DOCUMENT 1371411
ACTION MARK 1200 824 CONSIDERED_RELEVANT 1371411
ACTION QUERY 1200 834 press freedom dangers
ACTION SERP 1200 839 EXAMINE_SERP
ACTION SNIPPET 1200 839 SNIPPET_RELEVANT 926760
ACTION DOC 1200 859 EXAMINING_DOCUMENT 926760
ACTION MARK 1200 862 CONSIDERED_RELEVANT 926760
ACTION SNIPPET 1200 862 SNIPPET_RELEVANT 998599
ACTION DOC 1200 882 EXAMINING_DOCUMENT 998599
ACTION SNIPPET 1200 882 SNIPPET_RELEVANT 335862
ACTION DOC 1200 902 EXAMINING_DOCUMENT 335862
ACTION MARK 1200 905 CONSIDERED_RELEVANT 335862
ACTION SNIPPET 1200 905 SNIPPET_RELEVANT 744780
ACTION DOC 1200 925 EXAMINING_DOCUMENT 744780
ACTION SNIPPET 1200 925 SNIPPET_RELEVANT 613083
ACTION DOC 1200 945 EXAMINING_DOCUMENT 613083
ACTION SNIPPET 1200 945 SNIPPET_RELEVANT 1295411
ACTION DOC 1200 965 EXAMINING_DOCUMENT 1295411
ACTION QUERY 1200 975 press freedom risks
ACTION SERP 1200 980 EXAMINE_SERP
ACTION SNIPPET 1200 980 SNIPPET_RELEVANT 1611556
ACTION DOC 1200 1000 EXAMINING_DOCUMENT 1611556
ACTION SNIPPET 1200 1000 SEEN_PREVIOUSLY 247125
ACTION SNIPPET 1200 1000 SNIPPET_RELEVANT 876863
ACTION DOC 1200 1020 EXAMINING_DOCUMENT 876863
ACTION SNIPPET 1200 1020 SNIPPET_RELEVANT 1098607
ACTION DOC 1200 1040 EXAMINING_DOCUMENT 1098607
ACTION SNIPPET 1200 1040 SNIPPET_RELEVANT 860296
ACTION DOC 1200 1060 EXAMINING_DOCUMENT 860296
ACTION SNIPPET 1200 1060 SNIPPET_RELEVANT 368410
ACTION DOC 1200 1080 EXAMINING_DOCUMENT 368410
ACTION SNIPPET 1200 1080 SNIPPET_RELEVANT 78495
ACTION DOC 1200 1100 EXAMINING_DOCUMENT 78495
ACTION QUERY 1200 1110 dangerous journalism
ACTION SERP 1200 1115 EXAMINE_SERP
ACTION SNIPPET 1200 1115 SNIPPET_RELEVANT 1724134
ACTION DOC 1200 1135 EXAMINING_DOCUMENT 1724134
ACTION SNIPPET 1200 1135 SNIPPET_RELEVANT 51025
ACTION DOC 1200 1155 EXAMINING_DOCUMENT 51025
ACTION SNIPPET 1200 1155 SNIPPET_RELEVANT 876526
ACTION DOC 1200 1175 EXAMINING_DOCUMENT 876526
ACTION MARK 1200 1178 CONSIDERED_RELEVANT 876526
ACTION SNIPPET 1200 1178 SNIPPET_RELEVANT 1465453
ACTION DOC 1200 1198 EXAMINING_DOCUMENT 1465453
ACTION SNIPPET 1200 1198 SNIPPET_RELEVANT 1048230
ACTION DOC 1200 1218 EXAMINING_DOCUMENT 1048230
INFO SUMMARY 
INFO TOTAL_QUERIES_ISSUED 9
INFO TOTAL_SNIPPETS_EXAMINED 52
INFO TOTAL_DOCUMENTS_EXAMINED 51
INFO TOTAL_DOCUMENTS_MARKED_RELEVANT 21
INFO TOTAL_ATTRACTIVE_SERP_IMPRESSIONS 9
INFO TOTAL_UNATTRACTIVE_SERP_IMPRESSIONS 0
