ACTION START 1200 0 START
ACTION QUERY 1200 10 human stampede deaths
ACTION SERP 1200 15 EXAMINE_SERP
ACTION SNIPPET 1200 15 SNIPPET_RELEVANT 1315825
ACTION DOC 1200 35 EXAMINING_DOCUMENT 1315825
ACTION SNIPPET 1200 35 SNIPPET_RELEVANT 1698991
ACTION DOC 1200 55 EXAMINING_DOCUMENT 1698991
ACTION MARK 1200 58 CONSIDERED_RELEVANT 1698991
ACTION SNIPPET 1200 58 SNIPPET_RELEVANT 746477
ACTION DOC 1200 78 EXAMINING_DOCUMENT 746477
ACTION SNIPPET 1200 78 SNIPPET_RELEVANT 365604
ACTION DOC 1200 98 EXAMINING_DOCUMENT 365604
ACTION MARK 1200 101 CONSIDERED_RELEVANT 365604
ACTION SNIPPET 1200 101 SNIPPET_RELEVANT 365725
ACTION DOC 1200 121 EXAMINING_DOCUMENT 365725
ACTION MARK 1200 124 CONSIDERED_RELEVANT 365725
ACTION SNIPPET 1200 124 SNIPPET_RELEVANT 1789645
ACTION DOC 1200 144 EXAMINING_DOCUMENT 1789645
ACTION MARK 1200 147 CONSIDERED_RELEVANT 1789645
ACTION QUERY 1200 157 human stampede fatalities
ACTION SERP 1200 162 EXAMINE_SERP
ACTION SNIPPET 1200 162 SNIPPET_RELEVANT 1466168
ACTION DOC 1200 182 EXAMINING_DOCUMENT 1466168
ACTION SNIPPET 1200 182 SNIPPET_RELEVANT 497598
ACTION DOC 1200 202 EXAMINING_DOCUMENT 497598
ACTION SNIPPET 1200 202 SNIPPET_RELEVANT 501017
ACTION DOC 1200 222 EXAMINING_DOCUMENT 501017
ACTION MARK 1200 225 CONSIDERED_RELEVANT 501017
ACTION SNIPPET 1200 225 SEEN_PREVIOUSLY 1698991
ACTION SNIPPET 1200 225 SNIPPET_RELEVANT 1292130
ACTION DOC 1200 245 EXAMINING_DOCUMENT 1292130
ACTION MARK 1200 248 CONSIDERED_RELEVANT 1292130
ACTION SNIPPET 1200 248 SNIPPET_RELEVANT 1004585
ACTION DOC 1200 268 EXAMINING_DOCUMENT 1004585
ACTION SNIPPET 1200 268 SNIPPET_RELEVANT 367335
ACTION DOC 1200 288 EXAMINING_DOCUMENT 367335
ACTION QUERY 1200 298 crowd disaster
ACTION SERP 1200 303 EXAMINE_SERP
ACTION SNIPPET 1200 303 SNIPPET_RELEVANT 214819
ACTION DOC 1200 323 EXAMINING_DOCUMENT 214819
ACTION SNIPPET 1200 323 SNIPPET_RELEVANT 33753
ACTION DOC 1200 343 EXAMINING_DOCUMENT 33753
ACTION SNIPPET 1200 343 SNIPPET_RELEVANT 240954
ACTION DOC 1200 363 EXAMINING_DOCUMENT 240954
ACTION MARK 1200 366 CONSIDERED_RELEVANT 240954
ACTION SNIPPET 1200 366 SNIPPET_RELEVANT 1639058
ACTION DOC 1200 386 EXAMINING_DOCUMENT 1639058
ACTION SNIPPET 1200 386 SNIPPET_RELEVANT 1139826
ACTION DOC 1200 406 EXAMINING_DOCUMENT 1139826
ACTION SNIPPET 1200 406 SNIPPET_RELEVANT 1470209
ACTION DOC 1200 426 EXAMINING_DOCUMENT 1470209
ACTION QUERY 1200 436 fatal crush incidents
ACTION SERP 1200 441 EXAMINE_SERP
ACTION SNIPPET 1200 441 SNIPPET_RELEVANT 868429
ACTION DOC 1200 461 EXAMINING_DOCUMENT 868429
ACTION SNIPPET 1200 461 SNIPPET_RELEVANT 526782
ACTION DOC 1200 481 EXAMINING_DOCUMENT 526782
ACTION SNIPPET 1200 481 SNIPPET_RELEVANT 1560500
ACTION DOC 1200 501 EXAMINING_DOCUMENT 1560500
ACTION SNIPPET 1200 501 SNIPPET_RELEVANT 506392
ACTION DOC 1200 521 EXAMINING_DOCUMENT 506392
ACTION SNIPPET 1200 521 SNIPPET_RELEVANT 179138
ACTION DOC 1200 541 EXAMINING_DOCUMENT 179138
ACTION SNIPPET 1200 541 SNIPPET_RELEVANT 864935
ACTION DOC 1200 561 EXAMINING_DOCUMENT 864935
ACTION MARK 1200 564 CONSIDERED_RELEVANT 864935
ACTION QUERY 1200 574 crowd crush incidents
ACTION SERP 1200 579 EXAMINE_SERP
ACTION SNIPPET 1200 579 SNIPPET_RELEVANT 500366
ACTION DOC 1200 599 EXAMINING_DOCUMENT 500366
ACTION MARK 1200 602 CONSIDERED_RELEVANT 500366
ACTION SNIPPET 1200 602 SEEN_PREVIOUSLY 240954
ACTION SNIPPET 1200 602 SNIPPET_RELEVANT 501122
ACTION DOC 1200 622 EXAMINING_DOCUMENT 501122
ACTION SNIPPET 1200 622 SNIPPET_RELEVANT 240771
ACTION DOC 1200 642 EXAMINING_DOCUMENT 240771
ACTION MARK 1200 645 CONSIDERED_RELEVANT 240771
ACTION SNIPPET 1200 645 SNIPPET_RELEVANT 466514
ACTION DOC 1200 665 EXAMINING_DOCUMENT 466514
ACTION SNIPPET 1200 665 SEEN_PREVIOUSLY 864935
ACTION SNIPPET 1200 665 SNIPPET_RELEVANT 497129
ACTION DOC 1200 685 EXAMINING_DOCUMENT 497129
ACTION SNIPPET 1200 685 SNIPPET_RELEVANT 498021
ACTION DOC 1200 705 EXAMINING_DOCUMENT 498021
ACTION MARK 1200 708 CONSIDERED_RELEVANT 498021
ACTION QUERY 1200 718 stampede fatalities public
ACTION SERP 1200 723 EXAMINE_SERP
ACTION SNIPPET 1200 723 SEEN_PREVIOUSLY 501017
ACTION SNIPPET 1200 723 SEEN_PREVIOUSLY 1466168
ACTION SNIPPET 1200 723 SEEN_PREVIOUSLY 497598
ACTION SNIPPET 1200 723 SEEN_PREVIOUSLY 1292130
ACTION SNIPPET 1200 723 SEEN_PREVIOUSLY 864935
ACTION SNIPPET 1200 723 SNIPPET_RELEVANT 1076546
ACTION DOC 1200 743 EXAMINING_DOCUMENT 1076546
ACTION SNIPPET 1200 743 SNIPPET_RELEVANT 497300
ACTION DOC 1200 763 EXAMINING_DOCUMENT 497300
ACTION SNIPPET 1200 763 SEEN_PREVIOUSLY 1004585
ACTION SNIPPET 1200 763 SEEN_PREVIOUSLY 506392
ACTION SNIPPET 1200 763 SNIPPET_RELEVANT 1292328
ACTION DOC 1200 783 EXAMINING_DOCUMENT 1292328
ACTION MARK 1200 786 CONSIDERED_RELEVANT 1292328
ACTION SNIPPET 1200 786 SEEN_PREVIOUSLY 1698991
ACTION SNIPPET 1200 786 SNIPPET_RELEVANT 497258
ACTION DOC 1200 806 EXAMINING_DOCUMENT 497258
ACTION SNIPPET 1200 806 SNIPPET_RELEVANT 1042217
ACTION DOC 1200 826 EXAMINING_DOCUMENT 1042217
ACTION SNIPPET 1200 826 SNIPPET_RELEVANT 84200
ACTION DOC 1200 846 EXAMINING_DOCUMENT 84200
ACTION QUERY 1200 856 stampede accidents public
ACTION SERP 1200 861 EXAMINE_SERP
ACTION SNIPPET 1200 861 SEEN_PREVIOUSLY 365725
ACTION SNIPPET 1200 861 SNIPPET_RELEVANT 1310123
ACTION DOC 1200 881 EXAMINING_DOCUMENT 1310123
ACTION MARK 1200 884 CONSIDERED_RELEVANT 1310123
ACTION SNIPPET 1200 884 SEEN_PREVIOUSLY 365604
ACTION SNIPPET 1200 884 SNIPPET_RELEVANT 1515218
ACTION DOC 1200 904 EXAMINING_DOCUMENT 1515218
ACTION MARK 1200 907 CONSIDERED_RELEVANT 1515218
ACTION SNIPPET 1200 907 SNIPPET_RELEVANT 1556632
ACTION DOC 1200 927 EXAMINING_DOCUMENT 1556632
ACTION MARK 1200 930 CONSIDERED_RELEVANT 1556632
ACTION SNIPPET 1200 930 SNIPPET_RELEVANT 1731810
ACTION DOC 1200 950 EXAMINING_DOCUMENT 1731810
ACTION MARK 1200 953 CONSIDERED_RELEVANT 1731810
ACTION SNIPPET 1200 953 SNIPPET_RELEVANT 1731589
ACTION DOC 1200 973 EXAMINING_DOCUMENT 1731589
ACTION MARK 1200 976 CONSIDERED_RELEVANT 1731589
ACTION QUERY 1200 986 crowd disaster events
ACTION SERP 1200 991 EXAMINE_SERP
ACTION SNIPPET 1200 991 SEEN_PREVIOUSLY 1004585
ACTION SNIPPET 1200 991 SNIPPET_RELEVANT 272533
ACTION DOC 1200 1011 EXAMINING_DOCUMENT 272533
ACTION MARK 1200 1014 CONSIDERED_RELEVANT 272533
ACTION SNIPPET 1200 1014 SNIPPET_RELEVANT 1326340
ACTION DOC 1200 1034 EXAMINING_DOCUMENT 1326340
ACTION SNIPPET 1200 1034 SNIPPET_RELEVANT 193384
ACTION DOC 1200 1054 EXAMINING_DOCUMENT 193384
ACTION MARK 1200 1057 CONSIDERED_RELEVANT 193384
ACTION SNIPPET 1200 1057 SNIPPET_RELEVANT 498327
ACTION DOC 1200 1077 EXAMINING_DOCUMENT 498327
ACTION SNIPPET 1200 1077 SNIPPET_RELEVANT 886344
ACTION DOC 1200 1097 EXAMINING_DOCUMENT 886344
ACTION SNIPPET 1200 1097 SNIPPET_RELEVANT 1444674
ACTION DOC 1200 1117 EXAMINING_DOCUMENT 1444674
ACTION QUERY 1200 1127 mass casualty incidents
ACTION SERP 1200 1132 EXAMINE_SERP
ACTION SNIPPET 1200 1132 SNIPPET_RELEVANT 145831
ACTION DOC 1200 1152 EXAMINING_DOCUMENT 145831
ACTION SNIPPET 1200 1152 SNIPPET_RELEVANT 1669058
ACTION DOC 1200 1172 EXAMINING_DOCUMENT 1669058
ACTION SNIPPET 1200 1172 SNIPPET_RELEVANT 193872
ACTION DOC 1200 1192 EXAMINING_DOCUMENT 193872
ACTION SNIPPET 1200 1192 SNIPPET_RELEVANT 1556128
ACTION DOC 1200 1212 EXAMINING_DOCUMENT 1556128
INFO SUMMARY 
INFO TOTAL_QUERIES_ISSUED 9
INFO TOTAL_SNIPPETS_EXAMINED 65
INFO TOTAL_DOCUMENTS_EXAMINED 51
INFO TOTAL_DOCUMENTS_MARKED_RELEVANT 19
INFO TOTAL_ATTRACTIVE_SERP_IMPRESSIONS 9
INFO TOTAL_UNATTRACTIVE_SERP_IMPRESSIONS 0
