ACTION START 1200 0 START
ACTION QUERY 1200 10 radio waves cancer
ACTION SERP 1200 15 EXAMINE_SERP
ACTION SNIPPET 1200 15 SNIPPET_RELEVANT 587372
ACTION DOC 1200 35 EXAMINING_DOCUMENT 587372
ACTION MARK 1200 38 CONSIDERED_RELEVANT 587372
ACTION SNIPPET 1200 38 SNIPPET_RELEVANT 183069
ACTION DOC 1200 58 EXAMINING_DOCUMENT 183069
ACTION SNIPPET 1200 58 SNIPPET_RELEVANT 1285003
ACTION DOC 1200 78 EXAMINING_DOCUMENT 1285003
ACTION MARK 1200 81 CONSIDERED_RELEVANT 1285003
ACTION SNIPPET 1200 81 SNIPPET_RELEVANT 1219794
ACTION DOC 1200 101 EXAMINING_DOCUMENT 1219794
ACTION MARK 1200 104 CONSIDERED_RELEVANT 1219794
ACTION SNIPPET 1200 104 SNIPPET_RELEVANT 587719
ACTION DOC 1200 124 EXAMINING_DOCUMENT 587719
ACTION MARK 1200 127 CONSIDERED_RELEVANT 587719
ACTION SNIPPET 1200 127 SNIPPET_RELEVANT 1572066
ACTION DOC 1200 147 EXAMINING_DOCUMENT 1572066
ACTION QUERY 1200 157 brain cancer risk
ACTION SERP 1200 162 EXAMINE_SERP
ACTION SNIPPET 1200 162 SNIPPET_RELEVANT 736417
ACTION DOC 1200 182 EXAMINING_DOCUMENT 736417
ACTION MARK 1200 185 CONSIDERED_RELEVANT 736417
ACTION SNIPPET 1200 185 SNIPPET_RELEVANT 1814482
ACTION DOC 1200 205 EXAMINING_DOCUMENT 1814482
ACTION SNIPPET 1200 205 SNIPPET_RELEVANT 1613083
ACTION DOC 1200 225 EXAMINING_DOCUMENT 1613083
ACTION MARK 1200 228 CONSIDERED_RELEVANT 1613083
ACTION SNIPPET 1200 228 SNIPPET_RELEVANT 372893
ACTION DOC 1200 248 EXAMINING_DOCUMENT 372893
ACTION MARK 1200 251 CONSIDERED_RELEVANT 372893
ACTION SNIPPET 1200 251 SNIPPET_RELEVANT 1288466
ACTION DOC 1200 271 EXAMINING_DOCUMENT 1288466
ACTION SNIPPET 1200 271 SNIPPET_RELEVANT 1146438
ACTION DOC 1200 291 EXAMINING_DOCUMENT 1146438
ACTION QUERY 1200 301 mobile phone radiation
ACTION SERP 1200 306 EXAMINE_SERP
ACTION SNIPPET 1200 306 SNIPPET_RELEVANT 1221301
ACTION DOC 1200 326 EXAMINING_DOCUMENT 1221301
ACTION MARK 1200 329 CONSIDERED_RELEVANT 1221301
ACTION SNIPPET 1200 329 SNIPPET_RELEVANT 1216049
ACTION DOC 1200 349 EXAMINING_DOCUMENT 1216049
ACTION MARK 1200 352 CONSIDERED_RELEVANT 1216049
ACTION SNIPPET 1200 352 SNIPPET_RELEVANT 393565
ACTION DOC 1200 372 EXAMINING_DOCUMENT 393565
ACTION SNIPPET 1200 372 SNIPPET_RELEVANT 1148284
ACTION DOC 1200 392 EXAMINING_DOCUMENT 1148284
ACTION MARK 1200 395 CONSIDERED_RELEVANT 1148284
ACTION SNIPPET 1200 395 SNIPPET_RELEVANT 1217960
ACTION DOC 1200 415 EXAMINING_DOCUMENT 1217960
ACTION MARK 1200 418 CONSIDERED_RELEVANT 1217960
ACTION SNIPPET 1200 418 SNIPPET_RELEVANT 842870
ACTION DOC 1200 438 EXAMINING_DOCUMENT 842870
ACTION MARK 1200 441 CONSIDERED_RELEVANT 842870
ACTION QUERY 1200 451 cancer radio frequency
ACTION SERP 1200 456 EXAMINE_SERP
ACTION SNIPPET 1200 456 SNIPPET_RELEVANT 1679741
ACTION DOC 1200 476 EXAMINING_DOCUMENT 1679741
ACTION MARK 1200 479 CONSIDERED_RELEVANT 1679741
ACTION SNIPPET 1200 479 SEEN_PREVIOUSLY 587372
ACTION SNIPPET 1200 479 SEEN_PREVIOUSLY 587719
ACTION SNIPPET 1200 479 SNIPPET_RELEVANT 1174325
ACTION DOC 1200 499 EXAMINING_DOCUMENT 1174325
ACTION MARK 1200 502 CONSIDERED_RELEVANT 1174325
ACTION SNIPPET 1200 502 SNIPPET_RELEVANT 1837600
ACTION DOC 1200 522 EXAMINING_DOCUMENT 1837600
ACTION SNIPPET 1200 522 SNIPPET_RELEVANT 586679
ACTION DOC 1200 542 EXAMINING_DOCUMENT 586679
ACTION MARK 1200 545 CONSIDERED_RELEVANT 586679
ACTION SNIPPET 1200 545 SNIPPET_RELEVANT 289347
ACTION DOC 1200 565 EXAMINING_DOCUMENT 289347
ACTION SNIPPET 1200 565 SNIPPET_RELEVANT 259990
ACTION DOC 1200 585 EXAMINING_DOCUMENT 259990
ACTION MARK 1200 588 CONSIDERED_RELEVANT 259990
ACTION QUERY 1200 598 electromagnetic fields health
ACTION SERP 1200 603 EXAMINE_SERP
ACTION SNIPPET 1200 603 SNIPPET_RELEVANT 355867
ACTION DOC 1200 623 EXAMINING_DOCUMENT 355867
ACTION MARK 1200 626 CONSIDERED_RELEVANT 355867
ACTION SNIPPET 1200 626 SNIPPET_RELEVANT 627357
ACTION DOC 1200 646 EXAMINING_DOCUMENT 627357
ACTION SNIPPET 1200 646 SNIPPET_RELEVANT 265023
ACTION DOC 1200 666 EXAMINING_DOCUMENT 265023
ACTION MARK 1200 669 CONSIDERED_RELEVANT 265023
ACTION SNIPPET 1200 669 SEEN_PREVIOUSLY 259990
ACTION SNIPPET 1200 669 SNIPPET_RELEVANT 419885
ACTION DOC 1200 689 EXAMINING_DOCUMENT 419885
ACTION MARK 1200 692 CONSIDERED_RELEVANT 419885
ACTION SNIPPET 1200 692 SNIPPET_RELEVANT 886957
ACTION DOC 1200 712 EXAMINING_DOCUMENT 886957
ACTION SNIPPET 1200 712 SNIPPET_RELEVANT 537258
ACTION DOC 1200 732 EXAMINING_DOCUMENT 537258
ACTION QUERY 1200 742 tumor radio wave
ACTION SERP 1200 747 EXAMINE_SERP
ACTION SNIPPET 1200 747 SEEN_PREVIOUSLY 587372
ACTION SNIPPET 1200 747 SEEN_PREVIOUSLY 1572066
ACTION SNIPPET 1200 747 SNIPPET_RELEVANT 1025967
ACTION DOC 1200 767 EXAMINING_DOCUMENT 1025967
ACTION SNIPPET 1200 767 SNIPPET_RELEVANT 544200
ACTION DOC 1200 787 EXAMINING_DOCUMENT 544200
ACTION SNIPPET 1200 787 SNIPPET_RELEVANT 1667759
ACTION DOC 1200 807 EXAMINING_DOCUMENT 1667759
ACTION MARK 1200 810 CONSIDERED_RELEVANT 1667759
ACTION SNIPPET 1200 810 SNIPPET_RELEVANT 543958
ACTION DOC 1200 830 EXAMINING_DOCUMENT 543958
ACTION SNIPPET 1200 830 SNIPPET_RELEVANT 900051
ACTION DOC 1200 850 EXAMINING_DOCUMENT 900051
ACTION SNIPPET 1200 850 SNIPPET_RELEVANT 205130
ACTION DOC 1200 870 EXAMINING_DOCUMENT 205130
ACTION QUERY 1200 880 wireless radiation cancer
ACTION SERP 1200 885 EXAMINE_SERP
ACTION SNIPPET 1200 885 SNIPPET_RELEVANT 1367567
ACTION DOC 1200 905 EXAMINING_DOCUMENT 1367567
ACTION MARK 1200 908 CONSIDERED_RELEVANT 1367567
ACTION SNIPPET 1200 908 SEEN_PREVIOUSLY 1613083
ACTION SNIPPET 1200 908 SEEN_PREVIOUSLY 1679741
ACTION SNIPPET 1200 908 SEEN_PREVIOUSLY 1148284
ACTION SNIPPET 1200 908 SEEN_PREVIOUSLY 1174325
ACTION SNIPPET 1200 908 SNIPPET_RELEVANT 1256837
ACTION DOC 1200 928 EXAMINING_DOCUMENT 1256837
ACTION MARK 1200 931 CONSIDERED_RELEVANT 1256837
ACTION SNIPPET 1200 931 SEEN_PREVIOUSLY 1216049
ACTION SNIPPET 1200 931 SEEN_PREVIOUSLY 1217960
ACTION SNIPPET 1200 931 SNIPPET_RELEVANT 1602500
ACTION DOC 1200 951 EXAMINING_DOCUMENT 1602500
ACTION MARK 1200 954 CONSIDERED_RELEVANT 1602500
ACTION SNIPPET 1200 954 SNIPPET_RELEVANT 1225642
ACTION DOC 1200 974 EXAMINING_DOCUMENT 1225642
ACTION MARK 1200 977 CONSIDERED_RELEVANT 1225642
ACTION SNIPPET 1200 977 SNIPPET_RELEVANT 1167188
ACTION DOC 1200 997 EXAMINING_DOCUMENT 1167188
ACTION SNIPPET 1200 997 SEEN_PREVIOUSLY 587719
ACTION SNIPPET 1200 997 SNIPPET_RELEVANT 1600348
ACTION DOC 1200 1017 EXAMINING_DOCUMENT 1600348
ACTION MARK 1200 1020 CONSIDERED_RELEVANT 1600348
ACTION QUERY 1200 1030 cell phone brain cancer
ACTION SERP 1200 1035 EXAMINE_SERP
ACTION SNIPPET 1200 1035 SEEN_PREVIOUSLY 1256837
ACTION SNIPPET 1200 1035 SNIPPET_RELEVANT 1257780
ACTION DOC 1200 1055 EXAMINING_DOCUMENT 1257780
ACTION MARK 1200 1058 CONSIDERED_RELEVANT 1257780
ACTION SNIPPET 1200 1058 SEEN_PREVIOUSLY 587372
ACTION SNIPPET 1200 1058 SEEN_PREVIOUSLY 1217960
ACTION SNIPPET 1200 1058 SNIPPET_RELEVANT 1040542
ACTION DOC 1200 1078 EXAMINING_DOCUMENT 1040542
ACTION MARK 1200 1081 CONSIDERED_RELEVANT 1040542
ACTION SNIPPET 1200 1081 SEEN_PREVIOUSLY 1148284
ACTION SNIPPET 1200 1081 SEEN_PREVIOUSLY 1219794
ACTION SNIPPET 1200 1081 SNIPPET_RELEVANT 1270299
ACTION DOC 1200 1101 EXAMINING_DOCUMENT 1270299
ACTION MARK 1200 1104 CONSIDERED_RELEVANT 1270299
ACTION SNIPPET 1200 1104 SNIPPET_RELEVANT 1039892
ACTION DOC 1200 1124 EXAMINING_DOCUMENT 1039892
ACTION SNIPPET 1200 1124 SEEN_PREVIOUSLY 586679
ACTION SNIPPET 1200 1124 SEEN_PREVIOUSLY 1167188
ACTION SNIPPET 1200 1124 SNIPPET_RELEVANT 1136199
ACTION DOC 1200 1144 EXAMINING_DOCUMENT 1136199
ACTION SNIPPET 1200 1144 SEEN_PREVIOUSLY 1146438
ACTION SNIPPET 1200 1144 SNIPPET_RELEVANT 535481
ACTION DOC 1200 1164 EXAMINING_DOCUMENT 535481
ACTION MARK 1200 1167 CONSIDERED_RELEVANT 535481
ACTION QUERY 1200 1177 radiofrequency radiation effects
ACTION SERP 1200 1182 EXAMINE_SERP
ACTION SNIPPET 1200 1182 SNIPPET_RELEVANT 662253
ACTION DOC 1200 1202 EXAMINING_DOCUMENT 662253
INFO SUMMARY 
INFO TOTAL_QUERIES_ISSUED 9
INFO TOTAL_SNIPPETS_EXAMINED 69
INFO TOTAL_DOCUMENTS_EXAMINED 49
INFO TOTAL_DOCUMENTS_MARKED_RELEVANT 29
INFO TOTAL_ATTRACTIVE_SERP_IMPRESSIONS 9
INFO TOTAL_UNATTRACTIVE_SERP_IMPRESSIONS 0
