ACTION START 1200 0 START
ACTION QUERY 1200 10 hydroelectric projects
ACTION SERP 1200 15 EXAMINE_SERP
ACTION SNIPPET 1200 15 SNIPPET_RELEVANT 504815
ACTION DOC 1200 35 EXAMINING_DOCUMENT 504815
ACTION MARK 1200 38 CONSIDERED_RELEVANT 504815
ACTION SNIPPET 1200 38 SNIPPET_RELEVANT 302004
ACTION DOC 1200 58 EXAMINING_DOCUMENT 302004
ACTION SNIPPET 1200 58 SNIPPET_RELEVANT 5062
ACTION DOC 1200 78 EXAMINING_DOCUMENT 5062
ACTION SNIPPET 1200 78 SEEN_PREVIOUSLY 5062
ACTION SNIPPET 1200 78 SNIPPET_RELEVANT 35583
ACTION DOC 1200 98 EXAMINING_DOCUMENT 35583
ACTION MARK 1200 101 CONSIDERED_RELEVANT 35583
ACTION SNIPPET 1200 101 SNIPPET_RELEVANT 497476
ACTION DOC 1200 121 EXAMINING_DOCUMENT 497476
ACTION SNIPPET 1200 121 SNIPPET_RELEVANT 272661
ACTION DOC 1200 141 EXAMINING_DOCUMENT 272661
ACTION MARK 1200 144 CONSIDERED_RELEVANT 272661
ACTION QUERY 1200 154 new hydroelectric construction
ACTION SERP 1200 159 EXAMINE_SERP
ACTION SNIPPET 1200 159 SNIPPET_RELEVANT 29374
ACTION DOC 1200 179 EXAMINING_DOCUMENT 29374
ACTION SNIPPET 1200 179 SEEN_PREVIOUSLY 5062
ACTION SNIPPET 1200 179 SEEN_PREVIOUSLY 5062
ACTION SNIPPET 1200 179 SNIPPET_RELEVANT 1375
ACTION DOC 1200 199 EXAMINING_DOCUMENT 1375
ACTION MARK 1200 202 CONSIDERED_RELEVANT 1375
ACTION SNIPPET 1200 202 SEEN_PREVIOUSLY 1375
ACTION SNIPPET 1200 202 SNIPPET_RELEVANT 169821
ACTION DOC 1200 222 EXAMINING_DOCUMENT 169821
ACTION MARK 1200 225 CONSIDERED_RELEVANT 169821
ACTION SNIPPET 1200 225 SEEN_PREVIOUSLY 272661
ACTION SNIPPET 1200 225 SEEN_PREVIOUSLY 504815
ACTION SNIPPET 1200 225 SNIPPET_RELEVANT 1121368
ACTION DOC 1200 245 EXAMINING_DOCUMENT 1121368
ACTION SNIPPET 1200 245 SNIPPET_RELEVANT 1659743
ACTION DOC 1200 265 EXAMINING_DOCUMENT 1659743
ACTION SNIPPET 1200 265 SNIPPET_RELEVANT 280473
ACTION DOC 1200 285 EXAMINING_DOCUMENT 280473
ACTION MARK 1200 288 CONSIDERED_RELEVANT 280473
ACTION QUERY 1200 298 hydro power plants
ACTION SERP 1200 303 EXAMINE_SERP
ACTION SNIPPET 1200 303 SNIPPET_RELEVANT 392547
ACTION DOC 1200 323 EXAMINING_DOCUMENT 392547
ACTION MARK 1200 326 CONSIDERED_RELEVANT 392547
ACTION SNIPPET 1200 326 SNIPPET_RELEVANT 234726
ACTION DOC 1200 346 EXAMINING_DOCUMENT 234726
ACTION SNIPPET 1200 346 SNIPPET_RELEVANT 672945
ACTION DOC 1200 366 EXAMINING_DOCUMENT 672945
ACTION SNIPPET 1200 366 SNIPPET_RELEVANT 149890
ACTION DOC 1200 386 EXAMINING_DOCUMENT 149890
ACTION SNIPPET 1200 386 SNIPPET_RELEVANT 950471
ACTION DOC 1200 406 EXAMINING_DOCUMENT 950471
ACTION SNIPPET 1200 406 SNIPPET_RELEVANT 704705
ACTION DOC 1200 426 EXAMINING_DOCUMENT 704705
ACTION QUERY 1200 436 hydroelectric energy development
ACTION SERP 1200 441 EXAMINE_SERP
ACTION SNIPPET 1200 441 SNIPPET_RELEVANT 340340
ACTION DOC 1200 461 EXAMINING_DOCUMENT 340340
ACTION SNIPPET 1200 461 SEEN_PREVIOUSLY 29374
ACTION SNIPPET 1200 461 SNIPPET_RELEVANT 1674939
ACTION DOC 1200 481 EXAMINING_DOCUMENT 1674939
ACTION SNIPPET 1200 481 SNIPPET_RELEVANT 309412
ACTION DOC 1200 501 EXAMINING_DOCUMENT 309412
ACTION SNIPPET 1200 501 SNIPPET_RELEVANT 477730
ACTION DOC 1200 521 EXAMINING_DOCUMENT 477730
ACTION MARK 1200 524 CONSIDERED_RELEVANT 477730
ACTION SNIPPET 1200 524 SEEN_PREVIOUSLY 272661
ACTION SNIPPET 1200 524 SEEN_PREVIOUSLY 504815
ACTION SNIPPET 1200 524 SNIPPET_RELEVANT 21667
ACTION DOC 1200 544 EXAMINING_DOCUMENT 21667
ACTION MARK 1200 547 CONSIDERED_RELEVANT 21667
ACTION SNIPPET 1200 547 SNIPPET_RELEVANT 1430180
ACTION DOC 1200 567 EXAMINING_DOCUMENT 1430180
ACTION QUERY 1200 577 hydroelectric dams
ACTION SERP 1200 582 EXAMINE_SERP
ACTION SNIPPET 1200 582 SEEN_PREVIOUSLY 497476
ACTION SNIPPET 1200 582 SNIPPET_RELEVANT 1620659
ACTION DOC 1200 602 EXAMINING_DOCUMENT 1620659
ACTION SNIPPET 1200 602 SEEN_PREVIOUSLY 1121368
ACTION SNIPPET 1200 602 SNIPPET_RELEVANT 392586
ACTION DOC 1200 622 EXAMINING_DOCUMENT 392586
ACTION SNIPPET 1200 622 SNIPPET_RELEVANT 976071
ACTION DOC 1200 642 EXAMINING_DOCUMENT 976071
ACTION SNIPPET 1200 642 SNIPPET_RELEVANT 520656
ACTION DOC 1200 662 EXAMINING_DOCUMENT 520656
ACTION MARK 1200 665 CONSIDERED_RELEVANT 520656
ACTION SNIPPET 1200 665 SNIPPET_RELEVANT 1107582
ACTION DOC 1200 685 EXAMINING_DOCUMENT 1107582
ACTION SNIPPET 1200 685 SNIPPET_RELEVANT 64032
ACTION DOC 1200 705 EXAMINING_DOCUMENT 64032
ACTION QUERY 1200 715 renewable energy hydroelectric
ACTION SERP 1200 720 EXAMINE_SERP
ACTION SNIPPET 1200 720 SEEN_PREVIOUSLY 340340
ACTION SNIPPET 1200 720 SEEN_PREVIOUSLY 1107582
ACTION SNIPPET 1200 720 SEEN_PREVIOUSLY 309412
ACTION SNIPPET 1200 720 SNIPPET_RELEVANT 1447004
ACTION DOC 1200 740 EXAMINING_DOCUMENT 1447004
ACTION SNIPPET 1200 740 SEEN_PREVIOUSLY 976071
ACTION SNIPPET 1200 740 SNIPPET_RELEVANT 876574
ACTION DOC 1200 760 EXAMINING_DOCUMENT 876574
ACTION SNIPPET 1200 760 SEEN_PREVIOUSLY 1430180
ACTION SNIPPET 1200 760 SEEN_PREVIOUSLY 29374
ACTION SNIPPET 1200 760 SNIPPET_RELEVANT 985855
ACTION DOC 1200 780 EXAMINING_DOCUMENT 985855
ACTION SNIPPET 1200 780 SNIPPET_RELEVANT 1617945
ACTION DOC 1200 800 EXAMINING_DOCUMENT 1617945
ACTION SNIPPET 1200 800 SNIPPET_RELEVANT 1613533
ACTION DOC 1200 820 EXAMINING_DOCUMENT 1613533
ACTION SNIPPET 1200 820 SEEN_PREVIOUSLY 1674939
ACTION SNIPPET 1200 820 SNIPPET_RELEVANT 1799062
ACTION DOC 1200 840 EXAMINING_DOCUMENT 1799062
ACTION QUERY 1200 850 hydroelectric project proposals
ACTION SERP 1200 855 EXAMINE_SERP
ACTION SNIPPET 1200 855 SEEN_PREVIOUSLY 302004
ACTION SNIPPET 1200 855 SEEN_PREVIOUSLY 504815
ACTION SNIPPET 1200 855 SEEN_PREVIOUSLY 272661
ACTION SNIPPET 1200 855 SNIPPET_RELEVANT 241240
ACTION DOC 1200 875 EXAMINING_DOCUMENT 241240
ACTION MARK 1200 878 CONSIDERED_RELEVANT 241240
ACTION SNIPPET 1200 878 SNIPPET_RELEVANT 1470641
ACTION DOC 1200 898 EXAMINING_DOCUMENT 1470641
ACTION MARK 1200 901 CONSIDERED_RELEVANT 1470641
ACTION SNIPPET 1200 901 SEEN_PREVIOUSLY 29374
ACTION SNIPPET 1200 901 SEEN_PREVIOUSLY 1674939
ACTION SNIPPET 1200 901 SEEN_PREVIOUSLY 392547
ACTION SNIPPET 1200 901 SEEN_PREVIOUSLY 280473
ACTION SNIPPET 1200 901 SEEN_PREVIOUSLY 21667
ACTION SNIPPET 1200 901 SNIPPET_RELEVANT 469928
ACTION DOC 1200 921 EXAMINING_DOCUMENT 469928
ACTION MARK 1200 924 CONSIDERED_RELEVANT 469928
ACTION SNIPPET 1200 924 SNIPPET_RELEVANT 36545
ACTION DOC 1200 944 EXAMINING_DOCUMENT 36545
ACTION SNIPPET 1200 944 SNIPPET_RELEVANT 1796991
ACTION DOC 1200 964 EXAMINING_DOCUMENT 1796991
ACTION SNIPPET 1200 964 SEEN_PREVIOUSLY 5062
ACTION SNIPPET 1200 964 SEEN_PREVIOUSLY 5062
ACTION SNIPPET 1200 964 SEEN_PREVIOUSLY 35583
ACTION SNIPPET 1200 964 SNIPPET_RELEVANT 65189
ACTION DOC 1200 984 EXAMINING_DOCUMENT 65189
ACTION MARK 1200 987 CONSIDERED_RELEVANT 65189
ACTION QUERY 1200 997 hydroelectric infrastructure
ACTION SERP 1200 1002 EXAMINE_SERP
ACTION SNIPPET 1200 1002 SEEN_PREVIOUSLY 1430180
ACTION SNIPPET 1200 1002 SNIPPET_RELEVANT 1551525
ACTION DOC 1200 1022 EXAMINING_DOCUMENT 1551525
ACTION SNIPPET 1200 1022 SNIPPET_RELEVANT 400505
ACTION DOC 1200 1042 EXAMINING_DOCUMENT 400505
ACTION SNIPPET 1200 1042 SNIPPET_RELEVANT 853893
ACTION DOC 1200 1062 EXAMINING_DOCUMENT 853893
ACTION SNIPPET 1200 1062 SEEN_PREVIOUSLY 1796991
ACTION SNIPPET 1200 1062 SNIPPET_RELEVANT 171135
ACTION DOC 1200 1082 EXAMINING_DOCUMENT 171135
ACTION MARK 1200 1085 CONSIDERED_RELEVANT 171135
ACTION SNIPPET 1200 1085 SNIPPET_RELEVANT 202742
ACTION DOC 1200 1105 EXAMINING_DOCUMENT 202742
ACTION MARK 1200 1108 CONSIDERED_RELEVANT 202742
ACTION SNIPPET 1200 1108 SNIPPET_RELEVANT 782737
ACTION DOC 1200 1128 EXAMINING_DOCUMENT 782737
ACTION MARK 1200 1131 CONSIDERED_RELEVANT 782737
ACTION QUERY 1200 1141 hydroelectric facilities
ACTION SERP 1200 1146 EXAMINE_SERP
ACTION SNIPPET 1200 1146 SEEN_PREVIOUSLY 876574
ACTION SNIPPET 1200 1146 SNIPPET_RELEVANT 1219469
ACTION DOC 1200 1166 EXAMINING_DOCUMENT 1219469
ACTION SNIPPET 1200 1166 SEEN_PREVIOUSLY 272661
ACTION SNIPPET 1200 1166 SEEN_PREVIOUSLY 1799062
ACTION SNIPPET 1200 1166 SNIPPET_RELEVANT 518539
ACTION DOC 1200 1186 EXAMINING_DOCUMENT 518539
ACTION SNIPPET 1200 1186 SNIPPET_RELEVANT 81578
ACTION DOC 1200 1206 EXAMINING_DOCUMENT 81578
INFO SUMMARY 
INFO TOTAL_QUERIES_ISSUED 9
INFO TOTAL_SNIPPETS_EXAMINED 85
INFO TOTAL_DOCUMENTS_EXAMINED 51
INFO TOTAL_DOCUMENTS_MARKED_RELEVANT 17
INFO TOTAL_ATTRACTIVE_SERP_IMPRESSIONS 9
INFO TOTAL_UNATTRACTIVE_SERP_IMPRESSIONS 0
