ACTION START 1200 0 START
ACTION QUERY 1200 10 Antarctica exploration
ACTION SERP 1200 15 EXAMINE_SERP
ACTION SNIPPET 1200 15 SNIPPET_RELEVANT 1853438
ACTION DOC 1200 35 EXAMINING_DOCUMENT 1853438
ACTION SNIPPET 1200 35 SNIPPET_RELEVANT 306956
ACTION DOC 1200 55 EXAMINING_DOCUMENT 306956
ACTION SNIPPET 1200 55 SNIPPET_RELEVANT 266829
ACTION DOC 1200 75 EXAMINING_DOCUMENT 266829
ACTION SNIPPET 1200 75 SNIPPET_RELEVANT 308860
ACTION DOC 1200 95 EXAMINING_DOCUMENT 308860
ACTION SNIPPET 1200 95 SNIPPET_RELEVANT 1153350
ACTION DOC 1200 115 EXAMINING_DOCUMENT 1153350
ACTION MARK 1200 118 CONSIDERED_RELEVANT 1153350
ACTION SNIPPET 1200 118 SNIPPET_RELEVANT 266048
ACTION DOC 1200 138 EXAMINING_DOCUMENT 266048
ACTION QUERY 1200 148 Scientific research Antarctica
ACTION SERP 1200 153 EXAMINE_SERP
ACTION SNIPPET 1200 153 SNIPPET_RELEVANT 93452
ACTION DOC 1200 173 EXAMINING_DOCUMENT 93452
ACTION SNIPPET 1200 173 SNIPPET_RELEVANT 309881
ACTION DOC 1200 193 EXAMINING_DOCUMENT 309881
ACTION MARK 1200 196 CONSIDERED_RELEVANT 309881
ACTION SNIPPET 1200 196 SNIPPET_RELEVANT 171793
ACTION DOC 1200 216 EXAMINING_DOCUMENT 171793
ACTION SNIPPET 1200 216 SNIPPET_RELEVANT 219464
ACTION DOC 1200 236 EXAMINING_DOCUMENT 219464
ACTION SNIPPET 1200 236 SNIPPET_RELEVANT 315474
ACTION DOC 1200 256 EXAMINING_DOCUMENT 315474
ACTION SNIPPET 1200 256 SNIPPET_RELEVANT 88083
ACTION DOC 1200 276 EXAMINING_DOCUMENT 88083
ACTION MARK 1200 279 CONSIDERED_RELEVANT 88083
ACTION QUERY 1200 289 Antarctic expeditions
ACTION SERP 1200 294 EXAMINE_SERP
ACTION SNIPPET 1200 294 SNIPPET_RELEVANT 79006
ACTION DOC 1200 314 EXAMINING_DOCUMENT 79006
ACTION MARK 1200 317 CONSIDERED_RELEVANT 79006
ACTION SNIPPET 1200 317 SNIPPET_RELEVANT 99884
ACTION DOC 1200 337 EXAMINING_DOCUMENT 99884
ACTION MARK 1200 340 CONSIDERED_RELEVANT 99884
ACTION SNIPPET 1200 340 SNIPPET_RELEVANT 1314875
ACTION DOC 1200 360 EXAMINING_DOCUMENT 1314875
ACTION SNIPPET 1200 360 SEEN_PREVIOUSLY 1153350
ACTION SNIPPET 1200 360 SNIPPET_RELEVANT 1064013
ACTION DOC 1200 380 EXAMINING_DOCUMENT 1064013
ACTION SNIPPET 1200 380 SNIPPET_RELEVANT 76128
ACTION DOC 1200 400 EXAMINING_DOCUMENT 76128
ACTION SNIPPET 1200 400 SNIPPET_RELEVANT 308387
ACTION DOC 1200 420 EXAMINING_DOCUMENT 308387
ACTION QUERY 1200 430 Ionospheric physics research
ACTION SERP 1200 435 EXAMINE_SERP
ACTION SNIPPET 1200 435 SNIPPET_RELEVANT 810568
ACTION DOC 1200 455 EXAMINING_DOCUMENT 810568
ACTION SNIPPET 1200 455 SNIPPET_RELEVANT 1513117
ACTION DOC 1200 475 EXAMINING_DOCUMENT 1513117
ACTION SNIPPET 1200 475 SNIPPET_RELEVANT 368916
ACTION DOC 1200 495 EXAMINING_DOCUMENT 368916
ACTION SNIPPET 1200 495 SNIPPET_RELEVANT 457335
ACTION DOC 1200 515 EXAMINING_DOCUMENT 457335
ACTION SNIPPET 1200 515 SNIPPET_RELEVANT 1681022
ACTION DOC 1200 535 EXAMINING_DOCUMENT 1681022
ACTION SNIPPET 1200 535 SNIPPET_RELEVANT 1620377
ACTION DOC 1200 555 EXAMINING_DOCUMENT 1620377
ACTION QUERY 1200 565 Seismology Antarctica
ACTION SERP 1200 570 EXAMINE_SERP
ACTION SNIPPET 1200 570 SNIPPET_RELEVANT 433372
ACTION DOC 1200 590 EXAMINING_DOCUMENT 433372
ACTION MARK 1200 593 CONSIDERED_RELEVANT 433372
ACTION SNIPPET 1200 593 SNIPPET_RELEVANT 1675562
ACTION DOC 1200 613 EXAMINING_DOCUMENT 1675562
ACTION SNIPPET 1200 613 SNIPPET_RELEVANT 41278
ACTION DOC 1200 633 EXAMINING_DOCUMENT 41278
ACTION SNIPPET 1200 633 SNIPPET_RELEVANT 151968
ACTION DOC 1200 653 EXAMINING_DOCUMENT 151968
ACTION SNIPPET 1200 653 SNIPPET_RELEVANT 284066
ACTION DOC 1200 673 EXAMINING_DOCUMENT 284066
ACTION SNIPPET 1200 673 SNIPPET_RELEVANT 347604
ACTION DOC 1200 693 EXAMINING_DOCUMENT 347604
ACTION QUERY 1200 703 Economic development Antarctica
ACTION SERP 1200 708 EXAMINE_SERP
ACTION SNIPPET 1200 708 SNIPPET_RELEVANT 152244
ACTION DOC 1200 728 EXAMINING_DOCUMENT 152244
ACTION MARK 1200 731 CONSIDERED_RELEVANT 152244
ACTION SNIPPET 1200 731 SNIPPET_RELEVANT 442346
ACTION DOC 1200 751 EXAMINING_DOCUMENT 442346
ACTION MARK 1200 754 CONSIDERED_RELEVANT 442346
ACTION SNIPPET 1200 754 SNIPPET_RELEVANT 400763
ACTION DOC 1200 774 EXAMINING_DOCUMENT 400763
ACTION MARK 1200 777 CONSIDERED_RELEVANT 400763
ACTION SNIPPET 1200 777 SNIPPET_RELEVANT 390508
ACTION DOC 1200 797 EXAMINING_DOCUMENT 390508
ACTION MARK 1200 800 CONSIDERED_RELEVANT 390508
ACTION SNIPPET 1200 800 SNIPPET_RELEVANT 294207
ACTION DOC 1200 820 EXAMINING_DOCUMENT 294207
ACTION MARK 1200 823 CONSIDERED_RELEVANT 294207
ACTION QUERY 1200 833 Mineral mining ban Antarctica
ACTION SERP 1200 838 EXAMINE_SERP
ACTION SNIPPET 1200 838 SEEN_PREVIOUSLY 442346
ACTION SNIPPET 1200 838 SNIPPET_RELEVANT 294019
ACTION DOC 1200 858 EXAMINING_DOCUMENT 294019
ACTION MARK 1200 861 CONSIDERED_RELEVANT 294019
ACTION SNIPPET 1200 861 SNIPPET_RELEVANT 453577
ACTION DOC 1200 881 EXAMINING_DOCUMENT 453577
ACTION MARK 1200 884 CONSIDERED_RELEVANT 453577
ACTION SNIPPET 1200 884 SNIPPET_RELEVANT 457740
ACTION DOC 1200 904 EXAMINING_DOCUMENT 457740
ACTION MARK 1200 907 CONSIDERED_RELEVANT 457740
ACTION SNIPPET 1200 907 SNIPPET_RELEVANT 285894
ACTION DOC 1200 927 EXAMINING_DOCUMENT 285894
ACTION MARK 1200 930 CONSIDERED_RELEVANT 285894
ACTION SNIPPET 1200 930 SNIPPET_RELEVANT 450731
ACTION DOC 1200 950 EXAMINING_DOCUMENT 450731
ACTION MARK 1200 953 CONSIDERED_RELEVANT 450731
ACTION QUERY 1200 963 Future Antarctic research
ACTION SERP 1200 968 EXAMINE_SERP
ACTION SNIPPET 1200 968 SEEN_PREVIOUSLY 315474
ACTION SNIPPET 1200 968 SNIPPET_RELEVANT 1134422
ACTION DOC 1200 988 EXAMINING_DOCUMENT 1134422
ACTION MARK 1200 991 CONSIDERED_RELEVANT 1134422
ACTION SNIPPET 1200 991 SNIPPET_RELEVANT 478465
ACTION DOC 1200 1011 EXAMINING_DOCUMENT 478465
ACTION MARK 1200 1014 CONSIDERED_RELEVANT 478465
ACTION SNIPPET 1200 1014 SEEN_PREVIOUSLY 171793
ACTION SNIPPET 1200 1014 SNIPPET_RELEVANT 76551
ACTION DOC 1200 1034 EXAMINING_DOCUMENT 76551
ACTION MARK 1200 1037 CONSIDERED_RELEVANT 76551
ACTION SNIPPET 1200 1037 SNIPPET_RELEVANT 491178
ACTION DOC 1200 1057 EXAMINING_DOCUMENT 491178
ACTION MARK 1200 1060 CONSIDERED_RELEVANT 491178
ACTION SNIPPET 1200 1060 SNIPPET_RELEVANT 1091024
ACTION DOC 1200 1080 EXAMINING_DOCUMENT 1091024
ACTION MARK 1200 1083 CONSIDERED_RELEVANT 1091024
ACTION QUERY 1200 1093 Current Antarctic projects
ACTION SERP 1200 1098 EXAMINE_SERP
ACTION SNIPPET 1200 1098 SNIPPET_RELEVANT 446967
ACTION DOC 1200 1118 EXAMINING_DOCUMENT 446967
ACTION MARK 1200 1121 CONSIDERED_RELEVANT 446967
ACTION SNIPPET 1200 1121 SNIPPET_RELEVANT 412372
ACTION DOC 1200 1141 EXAMINING_DOCUMENT 412372
ACTION MARK 1200 1144 CONSIDERED_RELEVANT 412372
ACTION SNIPPET 1200 1144 SEEN_PREVIOUSLY 152244
ACTION SNIPPET 1200 1144 SEEN_PREVIOUSLY 400763
ACTION SNIPPET 1200 1144 SNIPPET_RELEVANT 20825
ACTION DOC 1200 1164 EXAMINING_DOCUMENT 20825
ACTION SNIPPET 1200 1164 SNIPPET_RELEVANT 1583965
ACTION DOC 1200 1184 EXAMINING_DOCUMENT 1583965
ACTION MARK 1200 1187 CONSIDERED_RELEVANT 1583965
ACTION SNIPPET 1200 1187 SEEN_PREVIOUSLY 79006
ACTION SNIPPET 1200 1187 SNIPPET_RELEVANT 1829056
ACTION DOC 1200 1207 EXAMINING_DOCUMENT 1829056
INFO SUMMARY 
INFO TOTAL_QUERIES_ISSUED 9
INFO TOTAL_SNIPPETS_EXAMINED 57
INFO TOTAL_DOCUMENTS_EXAMINED 50
INFO TOTAL_DOCUMENTS_MARKED_RELEVANT 25
INFO TOTAL_ATTRACTIVE_SERP_IMPRESSIONS 9
INFO TOTAL_UNATTRACTIVE_SERP_IMPRESSIONS 0
