ACTION START 1200 0 START
ACTION QUERY 1200 10 tower leaning pisa
ACTION SERP 1200 15 EXAMINE_SERP
ACTION SNIPPET 1200 15 SNIPPET_RELEVANT 88633
ACTION DOC 1200 35 EXAMINING_DOCUMENT 88633
ACTION MARK 1200 38 CONSIDERED_RELEVANT 88633
ACTION SNIPPET 1200 38 SNIPPET_NOT_RELEVANT 269
ACTION SNIPPET 1200 38 SNIPPET_NOT_RELEVANT 269
ACTION SNIPPET 1200 38 SNIPPET_NOT_RELEVANT 434219
ACTION SNIPPET 1200 38 SNIPPET_RELEVANT 1575652
ACTION DOC 1200 58 EXAMINING_DOCUMENT 1575652
ACTION MARK 1200 61 CONSIDERED_RELEVANT 1575652
ACTION SNIPPET 1200 61 SNIPPET_RELEVANT 31383
ACTION DOC 1200 81 EXAMINING_DOCUMENT 31383
ACTION MARK 1200 84 CONSIDERED_RELEVANT 31383
ACTION SNIPPET 1200 84 SNIPPET_RELEVANT 1325286
ACTION DOC 1200 104 EXAMINING_DOCUMENT 1325286
ACTION MARK 1200 107 CONSIDERED_RELEVANT 1325286
ACTION SNIPPET 1200 107 SNIPPET_RELEVANT 1351564
ACTION DOC 1200 127 EXAMINING_DOCUMENT 1351564
ACTION MARK 1200 130 CONSIDERED_RELEVANT 1351564
ACTION QUERY 1200 140 tower leaning efforts
ACTION SERP 1200 145 EXAMINE_SERP
ACTION SNIPPET 1200 145 SNIPPET_NOT_RELEVANT 252420
ACTION SNIPPET 1200 145 SNIPPET_RELEVANT 766777
ACTION DOC 1200 165 EXAMINING_DOCUMENT 766777
ACTION MARK 1200 168 CONSIDERED_RELEVANT 766777
ACTION SNIPPET 1200 168 SEEN_PREVIOUSLY 1351564
ACTION SNIPPET 1200 168 SNIPPET_NOT_RELEVANT 227106
ACTION SNIPPET 1200 168 SNIPPET_RELEVANT 645300
ACTION DOC 1200 188 EXAMINING_DOCUMENT 645300
ACTION MARK 1200 191 CONSIDERED_RELEVANT 645300
ACTION SNIPPET 1200 191 SNIPPET_NOT_RELEVANT 269
ACTION SNIPPET 1200 191 SNIPPET_NOT_RELEVANT 269
ACTION SNIPPET 1200 191 SEEN_PREVIOUSLY 88633
ACTION SNIPPET 1200 191 SNIPPET_RELEVANT 298897
ACTION DOC 1200 211 EXAMINING_DOCUMENT 298897
ACTION MARK 1200 214 CONSIDERED_RELEVANT 298897
ACTION SNIPPET 1200 214 SNIPPET_NOT_RELEVANT 1620239
ACTION SNIPPET 1200 214 SEEN_PREVIOUSLY 1575652
ACTION SNIPPET 1200 214 SNIPPET_NOT_RELEVANT 434219
ACTION SNIPPET 1200 214 SNIPPET_RELEVANT 985739
ACTION DOC 1200 234 EXAMINING_DOCUMENT 985739
ACTION MARK 1200 237 CONSIDERED_RELEVANT 985739
ACTION SNIPPET 1200 237 SNIPPET_NOT_RELEVANT 227870
ACTION SNIPPET 1200 237 SEEN_PREVIOUSLY 1325286
ACTION SNIPPET 1200 237 SEEN_PREVIOUSLY 31383
ACTION SNIPPET 1200 237 SNIPPET_NOT_RELEVANT 309850
ACTION SNIPPET 1200 237 SNIPPET_NOT_RELEVANT 762187
ACTION SNIPPET 1200 237 SNIPPET_NOT_RELEVANT 117943
ACTION SNIPPET 1200 237 SNIPPET_NOT_RELEVANT 339617
ACTION SNIPPET 1200 237 SNIPPET_NOT_RELEVANT 984009
ACTION SNIPPET 1200 237 SNIPPET_NOT_RELEVANT 1449967
ACTION SNIPPET 1200 237 SNIPPET_NOT_RELEVANT 1428229
ACTION SNIPPET 1200 237 SNIPPET_NOT_RELEVANT 1822004
ACTION SNIPPET 1200 237 SNIPPET_NOT_RELEVANT 1303851
ACTION SNIPPET 1200 237 SNIPPET_NOT_RELEVANT 297790
ACTION SNIPPET 1200 237 SNIPPET_NOT_RELEVANT 1498382
ACTION SNIPPET 1200 237 SNIPPET_NOT_RELEVANT 308430
ACTION SNIPPET 1200 237 SNIPPET_NOT_RELEVANT 1617072
ACTION SNIPPET 1200 237 SNIPPET_NOT_RELEVANT 227381
ACTION SNIPPET 1200 237 SNIPPET_NOT_RELEVANT 1663068
ACTION SNIPPET 1200 237 SNIPPET_NOT_RELEVANT 1250235
ACTION SNIPPET 1200 237 SNIPPET_NOT_RELEVANT 552154
ACTION SNIPPET 1200 237 SNIPPET_NOT_RELEVANT 1542964
ACTION SNIPPET 1200 237 SNIPPET_NOT_RELEVANT 1514765
ACTION SNIPPET 1200 237 SNIPPET_NOT_RELEVANT 1789819
ACTION SNIPPET 1200 237 SNIPPET_NOT_RELEVANT 803506
ACTION SNIPPET 1200 237 SNIPPET_RELEVANT 1206098
ACTION DOC 1200 257 EXAMINING_DOCUMENT 1206098
ACTION MARK 1200 260 CONSIDERED_RELEVANT 1206098
ACTION QUERY 1200 270 tower leaning provide
ACTION SERP 1200 275 EXAMINE_SERP
ACTION SNIPPET 1200 275 SEEN_PREVIOUSLY 645300
ACTION SNIPPET 1200 275 SNIPPET_NOT_RELEVANT 269
ACTION SNIPPET 1200 275 SNIPPET_NOT_RELEVANT 269
ACTION SNIPPET 1200 275 SEEN_PREVIOUSLY 88633
ACTION SNIPPET 1200 275 SEEN_PREVIOUSLY 298897
ACTION SNIPPET 1200 275 SNIPPET_NOT_RELEVANT 1620239
ACTION SNIPPET 1200 275 SEEN_PREVIOUSLY 1575652
ACTION SNIPPET 1200 275 SNIPPET_NOT_RELEVANT 252420
ACTION SNIPPET 1200 275 SEEN_PREVIOUSLY 766777
ACTION SNIPPET 1200 275 SNIPPET_NOT_RELEVANT 434219
ACTION SNIPPET 1200 275 SNIPPET_NOT_RELEVANT 227106
ACTION SNIPPET 1200 275 SEEN_PREVIOUSLY 985739
ACTION SNIPPET 1200 275 SEEN_PREVIOUSLY 1325286
ACTION SNIPPET 1200 275 SEEN_PREVIOUSLY 31383
ACTION SNIPPET 1200 275 SEEN_PREVIOUSLY 1351564
ACTION SNIPPET 1200 275 SNIPPET_NOT_RELEVANT 117943
ACTION SNIPPET 1200 275 SNIPPET_NOT_RELEVANT 339617
ACTION SNIPPET 1200 275 SNIPPET_NOT_RELEVANT 309850
ACTION SNIPPET 1200 275 SNIPPET_NOT_RELEVANT 297790
ACTION SNIPPET 1200 275 SNIPPET_NOT_RELEVANT 308430
ACTION SNIPPET 1200 275 SNIPPET_NOT_RELEVANT 227870
ACTION SNIPPET 1200 275 SNIPPET_NOT_RELEVANT 1617072
ACTION SNIPPET 1200 275 SNIPPET_NOT_RELEVANT 1663068
ACTION SNIPPET 1200 275 SNIPPET_NOT_RELEVANT 1250235
ACTION SNIPPET 1200 275 SNIPPET_NOT_RELEVANT 552154
ACTION SNIPPET 1200 275 SNIPPET_NOT_RELEVANT 1542964
ACTION SNIPPET 1200 275 SNIPPET_NOT_RELEVANT 1514765
ACTION SNIPPET 1200 275 SNIPPET_NOT_RELEVANT 803506
ACTION SNIPPET 1200 275 SNIPPET_NOT_RELEVANT 1238493
ACTION SNIPPET 1200 275 SNIPPET_NOT_RELEVANT 230114
ACTION SNIPPET 1200 275 SNIPPET_NOT_RELEVANT 1619450
ACTION SNIPPET 1200 275 SNIPPET_NOT_RELEVANT 1632231
ACTION SNIPPET 1200 275 SNIPPET_NOT_RELEVANT 1331403
ACTION SNIPPET 1200 275 SNIPPET_NOT_RELEVANT 1425748
ACTION SNIPPET 1200 275 SNIPPET_NOT_RELEVANT 1822004
ACTION SNIPPET 1200 275 SNIPPET_NOT_RELEVANT 1337692
ACTION SNIPPET 1200 275 SNIPPET_NOT_RELEVANT 1326595
ACTION SNIPPET 1200 275 SNIPPET_NOT_RELEVANT 995480
ACTION SNIPPET 1200 275 SNIPPET_NOT_RELEVANT 1075877
ACTION SNIPPET 1200 275 SNIPPET_NOT_RELEVANT 762552
ACTION SNIPPET 1200 275 SNIPPET_NOT_RELEVANT 1404212
ACTION SNIPPET 1200 275 SNIPPET_NOT_RELEVANT 1340707
ACTION SNIPPET 1200 275 SNIPPET_NOT_RELEVANT 1449967
ACTION SNIPPET 1200 275 SNIPPET_NOT_RELEVANT 1217259
ACTION SNIPPET 1200 275 SNIPPET_NOT_RELEVANT 1732291
ACTION SNIPPET 1200 275 SNIPPET_RELEVANT 538867
ACTION DOC 1200 295 EXAMINING_DOCUMENT 538867
ACTION MARK 1200 298 CONSIDERED_RELEVANT 538867
ACTION SNIPPET 1200 298 SNIPPET_NOT_RELEVANT 1354101
ACTION SNIPPET 1200 298 SNIPPET_NOT_RELEVANT 218215
ACTION SNIPPET 1200 298 SNIPPET_NOT_RELEVANT 1710605
ACTION SNIPPET 1200 298 SNIPPET_NOT_RELEVANT 1330891
ACTION SNIPPET 1200 298 SNIPPET_NOT_RELEVANT 1423169
ACTION SNIPPET 1200 298 SNIPPET_NOT_RELEVANT 672549
ACTION SNIPPET 1200 298 SNIPPET_NOT_RELEVANT 82039
ACTION SNIPPET 1200 298 SNIPPET_NOT_RELEVANT 1718913
ACTION SNIPPET 1200 298 SNIPPET_NOT_RELEVANT 605445
ACTION SNIPPET 1200 298 SNIPPET_NOT_RELEVANT 762187
ACTION SNIPPET 1200 298 SNIPPET_NOT_RELEVANT 1303851
ACTION SNIPPET 1200 298 SNIPPET_NOT_RELEVANT 1263648
ACTION SNIPPET 1200 298 SNIPPET_NOT_RELEVANT 229692
ACTION SNIPPET 1200 298 SNIPPET_NOT_RELEVANT 1789819
ACTION SNIPPET 1200 298 SNIPPET_NOT_RELEVANT 984009
ACTION SNIPPET 1200 298 SNIPPET_NOT_RELEVANT 229516
ACTION SNIPPET 1200 298 SNIPPET_NOT_RELEVANT 1333142
ACTION SNIPPET 1200 298 SNIPPET_NOT_RELEVANT 264889
ACTION SNIPPET 1200 298 SNIPPET_NOT_RELEVANT 991583
ACTION SNIPPET 1200 298 SNIPPET_NOT_RELEVANT 942037
ACTION SNIPPET 1200 298 SNIPPET_NOT_RELEVANT 1369871
ACTION SNIPPET 1200 298 SNIPPET_NOT_RELEVANT 1139767
ACTION SNIPPET 1200 298 SNIPPET_NOT_RELEVANT 1819398
ACTION SNIPPET 1200 298 SNIPPET_NOT_RELEVANT 1819543
ACTION SNIPPET 1200 298 SNIPPET_NOT_RELEVANT 1313633
ACTION SNIPPET 1200 298 SNIPPET_NOT_RELEVANT 1719326
ACTION SNIPPET 1200 298 SNIPPET_NOT_RELEVANT 1226168
ACTION SNIPPET 1200 298 SNIPPET_NOT_RELEVANT 614888
ACTION SNIPPET 1200 298 SNIPPET_NOT_RELEVANT 223549
ACTION SNIPPET 1200 298 SNIPPET_NOT_RELEVANT 1334801
ACTION SNIPPET 1200 298 SNIPPET_NOT_RELEVANT 1653124
ACTION SNIPPET 1200 298 SNIPPET_NOT_RELEVANT 593021
ACTION SNIPPET 1200 298 SNIPPET_NOT_RELEVANT 1697892
ACTION SNIPPET 1200 298 SNIPPET_NOT_RELEVANT 900300
ACTION SNIPPET 1200 298 SNIPPET_NOT_RELEVANT 1650857
ACTION SNIPPET 1200 298 SNIPPET_NOT_RELEVANT 1433420
ACTION SNIPPET 1200 298 SNIPPET_NOT_RELEVANT 1498382
ACTION SNIPPET 1200 298 SNIPPET_NOT_RELEVANT 606935
ACTION SNIPPET 1200 298 SNIPPET_NOT_RELEVANT 486705
ACTION SNIPPET 1200 298 SNIPPET_NOT_RELEVANT 729807
ACTION SNIPPET 1200 298 SNIPPET_NOT_RELEVANT 1476808
ACTION SNIPPET 1200 298 SNIPPET_NOT_RELEVANT 43525
ACTION SNIPPET 1200 298 SNIPPET_NOT_RELEVANT 227381
ACTION SNIPPET 1200 298 SNIPPET_NOT_RELEVANT 690548
ACTION SNIPPET 1200 298 SNIPPET_NOT_RELEVANT 690553
ACTION SNIPPET 1200 298 SNIPPET_NOT_RELEVANT 1582978
ACTION SNIPPET 1200 298 SNIPPET_NOT_RELEVANT 352893
ACTION SNIPPET 1200 298 SNIPPET_NOT_RELEVANT 1360090
ACTION SNIPPET 1200 298 SEEN_PREVIOUSLY 1206098
ACTION SNIPPET 1200 298 SNIPPET_NOT_RELEVANT 363551
ACTION SNIPPET 1200 298 SNIPPET_NOT_RELEVANT 1641854
ACTION SNIPPET 1200 298 SNIPPET_NOT_RELEVANT 562149
ACTION SNIPPET 1200 298 SNIPPET_NOT_RELEVANT 1439462
ACTION SNIPPET 1200 298 SNIPPET_NOT_RELEVANT 1428229
INFO SERP_END_REACHED 
ACTION QUERY 1200 308 tower leaning stabilize
ACTION SERP 1200 313 EXAMINE_SERP
ACTION SNIPPET 1200 313 SEEN_PREVIOUSLY 766777
ACTION SNIPPET 1200 313 SEEN_PREVIOUSLY 645300
ACTION SNIPPET 1200 313 SEEN_PREVIOUSLY 31383
ACTION SNIPPET 1200 313 SEEN_PREVIOUSLY 1325286
ACTION SNIPPET 1200 313 SEEN_PREVIOUSLY 985739
ACTION SNIPPET 1200 313 SNIPPET_NOT_RELEVANT 1620239
ACTION SNIPPET 1200 313 SNIPPET_NOT_RELEVANT 1360090
ACTION SNIPPET 1200 313 SNIPPET_NOT_RELEVANT 269
ACTION SNIPPET 1200 313 SNIPPET_NOT_RELEVANT 269
ACTION SNIPPET 1200 313 SNIPPET_NOT_RELEVANT 919112
ACTION SNIPPET 1200 313 SEEN_PREVIOUSLY 88633
ACTION SNIPPET 1200 313 SEEN_PREVIOUSLY 298897
ACTION SNIPPET 1200 313 SNIPPET_NOT_RELEVANT 418233
ACTION SNIPPET 1200 313 SEEN_PREVIOUSLY 1575652
ACTION SNIPPET 1200 313 SNIPPET_NOT_RELEVANT 252420
ACTION SNIPPET 1200 313 SNIPPET_NOT_RELEVANT 434219
ACTION SNIPPET 1200 313 SNIPPET_NOT_RELEVANT 227106
ACTION SNIPPET 1200 313 SNIPPET_NOT_RELEVANT 1789819
ACTION SNIPPET 1200 313 SNIPPET_NOT_RELEVANT 1032948
ACTION SNIPPET 1200 313 SNIPPET_NOT_RELEVANT 44434
ACTION SNIPPET 1200 313 SEEN_PREVIOUSLY 1351564
ACTION SNIPPET 1200 313 SNIPPET_NOT_RELEVANT 1294961
ACTION SNIPPET 1200 313 SNIPPET_NOT_RELEVANT 117943
ACTION SNIPPET 1200 313 SNIPPET_NOT_RELEVANT 339617
ACTION SNIPPET 1200 313 SNIPPET_NOT_RELEVANT 1641854
ACTION SNIPPET 1200 313 SNIPPET_NOT_RELEVANT 1672239
ACTION SNIPPET 1200 313 SNIPPET_NOT_RELEVANT 502331
ACTION SNIPPET 1200 313 SNIPPET_NOT_RELEVANT 723308
ACTION SNIPPET 1200 313 SNIPPET_NOT_RELEVANT 268304
ACTION SNIPPET 1200 313 SNIPPET_RELEVANT 1555171
ACTION DOC 1200 333 EXAMINING_DOCUMENT 1555171
ACTION MARK 1200 336 CONSIDERED_RELEVANT 1555171
ACTION SNIPPET 1200 336 SNIPPET_NOT_RELEVANT 690277
ACTION SNIPPET 1200 336 SNIPPET_NOT_RELEVANT 309850
ACTION SNIPPET 1200 336 SNIPPET_NOT_RELEVANT 18097
ACTION SNIPPET 1200 336 SNIPPET_NOT_RELEVANT 70094
ACTION SNIPPET 1200 336 SNIPPET_NOT_RELEVANT 1499252
ACTION SNIPPET 1200 336 SNIPPET_NOT_RELEVANT 297790
ACTION SNIPPET 1200 336 SNIPPET_NOT_RELEVANT 991583
ACTION SNIPPET 1200 336 SNIPPET_NOT_RELEVANT 1324961
ACTION SNIPPET 1200 336 SNIPPET_NOT_RELEVANT 308430
ACTION SNIPPET 1200 336 SNIPPET_NOT_RELEVANT 253421
ACTION SNIPPET 1200 336 SNIPPET_NOT_RELEVANT 227870
ACTION SNIPPET 1200 336 SNIPPET_NOT_RELEVANT 1096818
ACTION SNIPPET 1200 336 SNIPPET_NOT_RELEVANT 95175
ACTION SNIPPET 1200 336 SNIPPET_NOT_RELEVANT 1617072
ACTION SNIPPET 1200 336 SNIPPET_NOT_RELEVANT 1663068
ACTION SNIPPET 1200 336 SNIPPET_NOT_RELEVANT 1250235
ACTION SNIPPET 1200 336 SNIPPET_NOT_RELEVANT 552154
ACTION SNIPPET 1200 336 SNIPPET_NOT_RELEVANT 1542964
ACTION SNIPPET 1200 336 SNIPPET_NOT_RELEVANT 1514765
ACTION SNIPPET 1200 336 SNIPPET_NOT_RELEVANT 803506
ACTION SNIPPET 1200 336 SNIPPET_NOT_RELEVANT 1833833
ACTION SNIPPET 1200 336 SNIPPET_NOT_RELEVANT 13538
ACTION SNIPPET 1200 336 SNIPPET_NOT_RELEVANT 125112
ACTION SNIPPET 1200 336 SNIPPET_NOT_RELEVANT 1238493
ACTION SNIPPET 1200 336 SNIPPET_NOT_RELEVANT 230114
ACTION SNIPPET 1200 336 SNIPPET_NOT_RELEVANT 1355264
ACTION SNIPPET 1200 336 SNIPPET_NOT_RELEVANT 981146
ACTION SNIPPET 1200 336 SNIPPET_NOT_RELEVANT 1619450
ACTION SNIPPET 1200 336 SNIPPET_NOT_RELEVANT 898094
ACTION SNIPPET 1200 336 SNIPPET_NOT_RELEVANT 1800537
ACTION SNIPPET 1200 336 SNIPPET_NOT_RELEVANT 1800563
ACTION SNIPPET 1200 336 SNIPPET_NOT_RELEVANT 1800604
ACTION SNIPPET 1200 336 SNIPPET_NOT_RELEVANT 1800583
ACTION SNIPPET 1200 336 SNIPPET_NOT_RELEVANT 1453120
ACTION SNIPPET 1200 336 SNIPPET_NOT_RELEVANT 810489
ACTION SNIPPET 1200 336 SNIPPET_NOT_RELEVANT 1815559
ACTION SNIPPET 1200 336 SNIPPET_NOT_RELEVANT 1849739
ACTION SNIPPET 1200 336 SNIPPET_NOT_RELEVANT 1632231
ACTION SNIPPET 1200 336 SNIPPET_NOT_RELEVANT 1569753
ACTION SNIPPET 1200 336 SNIPPET_NOT_RELEVANT 1343465
ACTION SNIPPET 1200 336 SNIPPET_NOT_RELEVANT 486550
ACTION SNIPPET 1200 336 SNIPPET_NOT_RELEVANT 1813020
ACTION SNIPPET 1200 336 SNIPPET_NOT_RELEVANT 270697
ACTION SNIPPET 1200 336 SNIPPET_NOT_RELEVANT 1068825
ACTION SNIPPET 1200 336 SNIPPET_NOT_RELEVANT 1331403
ACTION SNIPPET 1200 336 SNIPPET_NOT_RELEVANT 1748687
ACTION SNIPPET 1200 336 SNIPPET_NOT_RELEVANT 405688
ACTION SNIPPET 1200 336 SNIPPET_NOT_RELEVANT 1835840
ACTION SNIPPET 1200 336 SNIPPET_NOT_RELEVANT 13734
ACTION SNIPPET 1200 336 SNIPPET_NOT_RELEVANT 409622
ACTION SNIPPET 1200 336 SNIPPET_NOT_RELEVANT 1425748
ACTION SNIPPET 1200 336 SNIPPET_NOT_RELEVANT 1145391
ACTION SNIPPET 1200 336 SNIPPET_NOT_RELEVANT 1099906
ACTION SNIPPET 1200 336 SNIPPET_NOT_RELEVANT 1762823
ACTION SNIPPET 1200 336 SNIPPET_NOT_RELEVANT 1811515
ACTION SNIPPET 1200 336 SNIPPET_NOT_RELEVANT 864486
ACTION SNIPPET 1200 336 SNIPPET_NOT_RELEVANT 1444479
ACTION SNIPPET 1200 336 SNIPPET_NOT_RELEVANT 1531994
ACTION SNIPPET 1200 336 SNIPPET_NOT_RELEVANT 1822004
ACTION SNIPPET 1200 336 SNIPPET_NOT_RELEVANT 1205633
ACTION SNIPPET 1200 336 SNIPPET_NOT_RELEVANT 516824
ACTION SNIPPET 1200 336 SNIPPET_NOT_RELEVANT 329582
ACTION SNIPPET 1200 336 SNIPPET_NOT_RELEVANT 1337692
ACTION SNIPPET 1200 336 SNIPPET_NOT_RELEVANT 436923
ACTION SNIPPET 1200 336 SNIPPET_NOT_RELEVANT 292923
ACTION SNIPPET 1200 336 SNIPPET_NOT_RELEVANT 1326595
ACTION SNIPPET 1200 336 SNIPPET_NOT_RELEVANT 995480
ACTION SNIPPET 1200 336 SNIPPET_NOT_RELEVANT 1075877
ACTION SNIPPET 1200 336 SNIPPET_NOT_RELEVANT 762552
ACTION SNIPPET 1200 336 SNIPPET_NOT_RELEVANT 1325483
INFO SERP_END_REACHED 
ACTION QUERY 1200 346 tower leaning successful
ACTION SERP 1200 351 EXAMINE_SERP
ACTION SNIPPET 1200 351 SEEN_PREVIOUSLY 1325286
ACTION SNIPPET 1200 351 SEEN_PREVIOUSLY 31383
ACTION SNIPPET 1200 351 SNIPPET_NOT_RELEVANT 227106
ACTION SNIPPET 1200 351 SEEN_PREVIOUSLY 645300
ACTION SNIPPET 1200 351 SNIPPET_NOT_RELEVANT 269
ACTION SNIPPET 1200 351 SNIPPET_NOT_RELEVANT 269
ACTION SNIPPET 1200 351 SEEN_PREVIOUSLY 88633
ACTION SNIPPET 1200 351 SEEN_PREVIOUSLY 298897
ACTION SNIPPET 1200 351 SNIPPET_NOT_RELEVANT 1620239
ACTION SNIPPET 1200 351 SEEN_PREVIOUSLY 1575652
ACTION SNIPPET 1200 351 SNIPPET_NOT_RELEVANT 252420
ACTION SNIPPET 1200 351 SEEN_PREVIOUSLY 766777
ACTION SNIPPET 1200 351 SNIPPET_NOT_RELEVANT 434219
ACTION SNIPPET 1200 351 SEEN_PREVIOUSLY 985739
ACTION SNIPPET 1200 351 SNIPPET_NOT_RELEVANT 1514765
ACTION SNIPPET 1200 351 SEEN_PREVIOUSLY 1351564
ACTION SNIPPET 1200 351 SNIPPET_NOT_RELEVANT 117943
ACTION SNIPPET 1200 351 SNIPPET_NOT_RELEVANT 339617
ACTION SNIPPET 1200 351 SNIPPET_NOT_RELEVANT 309850
ACTION SNIPPET 1200 351 SNIPPET_NOT_RELEVANT 297790
ACTION SNIPPET 1200 351 SNIPPET_NOT_RELEVANT 1641854
ACTION SNIPPET 1200 351 SNIPPET_NOT_RELEVANT 308430
ACTION SNIPPET 1200 351 SNIPPET_NOT_RELEVANT 227870
ACTION SNIPPET 1200 351 SNIPPET_NOT_RELEVANT 1617072
ACTION SNIPPET 1200 351 SNIPPET_NOT_RELEVANT 1663068
ACTION SNIPPET 1200 351 SNIPPET_NOT_RELEVANT 1250235
ACTION SNIPPET 1200 351 SNIPPET_NOT_RELEVANT 552154
ACTION SNIPPET 1200 351 SNIPPET_NOT_RELEVANT 1542964
ACTION SNIPPET 1200 351 SNIPPET_NOT_RELEVANT 549124
ACTION SNIPPET 1200 351 SNIPPET_NOT_RELEVANT 803506
ACTION SNIPPET 1200 351 SNIPPET_NOT_RELEVANT 435589
ACTION SNIPPET 1200 351 SNIPPET_NOT_RELEVANT 1238493
ACTION SNIPPET 1200 351 SNIPPET_NOT_RELEVANT 230114
ACTION SNIPPET 1200 351 SNIPPET_NOT_RELEVANT 1619450
ACTION SNIPPET 1200 351 SNIPPET_NOT_RELEVANT 1632231
ACTION SNIPPET 1200 351 SNIPPET_NOT_RELEVANT 1331403
ACTION SNIPPET 1200 351 SNIPPET_NOT_RELEVANT 352893
ACTION SNIPPET 1200 351 SNIPPET_NOT_RELEVANT 1425748
ACTION SNIPPET 1200 351 SNIPPET_NOT_RELEVANT 1553516
ACTION SNIPPET 1200 351 SNIPPET_NOT_RELEVANT 1456683
ACTION SNIPPET 1200 351 SNIPPET_NOT_RELEVANT 1822004
ACTION SNIPPET 1200 351 SNIPPET_NOT_RELEVANT 1337692
ACTION SNIPPET 1200 351 SNIPPET_NOT_RELEVANT 393816
ACTION SNIPPET 1200 351 SNIPPET_NOT_RELEVANT 1326595
ACTION SNIPPET 1200 351 SNIPPET_NOT_RELEVANT 995480
ACTION SNIPPET 1200 351 SNIPPET_NOT_RELEVANT 1075877
ACTION SNIPPET 1200 351 SNIPPET_NOT_RELEVANT 762552
ACTION SNIPPET 1200 351 SNIPPET_NOT_RELEVANT 1404212
ACTION SNIPPET 1200 351 SNIPPET_NOT_RELEVANT 1340707
ACTION SNIPPET 1200 351 SNIPPET_NOT_RELEVANT 1449967
ACTION SNIPPET 1200 351 SNIPPET_NOT_RELEVANT 1217259
ACTION SNIPPET 1200 351 SNIPPET_NOT_RELEVANT 1732291
ACTION SNIPPET 1200 351 SNIPPET_NOT_RELEVANT 1545778
ACTION SNIPPET 1200 351 SNIPPET_NOT_RELEVANT 837891
ACTION SNIPPET 1200 351 SEEN_PREVIOUSLY 538867
ACTION SNIPPET 1200 351 SNIPPET_NOT_RELEVANT 1354101
ACTION SNIPPET 1200 351 SNIPPET_NOT_RELEVANT 218215
ACTION SNIPPET 1200 351 SNIPPET_NOT_RELEVANT 318645
ACTION SNIPPET 1200 351 SNIPPET_NOT_RELEVANT 1710605
ACTION SNIPPET 1200 351 SNIPPET_NOT_RELEVANT 1330891
ACTION SNIPPET 1200 351 SNIPPET_NOT_RELEVANT 1136292
ACTION SNIPPET 1200 351 SNIPPET_NOT_RELEVANT 1423169
ACTION SNIPPET 1200 351 SNIPPET_NOT_RELEVANT 1423504
ACTION SNIPPET 1200 351 SNIPPET_NOT_RELEVANT 672549
ACTION SNIPPET 1200 351 SNIPPET_NOT_RELEVANT 178238
ACTION SNIPPET 1200 351 SNIPPET_NOT_RELEVANT 82039
ACTION SNIPPET 1200 351 SNIPPET_NOT_RELEVANT 1718913
ACTION SNIPPET 1200 351 SNIPPET_NOT_RELEVANT 1799068
ACTION SNIPPET 1200 351 SNIPPET_NOT_RELEVANT 605445
ACTION SNIPPET 1200 351 SNIPPET_NOT_RELEVANT 762187
ACTION SNIPPET 1200 351 SNIPPET_NOT_RELEVANT 1303851
ACTION SNIPPET 1200 351 SNIPPET_NOT_RELEVANT 1263648
ACTION SNIPPET 1200 351 SNIPPET_NOT_RELEVANT 142988
ACTION SNIPPET 1200 351 SNIPPET_NOT_RELEVANT 1677778
ACTION SNIPPET 1200 351 SNIPPET_NOT_RELEVANT 229692
ACTION SNIPPET 1200 351 SNIPPET_NOT_RELEVANT 559070
ACTION SNIPPET 1200 351 SNIPPET_NOT_RELEVANT 1789819
ACTION SNIPPET 1200 351 SNIPPET_NOT_RELEVANT 67370
ACTION SNIPPET 1200 351 SNIPPET_NOT_RELEVANT 984009
ACTION SNIPPET 1200 351 SNIPPET_NOT_RELEVANT 351455
ACTION SNIPPET 1200 351 SNIPPET_NOT_RELEVANT 1813020
ACTION SNIPPET 1200 351 SNIPPET_NOT_RELEVANT 1681450
ACTION SNIPPET 1200 351 SNIPPET_NOT_RELEVANT 229516
ACTION SNIPPET 1200 351 SNIPPET_NOT_RELEVANT 1333142
ACTION SNIPPET 1200 351 SNIPPET_NOT_RELEVANT 264889
ACTION SNIPPET 1200 351 SNIPPET_NOT_RELEVANT 1509131
ACTION SNIPPET 1200 351 SNIPPET_NOT_RELEVANT 274863
ACTION SNIPPET 1200 351 SNIPPET_NOT_RELEVANT 45391
ACTION SNIPPET 1200 351 SNIPPET_NOT_RELEVANT 1094408
ACTION SNIPPET 1200 351 SNIPPET_NOT_RELEVANT 991583
ACTION SNIPPET 1200 351 SNIPPET_NOT_RELEVANT 942037
ACTION SNIPPET 1200 351 SNIPPET_NOT_RELEVANT 1369871
ACTION SNIPPET 1200 351 SNIPPET_NOT_RELEVANT 1818644
ACTION SNIPPET 1200 351 SNIPPET_NOT_RELEVANT 79775
ACTION SNIPPET 1200 351 SNIPPET_NOT_RELEVANT 1139767
ACTION SNIPPET 1200 351 SNIPPET_NOT_RELEVANT 1819398
ACTION SNIPPET 1200 351 SNIPPET_NOT_RELEVANT 387574
ACTION SNIPPET 1200 351 SNIPPET_NOT_RELEVANT 1819543
ACTION SNIPPET 1200 351 SNIPPET_NOT_RELEVANT 157760
ACTION SNIPPET 1200 351 SNIPPET_NOT_RELEVANT 1313633
INFO SERP_END_REACHED 
ACTION QUERY 1200 361 tower leaning discussions
ACTION SERP 1200 366 EXAMINE_SERP
ACTION SNIPPET 1200 366 SEEN_PREVIOUSLY 31383
ACTION SNIPPET 1200 366 SNIPPET_NOT_RELEVANT 227106
ACTION SNIPPET 1200 366 SEEN_PREVIOUSLY 645300
ACTION SNIPPET 1200 366 SNIPPET_NOT_RELEVANT 269
ACTION SNIPPET 1200 366 SNIPPET_NOT_RELEVANT 269
ACTION SNIPPET 1200 366 SEEN_PREVIOUSLY 88633
ACTION SNIPPET 1200 366 SEEN_PREVIOUSLY 298897
ACTION SNIPPET 1200 366 SNIPPET_NOT_RELEVANT 1620239
ACTION SNIPPET 1200 366 SEEN_PREVIOUSLY 1575652
ACTION SNIPPET 1200 366 SNIPPET_NOT_RELEVANT 252420
ACTION SNIPPET 1200 366 SEEN_PREVIOUSLY 766777
ACTION SNIPPET 1200 366 SNIPPET_NOT_RELEVANT 434219
ACTION SNIPPET 1200 366 SEEN_PREVIOUSLY 985739
ACTION SNIPPET 1200 366 SEEN_PREVIOUSLY 1325286
ACTION SNIPPET 1200 366 SNIPPET_NOT_RELEVANT 230114
ACTION SNIPPET 1200 366 SEEN_PREVIOUSLY 1351564
ACTION SNIPPET 1200 366 SNIPPET_NOT_RELEVANT 1718913
ACTION SNIPPET 1200 366 SNIPPET_NOT_RELEVANT 117943
ACTION SNIPPET 1200 366 SNIPPET_NOT_RELEVANT 339617
ACTION SNIPPET 1200 366 SNIPPET_NOT_RELEVANT 227381
ACTION SNIPPET 1200 366 SNIPPET_NOT_RELEVANT 309850
ACTION SNIPPET 1200 366 SNIPPET_NOT_RELEVANT 297790
ACTION SNIPPET 1200 366 SNIPPET_NOT_RELEVANT 308430
ACTION SNIPPET 1200 366 SNIPPET_NOT_RELEVANT 227870
ACTION SNIPPET 1200 366 SNIPPET_NOT_RELEVANT 223549
ACTION SNIPPET 1200 366 SNIPPET_NOT_RELEVANT 1617072
ACTION SNIPPET 1200 366 SNIPPET_NOT_RELEVANT 1663068
ACTION SNIPPET 1200 366 SNIPPET_NOT_RELEVANT 1250235
ACTION SNIPPET 1200 366 SNIPPET_NOT_RELEVANT 552154
ACTION SNIPPET 1200 366 SNIPPET_NOT_RELEVANT 1542964
ACTION SNIPPET 1200 366 SNIPPET_NOT_RELEVANT 1514765
ACTION SNIPPET 1200 366 SNIPPET_NOT_RELEVANT 803506
ACTION SNIPPET 1200 366 SNIPPET_NOT_RELEVANT 1238493
ACTION SNIPPET 1200 366 SNIPPET_NOT_RELEVANT 1310983
ACTION SNIPPET 1200 366 SNIPPET_NOT_RELEVANT 1641854
ACTION SNIPPET 1200 366 SNIPPET_NOT_RELEVANT 1619450
ACTION SNIPPET 1200 366 SNIPPET_NOT_RELEVANT 1632231
ACTION SNIPPET 1200 366 SNIPPET_NOT_RELEVANT 1331403
ACTION SNIPPET 1200 366 SNIPPET_NOT_RELEVANT 700909
ACTION SNIPPET 1200 366 SNIPPET_NOT_RELEVANT 18285
ACTION SNIPPET 1200 366 SNIPPET_NOT_RELEVANT 1425748
ACTION SNIPPET 1200 366 SNIPPET_NOT_RELEVANT 1517112
ACTION SNIPPET 1200 366 SNIPPET_NOT_RELEVANT 219452
ACTION SNIPPET 1200 366 SNIPPET_NOT_RELEVANT 1669235
ACTION SNIPPET 1200 366 SNIPPET_NOT_RELEVANT 884428
ACTION SNIPPET 1200 366 SNIPPET_NOT_RELEVANT 1822004
ACTION SNIPPET 1200 366 SNIPPET_NOT_RELEVANT 227105
ACTION SNIPPET 1200 366 SNIPPET_NOT_RELEVANT 664866
ACTION SNIPPET 1200 366 SNIPPET_NOT_RELEVANT 1337692
ACTION SNIPPET 1200 366 SNIPPET_NOT_RELEVANT 1669400
ACTION SNIPPET 1200 366 SNIPPET_NOT_RELEVANT 1569251
ACTION SNIPPET 1200 366 SNIPPET_NOT_RELEVANT 1326595
ACTION SNIPPET 1200 366 SNIPPET_NOT_RELEVANT 995480
ACTION SNIPPET 1200 366 SNIPPET_NOT_RELEVANT 1075877
ACTION SNIPPET 1200 366 SNIPPET_NOT_RELEVANT 762552
ACTION SNIPPET 1200 366 SNIPPET_NOT_RELEVANT 1404212
ACTION SNIPPET 1200 366 SNIPPET_NOT_RELEVANT 1340707
ACTION SNIPPET 1200 366 SNIPPET_NOT_RELEVANT 1449967
ACTION SNIPPET 1200 366 SNIPPET_NOT_RELEVANT 1217259
ACTION SNIPPET 1200 366 SNIPPET_NOT_RELEVANT 1732291
ACTION SNIPPET 1200 366 SNIPPET_NOT_RELEVANT 1378381
ACTION SNIPPET 1200 366 SNIPPET_NOT_RELEVANT 700361
ACTION SNIPPET 1200 366 SNIPPET_NOT_RELEVANT 1338099
ACTION SNIPPET 1200 366 SEEN_PREVIOUSLY 538867
ACTION SNIPPET 1200 366 SNIPPET_NOT_RELEVANT 1354101
ACTION SNIPPET 1200 366 SNIPPET_NOT_RELEVANT 1163834
ACTION SNIPPET 1200 366 SNIPPET_NOT_RELEVANT 40337
ACTION SNIPPET 1200 366 SNIPPET_NOT_RELEVANT 222338
ACTION SNIPPET 1200 366 SNIPPET_NOT_RELEVANT 1526626
ACTION SNIPPET 1200 366 SNIPPET_NOT_RELEVANT 1363714
ACTION SNIPPET 1200 366 SNIPPET_NOT_RELEVANT 1410254
ACTION SNIPPET 1200 366 SNIPPET_NOT_RELEVANT 430879
ACTION SNIPPET 1200 366 SNIPPET_NOT_RELEVANT 218215
ACTION SNIPPET 1200 366 SNIPPET_NOT_RELEVANT 1757050
ACTION SNIPPET 1200 366 SNIPPET_NOT_RELEVANT 1710605
ACTION SNIPPET 1200 366 SNIPPET_NOT_RELEVANT 204795
ACTION SNIPPET 1200 366 SNIPPET_NOT_RELEVANT 1330891
ACTION SNIPPET 1200 366 SNIPPET_NOT_RELEVANT 1738539
ACTION SNIPPET 1200 366 SNIPPET_NOT_RELEVANT 1423169
ACTION SNIPPET 1200 366 SNIPPET_NOT_RELEVANT 1421707
ACTION SNIPPET 1200 366 SNIPPET_NOT_RELEVANT 1264252
ACTION SNIPPET 1200 366 SNIPPET_NOT_RELEVANT 680239
ACTION SNIPPET 1200 366 SNIPPET_NOT_RELEVANT 1539443
ACTION SNIPPET 1200 366 SNIPPET_NOT_RELEVANT 1358617
ACTION SNIPPET 1200 366 SNIPPET_NOT_RELEVANT 672549
ACTION SNIPPET 1200 366 SNIPPET_NOT_RELEVANT 82039
ACTION SNIPPET 1200 366 SNIPPET_NOT_RELEVANT 1282416
ACTION SNIPPET 1200 366 SNIPPET_NOT_RELEVANT 18146
ACTION SNIPPET 1200 366 SNIPPET_NOT_RELEVANT 1337999
ACTION SNIPPET 1200 366 SNIPPET_NOT_RELEVANT 605445
ACTION SNIPPET 1200 366 SNIPPET_NOT_RELEVANT 762187
ACTION SNIPPET 1200 366 SNIPPET_NOT_RELEVANT 227375
ACTION SNIPPET 1200 366 SNIPPET_NOT_RELEVANT 1303851
ACTION SNIPPET 1200 366 SNIPPET_NOT_RELEVANT 1263648
ACTION SNIPPET 1200 366 SNIPPET_NOT_RELEVANT 1399213
ACTION SNIPPET 1200 366 SNIPPET_NOT_RELEVANT 86497
ACTION SNIPPET 1200 366 SNIPPET_NOT_RELEVANT 229692
ACTION SNIPPET 1200 366 SNIPPET_NOT_RELEVANT 1789819
ACTION SNIPPET 1200 366 SNIPPET_NOT_RELEVANT 984009
ACTION SNIPPET 1200 366 SNIPPET_NOT_RELEVANT 99697
INFO SERP_END_REACHED 
ACTION QUERY 1200 376 tower leaning current
ACTION SERP 1200 381 EXAMINE_SERP
ACTION SNIPPET 1200 381 SEEN_PREVIOUSLY 766777
ACTION SNIPPET 1200 381 SEEN_PREVIOUSLY 1325286
ACTION SNIPPET 1200 381 SEEN_PREVIOUSLY 645300
ACTION SNIPPET 1200 381 SNIPPET_NOT_RELEVANT 269
ACTION SNIPPET 1200 381 SNIPPET_NOT_RELEVANT 269
ACTION SNIPPET 1200 381 SEEN_PREVIOUSLY 88633
ACTION SNIPPET 1200 381 SEEN_PREVIOUSLY 298897
ACTION SNIPPET 1200 381 SNIPPET_NOT_RELEVANT 1620239
ACTION SNIPPET 1200 381 SNIPPET_NOT_RELEVANT 803506
ACTION SNIPPET 1200 381 SEEN_PREVIOUSLY 1575652
ACTION SNIPPET 1200 381 SNIPPET_NOT_RELEVANT 252420
ACTION SNIPPET 1200 381 SNIPPET_NOT_RELEVANT 434219
ACTION SNIPPET 1200 381 SNIPPET_NOT_RELEVANT 227106
ACTION SNIPPET 1200 381 SEEN_PREVIOUSLY 985739
ACTION SNIPPET 1200 381 SNIPPET_NOT_RELEVANT 309850
ACTION SNIPPET 1200 381 SEEN_PREVIOUSLY 31383
ACTION SNIPPET 1200 381 SNIPPET_NOT_RELEVANT 297790
ACTION SNIPPET 1200 381 SNIPPET_NOT_RELEVANT 1404212
ACTION SNIPPET 1200 381 SEEN_PREVIOUSLY 1351564
ACTION SNIPPET 1200 381 SNIPPET_NOT_RELEVANT 117943
ACTION SNIPPET 1200 381 SNIPPET_NOT_RELEVANT 339617
ACTION SNIPPET 1200 381 SNIPPET_NOT_RELEVANT 1330891
ACTION SNIPPET 1200 381 SNIPPET_NOT_RELEVANT 1139767
ACTION SNIPPET 1200 381 SNIPPET_NOT_RELEVANT 1822004
ACTION SNIPPET 1200 381 SNIPPET_NOT_RELEVANT 741571
ACTION SNIPPET 1200 381 SNIPPET_NOT_RELEVANT 308430
ACTION SNIPPET 1200 381 SNIPPET_NOT_RELEVANT 1226168
ACTION SNIPPET 1200 381 SNIPPET_NOT_RELEVANT 227870
ACTION SNIPPET 1200 381 SNIPPET_NOT_RELEVANT 43525
ACTION SNIPPET 1200 381 SNIPPET_NOT_RELEVANT 1617072
ACTION SNIPPET 1200 381 SNIPPET_NOT_RELEVANT 1663068
ACTION SNIPPET 1200 381 SNIPPET_NOT_RELEVANT 1250235
ACTION SNIPPET 1200 381 SNIPPET_NOT_RELEVANT 552154
ACTION SNIPPET 1200 381 SNIPPET_NOT_RELEVANT 1542964
ACTION SNIPPET 1200 381 SNIPPET_NOT_RELEVANT 1514765
ACTION SNIPPET 1200 381 SNIPPET_NOT_RELEVANT 223549
ACTION SNIPPET 1200 381 SNIPPET_NOT_RELEVANT 1653124
ACTION SNIPPET 1200 381 SNIPPET_NOT_RELEVANT 562149
ACTION SNIPPET 1200 381 SNIPPET_NOT_RELEVANT 1238493
ACTION SNIPPET 1200 381 SNIPPET_NOT_RELEVANT 230114
ACTION SNIPPET 1200 381 SNIPPET_NOT_RELEVANT 225322
ACTION SNIPPET 1200 381 SNIPPET_NOT_RELEVANT 1439462
ACTION SNIPPET 1200 381 SNIPPET_NOT_RELEVANT 1619450
ACTION SNIPPET 1200 381 SNIPPET_NOT_RELEVANT 1632231
ACTION SNIPPET 1200 381 SNIPPET_NOT_RELEVANT 1331403
ACTION SNIPPET 1200 381 SNIPPET_NOT_RELEVANT 486705
ACTION SNIPPET 1200 381 SNIPPET_NOT_RELEVANT 502331
ACTION SNIPPET 1200 381 SNIPPET_NOT_RELEVANT 22599
ACTION SNIPPET 1200 381 SNIPPET_NOT_RELEVANT 1425748
ACTION SNIPPET 1200 381 SNIPPET_NOT_RELEVANT 352893
ACTION SNIPPET 1200 381 SNIPPET_NOT_RELEVANT 1810889
ACTION SNIPPET 1200 381 SNIPPET_NOT_RELEVANT 567191
ACTION SNIPPET 1200 381 SNIPPET_NOT_RELEVANT 26949
ACTION SNIPPET 1200 381 SNIPPET_NOT_RELEVANT 1337692
ACTION SNIPPET 1200 381 SNIPPET_NOT_RELEVANT 1326595
ACTION SNIPPET 1200 381 SNIPPET_NOT_RELEVANT 220854
ACTION SNIPPET 1200 381 SNIPPET_NOT_RELEVANT 995480
ACTION SNIPPET 1200 381 SNIPPET_NOT_RELEVANT 1075877
ACTION SNIPPET 1200 381 SNIPPET_NOT_RELEVANT 1805091
ACTION SNIPPET 1200 381 SNIPPET_NOT_RELEVANT 762552
ACTION SNIPPET 1200 381 SNIPPET_NOT_RELEVANT 1597471
ACTION SNIPPET 1200 381 SNIPPET_NOT_RELEVANT 1340707
ACTION SNIPPET 1200 381 SNIPPET_NOT_RELEVANT 1449967
ACTION SNIPPET 1200 381 SNIPPET_NOT_RELEVANT 1217259
ACTION SNIPPET 1200 381 SNIPPET_NOT_RELEVANT 1732291
ACTION SNIPPET 1200 381 SNIPPET_NOT_RELEVANT 86561
ACTION SNIPPET 1200 381 SNIPPET_NOT_RELEVANT 908412
ACTION SNIPPET 1200 381 SEEN_PREVIOUSLY 538867
ACTION SNIPPET 1200 381 SNIPPET_NOT_RELEVANT 1354101
ACTION SNIPPET 1200 381 SNIPPET_NOT_RELEVANT 218215
ACTION SNIPPET 1200 381 SNIPPET_NOT_RELEVANT 1710605
ACTION SNIPPET 1200 381 SNIPPET_NOT_RELEVANT 1563939
ACTION SNIPPET 1200 381 SNIPPET_NOT_RELEVANT 1423169
ACTION SNIPPET 1200 381 SNIPPET_NOT_RELEVANT 335255
ACTION SNIPPET 1200 381 SNIPPET_NOT_RELEVANT 473217
ACTION SNIPPET 1200 381 SNIPPET_NOT_RELEVANT 200359
ACTION SNIPPET 1200 381 SNIPPET_NOT_RELEVANT 1581598
ACTION SNIPPET 1200 381 SNIPPET_NOT_RELEVANT 672549
ACTION SNIPPET 1200 381 SNIPPET_NOT_RELEVANT 82039
ACTION SNIPPET 1200 381 SNIPPET_NOT_RELEVANT 1718913
ACTION SNIPPET 1200 381 SNIPPET_NOT_RELEVANT 1053037
ACTION SNIPPET 1200 381 SNIPPET_NOT_RELEVANT 1405663
ACTION SNIPPET 1200 381 SNIPPET_NOT_RELEVANT 995545
ACTION SNIPPET 1200 381 SNIPPET_NOT_RELEVANT 605445
ACTION SNIPPET 1200 381 SNIPPET_NOT_RELEVANT 762187
ACTION SNIPPET 1200 381 SNIPPET_NOT_RELEVANT 1303851
ACTION SNIPPET 1200 381 SNIPPET_NOT_RELEVANT 1263648
ACTION SNIPPET 1200 381 SNIPPET_NOT_RELEVANT 1345024
ACTION SNIPPET 1200 381 SNIPPET_NOT_RELEVANT 1827376
ACTION SNIPPET 1200 381 SNIPPET_NOT_RELEVANT 932057
ACTION SNIPPET 1200 381 SNIPPET_NOT_RELEVANT 1333675
ACTION SNIPPET 1200 381 SNIPPET_NOT_RELEVANT 1044332
ACTION SNIPPET 1200 381 SNIPPET_NOT_RELEVANT 229692
ACTION SNIPPET 1200 381 SNIPPET_NOT_RELEVANT 1789819
ACTION SNIPPET 1200 381 SNIPPET_NOT_RELEVANT 1041657
ACTION SNIPPET 1200 381 SNIPPET_NOT_RELEVANT 984009
ACTION SNIPPET 1200 381 SNIPPET_NOT_RELEVANT 1654604
ACTION SNIPPET 1200 381 SNIPPET_NOT_RELEVANT 1375516
ACTION SNIPPET 1200 381 SNIPPET_NOT_RELEVANT 1449851
ACTION SNIPPET 1200 381 SNIPPET_NOT_RELEVANT 1684115
INFO SERP_END_REACHED 
ACTION QUERY 1200 391 tower leaning condition
ACTION SERP 1200 396 EXAMINE_SERP
ACTION SNIPPET 1200 396 SNIPPET_NOT_RELEVANT 252420
ACTION SNIPPET 1200 396 SNIPPET_NOT_RELEVANT 339617
ACTION SNIPPET 1200 396 SEEN_PREVIOUSLY 645300
ACTION SNIPPET 1200 396 SNIPPET_NOT_RELEVANT 269
ACTION SNIPPET 1200 396 SNIPPET_NOT_RELEVANT 269
ACTION SNIPPET 1200 396 SEEN_PREVIOUSLY 88633
ACTION SNIPPET 1200 396 SEEN_PREVIOUSLY 298897
ACTION SNIPPET 1200 396 SNIPPET_NOT_RELEVANT 1620239
ACTION SNIPPET 1200 396 SEEN_PREVIOUSLY 1575652
ACTION SNIPPET 1200 396 SEEN_PREVIOUSLY 766777
ACTION SNIPPET 1200 396 SNIPPET_NOT_RELEVANT 434219
ACTION SNIPPET 1200 396 SNIPPET_NOT_RELEVANT 227106
ACTION SNIPPET 1200 396 SEEN_PREVIOUSLY 985739
ACTION SNIPPET 1200 396 SEEN_PREVIOUSLY 1325286
ACTION SNIPPET 1200 396 SEEN_PREVIOUSLY 31383
ACTION SNIPPET 1200 396 SNIPPET_NOT_RELEVANT 230114
ACTION SNIPPET 1200 396 SEEN_PREVIOUSLY 1351564
ACTION SNIPPET 1200 396 SNIPPET_NOT_RELEVANT 1250326
ACTION SNIPPET 1200 396 SNIPPET_NOT_RELEVANT 117943
ACTION SNIPPET 1200 396 SNIPPET_NOT_RELEVANT 1732291
ACTION SNIPPET 1200 396 SNIPPET_NOT_RELEVANT 1789819
ACTION SNIPPET 1200 396 SNIPPET_NOT_RELEVANT 309850
ACTION SNIPPET 1200 396 SNIPPET_NOT_RELEVANT 614888
ACTION SNIPPET 1200 396 SNIPPET_NOT_RELEVANT 297790
ACTION SNIPPET 1200 396 SNIPPET_NOT_RELEVANT 308430
ACTION SNIPPET 1200 396 SNIPPET_NOT_RELEVANT 227870
ACTION SNIPPET 1200 396 SNIPPET_NOT_RELEVANT 1617072
ACTION SNIPPET 1200 396 SNIPPET_NOT_RELEVANT 229692
ACTION SNIPPET 1200 396 SNIPPET_NOT_RELEVANT 1663068
ACTION SNIPPET 1200 396 SNIPPET_NOT_RELEVANT 1250235
ACTION SNIPPET 1200 396 SNIPPET_NOT_RELEVANT 552154
ACTION SNIPPET 1200 396 SNIPPET_NOT_RELEVANT 1542964
ACTION SNIPPET 1200 396 SNIPPET_NOT_RELEVANT 1514765
ACTION SNIPPET 1200 396 SNIPPET_NOT_RELEVANT 803506
ACTION SNIPPET 1200 396 SNIPPET_NOT_RELEVANT 227381
ACTION SNIPPET 1200 396 SNIPPET_NOT_RELEVANT 43525
ACTION SNIPPET 1200 396 SNIPPET_NOT_RELEVANT 1238493
ACTION SNIPPET 1200 396 SNIPPET_NOT_RELEVANT 1588581
ACTION SNIPPET 1200 396 SNIPPET_NOT_RELEVANT 486705
ACTION SNIPPET 1200 396 SNIPPET_NOT_RELEVANT 1569037
ACTION SNIPPET 1200 396 SNIPPET_NOT_RELEVANT 1645573
ACTION SNIPPET 1200 396 SNIPPET_NOT_RELEVANT 1619450
ACTION SNIPPET 1200 396 SNIPPET_NOT_RELEVANT 1632231
ACTION SNIPPET 1200 396 SNIPPET_NOT_RELEVANT 1517112
ACTION SNIPPET 1200 396 SNIPPET_NOT_RELEVANT 1687673
ACTION SNIPPET 1200 396 SNIPPET_NOT_RELEVANT 1331403
ACTION SNIPPET 1200 396 SNIPPET_NOT_RELEVANT 1805091
ACTION SNIPPET 1200 396 SNIPPET_NOT_RELEVANT 1425748
ACTION SNIPPET 1200 396 SNIPPET_NOT_RELEVANT 1687490
ACTION SNIPPET 1200 396 SNIPPET_NOT_RELEVANT 1278740
ACTION SNIPPET 1200 396 SNIPPET_NOT_RELEVANT 1545778
ACTION SNIPPET 1200 396 SNIPPET_NOT_RELEVANT 1405663
ACTION SNIPPET 1200 396 SNIPPET_NOT_RELEVANT 547258
ACTION SNIPPET 1200 396 SNIPPET_NOT_RELEVANT 1845080
ACTION SNIPPET 1200 396 SNIPPET_NOT_RELEVANT 1822004
ACTION SNIPPET 1200 396 SNIPPET_NOT_RELEVANT 1038337
ACTION SNIPPET 1200 396 SNIPPET_NOT_RELEVANT 1337692
ACTION SNIPPET 1200 396 SNIPPET_NOT_RELEVANT 1757050
ACTION SNIPPET 1200 396 SNIPPET_NOT_RELEVANT 1326595
ACTION SNIPPET 1200 396 SNIPPET_NOT_RELEVANT 995480
ACTION SNIPPET 1200 396 SNIPPET_NOT_RELEVANT 1075877
ACTION SNIPPET 1200 396 SNIPPET_NOT_RELEVANT 686919
ACTION SNIPPET 1200 396 SNIPPET_NOT_RELEVANT 1423504
ACTION SNIPPET 1200 396 SNIPPET_NOT_RELEVANT 1395586
ACTION SNIPPET 1200 396 SNIPPET_NOT_RELEVANT 762552
ACTION SNIPPET 1200 396 SNIPPET_NOT_RELEVANT 1071354
ACTION SNIPPET 1200 396 SNIPPET_NOT_RELEVANT 1404212
ACTION SNIPPET 1200 396 SNIPPET_NOT_RELEVANT 1340707
ACTION SNIPPET 1200 396 SNIPPET_NOT_RELEVANT 321504
ACTION SNIPPET 1200 396 SNIPPET_NOT_RELEVANT 1449967
ACTION SNIPPET 1200 396 SNIPPET_NOT_RELEVANT 1217259
ACTION SNIPPET 1200 396 SNIPPET_NOT_RELEVANT 1799068
ACTION SNIPPET 1200 396 SNIPPET_NOT_RELEVANT 1544395
ACTION SNIPPET 1200 396 SNIPPET_NOT_RELEVANT 222030
ACTION SNIPPET 1200 396 SEEN_PREVIOUSLY 538867
ACTION SNIPPET 1200 396 SNIPPET_NOT_RELEVANT 1354101
ACTION SNIPPET 1200 396 SNIPPET_NOT_RELEVANT 212002
ACTION SNIPPET 1200 396 SNIPPET_NOT_RELEVANT 522993
ACTION SNIPPET 1200 396 SNIPPET_NOT_RELEVANT 1851914
ACTION SNIPPET 1200 396 SNIPPET_NOT_RELEVANT 218215
ACTION SNIPPET 1200 396 SNIPPET_NOT_RELEVANT 232588
ACTION SNIPPET 1200 396 SNIPPET_NOT_RELEVANT 134371
ACTION SNIPPET 1200 396 SNIPPET_NOT_RELEVANT 1710605
ACTION SNIPPET 1200 396 SNIPPET_NOT_RELEVANT 1330891
ACTION SNIPPET 1200 396 SNIPPET_NOT_RELEVANT 1470570
ACTION SNIPPET 1200 396 SNIPPET_NOT_RELEVANT 1483115
ACTION SNIPPET 1200 396 SNIPPET_NOT_RELEVANT 228840
ACTION SNIPPET 1200 396 SNIPPET_NOT_RELEVANT 1423169
ACTION SNIPPET 1200 396 SNIPPET_NOT_RELEVANT 547455
ACTION SNIPPET 1200 396 SNIPPET_NOT_RELEVANT 1011191
ACTION SNIPPET 1200 396 SNIPPET_NOT_RELEVANT 1518759
ACTION SNIPPET 1200 396 SNIPPET_NOT_RELEVANT 590902
ACTION SNIPPET 1200 396 SNIPPET_NOT_RELEVANT 45391
ACTION SNIPPET 1200 396 SNIPPET_NOT_RELEVANT 672549
ACTION SNIPPET 1200 396 SNIPPET_NOT_RELEVANT 82039
ACTION SNIPPET 1200 396 SNIPPET_NOT_RELEVANT 1718913
ACTION SNIPPET 1200 396 SNIPPET_NOT_RELEVANT 1038383
ACTION SNIPPET 1200 396 SNIPPET_NOT_RELEVANT 605445
ACTION SNIPPET 1200 396 SNIPPET_NOT_RELEVANT 762187
ACTION SNIPPET 1200 396 SNIPPET_NOT_RELEVANT 143838
INFO SERP_END_REACHED 
ACTION QUERY 1200 406 tower leaning describe
ACTION SERP 1200 411 EXAMINE_SERP
ACTION SNIPPET 1200 411 SEEN_PREVIOUSLY 645300
ACTION SNIPPET 1200 411 SNIPPET_NOT_RELEVANT 269
ACTION SNIPPET 1200 411 SNIPPET_NOT_RELEVANT 269
ACTION SNIPPET 1200 411 SEEN_PREVIOUSLY 88633
ACTION SNIPPET 1200 411 SEEN_PREVIOUSLY 298897
ACTION SNIPPET 1200 411 SNIPPET_NOT_RELEVANT 1620239
ACTION SNIPPET 1200 411 SEEN_PREVIOUSLY 1575652
ACTION SNIPPET 1200 411 SNIPPET_NOT_RELEVANT 252420
ACTION SNIPPET 1200 411 SEEN_PREVIOUSLY 766777
ACTION SNIPPET 1200 411 SNIPPET_NOT_RELEVANT 434219
ACTION SNIPPET 1200 411 SNIPPET_NOT_RELEVANT 227106
ACTION SNIPPET 1200 411 SEEN_PREVIOUSLY 985739
ACTION SNIPPET 1200 411 SEEN_PREVIOUSLY 1325286
ACTION SNIPPET 1200 411 SEEN_PREVIOUSLY 31383
ACTION SNIPPET 1200 411 SEEN_PREVIOUSLY 1351564
ACTION SNIPPET 1200 411 SNIPPET_NOT_RELEVANT 117943
ACTION SNIPPET 1200 411 SNIPPET_NOT_RELEVANT 339617
ACTION SNIPPET 1200 411 SNIPPET_NOT_RELEVANT 309850
ACTION SNIPPET 1200 411 SNIPPET_NOT_RELEVANT 297790
ACTION SNIPPET 1200 411 SNIPPET_NOT_RELEVANT 308430
ACTION SNIPPET 1200 411 SNIPPET_NOT_RELEVANT 227870
ACTION SNIPPET 1200 411 SNIPPET_NOT_RELEVANT 1617072
ACTION SNIPPET 1200 411 SNIPPET_NOT_RELEVANT 1663068
ACTION SNIPPET 1200 411 SNIPPET_NOT_RELEVANT 1250235
ACTION SNIPPET 1200 411 SNIPPET_NOT_RELEVANT 552154
ACTION SNIPPET 1200 411 SNIPPET_NOT_RELEVANT 1542964
ACTION SNIPPET 1200 411 SNIPPET_NOT_RELEVANT 1514765
ACTION SNIPPET 1200 411 SNIPPET_NOT_RELEVANT 803506
ACTION SNIPPET 1200 411 SNIPPET_NOT_RELEVANT 1238493
ACTION SNIPPET 1200 411 SNIPPET_NOT_RELEVANT 230114
ACTION SNIPPET 1200 411 SNIPPET_NOT_RELEVANT 1619450
ACTION SNIPPET 1200 411 SNIPPET_NOT_RELEVANT 1632231
ACTION SNIPPET 1200 411 SNIPPET_NOT_RELEVANT 1331403
ACTION SNIPPET 1200 411 SNIPPET_NOT_RELEVANT 1425748
ACTION SNIPPET 1200 411 SNIPPET_NOT_RELEVANT 1822004
ACTION SNIPPET 1200 411 SNIPPET_NOT_RELEVANT 1337692
ACTION SNIPPET 1200 411 SNIPPET_NOT_RELEVANT 1326595
ACTION SNIPPET 1200 411 SNIPPET_NOT_RELEVANT 995480
ACTION SNIPPET 1200 411 SNIPPET_NOT_RELEVANT 1075877
ACTION SNIPPET 1200 411 SNIPPET_NOT_RELEVANT 762552
ACTION SNIPPET 1200 411 SNIPPET_NOT_RELEVANT 1404212
ACTION SNIPPET 1200 411 SNIPPET_NOT_RELEVANT 1340707
ACTION SNIPPET 1200 411 SNIPPET_NOT_RELEVANT 1449967
ACTION SNIPPET 1200 411 SNIPPET_NOT_RELEVANT 1217259
ACTION SNIPPET 1200 411 SNIPPET_NOT_RELEVANT 1732291
ACTION SNIPPET 1200 411 SEEN_PREVIOUSLY 538867
ACTION SNIPPET 1200 411 SNIPPET_NOT_RELEVANT 1354101
ACTION SNIPPET 1200 411 SNIPPET_NOT_RELEVANT 218215
ACTION SNIPPET 1200 411 SNIPPET_NOT_RELEVANT 1710605
ACTION SNIPPET 1200 411 SNIPPET_NOT_RELEVANT 1330891
ACTION SNIPPET 1200 411 SNIPPET_NOT_RELEVANT 1423169
ACTION SNIPPET 1200 411 SNIPPET_NOT_RELEVANT 672549
ACTION SNIPPET 1200 411 SNIPPET_NOT_RELEVANT 82039
ACTION SNIPPET 1200 411 SNIPPET_NOT_RELEVANT 1718913
ACTION SNIPPET 1200 411 SNIPPET_NOT_RELEVANT 605445
ACTION SNIPPET 1200 411 SNIPPET_NOT_RELEVANT 762187
ACTION SNIPPET 1200 411 SNIPPET_NOT_RELEVANT 1303851
ACTION SNIPPET 1200 411 SNIPPET_NOT_RELEVANT 1263648
ACTION SNIPPET 1200 411 SNIPPET_NOT_RELEVANT 229692
ACTION SNIPPET 1200 411 SNIPPET_NOT_RELEVANT 1789819
ACTION SNIPPET 1200 411 SNIPPET_NOT_RELEVANT 984009
ACTION SNIPPET 1200 411 SNIPPET_NOT_RELEVANT 229516
ACTION SNIPPET 1200 411 SNIPPET_NOT_RELEVANT 1333142
ACTION SNIPPET 1200 411 SNIPPET_NOT_RELEVANT 264889
ACTION SNIPPET 1200 411 SNIPPET_NOT_RELEVANT 991583
ACTION SNIPPET 1200 411 SNIPPET_NOT_RELEVANT 942037
ACTION SNIPPET 1200 411 SNIPPET_NOT_RELEVANT 1369871
ACTION SNIPPET 1200 411 SNIPPET_NOT_RELEVANT 1139767
ACTION SNIPPET 1200 411 SNIPPET_NOT_RELEVANT 1819398
ACTION SNIPPET 1200 411 SNIPPET_NOT_RELEVANT 1819543
ACTION SNIPPET 1200 411 SNIPPET_NOT_RELEVANT 1313633
ACTION SNIPPET 1200 411 SNIPPET_NOT_RELEVANT 1719326
ACTION SNIPPET 1200 411 SNIPPET_NOT_RELEVANT 1226168
ACTION SNIPPET 1200 411 SNIPPET_NOT_RELEVANT 614888
ACTION SNIPPET 1200 411 SNIPPET_NOT_RELEVANT 223549
ACTION SNIPPET 1200 411 SNIPPET_NOT_RELEVANT 1334801
ACTION SNIPPET 1200 411 SNIPPET_NOT_RELEVANT 1653124
ACTION SNIPPET 1200 411 SNIPPET_NOT_RELEVANT 593021
ACTION SNIPPET 1200 411 SNIPPET_NOT_RELEVANT 1697892
ACTION SNIPPET 1200 411 SNIPPET_NOT_RELEVANT 900300
ACTION SNIPPET 1200 411 SNIPPET_NOT_RELEVANT 1650857
ACTION SNIPPET 1200 411 SNIPPET_NOT_RELEVANT 1433420
ACTION SNIPPET 1200 411 SNIPPET_NOT_RELEVANT 1498382
ACTION SNIPPET 1200 411 SNIPPET_NOT_RELEVANT 606935
ACTION SNIPPET 1200 411 SNIPPET_NOT_RELEVANT 486705
ACTION SNIPPET 1200 411 SNIPPET_NOT_RELEVANT 729807
ACTION SNIPPET 1200 411 SNIPPET_NOT_RELEVANT 1476808
ACTION SNIPPET 1200 411 SNIPPET_NOT_RELEVANT 43525
ACTION SNIPPET 1200 411 SNIPPET_NOT_RELEVANT 227381
ACTION SNIPPET 1200 411 SNIPPET_NOT_RELEVANT 690548
ACTION SNIPPET 1200 411 SNIPPET_NOT_RELEVANT 690553
ACTION SNIPPET 1200 411 SNIPPET_NOT_RELEVANT 1582978
ACTION SNIPPET 1200 411 SNIPPET_NOT_RELEVANT 352893
ACTION SNIPPET 1200 411 SNIPPET_NOT_RELEVANT 1360090
ACTION SNIPPET 1200 411 SEEN_PREVIOUSLY 1206098
ACTION SNIPPET 1200 411 SNIPPET_NOT_RELEVANT 363551
ACTION SNIPPET 1200 411 SNIPPET_NOT_RELEVANT 1641854
ACTION SNIPPET 1200 411 SNIPPET_NOT_RELEVANT 562149
ACTION SNIPPET 1200 411 SNIPPET_NOT_RELEVANT 1439462
ACTION SNIPPET 1200 411 SNIPPET_NOT_RELEVANT 1428229
INFO SERP_END_REACHED 
ACTION QUERY 1200 421 tower leaning reinforcement
ACTION SERP 1200 426 EXAMINE_SERP
ACTION SNIPPET 1200 426 SEEN_PREVIOUSLY 645300
ACTION SNIPPET 1200 426 SNIPPET_NOT_RELEVANT 1620239
ACTION SNIPPET 1200 426 SEEN_PREVIOUSLY 31383
ACTION SNIPPET 1200 426 SNIPPET_NOT_RELEVANT 269
ACTION SNIPPET 1200 426 SNIPPET_NOT_RELEVANT 269
ACTION SNIPPET 1200 426 SEEN_PREVIOUSLY 88633
ACTION SNIPPET 1200 426 SNIPPET_NOT_RELEVANT 1428229
ACTION SNIPPET 1200 426 SEEN_PREVIOUSLY 298897
ACTION SNIPPET 1200 426 SEEN_PREVIOUSLY 1575652
ACTION SNIPPET 1200 426 SNIPPET_NOT_RELEVANT 252420
ACTION SNIPPET 1200 426 SEEN_PREVIOUSLY 766777
ACTION SNIPPET 1200 426 SNIPPET_NOT_RELEVANT 434219
ACTION SNIPPET 1200 426 SNIPPET_NOT_RELEVANT 227106
ACTION SNIPPET 1200 426 SEEN_PREVIOUSLY 985739
ACTION SNIPPET 1200 426 SEEN_PREVIOUSLY 1325286
ACTION SNIPPET 1200 426 SNIPPET_NOT_RELEVANT 1205633
ACTION SNIPPET 1200 426 SNIPPET_NOT_RELEVANT 1039512
ACTION SNIPPET 1200 426 SEEN_PREVIOUSLY 1351564
ACTION SNIPPET 1200 426 SNIPPET_NOT_RELEVANT 117943
ACTION SNIPPET 1200 426 SNIPPET_NOT_RELEVANT 339617
ACTION SNIPPET 1200 426 SNIPPET_NOT_RELEVANT 1437967
ACTION SNIPPET 1200 426 SNIPPET_NOT_RELEVANT 419328
ACTION SNIPPET 1200 426 SNIPPET_NOT_RELEVANT 837891
ACTION SNIPPET 1200 426 SNIPPET_NOT_RELEVANT 1039447
ACTION SNIPPET 1200 426 SNIPPET_NOT_RELEVANT 1277095
ACTION SNIPPET 1200 426 SNIPPET_NOT_RELEVANT 1783423
ACTION SNIPPET 1200 426 SNIPPET_NOT_RELEVANT 1092378
ACTION SNIPPET 1200 426 SNIPPET_NOT_RELEVANT 1423504
ACTION SNIPPET 1200 426 SNIPPET_NOT_RELEVANT 1086652
ACTION SNIPPET 1200 426 SNIPPET_NOT_RELEVANT 224564
ACTION SNIPPET 1200 426 SNIPPET_NOT_RELEVANT 309850
ACTION SNIPPET 1200 426 SNIPPET_NOT_RELEVANT 297790
ACTION SNIPPET 1200 426 SNIPPET_NOT_RELEVANT 308430
ACTION SNIPPET 1200 426 SNIPPET_NOT_RELEVANT 227870
ACTION SNIPPET 1200 426 SNIPPET_NOT_RELEVANT 1710183
ACTION SNIPPET 1200 426 SNIPPET_NOT_RELEVANT 1617072
ACTION SNIPPET 1200 426 SNIPPET_NOT_RELEVANT 1040940
ACTION SNIPPET 1200 426 SNIPPET_NOT_RELEVANT 1663068
ACTION SNIPPET 1200 426 SNIPPET_NOT_RELEVANT 1422300
ACTION SNIPPET 1200 426 SNIPPET_NOT_RELEVANT 1250235
ACTION SNIPPET 1200 426 SNIPPET_NOT_RELEVANT 552154
ACTION SNIPPET 1200 426 SNIPPET_NOT_RELEVANT 1542964
ACTION SNIPPET 1200 426 SNIPPET_NOT_RELEVANT 200359
ACTION SNIPPET 1200 426 SNIPPET_NOT_RELEVANT 1514765
ACTION SNIPPET 1200 426 SNIPPET_NOT_RELEVANT 803506
ACTION SNIPPET 1200 426 SNIPPET_NOT_RELEVANT 653902
ACTION SNIPPET 1200 426 SNIPPET_NOT_RELEVANT 653901
ACTION SNIPPET 1200 426 SNIPPET_NOT_RELEVANT 405688
ACTION SNIPPET 1200 426 SNIPPET_NOT_RELEVANT 193408
ACTION SNIPPET 1200 426 SNIPPET_NOT_RELEVANT 654037
ACTION SNIPPET 1200 426 SNIPPET_NOT_RELEVANT 1686770
ACTION SNIPPET 1200 426 SNIPPET_NOT_RELEVANT 1238493
ACTION SNIPPET 1200 426 SNIPPET_NOT_RELEVANT 420389
ACTION SNIPPET 1200 426 SNIPPET_NOT_RELEVANT 1331129
ACTION SNIPPET 1200 426 SNIPPET_NOT_RELEVANT 230114
ACTION SNIPPET 1200 426 SNIPPET_NOT_RELEVANT 1594542
ACTION SNIPPET 1200 426 SNIPPET_NOT_RELEVANT 207352
ACTION SNIPPET 1200 426 SNIPPET_NOT_RELEVANT 593621
ACTION SNIPPET 1200 426 SNIPPET_NOT_RELEVANT 378129
ACTION SNIPPET 1200 426 SNIPPET_NOT_RELEVANT 1746932
ACTION SNIPPET 1200 426 SNIPPET_NOT_RELEVANT 1348250
ACTION SNIPPET 1200 426 SNIPPET_NOT_RELEVANT 1619450
ACTION SNIPPET 1200 426 SNIPPET_NOT_RELEVANT 36753
ACTION SNIPPET 1200 426 SNIPPET_NOT_RELEVANT 676942
ACTION SNIPPET 1200 426 SNIPPET_NOT_RELEVANT 1192993
ACTION SNIPPET 1200 426 SNIPPET_NOT_RELEVANT 1632231
ACTION SNIPPET 1200 426 SNIPPET_NOT_RELEVANT 1331403
ACTION SNIPPET 1200 426 SNIPPET_NOT_RELEVANT 649147
ACTION SNIPPET 1200 426 SNIPPET_NOT_RELEVANT 1477445
ACTION SNIPPET 1200 426 SNIPPET_NOT_RELEVANT 1159246
ACTION SNIPPET 1200 426 SNIPPET_NOT_RELEVANT 1325914
ACTION SNIPPET 1200 426 SNIPPET_NOT_RELEVANT 1425748
ACTION SNIPPET 1200 426 SNIPPET_NOT_RELEVANT 936651
ACTION SNIPPET 1200 426 SNIPPET_NOT_RELEVANT 289578
ACTION SNIPPET 1200 426 SNIPPET_NOT_RELEVANT 266220
ACTION SNIPPET 1200 426 SNIPPET_NOT_RELEVANT 230498
ACTION SNIPPET 1200 426 SNIPPET_NOT_RELEVANT 1428118
ACTION SNIPPET 1200 426 SNIPPET_NOT_RELEVANT 1416121
ACTION SNIPPET 1200 426 SNIPPET_NOT_RELEVANT 291161
ACTION SNIPPET 1200 426 SNIPPET_NOT_RELEVANT 1825596
ACTION SNIPPET 1200 426 SNIPPET_NOT_RELEVANT 1678482
ACTION SNIPPET 1200 426 SNIPPET_NOT_RELEVANT 1822004
ACTION SNIPPET 1200 426 SNIPPET_NOT_RELEVANT 1337692
ACTION SNIPPET 1200 426 SNIPPET_NOT_RELEVANT 1645213
ACTION SNIPPET 1200 426 SNIPPET_NOT_RELEVANT 314014
ACTION SNIPPET 1200 426 SNIPPET_NOT_RELEVANT 1326595
ACTION SNIPPET 1200 426 SNIPPET_NOT_RELEVANT 224140
ACTION SNIPPET 1200 426 SNIPPET_NOT_RELEVANT 1617684
ACTION SNIPPET 1200 426 SNIPPET_NOT_RELEVANT 995480
ACTION SNIPPET 1200 426 SNIPPET_NOT_RELEVANT 1075877
ACTION SNIPPET 1200 426 SNIPPET_NOT_RELEVANT 1555287
ACTION SNIPPET 1200 426 SNIPPET_NOT_RELEVANT 762552
ACTION SNIPPET 1200 426 SNIPPET_NOT_RELEVANT 1342059
ACTION SNIPPET 1200 426 SNIPPET_NOT_RELEVANT 1404212
ACTION SNIPPET 1200 426 SNIPPET_NOT_RELEVANT 546509
ACTION SNIPPET 1200 426 SNIPPET_NOT_RELEVANT 1151155
ACTION SNIPPET 1200 426 SNIPPET_NOT_RELEVANT 1340707
ACTION SNIPPET 1200 426 SNIPPET_NOT_RELEVANT 615464
ACTION SNIPPET 1200 426 SNIPPET_NOT_RELEVANT 1449967
ACTION SNIPPET 1200 426 SNIPPET_NOT_RELEVANT 1377557
INFO SERP_END_REACHED 
ACTION QUERY 1200 436 tower leaning measures
ACTION SERP 1200 441 EXAMINE_SERP
ACTION SNIPPET 1200 441 SEEN_PREVIOUSLY 766777
ACTION SNIPPET 1200 441 SEEN_PREVIOUSLY 298897
ACTION SNIPPET 1200 441 SEEN_PREVIOUSLY 645300
ACTION SNIPPET 1200 441 SNIPPET_NOT_RELEVANT 269
ACTION SNIPPET 1200 441 SNIPPET_NOT_RELEVANT 269
ACTION SNIPPET 1200 441 SEEN_PREVIOUSLY 88633
ACTION SNIPPET 1200 441 SNIPPET_NOT_RELEVANT 1620239
ACTION SNIPPET 1200 441 SEEN_PREVIOUSLY 1575652
ACTION SNIPPET 1200 441 SEEN_PREVIOUSLY 538867
ACTION SNIPPET 1200 441 SNIPPET_NOT_RELEVANT 252420
ACTION SNIPPET 1200 441 SNIPPET_NOT_RELEVANT 434219
ACTION SNIPPET 1200 441 SNIPPET_NOT_RELEVANT 227106
ACTION SNIPPET 1200 441 SNIPPET_NOT_RELEVANT 1514765
ACTION SNIPPET 1200 441 SNIPPET_NOT_RELEVANT 309850
ACTION SNIPPET 1200 441 SEEN_PREVIOUSLY 985739
ACTION SNIPPET 1200 441 SEEN_PREVIOUSLY 1325286
ACTION SNIPPET 1200 441 SEEN_PREVIOUSLY 31383
ACTION SNIPPET 1200 441 SNIPPET_NOT_RELEVANT 635690
ACTION SNIPPET 1200 441 SNIPPET_NOT_RELEVANT 1330891
ACTION SNIPPET 1200 441 SEEN_PREVIOUSLY 1351564
ACTION SNIPPET 1200 441 SNIPPET_NOT_RELEVANT 117943
ACTION SNIPPET 1200 441 SNIPPET_NOT_RELEVANT 339617
ACTION SNIPPET 1200 441 SNIPPET_NOT_RELEVANT 1789819
ACTION SNIPPET 1200 441 SNIPPET_NOT_RELEVANT 1653124
ACTION SNIPPET 1200 441 SNIPPET_NOT_RELEVANT 1328534
ACTION SNIPPET 1200 441 SNIPPET_NOT_RELEVANT 297790
ACTION SNIPPET 1200 441 SNIPPET_NOT_RELEVANT 197911
ACTION SNIPPET 1200 441 SNIPPET_NOT_RELEVANT 308430
ACTION SNIPPET 1200 441 SNIPPET_NOT_RELEVANT 227870
ACTION SNIPPET 1200 441 SNIPPET_NOT_RELEVANT 1617072
ACTION SNIPPET 1200 441 SNIPPET_NOT_RELEVANT 229692
ACTION SNIPPET 1200 441 SNIPPET_NOT_RELEVANT 1663068
ACTION SNIPPET 1200 441 SNIPPET_RELEVANT 309449
ACTION DOC 1200 461 EXAMINING_DOCUMENT 309449
ACTION MARK 1200 464 CONSIDERED_RELEVANT 309449
ACTION SNIPPET 1200 464 SNIPPET_NOT_RELEVANT 1250235
ACTION SNIPPET 1200 464 SNIPPET_NOT_RELEVANT 552154
ACTION SNIPPET 1200 464 SNIPPET_NOT_RELEVANT 1542964
ACTION SNIPPET 1200 464 SNIPPET_NOT_RELEVANT 1499083
ACTION SNIPPET 1200 464 SNIPPET_NOT_RELEVANT 803506
ACTION SNIPPET 1200 464 SNIPPET_NOT_RELEVANT 606935
ACTION SNIPPET 1200 464 SNIPPET_NOT_RELEVANT 1238493
ACTION SNIPPET 1200 464 SNIPPET_NOT_RELEVANT 1684119
ACTION SNIPPET 1200 464 SNIPPET_NOT_RELEVANT 230114
ACTION SNIPPET 1200 464 SNIPPET_NOT_RELEVANT 1684120
ACTION SNIPPET 1200 464 SNIPPET_NOT_RELEVANT 796591
ACTION SNIPPET 1200 464 SNIPPET_NOT_RELEVANT 796740
ACTION SNIPPET 1200 464 SNIPPET_NOT_RELEVANT 352893
ACTION SNIPPET 1200 464 SNIPPET_NOT_RELEVANT 1645573
ACTION SNIPPET 1200 464 SNIPPET_NOT_RELEVANT 1619450
ACTION SNIPPET 1200 464 SNIPPET_NOT_RELEVANT 1813020
ACTION SNIPPET 1200 464 SNIPPET_NOT_RELEVANT 1632231
ACTION SNIPPET 1200 464 SNIPPET_NOT_RELEVANT 108286
ACTION SNIPPET 1200 464 SNIPPET_NOT_RELEVANT 642188
ACTION SNIPPET 1200 464 SNIPPET_NOT_RELEVANT 1331403
ACTION SNIPPET 1200 464 SNIPPET_NOT_RELEVANT 159381
ACTION SNIPPET 1200 464 SNIPPET_NOT_RELEVANT 1684114
ACTION SNIPPET 1200 464 SNIPPET_NOT_RELEVANT 1425748
ACTION SNIPPET 1200 464 SNIPPET_NOT_RELEVANT 1205633
ACTION SNIPPET 1200 464 SNIPPET_NOT_RELEVANT 1684113
ACTION SNIPPET 1200 464 SNIPPET_NOT_RELEVANT 1688508
ACTION SNIPPET 1200 464 SNIPPET_NOT_RELEVANT 1822004
ACTION SNIPPET 1200 464 SNIPPET_NOT_RELEVANT 1684115
ACTION SNIPPET 1200 464 SNIPPET_NOT_RELEVANT 1337692
ACTION SNIPPET 1200 464 SNIPPET_NOT_RELEVANT 1326595
ACTION SNIPPET 1200 464 SNIPPET_NOT_RELEVANT 1423504
ACTION SNIPPET 1200 464 SNIPPET_NOT_RELEVANT 1062373
ACTION SNIPPET 1200 464 SNIPPET_NOT_RELEVANT 995480
ACTION SNIPPET 1200 464 SNIPPET_NOT_RELEVANT 1075877
ACTION SNIPPET 1200 464 SNIPPET_NOT_RELEVANT 180404
ACTION SNIPPET 1200 464 SNIPPET_NOT_RELEVANT 1684121
ACTION SNIPPET 1200 464 SNIPPET_NOT_RELEVANT 762552
ACTION SNIPPET 1200 464 SNIPPET_NOT_RELEVANT 40638
ACTION SNIPPET 1200 464 SNIPPET_NOT_RELEVANT 1404212
ACTION SNIPPET 1200 464 SNIPPET_NOT_RELEVANT 1340707
ACTION SNIPPET 1200 464 SNIPPET_NOT_RELEVANT 1449967
ACTION SNIPPET 1200 464 SNIPPET_NOT_RELEVANT 1217259
ACTION SNIPPET 1200 464 SNIPPET_NOT_RELEVANT 1732291
ACTION SNIPPET 1200 464 SNIPPET_NOT_RELEVANT 1674901
ACTION SNIPPET 1200 464 SNIPPET_NOT_RELEVANT 1245663
ACTION SNIPPET 1200 464 SEEN_PREVIOUSLY 1555171
ACTION SNIPPET 1200 464 SNIPPET_NOT_RELEVANT 1617423
ACTION SNIPPET 1200 464 SNIPPET_NOT_RELEVANT 1672142
ACTION SNIPPET 1200 464 SNIPPET_NOT_RELEVANT 1354101
ACTION SNIPPET 1200 464 SNIPPET_NOT_RELEVANT 1684116
ACTION SNIPPET 1200 464 SNIPPET_NOT_RELEVANT 1725027
ACTION SNIPPET 1200 464 SNIPPET_NOT_RELEVANT 1375166
ACTION SNIPPET 1200 464 SNIPPET_NOT_RELEVANT 218215
ACTION SNIPPET 1200 464 SNIPPET_NOT_RELEVANT 1710605
ACTION SNIPPET 1200 464 SNIPPET_NOT_RELEVANT 1039512
ACTION SNIPPET 1200 464 SNIPPET_NOT_RELEVANT 1684117
ACTION SNIPPET 1200 464 SNIPPET_NOT_RELEVANT 1684118
ACTION SNIPPET 1200 464 SNIPPET_NOT_RELEVANT 572268
ACTION SNIPPET 1200 464 SNIPPET_NOT_RELEVANT 230478
ACTION SNIPPET 1200 464 SNIPPET_NOT_RELEVANT 170647
ACTION SNIPPET 1200 464 SNIPPET_NOT_RELEVANT 1423169
ACTION SNIPPET 1200 464 SNIPPET_NOT_RELEVANT 1232922
ACTION SNIPPET 1200 464 SNIPPET_NOT_RELEVANT 1569582
ACTION SNIPPET 1200 464 SNIPPET_NOT_RELEVANT 672549
ACTION SNIPPET 1200 464 SNIPPET_NOT_RELEVANT 82039
ACTION SNIPPET 1200 464 SNIPPET_NOT_RELEVANT 284993
ACTION SNIPPET 1200 464 SNIPPET_NOT_RELEVANT 1718913
INFO SERP_END_REACHED 
ACTION QUERY 1200 474 tower leaning andor
ACTION SERP 1200 479 EXAMINE_SERP
ACTION SNIPPET 1200 479 SEEN_PREVIOUSLY 645300
ACTION SNIPPET 1200 479 SNIPPET_NOT_RELEVANT 269
ACTION SNIPPET 1200 479 SNIPPET_NOT_RELEVANT 269
ACTION SNIPPET 1200 479 SEEN_PREVIOUSLY 88633
ACTION SNIPPET 1200 479 SEEN_PREVIOUSLY 298897
ACTION SNIPPET 1200 479 SNIPPET_NOT_RELEVANT 1620239
ACTION SNIPPET 1200 479 SEEN_PREVIOUSLY 1575652
ACTION SNIPPET 1200 479 SNIPPET_NOT_RELEVANT 252420
ACTION SNIPPET 1200 479 SEEN_PREVIOUSLY 766777
ACTION SNIPPET 1200 479 SNIPPET_NOT_RELEVANT 434219
ACTION SNIPPET 1200 479 SNIPPET_NOT_RELEVANT 227106
ACTION SNIPPET 1200 479 SEEN_PREVIOUSLY 985739
ACTION SNIPPET 1200 479 SEEN_PREVIOUSLY 1325286
ACTION SNIPPET 1200 479 SEEN_PREVIOUSLY 31383
ACTION SNIPPET 1200 479 SEEN_PREVIOUSLY 1351564
ACTION SNIPPET 1200 479 SNIPPET_NOT_RELEVANT 117943
ACTION SNIPPET 1200 479 SNIPPET_NOT_RELEVANT 339617
ACTION SNIPPET 1200 479 SNIPPET_NOT_RELEVANT 309850
ACTION SNIPPET 1200 479 SNIPPET_NOT_RELEVANT 297790
ACTION SNIPPET 1200 479 SNIPPET_NOT_RELEVANT 308430
ACTION SNIPPET 1200 479 SNIPPET_NOT_RELEVANT 227870
ACTION SNIPPET 1200 479 SNIPPET_NOT_RELEVANT 1617072
ACTION SNIPPET 1200 479 SNIPPET_NOT_RELEVANT 1663068
ACTION SNIPPET 1200 479 SNIPPET_NOT_RELEVANT 1250235
ACTION SNIPPET 1200 479 SNIPPET_NOT_RELEVANT 552154
ACTION SNIPPET 1200 479 SNIPPET_NOT_RELEVANT 1542964
ACTION SNIPPET 1200 479 SNIPPET_NOT_RELEVANT 1514765
ACTION SNIPPET 1200 479 SNIPPET_NOT_RELEVANT 803506
ACTION SNIPPET 1200 479 SNIPPET_NOT_RELEVANT 1238493
ACTION SNIPPET 1200 479 SNIPPET_NOT_RELEVANT 230114
ACTION SNIPPET 1200 479 SNIPPET_NOT_RELEVANT 1619450
ACTION SNIPPET 1200 479 SNIPPET_NOT_RELEVANT 1632231
ACTION SNIPPET 1200 479 SNIPPET_NOT_RELEVANT 1331403
ACTION SNIPPET 1200 479 SNIPPET_NOT_RELEVANT 1425748
ACTION SNIPPET 1200 479 SNIPPET_NOT_RELEVANT 1822004
ACTION SNIPPET 1200 479 SNIPPET_NOT_RELEVANT 1337692
ACTION SNIPPET 1200 479 SNIPPET_NOT_RELEVANT 1326595
ACTION SNIPPET 1200 479 SNIPPET_NOT_RELEVANT 995480
ACTION SNIPPET 1200 479 SNIPPET_NOT_RELEVANT 1075877
ACTION SNIPPET 1200 479 SNIPPET_NOT_RELEVANT 762552
ACTION SNIPPET 1200 479 SNIPPET_NOT_RELEVANT 1404212
ACTION SNIPPET 1200 479 SNIPPET_NOT_RELEVANT 1340707
ACTION SNIPPET 1200 479 SNIPPET_NOT_RELEVANT 1449967
ACTION SNIPPET 1200 479 SNIPPET_NOT_RELEVANT 1217259
ACTION SNIPPET 1200 479 SNIPPET_NOT_RELEVANT 1732291
ACTION SNIPPET 1200 479 SEEN_PREVIOUSLY 538867
ACTION SNIPPET 1200 479 SNIPPET_NOT_RELEVANT 1354101
ACTION SNIPPET 1200 479 SNIPPET_NOT_RELEVANT 218215
ACTION SNIPPET 1200 479 SNIPPET_NOT_RELEVANT 1710605
ACTION SNIPPET 1200 479 SNIPPET_NOT_RELEVANT 1330891
ACTION SNIPPET 1200 479 SNIPPET_NOT_RELEVANT 1423169
ACTION SNIPPET 1200 479 SNIPPET_NOT_RELEVANT 672549
ACTION SNIPPET 1200 479 SNIPPET_NOT_RELEVANT 82039
ACTION SNIPPET 1200 479 SNIPPET_NOT_RELEVANT 1718913
ACTION SNIPPET 1200 479 SNIPPET_NOT_RELEVANT 605445
ACTION SNIPPET 1200 479 SNIPPET_NOT_RELEVANT 762187
ACTION SNIPPET 1200 479 SNIPPET_NOT_RELEVANT 1303851
ACTION SNIPPET 1200 479 SNIPPET_NOT_RELEVANT 1263648
ACTION SNIPPET 1200 479 SNIPPET_NOT_RELEVANT 229692
ACTION SNIPPET 1200 479 SNIPPET_NOT_RELEVANT 1789819
ACTION SNIPPET 1200 479 SNIPPET_NOT_RELEVANT 984009
ACTION SNIPPET 1200 479 SNIPPET_NOT_RELEVANT 229516
ACTION SNIPPET 1200 479 SNIPPET_NOT_RELEVANT 1333142
ACTION SNIPPET 1200 479 SNIPPET_NOT_RELEVANT 264889
ACTION SNIPPET 1200 479 SNIPPET_NOT_RELEVANT 991583
ACTION SNIPPET 1200 479 SNIPPET_NOT_RELEVANT 942037
ACTION SNIPPET 1200 479 SNIPPET_NOT_RELEVANT 1369871
ACTION SNIPPET 1200 479 SNIPPET_NOT_RELEVANT 1139767
ACTION SNIPPET 1200 479 SNIPPET_NOT_RELEVANT 1819398
ACTION SNIPPET 1200 479 SNIPPET_NOT_RELEVANT 1819543
ACTION SNIPPET 1200 479 SNIPPET_NOT_RELEVANT 1313633
ACTION SNIPPET 1200 479 SNIPPET_NOT_RELEVANT 1719326
ACTION SNIPPET 1200 479 SNIPPET_NOT_RELEVANT 1226168
ACTION SNIPPET 1200 479 SNIPPET_NOT_RELEVANT 614888
ACTION SNIPPET 1200 479 SNIPPET_NOT_RELEVANT 223549
ACTION SNIPPET 1200 479 SNIPPET_NOT_RELEVANT 1334801
ACTION SNIPPET 1200 479 SNIPPET_NOT_RELEVANT 1653124
ACTION SNIPPET 1200 479 SNIPPET_NOT_RELEVANT 593021
ACTION SNIPPET 1200 479 SNIPPET_NOT_RELEVANT 1697892
ACTION SNIPPET 1200 479 SNIPPET_NOT_RELEVANT 900300
ACTION SNIPPET 1200 479 SNIPPET_NOT_RELEVANT 1650857
ACTION SNIPPET 1200 479 SNIPPET_NOT_RELEVANT 1433420
ACTION SNIPPET 1200 479 SNIPPET_NOT_RELEVANT 1498382
ACTION SNIPPET 1200 479 SNIPPET_NOT_RELEVANT 606935
ACTION SNIPPET 1200 479 SNIPPET_NOT_RELEVANT 486705
ACTION SNIPPET 1200 479 SNIPPET_NOT_RELEVANT 729807
ACTION SNIPPET 1200 479 SNIPPET_NOT_RELEVANT 1476808
ACTION SNIPPET 1200 479 SNIPPET_NOT_RELEVANT 43525
ACTION SNIPPET 1200 479 SNIPPET_NOT_RELEVANT 227381
ACTION SNIPPET 1200 479 SNIPPET_NOT_RELEVANT 690548
ACTION SNIPPET 1200 479 SNIPPET_NOT_RELEVANT 690553
ACTION SNIPPET 1200 479 SNIPPET_NOT_RELEVANT 1582978
ACTION SNIPPET 1200 479 SNIPPET_NOT_RELEVANT 352893
ACTION SNIPPET 1200 479 SNIPPET_NOT_RELEVANT 1360090
ACTION SNIPPET 1200 479 SEEN_PREVIOUSLY 1206098
ACTION SNIPPET 1200 479 SNIPPET_NOT_RELEVANT 363551
ACTION SNIPPET 1200 479 SNIPPET_NOT_RELEVANT 1641854
ACTION SNIPPET 1200 479 SNIPPET_NOT_RELEVANT 562149
ACTION SNIPPET 1200 479 SNIPPET_NOT_RELEVANT 1439462
ACTION SNIPPET 1200 479 SNIPPET_NOT_RELEVANT 1428229
INFO SERP_END_REACHED 
ACTION QUERY 1200 489 tower leaning reflecting
ACTION SERP 1200 494 EXAMINE_SERP
ACTION SNIPPET 1200 494 SEEN_PREVIOUSLY 645300
ACTION SNIPPET 1200 494 SNIPPET_NOT_RELEVANT 269
ACTION SNIPPET 1200 494 SNIPPET_NOT_RELEVANT 269
ACTION SNIPPET 1200 494 SEEN_PREVIOUSLY 88633
ACTION SNIPPET 1200 494 SEEN_PREVIOUSLY 298897
ACTION SNIPPET 1200 494 SNIPPET_NOT_RELEVANT 1620239
ACTION SNIPPET 1200 494 SEEN_PREVIOUSLY 1575652
ACTION SNIPPET 1200 494 SNIPPET_NOT_RELEVANT 252420
ACTION SNIPPET 1200 494 SEEN_PREVIOUSLY 766777
ACTION SNIPPET 1200 494 SNIPPET_NOT_RELEVANT 434219
ACTION SNIPPET 1200 494 SNIPPET_NOT_RELEVANT 227106
ACTION SNIPPET 1200 494 SEEN_PREVIOUSLY 985739
ACTION SNIPPET 1200 494 SEEN_PREVIOUSLY 1325286
ACTION SNIPPET 1200 494 SEEN_PREVIOUSLY 31383
ACTION SNIPPET 1200 494 SNIPPET_NOT_RELEVANT 1333142
ACTION SNIPPET 1200 494 SEEN_PREVIOUSLY 1351564
ACTION SNIPPET 1200 494 SNIPPET_NOT_RELEVANT 117943
ACTION SNIPPET 1200 494 SNIPPET_NOT_RELEVANT 339617
ACTION SNIPPET 1200 494 SNIPPET_NOT_RELEVANT 363551
ACTION SNIPPET 1200 494 SNIPPET_NOT_RELEVANT 309850
ACTION SNIPPET 1200 494 SNIPPET_NOT_RELEVANT 297790
ACTION SNIPPET 1200 494 SNIPPET_NOT_RELEVANT 308430
ACTION SNIPPET 1200 494 SNIPPET_NOT_RELEVANT 227870
ACTION SNIPPET 1200 494 SNIPPET_NOT_RELEVANT 1617072
ACTION SNIPPET 1200 494 SNIPPET_NOT_RELEVANT 1663068
ACTION SNIPPET 1200 494 SNIPPET_NOT_RELEVANT 1250235
ACTION SNIPPET 1200 494 SNIPPET_NOT_RELEVANT 552154
ACTION SNIPPET 1200 494 SNIPPET_NOT_RELEVANT 1542964
ACTION SNIPPET 1200 494 SNIPPET_NOT_RELEVANT 1514765
ACTION SNIPPET 1200 494 SNIPPET_NOT_RELEVANT 551283
ACTION SNIPPET 1200 494 SNIPPET_NOT_RELEVANT 1819398
ACTION SNIPPET 1200 494 SNIPPET_NOT_RELEVANT 803506
ACTION SNIPPET 1200 494 SNIPPET_NOT_RELEVANT 1819543
ACTION SNIPPET 1200 494 SNIPPET_NOT_RELEVANT 1641854
ACTION SNIPPET 1200 494 SNIPPET_NOT_RELEVANT 1238493
ACTION SNIPPET 1200 494 SNIPPET_NOT_RELEVANT 230114
ACTION SNIPPET 1200 494 SNIPPET_NOT_RELEVANT 486705
ACTION SNIPPET 1200 494 SNIPPET_NOT_RELEVANT 1415547
ACTION SNIPPET 1200 494 SNIPPET_NOT_RELEVANT 1329554
ACTION SNIPPET 1200 494 SNIPPET_NOT_RELEVANT 1685127
ACTION SNIPPET 1200 494 SNIPPET_NOT_RELEVANT 1619450
ACTION SNIPPET 1200 494 SNIPPET_NOT_RELEVANT 62832
ACTION SNIPPET 1200 494 SNIPPET_NOT_RELEVANT 1517112
ACTION SNIPPET 1200 494 SNIPPET_NOT_RELEVANT 1813020
ACTION SNIPPET 1200 494 SNIPPET_NOT_RELEVANT 1632231
ACTION SNIPPET 1200 494 SNIPPET_NOT_RELEVANT 1527450
ACTION SNIPPET 1200 494 SNIPPET_NOT_RELEVANT 279587
ACTION SNIPPET 1200 494 SNIPPET_NOT_RELEVANT 1331403
ACTION SNIPPET 1200 494 SNIPPET_NOT_RELEVANT 1550942
ACTION SNIPPET 1200 494 SNIPPET_NOT_RELEVANT 1303629
ACTION SNIPPET 1200 494 SNIPPET_NOT_RELEVANT 1536843
ACTION SNIPPET 1200 494 SNIPPET_NOT_RELEVANT 1096818
ACTION SNIPPET 1200 494 SNIPPET_NOT_RELEVANT 279580
ACTION SNIPPET 1200 494 SNIPPET_NOT_RELEVANT 1425748
ACTION SNIPPET 1200 494 SNIPPET_NOT_RELEVANT 221718
ACTION SNIPPET 1200 494 SNIPPET_NOT_RELEVANT 227381
ACTION SNIPPET 1200 494 SNIPPET_NOT_RELEVANT 1545778
ACTION SNIPPET 1200 494 SNIPPET_NOT_RELEVANT 1146207
ACTION SNIPPET 1200 494 SNIPPET_NOT_RELEVANT 1397914
ACTION SNIPPET 1200 494 SNIPPET_NOT_RELEVANT 619517
ACTION SNIPPET 1200 494 SNIPPET_NOT_RELEVANT 1822004
ACTION SNIPPET 1200 494 SNIPPET_NOT_RELEVANT 1327659
ACTION SNIPPET 1200 494 SNIPPET_NOT_RELEVANT 485111
ACTION SNIPPET 1200 494 SNIPPET_NOT_RELEVANT 1337692
ACTION SNIPPET 1200 494 SNIPPET_NOT_RELEVANT 1679843
ACTION SNIPPET 1200 494 SNIPPET_NOT_RELEVANT 1326595
ACTION SNIPPET 1200 494 SNIPPET_NOT_RELEVANT 995480
ACTION SNIPPET 1200 494 SNIPPET_NOT_RELEVANT 1075877
ACTION SNIPPET 1200 494 SNIPPET_NOT_RELEVANT 762552
ACTION SNIPPET 1200 494 SNIPPET_NOT_RELEVANT 1404212
ACTION SNIPPET 1200 494 SNIPPET_NOT_RELEVANT 1340707
ACTION SNIPPET 1200 494 SNIPPET_NOT_RELEVANT 1799068
ACTION SNIPPET 1200 494 SNIPPET_NOT_RELEVANT 1834672
ACTION SNIPPET 1200 494 SNIPPET_NOT_RELEVANT 1449967
ACTION SNIPPET 1200 494 SNIPPET_NOT_RELEVANT 1726941
ACTION SNIPPET 1200 494 SNIPPET_NOT_RELEVANT 1217259
ACTION SNIPPET 1200 494 SNIPPET_NOT_RELEVANT 1732291
ACTION SNIPPET 1200 494 SNIPPET_NOT_RELEVANT 138883
ACTION SNIPPET 1200 494 SNIPPET_NOT_RELEVANT 1544395
ACTION SNIPPET 1200 494 SNIPPET_NOT_RELEVANT 1331729
ACTION SNIPPET 1200 494 SEEN_PREVIOUSLY 538867
ACTION SNIPPET 1200 494 SNIPPET_NOT_RELEVANT 1354101
ACTION SNIPPET 1200 494 SNIPPET_NOT_RELEVANT 1065759
ACTION SNIPPET 1200 494 SNIPPET_NOT_RELEVANT 1549025
ACTION SNIPPET 1200 494 SNIPPET_NOT_RELEVANT 1550885
ACTION SNIPPET 1200 494 SNIPPET_NOT_RELEVANT 1684116
ACTION SNIPPET 1200 494 SNIPPET_NOT_RELEVANT 218215
ACTION SNIPPET 1200 494 SNIPPET_NOT_RELEVANT 274863
ACTION SNIPPET 1200 494 SNIPPET_NOT_RELEVANT 1710605
ACTION SNIPPET 1200 494 SNIPPET_NOT_RELEVANT 1684679
ACTION SNIPPET 1200 494 SNIPPET_NOT_RELEVANT 1330891
ACTION SNIPPET 1200 494 SNIPPET_NOT_RELEVANT 1328534
ACTION SNIPPET 1200 494 SNIPPET_NOT_RELEVANT 1518759
ACTION SNIPPET 1200 494 SNIPPET_NOT_RELEVANT 1423169
ACTION SNIPPET 1200 494 SNIPPET_NOT_RELEVANT 1839266
ACTION SNIPPET 1200 494 SNIPPET_NOT_RELEVANT 672549
ACTION SNIPPET 1200 494 SNIPPET_NOT_RELEVANT 82039
ACTION SNIPPET 1200 494 SNIPPET_NOT_RELEVANT 1438144
ACTION SNIPPET 1200 494 SNIPPET_NOT_RELEVANT 781186
ACTION SNIPPET 1200 494 SNIPPET_NOT_RELEVANT 779435
INFO SERP_END_REACHED 
ACTION QUERY 1200 504 tower leaning change
ACTION SERP 1200 509 EXAMINE_SERP
ACTION SNIPPET 1200 509 SEEN_PREVIOUSLY 645300
ACTION SNIPPET 1200 509 SNIPPET_NOT_RELEVANT 269
ACTION SNIPPET 1200 509 SNIPPET_NOT_RELEVANT 269
ACTION SNIPPET 1200 509 SNIPPET_NOT_RELEVANT 227106
ACTION SNIPPET 1200 509 SEEN_PREVIOUSLY 88633
ACTION SNIPPET 1200 509 SEEN_PREVIOUSLY 298897
ACTION SNIPPET 1200 509 SNIPPET_NOT_RELEVANT 1620239
ACTION SNIPPET 1200 509 SEEN_PREVIOUSLY 1575652
ACTION SNIPPET 1200 509 SNIPPET_NOT_RELEVANT 252420
ACTION SNIPPET 1200 509 SEEN_PREVIOUSLY 766777
ACTION SNIPPET 1200 509 SNIPPET_NOT_RELEVANT 434219
ACTION SNIPPET 1200 509 SEEN_PREVIOUSLY 985739
ACTION SNIPPET 1200 509 SEEN_PREVIOUSLY 1325286
ACTION SNIPPET 1200 509 SEEN_PREVIOUSLY 31383
ACTION SNIPPET 1200 509 SNIPPET_NOT_RELEVANT 1331403
ACTION SNIPPET 1200 509 SEEN_PREVIOUSLY 1351564
ACTION SNIPPET 1200 509 SNIPPET_NOT_RELEVANT 117943
ACTION SNIPPET 1200 509 SNIPPET_NOT_RELEVANT 297790
ACTION SNIPPET 1200 509 SNIPPET_NOT_RELEVANT 339617
ACTION SNIPPET 1200 509 SNIPPET_NOT_RELEVANT 230114
ACTION SNIPPET 1200 509 SNIPPET_NOT_RELEVANT 309850
ACTION SNIPPET 1200 509 SNIPPET_NOT_RELEVANT 308430
ACTION SNIPPET 1200 509 SNIPPET_NOT_RELEVANT 227870
ACTION SNIPPET 1200 509 SNIPPET_NOT_RELEVANT 486705
ACTION SNIPPET 1200 509 SNIPPET_NOT_RELEVANT 1617072
ACTION SNIPPET 1200 509 SNIPPET_NOT_RELEVANT 1822004
ACTION SNIPPET 1200 509 SNIPPET_NOT_RELEVANT 1663068
ACTION SNIPPET 1200 509 SNIPPET_NOT_RELEVANT 1250235
ACTION SNIPPET 1200 509 SNIPPET_NOT_RELEVANT 552154
ACTION SNIPPET 1200 509 SNIPPET_NOT_RELEVANT 1542964
ACTION SNIPPET 1200 509 SNIPPET_NOT_RELEVANT 264889
ACTION SNIPPET 1200 509 SNIPPET_NOT_RELEVANT 1514765
ACTION SNIPPET 1200 509 SNIPPET_NOT_RELEVANT 803506
ACTION SNIPPET 1200 509 SNIPPET_NOT_RELEVANT 1354101
ACTION SNIPPET 1200 509 SNIPPET_NOT_RELEVANT 1238493
ACTION SNIPPET 1200 509 SNIPPET_NOT_RELEVANT 562149
ACTION SNIPPET 1200 509 SNIPPET_NOT_RELEVANT 1697892
ACTION SNIPPET 1200 509 SNIPPET_NOT_RELEVANT 1345050
ACTION SNIPPET 1200 509 SNIPPET_NOT_RELEVANT 1650857
ACTION SNIPPET 1200 509 SNIPPET_NOT_RELEVANT 1619450
ACTION SNIPPET 1200 509 SNIPPET_NOT_RELEVANT 1632231
ACTION SNIPPET 1200 509 SNIPPET_NOT_RELEVANT 146394
ACTION SNIPPET 1200 509 SNIPPET_NOT_RELEVANT 1425748
ACTION SNIPPET 1200 509 SNIPPET_NOT_RELEVANT 352893
ACTION SNIPPET 1200 509 SNIPPET_NOT_RELEVANT 1334801
ACTION SNIPPET 1200 509 SNIPPET_NOT_RELEVANT 1337692
ACTION SNIPPET 1200 509 SNIPPET_NOT_RELEVANT 991583
ACTION SNIPPET 1200 509 SNIPPET_NOT_RELEVANT 485111
ACTION SNIPPET 1200 509 SNIPPET_NOT_RELEVANT 1326595
ACTION SNIPPET 1200 509 SNIPPET_NOT_RELEVANT 995480
ACTION SNIPPET 1200 509 SNIPPET_NOT_RELEVANT 1075877
ACTION SNIPPET 1200 509 SNIPPET_NOT_RELEVANT 43525
ACTION SNIPPET 1200 509 SNIPPET_NOT_RELEVANT 762552
ACTION SNIPPET 1200 509 SNIPPET_NOT_RELEVANT 1404212
ACTION SNIPPET 1200 509 SNIPPET_NOT_RELEVANT 1340707
ACTION SNIPPET 1200 509 SNIPPET_NOT_RELEVANT 1449967
ACTION SNIPPET 1200 509 SNIPPET_NOT_RELEVANT 1217259
ACTION SNIPPET 1200 509 SNIPPET_NOT_RELEVANT 1732291
ACTION SNIPPET 1200 509 SNIPPET_NOT_RELEVANT 1641854
ACTION SNIPPET 1200 509 SEEN_PREVIOUSLY 538867
ACTION SNIPPET 1200 509 SNIPPET_NOT_RELEVANT 58034
ACTION SNIPPET 1200 509 SNIPPET_NOT_RELEVANT 393816
ACTION SNIPPET 1200 509 SNIPPET_NOT_RELEVANT 218215
ACTION SNIPPET 1200 509 SNIPPET_NOT_RELEVANT 1710605
ACTION SNIPPET 1200 509 SNIPPET_NOT_RELEVANT 1330891
ACTION SNIPPET 1200 509 SNIPPET_NOT_RELEVANT 1423169
ACTION SNIPPET 1200 509 SNIPPET_NOT_RELEVANT 1286418
ACTION SNIPPET 1200 509 SNIPPET_NOT_RELEVANT 672549
ACTION SNIPPET 1200 509 SNIPPET_NOT_RELEVANT 82039
ACTION SNIPPET 1200 509 SNIPPET_NOT_RELEVANT 1718913
ACTION SNIPPET 1200 509 SNIPPET_NOT_RELEVANT 363551
ACTION SNIPPET 1200 509 SNIPPET_NOT_RELEVANT 605445
ACTION SNIPPET 1200 509 SNIPPET_NOT_RELEVANT 762187
ACTION SNIPPET 1200 509 SNIPPET_NOT_RELEVANT 1697899
ACTION SNIPPET 1200 509 SNIPPET_NOT_RELEVANT 1303851
ACTION SNIPPET 1200 509 SNIPPET_NOT_RELEVANT 1263648
ACTION SNIPPET 1200 509 SNIPPET_NOT_RELEVANT 229692
ACTION SNIPPET 1200 509 SNIPPET_NOT_RELEVANT 1789819
ACTION SNIPPET 1200 509 SNIPPET_NOT_RELEVANT 984009
ACTION SNIPPET 1200 509 SNIPPET_NOT_RELEVANT 432298
ACTION SNIPPET 1200 509 SNIPPET_NOT_RELEVANT 155381
ACTION SNIPPET 1200 509 SNIPPET_NOT_RELEVANT 229516
ACTION SNIPPET 1200 509 SNIPPET_NOT_RELEVANT 1333142
ACTION SNIPPET 1200 509 SNIPPET_NOT_RELEVANT 1328534
ACTION SNIPPET 1200 509 SNIPPET_NOT_RELEVANT 252136
ACTION SNIPPET 1200 509 SNIPPET_NOT_RELEVANT 1592679
ACTION SNIPPET 1200 509 SNIPPET_NOT_RELEVANT 942037
ACTION SNIPPET 1200 509 SNIPPET_NOT_RELEVANT 1369871
ACTION SNIPPET 1200 509 SNIPPET_NOT_RELEVANT 78537
ACTION SNIPPET 1200 509 SNIPPET_NOT_RELEVANT 1139767
ACTION SNIPPET 1200 509 SNIPPET_NOT_RELEVANT 1819398
ACTION SNIPPET 1200 509 SNIPPET_NOT_RELEVANT 1819543
ACTION SNIPPET 1200 509 SNIPPET_NOT_RELEVANT 1313633
ACTION SNIPPET 1200 509 SNIPPET_NOT_RELEVANT 1719326
ACTION SNIPPET 1200 509 SNIPPET_NOT_RELEVANT 1226168
ACTION SNIPPET 1200 509 SNIPPET_NOT_RELEVANT 614888
ACTION SNIPPET 1200 509 SNIPPET_NOT_RELEVANT 223549
ACTION SNIPPET 1200 509 SNIPPET_NOT_RELEVANT 348150
ACTION SNIPPET 1200 509 SNIPPET_NOT_RELEVANT 1653124
ACTION SNIPPET 1200 509 SNIPPET_NOT_RELEVANT 1855170
INFO SERP_END_REACHED 
INFO OUT_OF_QUERIES 
INFO SUMMARY 
INFO TOTAL_QUERIES_ISSUED 14
INFO TOTAL_SNIPPETS_EXAMINED 1246
INFO TOTAL_DOCUMENTS_EXAMINED 13
INFO TOTAL_DOCUMENTS_MARKED_RELEVANT 13
INFO TOTAL_ATTRACTIVE_SERP_IMPRESSIONS 14
INFO TOTAL_UNATTRACTIVE_SERP_IMPRESSIONS 0
INFO TOTAL_TREC_RELEVANT_DOCS 13
INFO TOTAL_UNIQ_TREC_RELEVANT_DOCS 13
INFO PRECISION_TREC_RELEVANT_DOCS 1.0
