ACTION START 1200 0 START
ACTION QUERY 1200 10 Wildlife conservation efforts
ACTION SERP 1200 15 EXAMINE_SERP
ACTION SNIPPET 1200 15 SNIPPET_RELEVANT 5116
ACTION DOC 1200 35 EXAMINING_DOCUMENT 5116
ACTION SNIPPET 1200 35 SEEN_PREVIOUSLY 5116
ACTION SNIPPET 1200 35 SNIPPET_RELEVANT 1626152
ACTION DOC 1200 55 EXAMINING_DOCUMENT 1626152
ACTION SNIPPET 1200 55 SNIPPET_RELEVANT 860957
ACTION DOC 1200 75 EXAMINING_DOCUMENT 860957
ACTION SNIPPET 1200 75 SNIPPET_RELEVANT 261619
ACTION DOC 1200 95 EXAMINING_DOCUMENT 261619
ACTION SNIPPET 1200 95 SNIPPET_RELEVANT 757061
ACTION DOC 1200 115 EXAMINING_DOCUMENT 757061
ACTION SNIPPET 1200 115 SNIPPET_RELEVANT 649612
ACTION DOC 1200 135 EXAMINING_DOCUMENT 649612
ACTION MARK 1200 138 CONSIDERED_RELEVANT 649612
ACTION QUERY 1200 148 global wildlife conservation
ACTION SERP 1200 153 EXAMINE_SERP
ACTION SNIPPET 1200 153 SEEN_PREVIOUSLY 757061
ACTION SNIPPET 1200 153 SEEN_PREVIOUSLY 261619
ACTION SNIPPET 1200 153 SNIPPET_RELEVANT 257127
ACTION DOC 1200 173 EXAMINING_DOCUMENT 257127
ACTION SNIPPET 1200 173 SNIPPET_RELEVANT 1768834
ACTION DOC 1200 193 EXAMINING_DOCUMENT 1768834
ACTION SNIPPET 1200 193 SNIPPET_RELEVANT 323274
ACTION DOC 1200 213 EXAMINING_DOCUMENT 323274
ACTION MARK 1200 216 CONSIDERED_RELEVANT 323274
ACTION SNIPPET 1200 216 SNIPPET_RELEVANT 1840027
ACTION DOC 1200 236 EXAMINING_DOCUMENT 1840027
ACTION SNIPPET 1200 236 SNIPPET_RELEVANT 1035841
ACTION DOC 1200 256 EXAMINING_DOCUMENT 1035841
ACTION MARK 1200 259 CONSIDERED_RELEVANT 1035841
ACTION SNIPPET 1200 259 SNIPPET_RELEVANT 404722
ACTION DOC 1200 279 EXAMINING_DOCUMENT 404722
ACTION QUERY 1200 289 Wildlife extinction global
ACTION SERP 1200 294 EXAMINE_SERP
ACTION SNIPPET 1200 294 SNIPPET_RELEVANT 1226817
ACTION DOC 1200 314 EXAMINING_DOCUMENT 1226817
ACTION SNIPPET 1200 314 SEEN_PREVIOUSLY 404722
ACTION SNIPPET 1200 314 SNIPPET_RELEVANT 424632
ACTION DOC 1200 334 EXAMINING_DOCUMENT 424632
ACTION MARK 1200 337 CONSIDERED_RELEVANT 424632
ACTION SNIPPET 1200 337 SNIPPET_RELEVANT 529983
ACTION DOC 1200 357 EXAMINING_DOCUMENT 529983
ACTION SNIPPET 1200 357 SNIPPET_RELEVANT 679949
ACTION DOC 1200 377 EXAMINING_DOCUMENT 679949
ACTION MARK 1200 380 CONSIDERED_RELEVANT 679949
ACTION SNIPPET 1200 380 SNIPPET_RELEVANT 681074
ACTION DOC 1200 400 EXAMINING_DOCUMENT 681074
ACTION SNIPPET 1200 400 SNIPPET_RELEVANT 1146145
ACTION DOC 1200 420 EXAMINING_DOCUMENT 1146145
ACTION QUERY 1200 430 country conservation efforts
ACTION SERP 1200 435 EXAMINE_SERP
ACTION SNIPPET 1200 435 SNIPPET_RELEVANT 1794289
ACTION DOC 1200 455 EXAMINING_DOCUMENT 1794289
ACTION MARK 1200 458 CONSIDERED_RELEVANT 1794289
ACTION SNIPPET 1200 458 SNIPPET_RELEVANT 1206603
ACTION DOC 1200 478 EXAMINING_DOCUMENT 1206603
ACTION SNIPPET 1200 478 SNIPPET_RELEVANT 1184266
ACTION DOC 1200 498 EXAMINING_DOCUMENT 1184266
ACTION SNIPPET 1200 498 SNIPPET_RELEVANT 754517
ACTION DOC 1200 518 EXAMINING_DOCUMENT 754517
ACTION SNIPPET 1200 518 SNIPPET_RELEVANT 420645
ACTION DOC 1200 538 EXAMINING_DOCUMENT 420645
ACTION SNIPPET 1200 538 SNIPPET_RELEVANT 1751680
ACTION DOC 1200 558 EXAMINING_DOCUMENT 1751680
ACTION QUERY 1200 568 country wildlife conservation
ACTION SERP 1200 573 EXAMINE_SERP
ACTION SNIPPET 1200 573 SNIPPET_RELEVANT 89788
ACTION DOC 1200 593 EXAMINING_DOCUMENT 89788
ACTION MARK 1200 596 CONSIDERED_RELEVANT 89788
ACTION SNIPPET 1200 596 SEEN_PREVIOUSLY 257127
ACTION SNIPPET 1200 596 SNIPPET_RELEVANT 595969
ACTION DOC 1200 616 EXAMINING_DOCUMENT 595969
ACTION SNIPPET 1200 616 SNIPPET_RELEVANT 245447
ACTION DOC 1200 636 EXAMINING_DOCUMENT 245447
ACTION SNIPPET 1200 636 SNIPPET_RELEVANT 1722745
ACTION DOC 1200 656 EXAMINING_DOCUMENT 1722745
ACTION MARK 1200 659 CONSIDERED_RELEVANT 1722745
ACTION SNIPPET 1200 659 SNIPPET_RELEVANT 727292
ACTION DOC 1200 679 EXAMINING_DOCUMENT 727292
ACTION SNIPPET 1200 679 SNIPPET_RELEVANT 588024
ACTION DOC 1200 699 EXAMINING_DOCUMENT 588024
ACTION QUERY 1200 709 Country wildlife conservation
ACTION SERP 1200 714 EXAMINE_SERP
ACTION SNIPPET 1200 714 SEEN_PREVIOUSLY 89788
ACTION SNIPPET 1200 714 SEEN_PREVIOUSLY 257127
ACTION SNIPPET 1200 714 SEEN_PREVIOUSLY 595969
ACTION SNIPPET 1200 714 SEEN_PREVIOUSLY 245447
ACTION SNIPPET 1200 714 SEEN_PREVIOUSLY 1722745
ACTION SNIPPET 1200 714 SEEN_PREVIOUSLY 727292
ACTION SNIPPET 1200 714 SEEN_PREVIOUSLY 588024
ACTION SNIPPET 1200 714 SEEN_PREVIOUSLY 261619
ACTION SNIPPET 1200 714 SEEN_PREVIOUSLY 757061
ACTION SNIPPET 1200 714 SEEN_PREVIOUSLY 649612
ACTION SNIPPET 1200 714 SNIPPET_RELEVANT 1830896
ACTION DOC 1200 734 EXAMINING_DOCUMENT 1830896
ACTION MARK 1200 737 CONSIDERED_RELEVANT 1830896
ACTION SNIPPET 1200 737 SNIPPET_RELEVANT 114650
ACTION DOC 1200 757 EXAMINING_DOCUMENT 114650
ACTION SNIPPET 1200 757 SNIPPET_RELEVANT 300927
ACTION DOC 1200 777 EXAMINING_DOCUMENT 300927
ACTION SNIPPET 1200 777 SNIPPET_RELEVANT 255412
ACTION DOC 1200 797 EXAMINING_DOCUMENT 255412
ACTION SNIPPET 1200 797 SNIPPET_RELEVANT 138680
ACTION DOC 1200 817 EXAMINING_DOCUMENT 138680
ACTION SNIPPET 1200 817 SNIPPET_RELEVANT 590590
ACTION DOC 1200 837 EXAMINING_DOCUMENT 590590
ACTION QUERY 1200 847 species preservation efforts
ACTION SERP 1200 852 EXAMINE_SERP
ACTION SNIPPET 1200 852 SNIPPET_RELEVANT 1237486
ACTION DOC 1200 872 EXAMINING_DOCUMENT 1237486
ACTION SNIPPET 1200 872 SNIPPET_RELEVANT 1238104
ACTION DOC 1200 892 EXAMINING_DOCUMENT 1238104
ACTION SNIPPET 1200 892 SNIPPET_RELEVANT 637258
ACTION DOC 1200 912 EXAMINING_DOCUMENT 637258
ACTION SNIPPET 1200 912 SNIPPET_RELEVANT 1021490
ACTION DOC 1200 932 EXAMINING_DOCUMENT 1021490
ACTION SNIPPET 1200 932 SNIPPET_RELEVANT 564515
ACTION DOC 1200 952 EXAMINING_DOCUMENT 564515
ACTION SNIPPET 1200 952 SNIPPET_RELEVANT 1021488
ACTION DOC 1200 972 EXAMINING_DOCUMENT 1021488
ACTION MARK 1200 975 CONSIDERED_RELEVANT 1021488
ACTION QUERY 1200 985 Country species conservation
ACTION SERP 1200 990 EXAMINE_SERP
ACTION SNIPPET 1200 990 SEEN_PREVIOUSLY 1184266
ACTION SNIPPET 1200 990 SNIPPET_RELEVANT 1008453
ACTION DOC 1200 1010 EXAMINING_DOCUMENT 1008453
ACTION SNIPPET 1200 1010 SNIPPET_RELEVANT 1008555
ACTION DOC 1200 1030 EXAMINING_DOCUMENT 1008555
ACTION SNIPPET 1200 1030 SNIPPET_RELEVANT 1048384
ACTION DOC 1200 1050 EXAMINING_DOCUMENT 1048384
ACTION SNIPPET 1200 1050 SNIPPET_RELEVANT 412371
ACTION DOC 1200 1070 EXAMINING_DOCUMENT 412371
ACTION SNIPPET 1200 1070 SNIPPET_RELEVANT 1501234
ACTION DOC 1200 1090 EXAMINING_DOCUMENT 1501234
ACTION SNIPPET 1200 1090 SNIPPET_RELEVANT 511286
ACTION DOC 1200 1110 EXAMINING_DOCUMENT 511286
ACTION QUERY 1200 1120 country species conservation
ACTION SERP 1200 1125 EXAMINE_SERP
ACTION SNIPPET 1200 1125 SEEN_PREVIOUSLY 1184266
ACTION SNIPPET 1200 1125 SEEN_PREVIOUSLY 1008453
ACTION SNIPPET 1200 1125 SEEN_PREVIOUSLY 1008555
ACTION SNIPPET 1200 1125 SEEN_PREVIOUSLY 1048384
ACTION SNIPPET 1200 1125 SEEN_PREVIOUSLY 412371
ACTION SNIPPET 1200 1125 SEEN_PREVIOUSLY 1501234
ACTION SNIPPET 1200 1125 SEEN_PREVIOUSLY 511286
ACTION SNIPPET 1200 1125 SNIPPET_RELEVANT 531147
ACTION DOC 1200 1145 EXAMINING_DOCUMENT 531147
ACTION SNIPPET 1200 1145 SNIPPET_RELEVANT 517934
ACTION DOC 1200 1165 EXAMINING_DOCUMENT 517934
ACTION SNIPPET 1200 1165 SNIPPET_RELEVANT 736157
ACTION DOC 1200 1185 EXAMINING_DOCUMENT 736157
ACTION SNIPPET 1200 1185 SNIPPET_RELEVANT 590888
ACTION DOC 1200 1205 EXAMINING_DOCUMENT 590888
INFO SUMMARY 
INFO TOTAL_QUERIES_ISSUED 9
INFO TOTAL_SNIPPETS_EXAMINED 75
INFO TOTAL_DOCUMENTS_EXAMINED 52
INFO TOTAL_DOCUMENTS_MARKED_RELEVANT 10
INFO TOTAL_ATTRACTIVE_SERP_IMPRESSIONS 9
INFO TOTAL_UNATTRACTIVE_SERP_IMPRESSIONS 0
