ACTION START 1200 0 START
ACTION QUERY 1200 10 heroic acts
ACTION SERP 1200 15 EXAMINE_SERP
ACTION SNIPPET 1200 15 SNIPPET_RELEVANT 99968
ACTION DOC 1200 35 EXAMINING_DOCUMENT 99968
ACTION MARK 1200 38 CONSIDERED_RELEVANT 99968
ACTION SNIPPET 1200 38 SNIPPET_RELEVANT 996765
ACTION DOC 1200 58 EXAMINING_DOCUMENT 996765
ACTION SNIPPET 1200 58 SNIPPET_RELEVANT 1596059
ACTION DOC 1200 78 EXAMINING_DOCUMENT 1596059
ACTION SNIPPET 1200 78 SNIPPET_RELEVANT 190817
ACTION DOC 1200 98 EXAMINING_DOCUMENT 190817
ACTION MARK 1200 101 CONSIDERED_RELEVANT 190817
ACTION SNIPPET 1200 101 SNIPPET_RELEVANT 690533
ACTION DOC 1200 121 EXAMINING_DOCUMENT 690533
ACTION MARK 1200 124 CONSIDERED_RELEVANT 690533
ACTION SNIPPET 1200 124 SNIPPET_RELEVANT 895603
ACTION DOC 1200 144 EXAMINING_DOCUMENT 895603
ACTION MARK 1200 147 CONSIDERED_RELEVANT 895603
ACTION QUERY 1200 157 selfless rescue
ACTION SERP 1200 162 EXAMINE_SERP
ACTION SNIPPET 1200 162 SNIPPET_RELEVANT 330649
ACTION DOC 1200 182 EXAMINING_DOCUMENT 330649
ACTION MARK 1200 185 CONSIDERED_RELEVANT 330649
ACTION SNIPPET 1200 185 SNIPPET_RELEVANT 1426408
ACTION DOC 1200 205 EXAMINING_DOCUMENT 1426408
ACTION MARK 1200 208 CONSIDERED_RELEVANT 1426408
ACTION SNIPPET 1200 208 SNIPPET_RELEVANT 763426
ACTION DOC 1200 228 EXAMINING_DOCUMENT 763426
ACTION SNIPPET 1200 228 SNIPPET_RELEVANT 820319
ACTION DOC 1200 248 EXAMINING_DOCUMENT 820319
ACTION MARK 1200 251 CONSIDERED_RELEVANT 820319
ACTION SNIPPET 1200 251 SNIPPET_RELEVANT 1489002
ACTION DOC 1200 271 EXAMINING_DOCUMENT 1489002
ACTION MARK 1200 274 CONSIDERED_RELEVANT 1489002
ACTION SNIPPET 1200 274 SNIPPET_RELEVANT 295182
ACTION DOC 1200 294 EXAMINING_DOCUMENT 295182
ACTION QUERY 1200 304 selfless actions
ACTION SERP 1200 309 EXAMINE_SERP
ACTION SNIPPET 1200 309 SEEN_PREVIOUSLY 330649
ACTION SNIPPET 1200 309 SNIPPET_RELEVANT 309397
ACTION DOC 1200 329 EXAMINING_DOCUMENT 309397
ACTION MARK 1200 332 CONSIDERED_RELEVANT 309397
ACTION SNIPPET 1200 332 SNIPPET_RELEVANT 1119196
ACTION DOC 1200 352 EXAMINING_DOCUMENT 1119196
ACTION MARK 1200 355 CONSIDERED_RELEVANT 1119196
ACTION SNIPPET 1200 355 SNIPPET_RELEVANT 1118652
ACTION DOC 1200 375 EXAMINING_DOCUMENT 1118652
ACTION MARK 1200 378 CONSIDERED_RELEVANT 1118652
ACTION SNIPPET 1200 378 SNIPPET_RELEVANT 1720337
ACTION DOC 1200 398 EXAMINING_DOCUMENT 1720337
ACTION MARK 1200 401 CONSIDERED_RELEVANT 1720337
ACTION SNIPPET 1200 401 SNIPPET_RELEVANT 626618
ACTION DOC 1200 421 EXAMINING_DOCUMENT 626618
ACTION MARK 1200 424 CONSIDERED_RELEVANT 626618
ACTION QUERY 1200 434 selfless acts
ACTION SERP 1200 439 EXAMINE_SERP
ACTION SNIPPET 1200 439 SNIPPET_RELEVANT 815372
ACTION DOC 1200 459 EXAMINING_DOCUMENT 815372
ACTION MARK 1200 462 CONSIDERED_RELEVANT 815372
ACTION SNIPPET 1200 462 SNIPPET_RELEVANT 1564667
ACTION DOC 1200 482 EXAMINING_DOCUMENT 1564667
ACTION MARK 1200 485 CONSIDERED_RELEVANT 1564667
ACTION SNIPPET 1200 485 SNIPPET_RELEVANT 1131555
ACTION DOC 1200 505 EXAMINING_DOCUMENT 1131555
ACTION MARK 1200 508 CONSIDERED_RELEVANT 1131555
ACTION SNIPPET 1200 508 SNIPPET_RELEVANT 1373006
ACTION DOC 1200 528 EXAMINING_DOCUMENT 1373006
ACTION MARK 1200 531 CONSIDERED_RELEVANT 1373006
ACTION SNIPPET 1200 531 SNIPPET_RELEVANT 861985
ACTION DOC 1200 551 EXAMINING_DOCUMENT 861985
ACTION MARK 1200 554 CONSIDERED_RELEVANT 861985
ACTION QUERY 1200 564 earthquake relief
ACTION SERP 1200 569 EXAMINE_SERP
ACTION SNIPPET 1200 569 SNIPPET_RELEVANT 663457
ACTION DOC 1200 589 EXAMINING_DOCUMENT 663457
ACTION MARK 1200 592 CONSIDERED_RELEVANT 663457
ACTION SNIPPET 1200 592 SNIPPET_RELEVANT 662987
ACTION DOC 1200 612 EXAMINING_DOCUMENT 662987
ACTION MARK 1200 615 CONSIDERED_RELEVANT 662987
ACTION SNIPPET 1200 615 SNIPPET_RELEVANT 663190
ACTION DOC 1200 635 EXAMINING_DOCUMENT 663190
ACTION MARK 1200 638 CONSIDERED_RELEVANT 663190
ACTION SNIPPET 1200 638 SNIPPET_RELEVANT 292950
ACTION DOC 1200 658 EXAMINING_DOCUMENT 292950
ACTION MARK 1200 661 CONSIDERED_RELEVANT 292950
ACTION SNIPPET 1200 661 SNIPPET_RELEVANT 638197
ACTION DOC 1200 681 EXAMINING_DOCUMENT 638197
ACTION MARK 1200 684 CONSIDERED_RELEVANT 638197
ACTION QUERY 1200 694 disaster relief
ACTION SERP 1200 699 EXAMINE_SERP
ACTION SNIPPET 1200 699 SNIPPET_RELEVANT 745288
ACTION DOC 1200 719 EXAMINING_DOCUMENT 745288
ACTION MARK 1200 722 CONSIDERED_RELEVANT 745288
ACTION SNIPPET 1200 722 SNIPPET_RELEVANT 294359
ACTION DOC 1200 742 EXAMINING_DOCUMENT 294359
ACTION MARK 1200 745 CONSIDERED_RELEVANT 294359
ACTION SNIPPET 1200 745 SNIPPET_RELEVANT 174889
ACTION DOC 1200 765 EXAMINING_DOCUMENT 174889
ACTION MARK 1200 768 CONSIDERED_RELEVANT 174889
ACTION SNIPPET 1200 768 SNIPPET_RELEVANT 286584
ACTION DOC 1200 788 EXAMINING_DOCUMENT 286584
ACTION MARK 1200 791 CONSIDERED_RELEVANT 286584
ACTION SNIPPET 1200 791 SNIPPET_RELEVANT 286190
ACTION DOC 1200 811 EXAMINING_DOCUMENT 286190
ACTION MARK 1200 814 CONSIDERED_RELEVANT 286190
ACTION QUERY 1200 824 natural disaster relief
ACTION SERP 1200 829 EXAMINE_SERP
ACTION SNIPPET 1200 829 SNIPPET_RELEVANT 444843
ACTION DOC 1200 849 EXAMINING_DOCUMENT 444843
ACTION MARK 1200 852 CONSIDERED_RELEVANT 444843
ACTION SNIPPET 1200 852 SNIPPET_RELEVANT 486625
ACTION DOC 1200 872 EXAMINING_DOCUMENT 486625
ACTION MARK 1200 875 CONSIDERED_RELEVANT 486625
ACTION SNIPPET 1200 875 SNIPPET_RELEVANT 497683
ACTION DOC 1200 895 EXAMINING_DOCUMENT 497683
ACTION MARK 1200 898 CONSIDERED_RELEVANT 497683
ACTION SNIPPET 1200 898 SNIPPET_RELEVANT 1641387
ACTION DOC 1200 918 EXAMINING_DOCUMENT 1641387
ACTION SNIPPET 1200 918 SNIPPET_RELEVANT 1638724
ACTION DOC 1200 938 EXAMINING_DOCUMENT 1638724
ACTION SNIPPET 1200 938 SNIPPET_RELEVANT 296570
ACTION DOC 1200 958 EXAMINING_DOCUMENT 296570
ACTION MARK 1200 961 CONSIDERED_RELEVANT 296570
ACTION QUERY 1200 971 FEMA response
ACTION SERP 1200 976 EXAMINE_SERP
ACTION SNIPPET 1200 976 SNIPPET_RELEVANT 1767720
ACTION DOC 1200 996 EXAMINING_DOCUMENT 1767720
ACTION MARK 1200 999 CONSIDERED_RELEVANT 1767720
ACTION SNIPPET 1200 999 SNIPPET_RELEVANT 1710989
ACTION DOC 1200 1019 EXAMINING_DOCUMENT 1710989
ACTION MARK 1200 1022 CONSIDERED_RELEVANT 1710989
ACTION SNIPPET 1200 1022 SNIPPET_RELEVANT 1757635
ACTION DOC 1200 1042 EXAMINING_DOCUMENT 1757635
ACTION SNIPPET 1200 1042 SNIPPET_RELEVANT 1699166
ACTION DOC 1200 1062 EXAMINING_DOCUMENT 1699166
ACTION MARK 1200 1065 CONSIDERED_RELEVANT 1699166
ACTION SNIPPET 1200 1065 SNIPPET_RELEVANT 1758497
ACTION DOC 1200 1085 EXAMINING_DOCUMENT 1758497
ACTION MARK 1200 1088 CONSIDERED_RELEVANT 1758497
ACTION SNIPPET 1200 1088 SNIPPET_RELEVANT 1751701
ACTION DOC 1200 1108 EXAMINING_DOCUMENT 1751701
ACTION MARK 1200 1111 CONSIDERED_RELEVANT 1751701
ACTION QUERY 1200 1121 disaster relief heroes
ACTION SERP 1200 1126 EXAMINE_SERP
ACTION SNIPPET 1200 1126 SNIPPET_RELEVANT 1325160
ACTION DOC 1200 1146 EXAMINING_DOCUMENT 1325160
ACTION MARK 1200 1149 CONSIDERED_RELEVANT 1325160
ACTION SNIPPET 1200 1149 SNIPPET_RELEVANT 1701990
ACTION DOC 1200 1169 EXAMINING_DOCUMENT 1701990
ACTION MARK 1200 1172 CONSIDERED_RELEVANT 1701990
ACTION SNIPPET 1200 1172 SEEN_PREVIOUSLY 745288
ACTION SNIPPET 1200 1172 SEEN_PREVIOUSLY 294359
ACTION SNIPPET 1200 1172 SEEN_PREVIOUSLY 174889
ACTION SNIPPET 1200 1172 SEEN_PREVIOUSLY 286584
ACTION SNIPPET 1200 1172 SNIPPET_RELEVANT 197652
ACTION DOC 1200 1192 EXAMINING_DOCUMENT 197652
ACTION SNIPPET 1200 1192 SEEN_PREVIOUSLY 286190
ACTION SNIPPET 1200 1192 SNIPPET_RELEVANT 737925
ACTION DOC 1200 1212 EXAMINING_DOCUMENT 737925
INFO SUMMARY 
INFO TOTAL_QUERIES_ISSUED 9
INFO TOTAL_SNIPPETS_EXAMINED 54
INFO TOTAL_DOCUMENTS_EXAMINED 48
INFO TOTAL_DOCUMENTS_MARKED_RELEVANT 39
INFO TOTAL_ATTRACTIVE_SERP_IMPRESSIONS 9
INFO TOTAL_UNATTRACTIVE_SERP_IMPRESSIONS 0
