ACTION START 1200 0 START
ACTION QUERY 1200 10 Iran Iraq alliance
ACTION SERP 1200 15 EXAMINE_SERP
ACTION SNIPPET 1200 15 SNIPPET_RELEVANT 1634960
ACTION DOC 1200 35 EXAMINING_DOCUMENT 1634960
ACTION MARK 1200 38 CONSIDERED_RELEVANT 1634960
ACTION SNIPPET 1200 38 SNIPPET_RELEVANT 58799
ACTION DOC 1200 58 EXAMINING_DOCUMENT 58799
ACTION SNIPPET 1200 58 SNIPPET_RELEVANT 401575
ACTION DOC 1200 78 EXAMINING_DOCUMENT 401575
ACTION MARK 1200 81 CONSIDERED_RELEVANT 401575
ACTION SNIPPET 1200 81 SNIPPET_RELEVANT 408747
ACTION DOC 1200 101 EXAMINING_DOCUMENT 408747
ACTION SNIPPET 1200 101 SNIPPET_RELEVANT 155813
ACTION DOC 1200 121 EXAMINING_DOCUMENT 155813
ACTION SNIPPET 1200 121 SNIPPET_RELEVANT 377502
ACTION DOC 1200 141 EXAMINING_DOCUMENT 377502
ACTION MARK 1200 144 CONSIDERED_RELEVANT 377502
ACTION QUERY 1200 154 Iraq Iran economic cooperation
ACTION SERP 1200 159 EXAMINE_SERP
ACTION SNIPPET 1200 159 SNIPPET_RELEVANT 429104
ACTION DOC 1200 179 EXAMINING_DOCUMENT 429104
ACTION SNIPPET 1200 179 SNIPPET_RELEVANT 441983
ACTION DOC 1200 199 EXAMINING_DOCUMENT 441983
ACTION SNIPPET 1200 199 SNIPPET_RELEVANT 63088
ACTION DOC 1200 219 EXAMINING_DOCUMENT 63088
ACTION SNIPPET 1200 219 SEEN_PREVIOUSLY 377502
ACTION SNIPPET 1200 219 SNIPPET_RELEVANT 648548
ACTION DOC 1200 239 EXAMINING_DOCUMENT 648548
ACTION SNIPPET 1200 239 SNIPPET_RELEVANT 376665
ACTION DOC 1200 259 EXAMINING_DOCUMENT 376665
ACTION MARK 1200 262 CONSIDERED_RELEVANT 376665
ACTION SNIPPET 1200 262 SNIPPET_RELEVANT 448638
ACTION DOC 1200 282 EXAMINING_DOCUMENT 448638
ACTION QUERY 1200 292 Iranian Iraqi cooperation
ACTION SERP 1200 297 EXAMINE_SERP
ACTION SNIPPET 1200 297 SNIPPET_RELEVANT 995766
ACTION DOC 1200 317 EXAMINING_DOCUMENT 995766
ACTION SNIPPET 1200 317 SNIPPET_RELEVANT 383271
ACTION DOC 1200 337 EXAMINING_DOCUMENT 383271
ACTION MARK 1200 340 CONSIDERED_RELEVANT 383271
ACTION SNIPPET 1200 340 SNIPPET_RELEVANT 552520
ACTION DOC 1200 360 EXAMINING_DOCUMENT 552520
ACTION SNIPPET 1200 360 SNIPPET_RELEVANT 1437418
ACTION DOC 1200 380 EXAMINING_DOCUMENT 1437418
ACTION SNIPPET 1200 380 SNIPPET_RELEVANT 431291
ACTION DOC 1200 400 EXAMINING_DOCUMENT 431291
ACTION SNIPPET 1200 400 SEEN_PREVIOUSLY 376665
ACTION SNIPPET 1200 400 SNIPPET_RELEVANT 1822453
ACTION DOC 1200 420 EXAMINING_DOCUMENT 1822453
ACTION MARK 1200 423 CONSIDERED_RELEVANT 1822453
ACTION QUERY 1200 433 Iran Iraq economic ties
ACTION SERP 1200 438 EXAMINE_SERP
ACTION SNIPPET 1200 438 SNIPPET_RELEVANT 1827219
ACTION DOC 1200 458 EXAMINING_DOCUMENT 1827219
ACTION SNIPPET 1200 458 SNIPPET_RELEVANT 1833543
ACTION DOC 1200 478 EXAMINING_DOCUMENT 1833543
ACTION MARK 1200 481 CONSIDERED_RELEVANT 1833543
ACTION SNIPPET 1200 481 SNIPPET_RELEVANT 532175
ACTION DOC 1200 501 EXAMINING_DOCUMENT 532175
ACTION SNIPPET 1200 501 SNIPPET_RELEVANT 1384216
ACTION DOC 1200 521 EXAMINING_DOCUMENT 1384216
ACTION SNIPPET 1200 521 SNIPPET_RELEVANT 407526
ACTION DOC 1200 541 EXAMINING_DOCUMENT 407526
ACTION SNIPPET 1200 541 SNIPPET_RELEVANT 1824238
ACTION DOC 1200 561 EXAMINING_DOCUMENT 1824238
ACTION MARK 1200 564 CONSIDERED_RELEVANT 1824238
ACTION QUERY 1200 574 Iraq Iran border security
ACTION SERP 1200 579 EXAMINE_SERP
ACTION SNIPPET 1200 579 SNIPPET_RELEVANT 1566378
ACTION DOC 1200 599 EXAMINING_DOCUMENT 1566378
ACTION SNIPPET 1200 599 SNIPPET_RELEVANT 309380
ACTION DOC 1200 619 EXAMINING_DOCUMENT 309380
ACTION SNIPPET 1200 619 SNIPPET_RELEVANT 441057
ACTION DOC 1200 639 EXAMINING_DOCUMENT 441057
ACTION SNIPPET 1200 639 SNIPPET_RELEVANT 1660347
ACTION DOC 1200 659 EXAMINING_DOCUMENT 1660347
ACTION SNIPPET 1200 659 SNIPPET_RELEVANT 1765102
ACTION DOC 1200 679 EXAMINING_DOCUMENT 1765102
ACTION MARK 1200 682 CONSIDERED_RELEVANT 1765102
ACTION SNIPPET 1200 682 SNIPPET_RELEVANT 98723
ACTION DOC 1200 702 EXAMINING_DOCUMENT 98723
ACTION QUERY 1200 712 Iran Iraq cooperation agreements
ACTION SERP 1200 717 EXAMINE_SERP
ACTION SNIPPET 1200 717 SNIPPET_RELEVANT 1058942
ACTION DOC 1200 737 EXAMINING_DOCUMENT 1058942
ACTION SNIPPET 1200 737 SEEN_PREVIOUSLY 63088
ACTION SNIPPET 1200 737 SNIPPET_RELEVANT 376699
ACTION DOC 1200 757 EXAMINING_DOCUMENT 376699
ACTION MARK 1200 760 CONSIDERED_RELEVANT 376699
ACTION SNIPPET 1200 760 SNIPPET_RELEVANT 598857
ACTION DOC 1200 780 EXAMINING_DOCUMENT 598857
ACTION MARK 1200 783 CONSIDERED_RELEVANT 598857
ACTION SNIPPET 1200 783 SNIPPET_RELEVANT 168472
ACTION DOC 1200 803 EXAMINING_DOCUMENT 168472
ACTION SNIPPET 1200 803 SNIPPET_RELEVANT 175229
ACTION DOC 1200 823 EXAMINING_DOCUMENT 175229
ACTION SNIPPET 1200 823 SNIPPET_RELEVANT 555700
ACTION DOC 1200 843 EXAMINING_DOCUMENT 555700
ACTION QUERY 1200 853 Iraq Iran trade relations
ACTION SERP 1200 858 EXAMINE_SERP
ACTION SNIPPET 1200 858 SNIPPET_RELEVANT 1397520
ACTION DOC 1200 878 EXAMINING_DOCUMENT 1397520
ACTION SNIPPET 1200 878 SNIPPET_RELEVANT 419199
ACTION DOC 1200 898 EXAMINING_DOCUMENT 419199
ACTION SNIPPET 1200 898 SNIPPET_RELEVANT 33961
ACTION DOC 1200 918 EXAMINING_DOCUMENT 33961
ACTION SNIPPET 1200 918 SNIPPET_RELEVANT 1831790
ACTION DOC 1200 938 EXAMINING_DOCUMENT 1831790
ACTION SNIPPET 1200 938 SNIPPET_RELEVANT 376294
ACTION DOC 1200 958 EXAMINING_DOCUMENT 376294
ACTION SNIPPET 1200 958 SNIPPET_RELEVANT 1806517
ACTION DOC 1200 978 EXAMINING_DOCUMENT 1806517
ACTION QUERY 1200 988 Iran Iraq border cooperation
ACTION SERP 1200 993 EXAMINE_SERP
ACTION SNIPPET 1200 993 SEEN_PREVIOUSLY 377502
ACTION SNIPPET 1200 993 SEEN_PREVIOUSLY 1437418
ACTION SNIPPET 1200 993 SEEN_PREVIOUSLY 376699
ACTION SNIPPET 1200 993 SEEN_PREVIOUSLY 376665
ACTION SNIPPET 1200 993 SNIPPET_RELEVANT 1616223
ACTION DOC 1200 1013 EXAMINING_DOCUMENT 1616223
ACTION SNIPPET 1200 1013 SNIPPET_RELEVANT 1422285
ACTION DOC 1200 1033 EXAMINING_DOCUMENT 1422285
ACTION SNIPPET 1200 1033 SNIPPET_RELEVANT 382211
ACTION DOC 1200 1053 EXAMINING_DOCUMENT 382211
ACTION MARK 1200 1056 CONSIDERED_RELEVANT 382211
ACTION SNIPPET 1200 1056 SNIPPET_RELEVANT 440252
ACTION DOC 1200 1076 EXAMINING_DOCUMENT 440252
ACTION SNIPPET 1200 1076 SNIPPET_RELEVANT 752919
ACTION DOC 1200 1096 EXAMINING_DOCUMENT 752919
ACTION SNIPPET 1200 1096 SNIPPET_RELEVANT 1008015
ACTION DOC 1200 1116 EXAMINING_DOCUMENT 1008015
ACTION MARK 1200 1119 CONSIDERED_RELEVANT 1008015
ACTION QUERY 1200 1129 Iranian Iraqi joint ventures
ACTION SERP 1200 1134 EXAMINE_SERP
ACTION SNIPPET 1200 1134 SNIPPET_RELEVANT 289605
ACTION DOC 1200 1154 EXAMINING_DOCUMENT 289605
ACTION SNIPPET 1200 1154 SNIPPET_RELEVANT 302198
ACTION DOC 1200 1174 EXAMINING_DOCUMENT 302198
ACTION SNIPPET 1200 1174 SNIPPET_RELEVANT 418461
ACTION DOC 1200 1194 EXAMINING_DOCUMENT 418461
ACTION SNIPPET 1200 1194 SNIPPET_RELEVANT 430077
ACTION DOC 1200 1214 EXAMINING_DOCUMENT 430077
INFO SUMMARY 
INFO TOTAL_QUERIES_ISSUED 9
INFO TOTAL_SNIPPETS_EXAMINED 59
INFO TOTAL_DOCUMENTS_EXAMINED 52
INFO TOTAL_DOCUMENTS_MARKED_RELEVANT 13
INFO TOTAL_ATTRACTIVE_SERP_IMPRESSIONS 9
INFO TOTAL_UNATTRACTIVE_SERP_IMPRESSIONS 0
