ACTION START 1200 0 START
ACTION QUERY 1200 10 hydrogen energy research
ACTION SERP 1200 15 EXAMINE_SERP
ACTION SNIPPET 1200 15 SNIPPET_RELEVANT 1497519
ACTION DOC 1200 35 EXAMINING_DOCUMENT 1497519
ACTION MARK 1200 38 CONSIDERED_RELEVANT 1497519
ACTION SNIPPET 1200 38 SNIPPET_RELEVANT 1497518
ACTION DOC 1200 58 EXAMINING_DOCUMENT 1497518
ACTION SNIPPET 1200 58 SNIPPET_RELEVANT 379451
ACTION DOC 1200 78 EXAMINING_DOCUMENT 379451
ACTION MARK 1200 81 CONSIDERED_RELEVANT 379451
ACTION SNIPPET 1200 81 SNIPPET_RELEVANT 755544
ACTION DOC 1200 101 EXAMINING_DOCUMENT 755544
ACTION MARK 1200 104 CONSIDERED_RELEVANT 755544
ACTION SNIPPET 1200 104 SNIPPET_RELEVANT 1843730
ACTION DOC 1200 124 EXAMINING_DOCUMENT 1843730
ACTION MARK 1200 127 CONSIDERED_RELEVANT 1843730
ACTION SNIPPET 1200 127 SNIPPET_RELEVANT 1462427
ACTION DOC 1200 147 EXAMINING_DOCUMENT 1462427
ACTION MARK 1200 150 CONSIDERED_RELEVANT 1462427
ACTION QUERY 1200 160 hydrogen fuel cell research
ACTION SERP 1200 165 EXAMINE_SERP
ACTION SNIPPET 1200 165 SEEN_PREVIOUSLY 1462427
ACTION SNIPPET 1200 165 SNIPPET_RELEVANT 1677826
ACTION DOC 1200 185 EXAMINING_DOCUMENT 1677826
ACTION MARK 1200 188 CONSIDERED_RELEVANT 1677826
ACTION SNIPPET 1200 188 SNIPPET_RELEVANT 1392477
ACTION DOC 1200 208 EXAMINING_DOCUMENT 1392477
ACTION MARK 1200 211 CONSIDERED_RELEVANT 1392477
ACTION SNIPPET 1200 211 SNIPPET_RELEVANT 1461542
ACTION DOC 1200 231 EXAMINING_DOCUMENT 1461542
ACTION MARK 1200 234 CONSIDERED_RELEVANT 1461542
ACTION SNIPPET 1200 234 SEEN_PREVIOUSLY 1497519
ACTION SNIPPET 1200 234 SNIPPET_RELEVANT 1301511
ACTION DOC 1200 254 EXAMINING_DOCUMENT 1301511
ACTION MARK 1200 257 CONSIDERED_RELEVANT 1301511
ACTION SNIPPET 1200 257 SNIPPET_RELEVANT 1359484
ACTION DOC 1200 277 EXAMINING_DOCUMENT 1359484
ACTION MARK 1200 280 CONSIDERED_RELEVANT 1359484
ACTION QUERY 1200 290 hydrogen fuel cells
ACTION SERP 1200 295 EXAMINE_SERP
ACTION SNIPPET 1200 295 SEEN_PREVIOUSLY 1677826
ACTION SNIPPET 1200 295 SNIPPET_RELEVANT 1375664
ACTION DOC 1200 315 EXAMINING_DOCUMENT 1375664
ACTION MARK 1200 318 CONSIDERED_RELEVANT 1375664
ACTION SNIPPET 1200 318 SEEN_PREVIOUSLY 1301511
ACTION SNIPPET 1200 318 SNIPPET_RELEVANT 1534757
ACTION DOC 1200 338 EXAMINING_DOCUMENT 1534757
ACTION MARK 1200 341 CONSIDERED_RELEVANT 1534757
ACTION SNIPPET 1200 341 SNIPPET_RELEVANT 478414
ACTION DOC 1200 361 EXAMINING_DOCUMENT 478414
ACTION MARK 1200 364 CONSIDERED_RELEVANT 478414
ACTION SNIPPET 1200 364 SNIPPET_RELEVANT 1556630
ACTION DOC 1200 384 EXAMINING_DOCUMENT 1556630
ACTION MARK 1200 387 CONSIDERED_RELEVANT 1556630
ACTION SNIPPET 1200 387 SEEN_PREVIOUSLY 1462427
ACTION SNIPPET 1200 387 SNIPPET_RELEVANT 1460609
ACTION DOC 1200 407 EXAMINING_DOCUMENT 1460609
ACTION MARK 1200 410 CONSIDERED_RELEVANT 1460609
ACTION QUERY 1200 420 renewable hydrogen energy
ACTION SERP 1200 425 EXAMINE_SERP
ACTION SNIPPET 1200 425 SNIPPET_RELEVANT 1507525
ACTION DOC 1200 445 EXAMINING_DOCUMENT 1507525
ACTION MARK 1200 448 CONSIDERED_RELEVANT 1507525
ACTION SNIPPET 1200 448 SEEN_PREVIOUSLY 1461542
ACTION SNIPPET 1200 448 SNIPPET_RELEVANT 1470357
ACTION DOC 1200 468 EXAMINING_DOCUMENT 1470357
ACTION MARK 1200 471 CONSIDERED_RELEVANT 1470357
ACTION SNIPPET 1200 471 SEEN_PREVIOUSLY 1497519
ACTION SNIPPET 1200 471 SNIPPET_RELEVANT 1742839
ACTION DOC 1200 491 EXAMINING_DOCUMENT 1742839
ACTION MARK 1200 494 CONSIDERED_RELEVANT 1742839
ACTION SNIPPET 1200 494 SNIPPET_RELEVANT 1432263
ACTION DOC 1200 514 EXAMINING_DOCUMENT 1432263
ACTION MARK 1200 517 CONSIDERED_RELEVANT 1432263
ACTION SNIPPET 1200 517 SEEN_PREVIOUSLY 1534757
ACTION SNIPPET 1200 517 SNIPPET_RELEVANT 1431029
ACTION DOC 1200 537 EXAMINING_DOCUMENT 1431029
ACTION MARK 1200 540 CONSIDERED_RELEVANT 1431029
ACTION QUERY 1200 550 clean hydrogen production
ACTION SERP 1200 555 EXAMINE_SERP
ACTION SNIPPET 1200 555 SEEN_PREVIOUSLY 1556630
ACTION SNIPPET 1200 555 SNIPPET_RELEVANT 158543
ACTION DOC 1200 575 EXAMINING_DOCUMENT 158543
ACTION SNIPPET 1200 575 SNIPPET_RELEVANT 1400733
ACTION DOC 1200 595 EXAMINING_DOCUMENT 1400733
ACTION MARK 1200 598 CONSIDERED_RELEVANT 1400733
ACTION SNIPPET 1200 598 SEEN_PREVIOUSLY 1843730
ACTION SNIPPET 1200 598 SNIPPET_RELEVANT 148627
ACTION DOC 1200 618 EXAMINING_DOCUMENT 148627
ACTION SNIPPET 1200 618 SNIPPET_RELEVANT 1737245
ACTION DOC 1200 638 EXAMINING_DOCUMENT 1737245
ACTION SNIPPET 1200 638 SNIPPET_RELEVANT 1837925
ACTION DOC 1200 658 EXAMINING_DOCUMENT 1837925
ACTION MARK 1200 661 CONSIDERED_RELEVANT 1837925
ACTION SNIPPET 1200 661 SEEN_PREVIOUSLY 1461542
ACTION SNIPPET 1200 661 SNIPPET_RELEVANT 1629209
ACTION DOC 1200 681 EXAMINING_DOCUMENT 1629209
ACTION MARK 1200 684 CONSIDERED_RELEVANT 1629209
ACTION QUERY 1200 694 controlled hydrogen fusion
ACTION SERP 1200 699 EXAMINE_SERP
ACTION SNIPPET 1200 699 SNIPPET_RELEVANT 236405
ACTION DOC 1200 719 EXAMINING_DOCUMENT 236405
ACTION MARK 1200 722 CONSIDERED_RELEVANT 236405
ACTION SNIPPET 1200 722 SNIPPET_RELEVANT 559415
ACTION DOC 1200 742 EXAMINING_DOCUMENT 559415
ACTION MARK 1200 745 CONSIDERED_RELEVANT 559415
ACTION SNIPPET 1200 745 SNIPPET_RELEVANT 959073
ACTION DOC 1200 765 EXAMINING_DOCUMENT 959073
ACTION MARK 1200 768 CONSIDERED_RELEVANT 959073
ACTION SNIPPET 1200 768 SNIPPET_RELEVANT 234393
ACTION DOC 1200 788 EXAMINING_DOCUMENT 234393
ACTION MARK 1200 791 CONSIDERED_RELEVANT 234393
ACTION SNIPPET 1200 791 SNIPPET_RELEVANT 1479059
ACTION DOC 1200 811 EXAMINING_DOCUMENT 1479059
ACTION MARK 1200 814 CONSIDERED_RELEVANT 1479059
ACTION QUERY 1200 824 renewable hydrogen production
ACTION SERP 1200 829 EXAMINE_SERP
ACTION SNIPPET 1200 829 SEEN_PREVIOUSLY 1461542
ACTION SNIPPET 1200 829 SEEN_PREVIOUSLY 1742839
ACTION SNIPPET 1200 829 SEEN_PREVIOUSLY 1534757
ACTION SNIPPET 1200 829 SEEN_PREVIOUSLY 1470357
ACTION SNIPPET 1200 829 SNIPPET_RELEVANT 1848545
ACTION DOC 1200 849 EXAMINING_DOCUMENT 1848545
ACTION SNIPPET 1200 849 SEEN_PREVIOUSLY 1462427
ACTION SNIPPET 1200 849 SEEN_PREVIOUSLY 1507525
ACTION SNIPPET 1200 849 SEEN_PREVIOUSLY 755544
ACTION SNIPPET 1200 849 SNIPPET_RELEVANT 1465355
ACTION DOC 1200 869 EXAMINING_DOCUMENT 1465355
ACTION MARK 1200 872 CONSIDERED_RELEVANT 1465355
ACTION SNIPPET 1200 872 SNIPPET_RELEVANT 1836365
ACTION DOC 1200 892 EXAMINING_DOCUMENT 1836365
ACTION MARK 1200 895 CONSIDERED_RELEVANT 1836365
ACTION SNIPPET 1200 895 SNIPPET_RELEVANT 1843716
ACTION DOC 1200 915 EXAMINING_DOCUMENT 1843716
ACTION MARK 1200 918 CONSIDERED_RELEVANT 1843716
ACTION SNIPPET 1200 918 SEEN_PREVIOUSLY 1497519
ACTION SNIPPET 1200 918 SEEN_PREVIOUSLY 1375664
ACTION SNIPPET 1200 918 SEEN_PREVIOUSLY 1677826
ACTION SNIPPET 1200 918 SEEN_PREVIOUSLY 1837925
ACTION SNIPPET 1200 918 SNIPPET_RELEVANT 148096
ACTION DOC 1200 938 EXAMINING_DOCUMENT 148096
ACTION MARK 1200 941 CONSIDERED_RELEVANT 148096
ACTION SNIPPET 1200 941 SEEN_PREVIOUSLY 1432263
ACTION SNIPPET 1200 941 SNIPPET_RELEVANT 1464481
ACTION DOC 1200 961 EXAMINING_DOCUMENT 1464481
ACTION MARK 1200 964 CONSIDERED_RELEVANT 1464481
ACTION QUERY 1200 974 clean energy hydrogen
ACTION SERP 1200 979 EXAMINE_SERP
ACTION SNIPPET 1200 979 SEEN_PREVIOUSLY 158543
ACTION SNIPPET 1200 979 SEEN_PREVIOUSLY 1737245
ACTION SNIPPET 1200 979 SEEN_PREVIOUSLY 1556630
ACTION SNIPPET 1200 979 SEEN_PREVIOUSLY 1431029
ACTION SNIPPET 1200 979 SNIPPET_RELEVANT 1469877
ACTION DOC 1200 999 EXAMINING_DOCUMENT 1469877
ACTION MARK 1200 1002 CONSIDERED_RELEVANT 1469877
ACTION SNIPPET 1200 1002 SEEN_PREVIOUSLY 1843730
ACTION SNIPPET 1200 1002 SNIPPET_RELEVANT 286579
ACTION DOC 1200 1022 EXAMINING_DOCUMENT 286579
ACTION MARK 1200 1025 CONSIDERED_RELEVANT 286579
ACTION SNIPPET 1200 1025 SEEN_PREVIOUSLY 1464481
ACTION SNIPPET 1200 1025 SEEN_PREVIOUSLY 1400733
ACTION SNIPPET 1200 1025 SEEN_PREVIOUSLY 148627
ACTION SNIPPET 1200 1025 SNIPPET_RELEVANT 296707
ACTION DOC 1200 1045 EXAMINING_DOCUMENT 296707
ACTION MARK 1200 1048 CONSIDERED_RELEVANT 296707
ACTION SNIPPET 1200 1048 SNIPPET_RELEVANT 579370
ACTION DOC 1200 1068 EXAMINING_DOCUMENT 579370
ACTION MARK 1200 1071 CONSIDERED_RELEVANT 579370
ACTION SNIPPET 1200 1071 SEEN_PREVIOUSLY 1629209
ACTION SNIPPET 1200 1071 SEEN_PREVIOUSLY 1497518
ACTION SNIPPET 1200 1071 SEEN_PREVIOUSLY 1461542
ACTION SNIPPET 1200 1071 SEEN_PREVIOUSLY 1843716
ACTION SNIPPET 1200 1071 SNIPPET_RELEVANT 1467322
ACTION DOC 1200 1091 EXAMINING_DOCUMENT 1467322
ACTION MARK 1200 1094 CONSIDERED_RELEVANT 1467322
ACTION QUERY 1200 1104 clean hydrogen power
ACTION SERP 1200 1109 EXAMINE_SERP
ACTION SNIPPET 1200 1109 SEEN_PREVIOUSLY 1464481
ACTION SNIPPET 1200 1109 SEEN_PREVIOUSLY 1556630
ACTION SNIPPET 1200 1109 SEEN_PREVIOUSLY 1737245
ACTION SNIPPET 1200 1109 SEEN_PREVIOUSLY 1469877
ACTION SNIPPET 1200 1109 SEEN_PREVIOUSLY 1467322
ACTION SNIPPET 1200 1109 SNIPPET_RELEVANT 1479443
ACTION DOC 1200 1129 EXAMINING_DOCUMENT 1479443
ACTION MARK 1200 1132 CONSIDERED_RELEVANT 1479443
ACTION SNIPPET 1200 1132 SEEN_PREVIOUSLY 579370
ACTION SNIPPET 1200 1132 SNIPPET_RELEVANT 523920
ACTION DOC 1200 1152 EXAMINING_DOCUMENT 523920
ACTION MARK 1200 1155 CONSIDERED_RELEVANT 523920
ACTION SNIPPET 1200 1155 SEEN_PREVIOUSLY 286579
ACTION SNIPPET 1200 1155 SEEN_PREVIOUSLY 1843730
ACTION SNIPPET 1200 1155 SEEN_PREVIOUSLY 296707
ACTION SNIPPET 1200 1155 SEEN_PREVIOUSLY 1837925
ACTION SNIPPET 1200 1155 SEEN_PREVIOUSLY 1400733
ACTION SNIPPET 1200 1155 SEEN_PREVIOUSLY 1629209
ACTION SNIPPET 1200 1155 SEEN_PREVIOUSLY 148096
ACTION SNIPPET 1200 1155 SEEN_PREVIOUSLY 1461542
ACTION SNIPPET 1200 1155 SEEN_PREVIOUSLY 1836365
ACTION SNIPPET 1200 1155 SNIPPET_RELEVANT 1524982
ACTION DOC 1200 1175 EXAMINING_DOCUMENT 1524982
ACTION MARK 1200 1178 CONSIDERED_RELEVANT 1524982
ACTION SNIPPET 1200 1178 SEEN_PREVIOUSLY 1843716
ACTION SNIPPET 1200 1178 SEEN_PREVIOUSLY 379451
ACTION SNIPPET 1200 1178 SEEN_PREVIOUSLY 1301511
ACTION SNIPPET 1200 1178 SEEN_PREVIOUSLY 148627
ACTION SNIPPET 1200 1178 SNIPPET_RELEVANT 1526293
ACTION DOC 1200 1198 EXAMINING_DOCUMENT 1526293
ACTION SNIPPET 1200 1198 SNIPPET_RELEVANT 1830395
ACTION DOC 1200 1218 EXAMINING_DOCUMENT 1830395
INFO SUMMARY 
INFO TOTAL_QUERIES_ISSUED 9
INFO TOTAL_SNIPPETS_EXAMINED 102
INFO TOTAL_DOCUMENTS_EXAMINED 48
INFO TOTAL_DOCUMENTS_MARKED_RELEVANT 42
INFO TOTAL_ATTRACTIVE_SERP_IMPRESSIONS 9
INFO TOTAL_UNATTRACTIVE_SERP_IMPRESSIONS 0
