ACTION START 1200 0 START
ACTION QUERY 1200 10 US investment Africa
ACTION SERP 1200 15 EXAMINE_SERP
ACTION SNIPPET 1200 15 SNIPPET_RELEVANT 793940
ACTION DOC 1200 35 EXAMINING_DOCUMENT 793940
ACTION MARK 1200 38 CONSIDERED_RELEVANT 793940
ACTION SNIPPET 1200 38 SNIPPET_RELEVANT 678215
ACTION DOC 1200 58 EXAMINING_DOCUMENT 678215
ACTION MARK 1200 61 CONSIDERED_RELEVANT 678215
ACTION SNIPPET 1200 61 SNIPPET_RELEVANT 159599
ACTION DOC 1200 81 EXAMINING_DOCUMENT 159599
ACTION MARK 1200 84 CONSIDERED_RELEVANT 159599
ACTION SNIPPET 1200 84 SNIPPET_RELEVANT 77703
ACTION DOC 1200 104 EXAMINING_DOCUMENT 77703
ACTION MARK 1200 107 CONSIDERED_RELEVANT 77703
ACTION SNIPPET 1200 107 SNIPPET_RELEVANT 716704
ACTION DOC 1200 127 EXAMINING_DOCUMENT 716704
ACTION MARK 1200 130 CONSIDERED_RELEVANT 716704
ACTION QUERY 1200 140 Africa private sector investment
ACTION SERP 1200 145 EXAMINE_SERP
ACTION SNIPPET 1200 145 SNIPPET_RELEVANT 372357
ACTION DOC 1200 165 EXAMINING_DOCUMENT 372357
ACTION MARK 1200 168 CONSIDERED_RELEVANT 372357
ACTION SNIPPET 1200 168 SNIPPET_RELEVANT 843729
ACTION DOC 1200 188 EXAMINING_DOCUMENT 843729
ACTION MARK 1200 191 CONSIDERED_RELEVANT 843729
ACTION SNIPPET 1200 191 SNIPPET_RELEVANT 925027
ACTION DOC 1200 211 EXAMINING_DOCUMENT 925027
ACTION MARK 1200 214 CONSIDERED_RELEVANT 925027
ACTION SNIPPET 1200 214 SNIPPET_RELEVANT 808137
ACTION DOC 1200 234 EXAMINING_DOCUMENT 808137
ACTION MARK 1200 237 CONSIDERED_RELEVANT 808137
ACTION SNIPPET 1200 237 SNIPPET_RELEVANT 639383
ACTION DOC 1200 257 EXAMINING_DOCUMENT 639383
ACTION MARK 1200 260 CONSIDERED_RELEVANT 639383
ACTION QUERY 1200 270 Africa foreign investment
ACTION SERP 1200 275 EXAMINE_SERP
ACTION SNIPPET 1200 275 SNIPPET_RELEVANT 326830
ACTION DOC 1200 295 EXAMINING_DOCUMENT 326830
ACTION SNIPPET 1200 295 SNIPPET_RELEVANT 1532697
ACTION DOC 1200 315 EXAMINING_DOCUMENT 1532697
ACTION MARK 1200 318 CONSIDERED_RELEVANT 1532697
ACTION SNIPPET 1200 318 SNIPPET_RELEVANT 1333177
ACTION DOC 1200 338 EXAMINING_DOCUMENT 1333177
ACTION MARK 1200 341 CONSIDERED_RELEVANT 1333177
ACTION SNIPPET 1200 341 SNIPPET_RELEVANT 151707
ACTION DOC 1200 361 EXAMINING_DOCUMENT 151707
ACTION MARK 1200 364 CONSIDERED_RELEVANT 151707
ACTION SNIPPET 1200 364 SNIPPET_RELEVANT 223334
ACTION DOC 1200 384 EXAMINING_DOCUMENT 223334
ACTION MARK 1200 387 CONSIDERED_RELEVANT 223334
ACTION SNIPPET 1200 387 SNIPPET_RELEVANT 1639835
ACTION DOC 1200 407 EXAMINING_DOCUMENT 1639835
ACTION MARK 1200 410 CONSIDERED_RELEVANT 1639835
ACTION QUERY 1200 420 Africa trade agreements
ACTION SERP 1200 425 EXAMINE_SERP
ACTION SNIPPET 1200 425 SNIPPET_RELEVANT 1455476
ACTION DOC 1200 445 EXAMINING_DOCUMENT 1455476
ACTION MARK 1200 448 CONSIDERED_RELEVANT 1455476
ACTION SNIPPET 1200 448 SNIPPET_RELEVANT 1259402
ACTION DOC 1200 468 EXAMINING_DOCUMENT 1259402
ACTION SNIPPET 1200 468 SNIPPET_RELEVANT 1456457
ACTION DOC 1200 488 EXAMINING_DOCUMENT 1456457
ACTION MARK 1200 491 CONSIDERED_RELEVANT 1456457
ACTION SNIPPET 1200 491 SNIPPET_RELEVANT 1750241
ACTION DOC 1200 511 EXAMINING_DOCUMENT 1750241
ACTION MARK 1200 514 CONSIDERED_RELEVANT 1750241
ACTION SNIPPET 1200 514 SNIPPET_RELEVANT 1166482
ACTION DOC 1200 534 EXAMINING_DOCUMENT 1166482
ACTION SNIPPET 1200 534 SNIPPET_RELEVANT 96323
ACTION DOC 1200 554 EXAMINING_DOCUMENT 96323
ACTION MARK 1200 557 CONSIDERED_RELEVANT 96323
ACTION QUERY 1200 567 Africa economic growth
ACTION SERP 1200 572 EXAMINE_SERP
ACTION SNIPPET 1200 572 SNIPPET_RELEVANT 220046
ACTION DOC 1200 592 EXAMINING_DOCUMENT 220046
ACTION MARK 1200 595 CONSIDERED_RELEVANT 220046
ACTION SNIPPET 1200 595 SNIPPET_RELEVANT 1408817
ACTION DOC 1200 615 EXAMINING_DOCUMENT 1408817
ACTION SNIPPET 1200 615 SNIPPET_RELEVANT 317362
ACTION DOC 1200 635 EXAMINING_DOCUMENT 317362
ACTION MARK 1200 638 CONSIDERED_RELEVANT 317362
ACTION SNIPPET 1200 638 SNIPPET_RELEVANT 692433
ACTION DOC 1200 658 EXAMINING_DOCUMENT 692433
ACTION SNIPPET 1200 658 SNIPPET_RELEVANT 674207
ACTION DOC 1200 678 EXAMINING_DOCUMENT 674207
ACTION MARK 1200 681 CONSIDERED_RELEVANT 674207
ACTION SNIPPET 1200 681 SNIPPET_RELEVANT 406466
ACTION DOC 1200 701 EXAMINING_DOCUMENT 406466
ACTION MARK 1200 704 CONSIDERED_RELEVANT 406466
ACTION QUERY 1200 714 Sub-Saharan Africa trade
ACTION SERP 1200 719 EXAMINE_SERP
ACTION SNIPPET 1200 719 SNIPPET_RELEVANT 121452
ACTION DOC 1200 739 EXAMINING_DOCUMENT 121452
ACTION SNIPPET 1200 739 SEEN_PREVIOUSLY 1259402
ACTION SNIPPET 1200 739 SNIPPET_RELEVANT 452421
ACTION DOC 1200 759 EXAMINING_DOCUMENT 452421
ACTION MARK 1200 762 CONSIDERED_RELEVANT 452421
ACTION SNIPPET 1200 762 SNIPPET_RELEVANT 113129
ACTION DOC 1200 782 EXAMINING_DOCUMENT 113129
ACTION SNIPPET 1200 782 SNIPPET_RELEVANT 117214
ACTION DOC 1200 802 EXAMINING_DOCUMENT 117214
ACTION SNIPPET 1200 802 SNIPPET_RELEVANT 72427
ACTION DOC 1200 822 EXAMINING_DOCUMENT 72427
ACTION MARK 1200 825 CONSIDERED_RELEVANT 72427
ACTION SNIPPET 1200 825 SNIPPET_RELEVANT 1376357
ACTION DOC 1200 845 EXAMINING_DOCUMENT 1376357
ACTION MARK 1200 848 CONSIDERED_RELEVANT 1376357
ACTION QUERY 1200 858 South Africa economy
ACTION SERP 1200 863 EXAMINE_SERP
ACTION SNIPPET 1200 863 SEEN_PREVIOUSLY 406466
ACTION SNIPPET 1200 863 SNIPPET_RELEVANT 460043
ACTION DOC 1200 883 EXAMINING_DOCUMENT 460043
ACTION SNIPPET 1200 883 SNIPPET_RELEVANT 15334
ACTION DOC 1200 903 EXAMINING_DOCUMENT 15334
ACTION MARK 1200 906 CONSIDERED_RELEVANT 15334
ACTION SNIPPET 1200 906 SEEN_PREVIOUSLY 452421
ACTION SNIPPET 1200 906 SNIPPET_RELEVANT 102031
ACTION DOC 1200 926 EXAMINING_DOCUMENT 102031
ACTION MARK 1200 929 CONSIDERED_RELEVANT 102031
ACTION SNIPPET 1200 929 SNIPPET_RELEVANT 19073
ACTION DOC 1200 949 EXAMINING_DOCUMENT 19073
ACTION SNIPPET 1200 949 SNIPPET_RELEVANT 134623
ACTION DOC 1200 969 EXAMINING_DOCUMENT 134623
ACTION MARK 1200 972 CONSIDERED_RELEVANT 134623
ACTION SNIPPET 1200 972 SEEN_PREVIOUSLY 692433
ACTION SNIPPET 1200 972 SNIPPET_RELEVANT 1043368
ACTION DOC 1200 992 EXAMINING_DOCUMENT 1043368
ACTION QUERY 1200 1002 Africa US trade
ACTION SERP 1200 1007 EXAMINE_SERP
ACTION SNIPPET 1200 1007 SEEN_PREVIOUSLY 1259402
ACTION SNIPPET 1200 1007 SEEN_PREVIOUSLY 452421
ACTION SNIPPET 1200 1007 SEEN_PREVIOUSLY 113129
ACTION SNIPPET 1200 1007 SEEN_PREVIOUSLY 117214
ACTION SNIPPET 1200 1007 SEEN_PREVIOUSLY 72427
ACTION SNIPPET 1200 1007 SEEN_PREVIOUSLY 1376357
ACTION SNIPPET 1200 1007 SNIPPET_RELEVANT 21182
ACTION DOC 1200 1027 EXAMINING_DOCUMENT 21182
ACTION SNIPPET 1200 1027 SEEN_PREVIOUSLY 1455476
ACTION SNIPPET 1200 1027 SNIPPET_RELEVANT 227445
ACTION DOC 1200 1047 EXAMINING_DOCUMENT 227445
ACTION SNIPPET 1200 1047 SNIPPET_RELEVANT 1150685
ACTION DOC 1200 1067 EXAMINING_DOCUMENT 1150685
ACTION MARK 1200 1070 CONSIDERED_RELEVANT 1150685
ACTION SNIPPET 1200 1070 SNIPPET_RELEVANT 545919
ACTION DOC 1200 1090 EXAMINING_DOCUMENT 545919
ACTION SNIPPET 1200 1090 SNIPPET_RELEVANT 95360
ACTION DOC 1200 1110 EXAMINING_DOCUMENT 95360
ACTION MARK 1200 1113 CONSIDERED_RELEVANT 95360
ACTION SNIPPET 1200 1113 SNIPPET_RELEVANT 75119
ACTION DOC 1200 1133 EXAMINING_DOCUMENT 75119
ACTION QUERY 1200 1143 Africa trade relationships
ACTION SERP 1200 1148 EXAMINE_SERP
ACTION SNIPPET 1200 1148 SEEN_PREVIOUSLY 452421
ACTION SNIPPET 1200 1148 SNIPPET_RELEVANT 8130
ACTION DOC 1200 1168 EXAMINING_DOCUMENT 8130
ACTION MARK 1200 1171 CONSIDERED_RELEVANT 8130
ACTION SNIPPET 1200 1171 SEEN_PREVIOUSLY 8130
ACTION SNIPPET 1200 1171 SNIPPET_RELEVANT 372871
ACTION DOC 1200 1191 EXAMINING_DOCUMENT 372871
ACTION SNIPPET 1200 1191 SEEN_PREVIOUSLY 75119
ACTION SNIPPET 1200 1191 SNIPPET_RELEVANT 733638
ACTION DOC 1200 1211 EXAMINING_DOCUMENT 733638
INFO SUMMARY 
INFO TOTAL_QUERIES_ISSUED 9
INFO TOTAL_SNIPPETS_EXAMINED 63
INFO TOTAL_DOCUMENTS_EXAMINED 49
INFO TOTAL_DOCUMENTS_MARKED_RELEVANT 32
INFO TOTAL_ATTRACTIVE_SERP_IMPRESSIONS 9
INFO TOTAL_UNATTRACTIVE_SERP_IMPRESSIONS 0
