ACTION START 1200 0 START
ACTION QUERY 1200 10 Cult lifestyles
ACTION SERP 1200 15 EXAMINE_SERP
ACTION SNIPPET 1200 15 SNIPPET_RELEVANT 624863
ACTION DOC 1200 35 EXAMINING_DOCUMENT 624863
ACTION SNIPPET 1200 35 SNIPPET_RELEVANT 1186564
ACTION DOC 1200 55 EXAMINING_DOCUMENT 1186564
ACTION SNIPPET 1200 55 SNIPPET_RELEVANT 1757752
ACTION DOC 1200 75 EXAMINING_DOCUMENT 1757752
ACTION SNIPPET 1200 75 SNIPPET_RELEVANT 1209320
ACTION DOC 1200 95 EXAMINING_DOCUMENT 1209320
ACTION SNIPPET 1200 95 SNIPPET_RELEVANT 1187217
ACTION DOC 1200 115 EXAMINING_DOCUMENT 1187217
ACTION SNIPPET 1200 115 SNIPPET_RELEVANT 1262473
ACTION DOC 1200 135 EXAMINING_DOCUMENT 1262473
ACTION QUERY 1200 145 Cult member activities
ACTION SERP 1200 150 EXAMINE_SERP
ACTION SNIPPET 1200 150 SNIPPET_RELEVANT 259481
ACTION DOC 1200 170 EXAMINING_DOCUMENT 259481
ACTION SNIPPET 1200 170 SNIPPET_RELEVANT 850912
ACTION DOC 1200 190 EXAMINING_DOCUMENT 850912
ACTION SNIPPET 1200 190 SNIPPET_RELEVANT 718532
ACTION DOC 1200 210 EXAMINING_DOCUMENT 718532
ACTION SNIPPET 1200 210 SNIPPET_RELEVANT 919717
ACTION DOC 1200 230 EXAMINING_DOCUMENT 919717
ACTION MARK 1200 233 CONSIDERED_RELEVANT 919717
ACTION SNIPPET 1200 233 SNIPPET_RELEVANT 285590
ACTION DOC 1200 253 EXAMINING_DOCUMENT 285590
ACTION MARK 1200 256 CONSIDERED_RELEVANT 285590
ACTION SNIPPET 1200 256 SNIPPET_RELEVANT 756669
ACTION DOC 1200 276 EXAMINING_DOCUMENT 756669
ACTION QUERY 1200 286 Cult practices
ACTION SERP 1200 291 EXAMINE_SERP
ACTION SNIPPET 1200 291 SNIPPET_RELEVANT 923384
ACTION DOC 1200 311 EXAMINING_DOCUMENT 923384
ACTION SNIPPET 1200 311 SNIPPET_RELEVANT 250029
ACTION DOC 1200 331 EXAMINING_DOCUMENT 250029
ACTION SNIPPET 1200 331 SNIPPET_RELEVANT 858947
ACTION DOC 1200 351 EXAMINING_DOCUMENT 858947
ACTION MARK 1200 354 CONSIDERED_RELEVANT 858947
ACTION SNIPPET 1200 354 SNIPPET_RELEVANT 125479
ACTION DOC 1200 374 EXAMINING_DOCUMENT 125479
ACTION SNIPPET 1200 374 SNIPPET_RELEVANT 598688
ACTION DOC 1200 394 EXAMINING_DOCUMENT 598688
ACTION SNIPPET 1200 394 SEEN_PREVIOUSLY 850912
ACTION SNIPPET 1200 394 SEEN_PREVIOUSLY 718532
ACTION SNIPPET 1200 394 SNIPPET_RELEVANT 604357
ACTION DOC 1200 414 EXAMINING_DOCUMENT 604357
ACTION QUERY 1200 424 Daily life in cults
ACTION SERP 1200 429 EXAMINE_SERP
ACTION SNIPPET 1200 429 SNIPPET_RELEVANT 1609662
ACTION DOC 1200 449 EXAMINING_DOCUMENT 1609662
ACTION SNIPPET 1200 449 SNIPPET_RELEVANT 882763
ACTION DOC 1200 469 EXAMINING_DOCUMENT 882763
ACTION MARK 1200 472 CONSIDERED_RELEVANT 882763
ACTION SNIPPET 1200 472 SNIPPET_RELEVANT 753514
ACTION DOC 1200 492 EXAMINING_DOCUMENT 753514
ACTION SNIPPET 1200 492 SNIPPET_RELEVANT 1188846
ACTION DOC 1200 512 EXAMINING_DOCUMENT 1188846
ACTION MARK 1200 515 CONSIDERED_RELEVANT 1188846
ACTION SNIPPET 1200 515 SNIPPET_RELEVANT 888145
ACTION DOC 1200 535 EXAMINING_DOCUMENT 888145
ACTION MARK 1200 538 CONSIDERED_RELEVANT 888145
ACTION SNIPPET 1200 538 SNIPPET_RELEVANT 751928
ACTION DOC 1200 558 EXAMINING_DOCUMENT 751928
ACTION QUERY 1200 568 Cult rituals and habits
ACTION SERP 1200 573 EXAMINE_SERP
ACTION SNIPPET 1200 573 SNIPPET_RELEVANT 9767
ACTION DOC 1200 593 EXAMINING_DOCUMENT 9767
ACTION MARK 1200 596 CONSIDERED_RELEVANT 9767
ACTION SNIPPET 1200 596 SNIPPET_RELEVANT 722025
ACTION DOC 1200 616 EXAMINING_DOCUMENT 722025
ACTION SNIPPET 1200 616 SNIPPET_RELEVANT 1304843
ACTION DOC 1200 636 EXAMINING_DOCUMENT 1304843
ACTION SNIPPET 1200 636 SNIPPET_RELEVANT 247846
ACTION DOC 1200 656 EXAMINING_DOCUMENT 247846
ACTION SNIPPET 1200 656 SEEN_PREVIOUSLY 285590
ACTION SNIPPET 1200 656 SNIPPET_RELEVANT 818750
ACTION DOC 1200 676 EXAMINING_DOCUMENT 818750
ACTION MARK 1200 679 CONSIDERED_RELEVANT 818750
ACTION SNIPPET 1200 679 SNIPPET_RELEVANT 250523
ACTION DOC 1200 699 EXAMINING_DOCUMENT 250523
ACTION QUERY 1200 709 Cult behavior patterns
ACTION SERP 1200 714 EXAMINE_SERP
ACTION SNIPPET 1200 714 SNIPPET_RELEVANT 586627
ACTION DOC 1200 734 EXAMINING_DOCUMENT 586627
ACTION SNIPPET 1200 734 SNIPPET_RELEVANT 1580780
ACTION DOC 1200 754 EXAMINING_DOCUMENT 1580780
ACTION SNIPPET 1200 754 SNIPPET_RELEVANT 920561
ACTION DOC 1200 774 EXAMINING_DOCUMENT 920561
ACTION SNIPPET 1200 774 SNIPPET_RELEVANT 337774
ACTION DOC 1200 794 EXAMINING_DOCUMENT 337774
ACTION MARK 1200 797 CONSIDERED_RELEVANT 337774
ACTION SNIPPET 1200 797 SNIPPET_RELEVANT 603685
ACTION DOC 1200 817 EXAMINING_DOCUMENT 603685
ACTION MARK 1200 820 CONSIDERED_RELEVANT 603685
ACTION SNIPPET 1200 820 SNIPPET_RELEVANT 1269480
ACTION DOC 1200 840 EXAMINING_DOCUMENT 1269480
ACTION QUERY 1200 850 Cultist daily routines
ACTION SERP 1200 855 EXAMINE_SERP
ACTION SNIPPET 1200 855 SNIPPET_RELEVANT 919774
ACTION DOC 1200 875 EXAMINING_DOCUMENT 919774
ACTION SNIPPET 1200 875 SNIPPET_RELEVANT 671822
ACTION DOC 1200 895 EXAMINING_DOCUMENT 671822
ACTION MARK 1200 898 CONSIDERED_RELEVANT 671822
ACTION SNIPPET 1200 898 SNIPPET_RELEVANT 106559
ACTION DOC 1200 918 EXAMINING_DOCUMENT 106559
ACTION SNIPPET 1200 918 SNIPPET_RELEVANT 47312
ACTION DOC 1200 938 EXAMINING_DOCUMENT 47312
ACTION SNIPPET 1200 938 SNIPPET_RELEVANT 919775
ACTION DOC 1200 958 EXAMINING_DOCUMENT 919775
ACTION SNIPPET 1200 958 SNIPPET_RELEVANT 919929
ACTION DOC 1200 978 EXAMINING_DOCUMENT 919929
ACTION QUERY 1200 988 Cult organization structure
ACTION SERP 1200 993 EXAMINE_SERP
ACTION SNIPPET 1200 993 SEEN_PREVIOUSLY 604357
ACTION SNIPPET 1200 993 SNIPPET_RELEVANT 1651814
ACTION DOC 1200 1013 EXAMINING_DOCUMENT 1651814
ACTION SNIPPET 1200 1013 SNIPPET_RELEVANT 638539
ACTION DOC 1200 1033 EXAMINING_DOCUMENT 638539
ACTION SNIPPET 1200 1033 SNIPPET_RELEVANT 755141
ACTION DOC 1200 1053 EXAMINING_DOCUMENT 755141
ACTION SNIPPET 1200 1053 SNIPPET_RELEVANT 719433
ACTION DOC 1200 1073 EXAMINING_DOCUMENT 719433
ACTION SNIPPET 1200 1073 SNIPPET_RELEVANT 329591
ACTION DOC 1200 1093 EXAMINING_DOCUMENT 329591
ACTION SNIPPET 1200 1093 SNIPPET_RELEVANT 889549
ACTION DOC 1200 1113 EXAMINING_DOCUMENT 889549
ACTION QUERY 1200 1123 Cult leadership styles
ACTION SERP 1200 1128 EXAMINE_SERP
ACTION SNIPPET 1200 1128 SNIPPET_RELEVANT 631772
ACTION DOC 1200 1148 EXAMINING_DOCUMENT 631772
ACTION SNIPPET 1200 1148 SNIPPET_RELEVANT 1036486
ACTION DOC 1200 1168 EXAMINING_DOCUMENT 1036486
ACTION SNIPPET 1200 1168 SNIPPET_RELEVANT 4537
ACTION DOC 1200 1188 EXAMINING_DOCUMENT 4537
ACTION SNIPPET 1200 1188 SEEN_PREVIOUSLY 4537
ACTION SNIPPET 1200 1188 SNIPPET_RELEVANT 597055
ACTION DOC 1200 1208 EXAMINING_DOCUMENT 597055
INFO SUMMARY 
INFO TOTAL_QUERIES_ISSUED 9
INFO TOTAL_SNIPPETS_EXAMINED 57
INFO TOTAL_DOCUMENTS_EXAMINED 52
INFO TOTAL_DOCUMENTS_MARKED_RELEVANT 11
INFO TOTAL_ATTRACTIVE_SERP_IMPRESSIONS 9
INFO TOTAL_UNATTRACTIVE_SERP_IMPRESSIONS 0
