ACTION START 1200 0 START
ACTION QUERY 1200 10 mercy killing identify
ACTION SERP 1200 15 EXAMINE_SERP
ACTION SNIPPET 1200 15 SNIPPET_RELEVANT 157557
ACTION DOC 1200 35 EXAMINING_DOCUMENT 157557
ACTION MARK 1200 38 CONSIDERED_RELEVANT 157557
ACTION SNIPPET 1200 38 SNIPPET_NOT_RELEVANT 249483
ACTION SNIPPET 1200 38 SNIPPET_NOT_RELEVANT 1441849
ACTION SNIPPET 1200 38 SNIPPET_NOT_RELEVANT 53116
ACTION SNIPPET 1200 38 SNIPPET_NOT_RELEVANT 618917
ACTION SNIPPET 1200 38 SNIPPET_NOT_RELEVANT 1596699
ACTION SNIPPET 1200 38 SNIPPET_NOT_RELEVANT 68305
ACTION SNIPPET 1200 38 SNIPPET_NOT_RELEVANT 53002
ACTION SNIPPET 1200 38 SNIPPET_NOT_RELEVANT 615784
ACTION SNIPPET 1200 38 SNIPPET_NOT_RELEVANT 410965
ACTION SNIPPET 1200 38 SNIPPET_RELEVANT 121481
ACTION DOC 1200 58 EXAMINING_DOCUMENT 121481
ACTION MARK 1200 61 CONSIDERED_RELEVANT 121481
ACTION SNIPPET 1200 61 SNIPPET_NOT_RELEVANT 776318
ACTION SNIPPET 1200 61 SNIPPET_NOT_RELEVANT 695579
ACTION SNIPPET 1200 61 SNIPPET_NOT_RELEVANT 1532711
ACTION SNIPPET 1200 61 SNIPPET_NOT_RELEVANT 799085
ACTION SNIPPET 1200 61 SNIPPET_NOT_RELEVANT 94567
ACTION SNIPPET 1200 61 SNIPPET_NOT_RELEVANT 193190
ACTION SNIPPET 1200 61 SNIPPET_NOT_RELEVANT 1599539
ACTION SNIPPET 1200 61 SNIPPET_NOT_RELEVANT 1326341
ACTION SNIPPET 1200 61 SNIPPET_NOT_RELEVANT 1044658
ACTION SNIPPET 1200 61 SNIPPET_NOT_RELEVANT 301840
ACTION SNIPPET 1200 61 SNIPPET_RELEVANT 1121204
ACTION DOC 1200 81 EXAMINING_DOCUMENT 1121204
ACTION MARK 1200 84 CONSIDERED_RELEVANT 1121204
ACTION SNIPPET 1200 84 SNIPPET_RELEVANT 1005479
ACTION DOC 1200 104 EXAMINING_DOCUMENT 1005479
ACTION MARK 1200 107 CONSIDERED_RELEVANT 1005479
ACTION SNIPPET 1200 107 SNIPPET_NOT_RELEVANT 789093
ACTION SNIPPET 1200 107 SNIPPET_NOT_RELEVANT 1702635
ACTION SNIPPET 1200 107 SNIPPET_RELEVANT 35680
ACTION DOC 1200 127 EXAMINING_DOCUMENT 35680
ACTION MARK 1200 130 CONSIDERED_RELEVANT 35680
ACTION QUERY 1200 140 mercy killing discuss
ACTION SERP 1200 145 EXAMINE_SERP
ACTION SNIPPET 1200 145 SEEN_PREVIOUSLY 35680
ACTION SNIPPET 1200 145 SNIPPET_NOT_RELEVANT 128834
ACTION SNIPPET 1200 145 SEEN_PREVIOUSLY 157557
ACTION SNIPPET 1200 145 SNIPPET_NOT_RELEVANT 618917
ACTION SNIPPET 1200 145 SNIPPET_NOT_RELEVANT 91491
ACTION SNIPPET 1200 145 SNIPPET_NOT_RELEVANT 733076
ACTION SNIPPET 1200 145 SEEN_PREVIOUSLY 1121204
ACTION SNIPPET 1200 145 SEEN_PREVIOUSLY 1005479
ACTION SNIPPET 1200 145 SNIPPET_NOT_RELEVANT 1459974
ACTION SNIPPET 1200 145 SNIPPET_NOT_RELEVANT 671519
ACTION SNIPPET 1200 145 SNIPPET_NOT_RELEVANT 789093
ACTION SNIPPET 1200 145 SNIPPET_NOT_RELEVANT 1293001
ACTION SNIPPET 1200 145 SNIPPET_NOT_RELEVANT 473943
ACTION SNIPPET 1200 145 SNIPPET_NOT_RELEVANT 391873
ACTION SNIPPET 1200 145 SNIPPET_NOT_RELEVANT 391874
ACTION SNIPPET 1200 145 SNIPPET_NOT_RELEVANT 723837
ACTION SNIPPET 1200 145 SNIPPET_RELEVANT 435343
ACTION DOC 1200 165 EXAMINING_DOCUMENT 435343
ACTION MARK 1200 168 CONSIDERED_RELEVANT 435343
ACTION SNIPPET 1200 168 SNIPPET_NOT_RELEVANT 1210771
ACTION SNIPPET 1200 168 SNIPPET_RELEVANT 115272
ACTION DOC 1200 188 EXAMINING_DOCUMENT 115272
ACTION MARK 1200 191 CONSIDERED_RELEVANT 115272
ACTION SNIPPET 1200 191 SNIPPET_RELEVANT 1095445
ACTION DOC 1200 211 EXAMINING_DOCUMENT 1095445
ACTION MARK 1200 214 CONSIDERED_RELEVANT 1095445
ACTION SNIPPET 1200 214 SNIPPET_NOT_RELEVANT 1689454
ACTION SNIPPET 1200 214 SNIPPET_RELEVANT 373185
ACTION DOC 1200 234 EXAMINING_DOCUMENT 373185
ACTION MARK 1200 237 CONSIDERED_RELEVANT 373185
ACTION SNIPPET 1200 237 SEEN_PREVIOUSLY 121481
ACTION SNIPPET 1200 237 SNIPPET_NOT_RELEVANT 1383926
ACTION SNIPPET 1200 237 SNIPPET_RELEVANT 369666
ACTION DOC 1200 257 EXAMINING_DOCUMENT 369666
ACTION MARK 1200 260 CONSIDERED_RELEVANT 369666
ACTION QUERY 1200 270 mercy killing individual
ACTION SERP 1200 275 EXAMINE_SERP
ACTION SNIPPET 1200 275 SNIPPET_NOT_RELEVANT 144854
ACTION SNIPPET 1200 275 SEEN_PREVIOUSLY 157557
ACTION SNIPPET 1200 275 SNIPPET_NOT_RELEVANT 1267822
ACTION SNIPPET 1200 275 SNIPPET_NOT_RELEVANT 1060085
ACTION SNIPPET 1200 275 SNIPPET_NOT_RELEVANT 637960
ACTION SNIPPET 1200 275 SNIPPET_NOT_RELEVANT 1399268
ACTION SNIPPET 1200 275 SNIPPET_RELEVANT 1095035
ACTION DOC 1200 295 EXAMINING_DOCUMENT 1095035
ACTION MARK 1200 298 CONSIDERED_RELEVANT 1095035
ACTION SNIPPET 1200 298 SEEN_PREVIOUSLY 1121204
ACTION SNIPPET 1200 298 SEEN_PREVIOUSLY 1005479
ACTION SNIPPET 1200 298 SNIPPET_NOT_RELEVANT 844588
ACTION SNIPPET 1200 298 SNIPPET_RELEVANT 203216
ACTION DOC 1200 318 EXAMINING_DOCUMENT 203216
ACTION MARK 1200 321 CONSIDERED_RELEVANT 203216
ACTION SNIPPET 1200 321 SNIPPET_NOT_RELEVANT 789093
ACTION SNIPPET 1200 321 SNIPPET_NOT_RELEVANT 693314
ACTION SNIPPET 1200 321 SNIPPET_NOT_RELEVANT 1344988
ACTION SNIPPET 1200 321 SEEN_PREVIOUSLY 35680
ACTION SNIPPET 1200 321 SNIPPET_NOT_RELEVANT 676213
ACTION SNIPPET 1200 321 SNIPPET_NOT_RELEVANT 689643
ACTION SNIPPET 1200 321 SNIPPET_NOT_RELEVANT 473943
ACTION SNIPPET 1200 321 SNIPPET_NOT_RELEVANT 391873
ACTION SNIPPET 1200 321 SNIPPET_NOT_RELEVANT 391874
ACTION SNIPPET 1200 321 SNIPPET_NOT_RELEVANT 723837
ACTION SNIPPET 1200 321 SEEN_PREVIOUSLY 435343
ACTION SNIPPET 1200 321 SNIPPET_NOT_RELEVANT 1210771
ACTION SNIPPET 1200 321 SNIPPET_NOT_RELEVANT 337819
ACTION SNIPPET 1200 321 SNIPPET_NOT_RELEVANT 190407
ACTION SNIPPET 1200 321 SEEN_PREVIOUSLY 115272
ACTION SNIPPET 1200 321 SEEN_PREVIOUSLY 1095445
ACTION SNIPPET 1200 321 SNIPPET_NOT_RELEVANT 1689454
ACTION SNIPPET 1200 321 SEEN_PREVIOUSLY 373185
ACTION SNIPPET 1200 321 SNIPPET_NOT_RELEVANT 911553
ACTION SNIPPET 1200 321 SNIPPET_NOT_RELEVANT 503480
ACTION SNIPPET 1200 321 SNIPPET_NOT_RELEVANT 606616
ACTION SNIPPET 1200 321 SNIPPET_NOT_RELEVANT 733076
ACTION SNIPPET 1200 321 SNIPPET_NOT_RELEVANT 1309346
ACTION SNIPPET 1200 321 SNIPPET_NOT_RELEVANT 1133913
ACTION SNIPPET 1200 321 SNIPPET_NOT_RELEVANT 372519
ACTION SNIPPET 1200 321 SNIPPET_NOT_RELEVANT 1721729
ACTION SNIPPET 1200 321 SNIPPET_NOT_RELEVANT 1722895
ACTION SNIPPET 1200 321 SNIPPET_NOT_RELEVANT 188508
ACTION SNIPPET 1200 321 SNIPPET_RELEVANT 2447
ACTION DOC 1200 341 EXAMINING_DOCUMENT 2447
ACTION MARK 1200 344 CONSIDERED_RELEVANT 2447
ACTION SNIPPET 1200 344 SEEN_PREVIOUSLY 2447
ACTION SNIPPET 1200 344 SNIPPET_NOT_RELEVANT 618917
ACTION SNIPPET 1200 344 SNIPPET_NOT_RELEVANT 1822541
ACTION SNIPPET 1200 344 SNIPPET_NOT_RELEVANT 1821040
ACTION SNIPPET 1200 344 SNIPPET_NOT_RELEVANT 1046843
ACTION SNIPPET 1200 344 SNIPPET_NOT_RELEVANT 851315
ACTION SNIPPET 1200 344 SNIPPET_RELEVANT 1064676
ACTION DOC 1200 364 EXAMINING_DOCUMENT 1064676
ACTION MARK 1200 367 CONSIDERED_RELEVANT 1064676
ACTION SNIPPET 1200 367 SNIPPET_NOT_RELEVANT 431779
ACTION SNIPPET 1200 367 SNIPPET_NOT_RELEVANT 144396
ACTION SNIPPET 1200 367 SNIPPET_NOT_RELEVANT 937664
ACTION SNIPPET 1200 367 SNIPPET_NOT_RELEVANT 1689450
ACTION SNIPPET 1200 367 SNIPPET_RELEVANT 1426355
ACTION DOC 1200 387 EXAMINING_DOCUMENT 1426355
ACTION MARK 1200 390 CONSIDERED_RELEVANT 1426355
ACTION QUERY 1200 400 mercy killing except
ACTION SERP 1200 405 EXAMINE_SERP
ACTION SNIPPET 1200 405 SEEN_PREVIOUSLY 157557
ACTION SNIPPET 1200 405 SEEN_PREVIOUSLY 1121204
ACTION SNIPPET 1200 405 SEEN_PREVIOUSLY 1005479
ACTION SNIPPET 1200 405 SNIPPET_NOT_RELEVANT 789093
ACTION SNIPPET 1200 405 SEEN_PREVIOUSLY 35680
ACTION SNIPPET 1200 405 SNIPPET_NOT_RELEVANT 473943
ACTION SNIPPET 1200 405 SNIPPET_NOT_RELEVANT 391873
ACTION SNIPPET 1200 405 SNIPPET_NOT_RELEVANT 391874
ACTION SNIPPET 1200 405 SNIPPET_NOT_RELEVANT 723837
ACTION SNIPPET 1200 405 SEEN_PREVIOUSLY 435343
ACTION SNIPPET 1200 405 SNIPPET_NOT_RELEVANT 1210771
ACTION SNIPPET 1200 405 SEEN_PREVIOUSLY 115272
ACTION SNIPPET 1200 405 SEEN_PREVIOUSLY 1095445
ACTION SNIPPET 1200 405 SNIPPET_NOT_RELEVANT 1689454
ACTION SNIPPET 1200 405 SEEN_PREVIOUSLY 373185
ACTION SNIPPET 1200 405 SNIPPET_NOT_RELEVANT 606616
ACTION SNIPPET 1200 405 SNIPPET_NOT_RELEVANT 1722895
ACTION SNIPPET 1200 405 SNIPPET_NOT_RELEVANT 188508
ACTION SNIPPET 1200 405 SEEN_PREVIOUSLY 2447
ACTION SNIPPET 1200 405 SEEN_PREVIOUSLY 2447
ACTION SNIPPET 1200 405 SNIPPET_NOT_RELEVANT 618917
ACTION SNIPPET 1200 405 SNIPPET_NOT_RELEVANT 1822541
ACTION SNIPPET 1200 405 SNIPPET_NOT_RELEVANT 851315
ACTION SNIPPET 1200 405 SEEN_PREVIOUSLY 1064676
ACTION SNIPPET 1200 405 SNIPPET_NOT_RELEVANT 431779
ACTION SNIPPET 1200 405 SNIPPET_NOT_RELEVANT 144396
ACTION SNIPPET 1200 405 SNIPPET_NOT_RELEVANT 1689450
ACTION SNIPPET 1200 405 SEEN_PREVIOUSLY 1426355
ACTION SNIPPET 1200 405 SNIPPET_NOT_RELEVANT 374495
ACTION SNIPPET 1200 405 SNIPPET_NOT_RELEVANT 260023
ACTION SNIPPET 1200 405 SNIPPET_NOT_RELEVANT 15687
ACTION SNIPPET 1200 405 SNIPPET_NOT_RELEVANT 1633442
ACTION SNIPPET 1200 405 SNIPPET_NOT_RELEVANT 1546637
ACTION SNIPPET 1200 405 SNIPPET_NOT_RELEVANT 1407631
ACTION SNIPPET 1200 405 SNIPPET_NOT_RELEVANT 144854
ACTION SNIPPET 1200 405 SNIPPET_RELEVANT 116927
ACTION DOC 1200 425 EXAMINING_DOCUMENT 116927
ACTION MARK 1200 428 CONSIDERED_RELEVANT 116927
ACTION SNIPPET 1200 428 SNIPPET_NOT_RELEVANT 307171
ACTION SNIPPET 1200 428 SNIPPET_NOT_RELEVANT 713365
ACTION SNIPPET 1200 428 SNIPPET_NOT_RELEVANT 1816598
ACTION SNIPPET 1200 428 SNIPPET_RELEVANT 592995
ACTION DOC 1200 448 EXAMINING_DOCUMENT 592995
ACTION MARK 1200 451 CONSIDERED_RELEVANT 592995
ACTION SNIPPET 1200 451 SNIPPET_NOT_RELEVANT 1399268
ACTION SNIPPET 1200 451 SNIPPET_NOT_RELEVANT 615784
ACTION SNIPPET 1200 451 SNIPPET_NOT_RELEVANT 845120
ACTION SNIPPET 1200 451 SNIPPET_NOT_RELEVANT 91491
ACTION SNIPPET 1200 451 SNIPPET_NOT_RELEVANT 1091079
ACTION SNIPPET 1200 451 SNIPPET_NOT_RELEVANT 582628
ACTION SNIPPET 1200 451 SNIPPET_NOT_RELEVANT 1393670
ACTION SNIPPET 1200 451 SNIPPET_RELEVANT 977063
ACTION DOC 1200 471 EXAMINING_DOCUMENT 977063
ACTION MARK 1200 474 CONSIDERED_RELEVANT 977063
ACTION SNIPPET 1200 474 SNIPPET_NOT_RELEVANT 1581586
ACTION SNIPPET 1200 474 SNIPPET_NOT_RELEVANT 99157
ACTION SNIPPET 1200 474 SNIPPET_NOT_RELEVANT 1555061
ACTION SNIPPET 1200 474 SNIPPET_NOT_RELEVANT 1375481
ACTION SNIPPET 1200 474 SNIPPET_NOT_RELEVANT 1240774
ACTION SNIPPET 1200 474 SNIPPET_NOT_RELEVANT 1640983
ACTION SNIPPET 1200 474 SNIPPET_NOT_RELEVANT 1550712
ACTION SNIPPET 1200 474 SNIPPET_NOT_RELEVANT 1681870
ACTION SNIPPET 1200 474 SNIPPET_NOT_RELEVANT 1289200
ACTION SNIPPET 1200 474 SNIPPET_NOT_RELEVANT 695579
ACTION SNIPPET 1200 474 SNIPPET_NOT_RELEVANT 53116
ACTION SNIPPET 1200 474 SNIPPET_NOT_RELEVANT 128834
ACTION SNIPPET 1200 474 SNIPPET_NOT_RELEVANT 612739
ACTION SNIPPET 1200 474 SNIPPET_NOT_RELEVANT 1491865
ACTION SNIPPET 1200 474 SNIPPET_NOT_RELEVANT 1733677
ACTION SNIPPET 1200 474 SNIPPET_NOT_RELEVANT 1095072
ACTION SNIPPET 1200 474 SNIPPET_NOT_RELEVANT 1324112
ACTION SNIPPET 1200 474 SNIPPET_NOT_RELEVANT 1441849
ACTION SNIPPET 1200 474 SNIPPET_RELEVANT 373981
ACTION DOC 1200 494 EXAMINING_DOCUMENT 373981
ACTION MARK 1200 497 CONSIDERED_RELEVANT 373981
ACTION SNIPPET 1200 497 SEEN_PREVIOUSLY 121481
ACTION SNIPPET 1200 497 SNIPPET_NOT_RELEVANT 1633140
ACTION SNIPPET 1200 497 SNIPPET_NOT_RELEVANT 435707
ACTION SNIPPET 1200 497 SNIPPET_NOT_RELEVANT 1032864
ACTION SNIPPET 1200 497 SNIPPET_NOT_RELEVANT 53002
ACTION SNIPPET 1200 497 SNIPPET_NOT_RELEVANT 868434
ACTION SNIPPET 1200 497 SNIPPET_NOT_RELEVANT 1405959
ACTION SNIPPET 1200 497 SNIPPET_NOT_RELEVANT 68305
ACTION SNIPPET 1200 497 SNIPPET_NOT_RELEVANT 1041187
ACTION SNIPPET 1200 497 SNIPPET_NOT_RELEVANT 912625
ACTION SNIPPET 1200 497 SNIPPET_NOT_RELEVANT 114273
ACTION SNIPPET 1200 497 SNIPPET_RELEVANT 472960
ACTION DOC 1200 517 EXAMINING_DOCUMENT 472960
ACTION MARK 1200 520 CONSIDERED_RELEVANT 472960
ACTION QUERY 1200 530 mercy killing letters
ACTION SERP 1200 535 EXAMINE_SERP
ACTION SNIPPET 1200 535 SNIPPET_NOT_RELEVANT 128834
ACTION SNIPPET 1200 535 SNIPPET_NOT_RELEVANT 789093
ACTION SNIPPET 1200 535 SNIPPET_NOT_RELEVANT 473943
ACTION SNIPPET 1200 535 SNIPPET_NOT_RELEVANT 1438204
ACTION SNIPPET 1200 535 SEEN_PREVIOUSLY 157557
ACTION SNIPPET 1200 535 SNIPPET_NOT_RELEVANT 1314605
ACTION SNIPPET 1200 535 SNIPPET_NOT_RELEVANT 695579
ACTION SNIPPET 1200 535 SNIPPET_NOT_RELEVANT 162602
ACTION SNIPPET 1200 535 SNIPPET_RELEVANT 725271
ACTION DOC 1200 555 EXAMINING_DOCUMENT 725271
ACTION MARK 1200 558 CONSIDERED_RELEVANT 725271
ACTION SNIPPET 1200 558 SNIPPET_NOT_RELEVANT 1814878
ACTION SNIPPET 1200 558 SNIPPET_NOT_RELEVANT 202512
ACTION SNIPPET 1200 558 SEEN_PREVIOUSLY 121481
ACTION SNIPPET 1200 558 SNIPPET_NOT_RELEVANT 885095
ACTION SNIPPET 1200 558 SNIPPET_RELEVANT 977264
ACTION DOC 1200 578 EXAMINING_DOCUMENT 977264
ACTION MARK 1200 581 CONSIDERED_RELEVANT 977264
ACTION SNIPPET 1200 581 SNIPPET_RELEVANT 114968
ACTION DOC 1200 601 EXAMINING_DOCUMENT 114968
ACTION MARK 1200 604 CONSIDERED_RELEVANT 114968
ACTION SNIPPET 1200 604 SEEN_PREVIOUSLY 1121204
ACTION SNIPPET 1200 604 SEEN_PREVIOUSLY 1005479
ACTION SNIPPET 1200 604 SNIPPET_NOT_RELEVANT 1662328
ACTION SNIPPET 1200 604 SEEN_PREVIOUSLY 35680
ACTION SNIPPET 1200 604 SNIPPET_NOT_RELEVANT 896853
ACTION SNIPPET 1200 604 SEEN_PREVIOUSLY 472960
ACTION SNIPPET 1200 604 SNIPPET_NOT_RELEVANT 391873
ACTION SNIPPET 1200 604 SNIPPET_NOT_RELEVANT 391874
ACTION SNIPPET 1200 604 SNIPPET_NOT_RELEVANT 723837
ACTION SNIPPET 1200 604 SNIPPET_NOT_RELEVANT 992673
ACTION SNIPPET 1200 604 SEEN_PREVIOUSLY 435343
ACTION SNIPPET 1200 604 SNIPPET_NOT_RELEVANT 1210771
ACTION SNIPPET 1200 604 SEEN_PREVIOUSLY 115272
ACTION SNIPPET 1200 604 SNIPPET_NOT_RELEVANT 878988
ACTION SNIPPET 1200 604 SNIPPET_NOT_RELEVANT 1297307
ACTION SNIPPET 1200 604 SEEN_PREVIOUSLY 1095445
ACTION SNIPPET 1200 604 SNIPPET_NOT_RELEVANT 49953
ACTION SNIPPET 1200 604 SNIPPET_NOT_RELEVANT 1689454
ACTION SNIPPET 1200 604 SEEN_PREVIOUSLY 1095035
ACTION SNIPPET 1200 604 SEEN_PREVIOUSLY 373185
ACTION SNIPPET 1200 604 SNIPPET_NOT_RELEVANT 1293001
ACTION SNIPPET 1200 604 SNIPPET_NOT_RELEVANT 733076
ACTION SNIPPET 1200 604 SNIPPET_NOT_RELEVANT 606616
ACTION SNIPPET 1200 604 SNIPPET_NOT_RELEVANT 1139841
ACTION SNIPPET 1200 604 SNIPPET_NOT_RELEVANT 1722895
ACTION SNIPPET 1200 604 SNIPPET_NOT_RELEVANT 188508
ACTION SNIPPET 1200 604 SNIPPET_NOT_RELEVANT 338885
ACTION SNIPPET 1200 604 SEEN_PREVIOUSLY 2447
ACTION SNIPPET 1200 604 SEEN_PREVIOUSLY 2447
ACTION SNIPPET 1200 604 SNIPPET_NOT_RELEVANT 618917
ACTION SNIPPET 1200 604 SNIPPET_NOT_RELEVANT 1822541
ACTION SNIPPET 1200 604 SNIPPET_NOT_RELEVANT 851315
ACTION SNIPPET 1200 604 SEEN_PREVIOUSLY 1064676
ACTION SNIPPET 1200 604 SNIPPET_NOT_RELEVANT 431779
ACTION SNIPPET 1200 604 SNIPPET_NOT_RELEVANT 144396
ACTION SNIPPET 1200 604 SNIPPET_NOT_RELEVANT 1689450
ACTION SNIPPET 1200 604 SNIPPET_NOT_RELEVANT 837934
ACTION SNIPPET 1200 604 SEEN_PREVIOUSLY 1426355
ACTION SNIPPET 1200 604 SNIPPET_NOT_RELEVANT 374495
ACTION SNIPPET 1200 604 SNIPPET_NOT_RELEVANT 260023
ACTION SNIPPET 1200 604 SNIPPET_NOT_RELEVANT 340401
ACTION SNIPPET 1200 604 SNIPPET_NOT_RELEVANT 15687
ACTION SNIPPET 1200 604 SNIPPET_NOT_RELEVANT 1633442
ACTION SNIPPET 1200 604 SNIPPET_NOT_RELEVANT 46290
ACTION SNIPPET 1200 604 SNIPPET_NOT_RELEVANT 1299876
ACTION SNIPPET 1200 604 SNIPPET_NOT_RELEVANT 1546637
ACTION SNIPPET 1200 604 SNIPPET_NOT_RELEVANT 1082555
ACTION SNIPPET 1200 604 SNIPPET_NOT_RELEVANT 1407631
ACTION SNIPPET 1200 604 SNIPPET_NOT_RELEVANT 144854
ACTION SNIPPET 1200 604 SNIPPET_NOT_RELEVANT 1101617
ACTION SNIPPET 1200 604 SEEN_PREVIOUSLY 116927
ACTION SNIPPET 1200 604 SNIPPET_NOT_RELEVANT 307171
ACTION SNIPPET 1200 604 SNIPPET_NOT_RELEVANT 713365
ACTION SNIPPET 1200 604 SNIPPET_NOT_RELEVANT 1816598
ACTION SNIPPET 1200 604 SNIPPET_NOT_RELEVANT 751211
ACTION SNIPPET 1200 604 SNIPPET_NOT_RELEVANT 751212
ACTION SNIPPET 1200 604 SEEN_PREVIOUSLY 592995
ACTION SNIPPET 1200 604 SNIPPET_NOT_RELEVANT 1508481
ACTION SNIPPET 1200 604 SNIPPET_NOT_RELEVANT 1399268
ACTION SNIPPET 1200 604 SNIPPET_NOT_RELEVANT 638010
ACTION SNIPPET 1200 604 SNIPPET_NOT_RELEVANT 615784
ACTION SNIPPET 1200 604 SNIPPET_RELEVANT 128790
ACTION DOC 1200 624 EXAMINING_DOCUMENT 128790
ACTION MARK 1200 627 CONSIDERED_RELEVANT 128790
ACTION SNIPPET 1200 627 SNIPPET_NOT_RELEVANT 845120
ACTION SNIPPET 1200 627 SNIPPET_NOT_RELEVANT 605833
ACTION SNIPPET 1200 627 SNIPPET_NOT_RELEVANT 91491
ACTION SNIPPET 1200 627 SNIPPET_NOT_RELEVANT 1774323
ACTION SNIPPET 1200 627 SNIPPET_NOT_RELEVANT 1758016
ACTION SNIPPET 1200 627 SNIPPET_NOT_RELEVANT 1073018
ACTION SNIPPET 1200 627 SNIPPET_NOT_RELEVANT 1091079
ACTION SNIPPET 1200 627 SNIPPET_NOT_RELEVANT 1188208
ACTION SNIPPET 1200 627 SNIPPET_NOT_RELEVANT 582628
ACTION SNIPPET 1200 627 SNIPPET_NOT_RELEVANT 384875
ACTION SNIPPET 1200 627 SNIPPET_NOT_RELEVANT 396324
ACTION SNIPPET 1200 627 SNIPPET_NOT_RELEVANT 1310532
ACTION SNIPPET 1200 627 SNIPPET_NOT_RELEVANT 1393670
ACTION SNIPPET 1200 627 SEEN_PREVIOUSLY 977063
ACTION SNIPPET 1200 627 SNIPPET_NOT_RELEVANT 263084
ACTION SNIPPET 1200 627 SNIPPET_NOT_RELEVANT 1796161
ACTION SNIPPET 1200 627 SNIPPET_NOT_RELEVANT 1394868
ACTION SNIPPET 1200 627 SNIPPET_NOT_RELEVANT 1581586
ACTION SNIPPET 1200 627 SNIPPET_NOT_RELEVANT 99157
ACTION SNIPPET 1200 627 SNIPPET_NOT_RELEVANT 1389127
ACTION SNIPPET 1200 627 SNIPPET_NOT_RELEVANT 1761072
ACTION SNIPPET 1200 627 SNIPPET_NOT_RELEVANT 1058720
ACTION SNIPPET 1200 627 SNIPPET_NOT_RELEVANT 1555061
INFO SERP_END_REACHED 
ACTION QUERY 1200 637 mercy killing editor
ACTION SERP 1200 642 EXAMINE_SERP
ACTION SNIPPET 1200 642 SEEN_PREVIOUSLY 157557
ACTION SNIPPET 1200 642 SNIPPET_NOT_RELEVANT 1210771
ACTION SNIPPET 1200 642 SNIPPET_NOT_RELEVANT 723837
ACTION SNIPPET 1200 642 SEEN_PREVIOUSLY 121481
ACTION SNIPPET 1200 642 SNIPPET_NOT_RELEVANT 582628
ACTION SNIPPET 1200 642 SNIPPET_NOT_RELEVANT 1581586
ACTION SNIPPET 1200 642 SNIPPET_NOT_RELEVANT 245850
ACTION SNIPPET 1200 642 SEEN_PREVIOUSLY 116927
ACTION SNIPPET 1200 642 SNIPPET_NOT_RELEVANT 1555061
ACTION SNIPPET 1200 642 SNIPPET_NOT_RELEVANT 1240774
ACTION SNIPPET 1200 642 SNIPPET_NOT_RELEVANT 128834
ACTION SNIPPET 1200 642 SNIPPET_NOT_RELEVANT 912625
ACTION SNIPPET 1200 642 SNIPPET_NOT_RELEVANT 1275388
ACTION SNIPPET 1200 642 SNIPPET_NOT_RELEVANT 1789844
ACTION SNIPPET 1200 642 SNIPPET_NOT_RELEVANT 695579
ACTION SNIPPET 1200 642 SEEN_PREVIOUSLY 1121204
ACTION SNIPPET 1200 642 SEEN_PREVIOUSLY 1005479
ACTION SNIPPET 1200 642 SNIPPET_NOT_RELEVANT 637959
ACTION SNIPPET 1200 642 SNIPPET_NOT_RELEVANT 606698
ACTION SNIPPET 1200 642 SNIPPET_NOT_RELEVANT 740357
ACTION SNIPPET 1200 642 SNIPPET_NOT_RELEVANT 1733677
ACTION SNIPPET 1200 642 SNIPPET_NOT_RELEVANT 789093
ACTION SNIPPET 1200 642 SNIPPET_NOT_RELEVANT 842838
ACTION SNIPPET 1200 642 SNIPPET_NOT_RELEVANT 128833
ACTION SNIPPET 1200 642 SNIPPET_NOT_RELEVANT 265843
ACTION SNIPPET 1200 642 SEEN_PREVIOUSLY 35680
ACTION SNIPPET 1200 642 SNIPPET_NOT_RELEVANT 1060085
ACTION SNIPPET 1200 642 SNIPPET_NOT_RELEVANT 473943
ACTION SNIPPET 1200 642 SNIPPET_NOT_RELEVANT 391873
ACTION SNIPPET 1200 642 SNIPPET_NOT_RELEVANT 391874
ACTION SNIPPET 1200 642 SEEN_PREVIOUSLY 435343
ACTION SNIPPET 1200 642 SEEN_PREVIOUSLY 128790
ACTION SNIPPET 1200 642 SEEN_PREVIOUSLY 115272
ACTION SNIPPET 1200 642 SNIPPET_NOT_RELEVANT 25608
ACTION SNIPPET 1200 642 SEEN_PREVIOUSLY 1095445
ACTION SNIPPET 1200 642 SNIPPET_NOT_RELEVANT 1314605
ACTION SNIPPET 1200 642 SNIPPET_NOT_RELEVANT 1689454
ACTION SNIPPET 1200 642 SNIPPET_NOT_RELEVANT 735739
ACTION SNIPPET 1200 642 SEEN_PREVIOUSLY 373185
ACTION SNIPPET 1200 642 SNIPPET_NOT_RELEVANT 1443488
ACTION SNIPPET 1200 642 SNIPPET_NOT_RELEVANT 606616
ACTION SNIPPET 1200 642 SNIPPET_NOT_RELEVANT 693314
ACTION SNIPPET 1200 642 SNIPPET_NOT_RELEVANT 1787096
ACTION SNIPPET 1200 642 SNIPPET_NOT_RELEVANT 596672
ACTION SNIPPET 1200 642 SNIPPET_NOT_RELEVANT 828050
ACTION SNIPPET 1200 642 SNIPPET_NOT_RELEVANT 1722895
ACTION SNIPPET 1200 642 SNIPPET_NOT_RELEVANT 188508
ACTION SNIPPET 1200 642 SNIPPET_NOT_RELEVANT 1046737
ACTION SNIPPET 1200 642 SEEN_PREVIOUSLY 2447
ACTION SNIPPET 1200 642 SEEN_PREVIOUSLY 2447
ACTION SNIPPET 1200 642 SNIPPET_NOT_RELEVANT 618917
ACTION SNIPPET 1200 642 SNIPPET_NOT_RELEVANT 1822541
ACTION SNIPPET 1200 642 SNIPPET_NOT_RELEVANT 276981
ACTION SNIPPET 1200 642 SNIPPET_NOT_RELEVANT 851315
ACTION SNIPPET 1200 642 SNIPPET_NOT_RELEVANT 1517481
ACTION SNIPPET 1200 642 SEEN_PREVIOUSLY 1064676
ACTION SNIPPET 1200 642 SNIPPET_NOT_RELEVANT 431779
ACTION SNIPPET 1200 642 SNIPPET_NOT_RELEVANT 144396
ACTION SNIPPET 1200 642 SNIPPET_NOT_RELEVANT 637960
ACTION SNIPPET 1200 642 SNIPPET_NOT_RELEVANT 1293001
ACTION SNIPPET 1200 642 SNIPPET_NOT_RELEVANT 724065
ACTION SNIPPET 1200 642 SNIPPET_NOT_RELEVANT 1689450
ACTION SNIPPET 1200 642 SNIPPET_NOT_RELEVANT 596671
ACTION SNIPPET 1200 642 SEEN_PREVIOUSLY 1426355
ACTION SNIPPET 1200 642 SNIPPET_NOT_RELEVANT 374495
ACTION SNIPPET 1200 642 SNIPPET_NOT_RELEVANT 566521
ACTION SNIPPET 1200 642 SNIPPET_NOT_RELEVANT 260023
ACTION SNIPPET 1200 642 SNIPPET_NOT_RELEVANT 15687
ACTION SNIPPET 1200 642 SNIPPET_NOT_RELEVANT 1633442
ACTION SNIPPET 1200 642 SNIPPET_NOT_RELEVANT 1546637
ACTION SNIPPET 1200 642 SNIPPET_NOT_RELEVANT 1663926
ACTION SNIPPET 1200 642 SNIPPET_NOT_RELEVANT 1407631
ACTION SNIPPET 1200 642 SEEN_PREVIOUSLY 114968
ACTION SNIPPET 1200 642 SNIPPET_NOT_RELEVANT 144854
ACTION SNIPPET 1200 642 SNIPPET_NOT_RELEVANT 307171
ACTION SNIPPET 1200 642 SNIPPET_NOT_RELEVANT 713365
ACTION SNIPPET 1200 642 SNIPPET_NOT_RELEVANT 1816598
ACTION SNIPPET 1200 642 SNIPPET_NOT_RELEVANT 513950
ACTION SNIPPET 1200 642 SEEN_PREVIOUSLY 592995
ACTION SNIPPET 1200 642 SNIPPET_NOT_RELEVANT 1399268
ACTION SNIPPET 1200 642 SNIPPET_NOT_RELEVANT 154827
ACTION SNIPPET 1200 642 SNIPPET_NOT_RELEVANT 615784
ACTION SNIPPET 1200 642 SNIPPET_NOT_RELEVANT 845120
ACTION SNIPPET 1200 642 SNIPPET_NOT_RELEVANT 91491
ACTION SNIPPET 1200 642 SNIPPET_NOT_RELEVANT 62073
ACTION SNIPPET 1200 642 SNIPPET_NOT_RELEVANT 992869
ACTION SNIPPET 1200 642 SNIPPET_NOT_RELEVANT 126929
ACTION SNIPPET 1200 642 SNIPPET_NOT_RELEVANT 273067
ACTION SNIPPET 1200 642 SNIPPET_NOT_RELEVANT 1091079
ACTION SNIPPET 1200 642 SNIPPET_NOT_RELEVANT 919165
ACTION SNIPPET 1200 642 SNIPPET_NOT_RELEVANT 1659035
ACTION SNIPPET 1200 642 SNIPPET_NOT_RELEVANT 54391
ACTION SNIPPET 1200 642 SNIPPET_NOT_RELEVANT 1393670
ACTION SNIPPET 1200 642 SNIPPET_NOT_RELEVANT 263084
ACTION SNIPPET 1200 642 SNIPPET_NOT_RELEVANT 1639892
ACTION SNIPPET 1200 642 SEEN_PREVIOUSLY 977063
ACTION SNIPPET 1200 642 SNIPPET_NOT_RELEVANT 99157
ACTION SNIPPET 1200 642 SNIPPET_NOT_RELEVANT 1759432
ACTION SNIPPET 1200 642 SNIPPET_NOT_RELEVANT 1370465
ACTION SNIPPET 1200 642 SNIPPET_NOT_RELEVANT 467391
INFO SERP_END_REACHED 
ACTION QUERY 1200 652 mercy killing mentioning
ACTION SERP 1200 657 EXAMINE_SERP
ACTION SNIPPET 1200 657 SNIPPET_NOT_RELEVANT 912625
ACTION SNIPPET 1200 657 SEEN_PREVIOUSLY 157557
ACTION SNIPPET 1200 657 SNIPPET_NOT_RELEVANT 1060085
ACTION SNIPPET 1200 657 SEEN_PREVIOUSLY 1121204
ACTION SNIPPET 1200 657 SNIPPET_NOT_RELEVANT 1789261
ACTION SNIPPET 1200 657 SEEN_PREVIOUSLY 1005479
ACTION SNIPPET 1200 657 SNIPPET_NOT_RELEVANT 1510122
ACTION SNIPPET 1200 657 SNIPPET_NOT_RELEVANT 1438204
ACTION SNIPPET 1200 657 SNIPPET_NOT_RELEVANT 789093
ACTION SNIPPET 1200 657 SEEN_PREVIOUSLY 35680
ACTION SNIPPET 1200 657 SNIPPET_NOT_RELEVANT 1380295
ACTION SNIPPET 1200 657 SNIPPET_NOT_RELEVANT 473943
ACTION SNIPPET 1200 657 SNIPPET_NOT_RELEVANT 391873
ACTION SNIPPET 1200 657 SNIPPET_NOT_RELEVANT 391874
ACTION SNIPPET 1200 657 SNIPPET_NOT_RELEVANT 723837
ACTION SNIPPET 1200 657 SNIPPET_NOT_RELEVANT 1787096
ACTION SNIPPET 1200 657 SNIPPET_NOT_RELEVANT 542223
ACTION SNIPPET 1200 657 SEEN_PREVIOUSLY 435343
ACTION SNIPPET 1200 657 SNIPPET_NOT_RELEVANT 1210771
ACTION SNIPPET 1200 657 SEEN_PREVIOUSLY 115272
ACTION SNIPPET 1200 657 SNIPPET_NOT_RELEVANT 387592
ACTION SNIPPET 1200 657 SNIPPET_NOT_RELEVANT 785900
ACTION SNIPPET 1200 657 SEEN_PREVIOUSLY 1095445
ACTION SNIPPET 1200 657 SNIPPET_NOT_RELEVANT 1689454
ACTION SNIPPET 1200 657 SEEN_PREVIOUSLY 373185
ACTION SNIPPET 1200 657 SNIPPET_NOT_RELEVANT 1015928
ACTION SNIPPET 1200 657 SNIPPET_NOT_RELEVANT 606616
ACTION SNIPPET 1200 657 SNIPPET_NOT_RELEVANT 401628
ACTION SNIPPET 1200 657 SNIPPET_NOT_RELEVANT 1306191
ACTION SNIPPET 1200 657 SNIPPET_NOT_RELEVANT 1722895
ACTION SNIPPET 1200 657 SNIPPET_NOT_RELEVANT 188508
ACTION SNIPPET 1200 657 SEEN_PREVIOUSLY 2447
ACTION SNIPPET 1200 657 SEEN_PREVIOUSLY 2447
ACTION SNIPPET 1200 657 SNIPPET_NOT_RELEVANT 618917
ACTION SNIPPET 1200 657 SNIPPET_NOT_RELEVANT 1822541
ACTION SNIPPET 1200 657 SNIPPET_NOT_RELEVANT 851315
ACTION SNIPPET 1200 657 SEEN_PREVIOUSLY 1064676
ACTION SNIPPET 1200 657 SNIPPET_RELEVANT 195642
ACTION DOC 1200 677 EXAMINING_DOCUMENT 195642
ACTION MARK 1200 680 CONSIDERED_RELEVANT 195642
ACTION SNIPPET 1200 680 SNIPPET_NOT_RELEVANT 747764
ACTION SNIPPET 1200 680 SNIPPET_NOT_RELEVANT 431779
ACTION SNIPPET 1200 680 SNIPPET_NOT_RELEVANT 144396
ACTION SNIPPET 1200 680 SNIPPET_NOT_RELEVANT 1689450
ACTION SNIPPET 1200 680 SNIPPET_NOT_RELEVANT 355887
ACTION SNIPPET 1200 680 SEEN_PREVIOUSLY 1426355
ACTION SNIPPET 1200 680 SNIPPET_NOT_RELEVANT 374495
ACTION SNIPPET 1200 680 SNIPPET_NOT_RELEVANT 260023
ACTION SNIPPET 1200 680 SNIPPET_NOT_RELEVANT 245743
ACTION SNIPPET 1200 680 SNIPPET_NOT_RELEVANT 15687
ACTION SNIPPET 1200 680 SNIPPET_NOT_RELEVANT 1633442
ACTION SNIPPET 1200 680 SNIPPET_NOT_RELEVANT 419792
ACTION SNIPPET 1200 680 SNIPPET_NOT_RELEVANT 1732922
ACTION SNIPPET 1200 680 SNIPPET_NOT_RELEVANT 1546637
ACTION SNIPPET 1200 680 SNIPPET_NOT_RELEVANT 924468
ACTION SNIPPET 1200 680 SNIPPET_NOT_RELEVANT 1407631
ACTION SNIPPET 1200 680 SNIPPET_NOT_RELEVANT 144854
ACTION SNIPPET 1200 680 SEEN_PREVIOUSLY 116927
ACTION SNIPPET 1200 680 SNIPPET_NOT_RELEVANT 307171
ACTION SNIPPET 1200 680 SNIPPET_NOT_RELEVANT 713365
ACTION SNIPPET 1200 680 SNIPPET_NOT_RELEVANT 676765
ACTION SNIPPET 1200 680 SNIPPET_NOT_RELEVANT 1816598
ACTION SNIPPET 1200 680 SNIPPET_NOT_RELEVANT 1150851
ACTION SNIPPET 1200 680 SEEN_PREVIOUSLY 592995
ACTION SNIPPET 1200 680 SNIPPET_NOT_RELEVANT 1399268
ACTION SNIPPET 1200 680 SNIPPET_NOT_RELEVANT 874431
ACTION SNIPPET 1200 680 SNIPPET_NOT_RELEVANT 615784
ACTION SNIPPET 1200 680 SNIPPET_NOT_RELEVANT 936435
ACTION SNIPPET 1200 680 SNIPPET_NOT_RELEVANT 845120
ACTION SNIPPET 1200 680 SNIPPET_NOT_RELEVANT 1711766
ACTION SNIPPET 1200 680 SNIPPET_NOT_RELEVANT 91491
ACTION SNIPPET 1200 680 SNIPPET_NOT_RELEVANT 576776
ACTION SNIPPET 1200 680 SNIPPET_NOT_RELEVANT 1091079
ACTION SNIPPET 1200 680 SNIPPET_NOT_RELEVANT 582628
ACTION SNIPPET 1200 680 SNIPPET_NOT_RELEVANT 1393670
ACTION SNIPPET 1200 680 SEEN_PREVIOUSLY 977063
ACTION SNIPPET 1200 680 SNIPPET_NOT_RELEVANT 471390
ACTION SNIPPET 1200 680 SNIPPET_NOT_RELEVANT 1581586
ACTION SNIPPET 1200 680 SNIPPET_NOT_RELEVANT 99157
ACTION SNIPPET 1200 680 SNIPPET_NOT_RELEVANT 1555061
ACTION SNIPPET 1200 680 SNIPPET_NOT_RELEVANT 1375481
ACTION SNIPPET 1200 680 SNIPPET_NOT_RELEVANT 1240774
ACTION SNIPPET 1200 680 SNIPPET_NOT_RELEVANT 1640983
ACTION SNIPPET 1200 680 SNIPPET_NOT_RELEVANT 1550712
ACTION SNIPPET 1200 680 SNIPPET_NOT_RELEVANT 1681870
ACTION SNIPPET 1200 680 SNIPPET_NOT_RELEVANT 1289200
ACTION SNIPPET 1200 680 SNIPPET_NOT_RELEVANT 690798
ACTION SNIPPET 1200 680 SNIPPET_NOT_RELEVANT 695579
ACTION SNIPPET 1200 680 SNIPPET_NOT_RELEVANT 53116
ACTION SNIPPET 1200 680 SNIPPET_NOT_RELEVANT 128834
ACTION SNIPPET 1200 680 SNIPPET_NOT_RELEVANT 612739
ACTION SNIPPET 1200 680 SNIPPET_NOT_RELEVANT 1491865
ACTION SNIPPET 1200 680 SNIPPET_NOT_RELEVANT 1733677
ACTION SNIPPET 1200 680 SNIPPET_NOT_RELEVANT 1794035
ACTION SNIPPET 1200 680 SNIPPET_NOT_RELEVANT 1095072
ACTION SNIPPET 1200 680 SNIPPET_NOT_RELEVANT 1324112
ACTION SNIPPET 1200 680 SNIPPET_NOT_RELEVANT 1441849
ACTION SNIPPET 1200 680 SEEN_PREVIOUSLY 373981
ACTION SNIPPET 1200 680 SNIPPET_NOT_RELEVANT 871149
ACTION SNIPPET 1200 680 SEEN_PREVIOUSLY 121481
ACTION SNIPPET 1200 680 SNIPPET_NOT_RELEVANT 1633140
ACTION SNIPPET 1200 680 SNIPPET_NOT_RELEVANT 435707
INFO SERP_END_REACHED 
ACTION QUERY 1200 690 mercy killing removal
ACTION SERP 1200 695 EXAMINE_SERP
ACTION SNIPPET 1200 695 SNIPPET_NOT_RELEVANT 1689452
ACTION SNIPPET 1200 695 SEEN_PREVIOUSLY 157557
ACTION SNIPPET 1200 695 SEEN_PREVIOUSLY 592995
ACTION SNIPPET 1200 695 SNIPPET_NOT_RELEVANT 249483
ACTION SNIPPET 1200 695 SNIPPET_NOT_RELEVANT 472608
ACTION SNIPPET 1200 695 SEEN_PREVIOUSLY 1121204
ACTION SNIPPET 1200 695 SNIPPET_NOT_RELEVANT 1640983
ACTION SNIPPET 1200 695 SEEN_PREVIOUSLY 1005479
ACTION SNIPPET 1200 695 SNIPPET_RELEVANT 1777271
ACTION DOC 1200 715 EXAMINING_DOCUMENT 1777271
ACTION MARK 1200 718 CONSIDERED_RELEVANT 1777271
ACTION SNIPPET 1200 718 SNIPPET_NOT_RELEVANT 789093
ACTION SNIPPET 1200 718 SNIPPET_NOT_RELEVANT 596672
ACTION SNIPPET 1200 718 SEEN_PREVIOUSLY 35680
ACTION SNIPPET 1200 718 SNIPPET_NOT_RELEVANT 1207761
ACTION SNIPPET 1200 718 SNIPPET_NOT_RELEVANT 473943
ACTION SNIPPET 1200 718 SNIPPET_NOT_RELEVANT 391873
ACTION SNIPPET 1200 718 SNIPPET_NOT_RELEVANT 391874
ACTION SNIPPET 1200 718 SNIPPET_NOT_RELEVANT 723837
ACTION SNIPPET 1200 718 SNIPPET_NOT_RELEVANT 393854
ACTION SNIPPET 1200 718 SNIPPET_NOT_RELEVANT 671519
ACTION SNIPPET 1200 718 SEEN_PREVIOUSLY 435343
ACTION SNIPPET 1200 718 SNIPPET_NOT_RELEVANT 1210771
ACTION SNIPPET 1200 718 SEEN_PREVIOUSLY 115272
ACTION SNIPPET 1200 718 SEEN_PREVIOUSLY 1095445
ACTION SNIPPET 1200 718 SNIPPET_NOT_RELEVANT 1689454
ACTION SNIPPET 1200 718 SNIPPET_NOT_RELEVANT 733076
ACTION SNIPPET 1200 718 SEEN_PREVIOUSLY 373185
ACTION SNIPPET 1200 718 SNIPPET_NOT_RELEVANT 1659035
ACTION SNIPPET 1200 718 SNIPPET_NOT_RELEVANT 606616
ACTION SNIPPET 1200 718 SNIPPET_RELEVANT 245490
ACTION DOC 1200 738 EXAMINING_DOCUMENT 245490
ACTION MARK 1200 741 CONSIDERED_RELEVANT 245490
ACTION SNIPPET 1200 741 SNIPPET_NOT_RELEVANT 44630
ACTION SNIPPET 1200 741 SNIPPET_NOT_RELEVANT 1722895
ACTION SNIPPET 1200 741 SNIPPET_NOT_RELEVANT 188508
ACTION SNIPPET 1200 741 SEEN_PREVIOUSLY 2447
ACTION SNIPPET 1200 741 SEEN_PREVIOUSLY 2447
ACTION SNIPPET 1200 741 SNIPPET_NOT_RELEVANT 618917
ACTION SNIPPET 1200 741 SNIPPET_NOT_RELEVANT 1822541
ACTION SNIPPET 1200 741 SNIPPET_NOT_RELEVANT 851315
ACTION SNIPPET 1200 741 SEEN_PREVIOUSLY 1064676
ACTION SNIPPET 1200 741 SNIPPET_NOT_RELEVANT 431779
ACTION SNIPPET 1200 741 SNIPPET_NOT_RELEVANT 144396
ACTION SNIPPET 1200 741 SNIPPET_RELEVANT 1050857
ACTION DOC 1200 761 EXAMINING_DOCUMENT 1050857
ACTION MARK 1200 764 CONSIDERED_RELEVANT 1050857
ACTION SNIPPET 1200 764 SNIPPET_NOT_RELEVANT 1689450
ACTION SNIPPET 1200 764 SNIPPET_NOT_RELEVANT 777058
ACTION SNIPPET 1200 764 SEEN_PREVIOUSLY 1426355
ACTION SNIPPET 1200 764 SNIPPET_NOT_RELEVANT 374495
ACTION SNIPPET 1200 764 SNIPPET_NOT_RELEVANT 260023
ACTION SNIPPET 1200 764 SNIPPET_NOT_RELEVANT 15687
ACTION SNIPPET 1200 764 SNIPPET_NOT_RELEVANT 1633442
ACTION SNIPPET 1200 764 SNIPPET_NOT_RELEVANT 1546637
ACTION SNIPPET 1200 764 SNIPPET_NOT_RELEVANT 554236
ACTION SNIPPET 1200 764 SNIPPET_NOT_RELEVANT 1407631
ACTION SNIPPET 1200 764 SNIPPET_NOT_RELEVANT 1562973
ACTION SNIPPET 1200 764 SNIPPET_NOT_RELEVANT 677166
ACTION SNIPPET 1200 764 SNIPPET_NOT_RELEVANT 251601
ACTION SNIPPET 1200 764 SNIPPET_NOT_RELEVANT 1081739
ACTION SNIPPET 1200 764 SNIPPET_NOT_RELEVANT 144854
ACTION SNIPPET 1200 764 SEEN_PREVIOUSLY 116927
ACTION SNIPPET 1200 764 SNIPPET_NOT_RELEVANT 307171
ACTION SNIPPET 1200 764 SNIPPET_NOT_RELEVANT 713365
ACTION SNIPPET 1200 764 SNIPPET_NOT_RELEVANT 1402027
ACTION SNIPPET 1200 764 SNIPPET_NOT_RELEVANT 1816598
ACTION SNIPPET 1200 764 SNIPPET_NOT_RELEVANT 1399268
ACTION SNIPPET 1200 764 SNIPPET_NOT_RELEVANT 615784
ACTION SNIPPET 1200 764 SNIPPET_NOT_RELEVANT 172059
ACTION SNIPPET 1200 764 SNIPPET_NOT_RELEVANT 845120
ACTION SNIPPET 1200 764 SNIPPET_NOT_RELEVANT 91491
ACTION SNIPPET 1200 764 SNIPPET_NOT_RELEVANT 1287976
ACTION SNIPPET 1200 764 SNIPPET_NOT_RELEVANT 845741
ACTION SNIPPET 1200 764 SNIPPET_NOT_RELEVANT 1091079
ACTION SNIPPET 1200 764 SNIPPET_NOT_RELEVANT 1537062
ACTION SNIPPET 1200 764 SNIPPET_NOT_RELEVANT 582628
ACTION SNIPPET 1200 764 SNIPPET_NOT_RELEVANT 1393670
ACTION SNIPPET 1200 764 SEEN_PREVIOUSLY 977063
ACTION SNIPPET 1200 764 SNIPPET_NOT_RELEVANT 1581586
ACTION SNIPPET 1200 764 SNIPPET_NOT_RELEVANT 99157
ACTION SNIPPET 1200 764 SNIPPET_NOT_RELEVANT 1316500
ACTION SNIPPET 1200 764 SNIPPET_NOT_RELEVANT 1555061
ACTION SNIPPET 1200 764 SNIPPET_NOT_RELEVANT 1375481
ACTION SNIPPET 1200 764 SNIPPET_NOT_RELEVANT 491220
ACTION SNIPPET 1200 764 SNIPPET_NOT_RELEVANT 1240774
ACTION SNIPPET 1200 764 SNIPPET_NOT_RELEVANT 1543867
ACTION SNIPPET 1200 764 SNIPPET_NOT_RELEVANT 1550712
ACTION SNIPPET 1200 764 SNIPPET_NOT_RELEVANT 1681870
ACTION SNIPPET 1200 764 SNIPPET_NOT_RELEVANT 1289200
ACTION SNIPPET 1200 764 SNIPPET_NOT_RELEVANT 695579
ACTION SNIPPET 1200 764 SNIPPET_NOT_RELEVANT 53116
ACTION SNIPPET 1200 764 SNIPPET_NOT_RELEVANT 128834
ACTION SNIPPET 1200 764 SNIPPET_NOT_RELEVANT 1662328
ACTION SNIPPET 1200 764 SNIPPET_NOT_RELEVANT 612739
ACTION SNIPPET 1200 764 SNIPPET_NOT_RELEVANT 912131
ACTION SNIPPET 1200 764 SNIPPET_NOT_RELEVANT 1491865
ACTION SNIPPET 1200 764 SNIPPET_NOT_RELEVANT 1733677
ACTION SNIPPET 1200 764 SNIPPET_NOT_RELEVANT 1546243
ACTION SNIPPET 1200 764 SNIPPET_NOT_RELEVANT 1095072
ACTION SNIPPET 1200 764 SNIPPET_NOT_RELEVANT 1324112
ACTION SNIPPET 1200 764 SNIPPET_NOT_RELEVANT 1441849
ACTION SNIPPET 1200 764 SNIPPET_NOT_RELEVANT 450109
ACTION SNIPPET 1200 764 SEEN_PREVIOUSLY 373981
ACTION SNIPPET 1200 764 SEEN_PREVIOUSLY 121481
ACTION SNIPPET 1200 764 SNIPPET_NOT_RELEVANT 1633140
INFO SERP_END_REACHED 
ACTION QUERY 1200 774 mercy killing life
ACTION SERP 1200 779 EXAMINE_SERP
ACTION SNIPPET 1200 779 SEEN_PREVIOUSLY 157557
ACTION SNIPPET 1200 779 SNIPPET_NOT_RELEVANT 723837
ACTION SNIPPET 1200 779 SNIPPET_NOT_RELEVANT 1689454
ACTION SNIPPET 1200 779 SEEN_PREVIOUSLY 1095445
ACTION SNIPPET 1200 779 SNIPPET_NOT_RELEVANT 1822541
ACTION SNIPPET 1200 779 SNIPPET_NOT_RELEVANT 144396
ACTION SNIPPET 1200 779 SNIPPET_NOT_RELEVANT 606616
ACTION SNIPPET 1200 779 SNIPPET_NOT_RELEVANT 431779
ACTION SNIPPET 1200 779 SEEN_PREVIOUSLY 435343
ACTION SNIPPET 1200 779 SNIPPET_NOT_RELEVANT 473943
ACTION SNIPPET 1200 779 SNIPPET_NOT_RELEVANT 789093
ACTION SNIPPET 1200 779 SNIPPET_NOT_RELEVANT 851315
ACTION SNIPPET 1200 779 SEEN_PREVIOUSLY 35680
ACTION SNIPPET 1200 779 SNIPPET_NOT_RELEVANT 1546637
ACTION SNIPPET 1200 779 SEEN_PREVIOUSLY 592995
ACTION SNIPPET 1200 779 SEEN_PREVIOUSLY 1064676
ACTION SNIPPET 1200 779 SNIPPET_NOT_RELEVANT 845120
ACTION SNIPPET 1200 779 SEEN_PREVIOUSLY 373185
ACTION SNIPPET 1200 779 SNIPPET_NOT_RELEVANT 1633442
ACTION SNIPPET 1200 779 SNIPPET_NOT_RELEVANT 1091079
ACTION SNIPPET 1200 779 SEEN_PREVIOUSLY 2447
ACTION SNIPPET 1200 779 SEEN_PREVIOUSLY 2447
ACTION SNIPPET 1200 779 SNIPPET_NOT_RELEVANT 695579
ACTION SNIPPET 1200 779 SNIPPET_NOT_RELEVANT 1816598
ACTION SNIPPET 1200 779 SEEN_PREVIOUSLY 977063
ACTION SNIPPET 1200 779 SNIPPET_NOT_RELEVANT 1405959
ACTION SNIPPET 1200 779 SNIPPET_NOT_RELEVANT 23602
ACTION SNIPPET 1200 779 SNIPPET_NOT_RELEVANT 1289200
ACTION SNIPPET 1200 779 SNIPPET_NOT_RELEVANT 1399268
ACTION SNIPPET 1200 779 SNIPPET_NOT_RELEVANT 300177
ACTION SNIPPET 1200 779 SEEN_PREVIOUSLY 472960
ACTION SNIPPET 1200 779 SEEN_PREVIOUSLY 1121204
ACTION SNIPPET 1200 779 SNIPPET_NOT_RELEVANT 128834
ACTION SNIPPET 1200 779 SNIPPET_NOT_RELEVANT 1033784
ACTION SNIPPET 1200 779 SNIPPET_NOT_RELEVANT 144854
ACTION SNIPPET 1200 779 SEEN_PREVIOUSLY 1005479
ACTION SNIPPET 1200 779 SNIPPET_NOT_RELEVANT 612739
ACTION SNIPPET 1200 779 SNIPPET_NOT_RELEVANT 1633140
ACTION SNIPPET 1200 779 SNIPPET_RELEVANT 726977
ACTION DOC 1200 799 EXAMINING_DOCUMENT 726977
ACTION MARK 1200 802 CONSIDERED_RELEVANT 726977
ACTION SNIPPET 1200 802 SNIPPET_NOT_RELEVANT 713365
ACTION SNIPPET 1200 802 SNIPPET_NOT_RELEVANT 114273
ACTION SNIPPET 1200 802 SNIPPET_NOT_RELEVANT 1849022
ACTION SNIPPET 1200 802 SNIPPET_NOT_RELEVANT 842838
ACTION SNIPPET 1200 802 SNIPPET_RELEVANT 245126
ACTION DOC 1200 822 EXAMINING_DOCUMENT 245126
ACTION MARK 1200 825 CONSIDERED_RELEVANT 245126
ACTION SNIPPET 1200 825 SNIPPET_NOT_RELEVANT 868434
ACTION SNIPPET 1200 825 SNIPPET_NOT_RELEVANT 1020546
ACTION SNIPPET 1200 825 SNIPPET_NOT_RELEVANT 733076
ACTION SNIPPET 1200 825 SNIPPET_NOT_RELEVANT 391874
ACTION SNIPPET 1200 825 SNIPPET_NOT_RELEVANT 391873
ACTION SNIPPET 1200 825 SNIPPET_NOT_RELEVANT 1032864
ACTION SNIPPET 1200 825 SNIPPET_NOT_RELEVANT 1293001
ACTION SNIPPET 1200 825 SNIPPET_NOT_RELEVANT 89119
ACTION SNIPPET 1200 825 SNIPPET_NOT_RELEVANT 1550712
ACTION SNIPPET 1200 825 SNIPPET_NOT_RELEVANT 1375481
ACTION SNIPPET 1200 825 SNIPPET_NOT_RELEVANT 689643
ACTION SNIPPET 1200 825 SEEN_PREVIOUSLY 203216
ACTION SNIPPET 1200 825 SNIPPET_NOT_RELEVANT 1210771
ACTION SNIPPET 1200 825 SEEN_PREVIOUSLY 115272
ACTION SNIPPET 1200 825 SNIPPET_NOT_RELEVANT 14913
ACTION SNIPPET 1200 825 SNIPPET_NOT_RELEVANT 1060085
ACTION SNIPPET 1200 825 SNIPPET_NOT_RELEVANT 637959
ACTION SNIPPET 1200 825 SEEN_PREVIOUSLY 1777271
ACTION SNIPPET 1200 825 SNIPPET_NOT_RELEVANT 1122179
ACTION SNIPPET 1200 825 SNIPPET_NOT_RELEVANT 276981
ACTION SNIPPET 1200 825 SEEN_PREVIOUSLY 121481
ACTION SNIPPET 1200 825 SNIPPET_NOT_RELEVANT 740357
ACTION SNIPPET 1200 825 SNIPPET_NOT_RELEVANT 992673
ACTION SNIPPET 1200 825 SNIPPET_NOT_RELEVANT 693314
ACTION SNIPPET 1200 825 SNIPPET_NOT_RELEVANT 1721729
ACTION SNIPPET 1200 825 SNIPPET_NOT_RELEVANT 265843
ACTION SNIPPET 1200 825 SNIPPET_NOT_RELEVANT 1722895
ACTION SNIPPET 1200 825 SNIPPET_NOT_RELEVANT 188508
ACTION SNIPPET 1200 825 SNIPPET_NOT_RELEVANT 337819
ACTION SNIPPET 1200 825 SNIPPET_NOT_RELEVANT 1041187
ACTION SNIPPET 1200 825 SNIPPET_NOT_RELEVANT 1007292
ACTION SNIPPET 1200 825 SNIPPET_NOT_RELEVANT 618917
ACTION SNIPPET 1200 825 SNIPPET_NOT_RELEVANT 757597
ACTION SNIPPET 1200 825 SNIPPET_NOT_RELEVANT 237859
ACTION SNIPPET 1200 825 SNIPPET_NOT_RELEVANT 596672
ACTION SNIPPET 1200 825 SNIPPET_NOT_RELEVANT 1544061
ACTION SNIPPET 1200 825 SNIPPET_NOT_RELEVANT 1082555
ACTION SNIPPET 1200 825 SNIPPET_NOT_RELEVANT 1816286
ACTION SNIPPET 1200 825 SNIPPET_NOT_RELEVANT 1689450
ACTION SNIPPET 1200 825 SNIPPET_NOT_RELEVANT 676213
ACTION SNIPPET 1200 825 SNIPPET_NOT_RELEVANT 788424
ACTION SNIPPET 1200 825 SNIPPET_NOT_RELEVANT 481460
ACTION SNIPPET 1200 825 SEEN_PREVIOUSLY 1426355
ACTION SNIPPET 1200 825 SNIPPET_NOT_RELEVANT 374495
ACTION SNIPPET 1200 825 SNIPPET_NOT_RELEVANT 1399893
ACTION SNIPPET 1200 825 SNIPPET_NOT_RELEVANT 260023
ACTION SNIPPET 1200 825 SNIPPET_NOT_RELEVANT 1267822
ACTION SNIPPET 1200 825 SNIPPET_NOT_RELEVANT 1375872
ACTION SNIPPET 1200 825 SNIPPET_RELEVANT 1005917
ACTION DOC 1200 845 EXAMINING_DOCUMENT 1005917
ACTION MARK 1200 848 CONSIDERED_RELEVANT 1005917
ACTION SNIPPET 1200 848 SNIPPET_NOT_RELEVANT 15687
ACTION SNIPPET 1200 848 SNIPPET_NOT_RELEVANT 715233
ACTION SNIPPET 1200 848 SNIPPET_NOT_RELEVANT 1691966
ACTION SNIPPET 1200 848 SNIPPET_NOT_RELEVANT 1150868
ACTION SNIPPET 1200 848 SNIPPET_NOT_RELEVANT 911553
ACTION SNIPPET 1200 848 SNIPPET_NOT_RELEVANT 355887
ACTION SNIPPET 1200 848 SNIPPET_NOT_RELEVANT 298920
INFO SERP_END_REACHED 
ACTION QUERY 1200 858 mercy killing support
ACTION SERP 1200 863 EXAMINE_SERP
ACTION SNIPPET 1200 863 SEEN_PREVIOUSLY 115272
ACTION SNIPPET 1200 863 SNIPPET_NOT_RELEVANT 789093
ACTION SNIPPET 1200 863 SEEN_PREVIOUSLY 435343
ACTION SNIPPET 1200 863 SEEN_PREVIOUSLY 1426355
ACTION SNIPPET 1200 863 SEEN_PREVIOUSLY 157557
ACTION SNIPPET 1200 863 SEEN_PREVIOUSLY 2447
ACTION SNIPPET 1200 863 SEEN_PREVIOUSLY 2447
ACTION SNIPPET 1200 863 SNIPPET_NOT_RELEVANT 713365
ACTION SNIPPET 1200 863 SEEN_PREVIOUSLY 1121204
ACTION SNIPPET 1200 863 SEEN_PREVIOUSLY 1005479
ACTION SNIPPET 1200 863 SEEN_PREVIOUSLY 245126
ACTION SNIPPET 1200 863 SNIPPET_NOT_RELEVANT 435707
ACTION SNIPPET 1200 863 SNIPPET_NOT_RELEVANT 695579
ACTION SNIPPET 1200 863 SNIPPET_NOT_RELEVANT 128834
ACTION SNIPPET 1200 863 SEEN_PREVIOUSLY 35680
ACTION SNIPPET 1200 863 SNIPPET_NOT_RELEVANT 1267822
ACTION SNIPPET 1200 863 SNIPPET_NOT_RELEVANT 1030217
ACTION SNIPPET 1200 863 SNIPPET_NOT_RELEVANT 473943
ACTION SNIPPET 1200 863 SNIPPET_NOT_RELEVANT 391873
ACTION SNIPPET 1200 863 SNIPPET_NOT_RELEVANT 391874
ACTION SNIPPET 1200 863 SNIPPET_NOT_RELEVANT 723837
ACTION SNIPPET 1200 863 SNIPPET_NOT_RELEVANT 934728
ACTION SNIPPET 1200 863 SNIPPET_NOT_RELEVANT 1210771
ACTION SNIPPET 1200 863 SEEN_PREVIOUSLY 977063
ACTION SNIPPET 1200 863 SNIPPET_NOT_RELEVANT 1849022
ACTION SNIPPET 1200 863 SEEN_PREVIOUSLY 726977
ACTION SNIPPET 1200 863 SEEN_PREVIOUSLY 1095445
ACTION SNIPPET 1200 863 SNIPPET_NOT_RELEVANT 1633140
ACTION SNIPPET 1200 863 SNIPPET_NOT_RELEVANT 1689454
ACTION SNIPPET 1200 863 SEEN_PREVIOUSLY 373185
ACTION SNIPPET 1200 863 SNIPPET_NOT_RELEVANT 606616
ACTION SNIPPET 1200 863 SNIPPET_NOT_RELEVANT 992673
ACTION SNIPPET 1200 863 SNIPPET_NOT_RELEVANT 229771
ACTION SNIPPET 1200 863 SNIPPET_NOT_RELEVANT 426049
ACTION SNIPPET 1200 863 SNIPPET_NOT_RELEVANT 1082555
ACTION SNIPPET 1200 863 SNIPPET_NOT_RELEVANT 1721729
ACTION SNIPPET 1200 863 SNIPPET_NOT_RELEVANT 1722895
ACTION SNIPPET 1200 863 SNIPPET_NOT_RELEVANT 188508
ACTION SNIPPET 1200 863 SEEN_PREVIOUSLY 1777271
ACTION SNIPPET 1200 863 SNIPPET_NOT_RELEVANT 618917
ACTION SNIPPET 1200 863 SNIPPET_NOT_RELEVANT 1822541
ACTION SNIPPET 1200 863 SNIPPET_NOT_RELEVANT 851315
ACTION SNIPPET 1200 863 SEEN_PREVIOUSLY 472960
ACTION SNIPPET 1200 863 SEEN_PREVIOUSLY 121481
ACTION SNIPPET 1200 863 SNIPPET_NOT_RELEVANT 1044658
ACTION SNIPPET 1200 863 SEEN_PREVIOUSLY 1064676
ACTION SNIPPET 1200 863 SNIPPET_NOT_RELEVANT 431779
ACTION SNIPPET 1200 863 SNIPPET_NOT_RELEVANT 144396
ACTION SNIPPET 1200 863 SNIPPET_NOT_RELEVANT 1314605
ACTION SNIPPET 1200 863 SNIPPET_NOT_RELEVANT 1689450
ACTION SNIPPET 1200 863 SNIPPET_NOT_RELEVANT 1438204
ACTION SNIPPET 1200 863 SNIPPET_NOT_RELEVANT 374495
ACTION SNIPPET 1200 863 SNIPPET_NOT_RELEVANT 953838
ACTION SNIPPET 1200 863 SNIPPET_NOT_RELEVANT 260023
ACTION SNIPPET 1200 863 SNIPPET_NOT_RELEVANT 265843
ACTION SNIPPET 1200 863 SNIPPET_NOT_RELEVANT 15687
ACTION SNIPPET 1200 863 SNIPPET_NOT_RELEVANT 1633442
ACTION SNIPPET 1200 863 SNIPPET_NOT_RELEVANT 1546637
ACTION SNIPPET 1200 863 SNIPPET_NOT_RELEVANT 162602
ACTION SNIPPET 1200 863 SNIPPET_NOT_RELEVANT 1407631
ACTION SNIPPET 1200 863 SNIPPET_NOT_RELEVANT 54547
ACTION SNIPPET 1200 863 SNIPPET_NOT_RELEVANT 144854
ACTION SNIPPET 1200 863 SNIPPET_NOT_RELEVANT 1082965
ACTION SNIPPET 1200 863 SNIPPET_RELEVANT 1100378
ACTION DOC 1200 883 EXAMINING_DOCUMENT 1100378
ACTION MARK 1200 886 CONSIDERED_RELEVANT 1100378
ACTION SNIPPET 1200 886 SEEN_PREVIOUSLY 116927
ACTION SNIPPET 1200 886 SNIPPET_NOT_RELEVANT 307171
ACTION SNIPPET 1200 886 SNIPPET_RELEVANT 1208880
ACTION DOC 1200 906 EXAMINING_DOCUMENT 1208880
ACTION MARK 1200 909 CONSIDERED_RELEVANT 1208880
ACTION SNIPPET 1200 909 SNIPPET_NOT_RELEVANT 1816598
ACTION SNIPPET 1200 909 SEEN_PREVIOUSLY 592995
ACTION SNIPPET 1200 909 SNIPPET_NOT_RELEVANT 733076
ACTION SNIPPET 1200 909 SNIPPET_NOT_RELEVANT 1399268
ACTION SNIPPET 1200 909 SNIPPET_NOT_RELEVANT 1784821
ACTION SNIPPET 1200 909 SNIPPET_NOT_RELEVANT 615784
ACTION SNIPPET 1200 909 SNIPPET_NOT_RELEVANT 1428165
ACTION SNIPPET 1200 909 SNIPPET_NOT_RELEVANT 845120
ACTION SNIPPET 1200 909 SNIPPET_NOT_RELEVANT 91491
ACTION SNIPPET 1200 909 SNIPPET_NOT_RELEVANT 1091079
ACTION SNIPPET 1200 909 SNIPPET_NOT_RELEVANT 305931
ACTION SNIPPET 1200 909 SNIPPET_NOT_RELEVANT 582628
ACTION SNIPPET 1200 909 SNIPPET_NOT_RELEVANT 242011
ACTION SNIPPET 1200 909 SNIPPET_NOT_RELEVANT 1393670
ACTION SNIPPET 1200 909 SNIPPET_NOT_RELEVANT 1638350
ACTION SNIPPET 1200 909 SNIPPET_NOT_RELEVANT 1516690
ACTION SNIPPET 1200 909 SNIPPET_NOT_RELEVANT 1581586
ACTION SNIPPET 1200 909 SNIPPET_NOT_RELEVANT 99157
ACTION SNIPPET 1200 909 SNIPPET_NOT_RELEVANT 434648
ACTION SNIPPET 1200 909 SNIPPET_NOT_RELEVANT 1555061
ACTION SNIPPET 1200 909 SNIPPET_NOT_RELEVANT 1375481
ACTION SNIPPET 1200 909 SNIPPET_NOT_RELEVANT 742543
ACTION SNIPPET 1200 909 SNIPPET_NOT_RELEVANT 1240774
ACTION SNIPPET 1200 909 SNIPPET_NOT_RELEVANT 1640983
ACTION SNIPPET 1200 909 SNIPPET_NOT_RELEVANT 1550712
ACTION SNIPPET 1200 909 SNIPPET_NOT_RELEVANT 1681870
ACTION SNIPPET 1200 909 SNIPPET_NOT_RELEVANT 1289200
ACTION SNIPPET 1200 909 SNIPPET_NOT_RELEVANT 1796161
ACTION SNIPPET 1200 909 SNIPPET_NOT_RELEVANT 53116
ACTION SNIPPET 1200 909 SNIPPET_NOT_RELEVANT 1444104
ACTION SNIPPET 1200 909 SNIPPET_NOT_RELEVANT 401628
ACTION SNIPPET 1200 909 SNIPPET_NOT_RELEVANT 612739
ACTION SNIPPET 1200 909 SNIPPET_NOT_RELEVANT 1491865
INFO SERP_END_REACHED 
ACTION QUERY 1200 919 mercy killing systems
ACTION SERP 1200 924 EXAMINE_SERP
ACTION SNIPPET 1200 924 SNIPPET_NOT_RELEVANT 789093
ACTION SNIPPET 1200 924 SEEN_PREVIOUSLY 35680
ACTION SNIPPET 1200 924 SEEN_PREVIOUSLY 157557
ACTION SNIPPET 1200 924 SNIPPET_NOT_RELEVANT 473943
ACTION SNIPPET 1200 924 SNIPPET_NOT_RELEVANT 978258
ACTION SNIPPET 1200 924 SEEN_PREVIOUSLY 245126
ACTION SNIPPET 1200 924 SNIPPET_NOT_RELEVANT 912751
ACTION SNIPPET 1200 924 SNIPPET_NOT_RELEVANT 1060056
ACTION SNIPPET 1200 924 SNIPPET_NOT_RELEVANT 1030217
ACTION SNIPPET 1200 924 SNIPPET_NOT_RELEVANT 1097654
ACTION SNIPPET 1200 924 SEEN_PREVIOUSLY 1121204
ACTION SNIPPET 1200 924 SEEN_PREVIOUSLY 1005479
ACTION SNIPPET 1200 924 SNIPPET_NOT_RELEVANT 1721729
ACTION SNIPPET 1200 924 SNIPPET_NOT_RELEVANT 972177
ACTION SNIPPET 1200 924 SNIPPET_NOT_RELEVANT 1383926
ACTION SNIPPET 1200 924 SNIPPET_NOT_RELEVANT 1022498
ACTION SNIPPET 1200 924 SNIPPET_NOT_RELEVANT 637959
ACTION SNIPPET 1200 924 SNIPPET_NOT_RELEVANT 740357
ACTION SNIPPET 1200 924 SNIPPET_NOT_RELEVANT 391873
ACTION SNIPPET 1200 924 SNIPPET_NOT_RELEVANT 391874
ACTION SNIPPET 1200 924 SEEN_PREVIOUSLY 121481
ACTION SNIPPET 1200 924 SNIPPET_NOT_RELEVANT 723837
ACTION SNIPPET 1200 924 SEEN_PREVIOUSLY 726977
ACTION SNIPPET 1200 924 SEEN_PREVIOUSLY 435343
ACTION SNIPPET 1200 924 SNIPPET_NOT_RELEVANT 1210771
ACTION SNIPPET 1200 924 SEEN_PREVIOUSLY 115272
ACTION SNIPPET 1200 924 SNIPPET_NOT_RELEVANT 1640983
ACTION SNIPPET 1200 924 SEEN_PREVIOUSLY 1095445
ACTION SNIPPET 1200 924 SNIPPET_NOT_RELEVANT 1689454
ACTION SNIPPET 1200 924 SNIPPET_NOT_RELEVANT 1041187
ACTION SNIPPET 1200 924 SEEN_PREVIOUSLY 373185
ACTION SNIPPET 1200 924 SNIPPET_NOT_RELEVANT 203773
ACTION SNIPPET 1200 924 SNIPPET_NOT_RELEVANT 606616
ACTION SNIPPET 1200 924 SNIPPET_NOT_RELEVANT 1722895
ACTION SNIPPET 1200 924 SNIPPET_NOT_RELEVANT 188508
ACTION SNIPPET 1200 924 SNIPPET_NOT_RELEVANT 1054703
ACTION SNIPPET 1200 924 SNIPPET_NOT_RELEVANT 1055242
ACTION SNIPPET 1200 924 SNIPPET_NOT_RELEVANT 688595
ACTION SNIPPET 1200 924 SEEN_PREVIOUSLY 2447
ACTION SNIPPET 1200 924 SEEN_PREVIOUSLY 2447
ACTION SNIPPET 1200 924 SNIPPET_NOT_RELEVANT 1267822
ACTION SNIPPET 1200 924 SNIPPET_NOT_RELEVANT 618917
ACTION SNIPPET 1200 924 SNIPPET_NOT_RELEVANT 1822541
ACTION SNIPPET 1200 924 SNIPPET_NOT_RELEVANT 689643
ACTION SNIPPET 1200 924 SNIPPET_NOT_RELEVANT 851315
ACTION SNIPPET 1200 924 SEEN_PREVIOUSLY 1064676
ACTION SNIPPET 1200 924 SNIPPET_NOT_RELEVANT 980175
ACTION SNIPPET 1200 924 SNIPPET_NOT_RELEVANT 431779
ACTION SNIPPET 1200 924 SNIPPET_NOT_RELEVANT 144396
ACTION SNIPPET 1200 924 SNIPPET_NOT_RELEVANT 1689450
ACTION SNIPPET 1200 924 SNIPPET_NOT_RELEVANT 828050
ACTION SNIPPET 1200 924 SEEN_PREVIOUSLY 1426355
ACTION SNIPPET 1200 924 SNIPPET_NOT_RELEVANT 374495
ACTION SNIPPET 1200 924 SNIPPET_NOT_RELEVANT 260023
ACTION SNIPPET 1200 924 SEEN_PREVIOUSLY 1100378
ACTION SNIPPET 1200 924 SNIPPET_NOT_RELEVANT 1849022
ACTION SNIPPET 1200 924 SNIPPET_NOT_RELEVANT 15687
ACTION SNIPPET 1200 924 SNIPPET_NOT_RELEVANT 1633442
ACTION SNIPPET 1200 924 SNIPPET_NOT_RELEVANT 1546637
ACTION SNIPPET 1200 924 SNIPPET_NOT_RELEVANT 1032842
ACTION SNIPPET 1200 924 SNIPPET_NOT_RELEVANT 1407631
ACTION SNIPPET 1200 924 SNIPPET_NOT_RELEVANT 733076
ACTION SNIPPET 1200 924 SNIPPET_NOT_RELEVANT 144854
ACTION SNIPPET 1200 924 SEEN_PREVIOUSLY 116927
ACTION SNIPPET 1200 924 SNIPPET_NOT_RELEVANT 307171
ACTION SNIPPET 1200 924 SNIPPET_NOT_RELEVANT 1094748
ACTION SNIPPET 1200 924 SNIPPET_NOT_RELEVANT 713365
ACTION SNIPPET 1200 924 SNIPPET_NOT_RELEVANT 1816598
ACTION SNIPPET 1200 924 SEEN_PREVIOUSLY 592995
ACTION SNIPPET 1200 924 SNIPPET_NOT_RELEVANT 1399268
ACTION SNIPPET 1200 924 SNIPPET_NOT_RELEVANT 615784
ACTION SNIPPET 1200 924 SNIPPET_NOT_RELEVANT 1721684
ACTION SNIPPET 1200 924 SNIPPET_NOT_RELEVANT 845120
ACTION SNIPPET 1200 924 SNIPPET_NOT_RELEVANT 91491
ACTION SNIPPET 1200 924 SNIPPET_NOT_RELEVANT 266192
ACTION SNIPPET 1200 924 SNIPPET_NOT_RELEVANT 433965
ACTION SNIPPET 1200 924 SNIPPET_NOT_RELEVANT 1091079
ACTION SNIPPET 1200 924 SNIPPET_NOT_RELEVANT 582628
ACTION SNIPPET 1200 924 SNIPPET_NOT_RELEVANT 1393670
ACTION SNIPPET 1200 924 SEEN_PREVIOUSLY 977063
ACTION SNIPPET 1200 924 SNIPPET_NOT_RELEVANT 116807
ACTION SNIPPET 1200 924 SNIPPET_NOT_RELEVANT 620927
ACTION SNIPPET 1200 924 SNIPPET_NOT_RELEVANT 1032258
ACTION SNIPPET 1200 924 SNIPPET_NOT_RELEVANT 84165
ACTION SNIPPET 1200 924 SNIPPET_NOT_RELEVANT 1581586
ACTION SNIPPET 1200 924 SNIPPET_NOT_RELEVANT 99157
ACTION SNIPPET 1200 924 SNIPPET_NOT_RELEVANT 1555061
ACTION SNIPPET 1200 924 SNIPPET_NOT_RELEVANT 1375481
ACTION SNIPPET 1200 924 SNIPPET_NOT_RELEVANT 1240774
ACTION SNIPPET 1200 924 SNIPPET_NOT_RELEVANT 1550712
ACTION SNIPPET 1200 924 SNIPPET_NOT_RELEVANT 1681870
ACTION SNIPPET 1200 924 SEEN_PREVIOUSLY 369666
ACTION SNIPPET 1200 924 SNIPPET_NOT_RELEVANT 1289200
ACTION SNIPPET 1200 924 SNIPPET_NOT_RELEVANT 1150868
ACTION SNIPPET 1200 924 SNIPPET_NOT_RELEVANT 695579
ACTION SNIPPET 1200 924 SNIPPET_NOT_RELEVANT 53116
ACTION SNIPPET 1200 924 SNIPPET_NOT_RELEVANT 128834
ACTION SNIPPET 1200 924 SNIPPET_NOT_RELEVANT 671519
ACTION SNIPPET 1200 924 SNIPPET_NOT_RELEVANT 767895
ACTION SNIPPET 1200 924 SNIPPET_NOT_RELEVANT 612739
INFO SERP_END_REACHED 
ACTION QUERY 1200 934 mercy killing description
ACTION SERP 1200 939 EXAMINE_SERP
ACTION SNIPPET 1200 939 SNIPPET_NOT_RELEVANT 606698
ACTION SNIPPET 1200 939 SNIPPET_NOT_RELEVANT 128834
ACTION SNIPPET 1200 939 SEEN_PREVIOUSLY 157557
ACTION SNIPPET 1200 939 SNIPPET_NOT_RELEVANT 676213
ACTION SNIPPET 1200 939 SNIPPET_NOT_RELEVANT 965270
ACTION SNIPPET 1200 939 SNIPPET_NOT_RELEVANT 938146
ACTION SNIPPET 1200 939 SEEN_PREVIOUSLY 1121204
ACTION SNIPPET 1200 939 SEEN_PREVIOUSLY 1005479
ACTION SNIPPET 1200 939 SNIPPET_NOT_RELEVANT 1139748
ACTION SNIPPET 1200 939 SNIPPET_NOT_RELEVANT 251601
ACTION SNIPPET 1200 939 SNIPPET_NOT_RELEVANT 789093
ACTION SNIPPET 1200 939 SEEN_PREVIOUSLY 35680
ACTION SNIPPET 1200 939 SNIPPET_NOT_RELEVANT 473943
ACTION SNIPPET 1200 939 SNIPPET_NOT_RELEVANT 1445394
ACTION SNIPPET 1200 939 SNIPPET_NOT_RELEVANT 391874
ACTION SNIPPET 1200 939 SNIPPET_NOT_RELEVANT 391873
ACTION SNIPPET 1200 939 SNIPPET_NOT_RELEVANT 723837
ACTION SNIPPET 1200 939 SEEN_PREVIOUSLY 435343
ACTION SNIPPET 1200 939 SNIPPET_NOT_RELEVANT 1210771
ACTION SNIPPET 1200 939 SEEN_PREVIOUSLY 115272
ACTION SNIPPET 1200 939 SEEN_PREVIOUSLY 1095445
ACTION SNIPPET 1200 939 SNIPPET_NOT_RELEVANT 1689454
ACTION SNIPPET 1200 939 SEEN_PREVIOUSLY 373185
ACTION SNIPPET 1200 939 SNIPPET_NOT_RELEVANT 606616
ACTION SNIPPET 1200 939 SNIPPET_NOT_RELEVANT 1100881
ACTION SNIPPET 1200 939 SNIPPET_NOT_RELEVANT 1722895
ACTION SNIPPET 1200 939 SNIPPET_NOT_RELEVANT 188508
ACTION SNIPPET 1200 939 SEEN_PREVIOUSLY 2447
ACTION SNIPPET 1200 939 SEEN_PREVIOUSLY 2447
ACTION SNIPPET 1200 939 SNIPPET_NOT_RELEVANT 618917
ACTION SNIPPET 1200 939 SNIPPET_NOT_RELEVANT 1822541
ACTION SNIPPET 1200 939 SNIPPET_NOT_RELEVANT 851315
ACTION SNIPPET 1200 939 SEEN_PREVIOUSLY 1064676
ACTION SNIPPET 1200 939 SNIPPET_NOT_RELEVANT 431779
ACTION SNIPPET 1200 939 SNIPPET_NOT_RELEVANT 144396
ACTION SNIPPET 1200 939 SNIPPET_NOT_RELEVANT 1689450
ACTION SNIPPET 1200 939 SNIPPET_NOT_RELEVANT 680949
ACTION SNIPPET 1200 939 SEEN_PREVIOUSLY 1426355
ACTION SNIPPET 1200 939 SNIPPET_NOT_RELEVANT 374495
ACTION SNIPPET 1200 939 SNIPPET_NOT_RELEVANT 260023
ACTION SNIPPET 1200 939 SNIPPET_NOT_RELEVANT 15687
ACTION SNIPPET 1200 939 SNIPPET_NOT_RELEVANT 1633442
ACTION SNIPPET 1200 939 SNIPPET_NOT_RELEVANT 1546637
ACTION SNIPPET 1200 939 SNIPPET_NOT_RELEVANT 1407631
ACTION SNIPPET 1200 939 SNIPPET_NOT_RELEVANT 321361
ACTION SNIPPET 1200 939 SNIPPET_NOT_RELEVANT 919658
ACTION SNIPPET 1200 939 SNIPPET_NOT_RELEVANT 144854
ACTION SNIPPET 1200 939 SNIPPET_NOT_RELEVANT 307171
ACTION SNIPPET 1200 939 SEEN_PREVIOUSLY 116927
ACTION SNIPPET 1200 939 SNIPPET_NOT_RELEVANT 713365
ACTION SNIPPET 1200 939 SNIPPET_NOT_RELEVANT 1816598
ACTION SNIPPET 1200 939 SEEN_PREVIOUSLY 592995
ACTION SNIPPET 1200 939 SNIPPET_NOT_RELEVANT 1399268
ACTION SNIPPET 1200 939 SNIPPET_NOT_RELEVANT 615784
ACTION SNIPPET 1200 939 SNIPPET_NOT_RELEVANT 845120
ACTION SNIPPET 1200 939 SNIPPET_NOT_RELEVANT 91491
ACTION SNIPPET 1200 939 SNIPPET_NOT_RELEVANT 104229
ACTION SNIPPET 1200 939 SNIPPET_NOT_RELEVANT 1331947
ACTION SNIPPET 1200 939 SNIPPET_NOT_RELEVANT 599504
ACTION SNIPPET 1200 939 SNIPPET_NOT_RELEVANT 1091079
ACTION SNIPPET 1200 939 SNIPPET_NOT_RELEVANT 582628
ACTION SNIPPET 1200 939 SNIPPET_NOT_RELEVANT 1393670
ACTION SNIPPET 1200 939 SEEN_PREVIOUSLY 977063
ACTION SNIPPET 1200 939 SNIPPET_NOT_RELEVANT 173155
ACTION SNIPPET 1200 939 SNIPPET_NOT_RELEVANT 651059
ACTION SNIPPET 1200 939 SNIPPET_NOT_RELEVANT 1581586
ACTION SNIPPET 1200 939 SNIPPET_NOT_RELEVANT 99157
ACTION SNIPPET 1200 939 SNIPPET_NOT_RELEVANT 1555061
ACTION SNIPPET 1200 939 SNIPPET_NOT_RELEVANT 384096
ACTION SNIPPET 1200 939 SNIPPET_NOT_RELEVANT 1375481
ACTION SNIPPET 1200 939 SNIPPET_NOT_RELEVANT 1240774
ACTION SNIPPET 1200 939 SNIPPET_NOT_RELEVANT 1640983
ACTION SNIPPET 1200 939 SNIPPET_NOT_RELEVANT 1550712
ACTION SNIPPET 1200 939 SNIPPET_NOT_RELEVANT 1681870
ACTION SNIPPET 1200 939 SNIPPET_NOT_RELEVANT 1289200
ACTION SNIPPET 1200 939 SNIPPET_NOT_RELEVANT 695579
ACTION SNIPPET 1200 939 SNIPPET_NOT_RELEVANT 53116
ACTION SNIPPET 1200 939 SNIPPET_NOT_RELEVANT 724234
ACTION SNIPPET 1200 939 SNIPPET_NOT_RELEVANT 612739
ACTION SNIPPET 1200 939 SNIPPET_NOT_RELEVANT 74755
ACTION SNIPPET 1200 939 SNIPPET_NOT_RELEVANT 1491865
ACTION SNIPPET 1200 939 SNIPPET_NOT_RELEVANT 289615
ACTION SNIPPET 1200 939 SNIPPET_NOT_RELEVANT 1733677
ACTION SNIPPET 1200 939 SNIPPET_NOT_RELEVANT 1095072
ACTION SNIPPET 1200 939 SNIPPET_NOT_RELEVANT 1324112
ACTION SNIPPET 1200 939 SNIPPET_NOT_RELEVANT 1441849
ACTION SNIPPET 1200 939 SNIPPET_NOT_RELEVANT 476715
ACTION SNIPPET 1200 939 SEEN_PREVIOUSLY 373981
ACTION SNIPPET 1200 939 SNIPPET_NOT_RELEVANT 927259
ACTION SNIPPET 1200 939 SEEN_PREVIOUSLY 121481
ACTION SNIPPET 1200 939 SNIPPET_NOT_RELEVANT 321513
ACTION SNIPPET 1200 939 SNIPPET_NOT_RELEVANT 1633140
ACTION SNIPPET 1200 939 SNIPPET_NOT_RELEVANT 435707
ACTION SNIPPET 1200 939 SNIPPET_NOT_RELEVANT 1032864
ACTION SNIPPET 1200 939 SNIPPET_NOT_RELEVANT 53002
ACTION SNIPPET 1200 939 SNIPPET_NOT_RELEVANT 868434
ACTION SNIPPET 1200 939 SNIPPET_NOT_RELEVANT 1405959
ACTION SNIPPET 1200 939 SNIPPET_NOT_RELEVANT 68305
ACTION SNIPPET 1200 939 SNIPPET_NOT_RELEVANT 1041187
ACTION SNIPPET 1200 939 SNIPPET_NOT_RELEVANT 912625
INFO SERP_END_REACHED 
ACTION QUERY 1200 949 mercy killing specifics
ACTION SERP 1200 954 EXAMINE_SERP
ACTION SNIPPET 1200 954 SEEN_PREVIOUSLY 115272
ACTION SNIPPET 1200 954 SEEN_PREVIOUSLY 157557
ACTION SNIPPET 1200 954 SNIPPET_NOT_RELEVANT 227357
ACTION SNIPPET 1200 954 SEEN_PREVIOUSLY 1121204
ACTION SNIPPET 1200 954 SEEN_PREVIOUSLY 1005479
ACTION SNIPPET 1200 954 SNIPPET_NOT_RELEVANT 789093
ACTION SNIPPET 1200 954 SEEN_PREVIOUSLY 35680
ACTION SNIPPET 1200 954 SNIPPET_NOT_RELEVANT 473943
ACTION SNIPPET 1200 954 SNIPPET_NOT_RELEVANT 309246
ACTION SNIPPET 1200 954 SNIPPET_NOT_RELEVANT 391873
ACTION SNIPPET 1200 954 SNIPPET_NOT_RELEVANT 391874
ACTION SNIPPET 1200 954 SNIPPET_NOT_RELEVANT 723837
ACTION SNIPPET 1200 954 SEEN_PREVIOUSLY 435343
ACTION SNIPPET 1200 954 SNIPPET_NOT_RELEVANT 1210771
ACTION SNIPPET 1200 954 SEEN_PREVIOUSLY 1095445
ACTION SNIPPET 1200 954 SNIPPET_NOT_RELEVANT 1689454
ACTION SNIPPET 1200 954 SEEN_PREVIOUSLY 373185
ACTION SNIPPET 1200 954 SNIPPET_NOT_RELEVANT 606616
ACTION SNIPPET 1200 954 SNIPPET_NOT_RELEVANT 937664
ACTION SNIPPET 1200 954 SNIPPET_NOT_RELEVANT 1722895
ACTION SNIPPET 1200 954 SNIPPET_NOT_RELEVANT 188508
ACTION SNIPPET 1200 954 SEEN_PREVIOUSLY 2447
ACTION SNIPPET 1200 954 SEEN_PREVIOUSLY 2447
ACTION SNIPPET 1200 954 SNIPPET_NOT_RELEVANT 618917
ACTION SNIPPET 1200 954 SNIPPET_NOT_RELEVANT 1822541
ACTION SNIPPET 1200 954 SNIPPET_NOT_RELEVANT 1062241
ACTION SNIPPET 1200 954 SNIPPET_NOT_RELEVANT 851315
ACTION SNIPPET 1200 954 SEEN_PREVIOUSLY 1064676
ACTION SNIPPET 1200 954 SNIPPET_NOT_RELEVANT 1133913
ACTION SNIPPET 1200 954 SNIPPET_NOT_RELEVANT 431779
ACTION SNIPPET 1200 954 SNIPPET_NOT_RELEVANT 144396
ACTION SNIPPET 1200 954 SNIPPET_NOT_RELEVANT 1689450
ACTION SNIPPET 1200 954 SEEN_PREVIOUSLY 1426355
ACTION SNIPPET 1200 954 SNIPPET_NOT_RELEVANT 944889
ACTION SNIPPET 1200 954 SNIPPET_NOT_RELEVANT 374495
ACTION SNIPPET 1200 954 SNIPPET_NOT_RELEVANT 260023
ACTION SNIPPET 1200 954 SNIPPET_NOT_RELEVANT 1375872
ACTION SNIPPET 1200 954 SNIPPET_NOT_RELEVANT 15687
ACTION SNIPPET 1200 954 SNIPPET_NOT_RELEVANT 1633442
ACTION SNIPPET 1200 954 SNIPPET_RELEVANT 158532
ACTION DOC 1200 974 EXAMINING_DOCUMENT 158532
ACTION MARK 1200 977 CONSIDERED_RELEVANT 158532
ACTION SNIPPET 1200 977 SNIPPET_NOT_RELEVANT 1546637
ACTION SNIPPET 1200 977 SNIPPET_NOT_RELEVANT 1407631
ACTION SNIPPET 1200 977 SNIPPET_NOT_RELEVANT 144854
ACTION SNIPPET 1200 977 SEEN_PREVIOUSLY 116927
ACTION SNIPPET 1200 977 SNIPPET_NOT_RELEVANT 307171
ACTION SNIPPET 1200 977 SNIPPET_NOT_RELEVANT 266192
ACTION SNIPPET 1200 977 SNIPPET_NOT_RELEVANT 713365
ACTION SNIPPET 1200 977 SNIPPET_NOT_RELEVANT 1405320
ACTION SNIPPET 1200 977 SNIPPET_NOT_RELEVANT 1816598
ACTION SNIPPET 1200 977 SEEN_PREVIOUSLY 592995
ACTION SNIPPET 1200 977 SNIPPET_NOT_RELEVANT 1399268
ACTION SNIPPET 1200 977 SNIPPET_RELEVANT 813502
ACTION DOC 1200 997 EXAMINING_DOCUMENT 813502
ACTION MARK 1200 1000 CONSIDERED_RELEVANT 813502
ACTION SNIPPET 1200 1000 SNIPPET_NOT_RELEVANT 739789
ACTION SNIPPET 1200 1000 SNIPPET_NOT_RELEVANT 615784
ACTION SNIPPET 1200 1000 SNIPPET_NOT_RELEVANT 845120
ACTION SNIPPET 1200 1000 SNIPPET_NOT_RELEVANT 91491
ACTION SNIPPET 1200 1000 SNIPPET_NOT_RELEVANT 491220
ACTION SNIPPET 1200 1000 SNIPPET_NOT_RELEVANT 1091079
ACTION SNIPPET 1200 1000 SNIPPET_NOT_RELEVANT 582628
ACTION SNIPPET 1200 1000 SNIPPET_NOT_RELEVANT 1393670
ACTION SNIPPET 1200 1000 SNIPPET_NOT_RELEVANT 1316500
ACTION SNIPPET 1200 1000 SEEN_PREVIOUSLY 977063
ACTION SNIPPET 1200 1000 SNIPPET_NOT_RELEVANT 1311585
ACTION SNIPPET 1200 1000 SNIPPET_NOT_RELEVANT 287475
ACTION SNIPPET 1200 1000 SNIPPET_NOT_RELEVANT 1581586
ACTION SNIPPET 1200 1000 SNIPPET_NOT_RELEVANT 99157
ACTION SNIPPET 1200 1000 SNIPPET_NOT_RELEVANT 181398
ACTION SNIPPET 1200 1000 SNIPPET_NOT_RELEVANT 1555061
ACTION SNIPPET 1200 1000 SNIPPET_NOT_RELEVANT 1364062
ACTION SNIPPET 1200 1000 SNIPPET_NOT_RELEVANT 1375481
ACTION SNIPPET 1200 1000 SNIPPET_NOT_RELEVANT 1240774
ACTION SNIPPET 1200 1000 SNIPPET_NOT_RELEVANT 1640983
ACTION SNIPPET 1200 1000 SNIPPET_NOT_RELEVANT 1550712
ACTION SNIPPET 1200 1000 SNIPPET_NOT_RELEVANT 1681870
ACTION SNIPPET 1200 1000 SNIPPET_NOT_RELEVANT 1289200
ACTION SNIPPET 1200 1000 SNIPPET_NOT_RELEVANT 695579
ACTION SNIPPET 1200 1000 SNIPPET_NOT_RELEVANT 53116
ACTION SNIPPET 1200 1000 SNIPPET_NOT_RELEVANT 128834
ACTION SNIPPET 1200 1000 SNIPPET_NOT_RELEVANT 612739
ACTION SNIPPET 1200 1000 SNIPPET_NOT_RELEVANT 1491865
ACTION SNIPPET 1200 1000 SNIPPET_NOT_RELEVANT 1733677
ACTION SNIPPET 1200 1000 SNIPPET_NOT_RELEVANT 1095072
ACTION SNIPPET 1200 1000 SNIPPET_NOT_RELEVANT 1324112
ACTION SNIPPET 1200 1000 SNIPPET_NOT_RELEVANT 1441849
ACTION SNIPPET 1200 1000 SEEN_PREVIOUSLY 373981
ACTION SNIPPET 1200 1000 SEEN_PREVIOUSLY 121481
ACTION SNIPPET 1200 1000 SNIPPET_NOT_RELEVANT 1633140
ACTION SNIPPET 1200 1000 SNIPPET_NOT_RELEVANT 435707
ACTION SNIPPET 1200 1000 SNIPPET_NOT_RELEVANT 1032864
ACTION SNIPPET 1200 1000 SNIPPET_NOT_RELEVANT 53002
ACTION SNIPPET 1200 1000 SNIPPET_NOT_RELEVANT 1177569
ACTION SNIPPET 1200 1000 SNIPPET_NOT_RELEVANT 690798
ACTION SNIPPET 1200 1000 SNIPPET_NOT_RELEVANT 868434
ACTION SNIPPET 1200 1000 SNIPPET_NOT_RELEVANT 1405959
ACTION SNIPPET 1200 1000 SNIPPET_NOT_RELEVANT 982795
ACTION SNIPPET 1200 1000 SNIPPET_NOT_RELEVANT 68305
ACTION SNIPPET 1200 1000 SNIPPET_NOT_RELEVANT 1041187
ACTION SNIPPET 1200 1000 SNIPPET_NOT_RELEVANT 912625
ACTION SNIPPET 1200 1000 SNIPPET_NOT_RELEVANT 114273
ACTION SNIPPET 1200 1000 SNIPPET_NOT_RELEVANT 940172
INFO SERP_END_REACHED 
ACTION QUERY 1200 1010 mercy killing victims
ACTION SERP 1200 1015 EXAMINE_SERP
ACTION SNIPPET 1200 1015 SEEN_PREVIOUSLY 435343
ACTION SNIPPET 1200 1015 SNIPPET_NOT_RELEVANT 1441849
ACTION SNIPPET 1200 1015 SNIPPET_NOT_RELEVANT 1375481
ACTION SNIPPET 1200 1015 SNIPPET_NOT_RELEVANT 1633442
ACTION SNIPPET 1200 1015 SEEN_PREVIOUSLY 115272
ACTION SNIPPET 1200 1015 SNIPPET_NOT_RELEVANT 1091079
ACTION SNIPPET 1200 1015 SNIPPET_NOT_RELEVANT 1020546
ACTION SNIPPET 1200 1015 SNIPPET_NOT_RELEVANT 1393670
ACTION SNIPPET 1200 1015 SNIPPET_NOT_RELEVANT 1293001
ACTION SNIPPET 1200 1015 SNIPPET_NOT_RELEVANT 1405959
ACTION SNIPPET 1200 1015 SNIPPET_NOT_RELEVANT 202512
ACTION SNIPPET 1200 1015 SNIPPET_NOT_RELEVANT 23602
ACTION SNIPPET 1200 1015 SNIPPET_NOT_RELEVANT 144854
ACTION SNIPPET 1200 1015 SNIPPET_NOT_RELEVANT 53116
ACTION SNIPPET 1200 1015 SNIPPET_NOT_RELEVANT 1596699
ACTION SNIPPET 1200 1015 SNIPPET_NOT_RELEVANT 1599539
ACTION SNIPPET 1200 1015 SNIPPET_NOT_RELEVANT 868434
ACTION SNIPPET 1200 1015 SNIPPET_NOT_RELEVANT 435707
ACTION SNIPPET 1200 1015 SNIPPET_NOT_RELEVANT 828050
ACTION SNIPPET 1200 1015 SNIPPET_NOT_RELEVANT 67284
ACTION SNIPPET 1200 1015 SNIPPET_NOT_RELEVANT 53002
ACTION SNIPPET 1200 1015 SNIPPET_NOT_RELEVANT 300177
ACTION SNIPPET 1200 1015 SNIPPET_NOT_RELEVANT 615784
ACTION SNIPPET 1200 1015 SNIPPET_NOT_RELEVANT 473943
ACTION SNIPPET 1200 1015 SNIPPET_NOT_RELEVANT 91491
ACTION SNIPPET 1200 1015 SNIPPET_NOT_RELEVANT 128834
ACTION SNIPPET 1200 1015 SNIPPET_NOT_RELEVANT 89119
ACTION SNIPPET 1200 1015 SNIPPET_NOT_RELEVANT 401628
ACTION SNIPPET 1200 1015 SEEN_PREVIOUSLY 373981
ACTION SNIPPET 1200 1015 SNIPPET_NOT_RELEVANT 842838
ACTION SNIPPET 1200 1015 SEEN_PREVIOUSLY 157557
ACTION SNIPPET 1200 1015 SNIPPET_NOT_RELEVANT 1532711
ACTION SNIPPET 1200 1015 SNIPPET_NOT_RELEVANT 73152
ACTION SNIPPET 1200 1015 SNIPPET_NOT_RELEVANT 1550712
ACTION SNIPPET 1200 1015 SNIPPET_NOT_RELEVANT 1060085
ACTION SNIPPET 1200 1015 SNIPPET_NOT_RELEVANT 249483
ACTION SNIPPET 1200 1015 SNIPPET_NOT_RELEVANT 332930
ACTION SNIPPET 1200 1015 SNIPPET_NOT_RELEVANT 1079922
ACTION SNIPPET 1200 1015 SEEN_PREVIOUSLY 977063
ACTION SNIPPET 1200 1015 SNIPPET_NOT_RELEVANT 1326341
ACTION SNIPPET 1200 1015 SNIPPET_NOT_RELEVANT 1544061
ACTION SNIPPET 1200 1015 SNIPPET_NOT_RELEVANT 51213
ACTION SNIPPET 1200 1015 SNIPPET_NOT_RELEVANT 826961
ACTION SNIPPET 1200 1015 SNIPPET_NOT_RELEVANT 785900
ACTION SNIPPET 1200 1015 SNIPPET_NOT_RELEVANT 1445394
ACTION SNIPPET 1200 1015 SNIPPET_NOT_RELEVANT 1044723
ACTION SNIPPET 1200 1015 SNIPPET_NOT_RELEVANT 1033784
ACTION SNIPPET 1200 1015 SNIPPET_NOT_RELEVANT 251601
ACTION SNIPPET 1200 1015 SNIPPET_NOT_RELEVANT 298920
ACTION SNIPPET 1200 1015 SNIPPET_NOT_RELEVANT 1022043
ACTION SNIPPET 1200 1015 SNIPPET_NOT_RELEVANT 1638412
ACTION SNIPPET 1200 1015 SEEN_PREVIOUSLY 1121204
ACTION SNIPPET 1200 1015 SNIPPET_NOT_RELEVANT 214911
ACTION SNIPPET 1200 1015 SEEN_PREVIOUSLY 1005917
ACTION SNIPPET 1200 1015 SEEN_PREVIOUSLY 1005479
ACTION SNIPPET 1200 1015 SNIPPET_NOT_RELEVANT 241308
ACTION SNIPPET 1200 1015 SNIPPET_NOT_RELEVANT 777058
ACTION SNIPPET 1200 1015 SNIPPET_NOT_RELEVANT 1267822
ACTION SNIPPET 1200 1015 SNIPPET_NOT_RELEVANT 1711900
ACTION SNIPPET 1200 1015 SEEN_PREVIOUSLY 1100378
ACTION SNIPPET 1200 1015 SNIPPET_NOT_RELEVANT 789093
ACTION SNIPPET 1200 1015 SNIPPET_NOT_RELEVANT 1545622
ACTION SNIPPET 1200 1015 SNIPPET_NOT_RELEVANT 1045855
ACTION SNIPPET 1200 1015 SNIPPET_NOT_RELEVANT 242225
ACTION SNIPPET 1200 1015 SNIPPET_NOT_RELEVANT 1375872
ACTION SNIPPET 1200 1015 SNIPPET_NOT_RELEVANT 1209809
ACTION SNIPPET 1200 1015 SEEN_PREVIOUSLY 35680
ACTION SNIPPET 1200 1015 SNIPPET_NOT_RELEVANT 426003
ACTION SNIPPET 1200 1015 SNIPPET_NOT_RELEVANT 1578106
ACTION SNIPPET 1200 1015 SNIPPET_NOT_RELEVANT 1533150
ACTION SNIPPET 1200 1015 SNIPPET_NOT_RELEVANT 1544056
ACTION SNIPPET 1200 1015 SNIPPET_NOT_RELEVANT 1402027
ACTION SNIPPET 1200 1015 SNIPPET_NOT_RELEVANT 1508481
ACTION SNIPPET 1200 1015 SNIPPET_NOT_RELEVANT 767842
ACTION SNIPPET 1200 1015 SNIPPET_NOT_RELEVANT 391873
ACTION SNIPPET 1200 1015 SNIPPET_NOT_RELEVANT 391874
ACTION SNIPPET 1200 1015 SNIPPET_NOT_RELEVANT 931193
ACTION SNIPPET 1200 1015 SNIPPET_NOT_RELEVANT 73888
ACTION SNIPPET 1200 1015 SNIPPET_NOT_RELEVANT 1849022
ACTION SNIPPET 1200 1015 SNIPPET_NOT_RELEVANT 723837
ACTION SNIPPET 1200 1015 SNIPPET_NOT_RELEVANT 469192
ACTION SNIPPET 1200 1015 SNIPPET_NOT_RELEVANT 159239
ACTION SNIPPET 1200 1015 SNIPPET_NOT_RELEVANT 788424
ACTION SNIPPET 1200 1015 SNIPPET_NOT_RELEVANT 1809442
ACTION SNIPPET 1200 1015 SNIPPET_NOT_RELEVANT 1210771
ACTION SNIPPET 1200 1015 SNIPPET_NOT_RELEVANT 739789
ACTION SNIPPET 1200 1015 SNIPPET_NOT_RELEVANT 1577356
ACTION SNIPPET 1200 1015 SNIPPET_NOT_RELEVANT 733076
ACTION SNIPPET 1200 1015 SNIPPET_NOT_RELEVANT 992910
ACTION SNIPPET 1200 1015 SNIPPET_NOT_RELEVANT 659821
ACTION SNIPPET 1200 1015 SNIPPET_NOT_RELEVANT 1082965
ACTION SNIPPET 1200 1015 SNIPPET_NOT_RELEVANT 715233
ACTION SNIPPET 1200 1015 SNIPPET_NOT_RELEVANT 886885
ACTION SNIPPET 1200 1015 SNIPPET_NOT_RELEVANT 1680133
ACTION SNIPPET 1200 1015 SNIPPET_NOT_RELEVANT 1701744
ACTION SNIPPET 1200 1015 SNIPPET_NOT_RELEVANT 433965
ACTION SNIPPET 1200 1015 SNIPPET_NOT_RELEVANT 1021202
ACTION SNIPPET 1200 1015 SEEN_PREVIOUSLY 1095445
ACTION SNIPPET 1200 1015 SNIPPET_NOT_RELEVANT 1689454
ACTION SNIPPET 1200 1015 SNIPPET_NOT_RELEVANT 497908
INFO SERP_END_REACHED 
ACTION QUERY 1200 1025 mercy killing name
ACTION SERP 1200 1030 EXAMINE_SERP
ACTION SNIPPET 1200 1030 SEEN_PREVIOUSLY 157557
ACTION SNIPPET 1200 1030 SNIPPET_NOT_RELEVANT 789093
ACTION SNIPPET 1200 1030 SNIPPET_NOT_RELEVANT 473943
ACTION SNIPPET 1200 1030 SEEN_PREVIOUSLY 116927
ACTION SNIPPET 1200 1030 SNIPPET_NOT_RELEVANT 431779
ACTION SNIPPET 1200 1030 SNIPPET_NOT_RELEVANT 188508
ACTION SNIPPET 1200 1030 SEEN_PREVIOUSLY 1121204
ACTION SNIPPET 1200 1030 SNIPPET_NOT_RELEVANT 117169
ACTION SNIPPET 1200 1030 SEEN_PREVIOUSLY 1005479
ACTION SNIPPET 1200 1030 SNIPPET_NOT_RELEVANT 713365
ACTION SNIPPET 1200 1030 SNIPPET_NOT_RELEVANT 615784
ACTION SNIPPET 1200 1030 SNIPPET_NOT_RELEVANT 1289200
ACTION SNIPPET 1200 1030 SEEN_PREVIOUSLY 35680
ACTION SNIPPET 1200 1030 SNIPPET_NOT_RELEVANT 676213
ACTION SNIPPET 1200 1030 SNIPPET_NOT_RELEVANT 391874
ACTION SNIPPET 1200 1030 SNIPPET_NOT_RELEVANT 391873
ACTION SNIPPET 1200 1030 SNIPPET_NOT_RELEVANT 723837
ACTION SNIPPET 1200 1030 SEEN_PREVIOUSLY 435343
ACTION SNIPPET 1200 1030 SNIPPET_NOT_RELEVANT 1210771
ACTION SNIPPET 1200 1030 SNIPPET_NOT_RELEVANT 73745
ACTION SNIPPET 1200 1030 SNIPPET_NOT_RELEVANT 372535
ACTION SNIPPET 1200 1030 SEEN_PREVIOUSLY 115272
ACTION SNIPPET 1200 1030 SNIPPET_NOT_RELEVANT 1570364
ACTION SNIPPET 1200 1030 SNIPPET_NOT_RELEVANT 1044658
ACTION SNIPPET 1200 1030 SEEN_PREVIOUSLY 1095445
ACTION SNIPPET 1200 1030 SNIPPET_NOT_RELEVANT 1689454
ACTION SNIPPET 1200 1030 SEEN_PREVIOUSLY 373185
ACTION SNIPPET 1200 1030 SEEN_PREVIOUSLY 121481
ACTION SNIPPET 1200 1030 SNIPPET_NOT_RELEVANT 606698
ACTION SNIPPET 1200 1030 SNIPPET_NOT_RELEVANT 606616
ACTION SNIPPET 1200 1030 SNIPPET_NOT_RELEVANT 1177823
ACTION SNIPPET 1200 1030 SNIPPET_NOT_RELEVANT 1633140
ACTION SNIPPET 1200 1030 SNIPPET_NOT_RELEVANT 1045344
ACTION SNIPPET 1200 1030 SNIPPET_NOT_RELEVANT 1722895
ACTION SNIPPET 1200 1030 SEEN_PREVIOUSLY 2447
ACTION SNIPPET 1200 1030 SEEN_PREVIOUSLY 2447
ACTION SNIPPET 1200 1030 SNIPPET_NOT_RELEVANT 1532711
ACTION SNIPPET 1200 1030 SNIPPET_NOT_RELEVANT 618917
ACTION SNIPPET 1200 1030 SNIPPET_NOT_RELEVANT 1822541
ACTION SNIPPET 1200 1030 SNIPPET_NOT_RELEVANT 851315
ACTION SNIPPET 1200 1030 SNIPPET_NOT_RELEVANT 1030217
ACTION SNIPPET 1200 1030 SNIPPET_NOT_RELEVANT 1532519
ACTION SNIPPET 1200 1030 SEEN_PREVIOUSLY 1064676
ACTION SNIPPET 1200 1030 SNIPPET_NOT_RELEVANT 144396
ACTION SNIPPET 1200 1030 SNIPPET_NOT_RELEVANT 1689450
ACTION SNIPPET 1200 1030 SEEN_PREVIOUSLY 1426355
ACTION SNIPPET 1200 1030 SNIPPET_NOT_RELEVANT 374495
ACTION SNIPPET 1200 1030 SNIPPET_NOT_RELEVANT 393979
ACTION SNIPPET 1200 1030 SNIPPET_NOT_RELEVANT 260023
ACTION SNIPPET 1200 1030 SNIPPET_NOT_RELEVANT 1601594
ACTION SNIPPET 1200 1030 SNIPPET_NOT_RELEVANT 1648877
ACTION SNIPPET 1200 1030 SNIPPET_NOT_RELEVANT 15687
ACTION SNIPPET 1200 1030 SNIPPET_NOT_RELEVANT 1633442
ACTION SNIPPET 1200 1030 SNIPPET_NOT_RELEVANT 125595
ACTION SNIPPET 1200 1030 SNIPPET_NOT_RELEVANT 1546637
ACTION SNIPPET 1200 1030 SNIPPET_NOT_RELEVANT 89119
ACTION SNIPPET 1200 1030 SNIPPET_NOT_RELEVANT 1314605
ACTION SNIPPET 1200 1030 SNIPPET_NOT_RELEVANT 202512
ACTION SNIPPET 1200 1030 SNIPPET_NOT_RELEVANT 1407631
ACTION SNIPPET 1200 1030 SNIPPET_NOT_RELEVANT 144854
ACTION SNIPPET 1200 1030 SNIPPET_NOT_RELEVANT 307171
ACTION SNIPPET 1200 1030 SNIPPET_NOT_RELEVANT 757597
ACTION SNIPPET 1200 1030 SNIPPET_NOT_RELEVANT 1044723
ACTION SNIPPET 1200 1030 SNIPPET_NOT_RELEVANT 1816598
ACTION SNIPPET 1200 1030 SEEN_PREVIOUSLY 592995
ACTION SNIPPET 1200 1030 SNIPPET_NOT_RELEVANT 1399268
ACTION SNIPPET 1200 1030 SNIPPET_NOT_RELEVANT 1849022
ACTION SNIPPET 1200 1030 SNIPPET_NOT_RELEVANT 785900
ACTION SNIPPET 1200 1030 SNIPPET_NOT_RELEVANT 242225
ACTION SNIPPET 1200 1030 SNIPPET_RELEVANT 1543675
ACTION DOC 1200 1050 EXAMINING_DOCUMENT 1543675
ACTION MARK 1200 1053 CONSIDERED_RELEVANT 1543675
ACTION SNIPPET 1200 1053 SNIPPET_RELEVANT 1543763
ACTION DOC 1200 1073 EXAMINING_DOCUMENT 1543763
ACTION MARK 1200 1076 CONSIDERED_RELEVANT 1543763
ACTION SNIPPET 1200 1076 SNIPPET_NOT_RELEVANT 845120
ACTION SNIPPET 1200 1076 SNIPPET_NOT_RELEVANT 91491
ACTION SNIPPET 1200 1076 SNIPPET_NOT_RELEVANT 1570155
ACTION SNIPPET 1200 1076 SNIPPET_NOT_RELEVANT 1091079
ACTION SNIPPET 1200 1076 SNIPPET_NOT_RELEVANT 582628
ACTION SNIPPET 1200 1076 SNIPPET_NOT_RELEVANT 1393670
ACTION SNIPPET 1200 1076 SEEN_PREVIOUSLY 977063
ACTION SNIPPET 1200 1076 SNIPPET_NOT_RELEVANT 998872
ACTION SNIPPET 1200 1076 SNIPPET_NOT_RELEVANT 137906
ACTION SNIPPET 1200 1076 SNIPPET_NOT_RELEVANT 1399893
ACTION SNIPPET 1200 1076 SNIPPET_NOT_RELEVANT 1581586
ACTION SNIPPET 1200 1076 SNIPPET_NOT_RELEVANT 1135462
ACTION SNIPPET 1200 1076 SNIPPET_NOT_RELEVANT 99157
ACTION SNIPPET 1200 1076 SNIPPET_NOT_RELEVANT 1555061
ACTION SNIPPET 1200 1076 SNIPPET_NOT_RELEVANT 1207761
ACTION SNIPPET 1200 1076 SNIPPET_NOT_RELEVANT 1375481
ACTION SNIPPET 1200 1076 SNIPPET_NOT_RELEVANT 1240774
ACTION SNIPPET 1200 1076 SNIPPET_NOT_RELEVANT 1640983
ACTION SNIPPET 1200 1076 SNIPPET_NOT_RELEVANT 1550712
ACTION SNIPPET 1200 1076 SNIPPET_NOT_RELEVANT 1681870
ACTION SNIPPET 1200 1076 SNIPPET_NOT_RELEVANT 1079922
ACTION SNIPPET 1200 1076 SEEN_PREVIOUSLY 128790
ACTION SNIPPET 1200 1076 SNIPPET_NOT_RELEVANT 695579
ACTION SNIPPET 1200 1076 SNIPPET_NOT_RELEVANT 53116
ACTION SNIPPET 1200 1076 SNIPPET_NOT_RELEVANT 128834
ACTION SNIPPET 1200 1076 SNIPPET_NOT_RELEVANT 612739
ACTION SNIPPET 1200 1076 SNIPPET_NOT_RELEVANT 1491865
ACTION SNIPPET 1200 1076 SNIPPET_NOT_RELEVANT 1733677
ACTION SNIPPET 1200 1076 SNIPPET_NOT_RELEVANT 1095072
INFO SERP_END_REACHED 
ACTION QUERY 1200 1086 mercy killing determined
ACTION SERP 1200 1091 EXAMINE_SERP
ACTION SNIPPET 1200 1091 SEEN_PREVIOUSLY 1095445
ACTION SNIPPET 1200 1091 SNIPPET_NOT_RELEVANT 618917
ACTION SNIPPET 1200 1091 SNIPPET_NOT_RELEVANT 606616
ACTION SNIPPET 1200 1091 SNIPPET_NOT_RELEVANT 1822541
ACTION SNIPPET 1200 1091 SNIPPET_NOT_RELEVANT 1405959
ACTION SNIPPET 1200 1091 SEEN_PREVIOUSLY 157557
ACTION SNIPPET 1200 1091 SEEN_PREVIOUSLY 2447
ACTION SNIPPET 1200 1091 SEEN_PREVIOUSLY 2447
ACTION SNIPPET 1200 1091 SNIPPET_NOT_RELEVANT 91491
ACTION SNIPPET 1200 1091 SNIPPET_NOT_RELEVANT 612739
ACTION SNIPPET 1200 1091 SNIPPET_NOT_RELEVANT 637959
ACTION SNIPPET 1200 1091 SNIPPET_NOT_RELEVANT 1095072
ACTION SNIPPET 1200 1091 SNIPPET_NOT_RELEVANT 1044658
ACTION SNIPPET 1200 1091 SNIPPET_NOT_RELEVANT 94567
ACTION SNIPPET 1200 1091 SNIPPET_NOT_RELEVANT 372535
ACTION SNIPPET 1200 1091 SEEN_PREVIOUSLY 1121204
ACTION SNIPPET 1200 1091 SEEN_PREVIOUSLY 1005479
ACTION SNIPPET 1200 1091 SNIPPET_NOT_RELEVANT 1601594
ACTION SNIPPET 1200 1091 SNIPPET_NOT_RELEVANT 1640983
ACTION SNIPPET 1200 1091 SNIPPET_NOT_RELEVANT 789093
ACTION SNIPPET 1200 1091 SNIPPET_NOT_RELEVANT 1787438
ACTION SNIPPET 1200 1091 SEEN_PREVIOUSLY 35680
ACTION SNIPPET 1200 1091 SNIPPET_NOT_RELEVANT 473943
ACTION SNIPPET 1200 1091 SNIPPET_NOT_RELEVANT 391873
ACTION SNIPPET 1200 1091 SNIPPET_NOT_RELEVANT 391874
ACTION SNIPPET 1200 1091 SNIPPET_NOT_RELEVANT 723837
ACTION SNIPPET 1200 1091 SNIPPET_NOT_RELEVANT 692383
ACTION SNIPPET 1200 1091 SEEN_PREVIOUSLY 435343
ACTION SNIPPET 1200 1091 SNIPPET_NOT_RELEVANT 44034
ACTION SNIPPET 1200 1091 SNIPPET_NOT_RELEVANT 1210771
ACTION SNIPPET 1200 1091 SEEN_PREVIOUSLY 115272
ACTION SNIPPET 1200 1091 SNIPPET_NOT_RELEVANT 262090
ACTION SNIPPET 1200 1091 SNIPPET_NOT_RELEVANT 1689454
ACTION SNIPPET 1200 1091 SEEN_PREVIOUSLY 373185
ACTION SNIPPET 1200 1091 SNIPPET_NOT_RELEVANT 276981
ACTION SNIPPET 1200 1091 SNIPPET_NOT_RELEVANT 1202767
ACTION SNIPPET 1200 1091 SNIPPET_NOT_RELEVANT 1442519
ACTION SNIPPET 1200 1091 SNIPPET_NOT_RELEVANT 137906
ACTION SNIPPET 1200 1091 SNIPPET_NOT_RELEVANT 1722895
ACTION SNIPPET 1200 1091 SNIPPET_NOT_RELEVANT 188508
ACTION SNIPPET 1200 1091 SNIPPET_NOT_RELEVANT 182693
ACTION SNIPPET 1200 1091 SNIPPET_NOT_RELEVANT 742543
ACTION SNIPPET 1200 1091 SNIPPET_NOT_RELEVANT 1721729
ACTION SNIPPET 1200 1091 SNIPPET_NOT_RELEVANT 851315
ACTION SNIPPET 1200 1091 SEEN_PREVIOUSLY 1064676
ACTION SNIPPET 1200 1091 SNIPPET_NOT_RELEVANT 431779
ACTION SNIPPET 1200 1091 SNIPPET_NOT_RELEVANT 144396
ACTION SNIPPET 1200 1091 SNIPPET_NOT_RELEVANT 1689450
ACTION SNIPPET 1200 1091 SEEN_PREVIOUSLY 1426355
ACTION SNIPPET 1200 1091 SNIPPET_NOT_RELEVANT 374495
ACTION SNIPPET 1200 1091 SNIPPET_NOT_RELEVANT 110617
ACTION SNIPPET 1200 1091 SNIPPET_NOT_RELEVANT 260023
ACTION SNIPPET 1200 1091 SNIPPET_NOT_RELEVANT 15687
ACTION SNIPPET 1200 1091 SNIPPET_NOT_RELEVANT 1633442
ACTION SNIPPET 1200 1091 SNIPPET_NOT_RELEVANT 1546637
ACTION SNIPPET 1200 1091 SNIPPET_NOT_RELEVANT 1407631
ACTION SNIPPET 1200 1091 SNIPPET_NOT_RELEVANT 144854
ACTION SNIPPET 1200 1091 SEEN_PREVIOUSLY 116927
ACTION SNIPPET 1200 1091 SNIPPET_NOT_RELEVANT 307171
ACTION SNIPPET 1200 1091 SNIPPET_NOT_RELEVANT 1082555
ACTION SNIPPET 1200 1091 SNIPPET_NOT_RELEVANT 713365
ACTION SNIPPET 1200 1091 SNIPPET_NOT_RELEVANT 914408
ACTION SNIPPET 1200 1091 SNIPPET_NOT_RELEVANT 1816598
ACTION SNIPPET 1200 1091 SNIPPET_NOT_RELEVANT 147441
ACTION SNIPPET 1200 1091 SNIPPET_NOT_RELEVANT 1457914
ACTION SNIPPET 1200 1091 SEEN_PREVIOUSLY 592995
ACTION SNIPPET 1200 1091 SNIPPET_NOT_RELEVANT 1399268
ACTION SNIPPET 1200 1091 SNIPPET_NOT_RELEVANT 615784
ACTION SNIPPET 1200 1091 SNIPPET_NOT_RELEVANT 845120
ACTION SNIPPET 1200 1091 SNIPPET_NOT_RELEVANT 911553
ACTION SNIPPET 1200 1091 SNIPPET_NOT_RELEVANT 1091079
ACTION SNIPPET 1200 1091 SEEN_PREVIOUSLY 114968
ACTION SNIPPET 1200 1091 SNIPPET_NOT_RELEVANT 582628
ACTION SNIPPET 1200 1091 SNIPPET_NOT_RELEVANT 596673
ACTION SNIPPET 1200 1091 SNIPPET_NOT_RELEVANT 1393670
ACTION SNIPPET 1200 1091 SEEN_PREVIOUSLY 977063
ACTION SNIPPET 1200 1091 SNIPPET_NOT_RELEVANT 821445
ACTION SNIPPET 1200 1091 SNIPPET_NOT_RELEVANT 821581
ACTION SNIPPET 1200 1091 SNIPPET_NOT_RELEVANT 998872
ACTION SNIPPET 1200 1091 SNIPPET_NOT_RELEVANT 1774323
ACTION SNIPPET 1200 1091 SNIPPET_NOT_RELEVANT 1581586
ACTION SNIPPET 1200 1091 SNIPPET_NOT_RELEVANT 99157
ACTION SNIPPET 1200 1091 SNIPPET_NOT_RELEVANT 1555061
ACTION SNIPPET 1200 1091 SNIPPET_NOT_RELEVANT 1375481
ACTION SNIPPET 1200 1091 SNIPPET_NOT_RELEVANT 1240774
ACTION SNIPPET 1200 1091 SNIPPET_NOT_RELEVANT 1192094
ACTION SNIPPET 1200 1091 SNIPPET_NOT_RELEVANT 1550712
ACTION SNIPPET 1200 1091 SNIPPET_NOT_RELEVANT 1681870
ACTION SNIPPET 1200 1091 SNIPPET_NOT_RELEVANT 1289200
ACTION SNIPPET 1200 1091 SNIPPET_NOT_RELEVANT 984772
ACTION SNIPPET 1200 1091 SNIPPET_NOT_RELEVANT 695579
ACTION SNIPPET 1200 1091 SNIPPET_NOT_RELEVANT 53116
ACTION SNIPPET 1200 1091 SNIPPET_NOT_RELEVANT 128834
ACTION SNIPPET 1200 1091 SNIPPET_NOT_RELEVANT 1491865
ACTION SNIPPET 1200 1091 SNIPPET_NOT_RELEVANT 1733677
ACTION SNIPPET 1200 1091 SNIPPET_NOT_RELEVANT 1324112
ACTION SNIPPET 1200 1091 SNIPPET_NOT_RELEVANT 1058720
ACTION SNIPPET 1200 1091 SNIPPET_NOT_RELEVANT 1780753
ACTION SNIPPET 1200 1091 SNIPPET_NOT_RELEVANT 939030
ACTION SNIPPET 1200 1091 SNIPPET_NOT_RELEVANT 1129869
INFO SERP_END_REACHED 
ACTION QUERY 1200 1101 mercy killing murder
ACTION SERP 1200 1106 EXAMINE_SERP
ACTION SNIPPET 1200 1106 SEEN_PREVIOUSLY 1095445
ACTION SNIPPET 1200 1106 SNIPPET_NOT_RELEVANT 1722895
ACTION SNIPPET 1200 1106 SEEN_PREVIOUSLY 2447
ACTION SNIPPET 1200 1106 SEEN_PREVIOUSLY 2447
ACTION SNIPPET 1200 1106 SNIPPET_NOT_RELEVANT 144854
ACTION SNIPPET 1200 1106 SNIPPET_NOT_RELEVANT 1091079
ACTION SNIPPET 1200 1106 SNIPPET_NOT_RELEVANT 1633442
ACTION SNIPPET 1200 1106 SNIPPET_NOT_RELEVANT 1816598
ACTION SNIPPET 1200 1106 SNIPPET_NOT_RELEVANT 789093
ACTION SNIPPET 1200 1106 SEEN_PREVIOUSLY 977063
ACTION SNIPPET 1200 1106 SNIPPET_NOT_RELEVANT 1375481
ACTION SNIPPET 1200 1106 SEEN_PREVIOUSLY 435343
ACTION SNIPPET 1200 1106 SNIPPET_NOT_RELEVANT 144396
ACTION SNIPPET 1200 1106 SNIPPET_NOT_RELEVANT 845120
ACTION SNIPPET 1200 1106 SNIPPET_NOT_RELEVANT 1289200
ACTION SNIPPET 1200 1106 SNIPPET_NOT_RELEVANT 606616
ACTION SNIPPET 1200 1106 SEEN_PREVIOUSLY 115272
ACTION SNIPPET 1200 1106 SNIPPET_NOT_RELEVANT 300177
ACTION SNIPPET 1200 1106 SEEN_PREVIOUSLY 726977
ACTION SNIPPET 1200 1106 SNIPPET_NOT_RELEVANT 301840
ACTION SNIPPET 1200 1106 SNIPPET_NOT_RELEVANT 94567
ACTION SNIPPET 1200 1106 SNIPPET_NOT_RELEVANT 1033784
ACTION SNIPPET 1200 1106 SNIPPET_NOT_RELEVANT 1399268
ACTION SNIPPET 1200 1106 SNIPPET_NOT_RELEVANT 265843
ACTION SNIPPET 1200 1106 SEEN_PREVIOUSLY 245126
ACTION SNIPPET 1200 1106 SNIPPET_NOT_RELEVANT 606698
ACTION SNIPPET 1200 1106 SNIPPET_NOT_RELEVANT 307171
ACTION SNIPPET 1200 1106 SEEN_PREVIOUSLY 1064676
ACTION SNIPPET 1200 1106 SEEN_PREVIOUSLY 373185
ACTION SNIPPET 1200 1106 SNIPPET_NOT_RELEVANT 276981
ACTION SNIPPET 1200 1106 SNIPPET_NOT_RELEVANT 1405959
ACTION SNIPPET 1200 1106 SNIPPET_NOT_RELEVANT 188508
ACTION SNIPPET 1200 1106 SEEN_PREVIOUSLY 1095035
ACTION SNIPPET 1200 1106 SNIPPET_NOT_RELEVANT 125595
ACTION SNIPPET 1200 1106 SNIPPET_NOT_RELEVANT 1293001
ACTION SNIPPET 1200 1106 SEEN_PREVIOUSLY 203216
ACTION SNIPPET 1200 1106 SNIPPET_NOT_RELEVANT 1020546
ACTION SNIPPET 1200 1106 SNIPPET_NOT_RELEVANT 466914
ACTION SNIPPET 1200 1106 SNIPPET_NOT_RELEVANT 1816286
ACTION SNIPPET 1200 1106 SNIPPET_RELEVANT 1094822
ACTION DOC 1200 1126 EXAMINING_DOCUMENT 1094822
ACTION MARK 1200 1129 CONSIDERED_RELEVANT 1094822
ACTION SNIPPET 1200 1129 SNIPPET_NOT_RELEVANT 1445626
ACTION SNIPPET 1200 1129 SNIPPET_NOT_RELEVANT 1513937
ACTION SNIPPET 1200 1129 SEEN_PREVIOUSLY 977264
ACTION SNIPPET 1200 1129 SNIPPET_NOT_RELEVANT 689643
ACTION SNIPPET 1200 1129 SNIPPET_NOT_RELEVANT 1275388
ACTION SNIPPET 1200 1129 SNIPPET_NOT_RELEVANT 435707
ACTION SNIPPET 1200 1129 SNIPPET_NOT_RELEVANT 733076
ACTION SNIPPET 1200 1129 SNIPPET_NOT_RELEVANT 73152
ACTION SNIPPET 1200 1129 SNIPPET_NOT_RELEVANT 260023
ACTION SNIPPET 1200 1129 SNIPPET_NOT_RELEVANT 618917
ACTION SNIPPET 1200 1129 SNIPPET_NOT_RELEVANT 715233
ACTION SNIPPET 1200 1129 SNIPPET_NOT_RELEVANT 1570364
ACTION SNIPPET 1200 1129 SNIPPET_NOT_RELEVANT 912625
ACTION SNIPPET 1200 1129 SEEN_PREVIOUSLY 195642
ACTION SNIPPET 1200 1129 SNIPPET_NOT_RELEVANT 637960
ACTION SNIPPET 1200 1129 SEEN_PREVIOUSLY 1543675
ACTION SNIPPET 1200 1129 SEEN_PREVIOUSLY 1543763
ACTION SNIPPET 1200 1129 SNIPPET_NOT_RELEVANT 1122179
ACTION SNIPPET 1200 1129 SNIPPET_NOT_RELEVANT 1032864
ACTION SNIPPET 1200 1129 SNIPPET_NOT_RELEVANT 298920
ACTION SNIPPET 1200 1129 SNIPPET_NOT_RELEVANT 262090
ACTION SNIPPET 1200 1129 SNIPPET_NOT_RELEVANT 73888
ACTION SNIPPET 1200 1129 SNIPPET_NOT_RELEVANT 788424
ACTION SNIPPET 1200 1129 SNIPPET_NOT_RELEVANT 473943
ACTION SNIPPET 1200 1129 SNIPPET_NOT_RELEVANT 89119
ACTION SNIPPET 1200 1129 SNIPPET_NOT_RELEVANT 433965
ACTION SNIPPET 1200 1129 SNIPPET_NOT_RELEVANT 1577356
ACTION SNIPPET 1200 1129 SNIPPET_NOT_RELEVANT 214911
ACTION SNIPPET 1200 1129 SNIPPET_NOT_RELEVANT 1091298
ACTION SNIPPET 1200 1129 SNIPPET_NOT_RELEVANT 103271
ACTION SNIPPET 1200 1129 SNIPPET_NOT_RELEVANT 67284
ACTION SNIPPET 1200 1129 SEEN_PREVIOUSLY 373981
ACTION SNIPPET 1200 1129 SNIPPET_NOT_RELEVANT 826961
ACTION SNIPPET 1200 1129 SEEN_PREVIOUSLY 1100378
ACTION SNIPPET 1200 1129 SNIPPET_NOT_RELEVANT 227357
ACTION SNIPPET 1200 1129 SNIPPET_NOT_RELEVANT 44034
ACTION SNIPPET 1200 1129 SNIPPET_NOT_RELEVANT 1537062
ACTION SNIPPET 1200 1129 SNIPPET_NOT_RELEVANT 1821040
ACTION SNIPPET 1200 1129 SNIPPET_NOT_RELEVANT 982795
ACTION SNIPPET 1200 1129 SNIPPET_RELEVANT 1121200
ACTION DOC 1200 1149 EXAMINING_DOCUMENT 1121200
ACTION MARK 1200 1152 CONSIDERED_RELEVANT 1121200
ACTION SNIPPET 1200 1152 SNIPPET_NOT_RELEVANT 81314
ACTION SNIPPET 1200 1152 SNIPPET_NOT_RELEVANT 938321
ACTION SNIPPET 1200 1152 SEEN_PREVIOUSLY 157557
ACTION SNIPPET 1200 1152 SNIPPET_NOT_RELEVANT 193190
ACTION SNIPPET 1200 1152 SNIPPET_NOT_RELEVANT 1721729
ACTION SNIPPET 1200 1152 SNIPPET_NOT_RELEVANT 837934
ACTION SNIPPET 1200 1152 SNIPPET_NOT_RELEVANT 1733677
ACTION SNIPPET 1200 1152 SNIPPET_NOT_RELEVANT 1311805
ACTION SNIPPET 1200 1152 SNIPPET_NOT_RELEVANT 1787096
ACTION SNIPPET 1200 1152 SNIPPET_NOT_RELEVANT 1082555
ACTION SNIPPET 1200 1152 SNIPPET_NOT_RELEVANT 471390
ACTION SNIPPET 1200 1152 SNIPPET_NOT_RELEVANT 1761072
ACTION SNIPPET 1200 1152 SNIPPET_NOT_RELEVANT 1633140
ACTION SNIPPET 1200 1152 SNIPPET_NOT_RELEVANT 1650354
ACTION SNIPPET 1200 1152 SNIPPET_NOT_RELEVANT 599518
ACTION SNIPPET 1200 1152 SNIPPET_NOT_RELEVANT 1445394
ACTION SNIPPET 1200 1152 SNIPPET_NOT_RELEVANT 340401
ACTION SNIPPET 1200 1152 SNIPPET_NOT_RELEVANT 1022043
ACTION SNIPPET 1200 1152 SNIPPET_NOT_RELEVANT 1299876
ACTION SNIPPET 1200 1152 SNIPPET_NOT_RELEVANT 1787438
INFO SERP_END_REACHED 
ACTION QUERY 1200 1162 mercy killing suicide
ACTION SERP 1200 1167 EXAMINE_SERP
ACTION SNIPPET 1200 1167 SEEN_PREVIOUSLY 1095445
ACTION SNIPPET 1200 1167 SNIPPET_NOT_RELEVANT 1210771
ACTION SNIPPET 1200 1167 SNIPPET_NOT_RELEVANT 15687
ACTION SNIPPET 1200 1167 SNIPPET_NOT_RELEVANT 695579
ACTION SNIPPET 1200 1167 SNIPPET_NOT_RELEVANT 789093
ACTION SNIPPET 1200 1167 SEEN_PREVIOUSLY 472960
ACTION SNIPPET 1200 1167 SNIPPET_NOT_RELEVANT 1060085
ACTION SNIPPET 1200 1167 SEEN_PREVIOUSLY 195642
ACTION SNIPPET 1200 1167 SNIPPET_NOT_RELEVANT 844588
ACTION SNIPPET 1200 1167 SEEN_PREVIOUSLY 1095035
ACTION SNIPPET 1200 1167 SNIPPET_NOT_RELEVANT 693314
ACTION SNIPPET 1200 1167 SNIPPET_NOT_RELEVANT 1402027
ACTION SNIPPET 1200 1167 SEEN_PREVIOUSLY 1100378
ACTION SNIPPET 1200 1167 SNIPPET_RELEVANT 430718
ACTION DOC 1200 1187 EXAMINING_DOCUMENT 430718
ACTION MARK 1200 1190 CONSIDERED_RELEVANT 430718
ACTION SNIPPET 1200 1190 SNIPPET_RELEVANT 788041
ACTION DOC 1200 1210 EXAMINING_DOCUMENT 788041
INFO SUMMARY 
INFO TOTAL_QUERIES_ISSUED 18
INFO TOTAL_SNIPPETS_EXAMINED 1497
INFO TOTAL_DOCUMENTS_EXAMINED 41
INFO TOTAL_DOCUMENTS_MARKED_RELEVANT 41
INFO TOTAL_ATTRACTIVE_SERP_IMPRESSIONS 18
INFO TOTAL_UNATTRACTIVE_SERP_IMPRESSIONS 0
INFO TOTAL_TREC_RELEVANT_DOCS 41
INFO TOTAL_UNIQ_TREC_RELEVANT_DOCS 41
INFO PRECISION_TREC_RELEVANT_DOCS 1.0
