ACTION START 1200 0 START
ACTION QUERY 1200 10 radio waves brain cancer
ACTION SERP 1200 15 EXAMINE_SERP
ACTION SNIPPET 1200 15 SNIPPET_RELEVANT 587372
ACTION DOC 1200 35 EXAMINING_DOCUMENT 587372
ACTION MARK 1200 38 CONSIDERED_RELEVANT 587372
ACTION SNIPPET 1200 38 SNIPPET_RELEVANT 1219794
ACTION DOC 1200 58 EXAMINING_DOCUMENT 1219794
ACTION MARK 1200 61 CONSIDERED_RELEVANT 1219794
ACTION SNIPPET 1200 61 SNIPPET_RELEVANT 587719
ACTION DOC 1200 81 EXAMINING_DOCUMENT 587719
ACTION SNIPPET 1200 81 SNIPPET_RELEVANT 1217960
ACTION DOC 1200 101 EXAMINING_DOCUMENT 1217960
ACTION SNIPPET 1200 101 SNIPPET_RELEVANT 1148284
ACTION DOC 1200 121 EXAMINING_DOCUMENT 1148284
ACTION MARK 1200 124 CONSIDERED_RELEVANT 1148284
ACTION SNIPPET 1200 124 SNIPPET_RELEVANT 339712
ACTION DOC 1200 144 EXAMINING_DOCUMENT 339712
ACTION QUERY 1200 154 cell phone radiation health
ACTION SERP 1200 159 EXAMINE_SERP
ACTION SNIPPET 1200 159 SEEN_PREVIOUSLY 1217960
ACTION SNIPPET 1200 159 SNIPPET_RELEVANT 1256837
ACTION DOC 1200 179 EXAMINING_DOCUMENT 1256837
ACTION MARK 1200 182 CONSIDERED_RELEVANT 1256837
ACTION SNIPPET 1200 182 SNIPPET_RELEVANT 1216049
ACTION DOC 1200 202 EXAMINING_DOCUMENT 1216049
ACTION SNIPPET 1200 202 SNIPPET_RELEVANT 1174325
ACTION DOC 1200 222 EXAMINING_DOCUMENT 1174325
ACTION MARK 1200 225 CONSIDERED_RELEVANT 1174325
ACTION SNIPPET 1200 225 SEEN_PREVIOUSLY 587372
ACTION SNIPPET 1200 225 SNIPPET_RELEVANT 1225642
ACTION DOC 1200 245 EXAMINING_DOCUMENT 1225642
ACTION MARK 1200 248 CONSIDERED_RELEVANT 1225642
ACTION SNIPPET 1200 248 SNIPPET_RELEVANT 1270299
ACTION DOC 1200 268 EXAMINING_DOCUMENT 1270299
ACTION SNIPPET 1200 268 SEEN_PREVIOUSLY 1219794
ACTION SNIPPET 1200 268 SNIPPET_RELEVANT 1199000
ACTION DOC 1200 288 EXAMINING_DOCUMENT 1199000
ACTION MARK 1200 291 CONSIDERED_RELEVANT 1199000
ACTION QUERY 1200 301 Radio Waves Brain Cancer
ACTION SERP 1200 306 EXAMINE_SERP
ACTION SNIPPET 1200 306 SEEN_PREVIOUSLY 587372
ACTION SNIPPET 1200 306 SEEN_PREVIOUSLY 1219794
ACTION SNIPPET 1200 306 SEEN_PREVIOUSLY 587719
ACTION SNIPPET 1200 306 SEEN_PREVIOUSLY 1217960
ACTION SNIPPET 1200 306 SEEN_PREVIOUSLY 1148284
ACTION SNIPPET 1200 306 SEEN_PREVIOUSLY 339712
ACTION SNIPPET 1200 306 SNIPPET_RELEVANT 189790
ACTION DOC 1200 326 EXAMINING_DOCUMENT 189790
ACTION SNIPPET 1200 326 SNIPPET_RELEVANT 722019
ACTION DOC 1200 346 EXAMINING_DOCUMENT 722019
ACTION SNIPPET 1200 346 SNIPPET_RELEVANT 462247
ACTION DOC 1200 366 EXAMINING_DOCUMENT 462247
ACTION MARK 1200 369 CONSIDERED_RELEVANT 462247
ACTION SNIPPET 1200 369 SNIPPET_RELEVANT 399746
ACTION DOC 1200 389 EXAMINING_DOCUMENT 399746
ACTION SNIPPET 1200 389 SNIPPET_RELEVANT 1129593
ACTION DOC 1200 409 EXAMINING_DOCUMENT 1129593
ACTION SNIPPET 1200 409 SNIPPET_RELEVANT 1430688
ACTION DOC 1200 429 EXAMINING_DOCUMENT 1430688
ACTION QUERY 1200 439 Cell Phone Radiation Health Risks
ACTION SERP 1200 444 EXAMINE_SERP
ACTION SNIPPET 1200 444 SEEN_PREVIOUSLY 1217960
ACTION SNIPPET 1200 444 SEEN_PREVIOUSLY 1270299
ACTION SNIPPET 1200 444 SEEN_PREVIOUSLY 1216049
ACTION SNIPPET 1200 444 SEEN_PREVIOUSLY 587372
ACTION SNIPPET 1200 444 SEEN_PREVIOUSLY 1256837
ACTION SNIPPET 1200 444 SEEN_PREVIOUSLY 1199000
ACTION SNIPPET 1200 444 SEEN_PREVIOUSLY 1148284
ACTION SNIPPET 1200 444 SNIPPET_RELEVANT 1167188
ACTION DOC 1200 464 EXAMINING_DOCUMENT 1167188
ACTION SNIPPET 1200 464 SNIPPET_RELEVANT 586679
ACTION DOC 1200 484 EXAMINING_DOCUMENT 586679
ACTION MARK 1200 487 CONSIDERED_RELEVANT 586679
ACTION SNIPPET 1200 487 SEEN_PREVIOUSLY 1174325
ACTION SNIPPET 1200 487 SNIPPET_RELEVANT 1220097
ACTION DOC 1200 507 EXAMINING_DOCUMENT 1220097
ACTION SNIPPET 1200 507 SEEN_PREVIOUSLY 1225642
ACTION SNIPPET 1200 507 SNIPPET_RELEVANT 1172438
ACTION DOC 1200 527 EXAMINING_DOCUMENT 1172438
ACTION SNIPPET 1200 527 SNIPPET_RELEVANT 508758
ACTION DOC 1200 547 EXAMINING_DOCUMENT 508758
ACTION SNIPPET 1200 547 SEEN_PREVIOUSLY 1219794
ACTION SNIPPET 1200 547 SNIPPET_RELEVANT 1602500
ACTION DOC 1200 567 EXAMINING_DOCUMENT 1602500
ACTION MARK 1200 570 CONSIDERED_RELEVANT 1602500
ACTION QUERY 1200 580 mobile phone brain tumor
ACTION SERP 1200 585 EXAMINE_SERP
ACTION SNIPPET 1200 585 SNIPPET_RELEVANT 1146438
ACTION DOC 1200 605 EXAMINING_DOCUMENT 1146438
ACTION SNIPPET 1200 605 SEEN_PREVIOUSLY 1256837
ACTION SNIPPET 1200 605 SNIPPET_RELEVANT 1667759
ACTION DOC 1200 625 EXAMINING_DOCUMENT 1667759
ACTION MARK 1200 628 CONSIDERED_RELEVANT 1667759
ACTION SNIPPET 1200 628 SNIPPET_RELEVANT 1040542
ACTION DOC 1200 648 EXAMINING_DOCUMENT 1040542
ACTION MARK 1200 651 CONSIDERED_RELEVANT 1040542
ACTION SNIPPET 1200 651 SNIPPET_RELEVANT 1257780
ACTION DOC 1200 671 EXAMINING_DOCUMENT 1257780
ACTION MARK 1200 674 CONSIDERED_RELEVANT 1257780
ACTION SNIPPET 1200 674 SNIPPET_RELEVANT 1613083
ACTION DOC 1200 694 EXAMINING_DOCUMENT 1613083
ACTION MARK 1200 697 CONSIDERED_RELEVANT 1613083
ACTION SNIPPET 1200 697 SNIPPET_RELEVANT 1669617
ACTION DOC 1200 717 EXAMINING_DOCUMENT 1669617
ACTION MARK 1200 720 CONSIDERED_RELEVANT 1669617
ACTION QUERY 1200 730 cellphone radiation health risks
ACTION SERP 1200 735 EXAMINE_SERP
ACTION SNIPPET 1200 735 SNIPPET_RELEVANT 1367567
ACTION DOC 1200 755 EXAMINING_DOCUMENT 1367567
ACTION MARK 1200 758 CONSIDERED_RELEVANT 1367567
ACTION SNIPPET 1200 758 SEEN_PREVIOUSLY 1613083
ACTION SNIPPET 1200 758 SNIPPET_RELEVANT 1428096
ACTION DOC 1200 778 EXAMINING_DOCUMENT 1428096
ACTION SNIPPET 1200 778 SNIPPET_RELEVANT 1727368
ACTION DOC 1200 798 EXAMINING_DOCUMENT 1727368
ACTION SNIPPET 1200 798 SNIPPET_RELEVANT 1600348
ACTION DOC 1200 818 EXAMINING_DOCUMENT 1600348
ACTION SNIPPET 1200 818 SNIPPET_RELEVANT 1600347
ACTION DOC 1200 838 EXAMINING_DOCUMENT 1600347
ACTION SNIPPET 1200 838 SNIPPET_RELEVANT 1183154
ACTION DOC 1200 858 EXAMINING_DOCUMENT 1183154
ACTION QUERY 1200 868 Mobile Phone Brain Tumor
ACTION SERP 1200 873 EXAMINE_SERP
ACTION SNIPPET 1200 873 SEEN_PREVIOUSLY 1146438
ACTION SNIPPET 1200 873 SEEN_PREVIOUSLY 1256837
ACTION SNIPPET 1200 873 SEEN_PREVIOUSLY 1667759
ACTION SNIPPET 1200 873 SEEN_PREVIOUSLY 1040542
ACTION SNIPPET 1200 873 SEEN_PREVIOUSLY 1257780
ACTION SNIPPET 1200 873 SEEN_PREVIOUSLY 1613083
ACTION SNIPPET 1200 873 SEEN_PREVIOUSLY 1669617
ACTION SNIPPET 1200 873 SNIPPET_RELEVANT 1219791
ACTION DOC 1200 893 EXAMINING_DOCUMENT 1219791
ACTION MARK 1200 896 CONSIDERED_RELEVANT 1219791
ACTION SNIPPET 1200 896 SNIPPET_RELEVANT 1181595
ACTION DOC 1200 916 EXAMINING_DOCUMENT 1181595
ACTION SNIPPET 1200 916 SEEN_PREVIOUSLY 587372
ACTION SNIPPET 1200 916 SNIPPET_RELEVANT 842870
ACTION DOC 1200 936 EXAMINING_DOCUMENT 842870
ACTION MARK 1200 939 CONSIDERED_RELEVANT 842870
ACTION SNIPPET 1200 939 SNIPPET_RELEVANT 75080
ACTION DOC 1200 959 EXAMINING_DOCUMENT 75080
ACTION SNIPPET 1200 959 SNIPPET_RELEVANT 1532617
ACTION DOC 1200 979 EXAMINING_DOCUMENT 1532617
ACTION SNIPPET 1200 979 SEEN_PREVIOUSLY 1367567
ACTION SNIPPET 1200 979 SNIPPET_RELEVANT 812858
ACTION DOC 1200 999 EXAMINING_DOCUMENT 812858
ACTION QUERY 1200 1009 mobile phone health risks
ACTION SERP 1200 1014 EXAMINE_SERP
ACTION SNIPPET 1200 1014 SEEN_PREVIOUSLY 1217960
ACTION SNIPPET 1200 1014 SEEN_PREVIOUSLY 1216049
ACTION SNIPPET 1200 1014 SNIPPET_RELEVANT 393565
ACTION DOC 1200 1034 EXAMINING_DOCUMENT 393565
ACTION SNIPPET 1200 1034 SEEN_PREVIOUSLY 1148284
ACTION SNIPPET 1200 1034 SNIPPET_RELEVANT 1221301
ACTION DOC 1200 1054 EXAMINING_DOCUMENT 1221301
ACTION MARK 1200 1057 CONSIDERED_RELEVANT 1221301
ACTION SNIPPET 1200 1057 SEEN_PREVIOUSLY 1602500
ACTION SNIPPET 1200 1057 SNIPPET_RELEVANT 1830753
ACTION DOC 1200 1077 EXAMINING_DOCUMENT 1830753
ACTION SNIPPET 1200 1077 SNIPPET_RELEVANT 1283008
ACTION DOC 1200 1097 EXAMINING_DOCUMENT 1283008
ACTION SNIPPET 1200 1097 SNIPPET_RELEVANT 1458671
ACTION DOC 1200 1117 EXAMINING_DOCUMENT 1458671
ACTION SNIPPET 1200 1117 SNIPPET_RELEVANT 1377361
ACTION DOC 1200 1137 EXAMINING_DOCUMENT 1377361
ACTION QUERY 1200 1147 electromagnetic radiation cancer
ACTION SERP 1200 1152 EXAMINE_SERP
ACTION SNIPPET 1200 1152 SNIPPET_RELEVANT 355867
ACTION DOC 1200 1172 EXAMINING_DOCUMENT 355867
ACTION MARK 1200 1175 CONSIDERED_RELEVANT 355867
ACTION SNIPPET 1200 1175 SNIPPET_RELEVANT 736417
ACTION DOC 1200 1195 EXAMINING_DOCUMENT 736417
ACTION MARK 1200 1198 CONSIDERED_RELEVANT 736417
ACTION SNIPPET 1200 1198 SNIPPET_RELEVANT 355694
ACTION DOC 1200 1218 EXAMINING_DOCUMENT 355694
INFO SUMMARY 
INFO TOTAL_QUERIES_ISSUED 9
INFO TOTAL_SNIPPETS_EXAMINED 85
INFO TOTAL_DOCUMENTS_EXAMINED 51
INFO TOTAL_DOCUMENTS_MARKED_RELEVANT 22
INFO TOTAL_ATTRACTIVE_SERP_IMPRESSIONS 9
INFO TOTAL_UNATTRACTIVE_SERP_IMPRESSIONS 0
