ACTION START 1200 0 START
ACTION QUERY 1200 10 Iran Iraq relations
ACTION SERP 1200 15 EXAMINE_SERP
ACTION SNIPPET 1200 15 SNIPPET_RELEVANT 79470
ACTION DOC 1200 35 EXAMINING_DOCUMENT 79470
ACTION SNIPPET 1200 35 SNIPPET_RELEVANT 2967
ACTION DOC 1200 55 EXAMINING_DOCUMENT 2967
ACTION SNIPPET 1200 55 SEEN_PREVIOUSLY 2967
ACTION SNIPPET 1200 55 SNIPPET_RELEVANT 4986
ACTION DOC 1200 75 EXAMINING_DOCUMENT 4986
ACTION SNIPPET 1200 75 SEEN_PREVIOUSLY 4986
ACTION SNIPPET 1200 75 SNIPPET_RELEVANT 42182
ACTION DOC 1200 95 EXAMINING_DOCUMENT 42182
ACTION SNIPPET 1200 95 SNIPPET_RELEVANT 1070590
ACTION DOC 1200 115 EXAMINING_DOCUMENT 1070590
ACTION SNIPPET 1200 115 SNIPPET_RELEVANT 1838108
ACTION DOC 1200 135 EXAMINING_DOCUMENT 1838108
ACTION QUERY 1200 145 Iran Iraq alliance
ACTION SERP 1200 150 EXAMINE_SERP
ACTION SNIPPET 1200 150 SNIPPET_RELEVANT 1634960
ACTION DOC 1200 170 EXAMINING_DOCUMENT 1634960
ACTION MARK 1200 173 CONSIDERED_RELEVANT 1634960
ACTION SNIPPET 1200 173 SNIPPET_RELEVANT 58799
ACTION DOC 1200 193 EXAMINING_DOCUMENT 58799
ACTION SNIPPET 1200 193 SNIPPET_RELEVANT 401575
ACTION DOC 1200 213 EXAMINING_DOCUMENT 401575
ACTION MARK 1200 216 CONSIDERED_RELEVANT 401575
ACTION SNIPPET 1200 216 SNIPPET_RELEVANT 408747
ACTION DOC 1200 236 EXAMINING_DOCUMENT 408747
ACTION SNIPPET 1200 236 SNIPPET_RELEVANT 155813
ACTION DOC 1200 256 EXAMINING_DOCUMENT 155813
ACTION SNIPPET 1200 256 SNIPPET_RELEVANT 377502
ACTION DOC 1200 276 EXAMINING_DOCUMENT 377502
ACTION MARK 1200 279 CONSIDERED_RELEVANT 377502
ACTION QUERY 1200 289 Iraq Iran cooperation
ACTION SERP 1200 294 EXAMINE_SERP
ACTION SNIPPET 1200 294 SNIPPET_RELEVANT 1437418
ACTION DOC 1200 314 EXAMINING_DOCUMENT 1437418
ACTION SNIPPET 1200 314 SNIPPET_RELEVANT 995766
ACTION DOC 1200 334 EXAMINING_DOCUMENT 995766
ACTION SNIPPET 1200 334 SNIPPET_RELEVANT 1492011
ACTION DOC 1200 354 EXAMINING_DOCUMENT 1492011
ACTION SNIPPET 1200 354 SNIPPET_RELEVANT 201524
ACTION DOC 1200 374 EXAMINING_DOCUMENT 201524
ACTION SNIPPET 1200 374 SEEN_PREVIOUSLY 377502
ACTION SNIPPET 1200 374 SNIPPET_RELEVANT 1612912
ACTION DOC 1200 394 EXAMINING_DOCUMENT 1612912
ACTION SNIPPET 1200 394 SNIPPET_RELEVANT 74398
ACTION DOC 1200 414 EXAMINING_DOCUMENT 74398
ACTION QUERY 1200 424 Iran Iraq economic ties
ACTION SERP 1200 429 EXAMINE_SERP
ACTION SNIPPET 1200 429 SNIPPET_RELEVANT 1827219
ACTION DOC 1200 449 EXAMINING_DOCUMENT 1827219
ACTION SNIPPET 1200 449 SNIPPET_RELEVANT 1833543
ACTION DOC 1200 469 EXAMINING_DOCUMENT 1833543
ACTION MARK 1200 472 CONSIDERED_RELEVANT 1833543
ACTION SNIPPET 1200 472 SNIPPET_RELEVANT 532175
ACTION DOC 1200 492 EXAMINING_DOCUMENT 532175
ACTION SNIPPET 1200 492 SNIPPET_RELEVANT 1384216
ACTION DOC 1200 512 EXAMINING_DOCUMENT 1384216
ACTION SNIPPET 1200 512 SNIPPET_RELEVANT 407526
ACTION DOC 1200 532 EXAMINING_DOCUMENT 407526
ACTION SNIPPET 1200 532 SNIPPET_RELEVANT 1824238
ACTION DOC 1200 552 EXAMINING_DOCUMENT 1824238
ACTION MARK 1200 555 CONSIDERED_RELEVANT 1824238
ACTION QUERY 1200 565 Iran influence in Iraq
ACTION SERP 1200 570 EXAMINE_SERP
ACTION SNIPPET 1200 570 SNIPPET_RELEVANT 1485248
ACTION DOC 1200 590 EXAMINING_DOCUMENT 1485248
ACTION SNIPPET 1200 590 SNIPPET_RELEVANT 1750526
ACTION DOC 1200 610 EXAMINING_DOCUMENT 1750526
ACTION SNIPPET 1200 610 SNIPPET_RELEVANT 168131
ACTION DOC 1200 630 EXAMINING_DOCUMENT 168131
ACTION SNIPPET 1200 630 SNIPPET_RELEVANT 1810274
ACTION DOC 1200 650 EXAMINING_DOCUMENT 1810274
ACTION SNIPPET 1200 650 SNIPPET_RELEVANT 1822397
ACTION DOC 1200 670 EXAMINING_DOCUMENT 1822397
ACTION SNIPPET 1200 670 SEEN_PREVIOUSLY 4986
ACTION SNIPPET 1200 670 SEEN_PREVIOUSLY 4986
ACTION SNIPPET 1200 670 SEEN_PREVIOUSLY 1634960
ACTION SNIPPET 1200 670 SNIPPET_RELEVANT 1673388
ACTION DOC 1200 690 EXAMINING_DOCUMENT 1673388
ACTION MARK 1200 693 CONSIDERED_RELEVANT 1673388
ACTION QUERY 1200 703 Iraq Iran trade
ACTION SERP 1200 708 EXAMINE_SERP
ACTION SNIPPET 1200 708 SNIPPET_RELEVANT 1558191
ACTION DOC 1200 728 EXAMINING_DOCUMENT 1558191
ACTION MARK 1200 731 CONSIDERED_RELEVANT 1558191
ACTION SNIPPET 1200 731 SNIPPET_RELEVANT 1634611
ACTION DOC 1200 751 EXAMINING_DOCUMENT 1634611
ACTION MARK 1200 754 CONSIDERED_RELEVANT 1634611
ACTION SNIPPET 1200 754 SEEN_PREVIOUSLY 377502
ACTION SNIPPET 1200 754 SNIPPET_RELEVANT 100833
ACTION DOC 1200 774 EXAMINING_DOCUMENT 100833
ACTION SNIPPET 1200 774 SNIPPET_RELEVANT 1824035
ACTION DOC 1200 794 EXAMINING_DOCUMENT 1824035
ACTION MARK 1200 797 CONSIDERED_RELEVANT 1824035
ACTION SNIPPET 1200 797 SEEN_PREVIOUSLY 1833543
ACTION SNIPPET 1200 797 SNIPPET_RELEVANT 386837
ACTION DOC 1200 817 EXAMINING_DOCUMENT 386837
ACTION SNIPPET 1200 817 SNIPPET_RELEVANT 201904
ACTION DOC 1200 837 EXAMINING_DOCUMENT 201904
ACTION MARK 1200 840 CONSIDERED_RELEVANT 201904
ACTION QUERY 1200 850 Iran Iraq security ties
ACTION SERP 1200 855 EXAMINE_SERP
ACTION SNIPPET 1200 855 SEEN_PREVIOUSLY 1827219
ACTION SNIPPET 1200 855 SEEN_PREVIOUSLY 1824238
ACTION SNIPPET 1200 855 SNIPPET_RELEVANT 1789075
ACTION DOC 1200 875 EXAMINING_DOCUMENT 1789075
ACTION MARK 1200 878 CONSIDERED_RELEVANT 1789075
ACTION SNIPPET 1200 878 SNIPPET_RELEVANT 429519
ACTION DOC 1200 898 EXAMINING_DOCUMENT 429519
ACTION SNIPPET 1200 898 SEEN_PREVIOUSLY 79470
ACTION SNIPPET 1200 898 SNIPPET_RELEVANT 1811052
ACTION DOC 1200 918 EXAMINING_DOCUMENT 1811052
ACTION MARK 1200 921 CONSIDERED_RELEVANT 1811052
ACTION SNIPPET 1200 921 SNIPPET_RELEVANT 1822453
ACTION DOC 1200 941 EXAMINING_DOCUMENT 1822453
ACTION MARK 1200 944 CONSIDERED_RELEVANT 1822453
ACTION SNIPPET 1200 944 SEEN_PREVIOUSLY 1833543
ACTION SNIPPET 1200 944 SNIPPET_RELEVANT 1807906
ACTION DOC 1200 964 EXAMINING_DOCUMENT 1807906
ACTION MARK 1200 967 CONSIDERED_RELEVANT 1807906
ACTION SNIPPET 1200 967 SEEN_PREVIOUSLY 407526
ACTION SNIPPET 1200 967 SNIPPET_RELEVANT 1422285
ACTION DOC 1200 987 EXAMINING_DOCUMENT 1422285
ACTION QUERY 1200 997 Iranian influence in Iraq
ACTION SERP 1200 1002 EXAMINE_SERP
ACTION SNIPPET 1200 1002 SEEN_PREVIOUSLY 1485248
ACTION SNIPPET 1200 1002 SEEN_PREVIOUSLY 1810274
ACTION SNIPPET 1200 1002 SEEN_PREVIOUSLY 1822397
ACTION SNIPPET 1200 1002 SNIPPET_RELEVANT 1843393
ACTION DOC 1200 1022 EXAMINING_DOCUMENT 1843393
ACTION SNIPPET 1200 1022 SNIPPET_RELEVANT 4421
ACTION DOC 1200 1042 EXAMINING_DOCUMENT 4421
ACTION SNIPPET 1200 1042 SEEN_PREVIOUSLY 4421
ACTION SNIPPET 1200 1042 SNIPPET_RELEVANT 1747360
ACTION DOC 1200 1062 EXAMINING_DOCUMENT 1747360
ACTION SNIPPET 1200 1062 SEEN_PREVIOUSLY 1750526
ACTION SNIPPET 1200 1062 SNIPPET_RELEVANT 1681067
ACTION DOC 1200 1082 EXAMINING_DOCUMENT 1681067
ACTION SNIPPET 1200 1082 SEEN_PREVIOUSLY 1673388
ACTION SNIPPET 1200 1082 SNIPPET_RELEVANT 1593888
ACTION DOC 1200 1102 EXAMINING_DOCUMENT 1593888
ACTION MARK 1200 1105 CONSIDERED_RELEVANT 1593888
ACTION SNIPPET 1200 1105 SNIPPET_RELEVANT 1536866
ACTION DOC 1200 1125 EXAMINING_DOCUMENT 1536866
ACTION MARK 1200 1128 CONSIDERED_RELEVANT 1536866
ACTION QUERY 1200 1138 Iran financial support Iraq
ACTION SERP 1200 1143 EXAMINE_SERP
ACTION SNIPPET 1200 1143 SNIPPET_RELEVANT 723760
ACTION DOC 1200 1163 EXAMINING_DOCUMENT 723760
ACTION SNIPPET 1200 1163 SNIPPET_RELEVANT 1818038
ACTION DOC 1200 1183 EXAMINING_DOCUMENT 1818038
ACTION SNIPPET 1200 1183 SNIPPET_RELEVANT 98738
ACTION DOC 1200 1203 EXAMINING_DOCUMENT 98738
INFO SUMMARY 
INFO TOTAL_QUERIES_ISSUED 9
INFO TOTAL_SNIPPETS_EXAMINED 70
INFO TOTAL_DOCUMENTS_EXAMINED 51
INFO TOTAL_DOCUMENTS_MARKED_RELEVANT 16
INFO TOTAL_ATTRACTIVE_SERP_IMPRESSIONS 9
INFO TOTAL_UNATTRACTIVE_SERP_IMPRESSIONS 0
