ACTION START 1200 0 START
ACTION QUERY 1200 10 Amazon rainforest conservation
ACTION SERP 1200 15 EXAMINE_SERP
ACTION SNIPPET 1200 15 SNIPPET_NOT_RELEVANT 326425
ACTION SNIPPET 1200 15 SNIPPET_NOT_RELEVANT 1686999
ACTION SNIPPET 1200 15 SNIPPET_RELEVANT 1073903
ACTION DOC 1200 35 EXAMINING_DOCUMENT 1073903
ACTION MARK 1200 38 CONSIDERED_RELEVANT 1073903
ACTION SNIPPET 1200 38 SNIPPET_NOT_RELEVANT 348913
ACTION SNIPPET 1200 38 SNIPPET_NOT_RELEVANT 1220995
ACTION SNIPPET 1200 38 SNIPPET_NOT_RELEVANT 1525643
ACTION SNIPPET 1200 38 SNIPPET_NOT_RELEVANT 515911
ACTION SNIPPET 1200 38 SNIPPET_NOT_RELEVANT 547446
ACTION SNIPPET 1200 38 SNIPPET_NOT_RELEVANT 373692
ACTION SNIPPET 1200 38 SNIPPET_NOT_RELEVANT 623009
ACTION SNIPPET 1200 38 SNIPPET_NOT_RELEVANT 966659
ACTION SNIPPET 1200 38 SNIPPET_NOT_RELEVANT 409140
ACTION SNIPPET 1200 38 SNIPPET_NOT_RELEVANT 992193
ACTION SNIPPET 1200 38 SNIPPET_NOT_RELEVANT 1601543
ACTION SNIPPET 1200 38 SNIPPET_NOT_RELEVANT 457048
ACTION SNIPPET 1200 38 SNIPPET_NOT_RELEVANT 1854769
ACTION SNIPPET 1200 38 SNIPPET_NOT_RELEVANT 1499350
ACTION SNIPPET 1200 38 SNIPPET_NOT_RELEVANT 1410188
ACTION SNIPPET 1200 38 SNIPPET_NOT_RELEVANT 931777
ACTION SNIPPET 1200 38 SNIPPET_NOT_RELEVANT 622357
ACTION SNIPPET 1200 38 SNIPPET_NOT_RELEVANT 951062
ACTION SNIPPET 1200 38 SNIPPET_NOT_RELEVANT 1135574
ACTION SNIPPET 1200 38 SNIPPET_NOT_RELEVANT 921244
ACTION SNIPPET 1200 38 SNIPPET_NOT_RELEVANT 816854
ACTION SNIPPET 1200 38 SNIPPET_NOT_RELEVANT 1318293
ACTION SNIPPET 1200 38 SNIPPET_RELEVANT 56507
ACTION DOC 1200 58 EXAMINING_DOCUMENT 56507
ACTION MARK 1200 61 CONSIDERED_RELEVANT 56507
ACTION SNIPPET 1200 61 SNIPPET_NOT_RELEVANT 264854
ACTION SNIPPET 1200 61 SNIPPET_NOT_RELEVANT 1789044
ACTION SNIPPET 1200 61 SNIPPET_RELEVANT 1013462
ACTION DOC 1200 81 EXAMINING_DOCUMENT 1013462
ACTION MARK 1200 84 CONSIDERED_RELEVANT 1013462
ACTION SNIPPET 1200 84 SNIPPET_NOT_RELEVANT 1279488
ACTION SNIPPET 1200 84 SNIPPET_NOT_RELEVANT 1845254
ACTION SNIPPET 1200 84 SNIPPET_NOT_RELEVANT 1461493
ACTION SNIPPET 1200 84 SNIPPET_NOT_RELEVANT 1471407
ACTION SNIPPET 1200 84 SNIPPET_NOT_RELEVANT 994775
ACTION SNIPPET 1200 84 SNIPPET_NOT_RELEVANT 263652
ACTION SNIPPET 1200 84 SNIPPET_NOT_RELEVANT 1085491
ACTION SNIPPET 1200 84 SNIPPET_NOT_RELEVANT 356925
ACTION SNIPPET 1200 84 SNIPPET_NOT_RELEVANT 927525
ACTION SNIPPET 1200 84 SNIPPET_RELEVANT 311952
ACTION DOC 1200 104 EXAMINING_DOCUMENT 311952
ACTION MARK 1200 107 CONSIDERED_RELEVANT 311952
ACTION SNIPPET 1200 107 SNIPPET_NOT_RELEVANT 124091
ACTION SNIPPET 1200 107 SNIPPET_NOT_RELEVANT 797260
ACTION SNIPPET 1200 107 SNIPPET_NOT_RELEVANT 797000
ACTION SNIPPET 1200 107 SNIPPET_NOT_RELEVANT 1702884
ACTION SNIPPET 1200 107 SNIPPET_NOT_RELEVANT 124665
ACTION SNIPPET 1200 107 SNIPPET_NOT_RELEVANT 336110
ACTION SNIPPET 1200 107 SNIPPET_NOT_RELEVANT 946607
ACTION SNIPPET 1200 107 SNIPPET_NOT_RELEVANT 1362903
ACTION SNIPPET 1200 107 SNIPPET_NOT_RELEVANT 945272
ACTION SNIPPET 1200 107 SNIPPET_NOT_RELEVANT 1818932
ACTION SNIPPET 1200 107 SNIPPET_NOT_RELEVANT 242034
ACTION SNIPPET 1200 107 SNIPPET_NOT_RELEVANT 1206562
ACTION SNIPPET 1200 107 SNIPPET_NOT_RELEVANT 564446
ACTION SNIPPET 1200 107 SNIPPET_NOT_RELEVANT 1162715
ACTION SNIPPET 1200 107 SNIPPET_NOT_RELEVANT 964330
ACTION SNIPPET 1200 107 SNIPPET_NOT_RELEVANT 660465
ACTION SNIPPET 1200 107 SNIPPET_NOT_RELEVANT 742612
ACTION SNIPPET 1200 107 SNIPPET_NOT_RELEVANT 514231
ACTION SNIPPET 1200 107 SNIPPET_NOT_RELEVANT 973357
ACTION SNIPPET 1200 107 SNIPPET_NOT_RELEVANT 123594
ACTION SNIPPET 1200 107 SNIPPET_NOT_RELEVANT 868712
ACTION SNIPPET 1200 107 SNIPPET_RELEVANT 241865
ACTION DOC 1200 127 EXAMINING_DOCUMENT 241865
ACTION MARK 1200 130 CONSIDERED_RELEVANT 241865
ACTION QUERY 1200 140 South America forest preservation
ACTION SERP 1200 145 EXAMINE_SERP
ACTION SNIPPET 1200 145 SNIPPET_NOT_RELEVANT 484781
ACTION SNIPPET 1200 145 SNIPPET_NOT_RELEVANT 1533734
ACTION SNIPPET 1200 145 SNIPPET_NOT_RELEVANT 890664
ACTION SNIPPET 1200 145 SNIPPET_NOT_RELEVANT 340486
ACTION SNIPPET 1200 145 SNIPPET_NOT_RELEVANT 448696
ACTION SNIPPET 1200 145 SNIPPET_NOT_RELEVANT 1068580
ACTION SNIPPET 1200 145 SNIPPET_NOT_RELEVANT 1093319
ACTION SNIPPET 1200 145 SNIPPET_NOT_RELEVANT 346466
ACTION SNIPPET 1200 145 SNIPPET_NOT_RELEVANT 958019
ACTION SNIPPET 1200 145 SNIPPET_NOT_RELEVANT 257576
ACTION SNIPPET 1200 145 SNIPPET_NOT_RELEVANT 728364
ACTION SNIPPET 1200 145 SNIPPET_NOT_RELEVANT 1487889
ACTION SNIPPET 1200 145 SNIPPET_NOT_RELEVANT 663678
ACTION SNIPPET 1200 145 SNIPPET_NOT_RELEVANT 1611263
ACTION SNIPPET 1200 145 SNIPPET_RELEVANT 323354
ACTION DOC 1200 165 EXAMINING_DOCUMENT 323354
ACTION MARK 1200 168 CONSIDERED_RELEVANT 323354
ACTION SNIPPET 1200 168 SNIPPET_NOT_RELEVANT 625288
ACTION SNIPPET 1200 168 SNIPPET_NOT_RELEVANT 503875
ACTION SNIPPET 1200 168 SNIPPET_NOT_RELEVANT 580069
ACTION SNIPPET 1200 168 SNIPPET_NOT_RELEVANT 1772332
ACTION SNIPPET 1200 168 SNIPPET_NOT_RELEVANT 262839
ACTION SNIPPET 1200 168 SNIPPET_NOT_RELEVANT 1521734
ACTION SNIPPET 1200 168 SNIPPET_NOT_RELEVANT 1756943
ACTION SNIPPET 1200 168 SNIPPET_NOT_RELEVANT 503943
ACTION SNIPPET 1200 168 SNIPPET_NOT_RELEVANT 1521875
ACTION SNIPPET 1200 168 SNIPPET_NOT_RELEVANT 1673181
ACTION SNIPPET 1200 168 SNIPPET_NOT_RELEVANT 1765411
ACTION SNIPPET 1200 168 SNIPPET_NOT_RELEVANT 994775
ACTION SNIPPET 1200 168 SNIPPET_NOT_RELEVANT 101212
ACTION SNIPPET 1200 168 SNIPPET_NOT_RELEVANT 1070142
ACTION SNIPPET 1200 168 SNIPPET_NOT_RELEVANT 1145197
ACTION SNIPPET 1200 168 SNIPPET_NOT_RELEVANT 771932
ACTION SNIPPET 1200 168 SNIPPET_NOT_RELEVANT 974145
ACTION SNIPPET 1200 168 SNIPPET_NOT_RELEVANT 1439245
ACTION SNIPPET 1200 168 SNIPPET_NOT_RELEVANT 533716
ACTION SNIPPET 1200 168 SNIPPET_NOT_RELEVANT 858709
ACTION SNIPPET 1200 168 SNIPPET_NOT_RELEVANT 265011
ACTION SNIPPET 1200 168 SNIPPET_NOT_RELEVANT 1103469
ACTION SNIPPET 1200 168 SNIPPET_NOT_RELEVANT 304140
ACTION SNIPPET 1200 168 SNIPPET_NOT_RELEVANT 1006667
ACTION SNIPPET 1200 168 SNIPPET_NOT_RELEVANT 137726
ACTION SNIPPET 1200 168 SNIPPET_NOT_RELEVANT 406063
ACTION SNIPPET 1200 168 SNIPPET_NOT_RELEVANT 535988
ACTION SNIPPET 1200 168 SNIPPET_NOT_RELEVANT 1143714
ACTION SNIPPET 1200 168 SNIPPET_NOT_RELEVANT 987853
ACTION SNIPPET 1200 168 SNIPPET_NOT_RELEVANT 532211
ACTION SNIPPET 1200 168 SNIPPET_NOT_RELEVANT 1717694
ACTION SNIPPET 1200 168 SNIPPET_NOT_RELEVANT 591701
ACTION SNIPPET 1200 168 SNIPPET_NOT_RELEVANT 1402818
ACTION SNIPPET 1200 168 SNIPPET_NOT_RELEVANT 1846902
ACTION SNIPPET 1200 168 SNIPPET_NOT_RELEVANT 1650675
ACTION SNIPPET 1200 168 SNIPPET_NOT_RELEVANT 1539439
ACTION SNIPPET 1200 168 SNIPPET_NOT_RELEVANT 711304
ACTION SNIPPET 1200 168 SNIPPET_NOT_RELEVANT 1157194
ACTION SNIPPET 1200 168 SNIPPET_NOT_RELEVANT 798842
ACTION SNIPPET 1200 168 SNIPPET_NOT_RELEVANT 799023
ACTION SNIPPET 1200 168 SNIPPET_NOT_RELEVANT 1233280
ACTION SNIPPET 1200 168 SNIPPET_NOT_RELEVANT 813202
ACTION SNIPPET 1200 168 SNIPPET_NOT_RELEVANT 1147490
ACTION SNIPPET 1200 168 SNIPPET_NOT_RELEVANT 743441
ACTION SNIPPET 1200 168 SNIPPET_NOT_RELEVANT 368281
ACTION SNIPPET 1200 168 SNIPPET_RELEVANT 82415
ACTION DOC 1200 188 EXAMINING_DOCUMENT 82415
ACTION MARK 1200 191 CONSIDERED_RELEVANT 82415
ACTION SNIPPET 1200 191 SNIPPET_NOT_RELEVANT 1308145
ACTION SNIPPET 1200 191 SNIPPET_NOT_RELEVANT 758183
ACTION SNIPPET 1200 191 SNIPPET_NOT_RELEVANT 134918
ACTION SNIPPET 1200 191 SNIPPET_NOT_RELEVANT 105242
ACTION SNIPPET 1200 191 SNIPPET_NOT_RELEVANT 1351748
ACTION SNIPPET 1200 191 SNIPPET_NOT_RELEVANT 742860
ACTION SNIPPET 1200 191 SNIPPET_NOT_RELEVANT 400023
ACTION SNIPPET 1200 191 SNIPPET_NOT_RELEVANT 1853897
ACTION SNIPPET 1200 191 SNIPPET_NOT_RELEVANT 1162210
ACTION SNIPPET 1200 191 SNIPPET_NOT_RELEVANT 241410
ACTION SNIPPET 1200 191 SNIPPET_NOT_RELEVANT 1150154
ACTION SNIPPET 1200 191 SNIPPET_NOT_RELEVANT 168347
ACTION SNIPPET 1200 191 SNIPPET_NOT_RELEVANT 1172459
ACTION SNIPPET 1200 191 SNIPPET_NOT_RELEVANT 343867
ACTION SNIPPET 1200 191 SNIPPET_NOT_RELEVANT 264854
ACTION SNIPPET 1200 191 SNIPPET_NOT_RELEVANT 503256
ACTION SNIPPET 1200 191 SNIPPET_NOT_RELEVANT 1421882
ACTION SNIPPET 1200 191 SNIPPET_NOT_RELEVANT 309856
ACTION SNIPPET 1200 191 SNIPPET_NOT_RELEVANT 579416
ACTION SNIPPET 1200 191 SNIPPET_NOT_RELEVANT 579417
ACTION SNIPPET 1200 191 SNIPPET_NOT_RELEVANT 483593
ACTION SNIPPET 1200 191 SNIPPET_NOT_RELEVANT 679489
ACTION SNIPPET 1200 191 SNIPPET_NOT_RELEVANT 680910
ACTION SNIPPET 1200 191 SNIPPET_NOT_RELEVANT 1042598
ACTION SNIPPET 1200 191 SNIPPET_NOT_RELEVANT 539381
ACTION SNIPPET 1200 191 SNIPPET_NOT_RELEVANT 539380
ACTION SNIPPET 1200 191 SNIPPET_NOT_RELEVANT 783119
ACTION SNIPPET 1200 191 SNIPPET_NOT_RELEVANT 785759
ACTION SNIPPET 1200 191 SNIPPET_NOT_RELEVANT 905831
ACTION SNIPPET 1200 191 SNIPPET_NOT_RELEVANT 1597629
ACTION SNIPPET 1200 191 SNIPPET_NOT_RELEVANT 1598860
ACTION SNIPPET 1200 191 SNIPPET_NOT_RELEVANT 599041
ACTION SNIPPET 1200 191 SNIPPET_NOT_RELEVANT 1784318
ACTION SNIPPET 1200 191 SNIPPET_NOT_RELEVANT 224344
ACTION SNIPPET 1200 191 SNIPPET_RELEVANT 426266
ACTION DOC 1200 211 EXAMINING_DOCUMENT 426266
ACTION MARK 1200 214 CONSIDERED_RELEVANT 426266
ACTION SNIPPET 1200 214 SNIPPET_NOT_RELEVANT 58053
ACTION SNIPPET 1200 214 SNIPPET_NOT_RELEVANT 548844
ACTION SNIPPET 1200 214 SNIPPET_NOT_RELEVANT 1109580
ACTION SNIPPET 1200 214 SNIPPET_NOT_RELEVANT 1639722
INFO SERP_END_REACHED 
ACTION QUERY 1200 224 Amazon deforestation solutions
ACTION SERP 1200 229 EXAMINE_SERP
ACTION SNIPPET 1200 229 SNIPPET_NOT_RELEVANT 372044
ACTION SNIPPET 1200 229 SNIPPET_RELEVANT 1701879
ACTION DOC 1200 249 EXAMINING_DOCUMENT 1701879
ACTION MARK 1200 252 CONSIDERED_RELEVANT 1701879
ACTION SNIPPET 1200 252 SNIPPET_NOT_RELEVANT 1520277
ACTION SNIPPET 1200 252 SNIPPET_NOT_RELEVANT 876768
ACTION SNIPPET 1200 252 SNIPPET_NOT_RELEVANT 969998
ACTION SNIPPET 1200 252 SNIPPET_RELEVANT 432815
ACTION DOC 1200 272 EXAMINING_DOCUMENT 432815
ACTION MARK 1200 275 CONSIDERED_RELEVANT 432815
ACTION SNIPPET 1200 275 SNIPPET_RELEVANT 990884
ACTION DOC 1200 295 EXAMINING_DOCUMENT 990884
ACTION MARK 1200 298 CONSIDERED_RELEVANT 990884
ACTION SNIPPET 1200 298 SNIPPET_RELEVANT 1417960
ACTION DOC 1200 318 EXAMINING_DOCUMENT 1417960
ACTION MARK 1200 321 CONSIDERED_RELEVANT 1417960
ACTION SNIPPET 1200 321 SNIPPET_RELEVANT 1413708
ACTION DOC 1200 341 EXAMINING_DOCUMENT 1413708
ACTION MARK 1200 344 CONSIDERED_RELEVANT 1413708
ACTION QUERY 1200 354 Rainforest protection measures
ACTION SERP 1200 359 EXAMINE_SERP
ACTION SNIPPET 1200 359 SNIPPET_NOT_RELEVANT 1854769
ACTION SNIPPET 1200 359 SNIPPET_NOT_RELEVANT 951062
ACTION SNIPPET 1200 359 SNIPPET_NOT_RELEVANT 816854
ACTION SNIPPET 1200 359 SNIPPET_NOT_RELEVANT 1719553
ACTION SNIPPET 1200 359 SNIPPET_NOT_RELEVANT 994775
ACTION SNIPPET 1200 359 SNIPPET_NOT_RELEVANT 412444
ACTION SNIPPET 1200 359 SNIPPET_NOT_RELEVANT 1461493
ACTION SNIPPET 1200 359 SNIPPET_NOT_RELEVANT 1576657
ACTION SNIPPET 1200 359 SNIPPET_NOT_RELEVANT 927525
ACTION SNIPPET 1200 359 SNIPPET_NOT_RELEVANT 124091
ACTION SNIPPET 1200 359 SNIPPET_NOT_RELEVANT 608116
ACTION SNIPPET 1200 359 SNIPPET_NOT_RELEVANT 1733703
ACTION SNIPPET 1200 359 SNIPPET_NOT_RELEVANT 962426
ACTION SNIPPET 1200 359 SNIPPET_NOT_RELEVANT 427143
ACTION SNIPPET 1200 359 SNIPPET_NOT_RELEVANT 1362903
ACTION SNIPPET 1200 359 SNIPPET_NOT_RELEVANT 1279488
ACTION SNIPPET 1200 359 SNIPPET_NOT_RELEVANT 1845254
ACTION SNIPPET 1200 359 SNIPPET_NOT_RELEVANT 1318293
ACTION SNIPPET 1200 359 SNIPPET_NOT_RELEVANT 242034
ACTION SNIPPET 1200 359 SNIPPET_NOT_RELEVANT 1143714
ACTION SNIPPET 1200 359 SNIPPET_NOT_RELEVANT 973357
ACTION SNIPPET 1200 359 SNIPPET_NOT_RELEVANT 123594
ACTION SNIPPET 1200 359 SNIPPET_NOT_RELEVANT 931777
ACTION SNIPPET 1200 359 SNIPPET_NOT_RELEVANT 868712
ACTION SNIPPET 1200 359 SNIPPET_NOT_RELEVANT 1815960
ACTION SNIPPET 1200 359 SNIPPET_NOT_RELEVANT 1614698
ACTION SNIPPET 1200 359 SNIPPET_NOT_RELEVANT 941043
ACTION SNIPPET 1200 359 SNIPPET_NOT_RELEVANT 1495729
ACTION SNIPPET 1200 359 SNIPPET_NOT_RELEVANT 835566
ACTION SNIPPET 1200 359 SNIPPET_NOT_RELEVANT 1819288
ACTION SNIPPET 1200 359 SNIPPET_NOT_RELEVANT 378939
ACTION SNIPPET 1200 359 SNIPPET_NOT_RELEVANT 1656807
ACTION SNIPPET 1200 359 SNIPPET_NOT_RELEVANT 326425
ACTION SNIPPET 1200 359 SNIPPET_NOT_RELEVANT 974254
ACTION SNIPPET 1200 359 SNIPPET_NOT_RELEVANT 1686999
ACTION SNIPPET 1200 359 SNIPPET_NOT_RELEVANT 1552758
ACTION SNIPPET 1200 359 SNIPPET_NOT_RELEVANT 558100
ACTION SNIPPET 1200 359 SNIPPET_NOT_RELEVANT 594642
ACTION SNIPPET 1200 359 SNIPPET_NOT_RELEVANT 622357
ACTION SNIPPET 1200 359 SNIPPET_NOT_RELEVANT 1796570
ACTION SNIPPET 1200 359 SNIPPET_NOT_RELEVANT 1699761
ACTION SNIPPET 1200 359 SNIPPET_NOT_RELEVANT 689406
ACTION SNIPPET 1200 359 SNIPPET_NOT_RELEVANT 1613721
ACTION SNIPPET 1200 359 SNIPPET_NOT_RELEVANT 1145197
ACTION SNIPPET 1200 359 SNIPPET_NOT_RELEVANT 1686776
ACTION SNIPPET 1200 359 SNIPPET_NOT_RELEVANT 1502482
ACTION SNIPPET 1200 359 SNIPPET_NOT_RELEVANT 373692
ACTION SNIPPET 1200 359 SNIPPET_NOT_RELEVANT 1687370
ACTION SNIPPET 1200 359 SNIPPET_NOT_RELEVANT 495973
ACTION SNIPPET 1200 359 SNIPPET_NOT_RELEVANT 1381578
ACTION SNIPPET 1200 359 SNIPPET_NOT_RELEVANT 1327925
ACTION SNIPPET 1200 359 SNIPPET_NOT_RELEVANT 1264600
ACTION SNIPPET 1200 359 SNIPPET_NOT_RELEVANT 989720
ACTION SNIPPET 1200 359 SNIPPET_NOT_RELEVANT 1015137
ACTION SNIPPET 1200 359 SNIPPET_NOT_RELEVANT 1013425
ACTION SNIPPET 1200 359 SNIPPET_NOT_RELEVANT 877551
ACTION SNIPPET 1200 359 SNIPPET_NOT_RELEVANT 895264
ACTION SNIPPET 1200 359 SNIPPET_NOT_RELEVANT 1376230
ACTION SNIPPET 1200 359 SNIPPET_NOT_RELEVANT 348913
ACTION SNIPPET 1200 359 SNIPPET_NOT_RELEVANT 547446
ACTION SNIPPET 1200 359 SNIPPET_NOT_RELEVANT 1162013
ACTION SNIPPET 1200 359 SNIPPET_NOT_RELEVANT 1842297
ACTION SNIPPET 1200 359 SNIPPET_NOT_RELEVANT 1737011
ACTION SNIPPET 1200 359 SNIPPET_NOT_RELEVANT 506993
ACTION SNIPPET 1200 359 SNIPPET_NOT_RELEVANT 1247202
ACTION SNIPPET 1200 359 SNIPPET_NOT_RELEVANT 617201
ACTION SNIPPET 1200 359 SNIPPET_NOT_RELEVANT 937558
ACTION SNIPPET 1200 359 SNIPPET_NOT_RELEVANT 855608
ACTION SNIPPET 1200 359 SNIPPET_NOT_RELEVANT 1083817
ACTION SNIPPET 1200 359 SNIPPET_NOT_RELEVANT 1160418
ACTION SNIPPET 1200 359 SNIPPET_NOT_RELEVANT 966659
ACTION SNIPPET 1200 359 SNIPPET_RELEVANT 1035009
ACTION DOC 1200 379 EXAMINING_DOCUMENT 1035009
ACTION MARK 1200 382 CONSIDERED_RELEVANT 1035009
ACTION SNIPPET 1200 382 SNIPPET_NOT_RELEVANT 992193
ACTION SNIPPET 1200 382 SNIPPET_NOT_RELEVANT 227779
ACTION SNIPPET 1200 382 SNIPPET_NOT_RELEVANT 1380904
ACTION SNIPPET 1200 382 SNIPPET_NOT_RELEVANT 335228
ACTION SNIPPET 1200 382 SEEN_PREVIOUSLY 1073903
ACTION SNIPPET 1200 382 SNIPPET_NOT_RELEVANT 1516034
ACTION SNIPPET 1200 382 SNIPPET_NOT_RELEVANT 1013223
ACTION SNIPPET 1200 382 SNIPPET_NOT_RELEVANT 1842325
ACTION SNIPPET 1200 382 SNIPPET_NOT_RELEVANT 1499350
ACTION SNIPPET 1200 382 SNIPPET_NOT_RELEVANT 120730
ACTION SNIPPET 1200 382 SNIPPET_NOT_RELEVANT 397840
ACTION SNIPPET 1200 382 SNIPPET_NOT_RELEVANT 1154340
ACTION SNIPPET 1200 382 SNIPPET_NOT_RELEVANT 399583
ACTION SNIPPET 1200 382 SNIPPET_NOT_RELEVANT 1085491
ACTION SNIPPET 1200 382 SNIPPET_NOT_RELEVANT 1410188
ACTION SNIPPET 1200 382 SNIPPET_NOT_RELEVANT 683557
ACTION SNIPPET 1200 382 SNIPPET_NOT_RELEVANT 753143
ACTION SNIPPET 1200 382 SNIPPET_NOT_RELEVANT 1523140
ACTION SNIPPET 1200 382 SEEN_PREVIOUSLY 56507
ACTION SNIPPET 1200 382 SNIPPET_NOT_RELEVANT 951987
ACTION SNIPPET 1200 382 SNIPPET_NOT_RELEVANT 1702884
ACTION SNIPPET 1200 382 SNIPPET_NOT_RELEVANT 179780
ACTION SNIPPET 1200 382 SNIPPET_NOT_RELEVANT 921038
ACTION SNIPPET 1200 382 SNIPPET_NOT_RELEVANT 1751906
ACTION SNIPPET 1200 382 SNIPPET_NOT_RELEVANT 1014239
ACTION SNIPPET 1200 382 SNIPPET_NOT_RELEVANT 923811
ACTION SNIPPET 1200 382 SNIPPET_NOT_RELEVANT 81648
ACTION SNIPPET 1200 382 SNIPPET_NOT_RELEVANT 515911
INFO SERP_END_REACHED 
ACTION QUERY 1200 392 Amazon conservation efforts
ACTION SERP 1200 397 EXAMINE_SERP
ACTION SNIPPET 1200 397 SNIPPET_NOT_RELEVANT 1471407
ACTION SNIPPET 1200 397 SNIPPET_NOT_RELEVANT 946607
ACTION SNIPPET 1200 397 SEEN_PREVIOUSLY 1013462
ACTION SNIPPET 1200 397 SNIPPET_NOT_RELEVANT 1162715
ACTION SNIPPET 1200 397 SNIPPET_NOT_RELEVANT 457048
ACTION SNIPPET 1200 397 SNIPPET_NOT_RELEVANT 1206603
ACTION SNIPPET 1200 397 SEEN_PREVIOUSLY 241865
ACTION SNIPPET 1200 397 SNIPPET_RELEVANT 1676640
ACTION DOC 1200 417 EXAMINING_DOCUMENT 1676640
ACTION MARK 1200 420 CONSIDERED_RELEVANT 1676640
ACTION SNIPPET 1200 420 SNIPPET_NOT_RELEVANT 1413012
ACTION SNIPPET 1200 420 SNIPPET_NOT_RELEVANT 485304
ACTION SNIPPET 1200 420 SNIPPET_NOT_RELEVANT 1125369
ACTION SNIPPET 1200 420 SNIPPET_NOT_RELEVANT 560528
ACTION SNIPPET 1200 420 SNIPPET_NOT_RELEVANT 533964
ACTION SNIPPET 1200 420 SNIPPET_NOT_RELEVANT 1174395
ACTION SNIPPET 1200 420 SNIPPET_NOT_RELEVANT 1471584
ACTION SNIPPET 1200 420 SNIPPET_NOT_RELEVANT 1649736
ACTION SNIPPET 1200 420 SEEN_PREVIOUSLY 311952
ACTION SNIPPET 1200 420 SNIPPET_NOT_RELEVANT 234043
ACTION SNIPPET 1200 420 SNIPPET_RELEVANT 487920
ACTION DOC 1200 440 EXAMINING_DOCUMENT 487920
ACTION MARK 1200 443 CONSIDERED_RELEVANT 487920
ACTION SNIPPET 1200 443 SNIPPET_NOT_RELEVANT 124665
ACTION SNIPPET 1200 443 SNIPPET_NOT_RELEVANT 1576042
ACTION SNIPPET 1200 443 SNIPPET_NOT_RELEVANT 965231
ACTION SNIPPET 1200 443 SNIPPET_NOT_RELEVANT 945272
ACTION SNIPPET 1200 443 SNIPPET_NOT_RELEVANT 1206562
ACTION SNIPPET 1200 443 SNIPPET_NOT_RELEVANT 1441708
ACTION SNIPPET 1200 443 SNIPPET_NOT_RELEVANT 564446
ACTION SNIPPET 1200 443 SNIPPET_NOT_RELEVANT 660465
ACTION SNIPPET 1200 443 SNIPPET_NOT_RELEVANT 533308
ACTION SNIPPET 1200 443 SNIPPET_NOT_RELEVANT 1249629
ACTION SNIPPET 1200 443 SNIPPET_NOT_RELEVANT 446432
ACTION SNIPPET 1200 443 SNIPPET_NOT_RELEVANT 203677
ACTION SNIPPET 1200 443 SNIPPET_NOT_RELEVANT 1184538
ACTION SNIPPET 1200 443 SNIPPET_NOT_RELEVANT 858709
ACTION SNIPPET 1200 443 SNIPPET_NOT_RELEVANT 1251132
ACTION SNIPPET 1200 443 SNIPPET_NOT_RELEVANT 1340253
ACTION SNIPPET 1200 443 SNIPPET_RELEVANT 220834
ACTION DOC 1200 463 EXAMINING_DOCUMENT 220834
ACTION MARK 1200 466 CONSIDERED_RELEVANT 220834
ACTION SNIPPET 1200 466 SNIPPET_NOT_RELEVANT 1311812
ACTION SNIPPET 1200 466 SNIPPET_NOT_RELEVANT 135831
ACTION SNIPPET 1200 466 SNIPPET_NOT_RELEVANT 1382823
ACTION SNIPPET 1200 466 SNIPPET_NOT_RELEVANT 460382
ACTION SNIPPET 1200 466 SNIPPET_NOT_RELEVANT 1169157
ACTION SNIPPET 1200 466 SNIPPET_RELEVANT 1818922
ACTION DOC 1200 486 EXAMINING_DOCUMENT 1818922
ACTION MARK 1200 489 CONSIDERED_RELEVANT 1818922
ACTION SNIPPET 1200 489 SNIPPET_NOT_RELEVANT 1296688
ACTION SNIPPET 1200 489 SNIPPET_NOT_RELEVANT 287049
ACTION SNIPPET 1200 489 SNIPPET_NOT_RELEVANT 1843239
ACTION SNIPPET 1200 489 SNIPPET_NOT_RELEVANT 1032949
ACTION SNIPPET 1200 489 SNIPPET_NOT_RELEVANT 591575
ACTION SNIPPET 1200 489 SNIPPET_NOT_RELEVANT 520329
ACTION SNIPPET 1200 489 SNIPPET_NOT_RELEVANT 1530806
ACTION SNIPPET 1200 489 SNIPPET_NOT_RELEVANT 862010
ACTION SNIPPET 1200 489 SNIPPET_NOT_RELEVANT 1294995
ACTION SNIPPET 1200 489 SNIPPET_NOT_RELEVANT 1376248
ACTION SNIPPET 1200 489 SNIPPET_RELEVANT 456880
ACTION DOC 1200 509 EXAMINING_DOCUMENT 456880
ACTION MARK 1200 512 CONSIDERED_RELEVANT 456880
ACTION QUERY 1200 522 Brazil forest conservation
ACTION SERP 1200 527 EXAMINE_SERP
ACTION SNIPPET 1200 527 SEEN_PREVIOUSLY 1013462
ACTION SNIPPET 1200 527 SNIPPET_NOT_RELEVANT 533308
ACTION SNIPPET 1200 527 SNIPPET_NOT_RELEVANT 224344
ACTION SNIPPET 1200 527 SNIPPET_NOT_RELEVANT 991516
ACTION SNIPPET 1200 527 SNIPPET_NOT_RELEVANT 965231
ACTION SNIPPET 1200 527 SEEN_PREVIOUSLY 241865
ACTION SNIPPET 1200 527 SNIPPET_NOT_RELEVANT 945272
ACTION SNIPPET 1200 527 SNIPPET_RELEVANT 878545
ACTION DOC 1200 547 EXAMINING_DOCUMENT 878545
ACTION MARK 1200 550 CONSIDERED_RELEVANT 878545
ACTION SNIPPET 1200 550 SNIPPET_NOT_RELEVANT 448696
ACTION SNIPPET 1200 550 SNIPPET_NOT_RELEVANT 371139
ACTION SNIPPET 1200 550 SNIPPET_NOT_RELEVANT 362746
ACTION SNIPPET 1200 550 SNIPPET_NOT_RELEVANT 599041
ACTION SNIPPET 1200 550 SEEN_PREVIOUSLY 82415
ACTION SNIPPET 1200 550 SNIPPET_NOT_RELEVANT 446432
ACTION SNIPPET 1200 550 SEEN_PREVIOUSLY 1676640
ACTION SNIPPET 1200 550 SEEN_PREVIOUSLY 456880
ACTION SNIPPET 1200 550 SNIPPET_NOT_RELEVANT 795991
ACTION SNIPPET 1200 550 SNIPPET_NOT_RELEVANT 796043
ACTION SNIPPET 1200 550 SEEN_PREVIOUSLY 220834
ACTION SNIPPET 1200 550 SNIPPET_NOT_RELEVANT 485304
ACTION SNIPPET 1200 550 SNIPPET_NOT_RELEVANT 1772332
ACTION SNIPPET 1200 550 SNIPPET_NOT_RELEVANT 1026356
ACTION SNIPPET 1200 550 SNIPPET_NOT_RELEVANT 591575
ACTION SNIPPET 1200 550 SNIPPET_NOT_RELEVANT 1791444
ACTION SNIPPET 1200 550 SEEN_PREVIOUSLY 311952
ACTION SNIPPET 1200 550 SNIPPET_NOT_RELEVANT 858709
ACTION SNIPPET 1200 550 SNIPPET_NOT_RELEVANT 855213
ACTION SNIPPET 1200 550 SNIPPET_RELEVANT 209819
ACTION DOC 1200 570 EXAMINING_DOCUMENT 209819
ACTION MARK 1200 573 CONSIDERED_RELEVANT 209819
ACTION SNIPPET 1200 573 SNIPPET_NOT_RELEVANT 203677
ACTION SNIPPET 1200 573 SNIPPET_NOT_RELEVANT 230833
ACTION SNIPPET 1200 573 SNIPPET_NOT_RELEVANT 1309134
ACTION SNIPPET 1200 573 SNIPPET_RELEVANT 1422449
ACTION DOC 1200 593 EXAMINING_DOCUMENT 1422449
ACTION MARK 1200 596 CONSIDERED_RELEVANT 1422449
ACTION SNIPPET 1200 596 SNIPPET_RELEVANT 158643
ACTION DOC 1200 616 EXAMINING_DOCUMENT 158643
ACTION MARK 1200 619 CONSIDERED_RELEVANT 158643
ACTION SNIPPET 1200 619 SNIPPET_NOT_RELEVANT 359667
ACTION SNIPPET 1200 619 SNIPPET_NOT_RELEVANT 18398
ACTION SNIPPET 1200 619 SNIPPET_NOT_RELEVANT 664012
ACTION SNIPPET 1200 619 SNIPPET_NOT_RELEVANT 220124
ACTION SNIPPET 1200 619 SNIPPET_NOT_RELEVANT 1048384
ACTION SNIPPET 1200 619 SNIPPET_NOT_RELEVANT 1471584
ACTION SNIPPET 1200 619 SNIPPET_RELEVANT 189126
ACTION DOC 1200 639 EXAMINING_DOCUMENT 189126
ACTION MARK 1200 642 CONSIDERED_RELEVANT 189126
ACTION QUERY 1200 652 Peru Amazon preservation
ACTION SERP 1200 657 EXAMINE_SERP
ACTION SNIPPET 1200 657 SNIPPET_NOT_RELEVANT 457048
ACTION SNIPPET 1200 657 SNIPPET_NOT_RELEVANT 397245
ACTION SNIPPET 1200 657 SNIPPET_NOT_RELEVANT 450396
ACTION SNIPPET 1200 657 SNIPPET_NOT_RELEVANT 1772332
ACTION SNIPPET 1200 657 SNIPPET_NOT_RELEVANT 460087
ACTION SNIPPET 1200 657 SNIPPET_NOT_RELEVANT 980818
ACTION SNIPPET 1200 657 SNIPPET_NOT_RELEVANT 1256455
ACTION SNIPPET 1200 657 SNIPPET_NOT_RELEVANT 740602
ACTION SNIPPET 1200 657 SNIPPET_NOT_RELEVANT 642045
ACTION SNIPPET 1200 657 SNIPPET_NOT_RELEVANT 459035
ACTION SNIPPET 1200 657 SNIPPET_RELEVANT 237481
ACTION DOC 1200 677 EXAMINING_DOCUMENT 237481
ACTION MARK 1200 680 CONSIDERED_RELEVANT 237481
ACTION SNIPPET 1200 680 SNIPPET_NOT_RELEVANT 1293418
ACTION SNIPPET 1200 680 SNIPPET_NOT_RELEVANT 746241
ACTION SNIPPET 1200 680 SNIPPET_NOT_RELEVANT 346466
ACTION SNIPPET 1200 680 SNIPPET_NOT_RELEVANT 117396
ACTION SNIPPET 1200 680 SNIPPET_NOT_RELEVANT 62854
ACTION SNIPPET 1200 680 SNIPPET_NOT_RELEVANT 230057
ACTION SNIPPET 1200 680 SNIPPET_NOT_RELEVANT 1523116
ACTION SNIPPET 1200 680 SNIPPET_NOT_RELEVANT 740264
ACTION SNIPPET 1200 680 SNIPPET_NOT_RELEVANT 437186
ACTION SNIPPET 1200 680 SNIPPET_NOT_RELEVANT 517144
ACTION SNIPPET 1200 680 SNIPPET_NOT_RELEVANT 741802
ACTION SNIPPET 1200 680 SNIPPET_NOT_RELEVANT 1411316
ACTION SNIPPET 1200 680 SNIPPET_NOT_RELEVANT 284650
ACTION SNIPPET 1200 680 SNIPPET_NOT_RELEVANT 438484
ACTION SNIPPET 1200 680 SNIPPET_NOT_RELEVANT 483251
ACTION SNIPPET 1200 680 SNIPPET_NOT_RELEVANT 1006535
ACTION SNIPPET 1200 680 SNIPPET_RELEVANT 224951
ACTION DOC 1200 700 EXAMINING_DOCUMENT 224951
ACTION MARK 1200 703 CONSIDERED_RELEVANT 224951
ACTION SNIPPET 1200 703 SEEN_PREVIOUSLY 158643
ACTION SNIPPET 1200 703 SNIPPET_NOT_RELEVANT 443539
ACTION SNIPPET 1200 703 SNIPPET_NOT_RELEVANT 405322
ACTION SNIPPET 1200 703 SNIPPET_NOT_RELEVANT 1130866
ACTION SNIPPET 1200 703 SNIPPET_NOT_RELEVANT 358600
ACTION SNIPPET 1200 703 SNIPPET_NOT_RELEVANT 234043
ACTION SNIPPET 1200 703 SNIPPET_NOT_RELEVANT 1057354
ACTION SNIPPET 1200 703 SNIPPET_NOT_RELEVANT 742612
ACTION SNIPPET 1200 703 SNIPPET_NOT_RELEVANT 630350
ACTION SNIPPET 1200 703 SNIPPET_NOT_RELEVANT 814887
ACTION SNIPPET 1200 703 SNIPPET_NOT_RELEVANT 741207
ACTION SNIPPET 1200 703 SNIPPET_NOT_RELEVANT 1289783
ACTION SNIPPET 1200 703 SNIPPET_NOT_RELEVANT 59094
ACTION SNIPPET 1200 703 SNIPPET_NOT_RELEVANT 274831
ACTION SNIPPET 1200 703 SNIPPET_NOT_RELEVANT 1002346
ACTION SNIPPET 1200 703 SNIPPET_NOT_RELEVANT 399579
ACTION SNIPPET 1200 703 SNIPPET_NOT_RELEVANT 651229
ACTION SNIPPET 1200 703 SNIPPET_RELEVANT 228333
ACTION DOC 1200 723 EXAMINING_DOCUMENT 228333
ACTION MARK 1200 726 CONSIDERED_RELEVANT 228333
ACTION SNIPPET 1200 726 SNIPPET_NOT_RELEVANT 1533721
ACTION SNIPPET 1200 726 SNIPPET_NOT_RELEVANT 1019536
ACTION SNIPPET 1200 726 SNIPPET_NOT_RELEVANT 166573
ACTION SNIPPET 1200 726 SNIPPET_NOT_RELEVANT 1287954
ACTION SNIPPET 1200 726 SNIPPET_NOT_RELEVANT 348131
ACTION SNIPPET 1200 726 SNIPPET_RELEVANT 1523132
ACTION DOC 1200 746 EXAMINING_DOCUMENT 1523132
ACTION MARK 1200 749 CONSIDERED_RELEVANT 1523132
ACTION SNIPPET 1200 749 SNIPPET_NOT_RELEVANT 742315
ACTION SNIPPET 1200 749 SNIPPET_NOT_RELEVANT 742947
ACTION SNIPPET 1200 749 SNIPPET_NOT_RELEVANT 112599
ACTION SNIPPET 1200 749 SNIPPET_NOT_RELEVANT 1525643
ACTION SNIPPET 1200 749 SNIPPET_NOT_RELEVANT 599041
ACTION SNIPPET 1200 749 SNIPPET_NOT_RELEVANT 738872
ACTION SNIPPET 1200 749 SNIPPET_NOT_RELEVANT 820989
ACTION SNIPPET 1200 749 SNIPPET_NOT_RELEVANT 947392
ACTION SNIPPET 1200 749 SNIPPET_NOT_RELEVANT 951537
ACTION SNIPPET 1200 749 SNIPPET_NOT_RELEVANT 377943
ACTION SNIPPET 1200 749 SNIPPET_NOT_RELEVANT 219490
ACTION SNIPPET 1200 749 SNIPPET_NOT_RELEVANT 232525
ACTION SNIPPET 1200 749 SNIPPET_NOT_RELEVANT 530836
ACTION SNIPPET 1200 749 SNIPPET_RELEVANT 226800
ACTION DOC 1200 769 EXAMINING_DOCUMENT 226800
ACTION MARK 1200 772 CONSIDERED_RELEVANT 226800
ACTION QUERY 1200 782 Colombia rainforest protection
ACTION SERP 1200 787 EXAMINE_SERP
ACTION SNIPPET 1200 787 SNIPPET_NOT_RELEVANT 1191013
ACTION SNIPPET 1200 787 SNIPPET_NOT_RELEVANT 1854769
ACTION SNIPPET 1200 787 SNIPPET_NOT_RELEVANT 617201
ACTION SNIPPET 1200 787 SNIPPET_NOT_RELEVANT 1363263
ACTION SNIPPET 1200 787 SNIPPET_NOT_RELEVANT 951062
ACTION SNIPPET 1200 787 SNIPPET_NOT_RELEVANT 816854
ACTION SNIPPET 1200 787 SNIPPET_NOT_RELEVANT 1090235
ACTION SNIPPET 1200 787 SNIPPET_NOT_RELEVANT 994775
ACTION SNIPPET 1200 787 SNIPPET_NOT_RELEVANT 412444
ACTION SNIPPET 1200 787 SNIPPET_NOT_RELEVANT 1461493
ACTION SNIPPET 1200 787 SNIPPET_NOT_RELEVANT 927525
ACTION SNIPPET 1200 787 SNIPPET_NOT_RELEVANT 124091
ACTION SNIPPET 1200 787 SNIPPET_NOT_RELEVANT 1776671
ACTION SNIPPET 1200 787 SNIPPET_NOT_RELEVANT 608116
ACTION SNIPPET 1200 787 SNIPPET_NOT_RELEVANT 1733703
ACTION SNIPPET 1200 787 SNIPPET_NOT_RELEVANT 427143
ACTION SNIPPET 1200 787 SNIPPET_NOT_RELEVANT 1090694
ACTION SNIPPET 1200 787 SNIPPET_NOT_RELEVANT 1362903
ACTION SNIPPET 1200 787 SNIPPET_NOT_RELEVANT 1279488
ACTION SNIPPET 1200 787 SNIPPET_NOT_RELEVANT 1845254
ACTION SNIPPET 1200 787 SNIPPET_NOT_RELEVANT 1318293
ACTION SNIPPET 1200 787 SNIPPET_NOT_RELEVANT 242034
ACTION SNIPPET 1200 787 SNIPPET_NOT_RELEVANT 1394311
ACTION SNIPPET 1200 787 SNIPPET_NOT_RELEVANT 973357
ACTION SNIPPET 1200 787 SNIPPET_NOT_RELEVANT 123594
ACTION SNIPPET 1200 787 SNIPPET_NOT_RELEVANT 868712
ACTION SNIPPET 1200 787 SNIPPET_NOT_RELEVANT 1407301
ACTION SNIPPET 1200 787 SNIPPET_NOT_RELEVANT 1815960
ACTION SNIPPET 1200 787 SNIPPET_NOT_RELEVANT 1614698
ACTION SNIPPET 1200 787 SNIPPET_NOT_RELEVANT 1329226
ACTION SNIPPET 1200 787 SNIPPET_NOT_RELEVANT 1621061
ACTION SNIPPET 1200 787 SNIPPET_NOT_RELEVANT 374579
ACTION SNIPPET 1200 787 SNIPPET_NOT_RELEVANT 279994
ACTION SNIPPET 1200 787 SNIPPET_NOT_RELEVANT 941043
ACTION SNIPPET 1200 787 SNIPPET_NOT_RELEVANT 1388933
ACTION SNIPPET 1200 787 SNIPPET_NOT_RELEVANT 1224915
ACTION SNIPPET 1200 787 SNIPPET_NOT_RELEVANT 1495729
ACTION SNIPPET 1200 787 SNIPPET_NOT_RELEVANT 1402280
ACTION SNIPPET 1200 787 SNIPPET_NOT_RELEVANT 283263
ACTION SNIPPET 1200 787 SNIPPET_NOT_RELEVANT 279360
ACTION SNIPPET 1200 787 SNIPPET_NOT_RELEVANT 566837
ACTION SNIPPET 1200 787 SNIPPET_NOT_RELEVANT 1769897
ACTION SNIPPET 1200 787 SNIPPET_NOT_RELEVANT 1819288
ACTION SNIPPET 1200 787 SNIPPET_NOT_RELEVANT 1365482
ACTION SNIPPET 1200 787 SNIPPET_NOT_RELEVANT 378939
ACTION SNIPPET 1200 787 SNIPPET_NOT_RELEVANT 1656807
ACTION SNIPPET 1200 787 SNIPPET_NOT_RELEVANT 319528
ACTION SNIPPET 1200 787 SNIPPET_NOT_RELEVANT 1209413
ACTION SNIPPET 1200 787 SNIPPET_NOT_RELEVANT 1509949
ACTION SNIPPET 1200 787 SNIPPET_NOT_RELEVANT 872819
ACTION SNIPPET 1200 787 SNIPPET_NOT_RELEVANT 1225165
ACTION SNIPPET 1200 787 SNIPPET_NOT_RELEVANT 326425
ACTION SNIPPET 1200 787 SNIPPET_NOT_RELEVANT 1850694
ACTION SNIPPET 1200 787 SNIPPET_NOT_RELEVANT 974254
ACTION SNIPPET 1200 787 SNIPPET_NOT_RELEVANT 1686999
ACTION SNIPPET 1200 787 SNIPPET_NOT_RELEVANT 1552758
ACTION SNIPPET 1200 787 SNIPPET_NOT_RELEVANT 683220
ACTION SNIPPET 1200 787 SNIPPET_NOT_RELEVANT 1414742
ACTION SNIPPET 1200 787 SEEN_PREVIOUSLY 323354
ACTION SNIPPET 1200 787 SNIPPET_NOT_RELEVANT 602850
ACTION SNIPPET 1200 787 SNIPPET_NOT_RELEVANT 460012
ACTION SNIPPET 1200 787 SNIPPET_NOT_RELEVANT 1719553
ACTION SNIPPET 1200 787 SNIPPET_NOT_RELEVANT 703151
ACTION SNIPPET 1200 787 SNIPPET_NOT_RELEVANT 1503141
ACTION SNIPPET 1200 787 SNIPPET_NOT_RELEVANT 309158
ACTION SNIPPET 1200 787 SNIPPET_NOT_RELEVANT 1628215
ACTION SNIPPET 1200 787 SNIPPET_NOT_RELEVANT 558100
ACTION SNIPPET 1200 787 SNIPPET_NOT_RELEVANT 362658
ACTION SNIPPET 1200 787 SNIPPET_NOT_RELEVANT 667939
ACTION SNIPPET 1200 787 SNIPPET_NOT_RELEVANT 1737964
ACTION SNIPPET 1200 787 SNIPPET_NOT_RELEVANT 594642
ACTION SNIPPET 1200 787 SNIPPET_NOT_RELEVANT 622357
ACTION SNIPPET 1200 787 SNIPPET_NOT_RELEVANT 1641799
ACTION SNIPPET 1200 787 SNIPPET_NOT_RELEVANT 695416
ACTION SNIPPET 1200 787 SNIPPET_NOT_RELEVANT 1021619
ACTION SNIPPET 1200 787 SNIPPET_NOT_RELEVANT 1361254
ACTION SNIPPET 1200 787 SNIPPET_NOT_RELEVANT 1127204
ACTION SNIPPET 1200 787 SNIPPET_NOT_RELEVANT 563477
ACTION SNIPPET 1200 787 SNIPPET_NOT_RELEVANT 237770
ACTION SNIPPET 1200 787 SNIPPET_NOT_RELEVANT 1796570
ACTION SNIPPET 1200 787 SNIPPET_NOT_RELEVANT 286648
ACTION SNIPPET 1200 787 SNIPPET_NOT_RELEVANT 772585
ACTION SNIPPET 1200 787 SNIPPET_NOT_RELEVANT 277953
ACTION SNIPPET 1200 787 SNIPPET_NOT_RELEVANT 1513474
ACTION SNIPPET 1200 787 SNIPPET_NOT_RELEVANT 280005
ACTION SNIPPET 1200 787 SNIPPET_NOT_RELEVANT 1226436
ACTION SNIPPET 1200 787 SNIPPET_NOT_RELEVANT 568866
ACTION SNIPPET 1200 787 SNIPPET_NOT_RELEVANT 1150692
ACTION SNIPPET 1200 787 SNIPPET_NOT_RELEVANT 1226204
ACTION SNIPPET 1200 787 SNIPPET_NOT_RELEVANT 967705
ACTION SNIPPET 1200 787 SNIPPET_NOT_RELEVANT 1628107
ACTION SNIPPET 1200 787 SNIPPET_NOT_RELEVANT 1488794
ACTION SNIPPET 1200 787 SNIPPET_NOT_RELEVANT 1550944
ACTION SNIPPET 1200 787 SNIPPET_NOT_RELEVANT 1239716
ACTION SNIPPET 1200 787 SNIPPET_NOT_RELEVANT 409370
ACTION SNIPPET 1200 787 SNIPPET_NOT_RELEVANT 282348
ACTION SNIPPET 1200 787 SNIPPET_NOT_RELEVANT 1505074
ACTION SNIPPET 1200 787 SNIPPET_NOT_RELEVANT 1258173
ACTION SNIPPET 1200 787 SNIPPET_NOT_RELEVANT 689406
ACTION SNIPPET 1200 787 SNIPPET_NOT_RELEVANT 1691673
INFO SERP_END_REACHED 
ACTION QUERY 1200 797 Venezuela forest conservation
ACTION SERP 1200 802 EXAMINE_SERP
ACTION SNIPPET 1200 802 SNIPPET_NOT_RELEVANT 1188186
ACTION SNIPPET 1200 802 SNIPPET_NOT_RELEVANT 282946
ACTION SNIPPET 1200 802 SNIPPET_NOT_RELEVANT 421716
ACTION SNIPPET 1200 802 SNIPPET_NOT_RELEVANT 554767
ACTION SNIPPET 1200 802 SEEN_PREVIOUSLY 158643
ACTION SNIPPET 1200 802 SNIPPET_NOT_RELEVANT 507934
ACTION SNIPPET 1200 802 SNIPPET_NOT_RELEVANT 472876
ACTION SNIPPET 1200 802 SNIPPET_NOT_RELEVANT 630557
ACTION SNIPPET 1200 802 SNIPPET_NOT_RELEVANT 635569
ACTION SNIPPET 1200 802 SNIPPET_NOT_RELEVANT 230057
ACTION SNIPPET 1200 802 SNIPPET_NOT_RELEVANT 887412
ACTION SNIPPET 1200 802 SNIPPET_NOT_RELEVANT 662858
ACTION SNIPPET 1200 802 SNIPPET_NOT_RELEVANT 774427
ACTION SNIPPET 1200 802 SNIPPET_NOT_RELEVANT 1638022
ACTION SNIPPET 1200 802 SEEN_PREVIOUSLY 487920
ACTION SNIPPET 1200 802 SNIPPET_NOT_RELEVANT 69682
ACTION SNIPPET 1200 802 SNIPPET_NOT_RELEVANT 1113613
ACTION SNIPPET 1200 802 SNIPPET_NOT_RELEVANT 1650162
ACTION SNIPPET 1200 802 SNIPPET_NOT_RELEVANT 386660
ACTION SNIPPET 1200 802 SNIPPET_NOT_RELEVANT 1712513
ACTION SNIPPET 1200 802 SNIPPET_NOT_RELEVANT 446432
ACTION SNIPPET 1200 802 SNIPPET_NOT_RELEVANT 1829495
ACTION SNIPPET 1200 802 SNIPPET_NOT_RELEVANT 113607
ACTION SNIPPET 1200 802 SNIPPET_NOT_RELEVANT 1281693
ACTION SNIPPET 1200 802 SNIPPET_NOT_RELEVANT 662192
ACTION SNIPPET 1200 802 SNIPPET_NOT_RELEVANT 468601
ACTION SNIPPET 1200 802 SNIPPET_NOT_RELEVANT 1723229
ACTION SNIPPET 1200 802 SNIPPET_NOT_RELEVANT 937012
ACTION SNIPPET 1200 802 SNIPPET_NOT_RELEVANT 1258588
ACTION SNIPPET 1200 802 SNIPPET_NOT_RELEVANT 591701
ACTION SNIPPET 1200 802 SNIPPET_NOT_RELEVANT 1797760
ACTION SNIPPET 1200 802 SNIPPET_NOT_RELEVANT 1391555
ACTION SNIPPET 1200 802 SNIPPET_NOT_RELEVANT 384928
ACTION SNIPPET 1200 802 SNIPPET_NOT_RELEVANT 404258
ACTION SNIPPET 1200 802 SNIPPET_NOT_RELEVANT 1252636
ACTION SNIPPET 1200 802 SNIPPET_NOT_RELEVANT 182649
ACTION SNIPPET 1200 802 SNIPPET_NOT_RELEVANT 1752021
ACTION SNIPPET 1200 802 SNIPPET_NOT_RELEVANT 1243397
ACTION SNIPPET 1200 802 SNIPPET_NOT_RELEVANT 1501234
ACTION SNIPPET 1200 802 SNIPPET_NOT_RELEVANT 356996
ACTION SNIPPET 1200 802 SNIPPET_NOT_RELEVANT 825610
ACTION SNIPPET 1200 802 SNIPPET_NOT_RELEVANT 217121
ACTION SNIPPET 1200 802 SNIPPET_NOT_RELEVANT 381098
ACTION SNIPPET 1200 802 SNIPPET_NOT_RELEVANT 1818627
ACTION SNIPPET 1200 802 SNIPPET_NOT_RELEVANT 1539684
ACTION SNIPPET 1200 802 SNIPPET_NOT_RELEVANT 461757
ACTION SNIPPET 1200 802 SNIPPET_NOT_RELEVANT 448696
ACTION SNIPPET 1200 802 SNIPPET_NOT_RELEVANT 1281355
ACTION SNIPPET 1200 802 SNIPPET_NOT_RELEVANT 1070142
ACTION SNIPPET 1200 802 SNIPPET_NOT_RELEVANT 498996
ACTION SNIPPET 1200 802 SNIPPET_NOT_RELEVANT 1644350
ACTION SNIPPET 1200 802 SNIPPET_NOT_RELEVANT 1084573
ACTION SNIPPET 1200 802 SNIPPET_NOT_RELEVANT 98072
ACTION SNIPPET 1200 802 SEEN_PREVIOUSLY 82415
ACTION SNIPPET 1200 802 SNIPPET_NOT_RELEVANT 1614476
ACTION SNIPPET 1200 802 SNIPPET_NOT_RELEVANT 478679
ACTION SNIPPET 1200 802 SNIPPET_NOT_RELEVANT 1717744
ACTION SNIPPET 1200 802 SNIPPET_NOT_RELEVANT 1165276
ACTION SNIPPET 1200 802 SNIPPET_NOT_RELEVANT 1600705
ACTION SNIPPET 1200 802 SNIPPET_NOT_RELEVANT 1548190
ACTION SNIPPET 1200 802 SNIPPET_NOT_RELEVANT 986055
ACTION SNIPPET 1200 802 SNIPPET_NOT_RELEVANT 1521734
ACTION SNIPPET 1200 802 SNIPPET_NOT_RELEVANT 1069476
ACTION SNIPPET 1200 802 SNIPPET_NOT_RELEVANT 1071443
ACTION SNIPPET 1200 802 SNIPPET_NOT_RELEVANT 280936
ACTION SNIPPET 1200 802 SNIPPET_NOT_RELEVANT 1353821
ACTION SNIPPET 1200 802 SNIPPET_NOT_RELEVANT 1837357
ACTION SNIPPET 1200 802 SEEN_PREVIOUSLY 1013462
ACTION SNIPPET 1200 802 SNIPPET_NOT_RELEVANT 1794289
ACTION SNIPPET 1200 802 SNIPPET_NOT_RELEVANT 180930
ACTION SNIPPET 1200 802 SNIPPET_NOT_RELEVANT 525582
ACTION SNIPPET 1200 802 SNIPPET_NOT_RELEVANT 112599
ACTION SNIPPET 1200 802 SNIPPET_NOT_RELEVANT 662016
ACTION SNIPPET 1200 802 SNIPPET_NOT_RELEVANT 995038
ACTION SNIPPET 1200 802 SNIPPET_NOT_RELEVANT 1051003
ACTION SNIPPET 1200 802 SNIPPET_NOT_RELEVANT 1162715
ACTION SNIPPET 1200 802 SNIPPET_NOT_RELEVANT 1729869
ACTION SNIPPET 1200 802 SNIPPET_NOT_RELEVANT 1381983
ACTION SNIPPET 1200 802 SEEN_PREVIOUSLY 878545
ACTION SNIPPET 1200 802 SNIPPET_NOT_RELEVANT 1217237
ACTION SNIPPET 1200 802 SNIPPET_NOT_RELEVANT 1806090
ACTION SNIPPET 1200 802 SNIPPET_NOT_RELEVANT 1464348
ACTION SNIPPET 1200 802 SNIPPET_NOT_RELEVANT 1833139
ACTION SNIPPET 1200 802 SNIPPET_NOT_RELEVANT 978529
ACTION SNIPPET 1200 802 SNIPPET_NOT_RELEVANT 633104
ACTION SNIPPET 1200 802 SNIPPET_NOT_RELEVANT 594887
ACTION SNIPPET 1200 802 SNIPPET_NOT_RELEVANT 855213
ACTION SNIPPET 1200 802 SNIPPET_NOT_RELEVANT 728364
ACTION SNIPPET 1200 802 SNIPPET_NOT_RELEVANT 1809416
ACTION SNIPPET 1200 802 SNIPPET_NOT_RELEVANT 630026
ACTION SNIPPET 1200 802 SNIPPET_NOT_RELEVANT 630350
ACTION SNIPPET 1200 802 SNIPPET_NOT_RELEVANT 1442571
ACTION SNIPPET 1200 802 SNIPPET_NOT_RELEVANT 1576071
ACTION SNIPPET 1200 802 SNIPPET_NOT_RELEVANT 1639722
ACTION SNIPPET 1200 802 SNIPPET_NOT_RELEVANT 832312
ACTION SNIPPET 1200 802 SNIPPET_NOT_RELEVANT 383485
ACTION SNIPPET 1200 802 SNIPPET_NOT_RELEVANT 534180
ACTION SNIPPET 1200 802 SNIPPET_NOT_RELEVANT 1640930
ACTION SNIPPET 1200 802 SNIPPET_NOT_RELEVANT 221407
ACTION SNIPPET 1200 802 SNIPPET_NOT_RELEVANT 353690
INFO SERP_END_REACHED 
INFO OUT_OF_QUERIES 
INFO SUMMARY 
INFO TOTAL_QUERIES_ISSUED 9
INFO TOTAL_SNIPPETS_EXAMINED 629
INFO TOTAL_DOCUMENTS_EXAMINED 29
INFO TOTAL_DOCUMENTS_MARKED_RELEVANT 29
INFO TOTAL_ATTRACTIVE_SERP_IMPRESSIONS 9
INFO TOTAL_UNATTRACTIVE_SERP_IMPRESSIONS 0
INFO TOTAL_TREC_RELEVANT_DOCS 29
INFO TOTAL_UNIQ_TREC_RELEVANT_DOCS 29
INFO PRECISION_TREC_RELEVANT_DOCS 1.0
