ACTION START 1200 0 START
ACTION QUERY 1200 10 airport security
ACTION SERP 1200 15 EXAMINE_SERP
ACTION SNIPPET 1200 15 SNIPPET_RELEVANT 871951
ACTION DOC 1200 35 EXAMINING_DOCUMENT 871951
ACTION MARK 1200 38 CONSIDERED_RELEVANT 871951
ACTION SNIPPET 1200 38 SNIPPET_NOT_RELEVANT 877817
ACTION SNIPPET 1200 38 SNIPPET_NOT_RELEVANT 1406057
ACTION SNIPPET 1200 38 SNIPPET_NOT_RELEVANT 1474304
ACTION SNIPPET 1200 38 SNIPPET_NOT_RELEVANT 104570
ACTION SNIPPET 1200 38 SNIPPET_RELEVANT 1326248
ACTION DOC 1200 58 EXAMINING_DOCUMENT 1326248
ACTION MARK 1200 61 CONSIDERED_RELEVANT 1326248
ACTION SNIPPET 1200 61 SNIPPET_NOT_RELEVANT 1353553
ACTION SNIPPET 1200 61 SNIPPET_NOT_RELEVANT 1401837
ACTION SNIPPET 1200 61 SNIPPET_NOT_RELEVANT 50316
ACTION SNIPPET 1200 61 SNIPPET_NOT_RELEVANT 1330367
ACTION SNIPPET 1200 61 SNIPPET_NOT_RELEVANT 1415432
ACTION SNIPPET 1200 61 SNIPPET_NOT_RELEVANT 159489
ACTION SNIPPET 1200 61 SNIPPET_NOT_RELEVANT 1399640
ACTION SNIPPET 1200 61 SNIPPET_NOT_RELEVANT 1523134
ACTION SNIPPET 1200 61 SNIPPET_NOT_RELEVANT 1684877
ACTION SNIPPET 1200 61 SNIPPET_NOT_RELEVANT 1511476
ACTION SNIPPET 1200 61 SNIPPET_NOT_RELEVANT 1364041
ACTION SNIPPET 1200 61 SNIPPET_NOT_RELEVANT 1443897
ACTION SNIPPET 1200 61 SNIPPET_NOT_RELEVANT 655267
ACTION SNIPPET 1200 61 SNIPPET_RELEVANT 620705
ACTION DOC 1200 81 EXAMINING_DOCUMENT 620705
ACTION MARK 1200 84 CONSIDERED_RELEVANT 620705
ACTION SNIPPET 1200 84 SNIPPET_NOT_RELEVANT 867368
ACTION SNIPPET 1200 84 SNIPPET_NOT_RELEVANT 798731
ACTION SNIPPET 1200 84 SNIPPET_NOT_RELEVANT 797972
ACTION SNIPPET 1200 84 SNIPPET_NOT_RELEVANT 843531
ACTION SNIPPET 1200 84 SNIPPET_NOT_RELEVANT 1329682
ACTION SNIPPET 1200 84 SNIPPET_NOT_RELEVANT 1330091
ACTION SNIPPET 1200 84 SNIPPET_NOT_RELEVANT 606144
ACTION SNIPPET 1200 84 SNIPPET_NOT_RELEVANT 1328906
ACTION SNIPPET 1200 84 SNIPPET_NOT_RELEVANT 1383446
ACTION SNIPPET 1200 84 SNIPPET_NOT_RELEVANT 29197
ACTION SNIPPET 1200 84 SNIPPET_NOT_RELEVANT 1329335
ACTION SNIPPET 1200 84 SNIPPET_NOT_RELEVANT 1440741
ACTION SNIPPET 1200 84 SNIPPET_NOT_RELEVANT 1326786
ACTION SNIPPET 1200 84 SNIPPET_NOT_RELEVANT 1784331
ACTION SNIPPET 1200 84 SNIPPET_NOT_RELEVANT 1359019
ACTION SNIPPET 1200 84 SNIPPET_NOT_RELEVANT 771168
ACTION SNIPPET 1200 84 SNIPPET_RELEVANT 249596
ACTION DOC 1200 104 EXAMINING_DOCUMENT 249596
ACTION MARK 1200 107 CONSIDERED_RELEVANT 249596
ACTION SNIPPET 1200 107 SNIPPET_NOT_RELEVANT 1334293
ACTION SNIPPET 1200 107 SNIPPET_RELEVANT 1402074
ACTION DOC 1200 127 EXAMINING_DOCUMENT 1402074
ACTION MARK 1200 130 CONSIDERED_RELEVANT 1402074
ACTION QUERY 1200 140 flight safety measures
ACTION SERP 1200 145 EXAMINE_SERP
ACTION SNIPPET 1200 145 SNIPPET_NOT_RELEVANT 984239
ACTION SNIPPET 1200 145 SNIPPET_NOT_RELEVANT 943906
ACTION SNIPPET 1200 145 SNIPPET_NOT_RELEVANT 740329
ACTION SNIPPET 1200 145 SNIPPET_NOT_RELEVANT 1804025
ACTION SNIPPET 1200 145 SNIPPET_NOT_RELEVANT 270270
ACTION SNIPPET 1200 145 SNIPPET_NOT_RELEVANT 2828
ACTION SNIPPET 1200 145 SNIPPET_NOT_RELEVANT 2828
ACTION SNIPPET 1200 145 SNIPPET_NOT_RELEVANT 725873
ACTION SNIPPET 1200 145 SNIPPET_NOT_RELEVANT 867351
ACTION SNIPPET 1200 145 SNIPPET_NOT_RELEVANT 930831
ACTION SNIPPET 1200 145 SNIPPET_NOT_RELEVANT 827393
ACTION SNIPPET 1200 145 SNIPPET_NOT_RELEVANT 48534
ACTION SNIPPET 1200 145 SNIPPET_NOT_RELEVANT 80279
ACTION SNIPPET 1200 145 SNIPPET_NOT_RELEVANT 732045
ACTION SNIPPET 1200 145 SNIPPET_NOT_RELEVANT 285558
ACTION SNIPPET 1200 145 SNIPPET_NOT_RELEVANT 1175611
ACTION SNIPPET 1200 145 SNIPPET_NOT_RELEVANT 321802
ACTION SNIPPET 1200 145 SNIPPET_NOT_RELEVANT 1112022
ACTION SNIPPET 1200 145 SNIPPET_NOT_RELEVANT 124728
ACTION SNIPPET 1200 145 SNIPPET_NOT_RELEVANT 874469
ACTION SNIPPET 1200 145 SNIPPET_NOT_RELEVANT 900892
ACTION SNIPPET 1200 145 SNIPPET_NOT_RELEVANT 932024
ACTION SNIPPET 1200 145 SNIPPET_NOT_RELEVANT 867369
ACTION SNIPPET 1200 145 SNIPPET_NOT_RELEVANT 186982
ACTION SNIPPET 1200 145 SNIPPET_NOT_RELEVANT 117981
ACTION SNIPPET 1200 145 SNIPPET_NOT_RELEVANT 641235
ACTION SNIPPET 1200 145 SNIPPET_NOT_RELEVANT 1008430
ACTION SNIPPET 1200 145 SNIPPET_NOT_RELEVANT 1742209
ACTION SNIPPET 1200 145 SNIPPET_NOT_RELEVANT 875525
ACTION SNIPPET 1200 145 SNIPPET_NOT_RELEVANT 638131
ACTION SNIPPET 1200 145 SNIPPET_NOT_RELEVANT 431590
ACTION SNIPPET 1200 145 SNIPPET_NOT_RELEVANT 431033
ACTION SNIPPET 1200 145 SNIPPET_NOT_RELEVANT 882452
ACTION SNIPPET 1200 145 SNIPPET_NOT_RELEVANT 88076
ACTION SNIPPET 1200 145 SNIPPET_NOT_RELEVANT 942965
ACTION SNIPPET 1200 145 SNIPPET_NOT_RELEVANT 851481
ACTION SNIPPET 1200 145 SNIPPET_NOT_RELEVANT 198194
ACTION SNIPPET 1200 145 SNIPPET_NOT_RELEVANT 281477
ACTION SNIPPET 1200 145 SNIPPET_NOT_RELEVANT 871486
ACTION SNIPPET 1200 145 SNIPPET_NOT_RELEVANT 1156128
ACTION SNIPPET 1200 145 SNIPPET_NOT_RELEVANT 40292
ACTION SNIPPET 1200 145 SNIPPET_NOT_RELEVANT 419956
ACTION SNIPPET 1200 145 SNIPPET_NOT_RELEVANT 747253
ACTION SNIPPET 1200 145 SNIPPET_NOT_RELEVANT 1555502
ACTION SNIPPET 1200 145 SNIPPET_NOT_RELEVANT 874238
ACTION SNIPPET 1200 145 SNIPPET_NOT_RELEVANT 784212
ACTION SNIPPET 1200 145 SNIPPET_NOT_RELEVANT 1158656
ACTION SNIPPET 1200 145 SNIPPET_NOT_RELEVANT 851382
ACTION SNIPPET 1200 145 SNIPPET_NOT_RELEVANT 146226
ACTION SNIPPET 1200 145 SNIPPET_NOT_RELEVANT 268736
ACTION SNIPPET 1200 145 SNIPPET_NOT_RELEVANT 1707384
ACTION SNIPPET 1200 145 SNIPPET_NOT_RELEVANT 1356777
ACTION SNIPPET 1200 145 SNIPPET_NOT_RELEVANT 226356
ACTION SNIPPET 1200 145 SNIPPET_NOT_RELEVANT 890045
ACTION SNIPPET 1200 145 SNIPPET_NOT_RELEVANT 945048
ACTION SNIPPET 1200 145 SNIPPET_NOT_RELEVANT 67887
ACTION SNIPPET 1200 145 SNIPPET_NOT_RELEVANT 1686144
ACTION SNIPPET 1200 145 SNIPPET_NOT_RELEVANT 866718
ACTION SNIPPET 1200 145 SNIPPET_NOT_RELEVANT 1326515
ACTION SNIPPET 1200 145 SNIPPET_NOT_RELEVANT 728936
ACTION SNIPPET 1200 145 SNIPPET_NOT_RELEVANT 890036
ACTION SNIPPET 1200 145 SNIPPET_NOT_RELEVANT 1686881
ACTION SNIPPET 1200 145 SNIPPET_NOT_RELEVANT 104283
ACTION SNIPPET 1200 145 SNIPPET_NOT_RELEVANT 649770
ACTION SNIPPET 1200 145 SNIPPET_RELEVANT 1339461
ACTION DOC 1200 165 EXAMINING_DOCUMENT 1339461
ACTION MARK 1200 168 CONSIDERED_RELEVANT 1339461
ACTION SNIPPET 1200 168 SNIPPET_NOT_RELEVANT 390128
ACTION SNIPPET 1200 168 SNIPPET_NOT_RELEVANT 323282
ACTION SNIPPET 1200 168 SNIPPET_NOT_RELEVANT 766668
ACTION SNIPPET 1200 168 SNIPPET_NOT_RELEVANT 867365
ACTION SNIPPET 1200 168 SNIPPET_NOT_RELEVANT 1182598
ACTION SNIPPET 1200 168 SNIPPET_NOT_RELEVANT 103434
ACTION SNIPPET 1200 168 SNIPPET_NOT_RELEVANT 943557
ACTION SNIPPET 1200 168 SNIPPET_NOT_RELEVANT 683763
ACTION SNIPPET 1200 168 SNIPPET_NOT_RELEVANT 1058027
ACTION SNIPPET 1200 168 SNIPPET_NOT_RELEVANT 1538129
ACTION SNIPPET 1200 168 SNIPPET_NOT_RELEVANT 743175
ACTION SNIPPET 1200 168 SNIPPET_NOT_RELEVANT 1537337
ACTION SNIPPET 1200 168 SNIPPET_NOT_RELEVANT 867328
ACTION SNIPPET 1200 168 SNIPPET_NOT_RELEVANT 1479091
ACTION SNIPPET 1200 168 SNIPPET_NOT_RELEVANT 70178
ACTION SNIPPET 1200 168 SNIPPET_NOT_RELEVANT 726697
ACTION SNIPPET 1200 168 SNIPPET_NOT_RELEVANT 1455536
ACTION SNIPPET 1200 168 SNIPPET_NOT_RELEVANT 744930
ACTION SNIPPET 1200 168 SNIPPET_NOT_RELEVANT 490758
ACTION SNIPPET 1200 168 SNIPPET_NOT_RELEVANT 66136
ACTION SNIPPET 1200 168 SNIPPET_NOT_RELEVANT 897152
ACTION SNIPPET 1200 168 SNIPPET_NOT_RELEVANT 35202
ACTION SNIPPET 1200 168 SNIPPET_NOT_RELEVANT 983946
ACTION SNIPPET 1200 168 SNIPPET_NOT_RELEVANT 1156671
ACTION SNIPPET 1200 168 SNIPPET_NOT_RELEVANT 617544
ACTION SNIPPET 1200 168 SNIPPET_NOT_RELEVANT 1559845
ACTION SNIPPET 1200 168 SNIPPET_NOT_RELEVANT 1745566
ACTION SNIPPET 1200 168 SNIPPET_NOT_RELEVANT 229499
ACTION SNIPPET 1200 168 SNIPPET_NOT_RELEVANT 59346
ACTION SNIPPET 1200 168 SNIPPET_NOT_RELEVANT 141220
ACTION SNIPPET 1200 168 SNIPPET_NOT_RELEVANT 1032173
ACTION SNIPPET 1200 168 SNIPPET_NOT_RELEVANT 994620
ACTION SNIPPET 1200 168 SNIPPET_NOT_RELEVANT 296475
ACTION SNIPPET 1200 168 SNIPPET_NOT_RELEVANT 725286
ACTION SNIPPET 1200 168 SNIPPET_NOT_RELEVANT 895771
INFO SERP_END_REACHED 
ACTION QUERY 1200 178 airline passenger screening
ACTION SERP 1200 183 EXAMINE_SERP
ACTION SNIPPET 1200 183 SNIPPET_NOT_RELEVANT 1606973
ACTION SNIPPET 1200 183 SNIPPET_NOT_RELEVANT 186632
ACTION SNIPPET 1200 183 SNIPPET_NOT_RELEVANT 1604581
ACTION SNIPPET 1200 183 SNIPPET_NOT_RELEVANT 57399
ACTION SNIPPET 1200 183 SNIPPET_NOT_RELEVANT 1591859
ACTION SNIPPET 1200 183 SNIPPET_NOT_RELEVANT 339563
ACTION SNIPPET 1200 183 SNIPPET_NOT_RELEVANT 1339259
ACTION SNIPPET 1200 183 SNIPPET_NOT_RELEVANT 50068
ACTION SNIPPET 1200 183 SNIPPET_NOT_RELEVANT 1755312
ACTION SNIPPET 1200 183 SNIPPET_RELEVANT 102753
ACTION DOC 1200 203 EXAMINING_DOCUMENT 102753
ACTION MARK 1200 206 CONSIDERED_RELEVANT 102753
ACTION SNIPPET 1200 206 SNIPPET_NOT_RELEVANT 1676768
ACTION SNIPPET 1200 206 SNIPPET_RELEVANT 986959
ACTION DOC 1200 226 EXAMINING_DOCUMENT 986959
ACTION MARK 1200 229 CONSIDERED_RELEVANT 986959
ACTION SNIPPET 1200 229 SNIPPET_RELEVANT 1550364
ACTION DOC 1200 249 EXAMINING_DOCUMENT 1550364
ACTION MARK 1200 252 CONSIDERED_RELEVANT 1550364
ACTION SNIPPET 1200 252 SNIPPET_NOT_RELEVANT 1359733
ACTION SNIPPET 1200 252 SNIPPET_RELEVANT 1613428
ACTION DOC 1200 272 EXAMINING_DOCUMENT 1613428
ACTION MARK 1200 275 CONSIDERED_RELEVANT 1613428
ACTION SNIPPET 1200 275 SNIPPET_NOT_RELEVANT 210862
ACTION SNIPPET 1200 275 SNIPPET_NOT_RELEVANT 520464
ACTION SNIPPET 1200 275 SNIPPET_NOT_RELEVANT 1334897
ACTION SNIPPET 1200 275 SNIPPET_NOT_RELEVANT 418017
ACTION SNIPPET 1200 275 SNIPPET_NOT_RELEVANT 1522759
ACTION SNIPPET 1200 275 SNIPPET_NOT_RELEVANT 1353553
ACTION SNIPPET 1200 275 SNIPPET_NOT_RELEVANT 1367994
ACTION SNIPPET 1200 275 SNIPPET_NOT_RELEVANT 1339765
ACTION SNIPPET 1200 275 SEEN_PREVIOUSLY 1339461
ACTION SNIPPET 1200 275 SNIPPET_NOT_RELEVANT 1452144
ACTION SNIPPET 1200 275 SNIPPET_RELEVANT 984463
ACTION DOC 1200 295 EXAMINING_DOCUMENT 984463
ACTION MARK 1200 298 CONSIDERED_RELEVANT 984463
ACTION QUERY 1200 308 terrorism prevention
ACTION SERP 1200 313 EXAMINE_SERP
ACTION SNIPPET 1200 313 SNIPPET_NOT_RELEVANT 1489132
ACTION SNIPPET 1200 313 SNIPPET_NOT_RELEVANT 1346047
ACTION SNIPPET 1200 313 SNIPPET_NOT_RELEVANT 1366080
ACTION SNIPPET 1200 313 SNIPPET_NOT_RELEVANT 1390755
ACTION SNIPPET 1200 313 SNIPPET_NOT_RELEVANT 1549587
ACTION SNIPPET 1200 313 SNIPPET_NOT_RELEVANT 868363
ACTION SNIPPET 1200 313 SNIPPET_NOT_RELEVANT 1732600
ACTION SNIPPET 1200 313 SNIPPET_NOT_RELEVANT 1689130
ACTION SNIPPET 1200 313 SNIPPET_NOT_RELEVANT 1468984
ACTION SNIPPET 1200 313 SNIPPET_NOT_RELEVANT 1324465
ACTION SNIPPET 1200 313 SNIPPET_NOT_RELEVANT 1335334
ACTION SNIPPET 1200 313 SNIPPET_NOT_RELEVANT 1815054
ACTION SNIPPET 1200 313 SNIPPET_NOT_RELEVANT 1474349
ACTION SNIPPET 1200 313 SNIPPET_NOT_RELEVANT 1430420
ACTION SNIPPET 1200 313 SNIPPET_NOT_RELEVANT 1611550
ACTION SNIPPET 1200 313 SNIPPET_NOT_RELEVANT 1332562
ACTION SNIPPET 1200 313 SNIPPET_NOT_RELEVANT 876533
ACTION SNIPPET 1200 313 SNIPPET_NOT_RELEVANT 1345384
ACTION SNIPPET 1200 313 SNIPPET_NOT_RELEVANT 1722834
ACTION SNIPPET 1200 313 SNIPPET_NOT_RELEVANT 1348131
ACTION SNIPPET 1200 313 SNIPPET_NOT_RELEVANT 1691087
ACTION SNIPPET 1200 313 SNIPPET_NOT_RELEVANT 1384401
ACTION SNIPPET 1200 313 SNIPPET_NOT_RELEVANT 1356095
ACTION SNIPPET 1200 313 SNIPPET_NOT_RELEVANT 1594435
ACTION SNIPPET 1200 313 SNIPPET_NOT_RELEVANT 1328692
ACTION SNIPPET 1200 313 SNIPPET_NOT_RELEVANT 1352358
ACTION SNIPPET 1200 313 SNIPPET_NOT_RELEVANT 1610065
ACTION SNIPPET 1200 313 SNIPPET_NOT_RELEVANT 1367677
ACTION SNIPPET 1200 313 SNIPPET_NOT_RELEVANT 1523517
ACTION SNIPPET 1200 313 SNIPPET_NOT_RELEVANT 1670558
ACTION SNIPPET 1200 313 SNIPPET_NOT_RELEVANT 836503
ACTION SNIPPET 1200 313 SNIPPET_NOT_RELEVANT 952874
ACTION SNIPPET 1200 313 SNIPPET_NOT_RELEVANT 1829494
ACTION SNIPPET 1200 313 SNIPPET_NOT_RELEVANT 1442347
ACTION SNIPPET 1200 313 SNIPPET_NOT_RELEVANT 1338852
ACTION SNIPPET 1200 313 SNIPPET_NOT_RELEVANT 1507283
ACTION SNIPPET 1200 313 SNIPPET_NOT_RELEVANT 894616
ACTION SNIPPET 1200 313 SNIPPET_NOT_RELEVANT 1510647
ACTION SNIPPET 1200 313 SNIPPET_NOT_RELEVANT 1382572
ACTION SNIPPET 1200 313 SNIPPET_NOT_RELEVANT 1443893
ACTION SNIPPET 1200 313 SNIPPET_NOT_RELEVANT 1601393
ACTION SNIPPET 1200 313 SNIPPET_NOT_RELEVANT 1410685
ACTION SNIPPET 1200 313 SNIPPET_NOT_RELEVANT 784504
ACTION SNIPPET 1200 313 SNIPPET_NOT_RELEVANT 1444662
ACTION SNIPPET 1200 313 SNIPPET_NOT_RELEVANT 1040592
ACTION SNIPPET 1200 313 SNIPPET_NOT_RELEVANT 834557
ACTION SNIPPET 1200 313 SNIPPET_NOT_RELEVANT 1617728
ACTION SNIPPET 1200 313 SNIPPET_NOT_RELEVANT 1545785
ACTION SNIPPET 1200 313 SNIPPET_NOT_RELEVANT 1486956
ACTION SNIPPET 1200 313 SNIPPET_NOT_RELEVANT 1606096
ACTION SNIPPET 1200 313 SNIPPET_NOT_RELEVANT 1611552
ACTION SNIPPET 1200 313 SNIPPET_NOT_RELEVANT 875480
ACTION SNIPPET 1200 313 SNIPPET_NOT_RELEVANT 1394943
ACTION SNIPPET 1200 313 SNIPPET_NOT_RELEVANT 1717808
ACTION SNIPPET 1200 313 SNIPPET_NOT_RELEVANT 1383113
ACTION SNIPPET 1200 313 SNIPPET_NOT_RELEVANT 17249
ACTION SNIPPET 1200 313 SNIPPET_NOT_RELEVANT 1611549
ACTION SNIPPET 1200 313 SNIPPET_NOT_RELEVANT 1507058
ACTION SNIPPET 1200 313 SNIPPET_NOT_RELEVANT 502310
ACTION SNIPPET 1200 313 SNIPPET_NOT_RELEVANT 1377489
ACTION SNIPPET 1200 313 SNIPPET_NOT_RELEVANT 1519665
ACTION SNIPPET 1200 313 SNIPPET_NOT_RELEVANT 1608970
ACTION SNIPPET 1200 313 SNIPPET_NOT_RELEVANT 1611551
ACTION SNIPPET 1200 313 SNIPPET_NOT_RELEVANT 1346813
ACTION SNIPPET 1200 313 SNIPPET_NOT_RELEVANT 1526074
ACTION SNIPPET 1200 313 SNIPPET_NOT_RELEVANT 1325639
ACTION SNIPPET 1200 313 SNIPPET_NOT_RELEVANT 1515066
ACTION SNIPPET 1200 313 SNIPPET_NOT_RELEVANT 1601404
ACTION SNIPPET 1200 313 SNIPPET_NOT_RELEVANT 1431202
ACTION SNIPPET 1200 313 SNIPPET_NOT_RELEVANT 1435489
ACTION SNIPPET 1200 313 SNIPPET_NOT_RELEVANT 1766292
ACTION SNIPPET 1200 313 SNIPPET_NOT_RELEVANT 1423859
ACTION SNIPPET 1200 313 SNIPPET_NOT_RELEVANT 1390786
ACTION SNIPPET 1200 313 SNIPPET_NOT_RELEVANT 1346046
ACTION SNIPPET 1200 313 SNIPPET_NOT_RELEVANT 1573835
ACTION SNIPPET 1200 313 SNIPPET_NOT_RELEVANT 1358535
ACTION SNIPPET 1200 313 SNIPPET_NOT_RELEVANT 1432358
ACTION SNIPPET 1200 313 SNIPPET_NOT_RELEVANT 896637
ACTION SNIPPET 1200 313 SNIPPET_NOT_RELEVANT 1690567
ACTION SNIPPET 1200 313 SNIPPET_NOT_RELEVANT 1686019
ACTION SNIPPET 1200 313 SNIPPET_NOT_RELEVANT 1376344
ACTION SNIPPET 1200 313 SNIPPET_NOT_RELEVANT 1375478
ACTION SNIPPET 1200 313 SNIPPET_NOT_RELEVANT 1428504
ACTION SNIPPET 1200 313 SNIPPET_NOT_RELEVANT 1163246
ACTION SNIPPET 1200 313 SNIPPET_NOT_RELEVANT 1389167
ACTION SNIPPET 1200 313 SNIPPET_NOT_RELEVANT 1794101
ACTION SNIPPET 1200 313 SNIPPET_NOT_RELEVANT 1719966
ACTION SNIPPET 1200 313 SNIPPET_NOT_RELEVANT 836049
ACTION SNIPPET 1200 313 SNIPPET_NOT_RELEVANT 1429939
ACTION SNIPPET 1200 313 SNIPPET_NOT_RELEVANT 778881
ACTION SNIPPET 1200 313 SNIPPET_NOT_RELEVANT 1523894
ACTION SNIPPET 1200 313 SNIPPET_NOT_RELEVANT 1604859
ACTION SNIPPET 1200 313 SNIPPET_NOT_RELEVANT 1344517
ACTION SNIPPET 1200 313 SNIPPET_NOT_RELEVANT 1401418
ACTION SNIPPET 1200 313 SNIPPET_NOT_RELEVANT 876824
ACTION SNIPPET 1200 313 SNIPPET_NOT_RELEVANT 1327977
ACTION SNIPPET 1200 313 SNIPPET_NOT_RELEVANT 206083
ACTION SNIPPET 1200 313 SNIPPET_NOT_RELEVANT 1117871
ACTION SNIPPET 1200 313 SNIPPET_NOT_RELEVANT 1393237
ACTION SNIPPET 1200 313 SNIPPET_NOT_RELEVANT 1060126
INFO SERP_END_REACHED 
ACTION QUERY 1200 323 luggage screening techniques
ACTION SERP 1200 328 EXAMINE_SERP
ACTION SNIPPET 1200 328 SNIPPET_RELEVANT 693059
ACTION DOC 1200 348 EXAMINING_DOCUMENT 693059
ACTION MARK 1200 351 CONSIDERED_RELEVANT 693059
ACTION SNIPPET 1200 351 SNIPPET_RELEVANT 877070
ACTION DOC 1200 371 EXAMINING_DOCUMENT 877070
ACTION MARK 1200 374 CONSIDERED_RELEVANT 877070
ACTION SNIPPET 1200 374 SNIPPET_NOT_RELEVANT 1761171
ACTION SNIPPET 1200 374 SNIPPET_NOT_RELEVANT 1452144
ACTION SNIPPET 1200 374 SNIPPET_RELEVANT 1381242
ACTION DOC 1200 394 EXAMINING_DOCUMENT 1381242
ACTION MARK 1200 397 CONSIDERED_RELEVANT 1381242
ACTION SNIPPET 1200 397 SNIPPET_NOT_RELEVANT 1077019
ACTION SNIPPET 1200 397 SEEN_PREVIOUSLY 986959
ACTION SNIPPET 1200 397 SNIPPET_NOT_RELEVANT 1783096
ACTION SNIPPET 1200 397 SNIPPET_NOT_RELEVANT 1365993
ACTION SNIPPET 1200 397 SNIPPET_NOT_RELEVANT 1183156
ACTION SNIPPET 1200 397 SNIPPET_NOT_RELEVANT 1588916
ACTION SNIPPET 1200 397 SNIPPET_NOT_RELEVANT 1585414
ACTION SNIPPET 1200 397 SNIPPET_NOT_RELEVANT 105423
ACTION SNIPPET 1200 397 SNIPPET_NOT_RELEVANT 1448892
ACTION SNIPPET 1200 397 SNIPPET_RELEVANT 279661
ACTION DOC 1200 417 EXAMINING_DOCUMENT 279661
ACTION MARK 1200 420 CONSIDERED_RELEVANT 279661
ACTION SNIPPET 1200 420 SNIPPET_NOT_RELEVANT 1782160
ACTION SNIPPET 1200 420 SNIPPET_RELEVANT 1359516
ACTION DOC 1200 440 EXAMINING_DOCUMENT 1359516
ACTION MARK 1200 443 CONSIDERED_RELEVANT 1359516
ACTION QUERY 1200 453 aviation security protocols
ACTION SERP 1200 458 EXAMINE_SERP
ACTION SNIPPET 1200 458 SNIPPET_RELEVANT 1399208
ACTION DOC 1200 478 EXAMINING_DOCUMENT 1399208
ACTION MARK 1200 481 CONSIDERED_RELEVANT 1399208
ACTION SNIPPET 1200 481 SNIPPET_NOT_RELEVANT 394168
ACTION SNIPPET 1200 481 SNIPPET_NOT_RELEVANT 711519
ACTION SNIPPET 1200 481 SNIPPET_NOT_RELEVANT 712001
ACTION SNIPPET 1200 481 SNIPPET_NOT_RELEVANT 1801094
ACTION SNIPPET 1200 481 SNIPPET_NOT_RELEVANT 1451637
ACTION SNIPPET 1200 481 SNIPPET_NOT_RELEVANT 1678831
ACTION SNIPPET 1200 481 SNIPPET_NOT_RELEVANT 1547003
ACTION SNIPPET 1200 481 SNIPPET_NOT_RELEVANT 383634
ACTION SNIPPET 1200 481 SNIPPET_NOT_RELEVANT 1589814
ACTION SNIPPET 1200 481 SNIPPET_NOT_RELEVANT 1541712
ACTION SNIPPET 1200 481 SNIPPET_NOT_RELEVANT 1367357
ACTION SNIPPET 1200 481 SNIPPET_NOT_RELEVANT 1660279
ACTION SNIPPET 1200 481 SNIPPET_NOT_RELEVANT 1739796
ACTION SNIPPET 1200 481 SNIPPET_NOT_RELEVANT 1418610
ACTION SNIPPET 1200 481 SNIPPET_RELEVANT 1423955
ACTION DOC 1200 501 EXAMINING_DOCUMENT 1423955
ACTION MARK 1200 504 CONSIDERED_RELEVANT 1423955
ACTION SNIPPET 1200 504 SNIPPET_NOT_RELEVANT 1534410
ACTION SNIPPET 1200 504 SNIPPET_NOT_RELEVANT 1613092
ACTION SNIPPET 1200 504 SNIPPET_NOT_RELEVANT 1395060
ACTION SNIPPET 1200 504 SNIPPET_NOT_RELEVANT 1581802
ACTION SNIPPET 1200 504 SNIPPET_NOT_RELEVANT 743879
ACTION SNIPPET 1200 504 SNIPPET_NOT_RELEVANT 1358907
ACTION SNIPPET 1200 504 SNIPPET_NOT_RELEVANT 217242
ACTION SNIPPET 1200 504 SNIPPET_NOT_RELEVANT 1530812
ACTION SNIPPET 1200 504 SNIPPET_NOT_RELEVANT 1516102
ACTION SNIPPET 1200 504 SNIPPET_NOT_RELEVANT 1590345
ACTION SNIPPET 1200 504 SNIPPET_NOT_RELEVANT 1657075
ACTION SNIPPET 1200 504 SNIPPET_NOT_RELEVANT 223898
ACTION SNIPPET 1200 504 SNIPPET_NOT_RELEVANT 283801
ACTION SNIPPET 1200 504 SNIPPET_NOT_RELEVANT 821002
ACTION SNIPPET 1200 504 SNIPPET_NOT_RELEVANT 1131660
ACTION SNIPPET 1200 504 SNIPPET_RELEVANT 221997
ACTION DOC 1200 524 EXAMINING_DOCUMENT 221997
ACTION MARK 1200 527 CONSIDERED_RELEVANT 221997
ACTION SNIPPET 1200 527 SNIPPET_NOT_RELEVANT 1339765
ACTION SNIPPET 1200 527 SNIPPET_NOT_RELEVANT 1648898
ACTION SNIPPET 1200 527 SNIPPET_NOT_RELEVANT 865670
ACTION SNIPPET 1200 527 SNIPPET_NOT_RELEVANT 865566
ACTION SNIPPET 1200 527 SNIPPET_NOT_RELEVANT 1330399
ACTION SNIPPET 1200 527 SNIPPET_NOT_RELEVANT 222024
ACTION SNIPPET 1200 527 SNIPPET_NOT_RELEVANT 1326521
ACTION SNIPPET 1200 527 SNIPPET_NOT_RELEVANT 1584951
ACTION SNIPPET 1200 527 SNIPPET_NOT_RELEVANT 213483
ACTION SNIPPET 1200 527 SNIPPET_NOT_RELEVANT 1668605
ACTION SNIPPET 1200 527 SNIPPET_NOT_RELEVANT 869042
ACTION SNIPPET 1200 527 SNIPPET_NOT_RELEVANT 310566
ACTION SNIPPET 1200 527 SNIPPET_NOT_RELEVANT 260768
ACTION SNIPPET 1200 527 SNIPPET_NOT_RELEVANT 1528891
ACTION SNIPPET 1200 527 SNIPPET_NOT_RELEVANT 352380
ACTION SNIPPET 1200 527 SNIPPET_NOT_RELEVANT 1339259
ACTION SNIPPET 1200 527 SNIPPET_NOT_RELEVANT 1633301
ACTION SNIPPET 1200 527 SNIPPET_NOT_RELEVANT 1422371
ACTION SNIPPET 1200 527 SNIPPET_NOT_RELEVANT 1337857
ACTION SNIPPET 1200 527 SNIPPET_NOT_RELEVANT 1330968
ACTION SNIPPET 1200 527 SNIPPET_NOT_RELEVANT 1813447
ACTION SNIPPET 1200 527 SNIPPET_NOT_RELEVANT 1357571
ACTION SNIPPET 1200 527 SNIPPET_NOT_RELEVANT 1333058
ACTION SNIPPET 1200 527 SNIPPET_NOT_RELEVANT 655267
ACTION SNIPPET 1200 527 SNIPPET_NOT_RELEVANT 1326538
ACTION SNIPPET 1200 527 SNIPPET_NOT_RELEVANT 1392959
ACTION SNIPPET 1200 527 SNIPPET_NOT_RELEVANT 1543805
ACTION SNIPPET 1200 527 SNIPPET_NOT_RELEVANT 171856
ACTION SNIPPET 1200 527 SNIPPET_NOT_RELEVANT 224099
ACTION SNIPPET 1200 527 SNIPPET_NOT_RELEVANT 872434
ACTION SNIPPET 1200 527 SNIPPET_NOT_RELEVANT 1753306
ACTION SNIPPET 1200 527 SNIPPET_NOT_RELEVANT 284883
ACTION SNIPPET 1200 527 SNIPPET_NOT_RELEVANT 13979
ACTION SNIPPET 1200 527 SNIPPET_RELEVANT 1349453
ACTION DOC 1200 547 EXAMINING_DOCUMENT 1349453
ACTION MARK 1200 550 CONSIDERED_RELEVANT 1349453
ACTION SNIPPET 1200 550 SNIPPET_NOT_RELEVANT 1501545
ACTION SNIPPET 1200 550 SNIPPET_NOT_RELEVANT 895134
ACTION SNIPPET 1200 550 SNIPPET_NOT_RELEVANT 1330486
ACTION SNIPPET 1200 550 SNIPPET_NOT_RELEVANT 663858
ACTION SNIPPET 1200 550 SNIPPET_NOT_RELEVANT 1577296
ACTION SNIPPET 1200 550 SNIPPET_NOT_RELEVANT 208802
ACTION SNIPPET 1200 550 SNIPPET_NOT_RELEVANT 1371171
ACTION SNIPPET 1200 550 SNIPPET_NOT_RELEVANT 881689
ACTION SNIPPET 1200 550 SNIPPET_NOT_RELEVANT 866275
ACTION SNIPPET 1200 550 SNIPPET_NOT_RELEVANT 57399
ACTION SNIPPET 1200 550 SNIPPET_NOT_RELEVANT 876741
ACTION SNIPPET 1200 550 SNIPPET_NOT_RELEVANT 394937
ACTION SNIPPET 1200 550 SNIPPET_NOT_RELEVANT 1652122
ACTION SNIPPET 1200 550 SNIPPET_NOT_RELEVANT 1671325
ACTION SNIPPET 1200 550 SNIPPET_NOT_RELEVANT 209098
ACTION SNIPPET 1200 550 SNIPPET_NOT_RELEVANT 137268
ACTION SNIPPET 1200 550 SNIPPET_NOT_RELEVANT 1286692
ACTION SNIPPET 1200 550 SNIPPET_NOT_RELEVANT 1312277
ACTION SNIPPET 1200 550 SNIPPET_NOT_RELEVANT 1394396
ACTION SNIPPET 1200 550 SNIPPET_NOT_RELEVANT 1357861
ACTION SNIPPET 1200 550 SNIPPET_NOT_RELEVANT 1346632
ACTION SNIPPET 1200 550 SNIPPET_NOT_RELEVANT 104570
ACTION SNIPPET 1200 550 SNIPPET_NOT_RELEVANT 1306755
ACTION SNIPPET 1200 550 SNIPPET_NOT_RELEVANT 1365993
ACTION SNIPPET 1200 550 SNIPPET_NOT_RELEVANT 781276
ACTION SNIPPET 1200 550 SNIPPET_NOT_RELEVANT 1631939
ACTION SNIPPET 1200 550 SNIPPET_NOT_RELEVANT 1631747
ACTION SNIPPET 1200 550 SNIPPET_NOT_RELEVANT 234365
ACTION SNIPPET 1200 550 SNIPPET_NOT_RELEVANT 1396940
ACTION SNIPPET 1200 550 SNIPPET_NOT_RELEVANT 1782256
ACTION SNIPPET 1200 550 SNIPPET_NOT_RELEVANT 1612913
ACTION SNIPPET 1200 550 SNIPPET_NOT_RELEVANT 516095
ACTION SNIPPET 1200 550 SNIPPET_NOT_RELEVANT 1598706
ACTION SNIPPET 1200 550 SNIPPET_NOT_RELEVANT 1747587
INFO SERP_END_REACHED 
ACTION QUERY 1200 560 airport surveillance systems
ACTION SERP 1200 565 EXAMINE_SERP
ACTION SNIPPET 1200 565 SNIPPET_NOT_RELEVANT 1470123
ACTION SNIPPET 1200 565 SNIPPET_NOT_RELEVANT 1339234
ACTION SNIPPET 1200 565 SNIPPET_NOT_RELEVANT 1705522
ACTION SNIPPET 1200 565 SNIPPET_NOT_RELEVANT 670941
ACTION SNIPPET 1200 565 SNIPPET_NOT_RELEVANT 326156
ACTION SNIPPET 1200 565 SNIPPET_NOT_RELEVANT 1607992
ACTION SNIPPET 1200 565 SNIPPET_NOT_RELEVANT 1123738
ACTION SNIPPET 1200 565 SNIPPET_NOT_RELEVANT 1331383
ACTION SNIPPET 1200 565 SNIPPET_NOT_RELEVANT 1412846
ACTION SNIPPET 1200 565 SNIPPET_NOT_RELEVANT 1414267
ACTION SNIPPET 1200 565 SNIPPET_NOT_RELEVANT 1334027
ACTION SNIPPET 1200 565 SNIPPET_NOT_RELEVANT 1384063
ACTION SNIPPET 1200 565 SNIPPET_NOT_RELEVANT 953854
ACTION SNIPPET 1200 565 SNIPPET_NOT_RELEVANT 1326062
ACTION SNIPPET 1200 565 SNIPPET_NOT_RELEVANT 1483465
ACTION SNIPPET 1200 565 SNIPPET_NOT_RELEVANT 1660082
ACTION SNIPPET 1200 565 SNIPPET_NOT_RELEVANT 1348912
ACTION SNIPPET 1200 565 SNIPPET_NOT_RELEVANT 1288453
ACTION SNIPPET 1200 565 SNIPPET_NOT_RELEVANT 1426046
ACTION SNIPPET 1200 565 SNIPPET_NOT_RELEVANT 493167
ACTION SNIPPET 1200 565 SEEN_PREVIOUSLY 620705
ACTION SNIPPET 1200 565 SEEN_PREVIOUSLY 1326248
ACTION SNIPPET 1200 565 SNIPPET_NOT_RELEVANT 1761942
ACTION SNIPPET 1200 565 SNIPPET_NOT_RELEVANT 1556620
ACTION SNIPPET 1200 565 SNIPPET_NOT_RELEVANT 1538400
ACTION SNIPPET 1200 565 SNIPPET_NOT_RELEVANT 997357
ACTION SNIPPET 1200 565 SNIPPET_NOT_RELEVANT 1427703
ACTION SNIPPET 1200 565 SNIPPET_NOT_RELEVANT 1451055
ACTION SNIPPET 1200 565 SNIPPET_NOT_RELEVANT 1395101
ACTION SNIPPET 1200 565 SNIPPET_NOT_RELEVANT 1428488
ACTION SNIPPET 1200 565 SNIPPET_NOT_RELEVANT 1670753
ACTION SNIPPET 1200 565 SNIPPET_NOT_RELEVANT 1458964
ACTION SNIPPET 1200 565 SNIPPET_NOT_RELEVANT 1330409
ACTION SNIPPET 1200 565 SNIPPET_NOT_RELEVANT 1413293
ACTION SNIPPET 1200 565 SNIPPET_NOT_RELEVANT 359958
ACTION SNIPPET 1200 565 SNIPPET_NOT_RELEVANT 1359277
ACTION SNIPPET 1200 565 SNIPPET_NOT_RELEVANT 390354
ACTION SNIPPET 1200 565 SNIPPET_NOT_RELEVANT 786502
ACTION SNIPPET 1200 565 SNIPPET_NOT_RELEVANT 1541712
ACTION SNIPPET 1200 565 SNIPPET_RELEVANT 1357252
ACTION DOC 1200 585 EXAMINING_DOCUMENT 1357252
ACTION MARK 1200 588 CONSIDERED_RELEVANT 1357252
ACTION SNIPPET 1200 588 SNIPPET_NOT_RELEVANT 1325568
ACTION SNIPPET 1200 588 SNIPPET_NOT_RELEVANT 1476485
ACTION SNIPPET 1200 588 SNIPPET_NOT_RELEVANT 781524
ACTION SNIPPET 1200 588 SNIPPET_NOT_RELEVANT 419964
ACTION SNIPPET 1200 588 SNIPPET_NOT_RELEVANT 1644734
ACTION SNIPPET 1200 588 SNIPPET_NOT_RELEVANT 716695
ACTION SNIPPET 1200 588 SNIPPET_NOT_RELEVANT 1482757
ACTION SNIPPET 1200 588 SNIPPET_NOT_RELEVANT 1218436
ACTION SNIPPET 1200 588 SNIPPET_NOT_RELEVANT 1381683
ACTION SNIPPET 1200 588 SNIPPET_NOT_RELEVANT 1257409
ACTION SNIPPET 1200 588 SNIPPET_NOT_RELEVANT 1235773
ACTION SNIPPET 1200 588 SNIPPET_NOT_RELEVANT 1340765
ACTION SNIPPET 1200 588 SNIPPET_NOT_RELEVANT 1166348
ACTION SNIPPET 1200 588 SNIPPET_NOT_RELEVANT 3411
ACTION SNIPPET 1200 588 SNIPPET_NOT_RELEVANT 3411
ACTION SNIPPET 1200 588 SNIPPET_NOT_RELEVANT 1471432
ACTION SNIPPET 1200 588 SNIPPET_NOT_RELEVANT 471825
ACTION SNIPPET 1200 588 SNIPPET_NOT_RELEVANT 1613087
ACTION SNIPPET 1200 588 SNIPPET_NOT_RELEVANT 1429719
ACTION SNIPPET 1200 588 SNIPPET_NOT_RELEVANT 1748910
ACTION SNIPPET 1200 588 SNIPPET_NOT_RELEVANT 1793053
ACTION SNIPPET 1200 588 SNIPPET_NOT_RELEVANT 1029236
ACTION SNIPPET 1200 588 SNIPPET_NOT_RELEVANT 1459983
ACTION SNIPPET 1200 588 SNIPPET_NOT_RELEVANT 1355933
ACTION SNIPPET 1200 588 SNIPPET_NOT_RELEVANT 1329623
ACTION SNIPPET 1200 588 SNIPPET_NOT_RELEVANT 882452
ACTION SNIPPET 1200 588 SNIPPET_NOT_RELEVANT 1826315
ACTION SNIPPET 1200 588 SNIPPET_NOT_RELEVANT 1411705
ACTION SNIPPET 1200 588 SNIPPET_NOT_RELEVANT 1526707
ACTION SNIPPET 1200 588 SNIPPET_NOT_RELEVANT 1329841
ACTION SNIPPET 1200 588 SNIPPET_NOT_RELEVANT 1511476
ACTION SNIPPET 1200 588 SNIPPET_NOT_RELEVANT 809053
ACTION SNIPPET 1200 588 SNIPPET_NOT_RELEVANT 703784
ACTION SNIPPET 1200 588 SNIPPET_NOT_RELEVANT 1306804
ACTION SNIPPET 1200 588 SNIPPET_NOT_RELEVANT 1388872
ACTION SNIPPET 1200 588 SNIPPET_NOT_RELEVANT 714666
ACTION SNIPPET 1200 588 SNIPPET_NOT_RELEVANT 1603687
ACTION SNIPPET 1200 588 SNIPPET_NOT_RELEVANT 1405927
ACTION SNIPPET 1200 588 SNIPPET_NOT_RELEVANT 1345853
ACTION SNIPPET 1200 588 SNIPPET_NOT_RELEVANT 1673240
ACTION SNIPPET 1200 588 SNIPPET_NOT_RELEVANT 1464033
ACTION SNIPPET 1200 588 SNIPPET_NOT_RELEVANT 1268294
ACTION SNIPPET 1200 588 SNIPPET_NOT_RELEVANT 1151541
ACTION SNIPPET 1200 588 SNIPPET_NOT_RELEVANT 1377242
ACTION SNIPPET 1200 588 SNIPPET_NOT_RELEVANT 1599903
ACTION SNIPPET 1200 588 SNIPPET_NOT_RELEVANT 1746957
ACTION SNIPPET 1200 588 SNIPPET_NOT_RELEVANT 108556
ACTION SNIPPET 1200 588 SNIPPET_NOT_RELEVANT 1456937
ACTION SNIPPET 1200 588 SNIPPET_NOT_RELEVANT 1336789
ACTION SNIPPET 1200 588 SNIPPET_NOT_RELEVANT 1377984
ACTION SNIPPET 1200 588 SNIPPET_NOT_RELEVANT 1510197
ACTION SNIPPET 1200 588 SNIPPET_NOT_RELEVANT 1608428
ACTION SNIPPET 1200 588 SNIPPET_NOT_RELEVANT 1734522
ACTION SNIPPET 1200 588 SNIPPET_NOT_RELEVANT 1478130
ACTION SNIPPET 1200 588 SNIPPET_NOT_RELEVANT 1207718
ACTION SNIPPET 1200 588 SNIPPET_NOT_RELEVANT 1282670
ACTION SNIPPET 1200 588 SNIPPET_NOT_RELEVANT 1654841
ACTION SNIPPET 1200 588 SNIPPET_NOT_RELEVANT 1212583
ACTION SNIPPET 1200 588 SNIPPET_NOT_RELEVANT 1326317
ACTION SNIPPET 1200 588 SNIPPET_NOT_RELEVANT 1660157
INFO SERP_END_REACHED 
ACTION QUERY 1200 598 body imaging technology
ACTION SERP 1200 603 EXAMINE_SERP
ACTION SNIPPET 1200 603 SNIPPET_NOT_RELEVANT 929411
ACTION SNIPPET 1200 603 SNIPPET_NOT_RELEVANT 1708181
ACTION SNIPPET 1200 603 SNIPPET_NOT_RELEVANT 513941
ACTION SNIPPET 1200 603 SNIPPET_NOT_RELEVANT 385231
ACTION SNIPPET 1200 603 SNIPPET_NOT_RELEVANT 927752
ACTION SNIPPET 1200 603 SNIPPET_RELEVANT 1674916
ACTION DOC 1200 623 EXAMINING_DOCUMENT 1674916
ACTION MARK 1200 626 CONSIDERED_RELEVANT 1674916
ACTION SNIPPET 1200 626 SNIPPET_NOT_RELEVANT 513929
ACTION SNIPPET 1200 626 SNIPPET_NOT_RELEVANT 404615
ACTION SNIPPET 1200 626 SNIPPET_NOT_RELEVANT 373658
ACTION SNIPPET 1200 626 SNIPPET_NOT_RELEVANT 413097
ACTION SNIPPET 1200 626 SNIPPET_NOT_RELEVANT 1126738
ACTION SNIPPET 1200 626 SNIPPET_NOT_RELEVANT 273673
ACTION SNIPPET 1200 626 SNIPPET_NOT_RELEVANT 1380640
ACTION SNIPPET 1200 626 SNIPPET_NOT_RELEVANT 1571632
ACTION SNIPPET 1200 626 SNIPPET_NOT_RELEVANT 610794
ACTION SNIPPET 1200 626 SNIPPET_NOT_RELEVANT 1651213
ACTION SNIPPET 1200 626 SNIPPET_NOT_RELEVANT 1097473
ACTION SNIPPET 1200 626 SNIPPET_NOT_RELEVANT 350654
ACTION SNIPPET 1200 626 SNIPPET_NOT_RELEVANT 1025967
ACTION SNIPPET 1200 626 SNIPPET_NOT_RELEVANT 1738313
ACTION SNIPPET 1200 626 SNIPPET_NOT_RELEVANT 607181
ACTION SNIPPET 1200 626 SNIPPET_NOT_RELEVANT 921231
ACTION SNIPPET 1200 626 SNIPPET_NOT_RELEVANT 1642915
ACTION SNIPPET 1200 626 SNIPPET_RELEVANT 1828416
ACTION DOC 1200 646 EXAMINING_DOCUMENT 1828416
ACTION MARK 1200 649 CONSIDERED_RELEVANT 1828416
ACTION SNIPPET 1200 649 SNIPPET_NOT_RELEVANT 1536400
ACTION SNIPPET 1200 649 SNIPPET_NOT_RELEVANT 704605
ACTION SNIPPET 1200 649 SNIPPET_NOT_RELEVANT 1278356
ACTION SNIPPET 1200 649 SNIPPET_NOT_RELEVANT 1261256
ACTION SNIPPET 1200 649 SNIPPET_NOT_RELEVANT 1666006
ACTION SNIPPET 1200 649 SNIPPET_NOT_RELEVANT 554515
ACTION SNIPPET 1200 649 SNIPPET_NOT_RELEVANT 1302174
ACTION SNIPPET 1200 649 SNIPPET_NOT_RELEVANT 136744
ACTION SNIPPET 1200 649 SNIPPET_NOT_RELEVANT 59356
ACTION SNIPPET 1200 649 SNIPPET_NOT_RELEVANT 1451563
ACTION SNIPPET 1200 649 SNIPPET_NOT_RELEVANT 1500033
ACTION SNIPPET 1200 649 SNIPPET_NOT_RELEVANT 1499805
ACTION SNIPPET 1200 649 SNIPPET_NOT_RELEVANT 398072
ACTION SNIPPET 1200 649 SNIPPET_NOT_RELEVANT 1077712
ACTION SNIPPET 1200 649 SNIPPET_NOT_RELEVANT 1228495
ACTION SNIPPET 1200 649 SNIPPET_NOT_RELEVANT 1372128
ACTION SNIPPET 1200 649 SNIPPET_NOT_RELEVANT 1542942
ACTION SNIPPET 1200 649 SNIPPET_NOT_RELEVANT 1277959
ACTION SNIPPET 1200 649 SNIPPET_NOT_RELEVANT 960803
ACTION SNIPPET 1200 649 SNIPPET_NOT_RELEVANT 760382
ACTION SNIPPET 1200 649 SNIPPET_NOT_RELEVANT 495628
ACTION SNIPPET 1200 649 SNIPPET_NOT_RELEVANT 279015
ACTION SNIPPET 1200 649 SNIPPET_NOT_RELEVANT 1824449
ACTION SNIPPET 1200 649 SNIPPET_NOT_RELEVANT 965200
ACTION SNIPPET 1200 649 SNIPPET_NOT_RELEVANT 412419
ACTION SNIPPET 1200 649 SNIPPET_NOT_RELEVANT 940112
ACTION SNIPPET 1200 649 SNIPPET_NOT_RELEVANT 600921
ACTION SNIPPET 1200 649 SNIPPET_NOT_RELEVANT 1410836
ACTION SNIPPET 1200 649 SNIPPET_NOT_RELEVANT 1309343
ACTION SNIPPET 1200 649 SNIPPET_NOT_RELEVANT 474387
ACTION SNIPPET 1200 649 SNIPPET_NOT_RELEVANT 1664767
ACTION SNIPPET 1200 649 SNIPPET_NOT_RELEVANT 1034362
ACTION SNIPPET 1200 649 SNIPPET_NOT_RELEVANT 1145826
ACTION SNIPPET 1200 649 SNIPPET_NOT_RELEVANT 241828
ACTION SNIPPET 1200 649 SNIPPET_NOT_RELEVANT 730818
ACTION SNIPPET 1200 649 SNIPPET_NOT_RELEVANT 1100158
ACTION SNIPPET 1200 649 SNIPPET_NOT_RELEVANT 726272
ACTION SNIPPET 1200 649 SNIPPET_NOT_RELEVANT 1488348
ACTION SNIPPET 1200 649 SNIPPET_NOT_RELEVANT 1495683
ACTION SNIPPET 1200 649 SNIPPET_NOT_RELEVANT 1733292
ACTION SNIPPET 1200 649 SNIPPET_NOT_RELEVANT 168845
ACTION SNIPPET 1200 649 SNIPPET_NOT_RELEVANT 1033072
ACTION SNIPPET 1200 649 SNIPPET_NOT_RELEVANT 1546823
ACTION SNIPPET 1200 649 SNIPPET_NOT_RELEVANT 1165338
ACTION SNIPPET 1200 649 SNIPPET_NOT_RELEVANT 1069845
ACTION SNIPPET 1200 649 SNIPPET_NOT_RELEVANT 1526305
ACTION SNIPPET 1200 649 SNIPPET_NOT_RELEVANT 53452
ACTION SNIPPET 1200 649 SNIPPET_NOT_RELEVANT 1015604
ACTION SNIPPET 1200 649 SNIPPET_NOT_RELEVANT 1184195
ACTION SNIPPET 1200 649 SNIPPET_NOT_RELEVANT 1765773
ACTION SNIPPET 1200 649 SNIPPET_NOT_RELEVANT 1489904
ACTION SNIPPET 1200 649 SNIPPET_NOT_RELEVANT 239040
ACTION SNIPPET 1200 649 SNIPPET_NOT_RELEVANT 1432764
ACTION SNIPPET 1200 649 SNIPPET_NOT_RELEVANT 1432721
ACTION SNIPPET 1200 649 SNIPPET_NOT_RELEVANT 1725279
ACTION SNIPPET 1200 649 SNIPPET_NOT_RELEVANT 1550834
ACTION SNIPPET 1200 649 SNIPPET_NOT_RELEVANT 364450
ACTION SNIPPET 1200 649 SNIPPET_NOT_RELEVANT 1713888
ACTION SNIPPET 1200 649 SNIPPET_NOT_RELEVANT 1797186
ACTION SNIPPET 1200 649 SNIPPET_NOT_RELEVANT 1119927
ACTION SNIPPET 1200 649 SNIPPET_NOT_RELEVANT 630299
ACTION SNIPPET 1200 649 SNIPPET_NOT_RELEVANT 1547895
ACTION SNIPPET 1200 649 SNIPPET_NOT_RELEVANT 507092
ACTION SNIPPET 1200 649 SNIPPET_NOT_RELEVANT 918069
ACTION SNIPPET 1200 649 SNIPPET_NOT_RELEVANT 869365
ACTION SNIPPET 1200 649 SNIPPET_NOT_RELEVANT 1599320
ACTION SNIPPET 1200 649 SNIPPET_NOT_RELEVANT 1448627
ACTION SNIPPET 1200 649 SNIPPET_NOT_RELEVANT 1506826
ACTION SNIPPET 1200 649 SNIPPET_NOT_RELEVANT 1605217
ACTION SNIPPET 1200 649 SNIPPET_NOT_RELEVANT 1195908
ACTION SNIPPET 1200 649 SNIPPET_NOT_RELEVANT 453815
ACTION SNIPPET 1200 649 SNIPPET_NOT_RELEVANT 1527629
ACTION SNIPPET 1200 649 SNIPPET_NOT_RELEVANT 1613778
ACTION SNIPPET 1200 649 SNIPPET_NOT_RELEVANT 1163085
ACTION SNIPPET 1200 649 SNIPPET_NOT_RELEVANT 705811
ACTION SNIPPET 1200 649 SNIPPET_NOT_RELEVANT 1327951
INFO SERP_END_REACHED 
ACTION QUERY 1200 659 baggage compartment screening
ACTION SERP 1200 664 EXAMINE_SERP
ACTION SNIPPET 1200 664 SNIPPET_NOT_RELEVANT 399506
ACTION SNIPPET 1200 664 SNIPPET_NOT_RELEVANT 340099
ACTION SNIPPET 1200 664 SNIPPET_NOT_RELEVANT 70349
ACTION SNIPPET 1200 664 SNIPPET_NOT_RELEVANT 410923
ACTION SNIPPET 1200 664 SNIPPET_NOT_RELEVANT 1580203
ACTION SNIPPET 1200 664 SNIPPET_NOT_RELEVANT 1084945
ACTION SNIPPET 1200 664 SNIPPET_NOT_RELEVANT 438764
ACTION SNIPPET 1200 664 SNIPPET_NOT_RELEVANT 1489958
ACTION SNIPPET 1200 664 SNIPPET_NOT_RELEVANT 853094
ACTION SNIPPET 1200 664 SNIPPET_NOT_RELEVANT 593326
ACTION SNIPPET 1200 664 SNIPPET_NOT_RELEVANT 1606094
ACTION SNIPPET 1200 664 SNIPPET_NOT_RELEVANT 194977
ACTION SNIPPET 1200 664 SNIPPET_NOT_RELEVANT 859751
ACTION SNIPPET 1200 664 SNIPPET_NOT_RELEVANT 862923
ACTION SNIPPET 1200 664 SNIPPET_NOT_RELEVANT 1084947
ACTION SNIPPET 1200 664 SNIPPET_NOT_RELEVANT 1214459
ACTION SNIPPET 1200 664 SNIPPET_NOT_RELEVANT 669115
ACTION SNIPPET 1200 664 SNIPPET_NOT_RELEVANT 1629803
ACTION SNIPPET 1200 664 SNIPPET_NOT_RELEVANT 469274
ACTION SNIPPET 1200 664 SNIPPET_NOT_RELEVANT 307949
ACTION SNIPPET 1200 664 SNIPPET_NOT_RELEVANT 1362332
ACTION SNIPPET 1200 664 SNIPPET_NOT_RELEVANT 1417824
ACTION SNIPPET 1200 664 SNIPPET_NOT_RELEVANT 1324475
ACTION SNIPPET 1200 664 SNIPPET_NOT_RELEVANT 1364229
ACTION SNIPPET 1200 664 SNIPPET_NOT_RELEVANT 1360806
ACTION SNIPPET 1200 664 SNIPPET_NOT_RELEVANT 733973
ACTION SNIPPET 1200 664 SNIPPET_NOT_RELEVANT 1375578
ACTION SNIPPET 1200 664 SNIPPET_NOT_RELEVANT 1359733
ACTION SNIPPET 1200 664 SNIPPET_RELEVANT 1424628
ACTION DOC 1200 684 EXAMINING_DOCUMENT 1424628
ACTION MARK 1200 687 CONSIDERED_RELEVANT 1424628
ACTION SNIPPET 1200 687 SNIPPET_NOT_RELEVANT 117010
ACTION SNIPPET 1200 687 SNIPPET_NOT_RELEVANT 1555927
ACTION SNIPPET 1200 687 SNIPPET_NOT_RELEVANT 1452973
ACTION SNIPPET 1200 687 SNIPPET_NOT_RELEVANT 46699
ACTION SNIPPET 1200 687 SNIPPET_NOT_RELEVANT 1542897
ACTION SNIPPET 1200 687 SNIPPET_NOT_RELEVANT 1133327
ACTION SNIPPET 1200 687 SNIPPET_NOT_RELEVANT 1534501
ACTION SNIPPET 1200 687 SNIPPET_NOT_RELEVANT 1156671
ACTION SNIPPET 1200 687 SNIPPET_NOT_RELEVANT 1136702
ACTION SNIPPET 1200 687 SNIPPET_NOT_RELEVANT 1443897
ACTION SNIPPET 1200 687 SNIPPET_NOT_RELEVANT 355600
ACTION SNIPPET 1200 687 SNIPPET_NOT_RELEVANT 1443898
ACTION SNIPPET 1200 687 SNIPPET_NOT_RELEVANT 57399
ACTION SNIPPET 1200 687 SNIPPET_NOT_RELEVANT 151159
ACTION SNIPPET 1200 687 SNIPPET_NOT_RELEVANT 216279
ACTION SNIPPET 1200 687 SNIPPET_NOT_RELEVANT 1197978
ACTION SNIPPET 1200 687 SNIPPET_NOT_RELEVANT 1390986
ACTION SNIPPET 1200 687 SNIPPET_NOT_RELEVANT 1449945
ACTION SNIPPET 1200 687 SNIPPET_NOT_RELEVANT 1783068
ACTION SNIPPET 1200 687 SNIPPET_NOT_RELEVANT 1240705
ACTION SNIPPET 1200 687 SNIPPET_NOT_RELEVANT 908991
ACTION SNIPPET 1200 687 SNIPPET_NOT_RELEVANT 870382
ACTION SNIPPET 1200 687 SNIPPET_NOT_RELEVANT 1353191
ACTION SNIPPET 1200 687 SNIPPET_NOT_RELEVANT 1339765
ACTION SNIPPET 1200 687 SNIPPET_RELEVANT 210177
ACTION DOC 1200 707 EXAMINING_DOCUMENT 210177
ACTION MARK 1200 710 CONSIDERED_RELEVANT 210177
ACTION SNIPPET 1200 710 SNIPPET_NOT_RELEVANT 1711346
ACTION SNIPPET 1200 710 SNIPPET_NOT_RELEVANT 957283
ACTION SNIPPET 1200 710 SNIPPET_NOT_RELEVANT 1690658
ACTION SNIPPET 1200 710 SNIPPET_NOT_RELEVANT 1789047
ACTION SNIPPET 1200 710 SNIPPET_NOT_RELEVANT 529294
ACTION SNIPPET 1200 710 SNIPPET_NOT_RELEVANT 1333370
ACTION SNIPPET 1200 710 SNIPPET_NOT_RELEVANT 1697541
ACTION SNIPPET 1200 710 SNIPPET_NOT_RELEVANT 1452890
ACTION SNIPPET 1200 710 SEEN_PREVIOUSLY 986959
ACTION SNIPPET 1200 710 SNIPPET_NOT_RELEVANT 1403587
ACTION SNIPPET 1200 710 SNIPPET_NOT_RELEVANT 1440233
ACTION SNIPPET 1200 710 SNIPPET_NOT_RELEVANT 1442003
ACTION SNIPPET 1200 710 SNIPPET_NOT_RELEVANT 1462113
ACTION SNIPPET 1200 710 SNIPPET_NOT_RELEVANT 1332742
ACTION SNIPPET 1200 710 SNIPPET_NOT_RELEVANT 1333155
ACTION SNIPPET 1200 710 SNIPPET_NOT_RELEVANT 792841
ACTION SNIPPET 1200 710 SNIPPET_NOT_RELEVANT 1360329
ACTION SNIPPET 1200 710 SNIPPET_NOT_RELEVANT 284859
ACTION SNIPPET 1200 710 SNIPPET_NOT_RELEVANT 180780
ACTION SNIPPET 1200 710 SNIPPET_NOT_RELEVANT 1464033
ACTION SNIPPET 1200 710 SNIPPET_NOT_RELEVANT 1519252
ACTION SNIPPET 1200 710 SNIPPET_NOT_RELEVANT 334267
ACTION SNIPPET 1200 710 SNIPPET_NOT_RELEVANT 1457646
ACTION SNIPPET 1200 710 SNIPPET_NOT_RELEVANT 1342568
ACTION SNIPPET 1200 710 SNIPPET_NOT_RELEVANT 975240
ACTION SNIPPET 1200 710 SNIPPET_NOT_RELEVANT 1360540
ACTION SNIPPET 1200 710 SNIPPET_NOT_RELEVANT 1807283
ACTION SNIPPET 1200 710 SNIPPET_NOT_RELEVANT 1448892
ACTION SNIPPET 1200 710 SNIPPET_NOT_RELEVANT 1343128
ACTION SNIPPET 1200 710 SNIPPET_NOT_RELEVANT 871422
ACTION SNIPPET 1200 710 SNIPPET_NOT_RELEVANT 1156842
ACTION SNIPPET 1200 710 SNIPPET_NOT_RELEVANT 1044624
ACTION SNIPPET 1200 710 SNIPPET_NOT_RELEVANT 1330715
ACTION SNIPPET 1200 710 SNIPPET_NOT_RELEVANT 1422371
ACTION SNIPPET 1200 710 SNIPPET_NOT_RELEVANT 1820687
ACTION SNIPPET 1200 710 SNIPPET_RELEVANT 1437972
ACTION DOC 1200 730 EXAMINING_DOCUMENT 1437972
ACTION MARK 1200 733 CONSIDERED_RELEVANT 1437972
ACTION SNIPPET 1200 733 SNIPPET_NOT_RELEVANT 1604143
ACTION SNIPPET 1200 733 SNIPPET_NOT_RELEVANT 1824709
ACTION SNIPPET 1200 733 SNIPPET_NOT_RELEVANT 1486021
ACTION SNIPPET 1200 733 SNIPPET_NOT_RELEVANT 1758027
ACTION SNIPPET 1200 733 SNIPPET_NOT_RELEVANT 1459245
ACTION SNIPPET 1200 733 SNIPPET_NOT_RELEVANT 1333940
ACTION SNIPPET 1200 733 SNIPPET_NOT_RELEVANT 1538400
ACTION SNIPPET 1200 733 SNIPPET_NOT_RELEVANT 1498071
ACTION SNIPPET 1200 733 SNIPPET_NOT_RELEVANT 2459
ACTION SNIPPET 1200 733 SNIPPET_NOT_RELEVANT 2459
INFO SERP_END_REACHED 
INFO OUT_OF_QUERIES 
INFO SUMMARY 
INFO TOTAL_QUERIES_ISSUED 9
INFO TOTAL_SNIPPETS_EXAMINED 682
INFO TOTAL_DOCUMENTS_EXAMINED 26
INFO TOTAL_DOCUMENTS_MARKED_RELEVANT 26
INFO TOTAL_ATTRACTIVE_SERP_IMPRESSIONS 9
INFO TOTAL_UNATTRACTIVE_SERP_IMPRESSIONS 0
INFO TOTAL_TREC_RELEVANT_DOCS 26
INFO TOTAL_UNIQ_TREC_RELEVANT_DOCS 26
INFO PRECISION_TREC_RELEVANT_DOCS 1.0
