ACTION START 1200 0 START
ACTION QUERY 1200 10 women parliaments representation
ACTION SERP 1200 15 EXAMINE_SERP
ACTION SNIPPET 1200 15 SNIPPET_RELEVANT 784875
ACTION DOC 1200 35 EXAMINING_DOCUMENT 784875
ACTION MARK 1200 38 CONSIDERED_RELEVANT 784875
ACTION SNIPPET 1200 38 SNIPPET_RELEVANT 1324090
ACTION DOC 1200 58 EXAMINING_DOCUMENT 1324090
ACTION MARK 1200 61 CONSIDERED_RELEVANT 1324090
ACTION SNIPPET 1200 61 SNIPPET_RELEVANT 659276
ACTION DOC 1200 81 EXAMINING_DOCUMENT 659276
ACTION MARK 1200 84 CONSIDERED_RELEVANT 659276
ACTION SNIPPET 1200 84 SNIPPET_NOT_RELEVANT 606623
ACTION SNIPPET 1200 84 SNIPPET_RELEVANT 302716
ACTION DOC 1200 104 EXAMINING_DOCUMENT 302716
ACTION MARK 1200 107 CONSIDERED_RELEVANT 302716
ACTION SNIPPET 1200 107 SNIPPET_RELEVANT 1419631
ACTION DOC 1200 127 EXAMINING_DOCUMENT 1419631
ACTION MARK 1200 130 CONSIDERED_RELEVANT 1419631
ACTION QUERY 1200 140 women parliaments pertinent
ACTION SERP 1200 145 EXAMINE_SERP
ACTION SNIPPET 1200 145 SNIPPET_NOT_RELEVANT 1304838
ACTION SNIPPET 1200 145 SNIPPET_NOT_RELEVANT 1427506
ACTION SNIPPET 1200 145 SNIPPET_NOT_RELEVANT 224741
ACTION SNIPPET 1200 145 SNIPPET_NOT_RELEVANT 335919
ACTION SNIPPET 1200 145 SNIPPET_NOT_RELEVANT 1045313
ACTION SNIPPET 1200 145 SNIPPET_NOT_RELEVANT 846741
ACTION SNIPPET 1200 145 SNIPPET_NOT_RELEVANT 1191236
ACTION SNIPPET 1200 145 SNIPPET_NOT_RELEVANT 472961
ACTION SNIPPET 1200 145 SNIPPET_NOT_RELEVANT 1542829
ACTION SNIPPET 1200 145 SNIPPET_NOT_RELEVANT 839017
ACTION SNIPPET 1200 145 SNIPPET_NOT_RELEVANT 1044873
ACTION SNIPPET 1200 145 SNIPPET_RELEVANT 278069
ACTION DOC 1200 165 EXAMINING_DOCUMENT 278069
ACTION MARK 1200 168 CONSIDERED_RELEVANT 278069
ACTION SNIPPET 1200 168 SNIPPET_NOT_RELEVANT 1612526
ACTION SNIPPET 1200 168 SNIPPET_NOT_RELEVANT 487254
ACTION SNIPPET 1200 168 SNIPPET_NOT_RELEVANT 1511346
ACTION SNIPPET 1200 168 SNIPPET_NOT_RELEVANT 1419003
ACTION SNIPPET 1200 168 SNIPPET_NOT_RELEVANT 35660
ACTION SNIPPET 1200 168 SNIPPET_RELEVANT 1669821
ACTION DOC 1200 188 EXAMINING_DOCUMENT 1669821
ACTION MARK 1200 191 CONSIDERED_RELEVANT 1669821
ACTION SNIPPET 1200 191 SNIPPET_NOT_RELEVANT 1255680
ACTION SNIPPET 1200 191 SNIPPET_RELEVANT 1708799
ACTION DOC 1200 211 EXAMINING_DOCUMENT 1708799
ACTION MARK 1200 214 CONSIDERED_RELEVANT 1708799
ACTION SNIPPET 1200 214 SNIPPET_NOT_RELEVANT 1112630
ACTION SNIPPET 1200 214 SNIPPET_NOT_RELEVANT 210113
ACTION SNIPPET 1200 214 SNIPPET_RELEVANT 885618
ACTION DOC 1200 234 EXAMINING_DOCUMENT 885618
ACTION MARK 1200 237 CONSIDERED_RELEVANT 885618
ACTION SNIPPET 1200 237 SEEN_PREVIOUSLY 784875
ACTION SNIPPET 1200 237 SNIPPET_NOT_RELEVANT 1614186
ACTION SNIPPET 1200 237 SNIPPET_RELEVANT 714723
ACTION DOC 1200 257 EXAMINING_DOCUMENT 714723
ACTION MARK 1200 260 CONSIDERED_RELEVANT 714723
ACTION QUERY 1200 270 women parliaments world
ACTION SERP 1200 275 EXAMINE_SERP
ACTION SNIPPET 1200 275 SEEN_PREVIOUSLY 278069
ACTION SNIPPET 1200 275 SNIPPET_NOT_RELEVANT 343331
ACTION SNIPPET 1200 275 SEEN_PREVIOUSLY 784875
ACTION SNIPPET 1200 275 SEEN_PREVIOUSLY 714723
ACTION SNIPPET 1200 275 SNIPPET_RELEVANT 1519223
ACTION DOC 1200 295 EXAMINING_DOCUMENT 1519223
ACTION MARK 1200 298 CONSIDERED_RELEVANT 1519223
ACTION SNIPPET 1200 298 SNIPPET_RELEVANT 1751025
ACTION DOC 1200 318 EXAMINING_DOCUMENT 1751025
ACTION MARK 1200 321 CONSIDERED_RELEVANT 1751025
ACTION SNIPPET 1200 321 SEEN_PREVIOUSLY 885618
ACTION SNIPPET 1200 321 SNIPPET_NOT_RELEVANT 633544
ACTION SNIPPET 1200 321 SNIPPET_RELEVANT 1652890
ACTION DOC 1200 341 EXAMINING_DOCUMENT 1652890
ACTION MARK 1200 344 CONSIDERED_RELEVANT 1652890
ACTION SNIPPET 1200 344 SNIPPET_NOT_RELEVANT 571224
ACTION SNIPPET 1200 344 SNIPPET_NOT_RELEVANT 667733
ACTION SNIPPET 1200 344 SNIPPET_NOT_RELEVANT 279632
ACTION SNIPPET 1200 344 SNIPPET_RELEVANT 1540084
ACTION DOC 1200 364 EXAMINING_DOCUMENT 1540084
ACTION MARK 1200 367 CONSIDERED_RELEVANT 1540084
ACTION SNIPPET 1200 367 SNIPPET_NOT_RELEVANT 1171985
ACTION SNIPPET 1200 367 SNIPPET_RELEVANT 1771996
ACTION DOC 1200 387 EXAMINING_DOCUMENT 1771996
ACTION MARK 1200 390 CONSIDERED_RELEVANT 1771996
ACTION QUERY 1200 400 women parliaments countries
ACTION SERP 1200 405 EXAMINE_SERP
ACTION SNIPPET 1200 405 SEEN_PREVIOUSLY 1669821
ACTION SNIPPET 1200 405 SNIPPET_NOT_RELEVANT 1612526
ACTION SNIPPET 1200 405 SNIPPET_RELEVANT 1120966
ACTION DOC 1200 425 EXAMINING_DOCUMENT 1120966
ACTION MARK 1200 428 CONSIDERED_RELEVANT 1120966
ACTION SNIPPET 1200 428 SNIPPET_RELEVANT 1434566
ACTION DOC 1200 448 EXAMINING_DOCUMENT 1434566
ACTION MARK 1200 451 CONSIDERED_RELEVANT 1434566
ACTION SNIPPET 1200 451 SNIPPET_RELEVANT 1673317
ACTION DOC 1200 471 EXAMINING_DOCUMENT 1673317
ACTION MARK 1200 474 CONSIDERED_RELEVANT 1673317
ACTION SNIPPET 1200 474 SEEN_PREVIOUSLY 784875
ACTION SNIPPET 1200 474 SNIPPET_NOT_RELEVANT 1419003
ACTION SNIPPET 1200 474 SNIPPET_RELEVANT 1162537
ACTION DOC 1200 494 EXAMINING_DOCUMENT 1162537
ACTION MARK 1200 497 CONSIDERED_RELEVANT 1162537
ACTION SNIPPET 1200 497 SEEN_PREVIOUSLY 1771996
ACTION SNIPPET 1200 497 SNIPPET_RELEVANT 573572
ACTION DOC 1200 517 EXAMINING_DOCUMENT 573572
ACTION MARK 1200 520 CONSIDERED_RELEVANT 573572
ACTION QUERY 1200 530 women parliaments legislatures
ACTION SERP 1200 535 EXAMINE_SERP
ACTION SNIPPET 1200 535 SEEN_PREVIOUSLY 278069
ACTION SNIPPET 1200 535 SEEN_PREVIOUSLY 784875
ACTION SNIPPET 1200 535 SNIPPET_NOT_RELEVANT 1221423
ACTION SNIPPET 1200 535 SEEN_PREVIOUSLY 573572
ACTION SNIPPET 1200 535 SNIPPET_NOT_RELEVANT 1032547
ACTION SNIPPET 1200 535 SEEN_PREVIOUSLY 1434566
ACTION SNIPPET 1200 535 SEEN_PREVIOUSLY 1324090
ACTION SNIPPET 1200 535 SNIPPET_NOT_RELEVANT 1726138
ACTION SNIPPET 1200 535 SNIPPET_RELEVANT 299075
ACTION DOC 1200 555 EXAMINING_DOCUMENT 299075
ACTION MARK 1200 558 CONSIDERED_RELEVANT 299075
ACTION SNIPPET 1200 558 SNIPPET_NOT_RELEVANT 339175
ACTION SNIPPET 1200 558 SNIPPET_NOT_RELEVANT 573133
ACTION SNIPPET 1200 558 SEEN_PREVIOUSLY 302716
ACTION SNIPPET 1200 558 SNIPPET_NOT_RELEVANT 1721715
ACTION SNIPPET 1200 558 SNIPPET_NOT_RELEVANT 577340
ACTION SNIPPET 1200 558 SNIPPET_NOT_RELEVANT 1220992
ACTION SNIPPET 1200 558 SNIPPET_NOT_RELEVANT 1361852
ACTION SNIPPET 1200 558 SNIPPET_NOT_RELEVANT 1221651
ACTION SNIPPET 1200 558 SNIPPET_NOT_RELEVANT 322133
ACTION SNIPPET 1200 558 SNIPPET_NOT_RELEVANT 455736
ACTION SNIPPET 1200 558 SNIPPET_NOT_RELEVANT 637994
ACTION SNIPPET 1200 558 SNIPPET_NOT_RELEVANT 1762864
ACTION SNIPPET 1200 558 SNIPPET_NOT_RELEVANT 662024
ACTION SNIPPET 1200 558 SNIPPET_NOT_RELEVANT 636033
ACTION SNIPPET 1200 558 SNIPPET_NOT_RELEVANT 956948
ACTION SNIPPET 1200 558 SNIPPET_NOT_RELEVANT 646417
ACTION SNIPPET 1200 558 SNIPPET_NOT_RELEVANT 1620735
ACTION SNIPPET 1200 558 SNIPPET_NOT_RELEVANT 636409
ACTION SNIPPET 1200 558 SNIPPET_NOT_RELEVANT 640774
ACTION SNIPPET 1200 558 SNIPPET_NOT_RELEVANT 201116
ACTION SNIPPET 1200 558 SNIPPET_RELEVANT 1398512
ACTION DOC 1200 578 EXAMINING_DOCUMENT 1398512
ACTION MARK 1200 581 CONSIDERED_RELEVANT 1398512
ACTION SNIPPET 1200 581 SNIPPET_NOT_RELEVANT 640543
ACTION SNIPPET 1200 581 SNIPPET_NOT_RELEVANT 958888
ACTION SNIPPET 1200 581 SNIPPET_NOT_RELEVANT 770625
ACTION SNIPPET 1200 581 SNIPPET_NOT_RELEVANT 974144
ACTION SNIPPET 1200 581 SNIPPET_NOT_RELEVANT 410076
ACTION SNIPPET 1200 581 SNIPPET_NOT_RELEVANT 1345402
ACTION SNIPPET 1200 581 SNIPPET_NOT_RELEVANT 370782
ACTION SNIPPET 1200 581 SNIPPET_NOT_RELEVANT 595253
ACTION SNIPPET 1200 581 SNIPPET_NOT_RELEVANT 638114
ACTION SNIPPET 1200 581 SNIPPET_NOT_RELEVANT 805
ACTION SNIPPET 1200 581 SNIPPET_NOT_RELEVANT 805
ACTION SNIPPET 1200 581 SNIPPET_NOT_RELEVANT 817435
ACTION SNIPPET 1200 581 SNIPPET_NOT_RELEVANT 656844
ACTION SNIPPET 1200 581 SNIPPET_NOT_RELEVANT 353827
ACTION SNIPPET 1200 581 SNIPPET_NOT_RELEVANT 543578
ACTION SNIPPET 1200 581 SNIPPET_NOT_RELEVANT 206941
ACTION SNIPPET 1200 581 SNIPPET_NOT_RELEVANT 1598467
ACTION SNIPPET 1200 581 SNIPPET_NOT_RELEVANT 1174399
ACTION SNIPPET 1200 581 SNIPPET_NOT_RELEVANT 1557837
ACTION SNIPPET 1200 581 SNIPPET_NOT_RELEVANT 291101
ACTION SNIPPET 1200 581 SNIPPET_RELEVANT 309337
ACTION DOC 1200 601 EXAMINING_DOCUMENT 309337
ACTION MARK 1200 604 CONSIDERED_RELEVANT 309337
ACTION SNIPPET 1200 604 SNIPPET_NOT_RELEVANT 1267643
ACTION SNIPPET 1200 604 SNIPPET_NOT_RELEVANT 437869
ACTION SNIPPET 1200 604 SNIPPET_NOT_RELEVANT 381612
ACTION SNIPPET 1200 604 SNIPPET_NOT_RELEVANT 902859
ACTION SNIPPET 1200 604 SNIPPET_NOT_RELEVANT 1178357
ACTION SNIPPET 1200 604 SNIPPET_NOT_RELEVANT 455248
ACTION SNIPPET 1200 604 SNIPPET_NOT_RELEVANT 1526149
ACTION SNIPPET 1200 604 SNIPPET_NOT_RELEVANT 1105673
ACTION SNIPPET 1200 604 SNIPPET_NOT_RELEVANT 594254
ACTION SNIPPET 1200 604 SNIPPET_NOT_RELEVANT 190830
ACTION SNIPPET 1200 604 SNIPPET_NOT_RELEVANT 366188
ACTION SNIPPET 1200 604 SNIPPET_NOT_RELEVANT 1227285
ACTION SNIPPET 1200 604 SNIPPET_NOT_RELEVANT 636053
ACTION SNIPPET 1200 604 SNIPPET_NOT_RELEVANT 258949
ACTION SNIPPET 1200 604 SNIPPET_NOT_RELEVANT 628506
ACTION SNIPPET 1200 604 SNIPPET_NOT_RELEVANT 412624
ACTION SNIPPET 1200 604 SNIPPET_NOT_RELEVANT 973942
ACTION SNIPPET 1200 604 SNIPPET_NOT_RELEVANT 1744834
ACTION SNIPPET 1200 604 SNIPPET_NOT_RELEVANT 1394615
ACTION SNIPPET 1200 604 SNIPPET_NOT_RELEVANT 479200
ACTION SNIPPET 1200 604 SNIPPET_NOT_RELEVANT 640130
ACTION SNIPPET 1200 604 SNIPPET_NOT_RELEVANT 861895
ACTION SNIPPET 1200 604 SNIPPET_NOT_RELEVANT 590202
ACTION SNIPPET 1200 604 SNIPPET_NOT_RELEVANT 325244
ACTION SNIPPET 1200 604 SNIPPET_NOT_RELEVANT 1146466
ACTION SNIPPET 1200 604 SNIPPET_NOT_RELEVANT 637969
ACTION SNIPPET 1200 604 SNIPPET_NOT_RELEVANT 818956
ACTION SNIPPET 1200 604 SNIPPET_NOT_RELEVANT 637534
ACTION SNIPPET 1200 604 SNIPPET_NOT_RELEVANT 377673
ACTION SNIPPET 1200 604 SNIPPET_NOT_RELEVANT 1695579
ACTION SNIPPET 1200 604 SNIPPET_NOT_RELEVANT 388881
ACTION SNIPPET 1200 604 SNIPPET_NOT_RELEVANT 565592
ACTION SNIPPET 1200 604 SNIPPET_NOT_RELEVANT 565591
ACTION SNIPPET 1200 604 SNIPPET_NOT_RELEVANT 192631
ACTION SNIPPET 1200 604 SNIPPET_NOT_RELEVANT 637723
ACTION SNIPPET 1200 604 SNIPPET_NOT_RELEVANT 16451
ACTION SNIPPET 1200 604 SNIPPET_RELEVANT 1278902
ACTION DOC 1200 624 EXAMINING_DOCUMENT 1278902
ACTION MARK 1200 627 CONSIDERED_RELEVANT 1278902
ACTION SNIPPET 1200 627 SNIPPET_NOT_RELEVANT 362138
ACTION SNIPPET 1200 627 SNIPPET_NOT_RELEVANT 1612526
ACTION SNIPPET 1200 627 SNIPPET_NOT_RELEVANT 330048
ACTION SNIPPET 1200 627 SNIPPET_NOT_RELEVANT 1660689
ACTION SNIPPET 1200 627 SNIPPET_NOT_RELEVANT 811624
ACTION SNIPPET 1200 627 SNIPPET_NOT_RELEVANT 1072336
ACTION SNIPPET 1200 627 SNIPPET_NOT_RELEVANT 663582
ACTION SNIPPET 1200 627 SNIPPET_NOT_RELEVANT 307429
ACTION SNIPPET 1200 627 SNIPPET_NOT_RELEVANT 632468
ACTION SNIPPET 1200 627 SNIPPET_NOT_RELEVANT 1419003
ACTION SNIPPET 1200 627 SNIPPET_NOT_RELEVANT 1556181
ACTION SNIPPET 1200 627 SNIPPET_NOT_RELEVANT 603429
INFO SERP_END_REACHED 
ACTION QUERY 1200 637 women parliaments reflect
ACTION SERP 1200 642 EXAMINE_SERP
ACTION SNIPPET 1200 642 SNIPPET_RELEVANT 431397
ACTION DOC 1200 662 EXAMINING_DOCUMENT 431397
ACTION MARK 1200 665 CONSIDERED_RELEVANT 431397
ACTION SNIPPET 1200 665 SEEN_PREVIOUSLY 1162537
ACTION SNIPPET 1200 665 SNIPPET_NOT_RELEVANT 1221423
ACTION SNIPPET 1200 665 SNIPPET_NOT_RELEVANT 274086
ACTION SNIPPET 1200 665 SNIPPET_NOT_RELEVANT 1171985
ACTION SNIPPET 1200 665 SEEN_PREVIOUSLY 302716
ACTION SNIPPET 1200 665 SNIPPET_NOT_RELEVANT 573133
ACTION SNIPPET 1200 665 SNIPPET_NOT_RELEVANT 1203173
ACTION SNIPPET 1200 665 SNIPPET_NOT_RELEVANT 860951
ACTION SNIPPET 1200 665 SNIPPET_NOT_RELEVANT 1078230
ACTION SNIPPET 1200 665 SNIPPET_RELEVANT 1104686
ACTION DOC 1200 685 EXAMINING_DOCUMENT 1104686
ACTION MARK 1200 688 CONSIDERED_RELEVANT 1104686
ACTION SNIPPET 1200 688 SNIPPET_NOT_RELEVANT 581514
ACTION SNIPPET 1200 688 SNIPPET_NOT_RELEVANT 933804
ACTION SNIPPET 1200 688 SNIPPET_NOT_RELEVANT 1721715
ACTION SNIPPET 1200 688 SNIPPET_NOT_RELEVANT 667733
ACTION SNIPPET 1200 688 SNIPPET_RELEVANT 1116367
ACTION DOC 1200 708 EXAMINING_DOCUMENT 1116367
ACTION MARK 1200 711 CONSIDERED_RELEVANT 1116367
ACTION SNIPPET 1200 711 SEEN_PREVIOUSLY 1652890
ACTION SNIPPET 1200 711 SNIPPET_NOT_RELEVANT 444217
ACTION SNIPPET 1200 711 SNIPPET_NOT_RELEVANT 1104922
ACTION SNIPPET 1200 711 SNIPPET_NOT_RELEVANT 310544
ACTION SNIPPET 1200 711 SNIPPET_NOT_RELEVANT 451649
ACTION SNIPPET 1200 711 SEEN_PREVIOUSLY 278069
ACTION SNIPPET 1200 711 SNIPPET_NOT_RELEVANT 1612526
ACTION SNIPPET 1200 711 SNIPPET_NOT_RELEVANT 1733500
ACTION SNIPPET 1200 711 SNIPPET_NOT_RELEVANT 1419003
ACTION SNIPPET 1200 711 SNIPPET_NOT_RELEVANT 1762502
ACTION SNIPPET 1200 711 SNIPPET_NOT_RELEVANT 692360
ACTION SNIPPET 1200 711 SEEN_PREVIOUSLY 1669821
ACTION SNIPPET 1200 711 SNIPPET_NOT_RELEVANT 805
ACTION SNIPPET 1200 711 SNIPPET_NOT_RELEVANT 805
ACTION SNIPPET 1200 711 SEEN_PREVIOUSLY 299075
ACTION SNIPPET 1200 711 SNIPPET_NOT_RELEVANT 540126
ACTION SNIPPET 1200 711 SEEN_PREVIOUSLY 1708799
ACTION SNIPPET 1200 711 SEEN_PREVIOUSLY 885618
ACTION SNIPPET 1200 711 SEEN_PREVIOUSLY 784875
ACTION SNIPPET 1200 711 SEEN_PREVIOUSLY 714723
ACTION SNIPPET 1200 711 SEEN_PREVIOUSLY 1120966
ACTION SNIPPET 1200 711 SNIPPET_NOT_RELEVANT 343331
ACTION SNIPPET 1200 711 SEEN_PREVIOUSLY 573572
ACTION SNIPPET 1200 711 SNIPPET_NOT_RELEVANT 819977
ACTION SNIPPET 1200 711 SNIPPET_NOT_RELEVANT 590202
ACTION SNIPPET 1200 711 SNIPPET_RELEVANT 1294266
ACTION DOC 1200 731 EXAMINING_DOCUMENT 1294266
ACTION MARK 1200 734 CONSIDERED_RELEVANT 1294266
ACTION SNIPPET 1200 734 SNIPPET_NOT_RELEVANT 1610914
ACTION SNIPPET 1200 734 SNIPPET_NOT_RELEVANT 498401
ACTION SNIPPET 1200 734 SNIPPET_NOT_RELEVANT 1345398
ACTION SNIPPET 1200 734 SNIPPET_NOT_RELEVANT 722210
ACTION SNIPPET 1200 734 SEEN_PREVIOUSLY 1434566
ACTION SNIPPET 1200 734 SNIPPET_NOT_RELEVANT 1738717
ACTION SNIPPET 1200 734 SEEN_PREVIOUSLY 1771996
ACTION SNIPPET 1200 734 SNIPPET_NOT_RELEVANT 1057359
ACTION SNIPPET 1200 734 SEEN_PREVIOUSLY 1673317
ACTION SNIPPET 1200 734 SEEN_PREVIOUSLY 659276
ACTION SNIPPET 1200 734 SNIPPET_RELEVANT 982355
ACTION DOC 1200 754 EXAMINING_DOCUMENT 982355
ACTION MARK 1200 757 CONSIDERED_RELEVANT 982355
ACTION QUERY 1200 767 women parliaments continue
ACTION SERP 1200 772 EXAMINE_SERP
ACTION SNIPPET 1200 772 SNIPPET_NOT_RELEVANT 1197968
ACTION SNIPPET 1200 772 SNIPPET_NOT_RELEVANT 571224
ACTION SNIPPET 1200 772 SNIPPET_NOT_RELEVANT 204540
ACTION SNIPPET 1200 772 SNIPPET_NOT_RELEVANT 1085142
ACTION SNIPPET 1200 772 SNIPPET_RELEVANT 1772765
ACTION DOC 1200 792 EXAMINING_DOCUMENT 1772765
ACTION MARK 1200 795 CONSIDERED_RELEVANT 1772765
ACTION SNIPPET 1200 795 SEEN_PREVIOUSLY 1652890
ACTION SNIPPET 1200 795 SEEN_PREVIOUSLY 278069
ACTION SNIPPET 1200 795 SNIPPET_NOT_RELEVANT 1612526
ACTION SNIPPET 1200 795 SNIPPET_RELEVANT 521171
ACTION DOC 1200 815 EXAMINING_DOCUMENT 521171
ACTION MARK 1200 818 CONSIDERED_RELEVANT 521171
ACTION SNIPPET 1200 818 SNIPPET_NOT_RELEVANT 1419003
ACTION SNIPPET 1200 818 SNIPPET_NOT_RELEVANT 611878
ACTION SNIPPET 1200 818 SNIPPET_RELEVANT 1548513
ACTION DOC 1200 838 EXAMINING_DOCUMENT 1548513
ACTION MARK 1200 841 CONSIDERED_RELEVANT 1548513
ACTION SNIPPET 1200 841 SEEN_PREVIOUSLY 1669821
ACTION SNIPPET 1200 841 SNIPPET_NOT_RELEVANT 1352878
ACTION SNIPPET 1200 841 SNIPPET_NOT_RELEVANT 595316
ACTION SNIPPET 1200 841 SNIPPET_NOT_RELEVANT 297178
ACTION SNIPPET 1200 841 SNIPPET_RELEVANT 927254
ACTION DOC 1200 861 EXAMINING_DOCUMENT 927254
ACTION MARK 1200 864 CONSIDERED_RELEVANT 927254
ACTION SNIPPET 1200 864 SEEN_PREVIOUSLY 1708799
ACTION SNIPPET 1200 864 SNIPPET_NOT_RELEVANT 66459
ACTION SNIPPET 1200 864 SNIPPET_NOT_RELEVANT 1762109
ACTION SNIPPET 1200 864 SEEN_PREVIOUSLY 885618
ACTION SNIPPET 1200 864 SEEN_PREVIOUSLY 784875
ACTION SNIPPET 1200 864 SEEN_PREVIOUSLY 714723
ACTION SNIPPET 1200 864 SEEN_PREVIOUSLY 1120966
ACTION SNIPPET 1200 864 SNIPPET_NOT_RELEVANT 343331
ACTION SNIPPET 1200 864 SEEN_PREVIOUSLY 573572
ACTION SNIPPET 1200 864 SEEN_PREVIOUSLY 1162537
ACTION SNIPPET 1200 864 SNIPPET_NOT_RELEVANT 1221423
ACTION SNIPPET 1200 864 SEEN_PREVIOUSLY 1294266
ACTION SNIPPET 1200 864 SNIPPET_NOT_RELEVANT 722210
ACTION SNIPPET 1200 864 SEEN_PREVIOUSLY 302716
ACTION SNIPPET 1200 864 SNIPPET_NOT_RELEVANT 1307364
ACTION SNIPPET 1200 864 SEEN_PREVIOUSLY 431397
ACTION SNIPPET 1200 864 SEEN_PREVIOUSLY 1434566
ACTION SNIPPET 1200 864 SEEN_PREVIOUSLY 1771996
ACTION SNIPPET 1200 864 SNIPPET_NOT_RELEVANT 1805117
ACTION SNIPPET 1200 864 SEEN_PREVIOUSLY 1673317
ACTION SNIPPET 1200 864 SEEN_PREVIOUSLY 659276
ACTION SNIPPET 1200 864 SEEN_PREVIOUSLY 982355
ACTION SNIPPET 1200 864 SNIPPET_NOT_RELEVANT 1434773
ACTION SNIPPET 1200 864 SNIPPET_NOT_RELEVANT 1555714
ACTION SNIPPET 1200 864 SEEN_PREVIOUSLY 1751025
ACTION SNIPPET 1200 864 SNIPPET_RELEVANT 1702427
ACTION DOC 1200 884 EXAMINING_DOCUMENT 1702427
ACTION MARK 1200 887 CONSIDERED_RELEVANT 1702427
ACTION QUERY 1200 897 women parliaments poorly
ACTION SERP 1200 902 EXAMINE_SERP
ACTION SNIPPET 1200 902 SNIPPET_NOT_RELEVANT 1197968
ACTION SNIPPET 1200 902 SEEN_PREVIOUSLY 1708799
ACTION SNIPPET 1200 902 SEEN_PREVIOUSLY 659276
ACTION SNIPPET 1200 902 SNIPPET_NOT_RELEVANT 1755721
ACTION SNIPPET 1200 902 SNIPPET_NOT_RELEVANT 696910
ACTION SNIPPET 1200 902 SNIPPET_RELEVANT 523441
ACTION DOC 1200 922 EXAMINING_DOCUMENT 523441
ACTION MARK 1200 925 CONSIDERED_RELEVANT 523441
ACTION SNIPPET 1200 925 SEEN_PREVIOUSLY 521171
ACTION SNIPPET 1200 925 SNIPPET_NOT_RELEVANT 1294022
ACTION SNIPPET 1200 925 SNIPPET_NOT_RELEVANT 1018396
ACTION SNIPPET 1200 925 SNIPPET_RELEVANT 202995
ACTION DOC 1200 945 EXAMINING_DOCUMENT 202995
ACTION MARK 1200 948 CONSIDERED_RELEVANT 202995
ACTION SNIPPET 1200 948 SNIPPET_NOT_RELEVANT 327670
ACTION SNIPPET 1200 948 SNIPPET_NOT_RELEVANT 660475
ACTION SNIPPET 1200 948 SNIPPET_NOT_RELEVANT 680116
ACTION SNIPPET 1200 948 SNIPPET_NOT_RELEVANT 885815
ACTION SNIPPET 1200 948 SNIPPET_NOT_RELEVANT 1025826
ACTION SNIPPET 1200 948 SNIPPET_NOT_RELEVANT 1775468
ACTION SNIPPET 1200 948 SNIPPET_NOT_RELEVANT 1833273
ACTION SNIPPET 1200 948 SNIPPET_RELEVANT 1394326
ACTION DOC 1200 968 EXAMINING_DOCUMENT 1394326
ACTION MARK 1200 971 CONSIDERED_RELEVANT 1394326
ACTION SNIPPET 1200 971 SEEN_PREVIOUSLY 278069
ACTION SNIPPET 1200 971 SNIPPET_NOT_RELEVANT 1173976
ACTION SNIPPET 1200 971 SNIPPET_NOT_RELEVANT 1612526
ACTION SNIPPET 1200 971 SNIPPET_NOT_RELEVANT 811105
ACTION SNIPPET 1200 971 SNIPPET_NOT_RELEVANT 1419003
ACTION SNIPPET 1200 971 SEEN_PREVIOUSLY 1669821
ACTION SNIPPET 1200 971 SNIPPET_NOT_RELEVANT 738229
ACTION SNIPPET 1200 971 SNIPPET_NOT_RELEVANT 404442
ACTION SNIPPET 1200 971 SNIPPET_NOT_RELEVANT 498385
ACTION SNIPPET 1200 971 SNIPPET_NOT_RELEVANT 60206
ACTION SNIPPET 1200 971 SNIPPET_NOT_RELEVANT 1659201
ACTION SNIPPET 1200 971 SEEN_PREVIOUSLY 885618
ACTION SNIPPET 1200 971 SEEN_PREVIOUSLY 784875
ACTION SNIPPET 1200 971 SEEN_PREVIOUSLY 714723
ACTION SNIPPET 1200 971 SEEN_PREVIOUSLY 1120966
ACTION SNIPPET 1200 971 SNIPPET_NOT_RELEVANT 343331
ACTION SNIPPET 1200 971 SEEN_PREVIOUSLY 573572
ACTION SNIPPET 1200 971 SEEN_PREVIOUSLY 1162537
ACTION SNIPPET 1200 971 SNIPPET_NOT_RELEVANT 935718
ACTION SNIPPET 1200 971 SNIPPET_NOT_RELEVANT 1221423
ACTION SNIPPET 1200 971 SNIPPET_NOT_RELEVANT 683997
ACTION SNIPPET 1200 971 SEEN_PREVIOUSLY 1294266
ACTION SNIPPET 1200 971 SNIPPET_NOT_RELEVANT 1102177
ACTION SNIPPET 1200 971 SNIPPET_NOT_RELEVANT 27851
ACTION SNIPPET 1200 971 SNIPPET_NOT_RELEVANT 722210
ACTION SNIPPET 1200 971 SEEN_PREVIOUSLY 302716
ACTION SNIPPET 1200 971 SNIPPET_NOT_RELEVANT 944051
ACTION SNIPPET 1200 971 SEEN_PREVIOUSLY 431397
ACTION SNIPPET 1200 971 SEEN_PREVIOUSLY 1434566
ACTION SNIPPET 1200 971 SEEN_PREVIOUSLY 1771996
ACTION SNIPPET 1200 971 SNIPPET_NOT_RELEVANT 662587
ACTION SNIPPET 1200 971 SEEN_PREVIOUSLY 1673317
ACTION SNIPPET 1200 971 SEEN_PREVIOUSLY 982355
ACTION SNIPPET 1200 971 SNIPPET_NOT_RELEVANT 1011580
ACTION SNIPPET 1200 971 SNIPPET_NOT_RELEVANT 631703
ACTION SNIPPET 1200 971 SEEN_PREVIOUSLY 1751025
ACTION SNIPPET 1200 971 SEEN_PREVIOUSLY 1519223
ACTION SNIPPET 1200 971 SNIPPET_RELEVANT 1206584
ACTION DOC 1200 991 EXAMINING_DOCUMENT 1206584
ACTION MARK 1200 994 CONSIDERED_RELEVANT 1206584
ACTION SNIPPET 1200 994 SNIPPET_RELEVANT 931833
ACTION DOC 1200 1014 EXAMINING_DOCUMENT 931833
ACTION MARK 1200 1017 CONSIDERED_RELEVANT 931833
ACTION QUERY 1200 1027 women parliaments represented
ACTION SERP 1200 1032 EXAMINE_SERP
ACTION SNIPPET 1200 1032 SEEN_PREVIOUSLY 659276
ACTION SNIPPET 1200 1032 SNIPPET_NOT_RELEVANT 1092681
ACTION SNIPPET 1200 1032 SNIPPET_RELEVANT 1617718
ACTION DOC 1200 1052 EXAMINING_DOCUMENT 1617718
ACTION MARK 1200 1055 CONSIDERED_RELEVANT 1617718
ACTION SNIPPET 1200 1055 SEEN_PREVIOUSLY 573572
ACTION SNIPPET 1200 1055 SEEN_PREVIOUSLY 784875
ACTION SNIPPET 1200 1055 SNIPPET_NOT_RELEVANT 1203173
ACTION SNIPPET 1200 1055 SEEN_PREVIOUSLY 1708799
ACTION SNIPPET 1200 1055 SNIPPET_NOT_RELEVANT 633544
ACTION SNIPPET 1200 1055 SEEN_PREVIOUSLY 1434566
ACTION SNIPPET 1200 1055 SEEN_PREVIOUSLY 1652890
ACTION SNIPPET 1200 1055 SEEN_PREVIOUSLY 1120966
ACTION SNIPPET 1200 1055 SNIPPET_NOT_RELEVANT 1085142
ACTION SNIPPET 1200 1055 SEEN_PREVIOUSLY 302716
ACTION SNIPPET 1200 1055 SEEN_PREVIOUSLY 1162537
ACTION SNIPPET 1200 1055 SNIPPET_NOT_RELEVANT 1726138
ACTION SNIPPET 1200 1055 SNIPPET_NOT_RELEVANT 1502773
ACTION SNIPPET 1200 1055 SNIPPET_RELEVANT 37541
ACTION DOC 1200 1075 EXAMINING_DOCUMENT 37541
ACTION MARK 1200 1078 CONSIDERED_RELEVANT 37541
ACTION SNIPPET 1200 1078 SEEN_PREVIOUSLY 1324090
ACTION SNIPPET 1200 1078 SNIPPET_NOT_RELEVANT 1367334
ACTION SNIPPET 1200 1078 SNIPPET_NOT_RELEVANT 98851
ACTION SNIPPET 1200 1078 SEEN_PREVIOUSLY 931833
ACTION SNIPPET 1200 1078 SNIPPET_NOT_RELEVANT 748890
ACTION SNIPPET 1200 1078 SEEN_PREVIOUSLY 1540084
ACTION SNIPPET 1200 1078 SNIPPET_RELEVANT 1179557
ACTION DOC 1200 1098 EXAMINING_DOCUMENT 1179557
ACTION MARK 1200 1101 CONSIDERED_RELEVANT 1179557
ACTION SNIPPET 1200 1101 SNIPPET_NOT_RELEVANT 1696392
ACTION SNIPPET 1200 1101 SNIPPET_NOT_RELEVANT 1695579
ACTION SNIPPET 1200 1101 SNIPPET_RELEVANT 75785
ACTION DOC 1200 1121 EXAMINING_DOCUMENT 75785
ACTION MARK 1200 1124 CONSIDERED_RELEVANT 75785
ACTION SNIPPET 1200 1124 SEEN_PREVIOUSLY 1116367
ACTION SNIPPET 1200 1124 SNIPPET_NOT_RELEVANT 1755721
ACTION SNIPPET 1200 1124 SEEN_PREVIOUSLY 1548513
ACTION SNIPPET 1200 1124 SEEN_PREVIOUSLY 278069
ACTION SNIPPET 1200 1124 SNIPPET_NOT_RELEVANT 1612526
ACTION SNIPPET 1200 1124 SNIPPET_NOT_RELEVANT 1113586
ACTION SNIPPET 1200 1124 SNIPPET_NOT_RELEVANT 1849164
ACTION SNIPPET 1200 1124 SNIPPET_NOT_RELEVANT 983087
ACTION SNIPPET 1200 1124 SNIPPET_NOT_RELEVANT 1108088
ACTION SNIPPET 1200 1124 SNIPPET_NOT_RELEVANT 351152
ACTION SNIPPET 1200 1124 SNIPPET_NOT_RELEVANT 1419003
ACTION SNIPPET 1200 1124 SNIPPET_NOT_RELEVANT 902859
ACTION SNIPPET 1200 1124 SEEN_PREVIOUSLY 1398512
ACTION SNIPPET 1200 1124 SEEN_PREVIOUSLY 1669821
ACTION SNIPPET 1200 1124 SNIPPET_NOT_RELEVANT 655099
ACTION SNIPPET 1200 1124 SNIPPET_NOT_RELEVANT 646417
ACTION SNIPPET 1200 1124 SNIPPET_NOT_RELEVANT 1614644
ACTION SNIPPET 1200 1124 SEEN_PREVIOUSLY 521171
ACTION SNIPPET 1200 1124 SNIPPET_NOT_RELEVANT 1835982
ACTION SNIPPET 1200 1124 SNIPPET_NOT_RELEVANT 353827
ACTION SNIPPET 1200 1124 SEEN_PREVIOUSLY 885618
ACTION SNIPPET 1200 1124 SNIPPET_NOT_RELEVANT 310544
ACTION SNIPPET 1200 1124 SEEN_PREVIOUSLY 714723
ACTION SNIPPET 1200 1124 SNIPPET_NOT_RELEVANT 343331
ACTION SNIPPET 1200 1124 SNIPPET_RELEVANT 447171
ACTION DOC 1200 1144 EXAMINING_DOCUMENT 447171
ACTION MARK 1200 1147 CONSIDERED_RELEVANT 447171
ACTION QUERY 1200 1157 women parliaments gap
ACTION SERP 1200 1162 EXAMINE_SERP
ACTION SNIPPET 1200 1162 SEEN_PREVIOUSLY 1434566
ACTION SNIPPET 1200 1162 SNIPPET_NOT_RELEVANT 525485
ACTION SNIPPET 1200 1162 SNIPPET_NOT_RELEVANT 300090
ACTION SNIPPET 1200 1162 SEEN_PREVIOUSLY 278069
ACTION SNIPPET 1200 1162 SNIPPET_NOT_RELEVANT 1612526
ACTION SNIPPET 1200 1162 SNIPPET_NOT_RELEVANT 1419003
ACTION SNIPPET 1200 1162 SNIPPET_NOT_RELEVANT 803846
ACTION SNIPPET 1200 1162 SNIPPET_NOT_RELEVANT 803632
ACTION SNIPPET 1200 1162 SEEN_PREVIOUSLY 1669821
ACTION SNIPPET 1200 1162 SNIPPET_NOT_RELEVANT 1728394
ACTION SNIPPET 1200 1162 SNIPPET_NOT_RELEVANT 694114
ACTION SNIPPET 1200 1162 SNIPPET_NOT_RELEVANT 541118
ACTION SNIPPET 1200 1162 SNIPPET_NOT_RELEVANT 1025826
ACTION SNIPPET 1200 1162 SEEN_PREVIOUSLY 1708799
ACTION SNIPPET 1200 1162 SEEN_PREVIOUSLY 885618
ACTION SNIPPET 1200 1162 SEEN_PREVIOUSLY 784875
ACTION SNIPPET 1200 1162 SNIPPET_NOT_RELEVANT 784398
ACTION SNIPPET 1200 1162 SEEN_PREVIOUSLY 714723
ACTION SNIPPET 1200 1162 SEEN_PREVIOUSLY 1120966
ACTION SNIPPET 1200 1162 SNIPPET_NOT_RELEVANT 343331
ACTION SNIPPET 1200 1162 SEEN_PREVIOUSLY 573572
ACTION SNIPPET 1200 1162 SEEN_PREVIOUSLY 1162537
ACTION SNIPPET 1200 1162 SNIPPET_NOT_RELEVANT 1228924
ACTION SNIPPET 1200 1162 SNIPPET_NOT_RELEVANT 77875
ACTION SNIPPET 1200 1162 SNIPPET_NOT_RELEVANT 1221423
ACTION SNIPPET 1200 1162 SNIPPET_NOT_RELEVANT 543578
ACTION SNIPPET 1200 1162 SEEN_PREVIOUSLY 1294266
ACTION SNIPPET 1200 1162 SNIPPET_NOT_RELEVANT 1815593
ACTION SNIPPET 1200 1162 SNIPPET_NOT_RELEVANT 1376454
ACTION SNIPPET 1200 1162 SNIPPET_NOT_RELEVANT 811734
ACTION SNIPPET 1200 1162 SNIPPET_NOT_RELEVANT 71613
ACTION SNIPPET 1200 1162 SNIPPET_NOT_RELEVANT 220291
ACTION SNIPPET 1200 1162 SNIPPET_NOT_RELEVANT 155077
ACTION SNIPPET 1200 1162 SNIPPET_NOT_RELEVANT 174821
ACTION SNIPPET 1200 1162 SNIPPET_NOT_RELEVANT 867632
ACTION SNIPPET 1200 1162 SNIPPET_NOT_RELEVANT 722210
ACTION SNIPPET 1200 1162 SEEN_PREVIOUSLY 302716
ACTION SNIPPET 1200 1162 SEEN_PREVIOUSLY 431397
ACTION SNIPPET 1200 1162 SNIPPET_NOT_RELEVANT 1126423
ACTION SNIPPET 1200 1162 SNIPPET_NOT_RELEVANT 957897
ACTION SNIPPET 1200 1162 SEEN_PREVIOUSLY 1771996
ACTION SNIPPET 1200 1162 SNIPPET_NOT_RELEVANT 1237699
ACTION SNIPPET 1200 1162 SNIPPET_NOT_RELEVANT 1205190
ACTION SNIPPET 1200 1162 SEEN_PREVIOUSLY 1673317
ACTION SNIPPET 1200 1162 SEEN_PREVIOUSLY 659276
ACTION SNIPPET 1200 1162 SEEN_PREVIOUSLY 982355
ACTION SNIPPET 1200 1162 SNIPPET_NOT_RELEVANT 931670
ACTION SNIPPET 1200 1162 SEEN_PREVIOUSLY 1751025
ACTION SNIPPET 1200 1162 SEEN_PREVIOUSLY 1519223
ACTION SNIPPET 1200 1162 SNIPPET_NOT_RELEVANT 1814260
ACTION SNIPPET 1200 1162 SNIPPET_NOT_RELEVANT 758170
ACTION SNIPPET 1200 1162 SNIPPET_NOT_RELEVANT 516672
ACTION SNIPPET 1200 1162 SEEN_PREVIOUSLY 931833
ACTION SNIPPET 1200 1162 SNIPPET_NOT_RELEVANT 878833
ACTION SNIPPET 1200 1162 SEEN_PREVIOUSLY 1116367
ACTION SNIPPET 1200 1162 SNIPPET_NOT_RELEVANT 21712
ACTION SNIPPET 1200 1162 SNIPPET_NOT_RELEVANT 731284
ACTION SNIPPET 1200 1162 SEEN_PREVIOUSLY 1772765
ACTION SNIPPET 1200 1162 SNIPPET_NOT_RELEVANT 279632
ACTION SNIPPET 1200 1162 SNIPPET_RELEVANT 1158711
ACTION DOC 1200 1182 EXAMINING_DOCUMENT 1158711
ACTION MARK 1200 1185 CONSIDERED_RELEVANT 1158711
ACTION SNIPPET 1200 1185 SNIPPET_NOT_RELEVANT 458305
ACTION SNIPPET 1200 1185 SNIPPET_NOT_RELEVANT 1471289
ACTION SNIPPET 1200 1185 SNIPPET_NOT_RELEVANT 842909
ACTION SNIPPET 1200 1185 SNIPPET_NOT_RELEVANT 1087726
ACTION SNIPPET 1200 1185 SEEN_PREVIOUSLY 1652890
ACTION SNIPPET 1200 1185 SNIPPET_NOT_RELEVANT 1203173
ACTION SNIPPET 1200 1185 SNIPPET_NOT_RELEVANT 172503
ACTION SNIPPET 1200 1185 SNIPPET_NOT_RELEVANT 708275
ACTION SNIPPET 1200 1185 SNIPPET_NOT_RELEVANT 157730
ACTION SNIPPET 1200 1185 SNIPPET_NOT_RELEVANT 1171985
ACTION SNIPPET 1200 1185 SNIPPET_NOT_RELEVANT 1092681
ACTION SNIPPET 1200 1185 SNIPPET_NOT_RELEVANT 1697004
ACTION SNIPPET 1200 1185 SNIPPET_NOT_RELEVANT 451803
ACTION SNIPPET 1200 1185 SNIPPET_NOT_RELEVANT 973782
ACTION SNIPPET 1200 1185 SNIPPET_NOT_RELEVANT 152767
ACTION SNIPPET 1200 1185 SNIPPET_NOT_RELEVANT 1197968
ACTION SNIPPET 1200 1185 SNIPPET_NOT_RELEVANT 533855
ACTION SNIPPET 1200 1185 SNIPPET_NOT_RELEVANT 204540
ACTION SNIPPET 1200 1185 SNIPPET_NOT_RELEVANT 633544
ACTION SNIPPET 1200 1185 SNIPPET_NOT_RELEVANT 634511
ACTION SNIPPET 1200 1185 SNIPPET_NOT_RELEVANT 938562
ACTION SNIPPET 1200 1185 SNIPPET_NOT_RELEVANT 1783076
ACTION SNIPPET 1200 1185 SNIPPET_NOT_RELEVANT 1829326
ACTION SNIPPET 1200 1185 SNIPPET_NOT_RELEVANT 573133
ACTION SNIPPET 1200 1185 SNIPPET_NOT_RELEVANT 1578614
ACTION SNIPPET 1200 1185 SNIPPET_NOT_RELEVANT 716898
ACTION SNIPPET 1200 1185 SNIPPET_NOT_RELEVANT 1465755
ACTION SNIPPET 1200 1185 SNIPPET_NOT_RELEVANT 1775388
ACTION SNIPPET 1200 1185 SNIPPET_NOT_RELEVANT 1629419
ACTION SNIPPET 1200 1185 SNIPPET_NOT_RELEVANT 584588
ACTION SNIPPET 1200 1185 SNIPPET_NOT_RELEVANT 571224
ACTION SNIPPET 1200 1185 SNIPPET_NOT_RELEVANT 429672
ACTION SNIPPET 1200 1185 SEEN_PREVIOUSLY 1278902
ACTION SNIPPET 1200 1185 SNIPPET_RELEVANT 1121191
ACTION DOC 1200 1205 EXAMINING_DOCUMENT 1121191
INFO SUMMARY 
INFO TOTAL_QUERIES_ISSUED 10
INFO TOTAL_SNIPPETS_EXAMINED 456
INFO TOTAL_DOCUMENTS_EXAMINED 46
INFO TOTAL_DOCUMENTS_MARKED_RELEVANT 46
INFO TOTAL_ATTRACTIVE_SERP_IMPRESSIONS 10
INFO TOTAL_UNATTRACTIVE_SERP_IMPRESSIONS 0
INFO TOTAL_TREC_RELEVANT_DOCS 46
INFO TOTAL_UNIQ_TREC_RELEVANT_DOCS 46
INFO PRECISION_TREC_RELEVANT_DOCS 1.0
