ACTION START 1200 0 START
ACTION QUERY 1200 10 police dogs
ACTION SERP 1200 15 EXAMINE_SERP
ACTION SNIPPET 1200 15 SNIPPET_RELEVANT 1011595
ACTION DOC 1200 35 EXAMINING_DOCUMENT 1011595
ACTION MARK 1200 38 CONSIDERED_RELEVANT 1011595
ACTION SNIPPET 1200 38 SNIPPET_RELEVANT 1186759
ACTION DOC 1200 58 EXAMINING_DOCUMENT 1186759
ACTION MARK 1200 61 CONSIDERED_RELEVANT 1186759
ACTION SNIPPET 1200 61 SNIPPET_RELEVANT 235292
ACTION DOC 1200 81 EXAMINING_DOCUMENT 235292
ACTION MARK 1200 84 CONSIDERED_RELEVANT 235292
ACTION SNIPPET 1200 84 SNIPPET_RELEVANT 1024371
ACTION DOC 1200 104 EXAMINING_DOCUMENT 1024371
ACTION MARK 1200 107 CONSIDERED_RELEVANT 1024371
ACTION SNIPPET 1200 107 SNIPPET_RELEVANT 895819
ACTION DOC 1200 127 EXAMINING_DOCUMENT 895819
ACTION MARK 1200 130 CONSIDERED_RELEVANT 895819
ACTION QUERY 1200 140 law enforcement animals
ACTION SERP 1200 145 EXAMINE_SERP
ACTION SNIPPET 1200 145 SNIPPET_RELEVANT 827961
ACTION DOC 1200 165 EXAMINING_DOCUMENT 827961
ACTION SNIPPET 1200 165 SNIPPET_RELEVANT 568230
ACTION DOC 1200 185 EXAMINING_DOCUMENT 568230
ACTION SNIPPET 1200 185 SNIPPET_RELEVANT 971940
ACTION DOC 1200 205 EXAMINING_DOCUMENT 971940
ACTION SNIPPET 1200 205 SNIPPET_RELEVANT 300832
ACTION DOC 1200 225 EXAMINING_DOCUMENT 300832
ACTION SNIPPET 1200 225 SNIPPET_RELEVANT 1350221
ACTION DOC 1200 245 EXAMINING_DOCUMENT 1350221
ACTION SNIPPET 1200 245 SNIPPET_RELEVANT 1325757
ACTION DOC 1200 265 EXAMINING_DOCUMENT 1325757
ACTION QUERY 1200 275 police dog incidents
ACTION SERP 1200 280 EXAMINE_SERP
ACTION SNIPPET 1200 280 SNIPPET_RELEVANT 576653
ACTION DOC 1200 300 EXAMINING_DOCUMENT 576653
ACTION MARK 1200 303 CONSIDERED_RELEVANT 576653
ACTION SNIPPET 1200 303 SNIPPET_RELEVANT 1395790
ACTION DOC 1200 323 EXAMINING_DOCUMENT 1395790
ACTION MARK 1200 326 CONSIDERED_RELEVANT 1395790
ACTION SNIPPET 1200 326 SNIPPET_RELEVANT 608994
ACTION DOC 1200 346 EXAMINING_DOCUMENT 608994
ACTION MARK 1200 349 CONSIDERED_RELEVANT 608994
ACTION SNIPPET 1200 349 SNIPPET_RELEVANT 71650
ACTION DOC 1200 369 EXAMINING_DOCUMENT 71650
ACTION MARK 1200 372 CONSIDERED_RELEVANT 71650
ACTION SNIPPET 1200 372 SNIPPET_RELEVANT 943777
ACTION DOC 1200 392 EXAMINING_DOCUMENT 943777
ACTION MARK 1200 395 CONSIDERED_RELEVANT 943777
ACTION QUERY 1200 405 law enforcement canine
ACTION SERP 1200 410 EXAMINE_SERP
ACTION SNIPPET 1200 410 SNIPPET_RELEVANT 1192153
ACTION DOC 1200 430 EXAMINING_DOCUMENT 1192153
ACTION SNIPPET 1200 430 SNIPPET_RELEVANT 625971
ACTION DOC 1200 450 EXAMINING_DOCUMENT 625971
ACTION MARK 1200 453 CONSIDERED_RELEVANT 625971
ACTION SNIPPET 1200 453 SNIPPET_RELEVANT 27375
ACTION DOC 1200 473 EXAMINING_DOCUMENT 27375
ACTION SNIPPET 1200 473 SNIPPET_RELEVANT 522307
ACTION DOC 1200 493 EXAMINING_DOCUMENT 522307
ACTION MARK 1200 496 CONSIDERED_RELEVANT 522307
ACTION SNIPPET 1200 496 SNIPPET_RELEVANT 657103
ACTION DOC 1200 516 EXAMINING_DOCUMENT 657103
ACTION SNIPPET 1200 516 SNIPPET_RELEVANT 846505
ACTION DOC 1200 536 EXAMINING_DOCUMENT 846505
ACTION QUERY 1200 546 police dog training
ACTION SERP 1200 551 EXAMINE_SERP
ACTION SNIPPET 1200 551 SEEN_PREVIOUSLY 1024371
ACTION SNIPPET 1200 551 SNIPPET_RELEVANT 309523
ACTION DOC 1200 571 EXAMINING_DOCUMENT 309523
ACTION MARK 1200 574 CONSIDERED_RELEVANT 309523
ACTION SNIPPET 1200 574 SNIPPET_RELEVANT 620123
ACTION DOC 1200 594 EXAMINING_DOCUMENT 620123
ACTION MARK 1200 597 CONSIDERED_RELEVANT 620123
ACTION SNIPPET 1200 597 SNIPPET_RELEVANT 1577848
ACTION DOC 1200 617 EXAMINING_DOCUMENT 1577848
ACTION MARK 1200 620 CONSIDERED_RELEVANT 1577848
ACTION SNIPPET 1200 620 SEEN_PREVIOUSLY 625971
ACTION SNIPPET 1200 620 SNIPPET_RELEVANT 49288
ACTION DOC 1200 640 EXAMINING_DOCUMENT 49288
ACTION MARK 1200 643 CONSIDERED_RELEVANT 49288
ACTION SNIPPET 1200 643 SNIPPET_RELEVANT 375258
ACTION DOC 1200 663 EXAMINING_DOCUMENT 375258
ACTION MARK 1200 666 CONSIDERED_RELEVANT 375258
ACTION QUERY 1200 676 police dog attacks
ACTION SERP 1200 681 EXAMINE_SERP
ACTION SNIPPET 1200 681 SNIPPET_RELEVANT 1757916
ACTION DOC 1200 701 EXAMINING_DOCUMENT 1757916
ACTION MARK 1200 704 CONSIDERED_RELEVANT 1757916
ACTION SNIPPET 1200 704 SNIPPET_RELEVANT 1354691
ACTION DOC 1200 724 EXAMINING_DOCUMENT 1354691
ACTION MARK 1200 727 CONSIDERED_RELEVANT 1354691
ACTION SNIPPET 1200 727 SNIPPET_RELEVANT 1671933
ACTION DOC 1200 747 EXAMINING_DOCUMENT 1671933
ACTION MARK 1200 750 CONSIDERED_RELEVANT 1671933
ACTION SNIPPET 1200 750 SNIPPET_RELEVANT 1238237
ACTION DOC 1200 770 EXAMINING_DOCUMENT 1238237
ACTION MARK 1200 773 CONSIDERED_RELEVANT 1238237
ACTION SNIPPET 1200 773 SNIPPET_RELEVANT 979320
ACTION DOC 1200 793 EXAMINING_DOCUMENT 979320
ACTION MARK 1200 796 CONSIDERED_RELEVANT 979320
ACTION QUERY 1200 806 law enforcement dogs
ACTION SERP 1200 811 EXAMINE_SERP
ACTION SNIPPET 1200 811 SNIPPET_RELEVANT 1126803
ACTION DOC 1200 831 EXAMINING_DOCUMENT 1126803
ACTION MARK 1200 834 CONSIDERED_RELEVANT 1126803
ACTION SNIPPET 1200 834 SNIPPET_RELEVANT 768273
ACTION DOC 1200 854 EXAMINING_DOCUMENT 768273
ACTION MARK 1200 857 CONSIDERED_RELEVANT 768273
ACTION SNIPPET 1200 857 SNIPPET_RELEVANT 923876
ACTION DOC 1200 877 EXAMINING_DOCUMENT 923876
ACTION MARK 1200 880 CONSIDERED_RELEVANT 923876
ACTION SNIPPET 1200 880 SNIPPET_RELEVANT 848079
ACTION DOC 1200 900 EXAMINING_DOCUMENT 848079
ACTION MARK 1200 903 CONSIDERED_RELEVANT 848079
ACTION SNIPPET 1200 903 SNIPPET_RELEVANT 772507
ACTION DOC 1200 923 EXAMINING_DOCUMENT 772507
ACTION MARK 1200 926 CONSIDERED_RELEVANT 772507
ACTION QUERY 1200 936 dog leash laws
ACTION SERP 1200 941 EXAMINE_SERP
ACTION SNIPPET 1200 941 SEEN_PREVIOUSLY 1126803
ACTION SNIPPET 1200 941 SNIPPET_RELEVANT 1785804
ACTION DOC 1200 961 EXAMINING_DOCUMENT 1785804
ACTION MARK 1200 964 CONSIDERED_RELEVANT 1785804
ACTION SNIPPET 1200 964 SNIPPET_RELEVANT 1530247
ACTION DOC 1200 984 EXAMINING_DOCUMENT 1530247
ACTION MARK 1200 987 CONSIDERED_RELEVANT 1530247
ACTION SNIPPET 1200 987 SNIPPET_RELEVANT 1129088
ACTION DOC 1200 1007 EXAMINING_DOCUMENT 1129088
ACTION MARK 1200 1010 CONSIDERED_RELEVANT 1129088
ACTION SNIPPET 1200 1010 SNIPPET_RELEVANT 1087788
ACTION DOC 1200 1030 EXAMINING_DOCUMENT 1087788
ACTION MARK 1200 1033 CONSIDERED_RELEVANT 1087788
ACTION SNIPPET 1200 1033 SNIPPET_RELEVANT 924205
ACTION DOC 1200 1053 EXAMINING_DOCUMENT 924205
ACTION MARK 1200 1056 CONSIDERED_RELEVANT 924205
ACTION QUERY 1200 1066 leash law enforcement
ACTION SERP 1200 1071 EXAMINE_SERP
ACTION SNIPPET 1200 1071 SEEN_PREVIOUSLY 1126803
ACTION SNIPPET 1200 1071 SEEN_PREVIOUSLY 772507
ACTION SNIPPET 1200 1071 SEEN_PREVIOUSLY 924205
ACTION SNIPPET 1200 1071 SNIPPET_RELEVANT 1812698
ACTION DOC 1200 1091 EXAMINING_DOCUMENT 1812698
ACTION MARK 1200 1094 CONSIDERED_RELEVANT 1812698
ACTION SNIPPET 1200 1094 SNIPPET_RELEVANT 1088957
ACTION DOC 1200 1114 EXAMINING_DOCUMENT 1088957
ACTION MARK 1200 1117 CONSIDERED_RELEVANT 1088957
ACTION SNIPPET 1200 1117 SEEN_PREVIOUSLY 768273
ACTION SNIPPET 1200 1117 SNIPPET_RELEVANT 1759960
ACTION DOC 1200 1137 EXAMINING_DOCUMENT 1759960
ACTION MARK 1200 1140 CONSIDERED_RELEVANT 1759960
ACTION SNIPPET 1200 1140 SEEN_PREVIOUSLY 846505
ACTION SNIPPET 1200 1140 SEEN_PREVIOUSLY 1087788
ACTION SNIPPET 1200 1140 SNIPPET_RELEVANT 1089743
ACTION DOC 1200 1160 EXAMINING_DOCUMENT 1089743
ACTION MARK 1200 1163 CONSIDERED_RELEVANT 1089743
ACTION SNIPPET 1200 1163 SNIPPET_RELEVANT 233057
ACTION DOC 1200 1183 EXAMINING_DOCUMENT 233057
ACTION MARK 1200 1186 CONSIDERED_RELEVANT 233057
ACTION QUERY 1200 1196 dog owners rights
ACTION SERP 1200 1201 EXAMINE_SERP
INFO SUMMARY 
INFO TOTAL_QUERIES_ISSUED 10
INFO TOTAL_SNIPPETS_EXAMINED 56
INFO TOTAL_DOCUMENTS_EXAMINED 47
INFO TOTAL_DOCUMENTS_MARKED_RELEVANT 37
INFO TOTAL_ATTRACTIVE_SERP_IMPRESSIONS 10
INFO TOTAL_UNATTRACTIVE_SERP_IMPRESSIONS 0
