ACTION START 1200 0 START
ACTION QUERY 1200 10 Native American casino
ACTION SERP 1200 15 EXAMINE_SERP
ACTION SNIPPET 1200 15 SNIPPET_RELEVANT 1229201
ACTION DOC 1200 35 EXAMINING_DOCUMENT 1229201
ACTION MARK 1200 38 CONSIDERED_RELEVANT 1229201
ACTION SNIPPET 1200 38 SNIPPET_RELEVANT 955215
ACTION DOC 1200 58 EXAMINING_DOCUMENT 955215
ACTION MARK 1200 61 CONSIDERED_RELEVANT 955215
ACTION SNIPPET 1200 61 SNIPPET_RELEVANT 751799
ACTION DOC 1200 81 EXAMINING_DOCUMENT 751799
ACTION MARK 1200 84 CONSIDERED_RELEVANT 751799
ACTION SNIPPET 1200 84 SNIPPET_RELEVANT 1088208
ACTION DOC 1200 104 EXAMINING_DOCUMENT 1088208
ACTION MARK 1200 107 CONSIDERED_RELEVANT 1088208
ACTION SNIPPET 1200 107 SNIPPET_RELEVANT 1390982
ACTION DOC 1200 127 EXAMINING_DOCUMENT 1390982
ACTION MARK 1200 130 CONSIDERED_RELEVANT 1390982
ACTION QUERY 1200 140 Indian gaming industry
ACTION SERP 1200 145 EXAMINE_SERP
ACTION SNIPPET 1200 145 SNIPPET_RELEVANT 470672
ACTION DOC 1200 165 EXAMINING_DOCUMENT 470672
ACTION MARK 1200 168 CONSIDERED_RELEVANT 470672
ACTION SNIPPET 1200 168 SNIPPET_RELEVANT 370824
ACTION DOC 1200 188 EXAMINING_DOCUMENT 370824
ACTION MARK 1200 191 CONSIDERED_RELEVANT 370824
ACTION SNIPPET 1200 191 SNIPPET_RELEVANT 968694
ACTION DOC 1200 211 EXAMINING_DOCUMENT 968694
ACTION SNIPPET 1200 211 SNIPPET_RELEVANT 885643
ACTION DOC 1200 231 EXAMINING_DOCUMENT 885643
ACTION SNIPPET 1200 231 SNIPPET_RELEVANT 1275255
ACTION DOC 1200 251 EXAMINING_DOCUMENT 1275255
ACTION MARK 1200 254 CONSIDERED_RELEVANT 1275255
ACTION SNIPPET 1200 254 SNIPPET_RELEVANT 448619
ACTION DOC 1200 274 EXAMINING_DOCUMENT 448619
ACTION MARK 1200 277 CONSIDERED_RELEVANT 448619
ACTION QUERY 1200 287 Indian gaming law
ACTION SERP 1200 292 EXAMINE_SERP
ACTION SNIPPET 1200 292 SNIPPET_RELEVANT 853225
ACTION DOC 1200 312 EXAMINING_DOCUMENT 853225
ACTION MARK 1200 315 CONSIDERED_RELEVANT 853225
ACTION SNIPPET 1200 315 SNIPPET_RELEVANT 83777
ACTION DOC 1200 335 EXAMINING_DOCUMENT 83777
ACTION MARK 1200 338 CONSIDERED_RELEVANT 83777
ACTION SNIPPET 1200 338 SNIPPET_RELEVANT 987297
ACTION DOC 1200 358 EXAMINING_DOCUMENT 987297
ACTION MARK 1200 361 CONSIDERED_RELEVANT 987297
ACTION SNIPPET 1200 361 SNIPPET_RELEVANT 597581
ACTION DOC 1200 381 EXAMINING_DOCUMENT 597581
ACTION MARK 1200 384 CONSIDERED_RELEVANT 597581
ACTION SNIPPET 1200 384 SNIPPET_RELEVANT 762607
ACTION DOC 1200 404 EXAMINING_DOCUMENT 762607
ACTION MARK 1200 407 CONSIDERED_RELEVANT 762607
ACTION QUERY 1200 417 Native American casinos
ACTION SERP 1200 422 EXAMINE_SERP
ACTION SNIPPET 1200 422 SEEN_PREVIOUSLY 1229201
ACTION SNIPPET 1200 422 SEEN_PREVIOUSLY 955215
ACTION SNIPPET 1200 422 SEEN_PREVIOUSLY 751799
ACTION SNIPPET 1200 422 SEEN_PREVIOUSLY 1088208
ACTION SNIPPET 1200 422 SEEN_PREVIOUSLY 1390982
ACTION SNIPPET 1200 422 SNIPPET_RELEVANT 449033
ACTION DOC 1200 442 EXAMINING_DOCUMENT 449033
ACTION MARK 1200 445 CONSIDERED_RELEVANT 449033
ACTION SNIPPET 1200 445 SNIPPET_RELEVANT 1452425
ACTION DOC 1200 465 EXAMINING_DOCUMENT 1452425
ACTION MARK 1200 468 CONSIDERED_RELEVANT 1452425
ACTION SNIPPET 1200 468 SNIPPET_RELEVANT 1298283
ACTION DOC 1200 488 EXAMINING_DOCUMENT 1298283
ACTION MARK 1200 491 CONSIDERED_RELEVANT 1298283
ACTION SNIPPET 1200 491 SNIPPET_RELEVANT 606494
ACTION DOC 1200 511 EXAMINING_DOCUMENT 606494
ACTION MARK 1200 514 CONSIDERED_RELEVANT 606494
ACTION SNIPPET 1200 514 SNIPPET_RELEVANT 1528507
ACTION DOC 1200 534 EXAMINING_DOCUMENT 1528507
ACTION SNIPPET 1200 534 SNIPPET_RELEVANT 1338012
ACTION DOC 1200 554 EXAMINING_DOCUMENT 1338012
ACTION QUERY 1200 564 Native American casino growth
ACTION SERP 1200 569 EXAMINE_SERP
ACTION SNIPPET 1200 569 SEEN_PREVIOUSLY 606494
ACTION SNIPPET 1200 569 SNIPPET_RELEVANT 819352
ACTION DOC 1200 589 EXAMINING_DOCUMENT 819352
ACTION SNIPPET 1200 589 SEEN_PREVIOUSLY 1229201
ACTION SNIPPET 1200 589 SEEN_PREVIOUSLY 955215
ACTION SNIPPET 1200 589 SEEN_PREVIOUSLY 751799
ACTION SNIPPET 1200 589 SNIPPET_RELEVANT 1663305
ACTION DOC 1200 609 EXAMINING_DOCUMENT 1663305
ACTION MARK 1200 612 CONSIDERED_RELEVANT 1663305
ACTION SNIPPET 1200 612 SNIPPET_RELEVANT 1060530
ACTION DOC 1200 632 EXAMINING_DOCUMENT 1060530
ACTION MARK 1200 635 CONSIDERED_RELEVANT 1060530
ACTION SNIPPET 1200 635 SEEN_PREVIOUSLY 1088208
ACTION SNIPPET 1200 635 SNIPPET_RELEVANT 659520
ACTION DOC 1200 655 EXAMINING_DOCUMENT 659520
ACTION MARK 1200 658 CONSIDERED_RELEVANT 659520
ACTION SNIPPET 1200 658 SEEN_PREVIOUSLY 1390982
ACTION SNIPPET 1200 658 SNIPPET_RELEVANT 1807509
ACTION DOC 1200 678 EXAMINING_DOCUMENT 1807509
ACTION SNIPPET 1200 678 SNIPPET_RELEVANT 1004142
ACTION DOC 1200 698 EXAMINING_DOCUMENT 1004142
ACTION MARK 1200 701 CONSIDERED_RELEVANT 1004142
ACTION QUERY 1200 711 Native American gaming
ACTION SERP 1200 716 EXAMINE_SERP
ACTION SNIPPET 1200 716 SNIPPET_RELEVANT 1286816
ACTION DOC 1200 736 EXAMINING_DOCUMENT 1286816
ACTION SNIPPET 1200 736 SNIPPET_RELEVANT 1304444
ACTION DOC 1200 756 EXAMINING_DOCUMENT 1304444
ACTION SNIPPET 1200 756 SNIPPET_RELEVANT 368650
ACTION DOC 1200 776 EXAMINING_DOCUMENT 368650
ACTION SNIPPET 1200 776 SEEN_PREVIOUSLY 1229201
ACTION SNIPPET 1200 776 SNIPPET_RELEVANT 826423
ACTION DOC 1200 796 EXAMINING_DOCUMENT 826423
ACTION MARK 1200 799 CONSIDERED_RELEVANT 826423
ACTION SNIPPET 1200 799 SNIPPET_RELEVANT 69233
ACTION DOC 1200 819 EXAMINING_DOCUMENT 69233
ACTION SNIPPET 1200 819 SNIPPET_RELEVANT 360708
ACTION DOC 1200 839 EXAMINING_DOCUMENT 360708
ACTION QUERY 1200 849 Indian gaming economics
ACTION SERP 1200 854 EXAMINE_SERP
ACTION SNIPPET 1200 854 SNIPPET_RELEVANT 856657
ACTION DOC 1200 874 EXAMINING_DOCUMENT 856657
ACTION MARK 1200 877 CONSIDERED_RELEVANT 856657
ACTION SNIPPET 1200 877 SEEN_PREVIOUSLY 370824
ACTION SNIPPET 1200 877 SNIPPET_RELEVANT 617630
ACTION DOC 1200 897 EXAMINING_DOCUMENT 617630
ACTION MARK 1200 900 CONSIDERED_RELEVANT 617630
ACTION SNIPPET 1200 900 SNIPPET_RELEVANT 904822
ACTION DOC 1200 920 EXAMINING_DOCUMENT 904822
ACTION MARK 1200 923 CONSIDERED_RELEVANT 904822
ACTION SNIPPET 1200 923 SNIPPET_RELEVANT 1053779
ACTION DOC 1200 943 EXAMINING_DOCUMENT 1053779
ACTION MARK 1200 946 CONSIDERED_RELEVANT 1053779
ACTION SNIPPET 1200 946 SEEN_PREVIOUSLY 1390982
ACTION SNIPPET 1200 946 SNIPPET_RELEVANT 1680593
ACTION DOC 1200 966 EXAMINING_DOCUMENT 1680593
ACTION MARK 1200 969 CONSIDERED_RELEVANT 1680593
ACTION QUERY 1200 979 Indian gaming revenue
ACTION SERP 1200 984 EXAMINE_SERP
ACTION SNIPPET 1200 984 SEEN_PREVIOUSLY 1680593
ACTION SNIPPET 1200 984 SEEN_PREVIOUSLY 617630
ACTION SNIPPET 1200 984 SEEN_PREVIOUSLY 856657
ACTION SNIPPET 1200 984 SNIPPET_RELEVANT 937328
ACTION DOC 1200 1004 EXAMINING_DOCUMENT 937328
ACTION MARK 1200 1007 CONSIDERED_RELEVANT 937328
ACTION SNIPPET 1200 1007 SNIPPET_RELEVANT 1447889
ACTION DOC 1200 1027 EXAMINING_DOCUMENT 1447889
ACTION MARK 1200 1030 CONSIDERED_RELEVANT 1447889
ACTION SNIPPET 1200 1030 SNIPPET_RELEVANT 439668
ACTION DOC 1200 1050 EXAMINING_DOCUMENT 439668
ACTION MARK 1200 1053 CONSIDERED_RELEVANT 439668
ACTION SNIPPET 1200 1053 SNIPPET_RELEVANT 881272
ACTION DOC 1200 1073 EXAMINING_DOCUMENT 881272
ACTION SNIPPET 1200 1073 SNIPPET_RELEVANT 1659076
ACTION DOC 1200 1093 EXAMINING_DOCUMENT 1659076
ACTION MARK 1200 1096 CONSIDERED_RELEVANT 1659076
ACTION SNIPPET 1200 1096 SNIPPET_RELEVANT 790727
ACTION DOC 1200 1116 EXAMINING_DOCUMENT 790727
ACTION MARK 1200 1119 CONSIDERED_RELEVANT 790727
ACTION QUERY 1200 1129 Native American tribal casinos
ACTION SERP 1200 1134 EXAMINE_SERP
ACTION SNIPPET 1200 1134 SEEN_PREVIOUSLY 1229201
ACTION SNIPPET 1200 1134 SEEN_PREVIOUSLY 1088208
ACTION SNIPPET 1200 1134 SNIPPET_RELEVANT 1734352
ACTION DOC 1200 1154 EXAMINING_DOCUMENT 1734352
ACTION MARK 1200 1157 CONSIDERED_RELEVANT 1734352
ACTION SNIPPET 1200 1157 SNIPPET_RELEVANT 1225324
ACTION DOC 1200 1177 EXAMINING_DOCUMENT 1225324
ACTION SNIPPET 1200 1177 SNIPPET_RELEVANT 778782
ACTION DOC 1200 1197 EXAMINING_DOCUMENT 778782
ACTION MARK 1200 1200 CONSIDERED_RELEVANT 778782
INFO SUMMARY 
INFO TOTAL_QUERIES_ISSUED 9
INFO TOTAL_SNIPPETS_EXAMINED 67
INFO TOTAL_DOCUMENTS_EXAMINED 48
INFO TOTAL_DOCUMENTS_MARKED_RELEVANT 35
INFO TOTAL_ATTRACTIVE_SERP_IMPRESSIONS 9
INFO TOTAL_UNATTRACTIVE_SERP_IMPRESSIONS 0
