ACTION START 1200 0 START
ACTION QUERY 1200 10 mercy killing
ACTION SERP 1200 15 EXAMINE_SERP
ACTION SNIPPET 1200 15 SNIPPET_RELEVANT 157557
ACTION DOC 1200 35 EXAMINING_DOCUMENT 157557
ACTION SNIPPET 1200 35 SNIPPET_RELEVANT 1121204
ACTION DOC 1200 55 EXAMINING_DOCUMENT 1121204
ACTION MARK 1200 58 CONSIDERED_RELEVANT 1121204
ACTION SNIPPET 1200 58 SNIPPET_RELEVANT 1005479
ACTION DOC 1200 78 EXAMINING_DOCUMENT 1005479
ACTION MARK 1200 81 CONSIDERED_RELEVANT 1005479
ACTION SNIPPET 1200 81 SNIPPET_RELEVANT 789093
ACTION DOC 1200 101 EXAMINING_DOCUMENT 789093
ACTION SNIPPET 1200 101 SNIPPET_RELEVANT 35680
ACTION DOC 1200 121 EXAMINING_DOCUMENT 35680
ACTION SNIPPET 1200 121 SNIPPET_RELEVANT 473943
ACTION DOC 1200 141 EXAMINING_DOCUMENT 473943
ACTION QUERY 1200 151 euthanasia cases
ACTION SERP 1200 156 EXAMINE_SERP
ACTION SNIPPET 1200 156 SNIPPET_RELEVANT 788041
ACTION DOC 1200 176 EXAMINING_DOCUMENT 788041
ACTION SNIPPET 1200 176 SNIPPET_RELEVANT 484165
ACTION DOC 1200 196 EXAMINING_DOCUMENT 484165
ACTION SNIPPET 1200 196 SNIPPET_RELEVANT 589304
ACTION DOC 1200 216 EXAMINING_DOCUMENT 589304
ACTION MARK 1200 219 CONSIDERED_RELEVANT 589304
ACTION SNIPPET 1200 219 SNIPPET_RELEVANT 115272
ACTION DOC 1200 239 EXAMINING_DOCUMENT 115272
ACTION SNIPPET 1200 239 SNIPPET_RELEVANT 472960
ACTION DOC 1200 259 EXAMINING_DOCUMENT 472960
ACTION SNIPPET 1200 259 SNIPPET_RELEVANT 30265
ACTION DOC 1200 279 EXAMINING_DOCUMENT 30265
ACTION QUERY 1200 289 assisted dying
ACTION SERP 1200 294 EXAMINE_SERP
ACTION SNIPPET 1200 294 SNIPPET_RELEVANT 1709297
ACTION DOC 1200 314 EXAMINING_DOCUMENT 1709297
ACTION SNIPPET 1200 314 SNIPPET_RELEVANT 701063
ACTION DOC 1200 334 EXAMINING_DOCUMENT 701063
ACTION SNIPPET 1200 334 SNIPPET_RELEVANT 1597265
ACTION DOC 1200 354 EXAMINING_DOCUMENT 1597265
ACTION SNIPPET 1200 354 SNIPPET_RELEVANT 1136924
ACTION DOC 1200 374 EXAMINING_DOCUMENT 1136924
ACTION SNIPPET 1200 374 SNIPPET_RELEVANT 936881
ACTION DOC 1200 394 EXAMINING_DOCUMENT 936881
ACTION SNIPPET 1200 394 SNIPPET_RELEVANT 1232484
ACTION DOC 1200 414 EXAMINING_DOCUMENT 1232484
ACTION QUERY 1200 424 right to die
ACTION SERP 1200 429 EXAMINE_SERP
ACTION SNIPPET 1200 429 SNIPPET_RELEVANT 688329
ACTION DOC 1200 449 EXAMINING_DOCUMENT 688329
ACTION SNIPPET 1200 449 SNIPPET_RELEVANT 101440
ACTION DOC 1200 469 EXAMINING_DOCUMENT 101440
ACTION SNIPPET 1200 469 SNIPPET_RELEVANT 313121
ACTION DOC 1200 489 EXAMINING_DOCUMENT 313121
ACTION SNIPPET 1200 489 SNIPPET_RELEVANT 82243
ACTION DOC 1200 509 EXAMINING_DOCUMENT 82243
ACTION SNIPPET 1200 509 SNIPPET_RELEVANT 835176
ACTION DOC 1200 529 EXAMINING_DOCUMENT 835176
ACTION SNIPPET 1200 529 SNIPPET_RELEVANT 1335173
ACTION DOC 1200 549 EXAMINING_DOCUMENT 1335173
ACTION MARK 1200 552 CONSIDERED_RELEVANT 1335173
ACTION QUERY 1200 562 life support removal
ACTION SERP 1200 567 EXAMINE_SERP
ACTION SNIPPET 1200 567 SNIPPET_RELEVANT 219118
ACTION DOC 1200 587 EXAMINING_DOCUMENT 219118
ACTION MARK 1200 590 CONSIDERED_RELEVANT 219118
ACTION SNIPPET 1200 590 SNIPPET_RELEVANT 121070
ACTION DOC 1200 610 EXAMINING_DOCUMENT 121070
ACTION MARK 1200 613 CONSIDERED_RELEVANT 121070
ACTION SNIPPET 1200 613 SNIPPET_RELEVANT 98178
ACTION DOC 1200 633 EXAMINING_DOCUMENT 98178
ACTION MARK 1200 636 CONSIDERED_RELEVANT 98178
ACTION SNIPPET 1200 636 SNIPPET_RELEVANT 220121
ACTION DOC 1200 656 EXAMINING_DOCUMENT 220121
ACTION MARK 1200 659 CONSIDERED_RELEVANT 220121
ACTION SNIPPET 1200 659 SNIPPET_RELEVANT 380760
ACTION DOC 1200 679 EXAMINING_DOCUMENT 380760
ACTION MARK 1200 682 CONSIDERED_RELEVANT 380760
ACTION QUERY 1200 692 terminal illness mercy
ACTION SERP 1200 697 EXAMINE_SERP
ACTION SNIPPET 1200 697 SNIPPET_RELEVANT 116927
ACTION DOC 1200 717 EXAMINING_DOCUMENT 116927
ACTION MARK 1200 720 CONSIDERED_RELEVANT 116927
ACTION SNIPPET 1200 720 SNIPPET_RELEVANT 566521
ACTION DOC 1200 740 EXAMINING_DOCUMENT 566521
ACTION SNIPPET 1200 740 SNIPPET_RELEVANT 480130
ACTION DOC 1200 760 EXAMINING_DOCUMENT 480130
ACTION SNIPPET 1200 760 SNIPPET_RELEVANT 1426355
ACTION DOC 1200 780 EXAMINING_DOCUMENT 1426355
ACTION SNIPPET 1200 780 SNIPPET_RELEVANT 723837
ACTION DOC 1200 800 EXAMINING_DOCUMENT 723837
ACTION SNIPPET 1200 800 SEEN_PREVIOUSLY 35680
ACTION SNIPPET 1200 800 SNIPPET_RELEVANT 117169
ACTION DOC 1200 820 EXAMINING_DOCUMENT 117169
ACTION MARK 1200 823 CONSIDERED_RELEVANT 117169
ACTION QUERY 1200 833 end of life care
ACTION SERP 1200 838 EXAMINE_SERP
ACTION SNIPPET 1200 838 SNIPPET_RELEVANT 1620089
ACTION DOC 1200 858 EXAMINING_DOCUMENT 1620089
ACTION SNIPPET 1200 858 SNIPPET_RELEVANT 1089236
ACTION DOC 1200 878 EXAMINING_DOCUMENT 1089236
ACTION SNIPPET 1200 878 SNIPPET_RELEVANT 1849012
ACTION DOC 1200 898 EXAMINING_DOCUMENT 1849012
ACTION SNIPPET 1200 898 SNIPPET_RELEVANT 1322444
ACTION DOC 1200 918 EXAMINING_DOCUMENT 1322444
ACTION SNIPPET 1200 918 SNIPPET_RELEVANT 1416100
ACTION DOC 1200 938 EXAMINING_DOCUMENT 1416100
ACTION SNIPPET 1200 938 SNIPPET_RELEVANT 1205252
ACTION DOC 1200 958 EXAMINING_DOCUMENT 1205252
ACTION QUERY 1200 968 voluntary euthanasia
ACTION SERP 1200 973 EXAMINE_SERP
ACTION SNIPPET 1200 973 SNIPPET_RELEVANT 946716
ACTION DOC 1200 993 EXAMINING_DOCUMENT 946716
ACTION SNIPPET 1200 993 SNIPPET_RELEVANT 1073629
ACTION DOC 1200 1013 EXAMINING_DOCUMENT 1073629
ACTION SNIPPET 1200 1013 SNIPPET_RELEVANT 1210771
ACTION DOC 1200 1033 EXAMINING_DOCUMENT 1210771
ACTION SNIPPET 1200 1033 SNIPPET_RELEVANT 1100688
ACTION DOC 1200 1053 EXAMINING_DOCUMENT 1100688
ACTION SNIPPET 1200 1053 SEEN_PREVIOUSLY 30265
ACTION SNIPPET 1200 1053 SNIPPET_RELEVANT 589166
ACTION DOC 1200 1073 EXAMINING_DOCUMENT 589166
ACTION SNIPPET 1200 1073 SNIPPET_RELEVANT 590182
ACTION DOC 1200 1093 EXAMINING_DOCUMENT 590182
ACTION QUERY 1200 1103 involuntary euthanasia
ACTION SERP 1200 1108 EXAMINE_SERP
ACTION SNIPPET 1200 1108 SNIPPET_RELEVANT 723839
ACTION DOC 1200 1128 EXAMINING_DOCUMENT 723839
ACTION SNIPPET 1200 1128 SNIPPET_RELEVANT 485779
ACTION DOC 1200 1148 EXAMINING_DOCUMENT 485779
ACTION SNIPPET 1200 1148 SEEN_PREVIOUSLY 590182
ACTION SNIPPET 1200 1148 SEEN_PREVIOUSLY 936881
ACTION SNIPPET 1200 1148 SNIPPET_RELEVANT 1095250
ACTION DOC 1200 1168 EXAMINING_DOCUMENT 1095250
ACTION MARK 1200 1171 CONSIDERED_RELEVANT 1095250
ACTION SNIPPET 1200 1171 SNIPPET_RELEVANT 939172
ACTION DOC 1200 1191 EXAMINING_DOCUMENT 939172
ACTION SNIPPET 1200 1191 SNIPPET_RELEVANT 941312
ACTION DOC 1200 1211 EXAMINING_DOCUMENT 941312
INFO SUMMARY 
INFO TOTAL_QUERIES_ISSUED 9
INFO TOTAL_SNIPPETS_EXAMINED 56
INFO TOTAL_DOCUMENTS_EXAMINED 52
INFO TOTAL_DOCUMENTS_MARKED_RELEVANT 12
INFO TOTAL_ATTRACTIVE_SERP_IMPRESSIONS 9
INFO TOTAL_UNATTRACTIVE_SERP_IMPRESSIONS 0
