ACTION START 1200 0 START
ACTION QUERY 1200 10 US investment in Africa
ACTION SERP 1200 15 EXAMINE_SERP
ACTION SNIPPET 1200 15 SNIPPET_RELEVANT 793940
ACTION DOC 1200 35 EXAMINING_DOCUMENT 793940
ACTION MARK 1200 38 CONSIDERED_RELEVANT 793940
ACTION SNIPPET 1200 38 SNIPPET_RELEVANT 678215
ACTION DOC 1200 58 EXAMINING_DOCUMENT 678215
ACTION MARK 1200 61 CONSIDERED_RELEVANT 678215
ACTION SNIPPET 1200 61 SNIPPET_RELEVANT 159599
ACTION DOC 1200 81 EXAMINING_DOCUMENT 159599
ACTION MARK 1200 84 CONSIDERED_RELEVANT 159599
ACTION SNIPPET 1200 84 SNIPPET_RELEVANT 77703
ACTION DOC 1200 104 EXAMINING_DOCUMENT 77703
ACTION MARK 1200 107 CONSIDERED_RELEVANT 77703
ACTION SNIPPET 1200 107 SNIPPET_RELEVANT 716704
ACTION DOC 1200 127 EXAMINING_DOCUMENT 716704
ACTION MARK 1200 130 CONSIDERED_RELEVANT 716704
ACTION QUERY 1200 140 Africa economic engagement
ACTION SERP 1200 145 EXAMINE_SERP
ACTION SNIPPET 1200 145 SNIPPET_RELEVANT 12440
ACTION DOC 1200 165 EXAMINING_DOCUMENT 12440
ACTION SNIPPET 1200 165 SNIPPET_RELEVANT 47613
ACTION DOC 1200 185 EXAMINING_DOCUMENT 47613
ACTION SNIPPET 1200 185 SNIPPET_RELEVANT 47108
ACTION DOC 1200 205 EXAMINING_DOCUMENT 47108
ACTION SNIPPET 1200 205 SNIPPET_RELEVANT 689763
ACTION DOC 1200 225 EXAMINING_DOCUMENT 689763
ACTION SNIPPET 1200 225 SNIPPET_RELEVANT 427460
ACTION DOC 1200 245 EXAMINING_DOCUMENT 427460
ACTION SNIPPET 1200 245 SNIPPET_RELEVANT 208995
ACTION DOC 1200 265 EXAMINING_DOCUMENT 208995
ACTION QUERY 1200 275 US investments Africa
ACTION SERP 1200 280 EXAMINE_SERP
ACTION SNIPPET 1200 280 SEEN_PREVIOUSLY 793940
ACTION SNIPPET 1200 280 SEEN_PREVIOUSLY 678215
ACTION SNIPPET 1200 280 SEEN_PREVIOUSLY 159599
ACTION SNIPPET 1200 280 SEEN_PREVIOUSLY 77703
ACTION SNIPPET 1200 280 SEEN_PREVIOUSLY 716704
ACTION SNIPPET 1200 280 SNIPPET_RELEVANT 621721
ACTION DOC 1200 300 EXAMINING_DOCUMENT 621721
ACTION MARK 1200 303 CONSIDERED_RELEVANT 621721
ACTION SNIPPET 1200 303 SNIPPET_RELEVANT 85242
ACTION DOC 1200 323 EXAMINING_DOCUMENT 85242
ACTION SNIPPET 1200 323 SNIPPET_RELEVANT 1532697
ACTION DOC 1200 343 EXAMINING_DOCUMENT 1532697
ACTION MARK 1200 346 CONSIDERED_RELEVANT 1532697
ACTION SNIPPET 1200 346 SNIPPET_RELEVANT 716128
ACTION DOC 1200 366 EXAMINING_DOCUMENT 716128
ACTION MARK 1200 369 CONSIDERED_RELEVANT 716128
ACTION SNIPPET 1200 369 SNIPPET_RELEVANT 128684
ACTION DOC 1200 389 EXAMINING_DOCUMENT 128684
ACTION SNIPPET 1200 389 SNIPPET_RELEVANT 636543
ACTION DOC 1200 409 EXAMINING_DOCUMENT 636543
ACTION MARK 1200 412 CONSIDERED_RELEVANT 636543
ACTION QUERY 1200 422 Africa business growth
ACTION SERP 1200 427 EXAMINE_SERP
ACTION SNIPPET 1200 427 SNIPPET_RELEVANT 1424738
ACTION DOC 1200 447 EXAMINING_DOCUMENT 1424738
ACTION MARK 1200 450 CONSIDERED_RELEVANT 1424738
ACTION SNIPPET 1200 450 SNIPPET_RELEVANT 1218191
ACTION DOC 1200 470 EXAMINING_DOCUMENT 1218191
ACTION MARK 1200 473 CONSIDERED_RELEVANT 1218191
ACTION SNIPPET 1200 473 SNIPPET_RELEVANT 1352183
ACTION DOC 1200 493 EXAMINING_DOCUMENT 1352183
ACTION MARK 1200 496 CONSIDERED_RELEVANT 1352183
ACTION SNIPPET 1200 496 SNIPPET_RELEVANT 674207
ACTION DOC 1200 516 EXAMINING_DOCUMENT 674207
ACTION SNIPPET 1200 516 SNIPPET_RELEVANT 1503129
ACTION DOC 1200 536 EXAMINING_DOCUMENT 1503129
ACTION MARK 1200 539 CONSIDERED_RELEVANT 1503129
ACTION SNIPPET 1200 539 SNIPPET_RELEVANT 937917
ACTION DOC 1200 559 EXAMINING_DOCUMENT 937917
ACTION MARK 1200 562 CONSIDERED_RELEVANT 937917
ACTION QUERY 1200 572 Africa economic growth
ACTION SERP 1200 577 EXAMINE_SERP
ACTION SNIPPET 1200 577 SNIPPET_RELEVANT 220046
ACTION DOC 1200 597 EXAMINING_DOCUMENT 220046
ACTION SNIPPET 1200 597 SNIPPET_RELEVANT 1408817
ACTION DOC 1200 617 EXAMINING_DOCUMENT 1408817
ACTION SNIPPET 1200 617 SNIPPET_RELEVANT 317362
ACTION DOC 1200 637 EXAMINING_DOCUMENT 317362
ACTION SNIPPET 1200 637 SNIPPET_RELEVANT 692433
ACTION DOC 1200 657 EXAMINING_DOCUMENT 692433
ACTION SNIPPET 1200 657 SEEN_PREVIOUSLY 674207
ACTION SNIPPET 1200 657 SNIPPET_RELEVANT 406466
ACTION DOC 1200 677 EXAMINING_DOCUMENT 406466
ACTION MARK 1200 680 CONSIDERED_RELEVANT 406466
ACTION SNIPPET 1200 680 SNIPPET_RELEVANT 221188
ACTION DOC 1200 700 EXAMINING_DOCUMENT 221188
ACTION QUERY 1200 710 Africa investment opportunities
ACTION SERP 1200 715 EXAMINE_SERP
ACTION SNIPPET 1200 715 SNIPPET_RELEVANT 47252
ACTION DOC 1200 735 EXAMINING_DOCUMENT 47252
ACTION SNIPPET 1200 735 SEEN_PREVIOUSLY 636543
ACTION SNIPPET 1200 735 SNIPPET_RELEVANT 226826
ACTION DOC 1200 755 EXAMINING_DOCUMENT 226826
ACTION SNIPPET 1200 755 SEEN_PREVIOUSLY 1532697
ACTION SNIPPET 1200 755 SEEN_PREVIOUSLY 716704
ACTION SNIPPET 1200 755 SNIPPET_RELEVANT 637425
ACTION DOC 1200 775 EXAMINING_DOCUMENT 637425
ACTION MARK 1200 778 CONSIDERED_RELEVANT 637425
ACTION SNIPPET 1200 778 SNIPPET_RELEVANT 462481
ACTION DOC 1200 798 EXAMINING_DOCUMENT 462481
ACTION SNIPPET 1200 798 SNIPPET_RELEVANT 346085
ACTION DOC 1200 818 EXAMINING_DOCUMENT 346085
ACTION SNIPPET 1200 818 SEEN_PREVIOUSLY 678215
ACTION SNIPPET 1200 818 SNIPPET_RELEVANT 1376357
ACTION DOC 1200 838 EXAMINING_DOCUMENT 1376357
ACTION MARK 1200 841 CONSIDERED_RELEVANT 1376357
ACTION QUERY 1200 851 U.S. investment Africa
ACTION SERP 1200 856 EXAMINE_SERP
ACTION SNIPPET 1200 856 SEEN_PREVIOUSLY 793940
ACTION SNIPPET 1200 856 SEEN_PREVIOUSLY 678215
ACTION SNIPPET 1200 856 SEEN_PREVIOUSLY 159599
ACTION SNIPPET 1200 856 SEEN_PREVIOUSLY 77703
ACTION SNIPPET 1200 856 SEEN_PREVIOUSLY 716704
ACTION SNIPPET 1200 856 SEEN_PREVIOUSLY 621721
ACTION SNIPPET 1200 856 SEEN_PREVIOUSLY 85242
ACTION SNIPPET 1200 856 SEEN_PREVIOUSLY 1532697
ACTION SNIPPET 1200 856 SEEN_PREVIOUSLY 716128
ACTION SNIPPET 1200 856 SEEN_PREVIOUSLY 128684
ACTION SNIPPET 1200 856 SEEN_PREVIOUSLY 636543
ACTION SNIPPET 1200 856 SNIPPET_RELEVANT 115746
ACTION DOC 1200 876 EXAMINING_DOCUMENT 115746
ACTION SNIPPET 1200 876 SNIPPET_RELEVANT 301161
ACTION DOC 1200 896 EXAMINING_DOCUMENT 301161
ACTION SNIPPET 1200 896 SNIPPET_RELEVANT 47557
ACTION DOC 1200 916 EXAMINING_DOCUMENT 47557
ACTION SNIPPET 1200 916 SNIPPET_RELEVANT 326830
ACTION DOC 1200 936 EXAMINING_DOCUMENT 326830
ACTION MARK 1200 939 CONSIDERED_RELEVANT 326830
ACTION SNIPPET 1200 939 SNIPPET_RELEVANT 170086
ACTION DOC 1200 959 EXAMINING_DOCUMENT 170086
ACTION SNIPPET 1200 959 SNIPPET_RELEVANT 909406
ACTION DOC 1200 979 EXAMINING_DOCUMENT 909406
ACTION MARK 1200 982 CONSIDERED_RELEVANT 909406
ACTION QUERY 1200 992 American companies Africa
ACTION SERP 1200 997 EXAMINE_SERP
ACTION SNIPPET 1200 997 SNIPPET_RELEVANT 47107
ACTION DOC 1200 1017 EXAMINING_DOCUMENT 47107
ACTION SNIPPET 1200 1017 SNIPPET_RELEVANT 643596
ACTION DOC 1200 1037 EXAMINING_DOCUMENT 643596
ACTION MARK 1200 1040 CONSIDERED_RELEVANT 643596
ACTION SNIPPET 1200 1040 SEEN_PREVIOUSLY 462481
ACTION SNIPPET 1200 1040 SNIPPET_RELEVANT 5056
ACTION DOC 1200 1060 EXAMINING_DOCUMENT 5056
ACTION SNIPPET 1200 1060 SEEN_PREVIOUSLY 5056
ACTION SNIPPET 1200 1060 SNIPPET_RELEVANT 49770
ACTION DOC 1200 1080 EXAMINING_DOCUMENT 49770
ACTION SNIPPET 1200 1080 SNIPPET_RELEVANT 104575
ACTION DOC 1200 1100 EXAMINING_DOCUMENT 104575
ACTION SNIPPET 1200 1100 SNIPPET_RELEVANT 49676
ACTION DOC 1200 1120 EXAMINING_DOCUMENT 49676
ACTION QUERY 1200 1130 Africa foreign investment
ACTION SERP 1200 1135 EXAMINE_SERP
ACTION SNIPPET 1200 1135 SEEN_PREVIOUSLY 326830
ACTION SNIPPET 1200 1135 SEEN_PREVIOUSLY 1532697
ACTION SNIPPET 1200 1135 SNIPPET_RELEVANT 1333177
ACTION DOC 1200 1155 EXAMINING_DOCUMENT 1333177
ACTION MARK 1200 1158 CONSIDERED_RELEVANT 1333177
ACTION SNIPPET 1200 1158 SNIPPET_RELEVANT 151707
ACTION DOC 1200 1178 EXAMINING_DOCUMENT 151707
ACTION SNIPPET 1200 1178 SNIPPET_RELEVANT 223334
ACTION DOC 1200 1198 EXAMINING_DOCUMENT 223334
ACTION MARK 1200 1201 CONSIDERED_RELEVANT 223334
INFO SUMMARY 
INFO TOTAL_QUERIES_ISSUED 9
INFO TOTAL_SNIPPETS_EXAMINED 75
INFO TOTAL_DOCUMENTS_EXAMINED 50
INFO TOTAL_DOCUMENTS_MARKED_RELEVANT 22
INFO TOTAL_ATTRACTIVE_SERP_IMPRESSIONS 9
INFO TOTAL_UNATTRACTIVE_SERP_IMPRESSIONS 0
