ACTION START 1200 0 START
ACTION QUERY 1200 10 Ireland peace talks violence
ACTION SERP 1200 15 EXAMINE_SERP
ACTION SNIPPET 1200 15 SNIPPET_RELEVANT 937737
ACTION DOC 1200 35 EXAMINING_DOCUMENT 937737
ACTION MARK 1200 38 CONSIDERED_RELEVANT 937737
ACTION SNIPPET 1200 38 SNIPPET_RELEVANT 645753
ACTION DOC 1200 58 EXAMINING_DOCUMENT 645753
ACTION SNIPPET 1200 58 SNIPPET_RELEVANT 1005983
ACTION DOC 1200 78 EXAMINING_DOCUMENT 1005983
ACTION MARK 1200 81 CONSIDERED_RELEVANT 1005983
ACTION SNIPPET 1200 81 SNIPPET_RELEVANT 1017810
ACTION DOC 1200 101 EXAMINING_DOCUMENT 1017810
ACTION SNIPPET 1200 101 SNIPPET_RELEVANT 821182
ACTION DOC 1200 121 EXAMINING_DOCUMENT 821182
ACTION MARK 1200 124 CONSIDERED_RELEVANT 821182
ACTION SNIPPET 1200 124 SNIPPET_RELEVANT 821316
ACTION DOC 1200 144 EXAMINING_DOCUMENT 821316
ACTION MARK 1200 147 CONSIDERED_RELEVANT 821316
ACTION QUERY 1200 157 Northern Ireland peace process disruptions
ACTION SERP 1200 162 EXAMINE_SERP
ACTION SNIPPET 1200 162 SNIPPET_RELEVANT 1154707
ACTION DOC 1200 182 EXAMINING_DOCUMENT 1154707
ACTION SNIPPET 1200 182 SNIPPET_RELEVANT 858991
ACTION DOC 1200 202 EXAMINING_DOCUMENT 858991
ACTION MARK 1200 205 CONSIDERED_RELEVANT 858991
ACTION SNIPPET 1200 205 SNIPPET_RELEVANT 450456
ACTION DOC 1200 225 EXAMINING_DOCUMENT 450456
ACTION MARK 1200 228 CONSIDERED_RELEVANT 450456
ACTION SNIPPET 1200 228 SNIPPET_RELEVANT 1043814
ACTION DOC 1200 248 EXAMINING_DOCUMENT 1043814
ACTION SNIPPET 1200 248 SNIPPET_RELEVANT 1753951
ACTION DOC 1200 268 EXAMINING_DOCUMENT 1753951
ACTION SNIPPET 1200 268 SNIPPET_RELEVANT 1081919
ACTION DOC 1200 288 EXAMINING_DOCUMENT 1081919
ACTION QUERY 1200 298 Irish Republican Army attacks on peace talks
ACTION SERP 1200 303 EXAMINE_SERP
ACTION SNIPPET 1200 303 SNIPPET_RELEVANT 882024
ACTION DOC 1200 323 EXAMINING_DOCUMENT 882024
ACTION MARK 1200 326 CONSIDERED_RELEVANT 882024
ACTION SNIPPET 1200 326 SNIPPET_RELEVANT 992613
ACTION DOC 1200 346 EXAMINING_DOCUMENT 992613
ACTION MARK 1200 349 CONSIDERED_RELEVANT 992613
ACTION SNIPPET 1200 349 SNIPPET_RELEVANT 570878
ACTION DOC 1200 369 EXAMINING_DOCUMENT 570878
ACTION SNIPPET 1200 369 SNIPPET_RELEVANT 644645
ACTION DOC 1200 389 EXAMINING_DOCUMENT 644645
ACTION MARK 1200 392 CONSIDERED_RELEVANT 644645
ACTION SNIPPET 1200 392 SNIPPET_RELEVANT 997687
ACTION DOC 1200 412 EXAMINING_DOCUMENT 997687
ACTION MARK 1200 415 CONSIDERED_RELEVANT 997687
ACTION SNIPPET 1200 415 SNIPPET_RELEVANT 659838
ACTION DOC 1200 435 EXAMINING_DOCUMENT 659838
ACTION MARK 1200 438 CONSIDERED_RELEVANT 659838
ACTION QUERY 1200 448 Ireland violence disruptions
ACTION SERP 1200 453 EXAMINE_SERP
ACTION SNIPPET 1200 453 SNIPPET_RELEVANT 175954
ACTION DOC 1200 473 EXAMINING_DOCUMENT 175954
ACTION MARK 1200 476 CONSIDERED_RELEVANT 175954
ACTION SNIPPET 1200 476 SNIPPET_RELEVANT 550111
ACTION DOC 1200 496 EXAMINING_DOCUMENT 550111
ACTION MARK 1200 499 CONSIDERED_RELEVANT 550111
ACTION SNIPPET 1200 499 SNIPPET_RELEVANT 986577
ACTION DOC 1200 519 EXAMINING_DOCUMENT 986577
ACTION SNIPPET 1200 519 SNIPPET_RELEVANT 900944
ACTION DOC 1200 539 EXAMINING_DOCUMENT 900944
ACTION MARK 1200 542 CONSIDERED_RELEVANT 900944
ACTION SNIPPET 1200 542 SEEN_PREVIOUSLY 1043814
ACTION SNIPPET 1200 542 SEEN_PREVIOUSLY 1753951
ACTION SNIPPET 1200 542 SNIPPET_RELEVANT 189875
ACTION DOC 1200 562 EXAMINING_DOCUMENT 189875
ACTION SNIPPET 1200 562 SNIPPET_RELEVANT 693210
ACTION DOC 1200 582 EXAMINING_DOCUMENT 693210
ACTION MARK 1200 585 CONSIDERED_RELEVANT 693210
ACTION QUERY 1200 595 Violence during Irish peace negotiations
ACTION SERP 1200 600 EXAMINE_SERP
ACTION SNIPPET 1200 600 SNIPPET_RELEVANT 828980
ACTION DOC 1200 620 EXAMINING_DOCUMENT 828980
ACTION SNIPPET 1200 620 SNIPPET_RELEVANT 788244
ACTION DOC 1200 640 EXAMINING_DOCUMENT 788244
ACTION SNIPPET 1200 640 SNIPPET_RELEVANT 1002800
ACTION DOC 1200 660 EXAMINING_DOCUMENT 1002800
ACTION SNIPPET 1200 660 SNIPPET_RELEVANT 549505
ACTION DOC 1200 680 EXAMINING_DOCUMENT 549505
ACTION SNIPPET 1200 680 SNIPPET_RELEVANT 640319
ACTION DOC 1200 700 EXAMINING_DOCUMENT 640319
ACTION SNIPPET 1200 700 SEEN_PREVIOUSLY 645753
ACTION SNIPPET 1200 700 SNIPPET_RELEVANT 1647270
ACTION DOC 1200 720 EXAMINING_DOCUMENT 1647270
ACTION QUERY 1200 730 Peace talks delays Ireland
ACTION SERP 1200 735 EXAMINE_SERP
ACTION SNIPPET 1200 735 SNIPPET_RELEVANT 745786
ACTION DOC 1200 755 EXAMINING_DOCUMENT 745786
ACTION SNIPPET 1200 755 SEEN_PREVIOUSLY 644645
ACTION SNIPPET 1200 755 SNIPPET_RELEVANT 443766
ACTION DOC 1200 775 EXAMINING_DOCUMENT 443766
ACTION SNIPPET 1200 775 SEEN_PREVIOUSLY 1005983
ACTION SNIPPET 1200 775 SEEN_PREVIOUSLY 821182
ACTION SNIPPET 1200 775 SEEN_PREVIOUSLY 821316
ACTION SNIPPET 1200 775 SNIPPET_RELEVANT 833242
ACTION DOC 1200 795 EXAMINING_DOCUMENT 833242
ACTION SNIPPET 1200 795 SNIPPET_RELEVANT 786985
ACTION DOC 1200 815 EXAMINING_DOCUMENT 786985
ACTION SNIPPET 1200 815 SNIPPET_RELEVANT 1055072
ACTION DOC 1200 835 EXAMINING_DOCUMENT 1055072
ACTION SNIPPET 1200 835 SNIPPET_RELEVANT 838306
ACTION DOC 1200 855 EXAMINING_DOCUMENT 838306
ACTION QUERY 1200 865 IRA attacks on peace negotiations
ACTION SERP 1200 870 EXAMINE_SERP
ACTION SNIPPET 1200 870 SNIPPET_RELEVANT 1094512
ACTION DOC 1200 890 EXAMINING_DOCUMENT 1094512
ACTION SNIPPET 1200 890 SNIPPET_RELEVANT 1726028
ACTION DOC 1200 910 EXAMINING_DOCUMENT 1726028
ACTION SNIPPET 1200 910 SNIPPET_RELEVANT 575277
ACTION DOC 1200 930 EXAMINING_DOCUMENT 575277
ACTION SNIPPET 1200 930 SNIPPET_RELEVANT 90386
ACTION DOC 1200 950 EXAMINING_DOCUMENT 90386
ACTION SNIPPET 1200 950 SNIPPET_RELEVANT 1173090
ACTION DOC 1200 970 EXAMINING_DOCUMENT 1173090
ACTION SNIPPET 1200 970 SNIPPET_RELEVANT 429408
ACTION DOC 1200 990 EXAMINING_DOCUMENT 429408
ACTION QUERY 1200 1000 Peace process delays
ACTION SERP 1200 1005 EXAMINE_SERP
ACTION SNIPPET 1200 1005 SNIPPET_RELEVANT 490365
ACTION DOC 1200 1025 EXAMINING_DOCUMENT 490365
ACTION SNIPPET 1200 1025 SNIPPET_RELEVANT 1507052
ACTION DOC 1200 1045 EXAMINING_DOCUMENT 1507052
ACTION SNIPPET 1200 1045 SNIPPET_RELEVANT 471612
ACTION DOC 1200 1065 EXAMINING_DOCUMENT 471612
ACTION SNIPPET 1200 1065 SNIPPET_RELEVANT 471648
ACTION DOC 1200 1085 EXAMINING_DOCUMENT 471648
ACTION SNIPPET 1200 1085 SNIPPET_RELEVANT 717915
ACTION DOC 1200 1105 EXAMINING_DOCUMENT 717915
ACTION SNIPPET 1200 1105 SNIPPET_RELEVANT 660582
ACTION DOC 1200 1125 EXAMINING_DOCUMENT 660582
ACTION QUERY 1200 1135 Irish peace process delays
ACTION SERP 1200 1140 EXAMINE_SERP
ACTION SNIPPET 1200 1140 SNIPPET_RELEVANT 788663
ACTION DOC 1200 1160 EXAMINING_DOCUMENT 788663
ACTION SNIPPET 1200 1160 SEEN_PREVIOUSLY 833242
ACTION SNIPPET 1200 1160 SNIPPET_RELEVANT 1315384
ACTION DOC 1200 1180 EXAMINING_DOCUMENT 1315384
ACTION SNIPPET 1200 1180 SEEN_PREVIOUSLY 838306
ACTION SNIPPET 1200 1180 SNIPPET_RELEVANT 757847
ACTION DOC 1200 1200 EXAMINING_DOCUMENT 757847
INFO SUMMARY 
INFO TOTAL_QUERIES_ISSUED 9
INFO TOTAL_SNIPPETS_EXAMINED 60
INFO TOTAL_DOCUMENTS_EXAMINED 51
INFO TOTAL_DOCUMENTS_MARKED_RELEVANT 16
INFO TOTAL_ATTRACTIVE_SERP_IMPRESSIONS 9
INFO TOTAL_UNATTRACTIVE_SERP_IMPRESSIONS 0
