ACTION START 1200 0 START
ACTION QUERY 1200 10 Amazon rainforest preservation
ACTION SERP 1200 15 EXAMINE_SERP
ACTION SNIPPET 1200 15 SNIPPET_RELEVANT 326425
ACTION DOC 1200 35 EXAMINING_DOCUMENT 326425
ACTION SNIPPET 1200 35 SNIPPET_RELEVANT 1073903
ACTION DOC 1200 55 EXAMINING_DOCUMENT 1073903
ACTION SNIPPET 1200 55 SNIPPET_RELEVANT 623009
ACTION DOC 1200 75 EXAMINING_DOCUMENT 623009
ACTION SNIPPET 1200 75 SNIPPET_RELEVANT 1525643
ACTION DOC 1200 95 EXAMINING_DOCUMENT 1525643
ACTION SNIPPET 1200 95 SNIPPET_RELEVANT 1135574
ACTION DOC 1200 115 EXAMINING_DOCUMENT 1135574
ACTION SNIPPET 1200 115 SNIPPET_RELEVANT 1686999
ACTION DOC 1200 135 EXAMINING_DOCUMENT 1686999
ACTION QUERY 1200 145 Amazon conservation efforts
ACTION SERP 1200 150 EXAMINE_SERP
ACTION SNIPPET 1200 150 SNIPPET_RELEVANT 1471407
ACTION DOC 1200 170 EXAMINING_DOCUMENT 1471407
ACTION MARK 1200 173 CONSIDERED_RELEVANT 1471407
ACTION SNIPPET 1200 173 SNIPPET_RELEVANT 946607
ACTION DOC 1200 193 EXAMINING_DOCUMENT 946607
ACTION SNIPPET 1200 193 SNIPPET_RELEVANT 1013462
ACTION DOC 1200 213 EXAMINING_DOCUMENT 1013462
ACTION MARK 1200 216 CONSIDERED_RELEVANT 1013462
ACTION SNIPPET 1200 216 SNIPPET_RELEVANT 1162715
ACTION DOC 1200 236 EXAMINING_DOCUMENT 1162715
ACTION SNIPPET 1200 236 SNIPPET_RELEVANT 457048
ACTION DOC 1200 256 EXAMINING_DOCUMENT 457048
ACTION MARK 1200 259 CONSIDERED_RELEVANT 457048
ACTION SNIPPET 1200 259 SNIPPET_RELEVANT 1206603
ACTION DOC 1200 279 EXAMINING_DOCUMENT 1206603
ACTION QUERY 1200 289 Amazon rainforest preservation efforts
ACTION SERP 1200 294 EXAMINE_SERP
ACTION SNIPPET 1200 294 SEEN_PREVIOUSLY 326425
ACTION SNIPPET 1200 294 SEEN_PREVIOUSLY 1073903
ACTION SNIPPET 1200 294 SEEN_PREVIOUSLY 623009
ACTION SNIPPET 1200 294 SNIPPET_RELEVANT 348913
ACTION DOC 1200 314 EXAMINING_DOCUMENT 348913
ACTION SNIPPET 1200 314 SEEN_PREVIOUSLY 1525643
ACTION SNIPPET 1200 314 SEEN_PREVIOUSLY 1135574
ACTION SNIPPET 1200 314 SEEN_PREVIOUSLY 1686999
ACTION SNIPPET 1200 314 SNIPPET_RELEVANT 409140
ACTION DOC 1200 334 EXAMINING_DOCUMENT 409140
ACTION SNIPPET 1200 334 SNIPPET_RELEVANT 373692
ACTION DOC 1200 354 EXAMINING_DOCUMENT 373692
ACTION SNIPPET 1200 354 SNIPPET_RELEVANT 1854769
ACTION DOC 1200 374 EXAMINING_DOCUMENT 1854769
ACTION SNIPPET 1200 374 SNIPPET_RELEVANT 264854
ACTION DOC 1200 394 EXAMINING_DOCUMENT 264854
ACTION SNIPPET 1200 394 SNIPPET_RELEVANT 1601543
ACTION DOC 1200 414 EXAMINING_DOCUMENT 1601543
ACTION QUERY 1200 424 Amazon rainforest conservation efforts
ACTION SERP 1200 429 EXAMINE_SERP
ACTION SNIPPET 1200 429 SEEN_PREVIOUSLY 348913
ACTION SNIPPET 1200 429 SEEN_PREVIOUSLY 326425
ACTION SNIPPET 1200 429 SEEN_PREVIOUSLY 1686999
ACTION SNIPPET 1200 429 SEEN_PREVIOUSLY 1073903
ACTION SNIPPET 1200 429 SEEN_PREVIOUSLY 1854769
ACTION SNIPPET 1200 429 SNIPPET_RELEVANT 1220995
ACTION DOC 1200 449 EXAMINING_DOCUMENT 1220995
ACTION SNIPPET 1200 449 SEEN_PREVIOUSLY 373692
ACTION SNIPPET 1200 449 SEEN_PREVIOUSLY 457048
ACTION SNIPPET 1200 449 SEEN_PREVIOUSLY 1525643
ACTION SNIPPET 1200 449 SEEN_PREVIOUSLY 1601543
ACTION SNIPPET 1200 449 SNIPPET_RELEVANT 515911
ACTION DOC 1200 469 EXAMINING_DOCUMENT 515911
ACTION MARK 1200 472 CONSIDERED_RELEVANT 515911
ACTION SNIPPET 1200 472 SNIPPET_RELEVANT 547446
ACTION DOC 1200 492 EXAMINING_DOCUMENT 547446
ACTION SNIPPET 1200 492 SEEN_PREVIOUSLY 623009
ACTION SNIPPET 1200 492 SNIPPET_RELEVANT 966659
ACTION DOC 1200 512 EXAMINING_DOCUMENT 966659
ACTION SNIPPET 1200 512 SEEN_PREVIOUSLY 409140
ACTION SNIPPET 1200 512 SNIPPET_RELEVANT 992193
ACTION DOC 1200 532 EXAMINING_DOCUMENT 992193
ACTION SNIPPET 1200 532 SNIPPET_RELEVANT 1499350
ACTION DOC 1200 552 EXAMINING_DOCUMENT 1499350
ACTION QUERY 1200 562 South America forest preservation policies
ACTION SERP 1200 567 EXAMINE_SERP
ACTION SNIPPET 1200 567 SNIPPET_RELEVANT 1093319
ACTION DOC 1200 587 EXAMINING_DOCUMENT 1093319
ACTION SNIPPET 1200 587 SNIPPET_RELEVANT 533716
ACTION DOC 1200 607 EXAMINING_DOCUMENT 533716
ACTION SNIPPET 1200 607 SNIPPET_RELEVANT 484781
ACTION DOC 1200 627 EXAMINING_DOCUMENT 484781
ACTION SNIPPET 1200 627 SNIPPET_RELEVANT 987853
ACTION DOC 1200 647 EXAMINING_DOCUMENT 987853
ACTION SNIPPET 1200 647 SNIPPET_RELEVANT 323354
ACTION DOC 1200 667 EXAMINING_DOCUMENT 323354
ACTION MARK 1200 670 CONSIDERED_RELEVANT 323354
ACTION SNIPPET 1200 670 SNIPPET_RELEVANT 82415
ACTION DOC 1200 690 EXAMINING_DOCUMENT 82415
ACTION QUERY 1200 700 South American conservation efforts
ACTION SERP 1200 705 EXAMINE_SERP
ACTION SNIPPET 1200 705 SEEN_PREVIOUSLY 1206603
ACTION SNIPPET 1200 705 SNIPPET_RELEVANT 1597082
ACTION DOC 1200 725 EXAMINING_DOCUMENT 1597082
ACTION SNIPPET 1200 725 SNIPPET_RELEVANT 1587842
ACTION DOC 1200 745 EXAMINING_DOCUMENT 1587842
ACTION SNIPPET 1200 745 SNIPPET_RELEVANT 51361
ACTION DOC 1200 765 EXAMINING_DOCUMENT 51361
ACTION SNIPPET 1200 765 SNIPPET_RELEVANT 1537761
ACTION DOC 1200 785 EXAMINING_DOCUMENT 1537761
ACTION SNIPPET 1200 785 SNIPPET_RELEVANT 726695
ACTION DOC 1200 805 EXAMINING_DOCUMENT 726695
ACTION SNIPPET 1200 805 SNIPPET_RELEVANT 117296
ACTION DOC 1200 825 EXAMINING_DOCUMENT 117296
ACTION QUERY 1200 835 South America environmental policies
ACTION SERP 1200 840 EXAMINE_SERP
ACTION SNIPPET 1200 840 SNIPPET_RELEVANT 1168723
ACTION DOC 1200 860 EXAMINING_DOCUMENT 1168723
ACTION SNIPPET 1200 860 SNIPPET_RELEVANT 112599
ACTION DOC 1200 880 EXAMINING_DOCUMENT 112599
ACTION MARK 1200 883 CONSIDERED_RELEVANT 112599
ACTION SNIPPET 1200 883 SNIPPET_RELEVANT 681037
ACTION DOC 1200 903 EXAMINING_DOCUMENT 681037
ACTION SNIPPET 1200 903 SNIPPET_RELEVANT 396066
ACTION DOC 1200 923 EXAMINING_DOCUMENT 396066
ACTION SNIPPET 1200 923 SNIPPET_RELEVANT 1644613
ACTION DOC 1200 943 EXAMINING_DOCUMENT 1644613
ACTION SNIPPET 1200 943 SNIPPET_RELEVANT 1287004
ACTION DOC 1200 963 EXAMINING_DOCUMENT 1287004
ACTION QUERY 1200 973 South America deforestation measures
ACTION SERP 1200 978 EXAMINE_SERP
ACTION SNIPPET 1200 978 SNIPPET_RELEVANT 362391
ACTION DOC 1200 998 EXAMINING_DOCUMENT 362391
ACTION SNIPPET 1200 998 SNIPPET_RELEVANT 969998
ACTION DOC 1200 1018 EXAMINING_DOCUMENT 969998
ACTION MARK 1200 1021 CONSIDERED_RELEVANT 969998
ACTION SNIPPET 1200 1021 SNIPPET_RELEVANT 345861
ACTION DOC 1200 1041 EXAMINING_DOCUMENT 345861
ACTION SNIPPET 1200 1041 SNIPPET_RELEVANT 876768
ACTION DOC 1200 1061 EXAMINING_DOCUMENT 876768
ACTION MARK 1200 1064 CONSIDERED_RELEVANT 876768
ACTION SNIPPET 1200 1064 SNIPPET_RELEVANT 1532614
ACTION DOC 1200 1084 EXAMINING_DOCUMENT 1532614
ACTION SNIPPET 1200 1084 SNIPPET_RELEVANT 992405
ACTION DOC 1200 1104 EXAMINING_DOCUMENT 992405
ACTION MARK 1200 1107 CONSIDERED_RELEVANT 992405
ACTION QUERY 1200 1117 Amazon forest authorities
ACTION SERP 1200 1122 EXAMINE_SERP
ACTION SNIPPET 1200 1122 SNIPPET_RELEVANT 311871
ACTION DOC 1200 1142 EXAMINING_DOCUMENT 311871
ACTION SNIPPET 1200 1142 SNIPPET_RELEVANT 306793
ACTION DOC 1200 1162 EXAMINING_DOCUMENT 306793
ACTION SNIPPET 1200 1162 SNIPPET_RELEVANT 1701879
ACTION DOC 1200 1182 EXAMINING_DOCUMENT 1701879
ACTION MARK 1200 1185 CONSIDERED_RELEVANT 1701879
ACTION SNIPPET 1200 1185 SNIPPET_RELEVANT 1676640
ACTION DOC 1200 1205 EXAMINING_DOCUMENT 1676640
INFO SUMMARY 
INFO TOTAL_QUERIES_ISSUED 9
INFO TOTAL_SNIPPETS_EXAMINED 70
INFO TOTAL_DOCUMENTS_EXAMINED 52
INFO TOTAL_DOCUMENTS_MARKED_RELEVANT 11
INFO TOTAL_ATTRACTIVE_SERP_IMPRESSIONS 9
INFO TOTAL_UNATTRACTIVE_SERP_IMPRESSIONS 0
