ACTION START 1200 0 START
ACTION QUERY 1200 10 human stampede deaths
ACTION SERP 1200 15 EXAMINE_SERP
ACTION SNIPPET 1200 15 SNIPPET_RELEVANT 1315825
ACTION DOC 1200 35 EXAMINING_DOCUMENT 1315825
ACTION SNIPPET 1200 35 SNIPPET_RELEVANT 1698991
ACTION DOC 1200 55 EXAMINING_DOCUMENT 1698991
ACTION MARK 1200 58 CONSIDERED_RELEVANT 1698991
ACTION SNIPPET 1200 58 SNIPPET_RELEVANT 746477
ACTION DOC 1200 78 EXAMINING_DOCUMENT 746477
ACTION SNIPPET 1200 78 SNIPPET_RELEVANT 365604
ACTION DOC 1200 98 EXAMINING_DOCUMENT 365604
ACTION MARK 1200 101 CONSIDERED_RELEVANT 365604
ACTION SNIPPET 1200 101 SNIPPET_RELEVANT 365725
ACTION DOC 1200 121 EXAMINING_DOCUMENT 365725
ACTION MARK 1200 124 CONSIDERED_RELEVANT 365725
ACTION SNIPPET 1200 124 SNIPPET_RELEVANT 1789645
ACTION DOC 1200 144 EXAMINING_DOCUMENT 1789645
ACTION MARK 1200 147 CONSIDERED_RELEVANT 1789645
ACTION QUERY 1200 157 stampede fatalities public
ACTION SERP 1200 162 EXAMINE_SERP
ACTION SNIPPET 1200 162 SNIPPET_RELEVANT 501017
ACTION DOC 1200 182 EXAMINING_DOCUMENT 501017
ACTION MARK 1200 185 CONSIDERED_RELEVANT 501017
ACTION SNIPPET 1200 185 SNIPPET_RELEVANT 1466168
ACTION DOC 1200 205 EXAMINING_DOCUMENT 1466168
ACTION SNIPPET 1200 205 SNIPPET_RELEVANT 497598
ACTION DOC 1200 225 EXAMINING_DOCUMENT 497598
ACTION MARK 1200 228 CONSIDERED_RELEVANT 497598
ACTION SNIPPET 1200 228 SNIPPET_RELEVANT 1292130
ACTION DOC 1200 248 EXAMINING_DOCUMENT 1292130
ACTION MARK 1200 251 CONSIDERED_RELEVANT 1292130
ACTION SNIPPET 1200 251 SNIPPET_RELEVANT 864935
ACTION DOC 1200 271 EXAMINING_DOCUMENT 864935
ACTION MARK 1200 274 CONSIDERED_RELEVANT 864935
ACTION SNIPPET 1200 274 SNIPPET_RELEVANT 1076546
ACTION DOC 1200 294 EXAMINING_DOCUMENT 1076546
ACTION QUERY 1200 304 public place tragedies
ACTION SERP 1200 309 EXAMINE_SERP
ACTION SNIPPET 1200 309 SNIPPET_RELEVANT 759029
ACTION DOC 1200 329 EXAMINING_DOCUMENT 759029
ACTION SNIPPET 1200 329 SNIPPET_RELEVANT 785637
ACTION DOC 1200 349 EXAMINING_DOCUMENT 785637
ACTION SNIPPET 1200 349 SNIPPET_RELEVANT 257410
ACTION DOC 1200 369 EXAMINING_DOCUMENT 257410
ACTION SNIPPET 1200 369 SNIPPET_RELEVANT 347617
ACTION DOC 1200 389 EXAMINING_DOCUMENT 347617
ACTION SNIPPET 1200 389 SNIPPET_RELEVANT 3135
ACTION DOC 1200 409 EXAMINING_DOCUMENT 3135
ACTION SNIPPET 1200 409 SEEN_PREVIOUSLY 3135
ACTION SNIPPET 1200 409 SNIPPET_RELEVANT 1507072
ACTION DOC 1200 429 EXAMINING_DOCUMENT 1507072
ACTION QUERY 1200 439 stampede accidents
ACTION SERP 1200 444 EXAMINE_SERP
ACTION SNIPPET 1200 444 SEEN_PREVIOUSLY 365725
ACTION SNIPPET 1200 444 SEEN_PREVIOUSLY 365604
ACTION SNIPPET 1200 444 SNIPPET_RELEVANT 1515218
ACTION DOC 1200 464 EXAMINING_DOCUMENT 1515218
ACTION MARK 1200 467 CONSIDERED_RELEVANT 1515218
ACTION SNIPPET 1200 467 SNIPPET_RELEVANT 1556632
ACTION DOC 1200 487 EXAMINING_DOCUMENT 1556632
ACTION MARK 1200 490 CONSIDERED_RELEVANT 1556632
ACTION SNIPPET 1200 490 SNIPPET_RELEVANT 1310123
ACTION DOC 1200 510 EXAMINING_DOCUMENT 1310123
ACTION MARK 1200 513 CONSIDERED_RELEVANT 1310123
ACTION SNIPPET 1200 513 SNIPPET_RELEVANT 1731810
ACTION DOC 1200 533 EXAMINING_DOCUMENT 1731810
ACTION MARK 1200 536 CONSIDERED_RELEVANT 1731810
ACTION SNIPPET 1200 536 SNIPPET_RELEVANT 1731589
ACTION DOC 1200 556 EXAMINING_DOCUMENT 1731589
ACTION MARK 1200 559 CONSIDERED_RELEVANT 1731589
ACTION QUERY 1200 569 crowd crush incidents
ACTION SERP 1200 574 EXAMINE_SERP
ACTION SNIPPET 1200 574 SNIPPET_RELEVANT 500366
ACTION DOC 1200 594 EXAMINING_DOCUMENT 500366
ACTION MARK 1200 597 CONSIDERED_RELEVANT 500366
ACTION SNIPPET 1200 597 SNIPPET_RELEVANT 240954
ACTION DOC 1200 617 EXAMINING_DOCUMENT 240954
ACTION MARK 1200 620 CONSIDERED_RELEVANT 240954
ACTION SNIPPET 1200 620 SNIPPET_RELEVANT 501122
ACTION DOC 1200 640 EXAMINING_DOCUMENT 501122
ACTION SNIPPET 1200 640 SNIPPET_RELEVANT 240771
ACTION DOC 1200 660 EXAMINING_DOCUMENT 240771
ACTION MARK 1200 663 CONSIDERED_RELEVANT 240771
ACTION SNIPPET 1200 663 SNIPPET_RELEVANT 466514
ACTION DOC 1200 683 EXAMINING_DOCUMENT 466514
ACTION SNIPPET 1200 683 SEEN_PREVIOUSLY 864935
ACTION SNIPPET 1200 683 SNIPPET_RELEVANT 497129
ACTION DOC 1200 703 EXAMINING_DOCUMENT 497129
ACTION QUERY 1200 713 crowd crush accidents
ACTION SERP 1200 718 EXAMINE_SERP
ACTION SNIPPET 1200 718 SEEN_PREVIOUSLY 1556632
ACTION SNIPPET 1200 718 SNIPPET_RELEVANT 416987
ACTION DOC 1200 738 EXAMINING_DOCUMENT 416987
ACTION SNIPPET 1200 738 SNIPPET_RELEVANT 1064793
ACTION DOC 1200 758 EXAMINING_DOCUMENT 1064793
ACTION SNIPPET 1200 758 SNIPPET_RELEVANT 445653
ACTION DOC 1200 778 EXAMINING_DOCUMENT 445653
ACTION SNIPPET 1200 778 SNIPPET_RELEVANT 855325
ACTION DOC 1200 798 EXAMINING_DOCUMENT 855325
ACTION SNIPPET 1200 798 SNIPPET_RELEVANT 1444712
ACTION DOC 1200 818 EXAMINING_DOCUMENT 1444712
ACTION SNIPPET 1200 818 SNIPPET_RELEVANT 1136246
ACTION DOC 1200 838 EXAMINING_DOCUMENT 1136246
ACTION QUERY 1200 848 public event disasters
ACTION SERP 1200 853 EXAMINE_SERP
ACTION SNIPPET 1200 853 SNIPPET_RELEVANT 1490324
ACTION DOC 1200 873 EXAMINING_DOCUMENT 1490324
ACTION SNIPPET 1200 873 SNIPPET_RELEVANT 1702199
ACTION DOC 1200 893 EXAMINING_DOCUMENT 1702199
ACTION SNIPPET 1200 893 SNIPPET_RELEVANT 1357887
ACTION DOC 1200 913 EXAMINING_DOCUMENT 1357887
ACTION SNIPPET 1200 913 SNIPPET_RELEVANT 1698817
ACTION DOC 1200 933 EXAMINING_DOCUMENT 1698817
ACTION SNIPPET 1200 933 SNIPPET_RELEVANT 1638722
ACTION DOC 1200 953 EXAMINING_DOCUMENT 1638722
ACTION SNIPPET 1200 953 SNIPPET_RELEVANT 1609584
ACTION DOC 1200 973 EXAMINING_DOCUMENT 1609584
ACTION QUERY 1200 983 public event tragedies
ACTION SERP 1200 988 EXAMINE_SERP
ACTION SNIPPET 1200 988 SNIPPET_RELEVANT 252070
ACTION DOC 1200 1008 EXAMINING_DOCUMENT 252070
ACTION SNIPPET 1200 1008 SNIPPET_RELEVANT 1566753
ACTION DOC 1200 1028 EXAMINING_DOCUMENT 1566753
ACTION SNIPPET 1200 1028 SNIPPET_RELEVANT 883598
ACTION DOC 1200 1048 EXAMINING_DOCUMENT 883598
ACTION SNIPPET 1200 1048 SNIPPET_RELEVANT 119521
ACTION DOC 1200 1068 EXAMINING_DOCUMENT 119521
ACTION SNIPPET 1200 1068 SNIPPET_RELEVANT 1035299
ACTION DOC 1200 1088 EXAMINING_DOCUMENT 1035299
ACTION SNIPPET 1200 1088 SNIPPET_RELEVANT 701896
ACTION DOC 1200 1108 EXAMINING_DOCUMENT 701896
ACTION QUERY 1200 1118 fatal stampedes
ACTION SERP 1200 1123 EXAMINE_SERP
ACTION SNIPPET 1200 1123 SEEN_PREVIOUSLY 1466168
ACTION SNIPPET 1200 1123 SEEN_PREVIOUSLY 497598
ACTION SNIPPET 1200 1123 SEEN_PREVIOUSLY 501017
ACTION SNIPPET 1200 1123 SEEN_PREVIOUSLY 1292130
ACTION SNIPPET 1200 1123 SNIPPET_RELEVANT 1004585
ACTION DOC 1200 1143 EXAMINING_DOCUMENT 1004585
ACTION SNIPPET 1200 1143 SEEN_PREVIOUSLY 1698991
ACTION SNIPPET 1200 1143 SEEN_PREVIOUSLY 1076546
ACTION SNIPPET 1200 1143 SEEN_PREVIOUSLY 864935
ACTION SNIPPET 1200 1143 SNIPPET_RELEVANT 506392
ACTION DOC 1200 1163 EXAMINING_DOCUMENT 506392
ACTION SNIPPET 1200 1163 SNIPPET_RELEVANT 497300
ACTION DOC 1200 1183 EXAMINING_DOCUMENT 497300
ACTION SNIPPET 1200 1183 SNIPPET_RELEVANT 1292328
ACTION DOC 1200 1203 EXAMINING_DOCUMENT 1292328
INFO SUMMARY 
INFO TOTAL_QUERIES_ISSUED 9
INFO TOTAL_SNIPPETS_EXAMINED 63
INFO TOTAL_DOCUMENTS_EXAMINED 51
INFO TOTAL_DOCUMENTS_MARKED_RELEVANT 17
INFO TOTAL_ATTRACTIVE_SERP_IMPRESSIONS 9
INFO TOTAL_UNATTRACTIVE_SERP_IMPRESSIONS 0
