ACTION START 1200 0 START
ACTION QUERY 1200 10 college education benefits
ACTION SERP 1200 15 EXAMINE_SERP
ACTION SNIPPET 1200 15 SNIPPET_RELEVANT 1642208
ACTION DOC 1200 35 EXAMINING_DOCUMENT 1642208
ACTION SNIPPET 1200 35 SNIPPET_RELEVANT 911354
ACTION DOC 1200 55 EXAMINING_DOCUMENT 911354
ACTION SNIPPET 1200 55 SNIPPET_RELEVANT 225008
ACTION DOC 1200 75 EXAMINING_DOCUMENT 225008
ACTION SNIPPET 1200 75 SNIPPET_RELEVANT 1361566
ACTION DOC 1200 95 EXAMINING_DOCUMENT 1361566
ACTION MARK 1200 98 CONSIDERED_RELEVANT 1361566
ACTION SNIPPET 1200 98 SNIPPET_RELEVANT 453709
ACTION DOC 1200 118 EXAMINING_DOCUMENT 453709
ACTION SNIPPET 1200 118 SNIPPET_RELEVANT 694980
ACTION DOC 1200 138 EXAMINING_DOCUMENT 694980
ACTION MARK 1200 141 CONSIDERED_RELEVANT 694980
ACTION QUERY 1200 151 college education income
ACTION SERP 1200 156 EXAMINE_SERP
ACTION SNIPPET 1200 156 SNIPPET_RELEVANT 905182
ACTION DOC 1200 176 EXAMINING_DOCUMENT 905182
ACTION SNIPPET 1200 176 SNIPPET_RELEVANT 1788123
ACTION DOC 1200 196 EXAMINING_DOCUMENT 1788123
ACTION SNIPPET 1200 196 SNIPPET_RELEVANT 950283
ACTION DOC 1200 216 EXAMINING_DOCUMENT 950283
ACTION SNIPPET 1200 216 SNIPPET_RELEVANT 573842
ACTION DOC 1200 236 EXAMINING_DOCUMENT 573842
ACTION SNIPPET 1200 236 SEEN_PREVIOUSLY 911354
ACTION SNIPPET 1200 236 SNIPPET_RELEVANT 1601776
ACTION DOC 1200 256 EXAMINING_DOCUMENT 1601776
ACTION MARK 1200 259 CONSIDERED_RELEVANT 1601776
ACTION SNIPPET 1200 259 SNIPPET_RELEVANT 1063097
ACTION DOC 1200 279 EXAMINING_DOCUMENT 1063097
ACTION QUERY 1200 289 higher education job prospects
ACTION SERP 1200 294 EXAMINE_SERP
ACTION SNIPPET 1200 294 SNIPPET_RELEVANT 723557
ACTION DOC 1200 314 EXAMINING_DOCUMENT 723557
ACTION SNIPPET 1200 314 SNIPPET_RELEVANT 723645
ACTION DOC 1200 334 EXAMINING_DOCUMENT 723645
ACTION SNIPPET 1200 334 SNIPPET_RELEVANT 575253
ACTION DOC 1200 354 EXAMINING_DOCUMENT 575253
ACTION SNIPPET 1200 354 SNIPPET_RELEVANT 1375375
ACTION DOC 1200 374 EXAMINING_DOCUMENT 1375375
ACTION MARK 1200 377 CONSIDERED_RELEVANT 1375375
ACTION SNIPPET 1200 377 SNIPPET_RELEVANT 102069
ACTION DOC 1200 397 EXAMINING_DOCUMENT 102069
ACTION SNIPPET 1200 397 SNIPPET_RELEVANT 921470
ACTION DOC 1200 417 EXAMINING_DOCUMENT 921470
ACTION QUERY 1200 427 increased earnings college graduates
ACTION SERP 1200 432 EXAMINE_SERP
ACTION SNIPPET 1200 432 SNIPPET_RELEVANT 1243679
ACTION DOC 1200 452 EXAMINING_DOCUMENT 1243679
ACTION MARK 1200 455 CONSIDERED_RELEVANT 1243679
ACTION SNIPPET 1200 455 SNIPPET_RELEVANT 317034
ACTION DOC 1200 475 EXAMINING_DOCUMENT 317034
ACTION SNIPPET 1200 475 SNIPPET_RELEVANT 169538
ACTION DOC 1200 495 EXAMINING_DOCUMENT 169538
ACTION SNIPPET 1200 495 SNIPPET_RELEVANT 329651
ACTION DOC 1200 515 EXAMINING_DOCUMENT 329651
ACTION SNIPPET 1200 515 SNIPPET_RELEVANT 308775
ACTION DOC 1200 535 EXAMINING_DOCUMENT 308775
ACTION MARK 1200 538 CONSIDERED_RELEVANT 308775
ACTION SNIPPET 1200 538 SNIPPET_RELEVANT 793395
ACTION DOC 1200 558 EXAMINING_DOCUMENT 793395
ACTION QUERY 1200 568 US college graduate income
ACTION SERP 1200 573 EXAMINE_SERP
ACTION SNIPPET 1200 573 SNIPPET_RELEVANT 1853779
ACTION DOC 1200 593 EXAMINING_DOCUMENT 1853779
ACTION MARK 1200 596 CONSIDERED_RELEVANT 1853779
ACTION SNIPPET 1200 596 SEEN_PREVIOUSLY 317034
ACTION SNIPPET 1200 596 SEEN_PREVIOUSLY 1375375
ACTION SNIPPET 1200 596 SNIPPET_RELEVANT 1676288
ACTION DOC 1200 616 EXAMINING_DOCUMENT 1676288
ACTION SNIPPET 1200 616 SNIPPET_RELEVANT 1373952
ACTION DOC 1200 636 EXAMINING_DOCUMENT 1373952
ACTION SNIPPET 1200 636 SNIPPET_RELEVANT 1742955
ACTION DOC 1200 656 EXAMINING_DOCUMENT 1742955
ACTION MARK 1200 659 CONSIDERED_RELEVANT 1742955
ACTION SNIPPET 1200 659 SNIPPET_RELEVANT 722023
ACTION DOC 1200 679 EXAMINING_DOCUMENT 722023
ACTION MARK 1200 682 CONSIDERED_RELEVANT 722023
ACTION SNIPPET 1200 682 SNIPPET_RELEVANT 1790638
ACTION DOC 1200 702 EXAMINING_DOCUMENT 1790638
ACTION QUERY 1200 712 US college graduate salary
ACTION SERP 1200 717 EXAMINE_SERP
ACTION SNIPPET 1200 717 SNIPPET_RELEVANT 164572
ACTION DOC 1200 737 EXAMINING_DOCUMENT 164572
ACTION MARK 1200 740 CONSIDERED_RELEVANT 164572
ACTION SNIPPET 1200 740 SNIPPET_RELEVANT 103357
ACTION DOC 1200 760 EXAMINING_DOCUMENT 103357
ACTION MARK 1200 763 CONSIDERED_RELEVANT 103357
ACTION SNIPPET 1200 763 SNIPPET_RELEVANT 97992
ACTION DOC 1200 783 EXAMINING_DOCUMENT 97992
ACTION MARK 1200 786 CONSIDERED_RELEVANT 97992
ACTION SNIPPET 1200 786 SNIPPET_RELEVANT 1204828
ACTION DOC 1200 806 EXAMINING_DOCUMENT 1204828
ACTION MARK 1200 809 CONSIDERED_RELEVANT 1204828
ACTION SNIPPET 1200 809 SNIPPET_RELEVANT 208044
ACTION DOC 1200 829 EXAMINING_DOCUMENT 208044
ACTION MARK 1200 832 CONSIDERED_RELEVANT 208044
ACTION QUERY 1200 842 higher education advantage
ACTION SERP 1200 847 EXAMINE_SERP
ACTION SNIPPET 1200 847 SNIPPET_RELEVANT 1842415
ACTION DOC 1200 867 EXAMINING_DOCUMENT 1842415
ACTION SNIPPET 1200 867 SNIPPET_RELEVANT 1461732
ACTION DOC 1200 887 EXAMINING_DOCUMENT 1461732
ACTION SNIPPET 1200 887 SNIPPET_RELEVANT 562222
ACTION DOC 1200 907 EXAMINING_DOCUMENT 562222
ACTION SNIPPET 1200 907 SNIPPET_RELEVANT 1510867
ACTION DOC 1200 927 EXAMINING_DOCUMENT 1510867
ACTION SNIPPET 1200 927 SEEN_PREVIOUSLY 1642208
ACTION SNIPPET 1200 927 SNIPPET_RELEVANT 1619148
ACTION DOC 1200 947 EXAMINING_DOCUMENT 1619148
ACTION SNIPPET 1200 947 SNIPPET_RELEVANT 830299
ACTION DOC 1200 967 EXAMINING_DOCUMENT 830299
ACTION QUERY 1200 977 US college job market
ACTION SERP 1200 982 EXAMINE_SERP
ACTION SNIPPET 1200 982 SNIPPET_RELEVANT 938617
ACTION DOC 1200 1002 EXAMINING_DOCUMENT 938617
ACTION MARK 1200 1005 CONSIDERED_RELEVANT 938617
ACTION SNIPPET 1200 1005 SNIPPET_RELEVANT 532564
ACTION DOC 1200 1025 EXAMINING_DOCUMENT 532564
ACTION SNIPPET 1200 1025 SNIPPET_RELEVANT 455057
ACTION DOC 1200 1045 EXAMINING_DOCUMENT 455057
ACTION SNIPPET 1200 1045 SNIPPET_RELEVANT 932485
ACTION DOC 1200 1065 EXAMINING_DOCUMENT 932485
ACTION MARK 1200 1068 CONSIDERED_RELEVANT 932485
ACTION SNIPPET 1200 1068 SNIPPET_RELEVANT 527909
ACTION DOC 1200 1088 EXAMINING_DOCUMENT 527909
ACTION SNIPPET 1200 1088 SNIPPET_RELEVANT 1591387
ACTION DOC 1200 1108 EXAMINING_DOCUMENT 1591387
ACTION MARK 1200 1111 CONSIDERED_RELEVANT 1591387
ACTION QUERY 1200 1121 higher education advantages
ACTION SERP 1200 1126 EXAMINE_SERP
ACTION SNIPPET 1200 1126 SEEN_PREVIOUSLY 1842415
ACTION SNIPPET 1200 1126 SEEN_PREVIOUSLY 1461732
ACTION SNIPPET 1200 1126 SEEN_PREVIOUSLY 562222
ACTION SNIPPET 1200 1126 SEEN_PREVIOUSLY 1510867
ACTION SNIPPET 1200 1126 SEEN_PREVIOUSLY 1642208
ACTION SNIPPET 1200 1126 SEEN_PREVIOUSLY 1619148
ACTION SNIPPET 1200 1126 SEEN_PREVIOUSLY 830299
ACTION SNIPPET 1200 1126 SNIPPET_RELEVANT 965812
ACTION DOC 1200 1146 EXAMINING_DOCUMENT 965812
ACTION SNIPPET 1200 1146 SNIPPET_RELEVANT 1022272
ACTION DOC 1200 1166 EXAMINING_DOCUMENT 1022272
ACTION MARK 1200 1169 CONSIDERED_RELEVANT 1022272
ACTION SNIPPET 1200 1169 SNIPPET_RELEVANT 545341
ACTION DOC 1200 1189 EXAMINING_DOCUMENT 545341
ACTION SNIPPET 1200 1189 SNIPPET_RELEVANT 1345035
ACTION DOC 1200 1209 EXAMINING_DOCUMENT 1345035
INFO SUMMARY 
INFO TOTAL_QUERIES_ISSUED 9
INFO TOTAL_SNIPPETS_EXAMINED 62
INFO TOTAL_DOCUMENTS_EXAMINED 51
INFO TOTAL_DOCUMENTS_MARKED_RELEVANT 18
INFO TOTAL_ATTRACTIVE_SERP_IMPRESSIONS 9
INFO TOTAL_UNATTRACTIVE_SERP_IMPRESSIONS 0
