ACTION START 1200 0 START
ACTION QUERY 1200 10 college advantage education
ACTION SERP 1200 15 EXAMINE_SERP
ACTION SNIPPET 1200 15 SNIPPET_NOT_RELEVANT 77858
ACTION SNIPPET 1200 15 SNIPPET_NOT_RELEVANT 845002
ACTION SNIPPET 1200 15 SNIPPET_NOT_RELEVANT 1642208
ACTION SNIPPET 1200 15 SNIPPET_NOT_RELEVANT 1707549
ACTION SNIPPET 1200 15 SNIPPET_NOT_RELEVANT 1739514
ACTION SNIPPET 1200 15 SNIPPET_NOT_RELEVANT 247974
ACTION SNIPPET 1200 15 SNIPPET_NOT_RELEVANT 1065767
ACTION SNIPPET 1200 15 SNIPPET_NOT_RELEVANT 1235262
ACTION SNIPPET 1200 15 SNIPPET_NOT_RELEVANT 1019664
ACTION SNIPPET 1200 15 SNIPPET_NOT_RELEVANT 1170209
ACTION SNIPPET 1200 15 SNIPPET_NOT_RELEVANT 1185321
ACTION SNIPPET 1200 15 SNIPPET_NOT_RELEVANT 434854
ACTION SNIPPET 1200 15 SNIPPET_NOT_RELEVANT 804673
ACTION SNIPPET 1200 15 SNIPPET_NOT_RELEVANT 804954
ACTION SNIPPET 1200 15 SNIPPET_NOT_RELEVANT 1576073
ACTION SNIPPET 1200 15 SNIPPET_NOT_RELEVANT 1790828
ACTION SNIPPET 1200 15 SNIPPET_NOT_RELEVANT 954708
ACTION SNIPPET 1200 15 SNIPPET_NOT_RELEVANT 1093014
ACTION SNIPPET 1200 15 SNIPPET_NOT_RELEVANT 430740
ACTION SNIPPET 1200 15 SNIPPET_NOT_RELEVANT 62263
ACTION SNIPPET 1200 15 SNIPPET_NOT_RELEVANT 366797
ACTION SNIPPET 1200 15 SNIPPET_NOT_RELEVANT 965812
ACTION SNIPPET 1200 15 SNIPPET_NOT_RELEVANT 1842415
ACTION SNIPPET 1200 15 SNIPPET_NOT_RELEVANT 954627
ACTION SNIPPET 1200 15 SNIPPET_NOT_RELEVANT 234465
ACTION SNIPPET 1200 15 SNIPPET_NOT_RELEVANT 1519827
ACTION SNIPPET 1200 15 SNIPPET_NOT_RELEVANT 1577987
ACTION SNIPPET 1200 15 SNIPPET_NOT_RELEVANT 966469
ACTION SNIPPET 1200 15 SNIPPET_NOT_RELEVANT 1438356
ACTION SNIPPET 1200 15 SNIPPET_NOT_RELEVANT 1710084
ACTION SNIPPET 1200 15 SNIPPET_NOT_RELEVANT 1732323
ACTION SNIPPET 1200 15 SNIPPET_NOT_RELEVANT 1378422
ACTION SNIPPET 1200 15 SNIPPET_NOT_RELEVANT 1134655
ACTION SNIPPET 1200 15 SNIPPET_NOT_RELEVANT 140339
ACTION SNIPPET 1200 15 SNIPPET_NOT_RELEVANT 1137475
ACTION SNIPPET 1200 15 SNIPPET_NOT_RELEVANT 1172524
ACTION SNIPPET 1200 15 SNIPPET_NOT_RELEVANT 1497415
ACTION SNIPPET 1200 15 SNIPPET_NOT_RELEVANT 911354
ACTION SNIPPET 1200 15 SNIPPET_NOT_RELEVANT 33511
ACTION SNIPPET 1200 15 SNIPPET_NOT_RELEVANT 830299
ACTION SNIPPET 1200 15 SNIPPET_NOT_RELEVANT 1510867
ACTION SNIPPET 1200 15 SNIPPET_NOT_RELEVANT 1461732
ACTION SNIPPET 1200 15 SNIPPET_NOT_RELEVANT 227317
ACTION SNIPPET 1200 15 SNIPPET_RELEVANT 852976
ACTION DOC 1200 35 EXAMINING_DOCUMENT 852976
ACTION MARK 1200 38 CONSIDERED_RELEVANT 852976
ACTION SNIPPET 1200 38 SNIPPET_NOT_RELEVANT 1205941
ACTION SNIPPET 1200 38 SNIPPET_NOT_RELEVANT 1022272
ACTION SNIPPET 1200 38 SNIPPET_NOT_RELEVANT 272993
ACTION SNIPPET 1200 38 SNIPPET_NOT_RELEVANT 447862
ACTION SNIPPET 1200 38 SNIPPET_NOT_RELEVANT 1279068
ACTION SNIPPET 1200 38 SNIPPET_NOT_RELEVANT 1064
ACTION SNIPPET 1200 38 SNIPPET_NOT_RELEVANT 1064
ACTION SNIPPET 1200 38 SNIPPET_NOT_RELEVANT 1775428
ACTION SNIPPET 1200 38 SNIPPET_NOT_RELEVANT 585909
ACTION SNIPPET 1200 38 SNIPPET_NOT_RELEVANT 420138
ACTION SNIPPET 1200 38 SNIPPET_NOT_RELEVANT 725103
ACTION SNIPPET 1200 38 SNIPPET_NOT_RELEVANT 1272644
ACTION SNIPPET 1200 38 SNIPPET_NOT_RELEVANT 148455
ACTION SNIPPET 1200 38 SNIPPET_NOT_RELEVANT 722023
ACTION SNIPPET 1200 38 SNIPPET_NOT_RELEVANT 1062
ACTION SNIPPET 1200 38 SNIPPET_NOT_RELEVANT 1062
ACTION SNIPPET 1200 38 SNIPPET_NOT_RELEVANT 598148
ACTION SNIPPET 1200 38 SNIPPET_NOT_RELEVANT 14324
ACTION SNIPPET 1200 38 SNIPPET_NOT_RELEVANT 927602
ACTION SNIPPET 1200 38 SNIPPET_NOT_RELEVANT 350105
ACTION SNIPPET 1200 38 SNIPPET_NOT_RELEVANT 163031
ACTION SNIPPET 1200 38 SNIPPET_NOT_RELEVANT 168948
ACTION SNIPPET 1200 38 SNIPPET_NOT_RELEVANT 780128
ACTION SNIPPET 1200 38 SNIPPET_NOT_RELEVANT 855668
ACTION SNIPPET 1200 38 SNIPPET_NOT_RELEVANT 1391069
ACTION SNIPPET 1200 38 SNIPPET_NOT_RELEVANT 943882
ACTION SNIPPET 1200 38 SNIPPET_NOT_RELEVANT 216664
ACTION SNIPPET 1200 38 SNIPPET_NOT_RELEVANT 1375375
ACTION SNIPPET 1200 38 SNIPPET_RELEVANT 1361566
ACTION DOC 1200 58 EXAMINING_DOCUMENT 1361566
ACTION MARK 1200 61 CONSIDERED_RELEVANT 1361566
ACTION SNIPPET 1200 61 SNIPPET_RELEVANT 1828580
ACTION DOC 1200 81 EXAMINING_DOCUMENT 1828580
ACTION MARK 1200 84 CONSIDERED_RELEVANT 1828580
ACTION SNIPPET 1200 84 SNIPPET_NOT_RELEVANT 1064700
ACTION SNIPPET 1200 84 SNIPPET_NOT_RELEVANT 1467081
ACTION SNIPPET 1200 84 SNIPPET_NOT_RELEVANT 1028368
ACTION SNIPPET 1200 84 SNIPPET_NOT_RELEVANT 1715700
ACTION SNIPPET 1200 84 SNIPPET_NOT_RELEVANT 1753532
ACTION SNIPPET 1200 84 SNIPPET_NOT_RELEVANT 129802
ACTION SNIPPET 1200 84 SNIPPET_NOT_RELEVANT 190484
ACTION SNIPPET 1200 84 SNIPPET_NOT_RELEVANT 1758237
ACTION SNIPPET 1200 84 SNIPPET_NOT_RELEVANT 1615293
ACTION SNIPPET 1200 84 SNIPPET_NOT_RELEVANT 294235
ACTION SNIPPET 1200 84 SNIPPET_RELEVANT 1641630
ACTION DOC 1200 104 EXAMINING_DOCUMENT 1641630
ACTION MARK 1200 107 CONSIDERED_RELEVANT 1641630
ACTION SNIPPET 1200 107 SNIPPET_NOT_RELEVANT 1027237
ACTION SNIPPET 1200 107 SNIPPET_NOT_RELEVANT 1465314
ACTION SNIPPET 1200 107 SNIPPET_NOT_RELEVANT 1417174
ACTION SNIPPET 1200 107 SNIPPET_NOT_RELEVANT 1448987
ACTION SNIPPET 1200 107 SNIPPET_NOT_RELEVANT 487210
ACTION SNIPPET 1200 107 SNIPPET_NOT_RELEVANT 1036206
ACTION SNIPPET 1200 107 SNIPPET_RELEVANT 1706607
ACTION DOC 1200 127 EXAMINING_DOCUMENT 1706607
ACTION MARK 1200 130 CONSIDERED_RELEVANT 1706607
ACTION QUERY 1200 140 college advantage opportunities
ACTION SERP 1200 145 EXAMINE_SERP
ACTION SNIPPET 1200 145 SNIPPET_NOT_RELEVANT 365195
ACTION SNIPPET 1200 145 SNIPPET_NOT_RELEVANT 257756
ACTION SNIPPET 1200 145 SNIPPET_NOT_RELEVANT 969977
ACTION SNIPPET 1200 145 SNIPPET_NOT_RELEVANT 1185321
ACTION SNIPPET 1200 145 SNIPPET_NOT_RELEVANT 1110795
ACTION SNIPPET 1200 145 SNIPPET_NOT_RELEVANT 1775428
ACTION SNIPPET 1200 145 SNIPPET_NOT_RELEVANT 1793079
ACTION SNIPPET 1200 145 SNIPPET_NOT_RELEVANT 1272644
ACTION SNIPPET 1200 145 SNIPPET_NOT_RELEVANT 1281850
ACTION SNIPPET 1200 145 SNIPPET_NOT_RELEVANT 964819
ACTION SNIPPET 1200 145 SNIPPET_NOT_RELEVANT 991116
ACTION SNIPPET 1200 145 SNIPPET_NOT_RELEVANT 598148
ACTION SNIPPET 1200 145 SNIPPET_NOT_RELEVANT 1378398
ACTION SNIPPET 1200 145 SNIPPET_NOT_RELEVANT 1391069
ACTION SNIPPET 1200 145 SNIPPET_NOT_RELEVANT 1028368
ACTION SNIPPET 1200 145 SNIPPET_NOT_RELEVANT 1500751
ACTION SNIPPET 1200 145 SNIPPET_NOT_RELEVANT 600630
ACTION SNIPPET 1200 145 SNIPPET_NOT_RELEVANT 1116167
ACTION SNIPPET 1200 145 SNIPPET_NOT_RELEVANT 644905
ACTION SNIPPET 1200 145 SNIPPET_NOT_RELEVANT 1792839
ACTION SNIPPET 1200 145 SNIPPET_NOT_RELEVANT 350971
ACTION SNIPPET 1200 145 SNIPPET_NOT_RELEVANT 876101
ACTION SNIPPET 1200 145 SNIPPET_NOT_RELEVANT 1305878
ACTION SNIPPET 1200 145 SNIPPET_NOT_RELEVANT 161855
ACTION SNIPPET 1200 145 SNIPPET_NOT_RELEVANT 411724
ACTION SNIPPET 1200 145 SNIPPET_RELEVANT 1115504
ACTION DOC 1200 165 EXAMINING_DOCUMENT 1115504
ACTION MARK 1200 168 CONSIDERED_RELEVANT 1115504
ACTION SNIPPET 1200 168 SNIPPET_NOT_RELEVANT 1828849
ACTION SNIPPET 1200 168 SNIPPET_NOT_RELEVANT 1775839
ACTION SNIPPET 1200 168 SNIPPET_NOT_RELEVANT 26275
ACTION SNIPPET 1200 168 SNIPPET_NOT_RELEVANT 617898
ACTION SNIPPET 1200 168 SNIPPET_NOT_RELEVANT 971853
ACTION SNIPPET 1200 168 SNIPPET_NOT_RELEVANT 983133
ACTION SNIPPET 1200 168 SNIPPET_NOT_RELEVANT 1286192
ACTION SNIPPET 1200 168 SNIPPET_NOT_RELEVANT 1170209
ACTION SNIPPET 1200 168 SNIPPET_NOT_RELEVANT 940051
ACTION SNIPPET 1200 168 SNIPPET_NOT_RELEVANT 1467081
ACTION SNIPPET 1200 168 SNIPPET_NOT_RELEVANT 1571461
ACTION SNIPPET 1200 168 SNIPPET_NOT_RELEVANT 312684
ACTION SNIPPET 1200 168 SNIPPET_NOT_RELEVANT 227317
ACTION SNIPPET 1200 168 SNIPPET_NOT_RELEVANT 1762858
ACTION SNIPPET 1200 168 SNIPPET_NOT_RELEVANT 265305
ACTION SNIPPET 1200 168 SNIPPET_NOT_RELEVANT 1305056
ACTION SNIPPET 1200 168 SNIPPET_NOT_RELEVANT 1750960
ACTION SNIPPET 1200 168 SNIPPET_NOT_RELEVANT 1134655
ACTION SNIPPET 1200 168 SNIPPET_NOT_RELEVANT 855827
ACTION SNIPPET 1200 168 SNIPPET_NOT_RELEVANT 927602
ACTION SNIPPET 1200 168 SNIPPET_NOT_RELEVANT 402086
ACTION SNIPPET 1200 168 SNIPPET_NOT_RELEVANT 62263
ACTION SNIPPET 1200 168 SNIPPET_NOT_RELEVANT 1469129
ACTION SNIPPET 1200 168 SNIPPET_NOT_RELEVANT 350105
ACTION SNIPPET 1200 168 SNIPPET_NOT_RELEVANT 335463
ACTION SNIPPET 1200 168 SNIPPET_NOT_RELEVANT 1335830
ACTION SNIPPET 1200 168 SNIPPET_NOT_RELEVANT 403933
ACTION SNIPPET 1200 168 SNIPPET_NOT_RELEVANT 677212
ACTION SNIPPET 1200 168 SNIPPET_NOT_RELEVANT 925835
ACTION SNIPPET 1200 168 SNIPPET_NOT_RELEVANT 708612
ACTION SNIPPET 1200 168 SNIPPET_NOT_RELEVANT 783513
ACTION SNIPPET 1200 168 SNIPPET_NOT_RELEVANT 396194
ACTION SNIPPET 1200 168 SNIPPET_NOT_RELEVANT 657976
ACTION SNIPPET 1200 168 SNIPPET_NOT_RELEVANT 288325
ACTION SNIPPET 1200 168 SNIPPET_NOT_RELEVANT 1323737
ACTION SNIPPET 1200 168 SNIPPET_NOT_RELEVANT 222656
ACTION SNIPPET 1200 168 SNIPPET_NOT_RELEVANT 123432
ACTION SNIPPET 1200 168 SNIPPET_NOT_RELEVANT 314918
ACTION SNIPPET 1200 168 SNIPPET_NOT_RELEVANT 725103
ACTION SNIPPET 1200 168 SNIPPET_NOT_RELEVANT 1365757
ACTION SNIPPET 1200 168 SNIPPET_NOT_RELEVANT 156668
ACTION SNIPPET 1200 168 SNIPPET_NOT_RELEVANT 897199
ACTION SNIPPET 1200 168 SNIPPET_NOT_RELEVANT 1234431
ACTION SNIPPET 1200 168 SNIPPET_NOT_RELEVANT 1172524
ACTION SNIPPET 1200 168 SNIPPET_NOT_RELEVANT 366101
ACTION SNIPPET 1200 168 SNIPPET_NOT_RELEVANT 458069
ACTION SNIPPET 1200 168 SNIPPET_NOT_RELEVANT 1615733
ACTION SNIPPET 1200 168 SNIPPET_NOT_RELEVANT 1129479
ACTION SNIPPET 1200 168 SNIPPET_NOT_RELEVANT 1787787
ACTION SNIPPET 1200 168 SNIPPET_NOT_RELEVANT 606021
ACTION SNIPPET 1200 168 SNIPPET_NOT_RELEVANT 1096501
ACTION SNIPPET 1200 168 SNIPPET_NOT_RELEVANT 1738997
ACTION SNIPPET 1200 168 SNIPPET_NOT_RELEVANT 1470605
ACTION SNIPPET 1200 168 SNIPPET_NOT_RELEVANT 247974
ACTION SNIPPET 1200 168 SNIPPET_NOT_RELEVANT 830299
ACTION SNIPPET 1200 168 SNIPPET_NOT_RELEVANT 33511
ACTION SNIPPET 1200 168 SNIPPET_NOT_RELEVANT 694424
ACTION SNIPPET 1200 168 SNIPPET_NOT_RELEVANT 1412160
ACTION SNIPPET 1200 168 SNIPPET_NOT_RELEVANT 1256396
ACTION SNIPPET 1200 168 SNIPPET_NOT_RELEVANT 710320
ACTION SNIPPET 1200 168 SNIPPET_NOT_RELEVANT 1534908
ACTION SNIPPET 1200 168 SNIPPET_NOT_RELEVANT 379001
ACTION SNIPPET 1200 168 SNIPPET_NOT_RELEVANT 1555507
ACTION SNIPPET 1200 168 SNIPPET_NOT_RELEVANT 1643002
ACTION SNIPPET 1200 168 SNIPPET_NOT_RELEVANT 86120
ACTION SNIPPET 1200 168 SNIPPET_NOT_RELEVANT 263036
ACTION SNIPPET 1200 168 SNIPPET_NOT_RELEVANT 1068295
ACTION SNIPPET 1200 168 SNIPPET_NOT_RELEVANT 1847765
ACTION SNIPPET 1200 168 SNIPPET_NOT_RELEVANT 72002
ACTION SNIPPET 1200 168 SNIPPET_NOT_RELEVANT 1831434
ACTION SNIPPET 1200 168 SNIPPET_NOT_RELEVANT 1413650
ACTION SNIPPET 1200 168 SNIPPET_NOT_RELEVANT 300414
ACTION SNIPPET 1200 168 SNIPPET_NOT_RELEVANT 1513810
ACTION SNIPPET 1200 168 SNIPPET_NOT_RELEVANT 6961
INFO SERP_END_REACHED 
ACTION QUERY 1200 178 college advantage describe
ACTION SERP 1200 183 EXAMINE_SERP
ACTION SNIPPET 1200 183 SNIPPET_NOT_RELEVANT 1793079
ACTION SNIPPET 1200 183 SNIPPET_NOT_RELEVANT 964819
ACTION SNIPPET 1200 183 SNIPPET_NOT_RELEVANT 77858
ACTION SNIPPET 1200 183 SNIPPET_NOT_RELEVANT 547158
ACTION SNIPPET 1200 183 SNIPPET_NOT_RELEVANT 90300
ACTION SNIPPET 1200 183 SNIPPET_NOT_RELEVANT 214424
ACTION SNIPPET 1200 183 SNIPPET_NOT_RELEVANT 1794308
ACTION SNIPPET 1200 183 SNIPPET_NOT_RELEVANT 1283849
ACTION SNIPPET 1200 183 SNIPPET_NOT_RELEVANT 1519827
ACTION SNIPPET 1200 183 SNIPPET_NOT_RELEVANT 1036206
ACTION SNIPPET 1200 183 SNIPPET_NOT_RELEVANT 1536888
ACTION SNIPPET 1200 183 SNIPPET_NOT_RELEVANT 845002
ACTION SNIPPET 1200 183 SNIPPET_NOT_RELEVANT 1354060
ACTION SNIPPET 1200 183 SNIPPET_NOT_RELEVANT 1180896
ACTION SNIPPET 1200 183 SNIPPET_NOT_RELEVANT 804673
ACTION SNIPPET 1200 183 SNIPPET_NOT_RELEVANT 804954
ACTION SNIPPET 1200 183 SNIPPET_NOT_RELEVANT 954708
ACTION SNIPPET 1200 183 SNIPPET_NOT_RELEVANT 365195
ACTION SNIPPET 1200 183 SNIPPET_NOT_RELEVANT 1463514
ACTION SNIPPET 1200 183 SNIPPET_NOT_RELEVANT 1707549
ACTION SNIPPET 1200 183 SNIPPET_NOT_RELEVANT 1790828
ACTION SNIPPET 1200 183 SNIPPET_NOT_RELEVANT 795605
ACTION SNIPPET 1200 183 SNIPPET_NOT_RELEVANT 795171
ACTION SNIPPET 1200 183 SNIPPET_NOT_RELEVANT 1235262
ACTION SNIPPET 1200 183 SNIPPET_NOT_RELEVANT 598148
ACTION SNIPPET 1200 183 SNIPPET_NOT_RELEVANT 1577177
ACTION SNIPPET 1200 183 SNIPPET_NOT_RELEVANT 353777
ACTION SNIPPET 1200 183 SNIPPET_NOT_RELEVANT 62263
ACTION SNIPPET 1200 183 SNIPPET_NOT_RELEVANT 1445817
ACTION SNIPPET 1200 183 SNIPPET_NOT_RELEVANT 959808
ACTION SNIPPET 1200 183 SNIPPET_NOT_RELEVANT 1459149
ACTION SNIPPET 1200 183 SNIPPET_NOT_RELEVANT 1732323
ACTION SNIPPET 1200 183 SNIPPET_NOT_RELEVANT 1378422
ACTION SNIPPET 1200 183 SNIPPET_NOT_RELEVANT 1065767
ACTION SNIPPET 1200 183 SNIPPET_NOT_RELEVANT 1642208
ACTION SNIPPET 1200 183 SNIPPET_NOT_RELEVANT 272993
ACTION SNIPPET 1200 183 SNIPPET_NOT_RELEVANT 1392100
ACTION SNIPPET 1200 183 SNIPPET_NOT_RELEVANT 1272644
ACTION SNIPPET 1200 183 SNIPPET_NOT_RELEVANT 18915
ACTION SNIPPET 1200 183 SNIPPET_NOT_RELEVANT 158602
ACTION SNIPPET 1200 183 SNIPPET_NOT_RELEVANT 1779300
ACTION SNIPPET 1200 183 SNIPPET_NOT_RELEVANT 1755220
ACTION SNIPPET 1200 183 SNIPPET_NOT_RELEVANT 1465952
ACTION SNIPPET 1200 183 SNIPPET_NOT_RELEVANT 1185321
ACTION SNIPPET 1200 183 SNIPPET_NOT_RELEVANT 1271731
ACTION SNIPPET 1200 183 SNIPPET_NOT_RELEVANT 901857
ACTION SNIPPET 1200 183 SNIPPET_NOT_RELEVANT 1576073
ACTION SNIPPET 1200 183 SNIPPET_NOT_RELEVANT 1790683
ACTION SNIPPET 1200 183 SNIPPET_NOT_RELEVANT 1594468
ACTION SNIPPET 1200 183 SNIPPET_NOT_RELEVANT 651760
ACTION SNIPPET 1200 183 SNIPPET_NOT_RELEVANT 1755521
ACTION SNIPPET 1200 183 SNIPPET_NOT_RELEVANT 187548
ACTION SNIPPET 1200 183 SNIPPET_NOT_RELEVANT 1775428
ACTION SNIPPET 1200 183 SNIPPET_NOT_RELEVANT 1739514
ACTION SNIPPET 1200 183 SNIPPET_NOT_RELEVANT 1577181
ACTION SNIPPET 1200 183 SNIPPET_NOT_RELEVANT 1316911
ACTION SNIPPET 1200 183 SNIPPET_NOT_RELEVANT 366797
ACTION SNIPPET 1200 183 SNIPPET_NOT_RELEVANT 336513
ACTION SNIPPET 1200 183 SNIPPET_NOT_RELEVANT 355779
ACTION SNIPPET 1200 183 SNIPPET_NOT_RELEVANT 1170209
ACTION SNIPPET 1200 183 SEEN_PREVIOUSLY 852976
ACTION SNIPPET 1200 183 SNIPPET_NOT_RELEVANT 1847272
ACTION SNIPPET 1200 183 SNIPPET_NOT_RELEVANT 1461667
ACTION SNIPPET 1200 183 SNIPPET_NOT_RELEVANT 1279068
ACTION SNIPPET 1200 183 SNIPPET_NOT_RELEVANT 1137475
ACTION SNIPPET 1200 183 SNIPPET_NOT_RELEVANT 1746386
ACTION SNIPPET 1200 183 SNIPPET_NOT_RELEVANT 1134655
ACTION SNIPPET 1200 183 SNIPPET_NOT_RELEVANT 297823
ACTION SNIPPET 1200 183 SNIPPET_NOT_RELEVANT 279688
ACTION SNIPPET 1200 183 SNIPPET_NOT_RELEVANT 1257625
ACTION SNIPPET 1200 183 SNIPPET_NOT_RELEVANT 590531
ACTION SNIPPET 1200 183 SNIPPET_NOT_RELEVANT 1572861
ACTION SNIPPET 1200 183 SNIPPET_NOT_RELEVANT 365179
ACTION SNIPPET 1200 183 SNIPPET_NOT_RELEVANT 854027
ACTION SNIPPET 1200 183 SNIPPET_NOT_RELEVANT 1360937
ACTION SNIPPET 1200 183 SNIPPET_NOT_RELEVANT 943882
ACTION SNIPPET 1200 183 SNIPPET_NOT_RELEVANT 1351278
ACTION SNIPPET 1200 183 SNIPPET_NOT_RELEVANT 1358910
ACTION SNIPPET 1200 183 SNIPPET_NOT_RELEVANT 723166
ACTION SNIPPET 1200 183 SNIPPET_NOT_RELEVANT 247974
ACTION SNIPPET 1200 183 SNIPPET_NOT_RELEVANT 1819285
ACTION SNIPPET 1200 183 SNIPPET_NOT_RELEVANT 430740
ACTION SNIPPET 1200 183 SNIPPET_NOT_RELEVANT 966469
ACTION SNIPPET 1200 183 SNIPPET_NOT_RELEVANT 168948
ACTION SNIPPET 1200 183 SNIPPET_NOT_RELEVANT 571548
ACTION SNIPPET 1200 183 SNIPPET_NOT_RELEVANT 1019664
ACTION SNIPPET 1200 183 SNIPPET_NOT_RELEVANT 1391069
ACTION SNIPPET 1200 183 SNIPPET_NOT_RELEVANT 1093014
ACTION SNIPPET 1200 183 SNIPPET_NOT_RELEVANT 1747217
ACTION SNIPPET 1200 183 SNIPPET_NOT_RELEVANT 1281850
ACTION SNIPPET 1200 183 SNIPPET_NOT_RELEVANT 1097303
ACTION SNIPPET 1200 183 SNIPPET_NOT_RELEVANT 600630
ACTION SNIPPET 1200 183 SNIPPET_NOT_RELEVANT 1452410
ACTION SNIPPET 1200 183 SNIPPET_NOT_RELEVANT 1365757
ACTION SNIPPET 1200 183 SNIPPET_NOT_RELEVANT 234465
ACTION SNIPPET 1200 183 SNIPPET_NOT_RELEVANT 1789490
ACTION SNIPPET 1200 183 SNIPPET_NOT_RELEVANT 187282
ACTION SNIPPET 1200 183 SNIPPET_NOT_RELEVANT 1010762
ACTION SNIPPET 1200 183 SNIPPET_NOT_RELEVANT 317251
ACTION SNIPPET 1200 183 SNIPPET_NOT_RELEVANT 1388460
INFO SERP_END_REACHED 
ACTION QUERY 1200 193 college advantage hiring
ACTION SERP 1200 198 EXAMINE_SERP
ACTION SNIPPET 1200 198 SNIPPET_NOT_RELEVANT 158602
ACTION SNIPPET 1200 198 SNIPPET_NOT_RELEVANT 1392100
ACTION SNIPPET 1200 198 SNIPPET_NOT_RELEVANT 1010762
ACTION SNIPPET 1200 198 SEEN_PREVIOUSLY 852976
ACTION SNIPPET 1200 198 SNIPPET_NOT_RELEVANT 168948
ACTION SNIPPET 1200 198 SNIPPET_NOT_RELEVANT 1064
ACTION SNIPPET 1200 198 SNIPPET_NOT_RELEVANT 1064
ACTION SNIPPET 1200 198 SNIPPET_NOT_RELEVANT 1815688
ACTION SNIPPET 1200 198 SNIPPET_NOT_RELEVANT 1848549
ACTION SNIPPET 1200 198 SNIPPET_NOT_RELEVANT 236986
ACTION SNIPPET 1200 198 SNIPPET_NOT_RELEVANT 1107823
ACTION SNIPPET 1200 198 SNIPPET_NOT_RELEVANT 1831434
ACTION SNIPPET 1200 198 SNIPPET_NOT_RELEVANT 1763500
ACTION SNIPPET 1200 198 SNIPPET_NOT_RELEVANT 722023
ACTION SNIPPET 1200 198 SNIPPET_NOT_RELEVANT 969977
ACTION SNIPPET 1200 198 SNIPPET_NOT_RELEVANT 963349
ACTION SNIPPET 1200 198 SNIPPET_NOT_RELEVANT 1508987
ACTION SNIPPET 1200 198 SNIPPET_NOT_RELEVANT 971853
ACTION SNIPPET 1200 198 SNIPPET_NOT_RELEVANT 1379650
ACTION SNIPPET 1200 198 SNIPPET_NOT_RELEVANT 1789366
ACTION SNIPPET 1200 198 SNIPPET_NOT_RELEVANT 1512784
ACTION SNIPPET 1200 198 SNIPPET_NOT_RELEVANT 1459000
ACTION SNIPPET 1200 198 SNIPPET_NOT_RELEVANT 175418
ACTION SNIPPET 1200 198 SNIPPET_NOT_RELEVANT 879333
ACTION SNIPPET 1200 198 SNIPPET_NOT_RELEVANT 1775428
ACTION SNIPPET 1200 198 SNIPPET_NOT_RELEVANT 1847765
ACTION SNIPPET 1200 198 SNIPPET_NOT_RELEVANT 967067
ACTION SNIPPET 1200 198 SNIPPET_NOT_RELEVANT 63828
ACTION SNIPPET 1200 198 SNIPPET_NOT_RELEVANT 817504
ACTION SNIPPET 1200 198 SNIPPET_NOT_RELEVANT 840458
ACTION SNIPPET 1200 198 SNIPPET_NOT_RELEVANT 1566299
ACTION SNIPPET 1200 198 SEEN_PREVIOUSLY 1361566
ACTION SNIPPET 1200 198 SNIPPET_NOT_RELEVANT 707720
ACTION SNIPPET 1200 198 SNIPPET_NOT_RELEVANT 1449102
ACTION SNIPPET 1200 198 SNIPPET_NOT_RELEVANT 15041
ACTION SNIPPET 1200 198 SNIPPET_NOT_RELEVANT 1534908
ACTION SNIPPET 1200 198 SNIPPET_NOT_RELEVANT 791812
ACTION SNIPPET 1200 198 SNIPPET_NOT_RELEVANT 1278221
ACTION SNIPPET 1200 198 SNIPPET_NOT_RELEVANT 287425
ACTION SNIPPET 1200 198 SNIPPET_NOT_RELEVANT 1614701
ACTION SNIPPET 1200 198 SNIPPET_NOT_RELEVANT 852059
ACTION SNIPPET 1200 198 SNIPPET_NOT_RELEVANT 1714546
ACTION SNIPPET 1200 198 SNIPPET_NOT_RELEVANT 435165
ACTION SNIPPET 1200 198 SNIPPET_NOT_RELEVANT 1764874
ACTION SNIPPET 1200 198 SNIPPET_NOT_RELEVANT 359330
ACTION SNIPPET 1200 198 SNIPPET_NOT_RELEVANT 1639935
ACTION SNIPPET 1200 198 SNIPPET_NOT_RELEVANT 1328569
ACTION SNIPPET 1200 198 SNIPPET_NOT_RELEVANT 1487266
ACTION SNIPPET 1200 198 SNIPPET_NOT_RELEVANT 1706916
ACTION SNIPPET 1200 198 SNIPPET_NOT_RELEVANT 280698
ACTION SNIPPET 1200 198 SNIPPET_NOT_RELEVANT 389061
ACTION SNIPPET 1200 198 SNIPPET_NOT_RELEVANT 305121
ACTION SNIPPET 1200 198 SNIPPET_NOT_RELEVANT 1228332
ACTION SNIPPET 1200 198 SNIPPET_NOT_RELEVANT 1627909
ACTION SNIPPET 1200 198 SEEN_PREVIOUSLY 1706607
ACTION SNIPPET 1200 198 SNIPPET_NOT_RELEVANT 1071125
ACTION SNIPPET 1200 198 SNIPPET_NOT_RELEVANT 1624111
ACTION SNIPPET 1200 198 SNIPPET_NOT_RELEVANT 156346
ACTION SNIPPET 1200 198 SNIPPET_NOT_RELEVANT 1793079
ACTION SNIPPET 1200 198 SNIPPET_NOT_RELEVANT 1621221
ACTION SNIPPET 1200 198 SNIPPET_NOT_RELEVANT 1196512
ACTION SNIPPET 1200 198 SNIPPET_NOT_RELEVANT 964819
ACTION SNIPPET 1200 198 SNIPPET_NOT_RELEVANT 893249
ACTION SNIPPET 1200 198 SNIPPET_NOT_RELEVANT 77858
ACTION SNIPPET 1200 198 SNIPPET_NOT_RELEVANT 677212
ACTION SNIPPET 1200 198 SNIPPET_NOT_RELEVANT 320936
ACTION SNIPPET 1200 198 SNIPPET_NOT_RELEVANT 40015
ACTION SNIPPET 1200 198 SNIPPET_NOT_RELEVANT 92365
ACTION SNIPPET 1200 198 SNIPPET_NOT_RELEVANT 547158
ACTION SNIPPET 1200 198 SNIPPET_NOT_RELEVANT 222656
ACTION SNIPPET 1200 198 SNIPPET_NOT_RELEVANT 90300
ACTION SNIPPET 1200 198 SNIPPET_NOT_RELEVANT 1568199
ACTION SNIPPET 1200 198 SNIPPET_NOT_RELEVANT 1227289
ACTION SNIPPET 1200 198 SNIPPET_NOT_RELEVANT 1544394
ACTION SNIPPET 1200 198 SNIPPET_NOT_RELEVANT 740724
ACTION SNIPPET 1200 198 SNIPPET_NOT_RELEVANT 1755885
ACTION SNIPPET 1200 198 SNIPPET_NOT_RELEVANT 837720
ACTION SNIPPET 1200 198 SNIPPET_NOT_RELEVANT 595156
ACTION SNIPPET 1200 198 SNIPPET_NOT_RELEVANT 1506013
ACTION SNIPPET 1200 198 SNIPPET_NOT_RELEVANT 1591387
ACTION SNIPPET 1200 198 SNIPPET_NOT_RELEVANT 1478069
ACTION SNIPPET 1200 198 SNIPPET_NOT_RELEVANT 1497919
ACTION SNIPPET 1200 198 SNIPPET_NOT_RELEVANT 1126560
ACTION SNIPPET 1200 198 SNIPPET_NOT_RELEVANT 1178029
ACTION SNIPPET 1200 198 SNIPPET_NOT_RELEVANT 841449
ACTION SNIPPET 1200 198 SNIPPET_NOT_RELEVANT 687214
ACTION SNIPPET 1200 198 SNIPPET_NOT_RELEVANT 1156081
ACTION SNIPPET 1200 198 SNIPPET_NOT_RELEVANT 1064700
ACTION SNIPPET 1200 198 SNIPPET_NOT_RELEVANT 1820917
ACTION SNIPPET 1200 198 SNIPPET_NOT_RELEVANT 89439
ACTION SNIPPET 1200 198 SNIPPET_NOT_RELEVANT 1513040
ACTION SNIPPET 1200 198 SNIPPET_NOT_RELEVANT 1027237
ACTION SNIPPET 1200 198 SNIPPET_NOT_RELEVANT 1121820
ACTION SNIPPET 1200 198 SNIPPET_NOT_RELEVANT 1036346
ACTION SNIPPET 1200 198 SNIPPET_NOT_RELEVANT 487210
ACTION SNIPPET 1200 198 SNIPPET_NOT_RELEVANT 1155472
ACTION SNIPPET 1200 198 SNIPPET_NOT_RELEVANT 289854
ACTION SNIPPET 1200 198 SNIPPET_NOT_RELEVANT 1097200
ACTION SNIPPET 1200 198 SNIPPET_NOT_RELEVANT 1796081
ACTION SNIPPET 1200 198 SNIPPET_NOT_RELEVANT 663495
INFO SERP_END_REACHED 
ACTION QUERY 1200 208 college advantage potential
ACTION SERP 1200 213 EXAMINE_SERP
ACTION SNIPPET 1200 213 SNIPPET_NOT_RELEVANT 1316911
ACTION SNIPPET 1200 213 SNIPPET_NOT_RELEVANT 1739514
ACTION SNIPPET 1200 213 SNIPPET_NOT_RELEVANT 350971
ACTION SNIPPET 1200 213 SNIPPET_NOT_RELEVANT 856188
ACTION SNIPPET 1200 213 SNIPPET_NOT_RELEVANT 1363772
ACTION SNIPPET 1200 213 SNIPPET_NOT_RELEVANT 961022
ACTION SNIPPET 1200 213 SNIPPET_NOT_RELEVANT 408651
ACTION SNIPPET 1200 213 SNIPPET_NOT_RELEVANT 1775428
ACTION SNIPPET 1200 213 SNIPPET_NOT_RELEVANT 1459000
ACTION SNIPPET 1200 213 SNIPPET_NOT_RELEVANT 354581
ACTION SNIPPET 1200 213 SNIPPET_NOT_RELEVANT 1349694
ACTION SNIPPET 1200 213 SNIPPET_NOT_RELEVANT 362492
ACTION SNIPPET 1200 213 SNIPPET_NOT_RELEVANT 1815688
ACTION SNIPPET 1200 213 SNIPPET_NOT_RELEVANT 202159
ACTION SNIPPET 1200 213 SNIPPET_NOT_RELEVANT 824394
ACTION SNIPPET 1200 213 SNIPPET_NOT_RELEVANT 317251
ACTION SNIPPET 1200 213 SNIPPET_NOT_RELEVANT 1789490
ACTION SNIPPET 1200 213 SNIPPET_NOT_RELEVANT 247974
ACTION SNIPPET 1200 213 SNIPPET_NOT_RELEVANT 1392439
ACTION SNIPPET 1200 213 SNIPPET_NOT_RELEVANT 971863
ACTION SNIPPET 1200 213 SNIPPET_NOT_RELEVANT 49001
ACTION SNIPPET 1200 213 SNIPPET_NOT_RELEVANT 1500698
ACTION SNIPPET 1200 213 SNIPPET_NOT_RELEVANT 1710152
ACTION SNIPPET 1200 213 SNIPPET_NOT_RELEVANT 1793079
ACTION SNIPPET 1200 213 SNIPPET_NOT_RELEVANT 661759
ACTION SNIPPET 1200 213 SNIPPET_NOT_RELEVANT 62263
ACTION SNIPPET 1200 213 SNIPPET_NOT_RELEVANT 1358910
ACTION SNIPPET 1200 213 SNIPPET_NOT_RELEVANT 964819
ACTION SNIPPET 1200 213 SNIPPET_NOT_RELEVANT 905057
ACTION SNIPPET 1200 213 SNIPPET_NOT_RELEVANT 77858
ACTION SNIPPET 1200 213 SNIPPET_NOT_RELEVANT 652394
ACTION SNIPPET 1200 213 SNIPPET_NOT_RELEVANT 615022
ACTION SNIPPET 1200 213 SNIPPET_NOT_RELEVANT 1804241
ACTION SNIPPET 1200 213 SNIPPET_NOT_RELEVANT 435165
ACTION SNIPPET 1200 213 SNIPPET_NOT_RELEVANT 547158
ACTION SNIPPET 1200 213 SNIPPET_NOT_RELEVANT 90300
ACTION SNIPPET 1200 213 SNIPPET_NOT_RELEVANT 1692027
ACTION SNIPPET 1200 213 SNIPPET_NOT_RELEVANT 1577987
ACTION SNIPPET 1200 213 SNIPPET_NOT_RELEVANT 1327939
ACTION SNIPPET 1200 213 SNIPPET_NOT_RELEVANT 1837886
ACTION SNIPPET 1200 213 SNIPPET_NOT_RELEVANT 559994
ACTION SNIPPET 1200 213 SEEN_PREVIOUSLY 1706607
ACTION SNIPPET 1200 213 SNIPPET_NOT_RELEVANT 190484
ACTION SNIPPET 1200 213 SNIPPET_NOT_RELEVANT 214424
ACTION SNIPPET 1200 213 SNIPPET_NOT_RELEVANT 778783
ACTION SNIPPET 1200 213 SNIPPET_NOT_RELEVANT 697169
ACTION SNIPPET 1200 213 SNIPPET_NOT_RELEVANT 893399
ACTION SNIPPET 1200 213 SNIPPET_NOT_RELEVANT 1508987
ACTION SNIPPET 1200 213 SNIPPET_NOT_RELEVANT 748649
ACTION SNIPPET 1200 213 SNIPPET_NOT_RELEVANT 1566599
ACTION SNIPPET 1200 213 SNIPPET_NOT_RELEVANT 1794308
ACTION SNIPPET 1200 213 SNIPPET_NOT_RELEVANT 1283849
ACTION SNIPPET 1200 213 SNIPPET_NOT_RELEVANT 1519827
ACTION SNIPPET 1200 213 SNIPPET_NOT_RELEVANT 1036206
ACTION SNIPPET 1200 213 SNIPPET_NOT_RELEVANT 1536888
ACTION SNIPPET 1200 213 SNIPPET_NOT_RELEVANT 722023
ACTION SNIPPET 1200 213 SNIPPET_NOT_RELEVANT 337977
ACTION SNIPPET 1200 213 SNIPPET_NOT_RELEVANT 1762139
ACTION SNIPPET 1200 213 SNIPPET_NOT_RELEVANT 1488931
ACTION SNIPPET 1200 213 SNIPPET_NOT_RELEVANT 1107823
ACTION SNIPPET 1200 213 SNIPPET_NOT_RELEVANT 588478
ACTION SNIPPET 1200 213 SNIPPET_NOT_RELEVANT 845002
ACTION SNIPPET 1200 213 SNIPPET_NOT_RELEVANT 967067
ACTION SNIPPET 1200 213 SNIPPET_NOT_RELEVANT 731434
ACTION SNIPPET 1200 213 SNIPPET_NOT_RELEVANT 1019944
ACTION SNIPPET 1200 213 SNIPPET_NOT_RELEVANT 294235
ACTION SNIPPET 1200 213 SNIPPET_NOT_RELEVANT 154365
ACTION SNIPPET 1200 213 SNIPPET_NOT_RELEVANT 1451278
ACTION SNIPPET 1200 213 SNIPPET_NOT_RELEVANT 1820917
ACTION SNIPPET 1200 213 SNIPPET_NOT_RELEVANT 1233165
ACTION SNIPPET 1200 213 SNIPPET_NOT_RELEVANT 1177970
ACTION SNIPPET 1200 213 SNIPPET_NOT_RELEVANT 1475568
ACTION SNIPPET 1200 213 SNIPPET_NOT_RELEVANT 617898
ACTION SNIPPET 1200 213 SNIPPET_NOT_RELEVANT 214972
ACTION SNIPPET 1200 213 SNIPPET_NOT_RELEVANT 191594
ACTION SNIPPET 1200 213 SNIPPET_NOT_RELEVANT 117992
ACTION SNIPPET 1200 213 SNIPPET_NOT_RELEVANT 1341713
ACTION SNIPPET 1200 213 SNIPPET_NOT_RELEVANT 199982
ACTION SNIPPET 1200 213 SNIPPET_NOT_RELEVANT 1575452
ACTION SNIPPET 1200 213 SNIPPET_NOT_RELEVANT 82958
ACTION SNIPPET 1200 213 SNIPPET_NOT_RELEVANT 1711456
ACTION SNIPPET 1200 213 SNIPPET_NOT_RELEVANT 662521
ACTION SNIPPET 1200 213 SNIPPET_NOT_RELEVANT 1354060
ACTION SNIPPET 1200 213 SNIPPET_NOT_RELEVANT 1514497
ACTION SNIPPET 1200 213 SNIPPET_NOT_RELEVANT 1281362
ACTION SNIPPET 1200 213 SNIPPET_NOT_RELEVANT 1470605
ACTION SNIPPET 1200 213 SNIPPET_NOT_RELEVANT 1180896
ACTION SNIPPET 1200 213 SNIPPET_NOT_RELEVANT 1052453
ACTION SNIPPET 1200 213 SNIPPET_NOT_RELEVANT 356722
ACTION SNIPPET 1200 213 SNIPPET_NOT_RELEVANT 1220405
ACTION SNIPPET 1200 213 SNIPPET_NOT_RELEVANT 95212
ACTION SNIPPET 1200 213 SNIPPET_NOT_RELEVANT 523920
ACTION SNIPPET 1200 213 SNIPPET_NOT_RELEVANT 804673
ACTION SNIPPET 1200 213 SNIPPET_NOT_RELEVANT 804954
ACTION SNIPPET 1200 213 SNIPPET_NOT_RELEVANT 1610508
ACTION SNIPPET 1200 213 SNIPPET_NOT_RELEVANT 1183178
ACTION SNIPPET 1200 213 SNIPPET_NOT_RELEVANT 954708
ACTION SNIPPET 1200 213 SNIPPET_NOT_RELEVANT 696979
ACTION SNIPPET 1200 213 SNIPPET_NOT_RELEVANT 671441
ACTION SNIPPET 1200 213 SNIPPET_NOT_RELEVANT 1722259
INFO SERP_END_REACHED 
ACTION QUERY 1200 223 college advantage increased
ACTION SERP 1200 228 EXAMINE_SERP
ACTION SNIPPET 1200 228 SNIPPET_NOT_RELEVANT 1793079
ACTION SNIPPET 1200 228 SNIPPET_NOT_RELEVANT 1794308
ACTION SNIPPET 1200 228 SNIPPET_NOT_RELEVANT 366797
ACTION SNIPPET 1200 228 SNIPPET_NOT_RELEVANT 964819
ACTION SNIPPET 1200 228 SNIPPET_NOT_RELEVANT 959808
ACTION SNIPPET 1200 228 SNIPPET_NOT_RELEVANT 723166
ACTION SNIPPET 1200 228 SNIPPET_NOT_RELEVANT 1576073
ACTION SNIPPET 1200 228 SNIPPET_NOT_RELEVANT 1064700
ACTION SNIPPET 1200 228 SNIPPET_NOT_RELEVANT 1036206
ACTION SNIPPET 1200 228 SNIPPET_NOT_RELEVANT 1518947
ACTION SNIPPET 1200 228 SNIPPET_NOT_RELEVANT 1850471
ACTION SNIPPET 1200 228 SNIPPET_NOT_RELEVANT 804673
ACTION SNIPPET 1200 228 SNIPPET_NOT_RELEVANT 804954
ACTION SNIPPET 1200 228 SNIPPET_NOT_RELEVANT 1019664
ACTION SNIPPET 1200 228 SNIPPET_NOT_RELEVANT 1417174
ACTION SNIPPET 1200 228 SNIPPET_NOT_RELEVANT 1642208
ACTION SNIPPET 1200 228 SNIPPET_NOT_RELEVANT 297823
ACTION SNIPPET 1200 228 SNIPPET_NOT_RELEVANT 1354060
ACTION SNIPPET 1200 228 SNIPPET_NOT_RELEVANT 447862
ACTION SNIPPET 1200 228 SNIPPET_NOT_RELEVANT 14324
ACTION SNIPPET 1200 228 SNIPPET_NOT_RELEVANT 1438356
ACTION SNIPPET 1200 228 SNIPPET_NOT_RELEVANT 1790683
ACTION SNIPPET 1200 228 SNIPPET_NOT_RELEVANT 1272644
ACTION SNIPPET 1200 228 SNIPPET_NOT_RELEVANT 299447
ACTION SNIPPET 1200 228 SNIPPET_NOT_RELEVANT 964190
ACTION SNIPPET 1200 228 SNIPPET_NOT_RELEVANT 1789490
ACTION SNIPPET 1200 228 SNIPPET_NOT_RELEVANT 1504146
ACTION SNIPPET 1200 228 SNIPPET_NOT_RELEVANT 1742599
ACTION SNIPPET 1200 228 SNIPPET_NOT_RELEVANT 168668
ACTION SNIPPET 1200 228 SNIPPET_NOT_RELEVANT 520869
ACTION SNIPPET 1200 228 SNIPPET_NOT_RELEVANT 62263
ACTION SNIPPET 1200 228 SNIPPET_NOT_RELEVANT 530898
ACTION SNIPPET 1200 228 SNIPPET_NOT_RELEVANT 1785881
ACTION SNIPPET 1200 228 SNIPPET_NOT_RELEVANT 557985
ACTION SNIPPET 1200 228 SNIPPET_NOT_RELEVANT 438652
ACTION SNIPPET 1200 228 SNIPPET_NOT_RELEVANT 1403017
ACTION SNIPPET 1200 228 SNIPPET_NOT_RELEVANT 536600
ACTION SNIPPET 1200 228 SNIPPET_NOT_RELEVANT 963349
ACTION SNIPPET 1200 228 SNIPPET_NOT_RELEVANT 1377777
ACTION SNIPPET 1200 228 SNIPPET_NOT_RELEVANT 1278221
ACTION SNIPPET 1200 228 SNIPPET_NOT_RELEVANT 1640137
ACTION SNIPPET 1200 228 SNIPPET_NOT_RELEVANT 1148604
ACTION SNIPPET 1200 228 SNIPPET_NOT_RELEVANT 1758237
ACTION SNIPPET 1200 228 SNIPPET_NOT_RELEVANT 77858
ACTION SNIPPET 1200 228 SNIPPET_NOT_RELEVANT 1802263
ACTION SNIPPET 1200 228 SNIPPET_NOT_RELEVANT 386804
ACTION SNIPPET 1200 228 SNIPPET_NOT_RELEVANT 675562
ACTION SNIPPET 1200 228 SNIPPET_NOT_RELEVANT 547158
ACTION SNIPPET 1200 228 SNIPPET_NOT_RELEVANT 90300
ACTION SNIPPET 1200 228 SNIPPET_NOT_RELEVANT 911354
ACTION SNIPPET 1200 228 SEEN_PREVIOUSLY 1828580
ACTION SNIPPET 1200 228 SNIPPET_NOT_RELEVANT 1205941
ACTION SNIPPET 1200 228 SNIPPET_NOT_RELEVANT 1794047
ACTION SNIPPET 1200 228 SNIPPET_NOT_RELEVANT 247974
ACTION SNIPPET 1200 228 SNIPPET_NOT_RELEVANT 661759
ACTION SNIPPET 1200 228 SNIPPET_NOT_RELEVANT 1551805
ACTION SNIPPET 1200 228 SNIPPET_NOT_RELEVANT 1196512
ACTION SNIPPET 1200 228 SNIPPET_NOT_RELEVANT 1831434
ACTION SNIPPET 1200 228 SNIPPET_NOT_RELEVANT 354581
ACTION SNIPPET 1200 228 SNIPPET_NOT_RELEVANT 708612
ACTION SNIPPET 1200 228 SNIPPET_NOT_RELEVANT 1320530
ACTION SNIPPET 1200 228 SEEN_PREVIOUSLY 1115504
ACTION SNIPPET 1200 228 SNIPPET_NOT_RELEVANT 1307180
ACTION SNIPPET 1200 228 SNIPPET_NOT_RELEVANT 214424
ACTION SNIPPET 1200 228 SNIPPET_NOT_RELEVANT 825097
ACTION SNIPPET 1200 228 SNIPPET_NOT_RELEVANT 575176
ACTION SNIPPET 1200 228 SNIPPET_NOT_RELEVANT 303254
ACTION SNIPPET 1200 228 SNIPPET_NOT_RELEVANT 1738934
ACTION SNIPPET 1200 228 SNIPPET_NOT_RELEVANT 1358910
ACTION SNIPPET 1200 228 SNIPPET_NOT_RELEVANT 733964
ACTION SNIPPET 1200 228 SNIPPET_NOT_RELEVANT 158130
ACTION SNIPPET 1200 228 SNIPPET_NOT_RELEVANT 1535735
ACTION SNIPPET 1200 228 SNIPPET_NOT_RELEVANT 294235
ACTION SNIPPET 1200 228 SNIPPET_NOT_RELEVANT 1283849
ACTION SNIPPET 1200 228 SNIPPET_NOT_RELEVANT 424120
ACTION SNIPPET 1200 228 SNIPPET_NOT_RELEVANT 1601019
ACTION SNIPPET 1200 228 SNIPPET_NOT_RELEVANT 1519827
ACTION SNIPPET 1200 228 SNIPPET_NOT_RELEVANT 1536888
ACTION SNIPPET 1200 228 SNIPPET_NOT_RELEVANT 188160
ACTION SNIPPET 1200 228 SNIPPET_NOT_RELEVANT 69759
ACTION SNIPPET 1200 228 SNIPPET_NOT_RELEVANT 1404106
ACTION SNIPPET 1200 228 SNIPPET_NOT_RELEVANT 33511
ACTION SNIPPET 1200 228 SNIPPET_NOT_RELEVANT 1736578
ACTION SNIPPET 1200 228 SNIPPET_NOT_RELEVANT 1253940
ACTION SNIPPET 1200 228 SNIPPET_NOT_RELEVANT 845002
ACTION SNIPPET 1200 228 SEEN_PREVIOUSLY 1641630
ACTION SNIPPET 1200 228 SNIPPET_NOT_RELEVANT 948252
ACTION SNIPPET 1200 228 SNIPPET_NOT_RELEVANT 638775
ACTION SNIPPET 1200 228 SNIPPET_NOT_RELEVANT 1619807
ACTION SNIPPET 1200 228 SNIPPET_NOT_RELEVANT 1437675
ACTION SNIPPET 1200 228 SNIPPET_NOT_RELEVANT 297826
ACTION SNIPPET 1200 228 SNIPPET_NOT_RELEVANT 1848549
ACTION SNIPPET 1200 228 SNIPPET_NOT_RELEVANT 362492
ACTION SNIPPET 1200 228 SNIPPET_NOT_RELEVANT 666222
ACTION SNIPPET 1200 228 SNIPPET_NOT_RELEVANT 666221
ACTION SNIPPET 1200 228 SNIPPET_NOT_RELEVANT 129063
ACTION SNIPPET 1200 228 SNIPPET_NOT_RELEVANT 189294
ACTION SNIPPET 1200 228 SNIPPET_NOT_RELEVANT 829987
ACTION SNIPPET 1200 228 SNIPPET_NOT_RELEVANT 852059
ACTION SNIPPET 1200 228 SNIPPET_NOT_RELEVANT 1677456
INFO SERP_END_REACHED 
ACTION QUERY 1200 238 college advantage income
ACTION SERP 1200 243 EXAMINE_SERP
ACTION SNIPPET 1200 243 SNIPPET_NOT_RELEVANT 297823
ACTION SNIPPET 1200 243 SNIPPET_NOT_RELEVANT 1576073
ACTION SNIPPET 1200 243 SNIPPET_NOT_RELEVANT 148455
ACTION SNIPPET 1200 243 SNIPPET_NOT_RELEVANT 1170209
ACTION SNIPPET 1200 243 SNIPPET_NOT_RELEVANT 1235262
ACTION SNIPPET 1200 243 SNIPPET_NOT_RELEVANT 178277
ACTION SNIPPET 1200 243 SNIPPET_NOT_RELEVANT 470397
ACTION SNIPPET 1200 243 SNIPPET_NOT_RELEVANT 1577181
ACTION SNIPPET 1200 243 SNIPPET_NOT_RELEVANT 397124
ACTION SNIPPET 1200 243 SNIPPET_NOT_RELEVANT 722023
ACTION SNIPPET 1200 243 SNIPPET_NOT_RELEVANT 948252
ACTION SNIPPET 1200 243 SNIPPET_NOT_RELEVANT 352655
ACTION SNIPPET 1200 243 SNIPPET_NOT_RELEVANT 1463514
ACTION SNIPPET 1200 243 SNIPPET_NOT_RELEVANT 1793079
ACTION SNIPPET 1200 243 SNIPPET_NOT_RELEVANT 911354
ACTION SNIPPET 1200 243 SNIPPET_NOT_RELEVANT 1465314
ACTION SNIPPET 1200 243 SNIPPET_NOT_RELEVANT 1789490
ACTION SNIPPET 1200 243 SNIPPET_NOT_RELEVANT 598148
ACTION SNIPPET 1200 243 SNIPPET_NOT_RELEVANT 1467081
ACTION SNIPPET 1200 243 SNIPPET_NOT_RELEVANT 504746
ACTION SNIPPET 1200 243 SNIPPET_NOT_RELEVANT 557804
ACTION SNIPPET 1200 243 SNIPPET_NOT_RELEVANT 1742955
ACTION SNIPPET 1200 243 SNIPPET_NOT_RELEVANT 1794308
ACTION SNIPPET 1200 243 SNIPPET_NOT_RELEVANT 1804241
ACTION SNIPPET 1200 243 SNIPPET_NOT_RELEVANT 1645315
ACTION SNIPPET 1200 243 SNIPPET_NOT_RELEVANT 19909
ACTION SNIPPET 1200 243 SNIPPET_NOT_RELEVANT 389061
ACTION SNIPPET 1200 243 SNIPPET_NOT_RELEVANT 118617
ACTION SNIPPET 1200 243 SNIPPET_NOT_RELEVANT 1850471
ACTION SNIPPET 1200 243 SNIPPET_NOT_RELEVANT 1497415
ACTION SNIPPET 1200 243 SNIPPET_NOT_RELEVANT 1559150
ACTION SNIPPET 1200 243 SNIPPET_NOT_RELEVANT 1375375
ACTION SNIPPET 1200 243 SNIPPET_NOT_RELEVANT 709893
ACTION SNIPPET 1200 243 SNIPPET_NOT_RELEVANT 335463
ACTION SNIPPET 1200 243 SNIPPET_NOT_RELEVANT 1349752
ACTION SNIPPET 1200 243 SNIPPET_NOT_RELEVANT 1036206
ACTION SNIPPET 1200 243 SNIPPET_NOT_RELEVANT 1600888
ACTION SNIPPET 1200 243 SNIPPET_NOT_RELEVANT 519884
ACTION SNIPPET 1200 243 SNIPPET_NOT_RELEVANT 365162
ACTION SNIPPET 1200 243 SNIPPET_NOT_RELEVANT 1634047
ACTION SNIPPET 1200 243 SNIPPET_NOT_RELEVANT 494947
ACTION SNIPPET 1200 243 SNIPPET_NOT_RELEVANT 1550010
ACTION SNIPPET 1200 243 SNIPPET_NOT_RELEVANT 188160
ACTION SNIPPET 1200 243 SNIPPET_NOT_RELEVANT 1831434
ACTION SNIPPET 1200 243 SNIPPET_NOT_RELEVANT 1176824
ACTION SNIPPET 1200 243 SNIPPET_NOT_RELEVANT 287007
ACTION SNIPPET 1200 243 SNIPPET_NOT_RELEVANT 1065678
ACTION SNIPPET 1200 243 SNIPPET_NOT_RELEVANT 1459149
ACTION SNIPPET 1200 243 SNIPPET_NOT_RELEVANT 1601776
ACTION SNIPPET 1200 243 SNIPPET_NOT_RELEVANT 456189
ACTION SNIPPET 1200 243 SNIPPET_NOT_RELEVANT 177700
ACTION SNIPPET 1200 243 SNIPPET_NOT_RELEVANT 1440494
ACTION SNIPPET 1200 243 SNIPPET_NOT_RELEVANT 1271806
ACTION SNIPPET 1200 243 SNIPPET_NOT_RELEVANT 1628971
ACTION SNIPPET 1200 243 SNIPPET_NOT_RELEVANT 668523
ACTION SNIPPET 1200 243 SNIPPET_NOT_RELEVANT 1048999
ACTION SNIPPET 1200 243 SNIPPET_NOT_RELEVANT 1789366
ACTION SNIPPET 1200 243 SNIPPET_NOT_RELEVANT 1742599
ACTION SNIPPET 1200 243 SNIPPET_NOT_RELEVANT 733964
ACTION SNIPPET 1200 243 SNIPPET_NOT_RELEVANT 950283
ACTION SNIPPET 1200 243 SNIPPET_NOT_RELEVANT 1257625
ACTION SNIPPET 1200 243 SNIPPET_NOT_RELEVANT 528638
ACTION SNIPPET 1200 243 SNIPPET_NOT_RELEVANT 1354060
ACTION SNIPPET 1200 243 SNIPPET_NOT_RELEVANT 1535735
ACTION SNIPPET 1200 243 SNIPPET_NOT_RELEVANT 1812579
ACTION SNIPPET 1200 243 SEEN_PREVIOUSLY 1641630
ACTION SNIPPET 1200 243 SNIPPET_NOT_RELEVANT 1351811
ACTION SNIPPET 1200 243 SNIPPET_NOT_RELEVANT 212232
ACTION SNIPPET 1200 243 SNIPPET_NOT_RELEVANT 1278221
ACTION SNIPPET 1200 243 SNIPPET_NOT_RELEVANT 1307180
ACTION SNIPPET 1200 243 SNIPPET_NOT_RELEVANT 1378374
ACTION SNIPPET 1200 243 SNIPPET_NOT_RELEVANT 1009853
ACTION SNIPPET 1200 243 SNIPPET_NOT_RELEVANT 1461732
ACTION SNIPPET 1200 243 SNIPPET_NOT_RELEVANT 1468958
ACTION SNIPPET 1200 243 SNIPPET_NOT_RELEVANT 256794
ACTION SNIPPET 1200 243 SNIPPET_NOT_RELEVANT 632442
ACTION SNIPPET 1200 243 SNIPPET_NOT_RELEVANT 948962
ACTION SNIPPET 1200 243 SNIPPET_NOT_RELEVANT 807083
ACTION SNIPPET 1200 243 SNIPPET_NOT_RELEVANT 709807
ACTION SNIPPET 1200 243 SNIPPET_NOT_RELEVANT 432601
ACTION SNIPPET 1200 243 SNIPPET_NOT_RELEVANT 1358910
ACTION SNIPPET 1200 243 SNIPPET_NOT_RELEVANT 697054
ACTION SNIPPET 1200 243 SNIPPET_NOT_RELEVANT 1678249
ACTION SNIPPET 1200 243 SNIPPET_NOT_RELEVANT 74292
ACTION SNIPPET 1200 243 SNIPPET_NOT_RELEVANT 19896
ACTION SNIPPET 1200 243 SNIPPET_NOT_RELEVANT 1472202
ACTION SNIPPET 1200 243 SNIPPET_NOT_RELEVANT 297826
ACTION SNIPPET 1200 243 SNIPPET_NOT_RELEVANT 1324246
ACTION SNIPPET 1200 243 SNIPPET_NOT_RELEVANT 396527
ACTION SNIPPET 1200 243 SNIPPET_NOT_RELEVANT 14324
ACTION SNIPPET 1200 243 SNIPPET_NOT_RELEVANT 1802263
ACTION SNIPPET 1200 243 SNIPPET_NOT_RELEVANT 1151385
ACTION SNIPPET 1200 243 SNIPPET_NOT_RELEVANT 1790767
ACTION SNIPPET 1200 243 SNIPPET_NOT_RELEVANT 947170
ACTION SNIPPET 1200 243 SNIPPET_NOT_RELEVANT 109465
ACTION SNIPPET 1200 243 SNIPPET_NOT_RELEVANT 1433393
ACTION SNIPPET 1200 243 SNIPPET_NOT_RELEVANT 1676453
ACTION SNIPPET 1200 243 SNIPPET_NOT_RELEVANT 1215673
ACTION SNIPPET 1200 243 SNIPPET_NOT_RELEVANT 1842415
ACTION SNIPPET 1200 243 SNIPPET_NOT_RELEVANT 1463433
INFO SERP_END_REACHED 
ACTION QUERY 1200 253 college advantage graduates
ACTION SERP 1200 258 EXAMINE_SERP
ACTION SNIPPET 1200 258 SNIPPET_NOT_RELEVANT 845002
ACTION SNIPPET 1200 258 SNIPPET_NOT_RELEVANT 158602
ACTION SNIPPET 1200 258 SNIPPET_NOT_RELEVANT 1260914
ACTION SNIPPET 1200 258 SNIPPET_NOT_RELEVANT 590531
ACTION SNIPPET 1200 258 SNIPPET_NOT_RELEVANT 1134655
ACTION SNIPPET 1200 258 SNIPPET_NOT_RELEVANT 1710084
ACTION SNIPPET 1200 258 SNIPPET_NOT_RELEVANT 855668
ACTION SNIPPET 1200 258 SNIPPET_NOT_RELEVANT 365179
ACTION SNIPPET 1200 258 SNIPPET_NOT_RELEVANT 247974
ACTION SNIPPET 1200 258 SNIPPET_NOT_RELEVANT 1358303
ACTION SNIPPET 1200 258 SEEN_PREVIOUSLY 1115504
ACTION SNIPPET 1200 258 SNIPPET_NOT_RELEVANT 1763500
ACTION SNIPPET 1200 258 SNIPPET_NOT_RELEVANT 1096588
ACTION SNIPPET 1200 258 SNIPPET_NOT_RELEVANT 1022272
ACTION SNIPPET 1200 258 SNIPPET_NOT_RELEVANT 1064
ACTION SNIPPET 1200 258 SNIPPET_NOT_RELEVANT 1064
ACTION SNIPPET 1200 258 SNIPPET_NOT_RELEVANT 434854
ACTION SNIPPET 1200 258 SEEN_PREVIOUSLY 852976
ACTION SNIPPET 1200 258 SNIPPET_NOT_RELEVANT 1305056
ACTION SNIPPET 1200 258 SNIPPET_NOT_RELEVANT 722023
ACTION SNIPPET 1200 258 SNIPPET_NOT_RELEVANT 1022045
ACTION SNIPPET 1200 258 SNIPPET_NOT_RELEVANT 1739514
ACTION SNIPPET 1200 258 SNIPPET_NOT_RELEVANT 1792839
ACTION SNIPPET 1200 258 SNIPPET_NOT_RELEVANT 795605
ACTION SNIPPET 1200 258 SNIPPET_NOT_RELEVANT 795171
ACTION SNIPPET 1200 258 SNIPPET_NOT_RELEVANT 350105
ACTION SNIPPET 1200 258 SNIPPET_NOT_RELEVANT 598148
ACTION SNIPPET 1200 258 SNIPPET_NOT_RELEVANT 1375375
ACTION SNIPPET 1200 258 SNIPPET_NOT_RELEVANT 620985
ACTION SNIPPET 1200 258 SNIPPET_NOT_RELEVANT 612344
ACTION SNIPPET 1200 258 SNIPPET_NOT_RELEVANT 1391069
ACTION SNIPPET 1200 258 SNIPPET_NOT_RELEVANT 790540
ACTION SNIPPET 1200 258 SNIPPET_NOT_RELEVANT 433551
ACTION SNIPPET 1200 258 SNIPPET_RELEVANT 362112
ACTION DOC 1200 278 EXAMINING_DOCUMENT 362112
ACTION MARK 1200 281 CONSIDERED_RELEVANT 362112
ACTION SNIPPET 1200 281 SNIPPET_NOT_RELEVANT 1019664
ACTION SNIPPET 1200 281 SNIPPET_NOT_RELEVANT 1452410
ACTION SNIPPET 1200 281 SNIPPET_NOT_RELEVANT 1205941
ACTION SNIPPET 1200 281 SNIPPET_NOT_RELEVANT 940051
ACTION SNIPPET 1200 281 SNIPPET_NOT_RELEVANT 1710808
ACTION SNIPPET 1200 281 SNIPPET_RELEVANT 548257
ACTION DOC 1200 301 EXAMINING_DOCUMENT 548257
ACTION MARK 1200 304 CONSIDERED_RELEVANT 548257
ACTION SNIPPET 1200 304 SNIPPET_NOT_RELEVANT 1589069
ACTION SNIPPET 1200 304 SNIPPET_NOT_RELEVANT 1083258
ACTION SNIPPET 1200 304 SNIPPET_NOT_RELEVANT 317251
ACTION SNIPPET 1200 304 SNIPPET_NOT_RELEVANT 557804
ACTION SNIPPET 1200 304 SNIPPET_NOT_RELEVANT 1036206
ACTION SNIPPET 1200 304 SNIPPET_NOT_RELEVANT 1201594
ACTION SNIPPET 1200 304 SNIPPET_NOT_RELEVANT 1228332
ACTION SNIPPET 1200 304 SNIPPET_NOT_RELEVANT 1815688
ACTION SNIPPET 1200 304 SEEN_PREVIOUSLY 1706607
ACTION SNIPPET 1200 304 SNIPPET_NOT_RELEVANT 1019944
ACTION SNIPPET 1200 304 SNIPPET_NOT_RELEVANT 350971
ACTION SNIPPET 1200 304 SNIPPET_NOT_RELEVANT 1519827
ACTION SNIPPET 1200 304 SNIPPET_NOT_RELEVANT 396194
ACTION SNIPPET 1200 304 SNIPPET_NOT_RELEVANT 1775428
ACTION SNIPPET 1200 304 SNIPPET_NOT_RELEVANT 255093
ACTION SNIPPET 1200 304 SNIPPET_NOT_RELEVANT 834114
ACTION SNIPPET 1200 304 SNIPPET_NOT_RELEVANT 1472202
ACTION SNIPPET 1200 304 SNIPPET_NOT_RELEVANT 1583981
ACTION SNIPPET 1200 304 SNIPPET_NOT_RELEVANT 417331
ACTION SNIPPET 1200 304 SNIPPET_NOT_RELEVANT 1112363
ACTION SNIPPET 1200 304 SNIPPET_NOT_RELEVANT 280698
ACTION SNIPPET 1200 304 SNIPPET_NOT_RELEVANT 1293036
ACTION SNIPPET 1200 304 SNIPPET_NOT_RELEVANT 1566299
ACTION SNIPPET 1200 304 SNIPPET_NOT_RELEVANT 669640
ACTION SNIPPET 1200 304 SNIPPET_NOT_RELEVANT 1285734
ACTION SNIPPET 1200 304 SNIPPET_NOT_RELEVANT 606021
ACTION SNIPPET 1200 304 SNIPPET_NOT_RELEVANT 615022
ACTION SNIPPET 1200 304 SNIPPET_NOT_RELEVANT 909804
ACTION SNIPPET 1200 304 SNIPPET_NOT_RELEVANT 495060
ACTION SNIPPET 1200 304 SNIPPET_NOT_RELEVANT 590523
ACTION SNIPPET 1200 304 SNIPPET_NOT_RELEVANT 1176824
ACTION SNIPPET 1200 304 SNIPPET_NOT_RELEVANT 876058
ACTION SNIPPET 1200 304 SNIPPET_NOT_RELEVANT 456189
ACTION SNIPPET 1200 304 SNIPPET_NOT_RELEVANT 420138
ACTION SNIPPET 1200 304 SNIPPET_NOT_RELEVANT 457245
ACTION SNIPPET 1200 304 SNIPPET_NOT_RELEVANT 1707549
ACTION SNIPPET 1200 304 SNIPPET_NOT_RELEVANT 733964
ACTION SNIPPET 1200 304 SNIPPET_RELEVANT 1120249
ACTION DOC 1200 324 EXAMINING_DOCUMENT 1120249
ACTION MARK 1200 327 CONSIDERED_RELEVANT 1120249
ACTION SNIPPET 1200 327 SNIPPET_NOT_RELEVANT 1204348
ACTION SNIPPET 1200 327 SNIPPET_NOT_RELEVANT 313820
ACTION SNIPPET 1200 327 SNIPPET_NOT_RELEVANT 1553578
ACTION SNIPPET 1200 327 SNIPPET_NOT_RELEVANT 1391727
ACTION SNIPPET 1200 327 SNIPPET_NOT_RELEVANT 931054
ACTION SNIPPET 1200 327 SNIPPET_NOT_RELEVANT 1530344
ACTION SNIPPET 1200 327 SNIPPET_NOT_RELEVANT 788957
ACTION SNIPPET 1200 327 SNIPPET_NOT_RELEVANT 1449102
ACTION SNIPPET 1200 327 SNIPPET_NOT_RELEVANT 1272644
ACTION SNIPPET 1200 327 SNIPPET_NOT_RELEVANT 969977
ACTION SNIPPET 1200 327 SNIPPET_NOT_RELEVANT 1253675
ACTION SNIPPET 1200 327 SEEN_PREVIOUSLY 1641630
ACTION SNIPPET 1200 327 SNIPPET_NOT_RELEVANT 1742955
ACTION SNIPPET 1200 327 SNIPPET_NOT_RELEVANT 413718
ACTION SNIPPET 1200 327 SNIPPET_NOT_RELEVANT 462163
ACTION SNIPPET 1200 327 SNIPPET_NOT_RELEVANT 455057
ACTION SNIPPET 1200 327 SNIPPET_NOT_RELEVANT 536600
ACTION SNIPPET 1200 327 SNIPPET_NOT_RELEVANT 937285
ACTION SNIPPET 1200 327 SNIPPET_NOT_RELEVANT 1465482
ACTION SNIPPET 1200 327 SNIPPET_NOT_RELEVANT 1758237
ACTION SNIPPET 1200 327 SNIPPET_NOT_RELEVANT 216430
ACTION SNIPPET 1200 327 SNIPPET_NOT_RELEVANT 1835615
INFO SERP_END_REACHED 
ACTION QUERY 1200 337 college advantage cite
ACTION SERP 1200 342 EXAMINE_SERP
ACTION SNIPPET 1200 342 SNIPPET_NOT_RELEVANT 18915
ACTION SNIPPET 1200 342 SNIPPET_NOT_RELEVANT 547158
ACTION SNIPPET 1200 342 SNIPPET_NOT_RELEVANT 1235262
ACTION SNIPPET 1200 342 SNIPPET_NOT_RELEVANT 745107
ACTION SNIPPET 1200 342 SNIPPET_NOT_RELEVANT 598148
ACTION SNIPPET 1200 342 SNIPPET_NOT_RELEVANT 1747217
ACTION SNIPPET 1200 342 SNIPPET_NOT_RELEVANT 1116167
ACTION SNIPPET 1200 342 SNIPPET_NOT_RELEVANT 282826
ACTION SNIPPET 1200 342 SNIPPET_NOT_RELEVANT 62263
ACTION SNIPPET 1200 342 SNIPPET_NOT_RELEVANT 1286192
ACTION SNIPPET 1200 342 SNIPPET_NOT_RELEVANT 940051
ACTION SNIPPET 1200 342 SNIPPET_NOT_RELEVANT 272993
ACTION SNIPPET 1200 342 SNIPPET_NOT_RELEVANT 1022272
ACTION SNIPPET 1200 342 SNIPPET_NOT_RELEVANT 908207
ACTION SNIPPET 1200 342 SNIPPET_NOT_RELEVANT 350105
ACTION SNIPPET 1200 342 SNIPPET_NOT_RELEVANT 374630
ACTION SNIPPET 1200 342 SNIPPET_NOT_RELEVANT 575267
ACTION SNIPPET 1200 342 SNIPPET_NOT_RELEVANT 697178
ACTION SNIPPET 1200 342 SNIPPET_NOT_RELEVANT 1172524
ACTION SNIPPET 1200 342 SNIPPET_NOT_RELEVANT 433551
ACTION SNIPPET 1200 342 SNIPPET_NOT_RELEVANT 669034
ACTION SNIPPET 1200 342 SNIPPET_NOT_RELEVANT 644497
ACTION SNIPPET 1200 342 SNIPPET_NOT_RELEVANT 1789490
ACTION SNIPPET 1200 342 SNIPPET_NOT_RELEVANT 1328576
ACTION SNIPPET 1200 342 SNIPPET_NOT_RELEVANT 289399
ACTION SNIPPET 1200 342 SNIPPET_NOT_RELEVANT 77039
ACTION SNIPPET 1200 342 SNIPPET_NOT_RELEVANT 1228332
ACTION SNIPPET 1200 342 SNIPPET_NOT_RELEVANT 433317
ACTION SNIPPET 1200 342 SNIPPET_NOT_RELEVANT 1454762
ACTION SNIPPET 1200 342 SNIPPET_NOT_RELEVANT 1534919
ACTION SNIPPET 1200 342 SNIPPET_NOT_RELEVANT 1793079
ACTION SNIPPET 1200 342 SNIPPET_NOT_RELEVANT 964819
ACTION SNIPPET 1200 342 SNIPPET_NOT_RELEVANT 77858
ACTION SNIPPET 1200 342 SNIPPET_NOT_RELEVANT 1518947
ACTION SNIPPET 1200 342 SNIPPET_NOT_RELEVANT 983687
ACTION SNIPPET 1200 342 SNIPPET_NOT_RELEVANT 90300
ACTION SNIPPET 1200 342 SNIPPET_NOT_RELEVANT 1763500
ACTION SNIPPET 1200 342 SNIPPET_NOT_RELEVANT 1473370
ACTION SNIPPET 1200 342 SNIPPET_NOT_RELEVANT 110762
ACTION SNIPPET 1200 342 SNIPPET_NOT_RELEVANT 575176
ACTION SNIPPET 1200 342 SNIPPET_NOT_RELEVANT 1497919
ACTION SNIPPET 1200 342 SNIPPET_NOT_RELEVANT 487210
ACTION SNIPPET 1200 342 SNIPPET_NOT_RELEVANT 662521
ACTION SNIPPET 1200 342 SNIPPET_NOT_RELEVANT 1660936
ACTION SNIPPET 1200 342 SNIPPET_NOT_RELEVANT 1022045
ACTION SNIPPET 1200 342 SNIPPET_NOT_RELEVANT 1118155
ACTION SNIPPET 1200 342 SNIPPET_NOT_RELEVANT 214424
ACTION SNIPPET 1200 342 SNIPPET_NOT_RELEVANT 268640
ACTION SNIPPET 1200 342 SNIPPET_NOT_RELEVANT 1775839
ACTION SNIPPET 1200 342 SNIPPET_NOT_RELEVANT 1377777
ACTION SNIPPET 1200 342 SNIPPET_NOT_RELEVANT 1815688
ACTION SNIPPET 1200 342 SNIPPET_NOT_RELEVANT 1794308
ACTION SNIPPET 1200 342 SNIPPET_NOT_RELEVANT 1283849
ACTION SNIPPET 1200 342 SNIPPET_NOT_RELEVANT 194305
ACTION SNIPPET 1200 342 SNIPPET_NOT_RELEVANT 1268244
ACTION SNIPPET 1200 342 SNIPPET_NOT_RELEVANT 1519827
ACTION SNIPPET 1200 342 SNIPPET_NOT_RELEVANT 1036206
ACTION SNIPPET 1200 342 SNIPPET_NOT_RELEVANT 1536888
ACTION SNIPPET 1200 342 SNIPPET_NOT_RELEVANT 799168
ACTION SNIPPET 1200 342 SNIPPET_NOT_RELEVANT 799500
ACTION SNIPPET 1200 342 SEEN_PREVIOUSLY 1828580
ACTION SNIPPET 1200 342 SNIPPET_NOT_RELEVANT 1634092
ACTION SNIPPET 1200 342 SNIPPET_NOT_RELEVANT 751764
ACTION SNIPPET 1200 342 SNIPPET_NOT_RELEVANT 1813785
ACTION SNIPPET 1200 342 SNIPPET_NOT_RELEVANT 419841
ACTION SNIPPET 1200 342 SNIPPET_NOT_RELEVANT 81920
ACTION SNIPPET 1200 342 SNIPPET_NOT_RELEVANT 845002
ACTION SNIPPET 1200 342 SNIPPET_NOT_RELEVANT 1448642
ACTION SNIPPET 1200 342 SNIPPET_NOT_RELEVANT 1253940
ACTION SNIPPET 1200 342 SNIPPET_NOT_RELEVANT 204070
ACTION SNIPPET 1200 342 SNIPPET_NOT_RELEVANT 1779311
ACTION SNIPPET 1200 342 SNIPPET_NOT_RELEVANT 1280688
ACTION SNIPPET 1200 342 SNIPPET_NOT_RELEVANT 1659733
ACTION SNIPPET 1200 342 SNIPPET_NOT_RELEVANT 185548
ACTION SNIPPET 1200 342 SNIPPET_NOT_RELEVANT 269697
ACTION SNIPPET 1200 342 SNIPPET_NOT_RELEVANT 1792687
ACTION SNIPPET 1200 342 SNIPPET_NOT_RELEVANT 1789366
ACTION SNIPPET 1200 342 SNIPPET_NOT_RELEVANT 1176113
ACTION SNIPPET 1200 342 SNIPPET_NOT_RELEVANT 1039420
ACTION SNIPPET 1200 342 SNIPPET_NOT_RELEVANT 881968
ACTION SNIPPET 1200 342 SNIPPET_NOT_RELEVANT 360431
ACTION SNIPPET 1200 342 SNIPPET_NOT_RELEVANT 980415
ACTION SNIPPET 1200 342 SNIPPET_NOT_RELEVANT 723590
ACTION SNIPPET 1200 342 SNIPPET_NOT_RELEVANT 1461424
ACTION SNIPPET 1200 342 SNIPPET_NOT_RELEVANT 502822
ACTION SNIPPET 1200 342 SNIPPET_NOT_RELEVANT 344703
ACTION SNIPPET 1200 342 SNIPPET_NOT_RELEVANT 1354060
ACTION SNIPPET 1200 342 SNIPPET_NOT_RELEVANT 339277
ACTION SNIPPET 1200 342 SNIPPET_NOT_RELEVANT 926501
ACTION SNIPPET 1200 342 SNIPPET_NOT_RELEVANT 1180896
ACTION SNIPPET 1200 342 SNIPPET_NOT_RELEVANT 188160
ACTION SNIPPET 1200 342 SNIPPET_NOT_RELEVANT 210199
ACTION SNIPPET 1200 342 SNIPPET_NOT_RELEVANT 1440778
ACTION SNIPPET 1200 342 SNIPPET_NOT_RELEVANT 804954
ACTION SNIPPET 1200 342 SNIPPET_NOT_RELEVANT 804673
ACTION SNIPPET 1200 342 SNIPPET_NOT_RELEVANT 1584887
ACTION SNIPPET 1200 342 SNIPPET_NOT_RELEVANT 27906
ACTION SNIPPET 1200 342 SNIPPET_NOT_RELEVANT 557155
ACTION SNIPPET 1200 342 SNIPPET_NOT_RELEVANT 954708
ACTION SNIPPET 1200 342 SNIPPET_NOT_RELEVANT 362492
INFO SERP_END_REACHED 
ACTION QUERY 1200 352 college advantage job
ACTION SERP 1200 357 EXAMINE_SERP
ACTION SNIPPET 1200 357 SNIPPET_NOT_RELEVANT 1036206
ACTION SNIPPET 1200 357 SNIPPET_NOT_RELEVANT 1010762
ACTION SNIPPET 1200 357 SNIPPET_NOT_RELEVANT 964819
ACTION SNIPPET 1200 357 SNIPPET_NOT_RELEVANT 257756
ACTION SNIPPET 1200 357 SNIPPET_NOT_RELEVANT 1763500
ACTION SNIPPET 1200 357 SNIPPET_NOT_RELEVANT 30059
ACTION SNIPPET 1200 357 SNIPPET_NOT_RELEVANT 1775428
ACTION SNIPPET 1200 357 SNIPPET_NOT_RELEVANT 1170209
ACTION SNIPPET 1200 357 SNIPPET_NOT_RELEVANT 247974
ACTION SNIPPET 1200 357 SNIPPET_NOT_RELEVANT 1391069
ACTION SNIPPET 1200 357 SNIPPET_NOT_RELEVANT 964190
ACTION SNIPPET 1200 357 SNIPPET_NOT_RELEVANT 1028368
ACTION SNIPPET 1200 357 SNIPPET_NOT_RELEVANT 1815688
ACTION SNIPPET 1200 357 SNIPPET_NOT_RELEVANT 359329
ACTION SNIPPET 1200 357 SNIPPET_NOT_RELEVANT 969977
ACTION SNIPPET 1200 357 SNIPPET_NOT_RELEVANT 365179
ACTION SNIPPET 1200 357 SNIPPET_NOT_RELEVANT 1828849
ACTION SNIPPET 1200 357 SNIPPET_NOT_RELEVANT 1148604
ACTION SNIPPET 1200 357 SNIPPET_NOT_RELEVANT 1710808
ACTION SNIPPET 1200 357 SNIPPET_NOT_RELEVANT 1375375
ACTION SNIPPET 1200 357 SNIPPET_NOT_RELEVANT 297823
ACTION SNIPPET 1200 357 SEEN_PREVIOUSLY 362112
ACTION SNIPPET 1200 357 SNIPPET_NOT_RELEVANT 708612
ACTION SNIPPET 1200 357 SNIPPET_NOT_RELEVANT 1707549
ACTION SNIPPET 1200 357 SNIPPET_NOT_RELEVANT 575267
ACTION SNIPPET 1200 357 SNIPPET_NOT_RELEVANT 352655
ACTION SNIPPET 1200 357 SNIPPET_NOT_RELEVANT 1576073
ACTION SNIPPET 1200 357 SNIPPET_NOT_RELEVANT 1572861
ACTION SNIPPET 1200 357 SNIPPET_NOT_RELEVANT 1790683
ACTION SNIPPET 1200 357 SNIPPET_NOT_RELEVANT 74292
ACTION SNIPPET 1200 357 SNIPPET_NOT_RELEVANT 140339
ACTION SNIPPET 1200 357 SNIPPET_NOT_RELEVANT 948756
ACTION SNIPPET 1200 357 SNIPPET_NOT_RELEVANT 1557601
ACTION SNIPPET 1200 357 SNIPPET_NOT_RELEVANT 362063
ACTION SNIPPET 1200 357 SNIPPET_NOT_RELEVANT 336513
ACTION SNIPPET 1200 357 SNIPPET_NOT_RELEVANT 722023
ACTION SNIPPET 1200 357 SNIPPET_NOT_RELEVANT 1758237
ACTION SNIPPET 1200 357 SNIPPET_NOT_RELEVANT 1225296
ACTION SNIPPET 1200 357 SNIPPET_NOT_RELEVANT 971853
ACTION SNIPPET 1200 357 SEEN_PREVIOUSLY 1115504
ACTION SNIPPET 1200 357 SNIPPET_NOT_RELEVANT 62263
ACTION SNIPPET 1200 357 SNIPPET_NOT_RELEVANT 930707
ACTION SNIPPET 1200 357 SEEN_PREVIOUSLY 548257
ACTION SNIPPET 1200 357 SNIPPET_NOT_RELEVANT 1566299
ACTION SNIPPET 1200 357 SNIPPET_NOT_RELEVANT 1449102
ACTION SNIPPET 1200 357 SNIPPET_NOT_RELEVANT 1449616
ACTION SNIPPET 1200 357 SNIPPET_NOT_RELEVANT 1754743
ACTION SNIPPET 1200 357 SEEN_PREVIOUSLY 1361566
ACTION SNIPPET 1200 357 SNIPPET_NOT_RELEVANT 190484
ACTION SNIPPET 1200 357 SEEN_PREVIOUSLY 1706607
ACTION SNIPPET 1200 357 SNIPPET_NOT_RELEVANT 1793079
ACTION SNIPPET 1200 357 SNIPPET_NOT_RELEVANT 1491655
ACTION SNIPPET 1200 357 SNIPPET_NOT_RELEVANT 1196512
ACTION SNIPPET 1200 357 SNIPPET_NOT_RELEVANT 77858
ACTION SNIPPET 1200 357 SNIPPET_NOT_RELEVANT 1577987
ACTION SNIPPET 1200 357 SNIPPET_NOT_RELEVANT 1837734
ACTION SNIPPET 1200 357 SNIPPET_NOT_RELEVANT 891919
ACTION SNIPPET 1200 357 SNIPPET_NOT_RELEVANT 931054
ACTION SNIPPET 1200 357 SNIPPET_NOT_RELEVANT 1228332
ACTION SNIPPET 1200 357 SNIPPET_NOT_RELEVANT 1676896
ACTION SNIPPET 1200 357 SNIPPET_NOT_RELEVANT 400582
ACTION SNIPPET 1200 357 SNIPPET_NOT_RELEVANT 547158
ACTION SNIPPET 1200 357 SNIPPET_NOT_RELEVANT 90300
ACTION SNIPPET 1200 357 SNIPPET_NOT_RELEVANT 1328599
ACTION SNIPPET 1200 357 SNIPPET_NOT_RELEVANT 657976
ACTION SNIPPET 1200 357 SNIPPET_NOT_RELEVANT 149934
ACTION SNIPPET 1200 357 SNIPPET_NOT_RELEVANT 411724
ACTION SNIPPET 1200 357 SNIPPET_NOT_RELEVANT 1459000
ACTION SNIPPET 1200 357 SNIPPET_NOT_RELEVANT 840458
ACTION SNIPPET 1200 357 SNIPPET_NOT_RELEVANT 617898
ACTION SNIPPET 1200 357 SNIPPET_NOT_RELEVANT 455057
ACTION SNIPPET 1200 357 SNIPPET_NOT_RELEVANT 52773
ACTION SNIPPET 1200 357 SNIPPET_NOT_RELEVANT 1710084
ACTION SNIPPET 1200 357 SNIPPET_NOT_RELEVANT 254269
ACTION SNIPPET 1200 357 SNIPPET_NOT_RELEVANT 60085
ACTION SNIPPET 1200 357 SNIPPET_NOT_RELEVANT 598679
ACTION SNIPPET 1200 357 SNIPPET_NOT_RELEVANT 1835100
ACTION SNIPPET 1200 357 SNIPPET_NOT_RELEVANT 359330
ACTION SNIPPET 1200 357 SNIPPET_NOT_RELEVANT 305121
ACTION SNIPPET 1200 357 SNIPPET_NOT_RELEVANT 807083
ACTION SNIPPET 1200 357 SNIPPET_NOT_RELEVANT 214424
ACTION SNIPPET 1200 357 SNIPPET_NOT_RELEVANT 925835
ACTION SNIPPET 1200 357 SNIPPET_NOT_RELEVANT 1323737
ACTION SNIPPET 1200 357 SNIPPET_NOT_RELEVANT 1796081
ACTION SNIPPET 1200 357 SNIPPET_NOT_RELEVANT 709858
ACTION SNIPPET 1200 357 SNIPPET_NOT_RELEVANT 462163
ACTION SNIPPET 1200 357 SNIPPET_NOT_RELEVANT 771277
ACTION SNIPPET 1200 357 SEEN_PREVIOUSLY 1641630
ACTION SNIPPET 1200 357 SNIPPET_NOT_RELEVANT 1794308
ACTION SNIPPET 1200 357 SNIPPET_NOT_RELEVANT 1283849
ACTION SNIPPET 1200 357 SNIPPET_NOT_RELEVANT 855668
ACTION SNIPPET 1200 357 SNIPPET_NOT_RELEVANT 797313
ACTION SNIPPET 1200 357 SNIPPET_NOT_RELEVANT 797497
ACTION SNIPPET 1200 357 SNIPPET_NOT_RELEVANT 1519827
ACTION SNIPPET 1200 357 SNIPPET_NOT_RELEVANT 1536888
ACTION SNIPPET 1200 357 SNIPPET_NOT_RELEVANT 855873
ACTION SNIPPET 1200 357 SNIPPET_NOT_RELEVANT 674142
ACTION SNIPPET 1200 357 SNIPPET_NOT_RELEVANT 1228505
ACTION SNIPPET 1200 357 SNIPPET_NOT_RELEVANT 644497
ACTION SNIPPET 1200 357 SNIPPET_NOT_RELEVANT 622748
INFO SERP_END_REACHED 
ACTION QUERY 1200 367 college advantage vocational
ACTION SERP 1200 372 EXAMINE_SERP
ACTION SNIPPET 1200 372 SNIPPET_NOT_RELEVANT 704529
ACTION SNIPPET 1200 372 SNIPPET_NOT_RELEVANT 1062
ACTION SNIPPET 1200 372 SNIPPET_NOT_RELEVANT 1062
ACTION SNIPPET 1200 372 SNIPPET_NOT_RELEVANT 964190
ACTION SNIPPET 1200 372 SNIPPET_NOT_RELEVANT 1110795
ACTION SNIPPET 1200 372 SNIPPET_NOT_RELEVANT 365162
ACTION SNIPPET 1200 372 SNIPPET_NOT_RELEVANT 213134
ACTION SNIPPET 1200 372 SNIPPET_NOT_RELEVANT 542733
ACTION SNIPPET 1200 372 SNIPPET_NOT_RELEVANT 448263
ACTION SNIPPET 1200 372 SNIPPET_NOT_RELEVANT 1305056
ACTION SNIPPET 1200 372 SNIPPET_NOT_RELEVANT 152577
ACTION SNIPPET 1200 372 SNIPPET_NOT_RELEVANT 311847
ACTION SNIPPET 1200 372 SNIPPET_NOT_RELEVANT 1790639
ACTION SNIPPET 1200 372 SNIPPET_NOT_RELEVANT 704533
ACTION SNIPPET 1200 372 SNIPPET_NOT_RELEVANT 461686
ACTION SNIPPET 1200 372 SNIPPET_NOT_RELEVANT 859515
ACTION SNIPPET 1200 372 SNIPPET_NOT_RELEVANT 1209122
ACTION SNIPPET 1200 372 SNIPPET_NOT_RELEVANT 1136360
ACTION SNIPPET 1200 372 SNIPPET_NOT_RELEVANT 1113257
ACTION SNIPPET 1200 372 SNIPPET_NOT_RELEVANT 728918
ACTION SNIPPET 1200 372 SNIPPET_NOT_RELEVANT 575170
ACTION SNIPPET 1200 372 SNIPPET_NOT_RELEVANT 727659
ACTION SNIPPET 1200 372 SNIPPET_NOT_RELEVANT 942034
ACTION SNIPPET 1200 372 SNIPPET_NOT_RELEVANT 997602
ACTION SNIPPET 1200 372 SNIPPET_NOT_RELEVANT 1205716
ACTION SNIPPET 1200 372 SEEN_PREVIOUSLY 1361566
ACTION SNIPPET 1200 372 SNIPPET_NOT_RELEVANT 843328
ACTION SNIPPET 1200 372 SNIPPET_NOT_RELEVANT 1160574
ACTION SNIPPET 1200 372 SNIPPET_NOT_RELEVANT 510678
ACTION SNIPPET 1200 372 SNIPPET_NOT_RELEVANT 25939
ACTION SNIPPET 1200 372 SNIPPET_NOT_RELEVANT 1318038
ACTION SNIPPET 1200 372 SNIPPET_NOT_RELEVANT 1591389
ACTION SNIPPET 1200 372 SNIPPET_NOT_RELEVANT 76718
ACTION SNIPPET 1200 372 SNIPPET_NOT_RELEVANT 698091
ACTION SNIPPET 1200 372 SNIPPET_NOT_RELEVANT 835303
ACTION SNIPPET 1200 372 SNIPPET_NOT_RELEVANT 1235962
ACTION SNIPPET 1200 372 SNIPPET_NOT_RELEVANT 344210
ACTION SNIPPET 1200 372 SNIPPET_NOT_RELEVANT 915757
ACTION SNIPPET 1200 372 SNIPPET_NOT_RELEVANT 439562
ACTION SNIPPET 1200 372 SNIPPET_NOT_RELEVANT 1641142
ACTION SNIPPET 1200 372 SNIPPET_NOT_RELEVANT 226652
ACTION SNIPPET 1200 372 SNIPPET_NOT_RELEVANT 389225
ACTION SNIPPET 1200 372 SNIPPET_NOT_RELEVANT 1648169
ACTION SNIPPET 1200 372 SNIPPET_NOT_RELEVANT 457953
ACTION SNIPPET 1200 372 SNIPPET_NOT_RELEVANT 1696934
ACTION SNIPPET 1200 372 SNIPPET_NOT_RELEVANT 843329
ACTION SNIPPET 1200 372 SNIPPET_NOT_RELEVANT 704804
ACTION SNIPPET 1200 372 SNIPPET_NOT_RELEVANT 44877
ACTION SNIPPET 1200 372 SNIPPET_NOT_RELEVANT 1101008
ACTION SNIPPET 1200 372 SNIPPET_NOT_RELEVANT 1846961
ACTION SNIPPET 1200 372 SNIPPET_NOT_RELEVANT 665844
ACTION SNIPPET 1200 372 SNIPPET_NOT_RELEVANT 1653311
ACTION SNIPPET 1200 372 SNIPPET_NOT_RELEVANT 1534002
ACTION SNIPPET 1200 372 SNIPPET_NOT_RELEVANT 755613
ACTION SNIPPET 1200 372 SNIPPET_NOT_RELEVANT 1343402
ACTION SNIPPET 1200 372 SNIPPET_NOT_RELEVANT 791997
ACTION SNIPPET 1200 372 SNIPPET_NOT_RELEVANT 792590
ACTION SNIPPET 1200 372 SNIPPET_NOT_RELEVANT 996288
ACTION SNIPPET 1200 372 SNIPPET_NOT_RELEVANT 657976
ACTION SNIPPET 1200 372 SNIPPET_NOT_RELEVANT 699055
ACTION SNIPPET 1200 372 SNIPPET_NOT_RELEVANT 283881
ACTION SNIPPET 1200 372 SNIPPET_NOT_RELEVANT 406499
ACTION SNIPPET 1200 372 SNIPPET_NOT_RELEVANT 406470
ACTION SNIPPET 1200 372 SNIPPET_NOT_RELEVANT 617898
ACTION SNIPPET 1200 372 SNIPPET_NOT_RELEVANT 19717
ACTION SNIPPET 1200 372 SNIPPET_NOT_RELEVANT 210817
ACTION SNIPPET 1200 372 SNIPPET_NOT_RELEVANT 842647
ACTION SNIPPET 1200 372 SNIPPET_NOT_RELEVANT 1566228
ACTION SNIPPET 1200 372 SNIPPET_NOT_RELEVANT 212718
ACTION SNIPPET 1200 372 SNIPPET_NOT_RELEVANT 1399980
ACTION SNIPPET 1200 372 SNIPPET_NOT_RELEVANT 1121231
ACTION SNIPPET 1200 372 SNIPPET_NOT_RELEVANT 137823
ACTION SNIPPET 1200 372 SNIPPET_NOT_RELEVANT 782916
ACTION SNIPPET 1200 372 SNIPPET_NOT_RELEVANT 1479355
ACTION SNIPPET 1200 372 SNIPPET_NOT_RELEVANT 119038
ACTION SNIPPET 1200 372 SNIPPET_NOT_RELEVANT 64656
ACTION SNIPPET 1200 372 SNIPPET_NOT_RELEVANT 13482
ACTION SNIPPET 1200 372 SNIPPET_NOT_RELEVANT 95480
ACTION SNIPPET 1200 372 SNIPPET_NOT_RELEVANT 1219736
ACTION SNIPPET 1200 372 SNIPPET_NOT_RELEVANT 699059
ACTION SNIPPET 1200 372 SNIPPET_NOT_RELEVANT 1097946
ACTION SNIPPET 1200 372 SNIPPET_NOT_RELEVANT 542176
ACTION SNIPPET 1200 372 SNIPPET_NOT_RELEVANT 53787
ACTION SNIPPET 1200 372 SNIPPET_NOT_RELEVANT 61785
ACTION SNIPPET 1200 372 SNIPPET_NOT_RELEVANT 487210
ACTION SNIPPET 1200 372 SNIPPET_NOT_RELEVANT 1344233
ACTION SNIPPET 1200 372 SNIPPET_NOT_RELEVANT 854057
ACTION SNIPPET 1200 372 SNIPPET_NOT_RELEVANT 144252
ACTION SNIPPET 1200 372 SNIPPET_NOT_RELEVANT 935767
ACTION SNIPPET 1200 372 SNIPPET_NOT_RELEVANT 995170
ACTION SNIPPET 1200 372 SEEN_PREVIOUSLY 362112
ACTION SNIPPET 1200 372 SNIPPET_NOT_RELEVANT 499639
ACTION SNIPPET 1200 372 SNIPPET_NOT_RELEVANT 275292
ACTION SNIPPET 1200 372 SNIPPET_NOT_RELEVANT 504898
ACTION SNIPPET 1200 372 SNIPPET_NOT_RELEVANT 984101
ACTION SNIPPET 1200 372 SNIPPET_NOT_RELEVANT 131925
ACTION SNIPPET 1200 372 SNIPPET_NOT_RELEVANT 757383
ACTION SNIPPET 1200 372 SNIPPET_NOT_RELEVANT 613706
ACTION SNIPPET 1200 372 SNIPPET_NOT_RELEVANT 1011061
ACTION SNIPPET 1200 372 SNIPPET_NOT_RELEVANT 1211122
INFO SERP_END_REACHED 
ACTION QUERY 1200 382 college advantage training
ACTION SERP 1200 387 EXAMINE_SERP
ACTION SNIPPET 1200 387 SNIPPET_NOT_RELEVANT 77858
ACTION SNIPPET 1200 387 SNIPPET_NOT_RELEVANT 1036206
ACTION SNIPPET 1200 387 SNIPPET_NOT_RELEVANT 1642208
ACTION SNIPPET 1200 387 SNIPPET_NOT_RELEVANT 964190
ACTION SNIPPET 1200 387 SNIPPET_NOT_RELEVANT 336513
ACTION SNIPPET 1200 387 SNIPPET_NOT_RELEVANT 362063
ACTION SNIPPET 1200 387 SNIPPET_NOT_RELEVANT 1019664
ACTION SNIPPET 1200 387 SNIPPET_NOT_RELEVANT 1519827
ACTION SNIPPET 1200 387 SNIPPET_NOT_RELEVANT 831263
ACTION SNIPPET 1200 387 SNIPPET_NOT_RELEVANT 1223771
ACTION SNIPPET 1200 387 SNIPPET_NOT_RELEVANT 1010762
ACTION SNIPPET 1200 387 SNIPPET_NOT_RELEVANT 182777
ACTION SNIPPET 1200 387 SNIPPET_NOT_RELEVANT 434854
ACTION SNIPPET 1200 387 SNIPPET_NOT_RELEVANT 1110795
ACTION SNIPPET 1200 387 SNIPPET_NOT_RELEVANT 58084
ACTION SNIPPET 1200 387 SEEN_PREVIOUSLY 362112
ACTION SNIPPET 1200 387 SNIPPET_NOT_RELEVANT 481017
ACTION SNIPPET 1200 387 SNIPPET_NOT_RELEVANT 430740
ACTION SNIPPET 1200 387 SNIPPET_NOT_RELEVANT 247974
ACTION SNIPPET 1200 387 SNIPPET_NOT_RELEVANT 1007466
ACTION SNIPPET 1200 387 SNIPPET_NOT_RELEVANT 365162
ACTION SNIPPET 1200 387 SNIPPET_NOT_RELEVANT 1026084
ACTION SNIPPET 1200 387 SNIPPET_NOT_RELEVANT 278591
ACTION SNIPPET 1200 387 SNIPPET_NOT_RELEVANT 1605848
ACTION SNIPPET 1200 387 SNIPPET_NOT_RELEVANT 350105
ACTION SNIPPET 1200 387 SNIPPET_NOT_RELEVANT 236986
ACTION SNIPPET 1200 387 SNIPPET_NOT_RELEVANT 359329
ACTION SNIPPET 1200 387 SNIPPET_NOT_RELEVANT 200267
ACTION SNIPPET 1200 387 SNIPPET_NOT_RELEVANT 1691562
ACTION SNIPPET 1200 387 SNIPPET_NOT_RELEVANT 432111
ACTION SNIPPET 1200 387 SNIPPET_NOT_RELEVANT 598679
ACTION SNIPPET 1200 387 SNIPPET_NOT_RELEVANT 1709941
ACTION SNIPPET 1200 387 SNIPPET_NOT_RELEVANT 658549
ACTION SNIPPET 1200 387 SNIPPET_NOT_RELEVANT 1828849
ACTION SNIPPET 1200 387 SNIPPET_NOT_RELEVANT 1702959
ACTION SNIPPET 1200 387 SNIPPET_NOT_RELEVANT 1172524
ACTION SNIPPET 1200 387 SNIPPET_NOT_RELEVANT 967067
ACTION SNIPPET 1200 387 SNIPPET_NOT_RELEVANT 1062
ACTION SNIPPET 1200 387 SNIPPET_NOT_RELEVANT 1062
ACTION SNIPPET 1200 387 SNIPPET_NOT_RELEVANT 137820
ACTION SNIPPET 1200 387 SNIPPET_NOT_RELEVANT 300981
ACTION SNIPPET 1200 387 SNIPPET_NOT_RELEVANT 1793079
ACTION SNIPPET 1200 387 SNIPPET_NOT_RELEVANT 1225296
ACTION SNIPPET 1200 387 SNIPPET_NOT_RELEVANT 964819
ACTION SNIPPET 1200 387 SNIPPET_NOT_RELEVANT 277961
ACTION SNIPPET 1200 387 SNIPPET_NOT_RELEVANT 1815688
ACTION SNIPPET 1200 387 SNIPPET_NOT_RELEVANT 697178
ACTION SNIPPET 1200 387 SNIPPET_NOT_RELEVANT 1647714
ACTION SNIPPET 1200 387 SNIPPET_NOT_RELEVANT 62263
ACTION SNIPPET 1200 387 SNIPPET_NOT_RELEVANT 547158
ACTION SNIPPET 1200 387 SNIPPET_NOT_RELEVANT 617898
ACTION SNIPPET 1200 387 SNIPPET_NOT_RELEVANT 1828841
ACTION SNIPPET 1200 387 SNIPPET_NOT_RELEVANT 540554
ACTION SNIPPET 1200 387 SNIPPET_NOT_RELEVANT 90300
ACTION SNIPPET 1200 387 SNIPPET_NOT_RELEVANT 421727
ACTION SNIPPET 1200 387 SNIPPET_NOT_RELEVANT 697169
ACTION SNIPPET 1200 387 SNIPPET_NOT_RELEVANT 1660103
ACTION SNIPPET 1200 387 SNIPPET_NOT_RELEVANT 1220405
ACTION SNIPPET 1200 387 SNIPPET_NOT_RELEVANT 237795
ACTION SNIPPET 1200 387 SNIPPET_NOT_RELEVANT 494947
ACTION SNIPPET 1200 387 SNIPPET_NOT_RELEVANT 1696015
ACTION SNIPPET 1200 387 SNIPPET_NOT_RELEVANT 1064
ACTION SNIPPET 1200 387 SNIPPET_NOT_RELEVANT 1064
ACTION SNIPPET 1200 387 SNIPPET_NOT_RELEVANT 590523
ACTION SNIPPET 1200 387 SNIPPET_NOT_RELEVANT 435165
ACTION SNIPPET 1200 387 SNIPPET_NOT_RELEVANT 214424
ACTION SNIPPET 1200 387 SNIPPET_NOT_RELEVANT 129802
ACTION SNIPPET 1200 387 SNIPPET_NOT_RELEVANT 962853
ACTION SNIPPET 1200 387 SNIPPET_NOT_RELEVANT 288646
ACTION SNIPPET 1200 387 SNIPPET_NOT_RELEVANT 1228332
ACTION SNIPPET 1200 387 SNIPPET_NOT_RELEVANT 216940
ACTION SNIPPET 1200 387 SNIPPET_NOT_RELEVANT 1794308
ACTION SNIPPET 1200 387 SNIPPET_NOT_RELEVANT 879333
ACTION SNIPPET 1200 387 SNIPPET_NOT_RELEVANT 1283849
ACTION SNIPPET 1200 387 SNIPPET_NOT_RELEVANT 121718
ACTION SNIPPET 1200 387 SNIPPET_NOT_RELEVANT 780128
ACTION SNIPPET 1200 387 SNIPPET_NOT_RELEVANT 1536888
ACTION SNIPPET 1200 387 SNIPPET_NOT_RELEVANT 911354
ACTION SNIPPET 1200 387 SNIPPET_NOT_RELEVANT 499639
ACTION SNIPPET 1200 387 SNIPPET_NOT_RELEVANT 855827
ACTION SNIPPET 1200 387 SNIPPET_NOT_RELEVANT 879817
ACTION SNIPPET 1200 387 SNIPPET_NOT_RELEVANT 1605697
ACTION SNIPPET 1200 387 SNIPPET_NOT_RELEVANT 1242204
ACTION SNIPPET 1200 387 SNIPPET_NOT_RELEVANT 1763500
ACTION SNIPPET 1200 387 SNIPPET_NOT_RELEVANT 845002
ACTION SNIPPET 1200 387 SNIPPET_NOT_RELEVANT 1510867
ACTION SNIPPET 1200 387 SNIPPET_NOT_RELEVANT 162365
ACTION SNIPPET 1200 387 SNIPPET_NOT_RELEVANT 1722435
ACTION SNIPPET 1200 387 SNIPPET_NOT_RELEVANT 1712568
ACTION SNIPPET 1200 387 SNIPPET_NOT_RELEVANT 1741748
ACTION SNIPPET 1200 387 SNIPPET_NOT_RELEVANT 336856
ACTION SNIPPET 1200 387 SNIPPET_NOT_RELEVANT 1322558
ACTION SNIPPET 1200 387 SNIPPET_NOT_RELEVANT 793428
ACTION SNIPPET 1200 387 SNIPPET_NOT_RELEVANT 793766
ACTION SNIPPET 1200 387 SNIPPET_NOT_RELEVANT 783513
ACTION SNIPPET 1200 387 SNIPPET_NOT_RELEVANT 1266856
ACTION SNIPPET 1200 387 SNIPPET_NOT_RELEVANT 739356
ACTION SNIPPET 1200 387 SNIPPET_NOT_RELEVANT 1685351
ACTION SNIPPET 1200 387 SNIPPET_NOT_RELEVANT 1335447
ACTION SNIPPET 1200 387 SNIPPET_NOT_RELEVANT 1324416
INFO SERP_END_REACHED 
INFO OUT_OF_QUERIES 
INFO SUMMARY 
INFO TOTAL_QUERIES_ISSUED 12
INFO TOTAL_SNIPPETS_EXAMINED 1192
INFO TOTAL_DOCUMENTS_EXAMINED 9
INFO TOTAL_DOCUMENTS_MARKED_RELEVANT 9
INFO TOTAL_ATTRACTIVE_SERP_IMPRESSIONS 12
INFO TOTAL_UNATTRACTIVE_SERP_IMPRESSIONS 0
INFO TOTAL_TREC_RELEVANT_DOCS 9
INFO TOTAL_UNIQ_TREC_RELEVANT_DOCS 9
INFO PRECISION_TREC_RELEVANT_DOCS 1.0
