ACTION START 1200 0 START
ACTION QUERY 1200 10 population control measures
ACTION SERP 1200 15 EXAMINE_SERP
ACTION SNIPPET 1200 15 SNIPPET_RELEVANT 693784
ACTION DOC 1200 35 EXAMINING_DOCUMENT 693784
ACTION SNIPPET 1200 35 SNIPPET_RELEVANT 1825550
ACTION DOC 1200 55 EXAMINING_DOCUMENT 1825550
ACTION SNIPPET 1200 55 SNIPPET_RELEVANT 678307
ACTION DOC 1200 75 EXAMINING_DOCUMENT 678307
ACTION SNIPPET 1200 75 SNIPPET_RELEVANT 830362
ACTION DOC 1200 95 EXAMINING_DOCUMENT 830362
ACTION SNIPPET 1200 95 SNIPPET_RELEVANT 1789149
ACTION DOC 1200 115 EXAMINING_DOCUMENT 1789149
ACTION SNIPPET 1200 115 SNIPPET_RELEVANT 241780
ACTION DOC 1200 135 EXAMINING_DOCUMENT 241780
ACTION MARK 1200 138 CONSIDERED_RELEVANT 241780
ACTION QUERY 1200 148 curbing population growth strategies
ACTION SERP 1200 153 EXAMINE_SERP
ACTION SNIPPET 1200 153 SNIPPET_RELEVANT 1099414
ACTION DOC 1200 173 EXAMINING_DOCUMENT 1099414
ACTION SNIPPET 1200 173 SNIPPET_RELEVANT 506043
ACTION DOC 1200 193 EXAMINING_DOCUMENT 506043
ACTION SNIPPET 1200 193 SEEN_PREVIOUSLY 693784
ACTION SNIPPET 1200 193 SNIPPET_RELEVANT 651774
ACTION DOC 1200 213 EXAMINING_DOCUMENT 651774
ACTION SNIPPET 1200 213 SNIPPET_RELEVANT 712094
ACTION DOC 1200 233 EXAMINING_DOCUMENT 712094
ACTION SNIPPET 1200 233 SNIPPET_RELEVANT 524870
ACTION DOC 1200 253 EXAMINING_DOCUMENT 524870
ACTION SNIPPET 1200 253 SNIPPET_RELEVANT 1300818
ACTION DOC 1200 273 EXAMINING_DOCUMENT 1300818
ACTION QUERY 1200 283 population control policies
ACTION SERP 1200 288 EXAMINE_SERP
ACTION SNIPPET 1200 288 SNIPPET_RELEVANT 664010
ACTION DOC 1200 308 EXAMINING_DOCUMENT 664010
ACTION MARK 1200 311 CONSIDERED_RELEVANT 664010
ACTION SNIPPET 1200 311 SNIPPET_RELEVANT 230947
ACTION DOC 1200 331 EXAMINING_DOCUMENT 230947
ACTION SNIPPET 1200 331 SNIPPET_RELEVANT 45579
ACTION DOC 1200 351 EXAMINING_DOCUMENT 45579
ACTION SNIPPET 1200 351 SNIPPET_RELEVANT 663467
ACTION DOC 1200 371 EXAMINING_DOCUMENT 663467
ACTION MARK 1200 374 CONSIDERED_RELEVANT 663467
ACTION SNIPPET 1200 374 SNIPPET_RELEVANT 290796
ACTION DOC 1200 394 EXAMINING_DOCUMENT 290796
ACTION SNIPPET 1200 394 SNIPPET_RELEVANT 696169
ACTION DOC 1200 414 EXAMINING_DOCUMENT 696169
ACTION QUERY 1200 424 population control successes
ACTION SERP 1200 429 EXAMINE_SERP
ACTION SNIPPET 1200 429 SNIPPET_RELEVANT 1588979
ACTION DOC 1200 449 EXAMINING_DOCUMENT 1588979
ACTION SNIPPET 1200 449 SNIPPET_RELEVANT 264528
ACTION DOC 1200 469 EXAMINING_DOCUMENT 264528
ACTION SNIPPET 1200 469 SNIPPET_RELEVANT 676074
ACTION DOC 1200 489 EXAMINING_DOCUMENT 676074
ACTION SNIPPET 1200 489 SNIPPET_RELEVANT 32035
ACTION DOC 1200 509 EXAMINING_DOCUMENT 32035
ACTION SNIPPET 1200 509 SNIPPET_RELEVANT 680085
ACTION DOC 1200 529 EXAMINING_DOCUMENT 680085
ACTION MARK 1200 532 CONSIDERED_RELEVANT 680085
ACTION SNIPPET 1200 532 SNIPPET_RELEVANT 556808
ACTION DOC 1200 552 EXAMINING_DOCUMENT 556808
ACTION MARK 1200 555 CONSIDERED_RELEVANT 556808
ACTION QUERY 1200 565 population growth reduction strategies
ACTION SERP 1200 570 EXAMINE_SERP
ACTION SNIPPET 1200 570 SEEN_PREVIOUSLY 32035
ACTION SNIPPET 1200 570 SEEN_PREVIOUSLY 1099414
ACTION SNIPPET 1200 570 SNIPPET_RELEVANT 576859
ACTION DOC 1200 590 EXAMINING_DOCUMENT 576859
ACTION SNIPPET 1200 590 SNIPPET_RELEVANT 980079
ACTION DOC 1200 610 EXAMINING_DOCUMENT 980079
ACTION SNIPPET 1200 610 SNIPPET_RELEVANT 457561
ACTION DOC 1200 630 EXAMINING_DOCUMENT 457561
ACTION SNIPPET 1200 630 SNIPPET_RELEVANT 509871
ACTION DOC 1200 650 EXAMINING_DOCUMENT 509871
ACTION SNIPPET 1200 650 SNIPPET_RELEVANT 193299
ACTION DOC 1200 670 EXAMINING_DOCUMENT 193299
ACTION SNIPPET 1200 670 SNIPPET_RELEVANT 1115594
ACTION DOC 1200 690 EXAMINING_DOCUMENT 1115594
ACTION MARK 1200 693 CONSIDERED_RELEVANT 1115594
ACTION QUERY 1200 703 effective family planning policies
ACTION SERP 1200 708 EXAMINE_SERP
ACTION SNIPPET 1200 708 SNIPPET_RELEVANT 211822
ACTION DOC 1200 728 EXAMINING_DOCUMENT 211822
ACTION SNIPPET 1200 728 SNIPPET_RELEVANT 878484
ACTION DOC 1200 748 EXAMINING_DOCUMENT 878484
ACTION MARK 1200 751 CONSIDERED_RELEVANT 878484
ACTION SNIPPET 1200 751 SNIPPET_RELEVANT 332965
ACTION DOC 1200 771 EXAMINING_DOCUMENT 332965
ACTION SNIPPET 1200 771 SNIPPET_RELEVANT 418593
ACTION DOC 1200 791 EXAMINING_DOCUMENT 418593
ACTION SNIPPET 1200 791 SNIPPET_RELEVANT 186210
ACTION DOC 1200 811 EXAMINING_DOCUMENT 186210
ACTION SNIPPET 1200 811 SNIPPET_RELEVANT 667223
ACTION DOC 1200 831 EXAMINING_DOCUMENT 667223
ACTION QUERY 1200 841 reducing birth rates
ACTION SERP 1200 846 EXAMINE_SERP
ACTION SNIPPET 1200 846 SNIPPET_RELEVANT 285056
ACTION DOC 1200 866 EXAMINING_DOCUMENT 285056
ACTION SNIPPET 1200 866 SNIPPET_RELEVANT 84586
ACTION DOC 1200 886 EXAMINING_DOCUMENT 84586
ACTION SNIPPET 1200 886 SNIPPET_RELEVANT 51237
ACTION DOC 1200 906 EXAMINING_DOCUMENT 51237
ACTION SNIPPET 1200 906 SNIPPET_RELEVANT 867391
ACTION DOC 1200 926 EXAMINING_DOCUMENT 867391
ACTION MARK 1200 929 CONSIDERED_RELEVANT 867391
ACTION SNIPPET 1200 929 SNIPPET_RELEVANT 409576
ACTION DOC 1200 949 EXAMINING_DOCUMENT 409576
ACTION MARK 1200 952 CONSIDERED_RELEVANT 409576
ACTION SNIPPET 1200 952 SNIPPET_RELEVANT 217987
ACTION DOC 1200 972 EXAMINING_DOCUMENT 217987
ACTION QUERY 1200 982 reducing birth rates globally
ACTION SERP 1200 987 EXAMINE_SERP
ACTION SNIPPET 1200 987 SNIPPET_RELEVANT 1760369
ACTION DOC 1200 1007 EXAMINING_DOCUMENT 1760369
ACTION SNIPPET 1200 1007 SNIPPET_RELEVANT 68298
ACTION DOC 1200 1027 EXAMINING_DOCUMENT 68298
ACTION SNIPPET 1200 1027 SEEN_PREVIOUSLY 712094
ACTION SNIPPET 1200 1027 SNIPPET_RELEVANT 1845856
ACTION DOC 1200 1047 EXAMINING_DOCUMENT 1845856
ACTION MARK 1200 1050 CONSIDERED_RELEVANT 1845856
ACTION SNIPPET 1200 1050 SNIPPET_RELEVANT 659640
ACTION DOC 1200 1070 EXAMINING_DOCUMENT 659640
ACTION MARK 1200 1073 CONSIDERED_RELEVANT 659640
ACTION SNIPPET 1200 1073 SNIPPET_RELEVANT 141572
ACTION DOC 1200 1093 EXAMINING_DOCUMENT 141572
ACTION SNIPPET 1200 1093 SEEN_PREVIOUSLY 285056
ACTION SNIPPET 1200 1093 SNIPPET_RELEVANT 27200
ACTION DOC 1200 1113 EXAMINING_DOCUMENT 27200
ACTION QUERY 1200 1123 population growth control measures
ACTION SERP 1200 1128 EXAMINE_SERP
ACTION SNIPPET 1200 1128 SEEN_PREVIOUSLY 693784
ACTION SNIPPET 1200 1128 SEEN_PREVIOUSLY 678307
ACTION SNIPPET 1200 1128 SEEN_PREVIOUSLY 556808
ACTION SNIPPET 1200 1128 SNIPPET_RELEVANT 285025
ACTION DOC 1200 1148 EXAMINING_DOCUMENT 285025
ACTION SNIPPET 1200 1148 SNIPPET_RELEVANT 52794
ACTION DOC 1200 1168 EXAMINING_DOCUMENT 52794
ACTION MARK 1200 1171 CONSIDERED_RELEVANT 52794
ACTION SNIPPET 1200 1171 SNIPPET_RELEVANT 397147
ACTION DOC 1200 1191 EXAMINING_DOCUMENT 397147
ACTION SNIPPET 1200 1191 SEEN_PREVIOUSLY 32035
ACTION SNIPPET 1200 1191 SNIPPET_RELEVANT 353510
ACTION DOC 1200 1211 EXAMINING_DOCUMENT 353510
INFO SUMMARY 
INFO TOTAL_QUERIES_ISSUED 9
INFO TOTAL_SNIPPETS_EXAMINED 61
INFO TOTAL_DOCUMENTS_EXAMINED 52
INFO TOTAL_DOCUMENTS_MARKED_RELEVANT 12
INFO TOTAL_ATTRACTIVE_SERP_IMPRESSIONS 9
INFO TOTAL_UNATTRACTIVE_SERP_IMPRESSIONS 0
