ACTION START 1200 0 START
ACTION QUERY 1200 10 Women in Parliament
ACTION SERP 1200 15 EXAMINE_SERP
ACTION SNIPPET 1200 15 SNIPPET_RELEVANT 278069
ACTION DOC 1200 35 EXAMINING_DOCUMENT 278069
ACTION MARK 1200 38 CONSIDERED_RELEVANT 278069
ACTION SNIPPET 1200 38 SNIPPET_RELEVANT 1612526
ACTION DOC 1200 58 EXAMINING_DOCUMENT 1612526
ACTION MARK 1200 61 CONSIDERED_RELEVANT 1612526
ACTION SNIPPET 1200 61 SNIPPET_RELEVANT 1419003
ACTION DOC 1200 81 EXAMINING_DOCUMENT 1419003
ACTION SNIPPET 1200 81 SNIPPET_RELEVANT 1669821
ACTION DOC 1200 101 EXAMINING_DOCUMENT 1669821
ACTION MARK 1200 104 CONSIDERED_RELEVANT 1669821
ACTION SNIPPET 1200 104 SNIPPET_RELEVANT 1708799
ACTION DOC 1200 124 EXAMINING_DOCUMENT 1708799
ACTION MARK 1200 127 CONSIDERED_RELEVANT 1708799
ACTION SNIPPET 1200 127 SNIPPET_RELEVANT 885618
ACTION DOC 1200 147 EXAMINING_DOCUMENT 885618
ACTION MARK 1200 150 CONSIDERED_RELEVANT 885618
ACTION QUERY 1200 160 Female Representation
ACTION SERP 1200 165 EXAMINE_SERP
ACTION SNIPPET 1200 165 SNIPPET_RELEVANT 252839
ACTION DOC 1200 185 EXAMINING_DOCUMENT 252839
ACTION SNIPPET 1200 185 SNIPPET_RELEVANT 648698
ACTION DOC 1200 205 EXAMINING_DOCUMENT 648698
ACTION SNIPPET 1200 205 SNIPPET_RELEVANT 1784041
ACTION DOC 1200 225 EXAMINING_DOCUMENT 1784041
ACTION SNIPPET 1200 225 SNIPPET_RELEVANT 1698076
ACTION DOC 1200 245 EXAMINING_DOCUMENT 1698076
ACTION SNIPPET 1200 245 SNIPPET_RELEVANT 91687
ACTION DOC 1200 265 EXAMINING_DOCUMENT 91687
ACTION SNIPPET 1200 265 SNIPPET_RELEVANT 1165383
ACTION DOC 1200 285 EXAMINING_DOCUMENT 1165383
ACTION QUERY 1200 295 Gender Gap Politics
ACTION SERP 1200 300 EXAMINE_SERP
ACTION SNIPPET 1200 300 SNIPPET_RELEVANT 1810429
ACTION DOC 1200 320 EXAMINING_DOCUMENT 1810429
ACTION SNIPPET 1200 320 SNIPPET_RELEVANT 174821
ACTION DOC 1200 340 EXAMINING_DOCUMENT 174821
ACTION SNIPPET 1200 340 SNIPPET_RELEVANT 1188314
ACTION DOC 1200 360 EXAMINING_DOCUMENT 1188314
ACTION SNIPPET 1200 360 SNIPPET_RELEVANT 889071
ACTION DOC 1200 380 EXAMINING_DOCUMENT 889071
ACTION SNIPPET 1200 380 SNIPPET_RELEVANT 878833
ACTION DOC 1200 400 EXAMINING_DOCUMENT 878833
ACTION SNIPPET 1200 400 SNIPPET_RELEVANT 157730
ACTION DOC 1200 420 EXAMINING_DOCUMENT 157730
ACTION QUERY 1200 430 Parliamentary Women
ACTION SERP 1200 435 EXAMINE_SERP
ACTION SNIPPET 1200 435 SEEN_PREVIOUSLY 278069
ACTION SNIPPET 1200 435 SNIPPET_RELEVANT 784875
ACTION DOC 1200 455 EXAMINING_DOCUMENT 784875
ACTION MARK 1200 458 CONSIDERED_RELEVANT 784875
ACTION SNIPPET 1200 458 SNIPPET_RELEVANT 1178895
ACTION DOC 1200 478 EXAMINING_DOCUMENT 1178895
ACTION SNIPPET 1200 478 SNIPPET_RELEVANT 1752293
ACTION DOC 1200 498 EXAMINING_DOCUMENT 1752293
ACTION MARK 1200 501 CONSIDERED_RELEVANT 1752293
ACTION SNIPPET 1200 501 SNIPPET_RELEVANT 1773002
ACTION DOC 1200 521 EXAMINING_DOCUMENT 1773002
ACTION MARK 1200 524 CONSIDERED_RELEVANT 1773002
ACTION SNIPPET 1200 524 SNIPPET_RELEVANT 1435633
ACTION DOC 1200 544 EXAMINING_DOCUMENT 1435633
ACTION MARK 1200 547 CONSIDERED_RELEVANT 1435633
ACTION SNIPPET 1200 547 SNIPPET_RELEVANT 1435632
ACTION DOC 1200 567 EXAMINING_DOCUMENT 1435632
ACTION MARK 1200 570 CONSIDERED_RELEVANT 1435632
ACTION QUERY 1200 580 Politics Women Empowerment
ACTION SERP 1200 585 EXAMINE_SERP
ACTION SNIPPET 1200 585 SNIPPET_RELEVANT 788738
ACTION DOC 1200 605 EXAMINING_DOCUMENT 788738
ACTION MARK 1200 608 CONSIDERED_RELEVANT 788738
ACTION SNIPPET 1200 608 SNIPPET_RELEVANT 851402
ACTION DOC 1200 628 EXAMINING_DOCUMENT 851402
ACTION MARK 1200 631 CONSIDERED_RELEVANT 851402
ACTION SNIPPET 1200 631 SNIPPET_RELEVANT 368590
ACTION DOC 1200 651 EXAMINING_DOCUMENT 368590
ACTION SNIPPET 1200 651 SNIPPET_RELEVANT 570476
ACTION DOC 1200 671 EXAMINING_DOCUMENT 570476
ACTION SNIPPET 1200 671 SNIPPET_RELEVANT 1006396
ACTION DOC 1200 691 EXAMINING_DOCUMENT 1006396
ACTION SNIPPET 1200 691 SNIPPET_RELEVANT 1262629
ACTION DOC 1200 711 EXAMINING_DOCUMENT 1262629
ACTION QUERY 1200 721 Legislature Female Participation
ACTION SERP 1200 726 EXAMINE_SERP
ACTION SNIPPET 1200 726 SNIPPET_RELEVANT 1082582
ACTION DOC 1200 746 EXAMINING_DOCUMENT 1082582
ACTION MARK 1200 749 CONSIDERED_RELEVANT 1082582
ACTION SNIPPET 1200 749 SNIPPET_RELEVANT 582236
ACTION DOC 1200 769 EXAMINING_DOCUMENT 582236
ACTION MARK 1200 772 CONSIDERED_RELEVANT 582236
ACTION SNIPPET 1200 772 SEEN_PREVIOUSLY 784875
ACTION SNIPPET 1200 772 SNIPPET_RELEVANT 1465023
ACTION DOC 1200 792 EXAMINING_DOCUMENT 1465023
ACTION SNIPPET 1200 792 SNIPPET_RELEVANT 1546517
ACTION DOC 1200 812 EXAMINING_DOCUMENT 1546517
ACTION MARK 1200 815 CONSIDERED_RELEVANT 1546517
ACTION SNIPPET 1200 815 SNIPPET_RELEVANT 138857
ACTION DOC 1200 835 EXAMINING_DOCUMENT 138857
ACTION SNIPPET 1200 835 SNIPPET_RELEVANT 426084
ACTION DOC 1200 855 EXAMINING_DOCUMENT 426084
ACTION MARK 1200 858 CONSIDERED_RELEVANT 426084
ACTION QUERY 1200 868 Women Rights Parliament
ACTION SERP 1200 873 EXAMINE_SERP
ACTION SNIPPET 1200 873 SEEN_PREVIOUSLY 1612526
ACTION SNIPPET 1200 873 SEEN_PREVIOUSLY 1669821
ACTION SNIPPET 1200 873 SEEN_PREVIOUSLY 1419003
ACTION SNIPPET 1200 873 SNIPPET_RELEVANT 1221423
ACTION DOC 1200 893 EXAMINING_DOCUMENT 1221423
ACTION MARK 1200 896 CONSIDERED_RELEVANT 1221423
ACTION SNIPPET 1200 896 SNIPPET_RELEVANT 1162537
ACTION DOC 1200 916 EXAMINING_DOCUMENT 1162537
ACTION MARK 1200 919 CONSIDERED_RELEVANT 1162537
ACTION SNIPPET 1200 919 SNIPPET_RELEVANT 1120966
ACTION DOC 1200 939 EXAMINING_DOCUMENT 1120966
ACTION MARK 1200 942 CONSIDERED_RELEVANT 1120966
ACTION SNIPPET 1200 942 SNIPPET_RELEVANT 1673317
ACTION DOC 1200 962 EXAMINING_DOCUMENT 1673317
ACTION MARK 1200 965 CONSIDERED_RELEVANT 1673317
ACTION SNIPPET 1200 965 SEEN_PREVIOUSLY 784875
ACTION SNIPPET 1200 965 SNIPPET_RELEVANT 1772765
ACTION DOC 1200 985 EXAMINING_DOCUMENT 1772765
ACTION MARK 1200 988 CONSIDERED_RELEVANT 1772765
ACTION QUERY 1200 998 Global Women Representation
ACTION SERP 1200 1003 EXAMINE_SERP
ACTION SNIPPET 1200 1003 SNIPPET_RELEVANT 1400414
ACTION DOC 1200 1023 EXAMINING_DOCUMENT 1400414
ACTION MARK 1200 1026 CONSIDERED_RELEVANT 1400414
ACTION SNIPPET 1200 1026 SNIPPET_RELEVANT 799055
ACTION DOC 1200 1046 EXAMINING_DOCUMENT 799055
ACTION SNIPPET 1200 1046 SNIPPET_RELEVANT 798875
ACTION DOC 1200 1066 EXAMINING_DOCUMENT 798875
ACTION SNIPPET 1200 1066 SNIPPET_RELEVANT 1171347
ACTION DOC 1200 1086 EXAMINING_DOCUMENT 1171347
ACTION SNIPPET 1200 1086 SNIPPET_RELEVANT 1178532
ACTION DOC 1200 1106 EXAMINING_DOCUMENT 1178532
ACTION SNIPPET 1200 1106 SNIPPET_RELEVANT 1600139
ACTION DOC 1200 1126 EXAMINING_DOCUMENT 1600139
ACTION QUERY 1200 1136 Third World Women Politics
ACTION SERP 1200 1141 EXAMINE_SERP
ACTION SNIPPET 1200 1141 SNIPPET_RELEVANT 1751025
ACTION DOC 1200 1161 EXAMINING_DOCUMENT 1751025
ACTION MARK 1200 1164 CONSIDERED_RELEVANT 1751025
ACTION SNIPPET 1200 1164 SNIPPET_RELEVANT 116329
ACTION DOC 1200 1184 EXAMINING_DOCUMENT 116329
ACTION SNIPPET 1200 1184 SNIPPET_RELEVANT 1403347
ACTION DOC 1200 1204 EXAMINING_DOCUMENT 1403347
INFO SUMMARY 
INFO TOTAL_QUERIES_ISSUED 9
INFO TOTAL_SNIPPETS_EXAMINED 56
INFO TOTAL_DOCUMENTS_EXAMINED 50
INFO TOTAL_DOCUMENTS_MARKED_RELEVANT 23
INFO TOTAL_ATTRACTIVE_SERP_IMPRESSIONS 9
INFO TOTAL_UNATTRACTIVE_SERP_IMPRESSIONS 0
