ACTION START 1200 0 START
ACTION QUERY 1200 10 oceanographic research vessels
ACTION SERP 1200 15 EXAMINE_SERP
ACTION SNIPPET 1200 15 SNIPPET_RELEVANT 660630
ACTION DOC 1200 35 EXAMINING_DOCUMENT 660630
ACTION MARK 1200 38 CONSIDERED_RELEVANT 660630
ACTION SNIPPET 1200 38 SNIPPET_RELEVANT 89039
ACTION DOC 1200 58 EXAMINING_DOCUMENT 89039
ACTION MARK 1200 61 CONSIDERED_RELEVANT 89039
ACTION SNIPPET 1200 61 SNIPPET_RELEVANT 24141
ACTION DOC 1200 81 EXAMINING_DOCUMENT 24141
ACTION MARK 1200 84 CONSIDERED_RELEVANT 24141
ACTION SNIPPET 1200 84 SNIPPET_RELEVANT 219569
ACTION DOC 1200 104 EXAMINING_DOCUMENT 219569
ACTION SNIPPET 1200 104 SNIPPET_RELEVANT 171292
ACTION DOC 1200 124 EXAMINING_DOCUMENT 171292
ACTION MARK 1200 127 CONSIDERED_RELEVANT 171292
ACTION SNIPPET 1200 127 SNIPPET_RELEVANT 529662
ACTION DOC 1200 147 EXAMINING_DOCUMENT 529662
ACTION MARK 1200 150 CONSIDERED_RELEVANT 529662
ACTION QUERY 1200 160 oceanographic vessel equipment
ACTION SERP 1200 165 EXAMINE_SERP
ACTION SNIPPET 1200 165 SEEN_PREVIOUSLY 660630
ACTION SNIPPET 1200 165 SEEN_PREVIOUSLY 529662
ACTION SNIPPET 1200 165 SEEN_PREVIOUSLY 89039
ACTION SNIPPET 1200 165 SEEN_PREVIOUSLY 171292
ACTION SNIPPET 1200 165 SNIPPET_RELEVANT 137558
ACTION DOC 1200 185 EXAMINING_DOCUMENT 137558
ACTION MARK 1200 188 CONSIDERED_RELEVANT 137558
ACTION SNIPPET 1200 188 SNIPPET_RELEVANT 344608
ACTION DOC 1200 208 EXAMINING_DOCUMENT 344608
ACTION SNIPPET 1200 208 SNIPPET_RELEVANT 382324
ACTION DOC 1200 228 EXAMINING_DOCUMENT 382324
ACTION SNIPPET 1200 228 SEEN_PREVIOUSLY 24141
ACTION SNIPPET 1200 228 SNIPPET_RELEVANT 1127471
ACTION DOC 1200 248 EXAMINING_DOCUMENT 1127471
ACTION MARK 1200 251 CONSIDERED_RELEVANT 1127471
ACTION SNIPPET 1200 251 SEEN_PREVIOUSLY 219569
ACTION SNIPPET 1200 251 SNIPPET_RELEVANT 572636
ACTION DOC 1200 271 EXAMINING_DOCUMENT 572636
ACTION SNIPPET 1200 271 SNIPPET_RELEVANT 1564015
ACTION DOC 1200 291 EXAMINING_DOCUMENT 1564015
ACTION MARK 1200 294 CONSIDERED_RELEVANT 1564015
ACTION QUERY 1200 304 deep sea mapping equipment
ACTION SERP 1200 309 EXAMINE_SERP
ACTION SNIPPET 1200 309 SNIPPET_RELEVANT 1496241
ACTION DOC 1200 329 EXAMINING_DOCUMENT 1496241
ACTION MARK 1200 332 CONSIDERED_RELEVANT 1496241
ACTION SNIPPET 1200 332 SNIPPET_RELEVANT 802812
ACTION DOC 1200 352 EXAMINING_DOCUMENT 802812
ACTION MARK 1200 355 CONSIDERED_RELEVANT 802812
ACTION SNIPPET 1200 355 SNIPPET_RELEVANT 671873
ACTION DOC 1200 375 EXAMINING_DOCUMENT 671873
ACTION MARK 1200 378 CONSIDERED_RELEVANT 671873
ACTION SNIPPET 1200 378 SNIPPET_RELEVANT 1374845
ACTION DOC 1200 398 EXAMINING_DOCUMENT 1374845
ACTION SNIPPET 1200 398 SNIPPET_RELEVANT 1138910
ACTION DOC 1200 418 EXAMINING_DOCUMENT 1138910
ACTION SNIPPET 1200 418 SNIPPET_RELEVANT 824816
ACTION DOC 1200 438 EXAMINING_DOCUMENT 824816
ACTION MARK 1200 441 CONSIDERED_RELEVANT 824816
ACTION QUERY 1200 451 marine environmental monitoring ships
ACTION SERP 1200 456 EXAMINE_SERP
ACTION SNIPPET 1200 456 SNIPPET_RELEVANT 1240634
ACTION DOC 1200 476 EXAMINING_DOCUMENT 1240634
ACTION MARK 1200 479 CONSIDERED_RELEVANT 1240634
ACTION SNIPPET 1200 479 SNIPPET_RELEVANT 1186086
ACTION DOC 1200 499 EXAMINING_DOCUMENT 1186086
ACTION SNIPPET 1200 499 SNIPPET_RELEVANT 1182035
ACTION DOC 1200 519 EXAMINING_DOCUMENT 1182035
ACTION SNIPPET 1200 519 SNIPPET_RELEVANT 1307515
ACTION DOC 1200 539 EXAMINING_DOCUMENT 1307515
ACTION SNIPPET 1200 539 SNIPPET_RELEVANT 527564
ACTION DOC 1200 559 EXAMINING_DOCUMENT 527564
ACTION MARK 1200 562 CONSIDERED_RELEVANT 527564
ACTION SNIPPET 1200 562 SNIPPET_RELEVANT 42455
ACTION DOC 1200 582 EXAMINING_DOCUMENT 42455
ACTION MARK 1200 585 CONSIDERED_RELEVANT 42455
ACTION QUERY 1200 595 deep sea research ships
ACTION SERP 1200 600 EXAMINE_SERP
ACTION SNIPPET 1200 600 SNIPPET_RELEVANT 279254
ACTION DOC 1200 620 EXAMINING_DOCUMENT 279254
ACTION MARK 1200 623 CONSIDERED_RELEVANT 279254
ACTION SNIPPET 1200 623 SNIPPET_RELEVANT 1507659
ACTION DOC 1200 643 EXAMINING_DOCUMENT 1507659
ACTION MARK 1200 646 CONSIDERED_RELEVANT 1507659
ACTION SNIPPET 1200 646 SNIPPET_RELEVANT 947404
ACTION DOC 1200 666 EXAMINING_DOCUMENT 947404
ACTION MARK 1200 669 CONSIDERED_RELEVANT 947404
ACTION SNIPPET 1200 669 SNIPPET_RELEVANT 241193
ACTION DOC 1200 689 EXAMINING_DOCUMENT 241193
ACTION MARK 1200 692 CONSIDERED_RELEVANT 241193
ACTION SNIPPET 1200 692 SNIPPET_RELEVANT 59321
ACTION DOC 1200 712 EXAMINING_DOCUMENT 59321
ACTION MARK 1200 715 CONSIDERED_RELEVANT 59321
ACTION QUERY 1200 725 oceanographic research ships
ACTION SERP 1200 730 EXAMINE_SERP
ACTION SNIPPET 1200 730 SEEN_PREVIOUSLY 89039
ACTION SNIPPET 1200 730 SEEN_PREVIOUSLY 660630
ACTION SNIPPET 1200 730 SNIPPET_RELEVANT 59192
ACTION DOC 1200 750 EXAMINING_DOCUMENT 59192
ACTION MARK 1200 753 CONSIDERED_RELEVANT 59192
ACTION SNIPPET 1200 753 SEEN_PREVIOUSLY 171292
ACTION SNIPPET 1200 753 SEEN_PREVIOUSLY 529662
ACTION SNIPPET 1200 753 SEEN_PREVIOUSLY 137558
ACTION SNIPPET 1200 753 SEEN_PREVIOUSLY 279254
ACTION SNIPPET 1200 753 SNIPPET_RELEVANT 822258
ACTION DOC 1200 773 EXAMINING_DOCUMENT 822258
ACTION MARK 1200 776 CONSIDERED_RELEVANT 822258
ACTION SNIPPET 1200 776 SNIPPET_RELEVANT 779635
ACTION DOC 1200 796 EXAMINING_DOCUMENT 779635
ACTION MARK 1200 799 CONSIDERED_RELEVANT 779635
ACTION SNIPPET 1200 799 SNIPPET_RELEVANT 1426960
ACTION DOC 1200 819 EXAMINING_DOCUMENT 1426960
ACTION MARK 1200 822 CONSIDERED_RELEVANT 1426960
ACTION SNIPPET 1200 822 SNIPPET_RELEVANT 1599780
ACTION DOC 1200 842 EXAMINING_DOCUMENT 1599780
ACTION MARK 1200 845 CONSIDERED_RELEVANT 1599780
ACTION QUERY 1200 855 marine research ships
ACTION SERP 1200 860 EXAMINE_SERP
ACTION SNIPPET 1200 860 SEEN_PREVIOUSLY 171292
ACTION SNIPPET 1200 860 SNIPPET_RELEVANT 1270044
ACTION DOC 1200 880 EXAMINING_DOCUMENT 1270044
ACTION SNIPPET 1200 880 SNIPPET_RELEVANT 1772808
ACTION DOC 1200 900 EXAMINING_DOCUMENT 1772808
ACTION MARK 1200 903 CONSIDERED_RELEVANT 1772808
ACTION SNIPPET 1200 903 SEEN_PREVIOUSLY 822258
ACTION SNIPPET 1200 903 SEEN_PREVIOUSLY 42455
ACTION SNIPPET 1200 903 SNIPPET_RELEVANT 283156
ACTION DOC 1200 923 EXAMINING_DOCUMENT 283156
ACTION SNIPPET 1200 923 SNIPPET_RELEVANT 1460071
ACTION DOC 1200 943 EXAMINING_DOCUMENT 1460071
ACTION MARK 1200 946 CONSIDERED_RELEVANT 1460071
ACTION SNIPPET 1200 946 SNIPPET_RELEVANT 935465
ACTION DOC 1200 966 EXAMINING_DOCUMENT 935465
ACTION SNIPPET 1200 966 SNIPPET_RELEVANT 1665769
ACTION DOC 1200 986 EXAMINING_DOCUMENT 1665769
ACTION QUERY 1200 996 deep sea mapping vessels
ACTION SERP 1200 1001 EXAMINE_SERP
ACTION SNIPPET 1200 1001 SEEN_PREVIOUSLY 1374845
ACTION SNIPPET 1200 1001 SEEN_PREVIOUSLY 241193
ACTION SNIPPET 1200 1001 SEEN_PREVIOUSLY 671873
ACTION SNIPPET 1200 1001 SEEN_PREVIOUSLY 171292
ACTION SNIPPET 1200 1001 SNIPPET_RELEVANT 92862
ACTION DOC 1200 1021 EXAMINING_DOCUMENT 92862
ACTION MARK 1200 1024 CONSIDERED_RELEVANT 92862
ACTION SNIPPET 1200 1024 SNIPPET_RELEVANT 691175
ACTION DOC 1200 1044 EXAMINING_DOCUMENT 691175
ACTION SNIPPET 1200 1044 SEEN_PREVIOUSLY 1496241
ACTION SNIPPET 1200 1044 SNIPPET_RELEVANT 414767
ACTION DOC 1200 1064 EXAMINING_DOCUMENT 414767
ACTION SNIPPET 1200 1064 SNIPPET_RELEVANT 174334
ACTION DOC 1200 1084 EXAMINING_DOCUMENT 174334
ACTION SNIPPET 1200 1084 SEEN_PREVIOUSLY 1138910
ACTION SNIPPET 1200 1084 SNIPPET_RELEVANT 65863
ACTION DOC 1200 1104 EXAMINING_DOCUMENT 65863
ACTION MARK 1200 1107 CONSIDERED_RELEVANT 65863
ACTION SNIPPET 1200 1107 SNIPPET_RELEVANT 491348
ACTION DOC 1200 1127 EXAMINING_DOCUMENT 491348
ACTION MARK 1200 1130 CONSIDERED_RELEVANT 491348
ACTION QUERY 1200 1140 deep sea exploration vehicles
ACTION SERP 1200 1145 EXAMINE_SERP
ACTION SNIPPET 1200 1145 SNIPPET_RELEVANT 1184858
ACTION DOC 1200 1165 EXAMINING_DOCUMENT 1184858
ACTION MARK 1200 1168 CONSIDERED_RELEVANT 1184858
ACTION SNIPPET 1200 1168 SNIPPET_RELEVANT 1534889
ACTION DOC 1200 1188 EXAMINING_DOCUMENT 1534889
ACTION MARK 1200 1191 CONSIDERED_RELEVANT 1534889
ACTION SNIPPET 1200 1191 SEEN_PREVIOUSLY 671873
ACTION SNIPPET 1200 1191 SNIPPET_RELEVANT 1602180
ACTION DOC 1200 1211 EXAMINING_DOCUMENT 1602180
INFO SUMMARY 
INFO TOTAL_QUERIES_ISSUED 9
INFO TOTAL_SNIPPETS_EXAMINED 71
INFO TOTAL_DOCUMENTS_EXAMINED 49
INFO TOTAL_DOCUMENTS_MARKED_RELEVANT 33
INFO TOTAL_ATTRACTIVE_SERP_IMPRESSIONS 9
INFO TOTAL_UNATTRACTIVE_SERP_IMPRESSIONS 0
